<?xml version="1.0" encoding="UTF-8"?>
<testsuites name="CRITICAL PATH - 09-05-2019" time="1283" tests="6" failures="6" errors="0">
   <testsuite name="CRITICAL PATH - 09-05-2019" tests="6" failures="6" errors="0" time="1283" timestamp="2019-05-09 14:50:40" hostname="sumankompelly - 10.0.126.233" id="Test Suites/OCS-09-05-2019 - Theme2/CRITICAL PATH - 09-05-2019">
      <properties>
         <property name="deviceName" value=""/>
         <property name="devicePlatform" value=""/>
         <property name="logFolder" value="/Users/sumankompelly/git/Sample-OCS/Reports/OCS-09-05-2019 - Theme2/CRITICAL PATH - 09-05-2019/20190509_145038"/>
         <property name="logFiles" value="/Users/sumankompelly/git/Sample-OCS/Reports/OCS-09-05-2019 - Theme2/CRITICAL PATH - 09-05-2019/20190509_145038/execution0.log"/>
         <property name="attachments" value="/Users/sumankompelly/git/Sample-OCS/Reports/OCS-09-05-2019 - Theme2/CRITICAL PATH - 09-05-2019/20190509_145038/1557428178740.png, /Users/sumankompelly/git/Sample-OCS/Reports/OCS-09-05-2019 - Theme2/CRITICAL PATH - 09-05-2019/20190509_145038/1557428265634.png, /Users/sumankompelly/git/Sample-OCS/Reports/OCS-09-05-2019 - Theme2/CRITICAL PATH - 09-05-2019/20190509_145038/1557428356776.png, /Users/sumankompelly/git/Sample-OCS/Reports/OCS-09-05-2019 - Theme2/CRITICAL PATH - 09-05-2019/20190509_145038/1557428416265.png, /Users/sumankompelly/git/Sample-OCS/Reports/OCS-09-05-2019 - Theme2/CRITICAL PATH - 09-05-2019/20190509_145038/1557428623842.png, /Users/sumankompelly/git/Sample-OCS/Reports/OCS-09-05-2019 - Theme2/CRITICAL PATH - 09-05-2019/20190509_145038/1557429119823.png"/>
         <property name="hostName" value="sumankompelly - 10.0.126.233"/>
         <property name="os" value="Mac OS X 64bit"/>
         <property name="katalonVersion" value="5.10.1.1"/>
         <property name="browser" value="Firefox 65.0"/>
         <property name="hostAddress" value="10.0.126.233"/>
         <property name="sessionId" value="042e06ffbd3319eec31dd2781fa48be3b403420f"/>
         <property name="seleniumVersion" value="3.7.1"/>
         <property name="proxyInformation" value="ProxyInformation{proxyOption=NO_PROXY, proxyServerType=HTTP, password=, proxyServerAddress=, proxyServerPort=0}"/>
         <property name="platform" value="Mac OS X"/>
      </properties>
      <testcase name="Test Cases/OCS- CRITICAL PATH/Cart" classname="Test Cases/OCS- CRITICAL PATH/Cart" status="PASSED">
         <system-out><![CDATA[2019-05-09 14:50:40 - [TEST_CASE][PASSED] - Test Cases/OCS- CRITICAL PATH/Cart: Test Cases/OCS- CRITICAL PATH/Cart

2019-05-09 14:50:41 - [TEST_STEP][PASSED] - openBrowser(""): Browser is opened with url: ''

2019-05-09 14:50:41 - [MESSAGE][INFO] - Starting 'Remote' driver

2019-05-09 14:50:41 - [MESSAGE][INFO] - User set preference: ['os', 'windows']

2019-05-09 14:50:41 - [MESSAGE][INFO] - User set preference: ['os_version', '10']

2019-05-09 14:50:41 - [MESSAGE][INFO] - User set preference: ['browser', 'Firefox']

2019-05-09 14:50:41 - [MESSAGE][INFO] - User set preference: ['browser_version', '65']

2019-05-09 14:50:41 - [MESSAGE][INFO] - User set preference: ['resolution', '1280x800']

2019-05-09 14:50:41 - [MESSAGE][INFO] - Connecting to remote web server 'https://dianatest3:Z3oqw9ysqTeRQJq5wFCp@hub-cloud.browserstack.com/wd/hub' with type 'Selenium'

2019-05-09 14:50:41 - [MESSAGE][INFO] - Action delay is set to 0 seconds

2019-05-09 14:50:51 - [MESSAGE][PASSED] - Browser is opened with url: ''

2019-05-09 14:50:51 - [TEST_STEP][PASSED] - navigateToUrl("https://ocs.ca/?fts=0&preview_theme_id=53373863756"): Navigate to 'https://ocs.ca/?fts=0&preview_theme_id=53373863756' successfully

2019-05-09 14:50:58 - [MESSAGE][PASSED] - Navigate to 'https://ocs.ca/?fts=0&preview_theme_id=53373863756' successfully

2019-05-09 14:50:58 - [TEST_STEP][PASSED] - click(findTestObject("Object Repository/Theme_oR/Page_Ontario Cannabis Store  Ontari/button_Close preview")): Object: 'Object Repository/Theme_oR/Page_Ontario Cannabis Store  Ontari/button_Close preview' is clicked on

2019-05-09 14:51:01 - [MESSAGE][PASSED] - Object: 'Object Repository/Theme_oR/Page_Ontario Cannabis Store  Ontari/button_Close preview' is clicked on

2019-05-09 14:51:01 - [TEST_STEP][PASSED] - maximizeWindow(): Current window maximized

2019-05-09 14:51:03 - [MESSAGE][PASSED] - Current window maximized

2019-05-09 14:51:03 - [TEST_STEP][PASSED] - selectOptionByValue(findTestObject("OCS_CRITICAL PATH/cart flyout- price/Page_Ontario Cannabis Store  Ontari/select_Select01020304050607080"), "17", true): All options with value '17' are selected in object 'Object Repository/OCS_CRITICAL PATH/cart flyout- price/Page_Ontario Cannabis Store  Ontari/select_Select01020304050607080'  using regular expression

2019-05-09 14:51:13 - [MESSAGE][PASSED] - All options with value '17' are selected in object 'Object Repository/OCS_CRITICAL PATH/cart flyout- price/Page_Ontario Cannabis Store  Ontari/select_Select01020304050607080'  using regular expression

2019-05-09 14:51:13 - [TEST_STEP][PASSED] - selectOptionByValue(findTestObject("OCS_CRITICAL PATH/cart flyout- price/Page_Ontario Cannabis Store  Ontari/select_SelectJanuary - 01Febru"), "8", true): All options with value '8' are selected in object 'Object Repository/OCS_CRITICAL PATH/cart flyout- price/Page_Ontario Cannabis Store  Ontari/select_SelectJanuary - 01Febru'  using regular expression

2019-05-09 14:51:20 - [MESSAGE][PASSED] - All options with value '8' are selected in object 'Object Repository/OCS_CRITICAL PATH/cart flyout- price/Page_Ontario Cannabis Store  Ontari/select_SelectJanuary - 01Febru'  using regular expression

2019-05-09 14:51:20 - [TEST_STEP][PASSED] - selectOptionByValue(findTestObject("OCS_CRITICAL PATH/cart flyout- price/Page_Ontario Cannabis Store  Ontari/select_Select20182017201620152"), "1950", true): All options with value '1950' are selected in object 'Object Repository/OCS_CRITICAL PATH/cart flyout- price/Page_Ontario Cannabis Store  Ontari/select_Select20182017201620152'  using regular expression

2019-05-09 14:51:52 - [MESSAGE][PASSED] - All options with value '1950' are selected in object 'Object Repository/OCS_CRITICAL PATH/cart flyout- price/Page_Ontario Cannabis Store  Ontari/select_Select20182017201620152'  using regular expression

2019-05-09 14:51:52 - [TEST_STEP][PASSED] - click(findTestObject("OCS_CRITICAL PATH/cart flyout- price/Page_Ontario Cannabis Store  Ontari/button_Verify")): Object: 'Object Repository/OCS_CRITICAL PATH/cart flyout- price/Page_Ontario Cannabis Store  Ontari/button_Verify' is clicked on

2019-05-09 14:51:52 - [MESSAGE][PASSED] - Object: 'Object Repository/OCS_CRITICAL PATH/cart flyout- price/Page_Ontario Cannabis Store  Ontari/button_Verify' is clicked on

2019-05-09 14:51:52 - [TEST_STEP][PASSED] - click(findTestObject("OCS_CRITICAL PATH/cart flyout- price/Page_Ontario Cannabis Store  Ontari/span_CONFIRM AND ACKNOWLEDGE_c")): Object: 'Object Repository/OCS_CRITICAL PATH/cart flyout- price/Page_Ontario Cannabis Store  Ontari/span_CONFIRM AND ACKNOWLEDGE_c' is clicked on

2019-05-09 14:51:53 - [MESSAGE][PASSED] - Object: 'Object Repository/OCS_CRITICAL PATH/cart flyout- price/Page_Ontario Cannabis Store  Ontari/span_CONFIRM AND ACKNOWLEDGE_c' is clicked on

2019-05-09 14:51:53 - [TEST_STEP][PASSED] - click(findTestObject("OCS_CRITICAL PATH/cart flyout- price/Page_Ontario Cannabis Store  Ontari/button_CONFIRM")): Object: 'Object Repository/OCS_CRITICAL PATH/cart flyout- price/Page_Ontario Cannabis Store  Ontari/button_CONFIRM' is clicked on

2019-05-09 14:51:54 - [MESSAGE][PASSED] - Object: 'Object Repository/OCS_CRITICAL PATH/cart flyout- price/Page_Ontario Cannabis Store  Ontari/button_CONFIRM' is clicked on

2019-05-09 14:51:54 - [TEST_STEP][PASSED] - click(findTestObject("OCS_CRITICAL PATH/cart flyout- price/Page_Ontario Cannabis Store  Ontari/button_Start Browsing")): Object: 'Object Repository/OCS_CRITICAL PATH/cart flyout- price/Page_Ontario Cannabis Store  Ontari/button_Start Browsing' is clicked on

2019-05-09 14:51:56 - [MESSAGE][PASSED] - Object: 'Object Repository/OCS_CRITICAL PATH/cart flyout- price/Page_Ontario Cannabis Store  Ontari/button_Start Browsing' is clicked on

2019-05-09 14:51:56 - [TEST_STEP][PASSED] - delay(3): Delayed 3 second(s)

2019-05-09 14:51:59 - [MESSAGE][PASSED] - Delayed 3 second(s)

2019-05-09 14:51:59 - [TEST_STEP][PASSED] - mouseOver(findTestObject("OCS_CRITICAL PATH/cart flyout- price/Page_Ontario Cannabis Store  Ontari/h3_Cannabis")): Object: 'Object Repository/OCS_CRITICAL PATH/cart flyout- price/Page_Ontario Cannabis Store  Ontari/h3_Cannabis' is hovered

2019-05-09 14:51:59 - [MESSAGE][PASSED] - Object: 'Object Repository/OCS_CRITICAL PATH/cart flyout- price/Page_Ontario Cannabis Store  Ontari/h3_Cannabis' is hovered

2019-05-09 14:51:59 - [TEST_STEP][PASSED] - delay(3): Delayed 3 second(s)

2019-05-09 14:52:02 - [MESSAGE][PASSED] - Delayed 3 second(s)

2019-05-09 14:52:02 - [TEST_STEP][PASSED] - click(findTestObject("OCS_CRITICAL PATH/cart flyout- price/Page_Ontario Cannabis Store  Ontari/span_Indica Dominant")): Object: 'Object Repository/OCS_CRITICAL PATH/cart flyout- price/Page_Ontario Cannabis Store  Ontari/span_Indica Dominant' is clicked on

2019-05-09 14:52:07 - [MESSAGE][PASSED] - Object: 'Object Repository/OCS_CRITICAL PATH/cart flyout- price/Page_Ontario Cannabis Store  Ontari/span_Indica Dominant' is clicked on

2019-05-09 14:52:07 - [TEST_STEP][PASSED] - delay(3): Delayed 3 second(s)

2019-05-09 14:52:10 - [MESSAGE][PASSED] - Delayed 3 second(s)

2019-05-09 14:52:10 - [TEST_STEP][PASSED] - click(findTestObject("OCS_CRITICAL PATH/cart flyout- price/Page_Indica Dominant Dried Flower/h3_Shishkaberry")): Object: 'Object Repository/OCS_CRITICAL PATH/cart flyout- price/Page_Indica Dominant Dried Flower/h3_Shishkaberry' is clicked on

2019-05-09 14:52:16 - [MESSAGE][PASSED] - Object: 'Object Repository/OCS_CRITICAL PATH/cart flyout- price/Page_Indica Dominant Dried Flower/h3_Shishkaberry' is clicked on

2019-05-09 14:52:16 - [TEST_STEP][PASSED] - delay(3): Delayed 3 second(s)

2019-05-09 14:52:19 - [MESSAGE][PASSED] - Delayed 3 second(s)

2019-05-09 14:52:19 - [TEST_STEP][PASSED] - click(findTestObject("OCS_CRITICAL PATH/cart flyout- price/Page_Shishkaberry  Ontario Cannabis/label_1g")): Object: 'Object Repository/OCS_CRITICAL PATH/cart flyout- price/Page_Shishkaberry  Ontario Cannabis/label_1g' is clicked on

2019-05-09 14:52:20 - [MESSAGE][PASSED] - Object: 'Object Repository/OCS_CRITICAL PATH/cart flyout- price/Page_Shishkaberry  Ontario Cannabis/label_1g' is clicked on

2019-05-09 14:52:20 - [TEST_STEP][PASSED] - delay(3): Delayed 3 second(s)

2019-05-09 14:52:23 - [MESSAGE][PASSED] - Delayed 3 second(s)

2019-05-09 14:52:23 - [TEST_STEP][PASSED] - click(findTestObject("OCS_CRITICAL PATH/cart flyout- price/Page_Shishkaberry  Ontario Cannabis/button_Add to Bag9.75")): Object: 'Object Repository/OCS_CRITICAL PATH/cart flyout- price/Page_Shishkaberry  Ontario Cannabis/button_Add to Bag9.75' is clicked on

2019-05-09 14:52:24 - [MESSAGE][PASSED] - Object: 'Object Repository/OCS_CRITICAL PATH/cart flyout- price/Page_Shishkaberry  Ontario Cannabis/button_Add to Bag9.75' is clicked on

2019-05-09 14:52:24 - [TEST_STEP][PASSED] - delay(2): Delayed 2 second(s)

2019-05-09 14:52:26 - [MESSAGE][PASSED] - Delayed 2 second(s)

2019-05-09 14:52:26 - [TEST_STEP][PASSED] - click(findTestObject("OCS_CRITICAL PATH/cart flyout- price/Page_Shishkaberry  Ontario Cannabis/i_9.75_icon icon--back js-clos")): Object: 'Object Repository/OCS_CRITICAL PATH/cart flyout- price/Page_Shishkaberry  Ontario Cannabis/i_9.75_icon icon--back js-clos' is clicked on

2019-05-09 14:52:26 - [MESSAGE][PASSED] - Object: 'Object Repository/OCS_CRITICAL PATH/cart flyout- price/Page_Shishkaberry  Ontario Cannabis/i_9.75_icon icon--back js-clos' is clicked on

2019-05-09 14:52:26 - [TEST_STEP][PASSED] - delay(3): Delayed 3 second(s)

2019-05-09 14:52:29 - [MESSAGE][PASSED] - Delayed 3 second(s)

2019-05-09 14:52:29 - [TEST_STEP][PASSED] - click(findTestObject("OCS_CRITICAL PATH/cart flyout- price/Page_Shishkaberry  Ontario Cannabis/label_3.5g")): Object: 'Object Repository/OCS_CRITICAL PATH/cart flyout- price/Page_Shishkaberry  Ontario Cannabis/label_3.5g' is clicked on

2019-05-09 14:52:30 - [MESSAGE][PASSED] - Object: 'Object Repository/OCS_CRITICAL PATH/cart flyout- price/Page_Shishkaberry  Ontario Cannabis/label_3.5g' is clicked on

2019-05-09 14:52:30 - [TEST_STEP][PASSED] - delay(2): Delayed 2 second(s)

2019-05-09 14:52:32 - [MESSAGE][PASSED] - Delayed 2 second(s)

2019-05-09 14:52:32 - [TEST_STEP][PASSED] - click(findTestObject("OCS_CRITICAL PATH/cart flyout- price/Page_Shishkaberry  Ontario Cannabis/button_Add to Bag32.40")): Object: 'Object Repository/OCS_CRITICAL PATH/cart flyout- price/Page_Shishkaberry  Ontario Cannabis/button_Add to Bag32.40' is clicked on

2019-05-09 14:52:33 - [MESSAGE][PASSED] - Object: 'Object Repository/OCS_CRITICAL PATH/cart flyout- price/Page_Shishkaberry  Ontario Cannabis/button_Add to Bag32.40' is clicked on

2019-05-09 14:52:33 - [TEST_STEP][PASSED] - delay(2): Delayed 2 second(s)

2019-05-09 14:52:35 - [MESSAGE][PASSED] - Delayed 2 second(s)

2019-05-09 14:52:35 - [TEST_STEP][PASSED] - click(findTestObject("OCS_CRITICAL PATH/cartpage- decrease qty _OR/Page_Shishkaberry  Ontario Cannabis/span_concat(I confirm that I")): Object: 'Object Repository/OCS_CRITICAL PATH/cartpage- decrease qty _OR/Page_Shishkaberry  Ontario Cannabis/span_concat(I confirm that I' is clicked on

2019-05-09 14:52:36 - [MESSAGE][PASSED] - Object: 'Object Repository/OCS_CRITICAL PATH/cartpage- decrease qty _OR/Page_Shishkaberry  Ontario Cannabis/span_concat(I confirm that I' is clicked on

2019-05-09 14:52:36 - [TEST_STEP][PASSED] - click(findTestObject("OCS_CRITICAL PATH/cartpage- decrease qty _OR/Page_Shishkaberry  Ontario Cannabis/span_Accept the_checkbox")): Object: 'Object Repository/OCS_CRITICAL PATH/cartpage- decrease qty _OR/Page_Shishkaberry  Ontario Cannabis/span_Accept the_checkbox' is clicked on

2019-05-09 14:52:37 - [MESSAGE][PASSED] - Object: 'Object Repository/OCS_CRITICAL PATH/cartpage- decrease qty _OR/Page_Shishkaberry  Ontario Cannabis/span_Accept the_checkbox' is clicked on

2019-05-09 14:52:37 - [TEST_STEP][PASSED] - delay(3): Delayed 3 second(s)

2019-05-09 14:52:40 - [MESSAGE][PASSED] - Delayed 3 second(s)

2019-05-09 14:52:40 - [TEST_STEP][PASSED] - click(findTestObject("OCS_CRITICAL PATH/cartpage- decrease qty _OR/Page_Shishkaberry  Ontario Cannabis/a_Checkout")): Object: 'Object Repository/OCS_CRITICAL PATH/cartpage- decrease qty _OR/Page_Shishkaberry  Ontario Cannabis/a_Checkout' is clicked on

2019-05-09 14:52:43 - [MESSAGE][PASSED] - Object: 'Object Repository/OCS_CRITICAL PATH/cartpage- decrease qty _OR/Page_Shishkaberry  Ontario Cannabis/a_Checkout' is clicked on

2019-05-09 14:52:43 - [TEST_STEP][PASSED] - click(findTestObject("OCS_CRITICAL PATH/cartpage- decrease qty _OR/Page_Ontario Cannabis Store - Infor/a_Cart")): Object: 'Object Repository/OCS_CRITICAL PATH/cartpage- decrease qty _OR/Page_Ontario Cannabis Store - Infor/a_Cart' is clicked on

2019-05-09 14:52:47 - [MESSAGE][PASSED] - Object: 'Object Repository/OCS_CRITICAL PATH/cartpage- decrease qty _OR/Page_Ontario Cannabis Store - Infor/a_Cart' is clicked on

2019-05-09 14:52:47 - [TEST_STEP][PASSED] - a = getText(findTestObject("OCS_CRITICAL PATH/cart flyout- price/Page_Your Shopping Cart  Ontario Ca/span_9.75")): Text of object 'Object Repository/OCS_CRITICAL PATH/cart flyout- price/Page_Your Shopping Cart  Ontario Ca/span_9.75' is: '$9.75'

2019-05-09 14:52:47 - [MESSAGE][PASSED] - Text of object 'Object Repository/OCS_CRITICAL PATH/cart flyout- price/Page_Your Shopping Cart  Ontario Ca/span_9.75' is: '$9.75'

2019-05-09 14:52:47 - [TEST_STEP][PASSED] - comment(a): $9.75

2019-05-09 14:52:47 - [MESSAGE][INFO] - $9.75

2019-05-09 14:52:47 - [TEST_STEP][PASSED] - a1 = a.substring(1): null

2019-05-09 14:52:47 - [TEST_STEP][PASSED] - comment("a1 = " + a1): a1 = 9.75

2019-05-09 14:52:47 - [MESSAGE][INFO] - a1 = 9.75

2019-05-09 14:52:47 - [TEST_STEP][PASSED] - delay(2): Delayed 2 second(s)

2019-05-09 14:52:49 - [MESSAGE][PASSED] - Delayed 2 second(s)

2019-05-09 14:52:49 - [TEST_STEP][PASSED] - b = getText(findTestObject("OCS_CRITICAL PATH/cart flyout- price/Page_Your Shopping Cart  Ontario Ca/span_32.40")): Text of object 'Object Repository/OCS_CRITICAL PATH/cart flyout- price/Page_Your Shopping Cart  Ontario Ca/span_32.40' is: '$32.40'

2019-05-09 14:52:49 - [MESSAGE][PASSED] - Text of object 'Object Repository/OCS_CRITICAL PATH/cart flyout- price/Page_Your Shopping Cart  Ontario Ca/span_32.40' is: '$32.40'

2019-05-09 14:52:49 - [TEST_STEP][PASSED] - comment(b): $32.40

2019-05-09 14:52:49 - [MESSAGE][INFO] - $32.40

2019-05-09 14:52:49 - [TEST_STEP][PASSED] - a2 = b.substring(1): null

2019-05-09 14:52:49 - [TEST_STEP][PASSED] - comment("a2 = " + a2): a2 = 32.40

2019-05-09 14:52:49 - [MESSAGE][INFO] - a2 = 32.40

2019-05-09 14:52:49 - [TEST_STEP][PASSED] - c = getText(findTestObject("OCS_CRITICAL PATH/cart flyout- price/Page_Your Shopping Cart  Ontario Ca/p_42.15")): Text of object 'Object Repository/OCS_CRITICAL PATH/cart flyout- price/Page_Your Shopping Cart  Ontario Ca/p_42.15' is: '$42.15'

2019-05-09 14:52:50 - [MESSAGE][PASSED] - Text of object 'Object Repository/OCS_CRITICAL PATH/cart flyout- price/Page_Your Shopping Cart  Ontario Ca/p_42.15' is: '$42.15'

2019-05-09 14:52:50 - [TEST_STEP][PASSED] - comment(c): $42.15

2019-05-09 14:52:50 - [MESSAGE][INFO] - $42.15

2019-05-09 14:52:50 - [TEST_STEP][PASSED] - a3 = c.substring(1): null

2019-05-09 14:52:50 - [TEST_STEP][PASSED] - comment("a3 = " + a3): a3 = 42.15

2019-05-09 14:52:50 - [MESSAGE][INFO] - a3 = 42.15

2019-05-09 14:52:50 - [TEST_STEP][PASSED] - p2 = <not implemented yet for class: org.codehaus.groovy.ast.expr.EmptyExpression>: null

2019-05-09 14:52:50 - [TEST_STEP][PASSED] - p3 = <not implemented yet for class: org.codehaus.groovy.ast.expr.EmptyExpression>: null

2019-05-09 14:52:50 - [TEST_STEP][PASSED] - try: p2=9.75

2019-05-09 14:52:50 - [TEST_STEP][PASSED] - x1 = a1: null

2019-05-09 14:52:50 - [TEST_STEP][PASSED] - comment("x1=" + x1): x1=9.75

2019-05-09 14:52:50 - [MESSAGE][INFO] - x1=9.75

2019-05-09 14:52:50 - [TEST_STEP][PASSED] - p2 = Double.valueOf(x1): null

2019-05-09 14:52:50 - [TEST_STEP][PASSED] - comment("p2=" + p2): p2=9.75

2019-05-09 14:52:50 - [MESSAGE][INFO] - p2=9.75

2019-05-09 14:52:50 - [TEST_STEP][PASSED] - try: p3=32.4

2019-05-09 14:52:50 - [TEST_STEP][PASSED] - x2 = a2: null

2019-05-09 14:52:50 - [TEST_STEP][PASSED] - comment("x2=" + x2): x2=32.40

2019-05-09 14:52:50 - [MESSAGE][INFO] - x2=32.40

2019-05-09 14:52:50 - [TEST_STEP][PASSED] - p3 = Double.valueOf(x2): null

2019-05-09 14:52:50 - [TEST_STEP][PASSED] - comment("p3=" + p3): p3=32.4

2019-05-09 14:52:50 - [MESSAGE][INFO] - p3=32.4

2019-05-09 14:52:50 - [TEST_STEP][PASSED] - comment("p2=" + p2): p2=9.75

2019-05-09 14:52:50 - [MESSAGE][INFO] - p2=9.75

2019-05-09 14:52:50 - [TEST_STEP][PASSED] - comment("p3=" + p3): p3=32.4

2019-05-09 14:52:50 - [MESSAGE][INFO] - p3=32.4

2019-05-09 14:52:50 - [TEST_STEP][PASSED] - total = p2 + p3: null

2019-05-09 14:52:50 - [TEST_STEP][PASSED] - comment("total=" + total): total=42.15

2019-05-09 14:52:50 - [MESSAGE][INFO] - total=42.15

2019-05-09 14:52:50 - [TEST_STEP][PASSED] - verifyEqual(total, a3): Actual object '42.15' and expected object '42.15' are equal

2019-05-09 14:52:50 - [MESSAGE][PASSED] - Actual object '42.15' and expected object '42.15' are equal

2019-05-09 14:52:50 - [TEST_STEP][PASSED] - click(findTestObject("Object Repository/OCS_CRITICAL PATH/cart flyout- price/Page_Your Shopping Cart  Ontario Ca/i_Remove_icon icon--close-thic")): Object: 'Object Repository/OCS_CRITICAL PATH/cart flyout- price/Page_Your Shopping Cart  Ontario Ca/i_Remove_icon icon--close-thic' is clicked on

2019-05-09 14:52:52 - [MESSAGE][PASSED] - Object: 'Object Repository/OCS_CRITICAL PATH/cart flyout- price/Page_Your Shopping Cart  Ontario Ca/i_Remove_icon icon--close-thic' is clicked on

2019-05-09 14:52:52 - [TEST_STEP][PASSED] - delay(2): Delayed 2 second(s)

2019-05-09 14:52:54 - [MESSAGE][PASSED] - Delayed 2 second(s)

2019-05-09 14:52:54 - [TEST_STEP][PASSED] - c23 = getText(findTestObject("OCS_CRITICAL PATH/cart flyout- price/Page_Your Shopping Cart  Ontario Ca/p_42.15")): Text of object 'Object Repository/OCS_CRITICAL PATH/cart flyout- price/Page_Your Shopping Cart  Ontario Ca/p_42.15' is: '$32.40'

2019-05-09 14:52:55 - [MESSAGE][PASSED] - Text of object 'Object Repository/OCS_CRITICAL PATH/cart flyout- price/Page_Your Shopping Cart  Ontario Ca/p_42.15' is: '$32.40'

2019-05-09 14:52:55 - [TEST_STEP][PASSED] - comment(c23): $32.40

2019-05-09 14:52:55 - [MESSAGE][INFO] - $32.40

2019-05-09 14:52:55 - [TEST_STEP][PASSED] - a4 = c23.substring(1): null

2019-05-09 14:52:55 - [TEST_STEP][PASSED] - comment("a4= " + a4): a4= 32.40

2019-05-09 14:52:55 - [MESSAGE][INFO] - a4= 32.40

2019-05-09 14:52:55 - [TEST_STEP][PASSED] - b25 = getText(findTestObject("OCS_CRITICAL PATH/cart flyout- price/Page_Your Shopping Cart  Ontario Ca/span_32.40")): Text of object 'Object Repository/OCS_CRITICAL PATH/cart flyout- price/Page_Your Shopping Cart  Ontario Ca/span_32.40' is: '$32.40'

2019-05-09 14:52:55 - [MESSAGE][PASSED] - Text of object 'Object Repository/OCS_CRITICAL PATH/cart flyout- price/Page_Your Shopping Cart  Ontario Ca/span_32.40' is: '$32.40'

2019-05-09 14:52:55 - [TEST_STEP][PASSED] - comment(b25): $32.40

2019-05-09 14:52:55 - [MESSAGE][INFO] - $32.40

2019-05-09 14:52:55 - [TEST_STEP][PASSED] - a25 = b25.substring(1): null

2019-05-09 14:52:55 - [TEST_STEP][PASSED] - comment("a25 = " + a25): a25 = 32.40

2019-05-09 14:52:55 - [MESSAGE][INFO] - a25 = 32.40

2019-05-09 14:52:55 - [TEST_STEP][PASSED] - verifyEqual(a4, a25): Actual object '32.40' and expected object '32.40' are equal

2019-05-09 14:52:55 - [MESSAGE][PASSED] - Actual object '32.40' and expected object '32.40' are equal]]></system-out>
         <system-err><![CDATA[]]></system-err>
      </testcase>
      <testcase name="Test Cases/OCS- CRITICAL PATH/cart flyout- accessories" classname="Test Cases/OCS- CRITICAL PATH/cart flyout- accessories" status="PASSED">
         <system-out><![CDATA[2019-05-09 14:52:55 - [TEST_CASE][PASSED] - Test Cases/OCS- CRITICAL PATH/cart flyout- accessories: Test Cases/OCS- CRITICAL PATH/cart flyout- accessories

2019-05-09 14:52:55 - [TEST_STEP][PASSED] - openBrowser(""): Browser is opened with url: ''

2019-05-09 14:52:55 - [MESSAGE][WARNING] - A browser is already opened. Closing browser and opening a new one

2019-05-09 14:52:56 - [MESSAGE][INFO] - Starting 'Remote' driver

2019-05-09 14:52:56 - [MESSAGE][INFO] - User set preference: ['os', 'windows']

2019-05-09 14:52:56 - [MESSAGE][INFO] - User set preference: ['os_version', '10']

2019-05-09 14:52:56 - [MESSAGE][INFO] - User set preference: ['browser', 'Firefox']

2019-05-09 14:52:56 - [MESSAGE][INFO] - User set preference: ['browser_version', '65']

2019-05-09 14:52:56 - [MESSAGE][INFO] - User set preference: ['resolution', '1280x800']

2019-05-09 14:52:56 - [MESSAGE][INFO] - Connecting to remote web server 'https://dianatest3:Z3oqw9ysqTeRQJq5wFCp@hub-cloud.browserstack.com/wd/hub' with type 'Selenium'

2019-05-09 14:53:06 - [MESSAGE][PASSED] - Browser is opened with url: ''

2019-05-09 14:53:06 - [TEST_STEP][PASSED] - navigateToUrl("https://ocs.ca/?fts=0&preview_theme_id=53373863756"): Navigate to 'https://ocs.ca/?fts=0&preview_theme_id=53373863756' successfully

2019-05-09 14:53:12 - [MESSAGE][PASSED] - Navigate to 'https://ocs.ca/?fts=0&preview_theme_id=53373863756' successfully

2019-05-09 14:53:12 - [TEST_STEP][PASSED] - delay(2): Delayed 2 second(s)

2019-05-09 14:53:14 - [MESSAGE][PASSED] - Delayed 2 second(s)

2019-05-09 14:53:14 - [TEST_STEP][PASSED] - click(findTestObject("Object Repository/CART FLYOUT-accessories_OR/Page_Ontario Cannabis Store  Ontari/button_Close preview")): Object: 'Object Repository/CART FLYOUT-accessories_OR/Page_Ontario Cannabis Store  Ontari/button_Close preview' is clicked on

2019-05-09 14:53:16 - [MESSAGE][PASSED] - Object: 'Object Repository/CART FLYOUT-accessories_OR/Page_Ontario Cannabis Store  Ontari/button_Close preview' is clicked on

2019-05-09 14:53:16 - [TEST_STEP][PASSED] - maximizeWindow(): Current window maximized

2019-05-09 14:53:17 - [MESSAGE][PASSED] - Current window maximized

2019-05-09 14:53:17 - [TEST_STEP][PASSED] - selectOptionByValue(findTestObject("Object Repository/CART FLYOUT-accessories_OR/Page_Ontario Cannabis Store  Ontari/select_Select01020304050607080"), "3", true): All options with value '3' are selected in object 'Object Repository/CART FLYOUT-accessories_OR/Page_Ontario Cannabis Store  Ontari/select_Select01020304050607080'  using regular expression

2019-05-09 14:53:22 - [MESSAGE][PASSED] - All options with value '3' are selected in object 'Object Repository/CART FLYOUT-accessories_OR/Page_Ontario Cannabis Store  Ontari/select_Select01020304050607080'  using regular expression

2019-05-09 14:53:22 - [TEST_STEP][PASSED] - selectOptionByValue(findTestObject("Object Repository/CART FLYOUT-accessories_OR/Page_Ontario Cannabis Store  Ontari/select_SelectJanuary - 01Febru"), "3", true): All options with value '3' are selected in object 'Object Repository/CART FLYOUT-accessories_OR/Page_Ontario Cannabis Store  Ontari/select_SelectJanuary - 01Febru'  using regular expression

2019-05-09 14:53:29 - [MESSAGE][PASSED] - All options with value '3' are selected in object 'Object Repository/CART FLYOUT-accessories_OR/Page_Ontario Cannabis Store  Ontari/select_SelectJanuary - 01Febru'  using regular expression

2019-05-09 14:53:29 - [TEST_STEP][PASSED] - selectOptionByValue(findTestObject("Object Repository/CART FLYOUT-accessories_OR/Page_Ontario Cannabis Store  Ontari/select_Select20182017201620152"), "1991", true): All options with value '1991' are selected in object 'Object Repository/CART FLYOUT-accessories_OR/Page_Ontario Cannabis Store  Ontari/select_Select20182017201620152'  using regular expression

2019-05-09 14:53:53 - [MESSAGE][PASSED] - All options with value '1991' are selected in object 'Object Repository/CART FLYOUT-accessories_OR/Page_Ontario Cannabis Store  Ontari/select_Select20182017201620152'  using regular expression

2019-05-09 14:53:53 - [TEST_STEP][PASSED] - click(findTestObject("Object Repository/CART FLYOUT-accessories_OR/Page_Ontario Cannabis Store  Ontari/button_Verify")): Object: 'Object Repository/CART FLYOUT-accessories_OR/Page_Ontario Cannabis Store  Ontari/button_Verify' is clicked on

2019-05-09 14:53:53 - [MESSAGE][PASSED] - Object: 'Object Repository/CART FLYOUT-accessories_OR/Page_Ontario Cannabis Store  Ontari/button_Verify' is clicked on

2019-05-09 14:53:53 - [TEST_STEP][PASSED] - click(findTestObject("Object Repository/CART FLYOUT-accessories_OR/Page_Ontario Cannabis Store  Ontari/span_CONFIRM AND ACKNOWLEDGE_c")): Object: 'Object Repository/CART FLYOUT-accessories_OR/Page_Ontario Cannabis Store  Ontari/span_CONFIRM AND ACKNOWLEDGE_c' is clicked on

2019-05-09 14:53:54 - [MESSAGE][PASSED] - Object: 'Object Repository/CART FLYOUT-accessories_OR/Page_Ontario Cannabis Store  Ontari/span_CONFIRM AND ACKNOWLEDGE_c' is clicked on

2019-05-09 14:53:54 - [TEST_STEP][PASSED] - click(findTestObject("Object Repository/CART FLYOUT-accessories_OR/Page_Ontario Cannabis Store  Ontari/button_CONFIRM")): Object: 'Object Repository/CART FLYOUT-accessories_OR/Page_Ontario Cannabis Store  Ontari/button_CONFIRM' is clicked on

2019-05-09 14:53:54 - [MESSAGE][PASSED] - Object: 'Object Repository/CART FLYOUT-accessories_OR/Page_Ontario Cannabis Store  Ontari/button_CONFIRM' is clicked on

2019-05-09 14:53:54 - [TEST_STEP][PASSED] - click(findTestObject("Object Repository/CART FLYOUT-accessories_OR/Page_Ontario Cannabis Store  Ontari/button_Start Browsing")): Object: 'Object Repository/CART FLYOUT-accessories_OR/Page_Ontario Cannabis Store  Ontari/button_Start Browsing' is clicked on

2019-05-09 14:53:56 - [MESSAGE][PASSED] - Object: 'Object Repository/CART FLYOUT-accessories_OR/Page_Ontario Cannabis Store  Ontari/button_Start Browsing' is clicked on

2019-05-09 14:53:56 - [TEST_STEP][PASSED] - delay(3): Delayed 3 second(s)

2019-05-09 14:53:59 - [MESSAGE][PASSED] - Delayed 3 second(s)

2019-05-09 14:53:59 - [TEST_STEP][PASSED] - mouseOver(findTestObject("Object Repository/CART FLYOUT-accessories_OR/Page_Ontario Cannabis Store  Ontari/h3_Cannabis")): Object: 'Object Repository/CART FLYOUT-accessories_OR/Page_Ontario Cannabis Store  Ontari/h3_Cannabis' is hovered

2019-05-09 14:53:59 - [MESSAGE][PASSED] - Object: 'Object Repository/CART FLYOUT-accessories_OR/Page_Ontario Cannabis Store  Ontari/h3_Cannabis' is hovered

2019-05-09 14:53:59 - [TEST_STEP][PASSED] - click(findTestObject("Object Repository/CART FLYOUT-accessories_OR/Page_Ontario Cannabis Store  Ontari/span_Indica Dominant")): Object: 'Object Repository/CART FLYOUT-accessories_OR/Page_Ontario Cannabis Store  Ontari/span_Indica Dominant' is clicked on

2019-05-09 14:54:03 - [MESSAGE][PASSED] - Object: 'Object Repository/CART FLYOUT-accessories_OR/Page_Ontario Cannabis Store  Ontari/span_Indica Dominant' is clicked on

2019-05-09 14:54:03 - [TEST_STEP][PASSED] - click(findTestObject("Object Repository/CART FLYOUT-accessories_OR/Page_Indica Dominant Dried Flower/h3_Shishkaberry")): Object: 'Object Repository/CART FLYOUT-accessories_OR/Page_Indica Dominant Dried Flower/h3_Shishkaberry' is clicked on

2019-05-09 14:54:06 - [MESSAGE][PASSED] - Object: 'Object Repository/CART FLYOUT-accessories_OR/Page_Indica Dominant Dried Flower/h3_Shishkaberry' is clicked on

2019-05-09 14:54:06 - [TEST_STEP][PASSED] - click(findTestObject("Object Repository/CART FLYOUT-accessories_OR/Page_Shishkaberry  Ontario Cannabis/label_1g")): Object: 'Object Repository/CART FLYOUT-accessories_OR/Page_Shishkaberry  Ontario Cannabis/label_1g' is clicked on

2019-05-09 14:54:07 - [MESSAGE][PASSED] - Object: 'Object Repository/CART FLYOUT-accessories_OR/Page_Shishkaberry  Ontario Cannabis/label_1g' is clicked on

2019-05-09 14:54:07 - [TEST_STEP][PASSED] - click(findTestObject("Object Repository/CART FLYOUT-accessories_OR/Page_Shishkaberry  Ontario Cannabis/button_Add to Bag9.75")): Object: 'Object Repository/CART FLYOUT-accessories_OR/Page_Shishkaberry  Ontario Cannabis/button_Add to Bag9.75' is clicked on

2019-05-09 14:54:08 - [MESSAGE][PASSED] - Object: 'Object Repository/CART FLYOUT-accessories_OR/Page_Shishkaberry  Ontario Cannabis/button_Add to Bag9.75' is clicked on

2019-05-09 14:54:08 - [TEST_STEP][PASSED] - delay(2): Delayed 2 second(s)

2019-05-09 14:54:10 - [MESSAGE][PASSED] - Delayed 2 second(s)

2019-05-09 14:54:10 - [TEST_STEP][PASSED] - click(findTestObject("Object Repository/CART FLYOUT-accessories_OR/Page_Shishkaberry  Ontario Cannabis/i_Accessories you might need_i")): Object: 'Object Repository/CART FLYOUT-accessories_OR/Page_Shishkaberry  Ontario Cannabis/i_Accessories you might need_i' is clicked on

2019-05-09 14:54:11 - [MESSAGE][PASSED] - Object: 'Object Repository/CART FLYOUT-accessories_OR/Page_Shishkaberry  Ontario Cannabis/i_Accessories you might need_i' is clicked on

2019-05-09 14:54:11 - [TEST_STEP][PASSED] - delay(2): Delayed 2 second(s)

2019-05-09 14:54:13 - [MESSAGE][PASSED] - Delayed 2 second(s)

2019-05-09 14:54:13 - [TEST_STEP][PASSED] - click(findTestObject("Object Repository/CART FLYOUT-accessories_OR/Page_Shishkaberry  Ontario Cannabis/i_Accessories you might need_i_1")): Object: 'Object Repository/CART FLYOUT-accessories_OR/Page_Shishkaberry  Ontario Cannabis/i_Accessories you might need_i_1' is clicked on

2019-05-09 14:54:14 - [MESSAGE][PASSED] - Object: 'Object Repository/CART FLYOUT-accessories_OR/Page_Shishkaberry  Ontario Cannabis/i_Accessories you might need_i_1' is clicked on]]></system-out>
         <system-err><![CDATA[]]></system-err>
      </testcase>
      <testcase name="Test Cases/OCS- CRITICAL PATH/Cart flyout- decrease qty" classname="Test Cases/OCS- CRITICAL PATH/Cart flyout- decrease qty" status="FAILED">
         <failure type="FAILED" message="Test Cases/OCS- CRITICAL PATH/Cart flyout- decrease qty FAILED.
Reason:
com.kms.katalon.core.exception.StepFailedException: Unable to set text '5' of object 'Object Repository/OCS_CRITICAL PATH/Cartflyout-decrease qty _OR/Page_Shishkaberry  Ontario Cannabis/input_-_updates' (Root cause: org.openqa.selenium.StaleElementReferenceException: The element reference of &lt;input id=&quot;&quot; class=&quot;&quot; name=&quot;updates[]&quot; type=&quot;number&quot;> is stale; either the element is no longer attached to the DOM, it is not in the current frame context, or the document has been refreshed
For documentation on this error, please visit: http://seleniumhq.org/exceptions/stale_element_reference.html
Build info: version: '3.7.1', revision: '8a0099a', time: '2017-11-06T21:07:36.161Z'
System info: host: 'sumans-MacBook-Pro.local', ip: 'fe80:0:0:0:10eb:5cc2:8353:8144%en0', os.name: 'Mac OS X', os.arch: 'x86_64', os.version: '10.13.6', java.version: '1.8.0_181'
Driver info: com.kms.katalon.selenium.driver.CRemoteWebDriver
Capabilities {acceptInsecureCerts: false, browserName: firefox, browserVersion: 65.0, capabilities: {desiredCapabilities: {browserName: firefox, browserVersion: 65.0}}, javascriptEnabled: true, moz:accessibilityChecks: false, moz:headless: false, moz:processID: 4344, moz:profile: C:\Windows\proxy\rust_mozpr..., moz:shutdownTimeout: 60000, moz:useNonSpecCompliantPointerOrigin: false, moz:webdriverClick: true, pageLoadStrategy: normal, platform: WINDOWS, platformName: WINDOWS, platformVersion: 10.0, rotatable: false, setWindowRect: true, strictFileInteractability: false, timeouts: {implicit: 0, pageLoad: 300000, script: 30000}, unhandledPromptBehavior: dismiss and notify, webdriver.remote.sessionid: d1da6561e00e750a1d06735e195...}
Session ID: d1da6561e00e750a1d06735e19551fd86e6b70bf)
	at com.kms.katalon.core.keyword.internal.KeywordMain.stepFailed(KeywordMain.groovy:36)
	at com.kms.katalon.core.webui.keyword.internal.WebUIKeywordMain.stepFailed(WebUIKeywordMain.groovy:65)
	at com.kms.katalon.core.webui.keyword.internal.WebUIKeywordMain.runKeyword(WebUIKeywordMain.groovy:27)
	at com.kms.katalon.core.webui.keyword.builtin.SetTextKeyword.setText(SetTextKeyword.groovy:65)
	at com.kms.katalon.core.webui.keyword.builtin.SetTextKeyword.execute(SetTextKeyword.groovy:37)
	at com.kms.katalon.core.keyword.internal.KeywordExecutor.executeKeywordForPlatform(KeywordExecutor.groovy:53)
	at com.kms.katalon.core.webui.keyword.WebUiBuiltInKeywords.setText(WebUiBuiltInKeywords.groovy:950)
	at com.kms.katalon.core.webui.keyword.WebUiBuiltInKeywords$setText$6.call(Unknown Source)
	at Cart flyout- decrease qty.run(Cart flyout- decrease qty:77)
	at com.kms.katalon.core.main.ScriptEngine.run(ScriptEngine.java:194)
	at com.kms.katalon.core.main.ScriptEngine.runScriptAsRawText(ScriptEngine.java:119)
	at com.kms.katalon.core.main.TestCaseExecutor.runScript(TestCaseExecutor.java:328)
	at com.kms.katalon.core.main.TestCaseExecutor.doExecute(TestCaseExecutor.java:319)
	at com.kms.katalon.core.main.TestCaseExecutor.processExecutionPhase(TestCaseExecutor.java:298)
	at com.kms.katalon.core.main.TestCaseExecutor.accessMainPhase(TestCaseExecutor.java:290)
	at com.kms.katalon.core.main.TestCaseExecutor.execute(TestCaseExecutor.java:224)
	at com.kms.katalon.core.main.TestSuiteExecutor.accessTestCaseMainPhase(TestSuiteExecutor.java:129)
	at com.kms.katalon.core.main.TestSuiteExecutor.accessTestSuiteMainPhase(TestSuiteExecutor.java:112)
	at com.kms.katalon.core.main.TestSuiteExecutor.execute(TestSuiteExecutor.java:81)
	at com.kms.katalon.core.main.TestCaseMain.startTestSuite(TestCaseMain.java:149)
	at com.kms.katalon.core.main.TestCaseMain$startTestSuite$0.call(Unknown Source)
	at TempTestSuite1557427838424.run(TempTestSuite1557427838424.groovy:36)
"/>
         <system-out><![CDATA[2019-05-09 14:54:14 - [TEST_CASE][FAILED] - Test Cases/OCS- CRITICAL PATH/Cart flyout- decrease qty: Test Cases/OCS- CRITICAL PATH/Cart flyout- decrease qty FAILED.
Reason:
com.kms.katalon.core.exception.StepFailedException: Unable to set text '5' of object 'Object Repository/OCS_CRITICAL PATH/Cartflyout-decrease qty _OR/Page_Shishkaberry  Ontario Cannabis/input_-_updates' (Root cause: org.openqa.selenium.StaleElementReferenceException: The element reference of <input id="" class="" name="updates[]" type="number"> is stale; either the element is no longer attached to the DOM, it is not in the current frame context, or the document has been refreshed
For documentation on this error, please visit: http://seleniumhq.org/exceptions/stale_element_reference.html
Build info: version: '3.7.1', revision: '8a0099a', time: '2017-11-06T21:07:36.161Z'
System info: host: 'sumans-MacBook-Pro.local', ip: 'fe80:0:0:0:10eb:5cc2:8353:8144%en0', os.name: 'Mac OS X', os.arch: 'x86_64', os.version: '10.13.6', java.version: '1.8.0_181'
Driver info: com.kms.katalon.selenium.driver.CRemoteWebDriver
Capabilities {acceptInsecureCerts: false, browserName: firefox, browserVersion: 65.0, capabilities: {desiredCapabilities: {browserName: firefox, browserVersion: 65.0}}, javascriptEnabled: true, moz:accessibilityChecks: false, moz:headless: false, moz:processID: 4344, moz:profile: C:\Windows\proxy\rust_mozpr..., moz:shutdownTimeout: 60000, moz:useNonSpecCompliantPointerOrigin: false, moz:webdriverClick: true, pageLoadStrategy: normal, platform: WINDOWS, platformName: WINDOWS, platformVersion: 10.0, rotatable: false, setWindowRect: true, strictFileInteractability: false, timeouts: {implicit: 0, pageLoad: 300000, script: 30000}, unhandledPromptBehavior: dismiss and notify, webdriver.remote.sessionid: d1da6561e00e750a1d06735e195...}
Session ID: d1da6561e00e750a1d06735e19551fd86e6b70bf)
	at com.kms.katalon.core.keyword.internal.KeywordMain.stepFailed(KeywordMain.groovy:36)
	at com.kms.katalon.core.webui.keyword.internal.WebUIKeywordMain.stepFailed(WebUIKeywordMain.groovy:65)
	at com.kms.katalon.core.webui.keyword.internal.WebUIKeywordMain.runKeyword(WebUIKeywordMain.groovy:27)
	at com.kms.katalon.core.webui.keyword.builtin.SetTextKeyword.setText(SetTextKeyword.groovy:65)
	at com.kms.katalon.core.webui.keyword.builtin.SetTextKeyword.execute(SetTextKeyword.groovy:37)
	at com.kms.katalon.core.keyword.internal.KeywordExecutor.executeKeywordForPlatform(KeywordExecutor.groovy:53)
	at com.kms.katalon.core.webui.keyword.WebUiBuiltInKeywords.setText(WebUiBuiltInKeywords.groovy:950)
	at com.kms.katalon.core.webui.keyword.WebUiBuiltInKeywords$setText$6.call(Unknown Source)
	at Cart flyout- decrease qty.run(Cart flyout- decrease qty:77)
	at com.kms.katalon.core.main.ScriptEngine.run(ScriptEngine.java:194)
	at com.kms.katalon.core.main.ScriptEngine.runScriptAsRawText(ScriptEngine.java:119)
	at com.kms.katalon.core.main.TestCaseExecutor.runScript(TestCaseExecutor.java:328)
	at com.kms.katalon.core.main.TestCaseExecutor.doExecute(TestCaseExecutor.java:319)
	at com.kms.katalon.core.main.TestCaseExecutor.processExecutionPhase(TestCaseExecutor.java:298)
	at com.kms.katalon.core.main.TestCaseExecutor.accessMainPhase(TestCaseExecutor.java:290)
	at com.kms.katalon.core.main.TestCaseExecutor.execute(TestCaseExecutor.java:224)
	at com.kms.katalon.core.main.TestSuiteExecutor.accessTestCaseMainPhase(TestSuiteExecutor.java:129)
	at com.kms.katalon.core.main.TestSuiteExecutor.accessTestSuiteMainPhase(TestSuiteExecutor.java:112)
	at com.kms.katalon.core.main.TestSuiteExecutor.execute(TestSuiteExecutor.java:81)
	at com.kms.katalon.core.main.TestCaseMain.startTestSuite(TestCaseMain.java:149)
	at com.kms.katalon.core.main.TestCaseMain$startTestSuite$0.call(Unknown Source)
	at TempTestSuite1557427838424.run(TempTestSuite1557427838424.groovy:36)


2019-05-09 14:54:14 - [TEST_STEP][PASSED] - openBrowser(""): Browser is opened with url: ''

2019-05-09 14:54:14 - [MESSAGE][WARNING] - A browser is already opened. Closing browser and opening a new one

2019-05-09 14:54:15 - [MESSAGE][INFO] - Starting 'Remote' driver

2019-05-09 14:54:15 - [MESSAGE][INFO] - User set preference: ['os', 'windows']

2019-05-09 14:54:15 - [MESSAGE][INFO] - User set preference: ['os_version', '10']

2019-05-09 14:54:15 - [MESSAGE][INFO] - User set preference: ['browser', 'Firefox']

2019-05-09 14:54:15 - [MESSAGE][INFO] - User set preference: ['browser_version', '65']

2019-05-09 14:54:15 - [MESSAGE][INFO] - User set preference: ['resolution', '1280x800']

2019-05-09 14:54:15 - [MESSAGE][INFO] - Connecting to remote web server 'https://dianatest3:Z3oqw9ysqTeRQJq5wFCp@hub-cloud.browserstack.com/wd/hub' with type 'Selenium'

2019-05-09 14:54:33 - [MESSAGE][PASSED] - Browser is opened with url: ''

2019-05-09 14:54:33 - [TEST_STEP][PASSED] - navigateToUrl("https://ocs.ca/?fts=0&preview_theme_id=53373863756"): Navigate to 'https://ocs.ca/?fts=0&preview_theme_id=53373863756' successfully

2019-05-09 14:54:41 - [MESSAGE][PASSED] - Navigate to 'https://ocs.ca/?fts=0&preview_theme_id=53373863756' successfully

2019-05-09 14:54:41 - [TEST_STEP][PASSED] - click(findTestObject("Object Repository/Theme_oR/Page_Ontario Cannabis Store  Ontari/button_Close preview")): Object: 'Object Repository/Theme_oR/Page_Ontario Cannabis Store  Ontari/button_Close preview' is clicked on

2019-05-09 14:54:42 - [MESSAGE][PASSED] - Object: 'Object Repository/Theme_oR/Page_Ontario Cannabis Store  Ontari/button_Close preview' is clicked on

2019-05-09 14:54:43 - [TEST_STEP][PASSED] - maximizeWindow(): Current window maximized

2019-05-09 14:54:43 - [MESSAGE][PASSED] - Current window maximized

2019-05-09 14:54:43 - [TEST_STEP][PASSED] - selectOptionByValue(findTestObject("OCS_CRITICAL PATH/Cartflyout-decrease qty _OR/Page_Ontario Cannabis Store  Ontari/select_Select01020304050607080"), "18", true): All options with value '18' are selected in object 'Object Repository/OCS_CRITICAL PATH/Cartflyout-decrease qty _OR/Page_Ontario Cannabis Store  Ontari/select_Select01020304050607080'  using regular expression

2019-05-09 14:54:51 - [MESSAGE][PASSED] - All options with value '18' are selected in object 'Object Repository/OCS_CRITICAL PATH/Cartflyout-decrease qty _OR/Page_Ontario Cannabis Store  Ontari/select_Select01020304050607080'  using regular expression

2019-05-09 14:54:51 - [TEST_STEP][PASSED] - selectOptionByValue(findTestObject("OCS_CRITICAL PATH/Cartflyout-decrease qty _OR/Page_Ontario Cannabis Store  Ontari/select_SelectJanuary - 01Febru"), "9", true): All options with value '9' are selected in object 'Object Repository/OCS_CRITICAL PATH/Cartflyout-decrease qty _OR/Page_Ontario Cannabis Store  Ontari/select_SelectJanuary - 01Febru'  using regular expression

2019-05-09 14:54:56 - [MESSAGE][PASSED] - All options with value '9' are selected in object 'Object Repository/OCS_CRITICAL PATH/Cartflyout-decrease qty _OR/Page_Ontario Cannabis Store  Ontari/select_SelectJanuary - 01Febru'  using regular expression

2019-05-09 14:54:56 - [TEST_STEP][PASSED] - selectOptionByValue(findTestObject("OCS_CRITICAL PATH/Cartflyout-decrease qty _OR/Page_Ontario Cannabis Store  Ontari/select_Select20182017201620152"), "1933", true): All options with value '1933' are selected in object 'Object Repository/OCS_CRITICAL PATH/Cartflyout-decrease qty _OR/Page_Ontario Cannabis Store  Ontari/select_Select20182017201620152'  using regular expression

2019-05-09 14:55:44 - [MESSAGE][PASSED] - All options with value '1933' are selected in object 'Object Repository/OCS_CRITICAL PATH/Cartflyout-decrease qty _OR/Page_Ontario Cannabis Store  Ontari/select_Select20182017201620152'  using regular expression

2019-05-09 14:55:44 - [TEST_STEP][PASSED] - click(findTestObject("OCS_CRITICAL PATH/Cartflyout-decrease qty _OR/Page_Ontario Cannabis Store  Ontari/button_Verify")): Object: 'Object Repository/OCS_CRITICAL PATH/Cartflyout-decrease qty _OR/Page_Ontario Cannabis Store  Ontari/button_Verify' is clicked on

2019-05-09 14:55:45 - [MESSAGE][PASSED] - Object: 'Object Repository/OCS_CRITICAL PATH/Cartflyout-decrease qty _OR/Page_Ontario Cannabis Store  Ontari/button_Verify' is clicked on

2019-05-09 14:55:45 - [TEST_STEP][PASSED] - click(findTestObject("OCS_CRITICAL PATH/Cartflyout-decrease qty _OR/Page_Ontario Cannabis Store  Ontari/span_CONFIRM AND ACKNOWLEDGE_c")): Object: 'Object Repository/OCS_CRITICAL PATH/Cartflyout-decrease qty _OR/Page_Ontario Cannabis Store  Ontari/span_CONFIRM AND ACKNOWLEDGE_c' is clicked on

2019-05-09 14:55:46 - [MESSAGE][PASSED] - Object: 'Object Repository/OCS_CRITICAL PATH/Cartflyout-decrease qty _OR/Page_Ontario Cannabis Store  Ontari/span_CONFIRM AND ACKNOWLEDGE_c' is clicked on

2019-05-09 14:55:46 - [TEST_STEP][PASSED] - click(findTestObject("OCS_CRITICAL PATH/Cartflyout-decrease qty _OR/Page_Ontario Cannabis Store  Ontari/button_CONFIRM")): Object: 'Object Repository/OCS_CRITICAL PATH/Cartflyout-decrease qty _OR/Page_Ontario Cannabis Store  Ontari/button_CONFIRM' is clicked on

2019-05-09 14:55:46 - [MESSAGE][PASSED] - Object: 'Object Repository/OCS_CRITICAL PATH/Cartflyout-decrease qty _OR/Page_Ontario Cannabis Store  Ontari/button_CONFIRM' is clicked on

2019-05-09 14:55:46 - [TEST_STEP][PASSED] - click(findTestObject("OCS_CRITICAL PATH/Cartflyout-decrease qty _OR/Page_Ontario Cannabis Store  Ontari/button_Start Browsing")): Object: 'Object Repository/OCS_CRITICAL PATH/Cartflyout-decrease qty _OR/Page_Ontario Cannabis Store  Ontari/button_Start Browsing' is clicked on

2019-05-09 14:55:47 - [MESSAGE][PASSED] - Object: 'Object Repository/OCS_CRITICAL PATH/Cartflyout-decrease qty _OR/Page_Ontario Cannabis Store  Ontari/button_Start Browsing' is clicked on

2019-05-09 14:55:47 - [TEST_STEP][PASSED] - delay(3): Delayed 3 second(s)

2019-05-09 14:55:50 - [MESSAGE][PASSED] - Delayed 3 second(s)

2019-05-09 14:55:50 - [TEST_STEP][PASSED] - mouseOver(findTestObject("OCS_CRITICAL PATH/Cartflyout-decrease qty _OR/Page_Ontario Cannabis Store  Ontari/h3_Cannabis")): Object: 'Object Repository/OCS_CRITICAL PATH/Cartflyout-decrease qty _OR/Page_Ontario Cannabis Store  Ontari/h3_Cannabis' is hovered

2019-05-09 14:55:51 - [MESSAGE][PASSED] - Object: 'Object Repository/OCS_CRITICAL PATH/Cartflyout-decrease qty _OR/Page_Ontario Cannabis Store  Ontari/h3_Cannabis' is hovered

2019-05-09 14:55:51 - [TEST_STEP][PASSED] - click(findTestObject("OCS_CRITICAL PATH/Cartflyout-decrease qty _OR/Page_Ontario Cannabis Store  Ontari/span_Indica Dominant")): Object: 'Object Repository/OCS_CRITICAL PATH/Cartflyout-decrease qty _OR/Page_Ontario Cannabis Store  Ontari/span_Indica Dominant' is clicked on

2019-05-09 14:55:56 - [MESSAGE][PASSED] - Object: 'Object Repository/OCS_CRITICAL PATH/Cartflyout-decrease qty _OR/Page_Ontario Cannabis Store  Ontari/span_Indica Dominant' is clicked on

2019-05-09 14:55:56 - [TEST_STEP][PASSED] - delay(3): Delayed 3 second(s)

2019-05-09 14:55:59 - [MESSAGE][PASSED] - Delayed 3 second(s)

2019-05-09 14:55:59 - [TEST_STEP][PASSED] - click(findTestObject("OCS_CRITICAL PATH/Cartflyout-decrease qty _OR/Page_Indica Dominant Dried Flower/h3_Shishkaberry")): Object: 'Object Repository/OCS_CRITICAL PATH/Cartflyout-decrease qty _OR/Page_Indica Dominant Dried Flower/h3_Shishkaberry' is clicked on

2019-05-09 14:56:03 - [MESSAGE][PASSED] - Object: 'Object Repository/OCS_CRITICAL PATH/Cartflyout-decrease qty _OR/Page_Indica Dominant Dried Flower/h3_Shishkaberry' is clicked on

2019-05-09 14:56:03 - [TEST_STEP][PASSED] - click(findTestObject("OCS_CRITICAL PATH/Cartflyout-decrease qty _OR/Page_Shishkaberry  Ontario Cannabis/div_3.5g")): Object: 'Object Repository/OCS_CRITICAL PATH/Cartflyout-decrease qty _OR/Page_Shishkaberry  Ontario Cannabis/div_3.5g' is clicked on

2019-05-09 14:56:04 - [MESSAGE][PASSED] - Object: 'Object Repository/OCS_CRITICAL PATH/Cartflyout-decrease qty _OR/Page_Shishkaberry  Ontario Cannabis/div_3.5g' is clicked on

2019-05-09 14:56:04 - [TEST_STEP][PASSED] - delay(3): Delayed 3 second(s)

2019-05-09 14:56:07 - [MESSAGE][PASSED] - Delayed 3 second(s)

2019-05-09 14:56:07 - [TEST_STEP][PASSED] - click(findTestObject("OCS_CRITICAL PATH/Cartflyout-decrease qty _OR/Page_Shishkaberry  Ontario Cannabis/button_")): Object: 'Object Repository/OCS_CRITICAL PATH/Cartflyout-decrease qty _OR/Page_Shishkaberry  Ontario Cannabis/button_' is clicked on

2019-05-09 14:56:08 - [MESSAGE][PASSED] - Object: 'Object Repository/OCS_CRITICAL PATH/Cartflyout-decrease qty _OR/Page_Shishkaberry  Ontario Cannabis/button_' is clicked on

2019-05-09 14:56:08 - [TEST_STEP][PASSED] - click(findTestObject("OCS_CRITICAL PATH/Cartflyout-decrease qty _OR/Page_Shishkaberry  Ontario Cannabis/button_")): Object: 'Object Repository/OCS_CRITICAL PATH/Cartflyout-decrease qty _OR/Page_Shishkaberry  Ontario Cannabis/button_' is clicked on

2019-05-09 14:56:09 - [MESSAGE][PASSED] - Object: 'Object Repository/OCS_CRITICAL PATH/Cartflyout-decrease qty _OR/Page_Shishkaberry  Ontario Cannabis/button_' is clicked on

2019-05-09 14:56:09 - [TEST_STEP][PASSED] - click(findTestObject("OCS_CRITICAL PATH/Cartflyout-decrease qty _OR/Page_Shishkaberry  Ontario Cannabis/button_")): Object: 'Object Repository/OCS_CRITICAL PATH/Cartflyout-decrease qty _OR/Page_Shishkaberry  Ontario Cannabis/button_' is clicked on

2019-05-09 14:56:09 - [MESSAGE][PASSED] - Object: 'Object Repository/OCS_CRITICAL PATH/Cartflyout-decrease qty _OR/Page_Shishkaberry  Ontario Cannabis/button_' is clicked on

2019-05-09 14:56:09 - [TEST_STEP][PASSED] - click(findTestObject("OCS_CRITICAL PATH/Cartflyout-decrease qty _OR/Page_Shishkaberry  Ontario Cannabis/button_")): Object: 'Object Repository/OCS_CRITICAL PATH/Cartflyout-decrease qty _OR/Page_Shishkaberry  Ontario Cannabis/button_' is clicked on

2019-05-09 14:56:11 - [MESSAGE][PASSED] - Object: 'Object Repository/OCS_CRITICAL PATH/Cartflyout-decrease qty _OR/Page_Shishkaberry  Ontario Cannabis/button_' is clicked on

2019-05-09 14:56:11 - [TEST_STEP][PASSED] - click(findTestObject("OCS_CRITICAL PATH/Cartflyout-decrease qty _OR/Page_Shishkaberry  Ontario Cannabis/button_")): Object: 'Object Repository/OCS_CRITICAL PATH/Cartflyout-decrease qty _OR/Page_Shishkaberry  Ontario Cannabis/button_' is clicked on

2019-05-09 14:56:12 - [MESSAGE][PASSED] - Object: 'Object Repository/OCS_CRITICAL PATH/Cartflyout-decrease qty _OR/Page_Shishkaberry  Ontario Cannabis/button_' is clicked on

2019-05-09 14:56:12 - [TEST_STEP][PASSED] - click(findTestObject("OCS_CRITICAL PATH/Cartflyout-decrease qty _OR/Page_Shishkaberry  Ontario Cannabis/span_Add to Bag")): Object: 'Object Repository/OCS_CRITICAL PATH/Cartflyout-decrease qty _OR/Page_Shishkaberry  Ontario Cannabis/span_Add to Bag' is clicked on

2019-05-09 14:56:14 - [MESSAGE][PASSED] - Object: 'Object Repository/OCS_CRITICAL PATH/Cartflyout-decrease qty _OR/Page_Shishkaberry  Ontario Cannabis/span_Add to Bag' is clicked on

2019-05-09 14:56:14 - [TEST_STEP][PASSED] - click(findTestObject("OCS_CRITICAL PATH/Cartflyout-decrease qty _OR/Page_Shishkaberry  Ontario Cannabis/div_-                         _1")): Object: 'Object Repository/OCS_CRITICAL PATH/Cartflyout-decrease qty _OR/Page_Shishkaberry  Ontario Cannabis/div_-                         _1' is clicked on

2019-05-09 14:56:16 - [MESSAGE][PASSED] - Object: 'Object Repository/OCS_CRITICAL PATH/Cartflyout-decrease qty _OR/Page_Shishkaberry  Ontario Cannabis/div_-                         _1' is clicked on

2019-05-09 14:56:16 - [TEST_STEP][PASSED] - a = getText(findTestObject("OCS_CRITICAL PATH/Cartflyout-decrease qty _OR/Page_Shishkaberry  Ontario Cannabis/Page_Shishkaberry  Ontario Cannabis/div_129.60")): Text of object 'Object Repository/OCS_CRITICAL PATH/Cartflyout-decrease qty _OR/Page_Shishkaberry  Ontario Cannabis/Page_Shishkaberry  Ontario Cannabis/div_129.60' is: '$194.40'

2019-05-09 14:56:16 - [MESSAGE][PASSED] - Text of object 'Object Repository/OCS_CRITICAL PATH/Cartflyout-decrease qty _OR/Page_Shishkaberry  Ontario Cannabis/Page_Shishkaberry  Ontario Cannabis/div_129.60' is: '$194.40'

2019-05-09 14:56:16 - [TEST_STEP][PASSED] - comment(a): $194.40

2019-05-09 14:56:16 - [MESSAGE][INFO] - $194.40

2019-05-09 14:56:16 - [TEST_STEP][PASSED] - b = a.substring(1): null

2019-05-09 14:56:16 - [TEST_STEP][PASSED] - comment(b): 194.40

2019-05-09 14:56:16 - [MESSAGE][INFO] - 194.40

2019-05-09 14:56:16 - [TEST_STEP][FAILED] - setText(findTestObject("OCS_CRITICAL PATH/Cartflyout-decrease qty _OR/Page_Shishkaberry  Ontario Cannabis/input_-_updates"), "5"): setText(findTestObject("OCS_CRITICAL PATH/Cartflyout-decrease qty _OR/Page_Shishkaberry  Ontario Cannabis/input_-_updates"), "5") FAILED.
Reason:
com.kms.katalon.core.exception.StepFailedException: Unable to set text '5' of object 'Object Repository/OCS_CRITICAL PATH/Cartflyout-decrease qty _OR/Page_Shishkaberry  Ontario Cannabis/input_-_updates' (Root cause: org.openqa.selenium.StaleElementReferenceException: The element reference of <input id="" class="" name="updates[]" type="number"> is stale; either the element is no longer attached to the DOM, it is not in the current frame context, or the document has been refreshed
For documentation on this error, please visit: http://seleniumhq.org/exceptions/stale_element_reference.html
Build info: version: '3.7.1', revision: '8a0099a', time: '2017-11-06T21:07:36.161Z'
System info: host: 'sumans-MacBook-Pro.local', ip: 'fe80:0:0:0:10eb:5cc2:8353:8144%en0', os.name: 'Mac OS X', os.arch: 'x86_64', os.version: '10.13.6', java.version: '1.8.0_181'
Driver info: com.kms.katalon.selenium.driver.CRemoteWebDriver
Capabilities {acceptInsecureCerts: false, browserName: firefox, browserVersion: 65.0, capabilities: {desiredCapabilities: {browserName: firefox, browserVersion: 65.0}}, javascriptEnabled: true, moz:accessibilityChecks: false, moz:headless: false, moz:processID: 4344, moz:profile: C:\Windows\proxy\rust_mozpr..., moz:shutdownTimeout: 60000, moz:useNonSpecCompliantPointerOrigin: false, moz:webdriverClick: true, pageLoadStrategy: normal, platform: WINDOWS, platformName: WINDOWS, platformVersion: 10.0, rotatable: false, setWindowRect: true, strictFileInteractability: false, timeouts: {implicit: 0, pageLoad: 300000, script: 30000}, unhandledPromptBehavior: dismiss and notify, webdriver.remote.sessionid: d1da6561e00e750a1d06735e195...}
Session ID: d1da6561e00e750a1d06735e19551fd86e6b70bf)
	at com.kms.katalon.core.keyword.internal.KeywordMain.stepFailed(KeywordMain.groovy:36)
	at com.kms.katalon.core.webui.keyword.internal.WebUIKeywordMain.stepFailed(WebUIKeywordMain.groovy:65)
	at com.kms.katalon.core.webui.keyword.internal.WebUIKeywordMain.runKeyword(WebUIKeywordMain.groovy:27)
	at com.kms.katalon.core.webui.keyword.builtin.SetTextKeyword.setText(SetTextKeyword.groovy:65)
	at com.kms.katalon.core.webui.keyword.builtin.SetTextKeyword.execute(SetTextKeyword.groovy:37)
	at com.kms.katalon.core.keyword.internal.KeywordExecutor.executeKeywordForPlatform(KeywordExecutor.groovy:53)
	at com.kms.katalon.core.webui.keyword.WebUiBuiltInKeywords.setText(WebUiBuiltInKeywords.groovy:950)
	at com.kms.katalon.core.webui.keyword.WebUiBuiltInKeywords$setText$6.call(Unknown Source)
	at Cart flyout- decrease qty.run(Cart flyout- decrease qty:77)
	at com.kms.katalon.core.main.ScriptEngine.run(ScriptEngine.java:194)
	at com.kms.katalon.core.main.ScriptEngine.runScriptAsRawText(ScriptEngine.java:119)
	at com.kms.katalon.core.main.TestCaseExecutor.runScript(TestCaseExecutor.java:328)
	at com.kms.katalon.core.main.TestCaseExecutor.doExecute(TestCaseExecutor.java:319)
	at com.kms.katalon.core.main.TestCaseExecutor.processExecutionPhase(TestCaseExecutor.java:298)
	at com.kms.katalon.core.main.TestCaseExecutor.accessMainPhase(TestCaseExecutor.java:290)
	at com.kms.katalon.core.main.TestCaseExecutor.execute(TestCaseExecutor.java:224)
	at com.kms.katalon.core.main.TestSuiteExecutor.accessTestCaseMainPhase(TestSuiteExecutor.java:129)
	at com.kms.katalon.core.main.TestSuiteExecutor.accessTestSuiteMainPhase(TestSuiteExecutor.java:112)
	at com.kms.katalon.core.main.TestSuiteExecutor.execute(TestSuiteExecutor.java:81)
	at com.kms.katalon.core.main.TestCaseMain.startTestSuite(TestCaseMain.java:149)
	at com.kms.katalon.core.main.TestCaseMain$startTestSuite$0.call(Unknown Source)
	at TempTestSuite1557427838424.run(TempTestSuite1557427838424.groovy:36)


2019-05-09 14:56:22 - [MESSAGE][FAILED] - Unable to set text '5' of object 'Object Repository/OCS_CRITICAL PATH/Cartflyout-decrease qty _OR/Page_Shishkaberry  Ontario Cannabis/input_-_updates' (Root cause: org.openqa.selenium.StaleElementReferenceException: The element reference of <input id="" class="" name="updates[]" type="number"> is stale; either the element is no longer attached to the DOM, it is not in the current frame context, or the document has been refreshed
For documentation on this error, please visit: http://seleniumhq.org/exceptions/stale_element_reference.html
Build info: version: '3.7.1', revision: '8a0099a', time: '2017-11-06T21:07:36.161Z'
System info: host: 'sumans-MacBook-Pro.local', ip: 'fe80:0:0:0:10eb:5cc2:8353:8144%en0', os.name: 'Mac OS X', os.arch: 'x86_64', os.version: '10.13.6', java.version: '1.8.0_181'
Driver info: com.kms.katalon.selenium.driver.CRemoteWebDriver
Capabilities {acceptInsecureCerts: false, browserName: firefox, browserVersion: 65.0, capabilities: {desiredCapabilities: {browserName: firefox, browserVersion: 65.0}}, javascriptEnabled: true, moz:accessibilityChecks: false, moz:headless: false, moz:processID: 4344, moz:profile: C:\Windows\proxy\rust_mozpr..., moz:shutdownTimeout: 60000, moz:useNonSpecCompliantPointerOrigin: false, moz:webdriverClick: true, pageLoadStrategy: normal, platform: WINDOWS, platformName: WINDOWS, platformVersion: 10.0, rotatable: false, setWindowRect: true, strictFileInteractability: false, timeouts: {implicit: 0, pageLoad: 300000, script: 30000}, unhandledPromptBehavior: dismiss and notify, webdriver.remote.sessionid: d1da6561e00e750a1d06735e195...}
Session ID: d1da6561e00e750a1d06735e19551fd86e6b70bf)
[[ATTACHMENT|/Users/sumankompelly/git/Sample-OCS/Reports/OCS-09-05-2019 - Theme2/CRITICAL PATH - 09-05-2019/20190509_145038/1557428178740.png]]

2019-05-09 14:56:22 - [MESSAGE][FAILED] - setText(findTestObject("OCS_CRITICAL PATH/Cartflyout-decrease qty _OR/Page_Shishkaberry  Ontario Cannabis/input_-_updates"), "5") FAILED.
Reason:
com.kms.katalon.core.exception.StepFailedException: Unable to set text '5' of object 'Object Repository/OCS_CRITICAL PATH/Cartflyout-decrease qty _OR/Page_Shishkaberry  Ontario Cannabis/input_-_updates' (Root cause: org.openqa.selenium.StaleElementReferenceException: The element reference of <input id="" class="" name="updates[]" type="number"> is stale; either the element is no longer attached to the DOM, it is not in the current frame context, or the document has been refreshed
For documentation on this error, please visit: http://seleniumhq.org/exceptions/stale_element_reference.html
Build info: version: '3.7.1', revision: '8a0099a', time: '2017-11-06T21:07:36.161Z'
System info: host: 'sumans-MacBook-Pro.local', ip: 'fe80:0:0:0:10eb:5cc2:8353:8144%en0', os.name: 'Mac OS X', os.arch: 'x86_64', os.version: '10.13.6', java.version: '1.8.0_181'
Driver info: com.kms.katalon.selenium.driver.CRemoteWebDriver
Capabilities {acceptInsecureCerts: false, browserName: firefox, browserVersion: 65.0, capabilities: {desiredCapabilities: {browserName: firefox, browserVersion: 65.0}}, javascriptEnabled: true, moz:accessibilityChecks: false, moz:headless: false, moz:processID: 4344, moz:profile: C:\Windows\proxy\rust_mozpr..., moz:shutdownTimeout: 60000, moz:useNonSpecCompliantPointerOrigin: false, moz:webdriverClick: true, pageLoadStrategy: normal, platform: WINDOWS, platformName: WINDOWS, platformVersion: 10.0, rotatable: false, setWindowRect: true, strictFileInteractability: false, timeouts: {implicit: 0, pageLoad: 300000, script: 30000}, unhandledPromptBehavior: dismiss and notify, webdriver.remote.sessionid: d1da6561e00e750a1d06735e195...}
Session ID: d1da6561e00e750a1d06735e19551fd86e6b70bf)
	at com.kms.katalon.core.keyword.internal.KeywordMain.stepFailed(KeywordMain.groovy:36)
	at com.kms.katalon.core.webui.keyword.internal.WebUIKeywordMain.stepFailed(WebUIKeywordMain.groovy:65)
	at com.kms.katalon.core.webui.keyword.internal.WebUIKeywordMain.runKeyword(WebUIKeywordMain.groovy:27)
	at com.kms.katalon.core.webui.keyword.builtin.SetTextKeyword.setText(SetTextKeyword.groovy:65)
	at com.kms.katalon.core.webui.keyword.builtin.SetTextKeyword.execute(SetTextKeyword.groovy:37)
	at com.kms.katalon.core.keyword.internal.KeywordExecutor.executeKeywordForPlatform(KeywordExecutor.groovy:53)
	at com.kms.katalon.core.webui.keyword.WebUiBuiltInKeywords.setText(WebUiBuiltInKeywords.groovy:950)
	at com.kms.katalon.core.webui.keyword.WebUiBuiltInKeywords$setText$6.call(Unknown Source)
	at Cart flyout- decrease qty.run(Cart flyout- decrease qty:77)
	at com.kms.katalon.core.main.ScriptEngine.run(ScriptEngine.java:194)
	at com.kms.katalon.core.main.ScriptEngine.runScriptAsRawText(ScriptEngine.java:119)
	at com.kms.katalon.core.main.TestCaseExecutor.runScript(TestCaseExecutor.java:328)
	at com.kms.katalon.core.main.TestCaseExecutor.doExecute(TestCaseExecutor.java:319)
	at com.kms.katalon.core.main.TestCaseExecutor.processExecutionPhase(TestCaseExecutor.java:298)
	at com.kms.katalon.core.main.TestCaseExecutor.accessMainPhase(TestCaseExecutor.java:290)
	at com.kms.katalon.core.main.TestCaseExecutor.execute(TestCaseExecutor.java:224)
	at com.kms.katalon.core.main.TestSuiteExecutor.accessTestCaseMainPhase(TestSuiteExecutor.java:129)
	at com.kms.katalon.core.main.TestSuiteExecutor.accessTestSuiteMainPhase(TestSuiteExecutor.java:112)
	at com.kms.katalon.core.main.TestSuiteExecutor.execute(TestSuiteExecutor.java:81)
	at com.kms.katalon.core.main.TestCaseMain.startTestSuite(TestCaseMain.java:149)
	at com.kms.katalon.core.main.TestCaseMain$startTestSuite$0.call(Unknown Source)
	at TempTestSuite1557427838424.run(TempTestSuite1557427838424.groovy:36)]]></system-out>
         <system-err><![CDATA[2019-05-09 14:54:14 - [TEST_CASE][FAILED] - Test Cases/OCS- CRITICAL PATH/Cart flyout- decrease qty: Test Cases/OCS- CRITICAL PATH/Cart flyout- decrease qty FAILED.
Reason:
com.kms.katalon.core.exception.StepFailedException: Unable to set text '5' of object 'Object Repository/OCS_CRITICAL PATH/Cartflyout-decrease qty _OR/Page_Shishkaberry  Ontario Cannabis/input_-_updates' (Root cause: org.openqa.selenium.StaleElementReferenceException: The element reference of <input id="" class="" name="updates[]" type="number"> is stale; either the element is no longer attached to the DOM, it is not in the current frame context, or the document has been refreshed
For documentation on this error, please visit: http://seleniumhq.org/exceptions/stale_element_reference.html
Build info: version: '3.7.1', revision: '8a0099a', time: '2017-11-06T21:07:36.161Z'
System info: host: 'sumans-MacBook-Pro.local', ip: 'fe80:0:0:0:10eb:5cc2:8353:8144%en0', os.name: 'Mac OS X', os.arch: 'x86_64', os.version: '10.13.6', java.version: '1.8.0_181'
Driver info: com.kms.katalon.selenium.driver.CRemoteWebDriver
Capabilities {acceptInsecureCerts: false, browserName: firefox, browserVersion: 65.0, capabilities: {desiredCapabilities: {browserName: firefox, browserVersion: 65.0}}, javascriptEnabled: true, moz:accessibilityChecks: false, moz:headless: false, moz:processID: 4344, moz:profile: C:\Windows\proxy\rust_mozpr..., moz:shutdownTimeout: 60000, moz:useNonSpecCompliantPointerOrigin: false, moz:webdriverClick: true, pageLoadStrategy: normal, platform: WINDOWS, platformName: WINDOWS, platformVersion: 10.0, rotatable: false, setWindowRect: true, strictFileInteractability: false, timeouts: {implicit: 0, pageLoad: 300000, script: 30000}, unhandledPromptBehavior: dismiss and notify, webdriver.remote.sessionid: d1da6561e00e750a1d06735e195...}
Session ID: d1da6561e00e750a1d06735e19551fd86e6b70bf)
	at com.kms.katalon.core.keyword.internal.KeywordMain.stepFailed(KeywordMain.groovy:36)
	at com.kms.katalon.core.webui.keyword.internal.WebUIKeywordMain.stepFailed(WebUIKeywordMain.groovy:65)
	at com.kms.katalon.core.webui.keyword.internal.WebUIKeywordMain.runKeyword(WebUIKeywordMain.groovy:27)
	at com.kms.katalon.core.webui.keyword.builtin.SetTextKeyword.setText(SetTextKeyword.groovy:65)
	at com.kms.katalon.core.webui.keyword.builtin.SetTextKeyword.execute(SetTextKeyword.groovy:37)
	at com.kms.katalon.core.keyword.internal.KeywordExecutor.executeKeywordForPlatform(KeywordExecutor.groovy:53)
	at com.kms.katalon.core.webui.keyword.WebUiBuiltInKeywords.setText(WebUiBuiltInKeywords.groovy:950)
	at com.kms.katalon.core.webui.keyword.WebUiBuiltInKeywords$setText$6.call(Unknown Source)
	at Cart flyout- decrease qty.run(Cart flyout- decrease qty:77)
	at com.kms.katalon.core.main.ScriptEngine.run(ScriptEngine.java:194)
	at com.kms.katalon.core.main.ScriptEngine.runScriptAsRawText(ScriptEngine.java:119)
	at com.kms.katalon.core.main.TestCaseExecutor.runScript(TestCaseExecutor.java:328)
	at com.kms.katalon.core.main.TestCaseExecutor.doExecute(TestCaseExecutor.java:319)
	at com.kms.katalon.core.main.TestCaseExecutor.processExecutionPhase(TestCaseExecutor.java:298)
	at com.kms.katalon.core.main.TestCaseExecutor.accessMainPhase(TestCaseExecutor.java:290)
	at com.kms.katalon.core.main.TestCaseExecutor.execute(TestCaseExecutor.java:224)
	at com.kms.katalon.core.main.TestSuiteExecutor.accessTestCaseMainPhase(TestSuiteExecutor.java:129)
	at com.kms.katalon.core.main.TestSuiteExecutor.accessTestSuiteMainPhase(TestSuiteExecutor.java:112)
	at com.kms.katalon.core.main.TestSuiteExecutor.execute(TestSuiteExecutor.java:81)
	at com.kms.katalon.core.main.TestCaseMain.startTestSuite(TestCaseMain.java:149)
	at com.kms.katalon.core.main.TestCaseMain$startTestSuite$0.call(Unknown Source)
	at TempTestSuite1557427838424.run(TempTestSuite1557427838424.groovy:36)]]></system-err>
      </testcase>
      <testcase name="Test Cases/OCS- CRITICAL PATH/Cart flyout- increase qty" classname="Test Cases/OCS- CRITICAL PATH/Cart flyout- increase qty" status="FAILED">
         <failure type="FAILED" message="Test Cases/OCS- CRITICAL PATH/Cart flyout- increase qty FAILED.
Reason:
com.kms.katalon.core.exception.StepFailedException: Unable to set text '3' of object 'Object Repository/cart flyout_OR/Page_Shishkaberry  Ontario Cannabis/input_-_updates' (Root cause: org.openqa.selenium.StaleElementReferenceException: The element reference of &lt;input id=&quot;&quot; class=&quot;&quot; name=&quot;updates[]&quot; type=&quot;number&quot;> is stale; either the element is no longer attached to the DOM, it is not in the current frame context, or the document has been refreshed
For documentation on this error, please visit: http://seleniumhq.org/exceptions/stale_element_reference.html
Build info: version: '3.7.1', revision: '8a0099a', time: '2017-11-06T21:07:36.161Z'
System info: host: 'sumans-MacBook-Pro.local', ip: 'fe80:0:0:0:10eb:5cc2:8353:8144%en0', os.name: 'Mac OS X', os.arch: 'x86_64', os.version: '10.13.6', java.version: '1.8.0_181'
Driver info: com.kms.katalon.selenium.driver.CRemoteWebDriver
Capabilities {acceptInsecureCerts: false, browserName: firefox, browserVersion: 65.0, capabilities: {desiredCapabilities: {browserName: firefox, browserVersion: 65.0}}, javascriptEnabled: true, moz:accessibilityChecks: false, moz:headless: false, moz:processID: 8388, moz:profile: C:\Windows\proxy\rust_mozpr..., moz:shutdownTimeout: 60000, moz:useNonSpecCompliantPointerOrigin: false, moz:webdriverClick: true, pageLoadStrategy: normal, platform: WINDOWS, platformName: WINDOWS, platformVersion: 10.0, rotatable: false, setWindowRect: true, strictFileInteractability: false, timeouts: {implicit: 0, pageLoad: 300000, script: 30000}, unhandledPromptBehavior: dismiss and notify, webdriver.remote.sessionid: bce2d3a1a15923b9d5e4e225801...}
Session ID: bce2d3a1a15923b9d5e4e225801f2adfda531e78)
	at com.kms.katalon.core.keyword.internal.KeywordMain.stepFailed(KeywordMain.groovy:36)
	at com.kms.katalon.core.webui.keyword.internal.WebUIKeywordMain.stepFailed(WebUIKeywordMain.groovy:65)
	at com.kms.katalon.core.webui.keyword.internal.WebUIKeywordMain.runKeyword(WebUIKeywordMain.groovy:27)
	at com.kms.katalon.core.webui.keyword.builtin.SetTextKeyword.setText(SetTextKeyword.groovy:65)
	at com.kms.katalon.core.webui.keyword.builtin.SetTextKeyword.execute(SetTextKeyword.groovy:37)
	at com.kms.katalon.core.keyword.internal.KeywordExecutor.executeKeywordForPlatform(KeywordExecutor.groovy:53)
	at com.kms.katalon.core.webui.keyword.WebUiBuiltInKeywords.setText(WebUiBuiltInKeywords.groovy:950)
	at com.kms.katalon.core.webui.keyword.WebUiBuiltInKeywords$setText$6.call(Unknown Source)
	at Cart flyout- increase qty.run(Cart flyout- increase qty:67)
	at com.kms.katalon.core.main.ScriptEngine.run(ScriptEngine.java:194)
	at com.kms.katalon.core.main.ScriptEngine.runScriptAsRawText(ScriptEngine.java:119)
	at com.kms.katalon.core.main.TestCaseExecutor.runScript(TestCaseExecutor.java:328)
	at com.kms.katalon.core.main.TestCaseExecutor.doExecute(TestCaseExecutor.java:319)
	at com.kms.katalon.core.main.TestCaseExecutor.processExecutionPhase(TestCaseExecutor.java:298)
	at com.kms.katalon.core.main.TestCaseExecutor.accessMainPhase(TestCaseExecutor.java:290)
	at com.kms.katalon.core.main.TestCaseExecutor.execute(TestCaseExecutor.java:224)
	at com.kms.katalon.core.main.TestSuiteExecutor.accessTestCaseMainPhase(TestSuiteExecutor.java:129)
	at com.kms.katalon.core.main.TestSuiteExecutor.accessTestSuiteMainPhase(TestSuiteExecutor.java:112)
	at com.kms.katalon.core.main.TestSuiteExecutor.execute(TestSuiteExecutor.java:81)
	at com.kms.katalon.core.main.TestCaseMain.startTestSuite(TestCaseMain.java:149)
	at com.kms.katalon.core.main.TestCaseMain$startTestSuite$0.call(Unknown Source)
	at TempTestSuite1557427838424.run(TempTestSuite1557427838424.groovy:36)
"/>
         <system-out><![CDATA[2019-05-09 14:56:22 - [TEST_CASE][FAILED] - Test Cases/OCS- CRITICAL PATH/Cart flyout- increase qty: Test Cases/OCS- CRITICAL PATH/Cart flyout- increase qty FAILED.
Reason:
com.kms.katalon.core.exception.StepFailedException: Unable to set text '3' of object 'Object Repository/cart flyout_OR/Page_Shishkaberry  Ontario Cannabis/input_-_updates' (Root cause: org.openqa.selenium.StaleElementReferenceException: The element reference of <input id="" class="" name="updates[]" type="number"> is stale; either the element is no longer attached to the DOM, it is not in the current frame context, or the document has been refreshed
For documentation on this error, please visit: http://seleniumhq.org/exceptions/stale_element_reference.html
Build info: version: '3.7.1', revision: '8a0099a', time: '2017-11-06T21:07:36.161Z'
System info: host: 'sumans-MacBook-Pro.local', ip: 'fe80:0:0:0:10eb:5cc2:8353:8144%en0', os.name: 'Mac OS X', os.arch: 'x86_64', os.version: '10.13.6', java.version: '1.8.0_181'
Driver info: com.kms.katalon.selenium.driver.CRemoteWebDriver
Capabilities {acceptInsecureCerts: false, browserName: firefox, browserVersion: 65.0, capabilities: {desiredCapabilities: {browserName: firefox, browserVersion: 65.0}}, javascriptEnabled: true, moz:accessibilityChecks: false, moz:headless: false, moz:processID: 8388, moz:profile: C:\Windows\proxy\rust_mozpr..., moz:shutdownTimeout: 60000, moz:useNonSpecCompliantPointerOrigin: false, moz:webdriverClick: true, pageLoadStrategy: normal, platform: WINDOWS, platformName: WINDOWS, platformVersion: 10.0, rotatable: false, setWindowRect: true, strictFileInteractability: false, timeouts: {implicit: 0, pageLoad: 300000, script: 30000}, unhandledPromptBehavior: dismiss and notify, webdriver.remote.sessionid: bce2d3a1a15923b9d5e4e225801...}
Session ID: bce2d3a1a15923b9d5e4e225801f2adfda531e78)
	at com.kms.katalon.core.keyword.internal.KeywordMain.stepFailed(KeywordMain.groovy:36)
	at com.kms.katalon.core.webui.keyword.internal.WebUIKeywordMain.stepFailed(WebUIKeywordMain.groovy:65)
	at com.kms.katalon.core.webui.keyword.internal.WebUIKeywordMain.runKeyword(WebUIKeywordMain.groovy:27)
	at com.kms.katalon.core.webui.keyword.builtin.SetTextKeyword.setText(SetTextKeyword.groovy:65)
	at com.kms.katalon.core.webui.keyword.builtin.SetTextKeyword.execute(SetTextKeyword.groovy:37)
	at com.kms.katalon.core.keyword.internal.KeywordExecutor.executeKeywordForPlatform(KeywordExecutor.groovy:53)
	at com.kms.katalon.core.webui.keyword.WebUiBuiltInKeywords.setText(WebUiBuiltInKeywords.groovy:950)
	at com.kms.katalon.core.webui.keyword.WebUiBuiltInKeywords$setText$6.call(Unknown Source)
	at Cart flyout- increase qty.run(Cart flyout- increase qty:67)
	at com.kms.katalon.core.main.ScriptEngine.run(ScriptEngine.java:194)
	at com.kms.katalon.core.main.ScriptEngine.runScriptAsRawText(ScriptEngine.java:119)
	at com.kms.katalon.core.main.TestCaseExecutor.runScript(TestCaseExecutor.java:328)
	at com.kms.katalon.core.main.TestCaseExecutor.doExecute(TestCaseExecutor.java:319)
	at com.kms.katalon.core.main.TestCaseExecutor.processExecutionPhase(TestCaseExecutor.java:298)
	at com.kms.katalon.core.main.TestCaseExecutor.accessMainPhase(TestCaseExecutor.java:290)
	at com.kms.katalon.core.main.TestCaseExecutor.execute(TestCaseExecutor.java:224)
	at com.kms.katalon.core.main.TestSuiteExecutor.accessTestCaseMainPhase(TestSuiteExecutor.java:129)
	at com.kms.katalon.core.main.TestSuiteExecutor.accessTestSuiteMainPhase(TestSuiteExecutor.java:112)
	at com.kms.katalon.core.main.TestSuiteExecutor.execute(TestSuiteExecutor.java:81)
	at com.kms.katalon.core.main.TestCaseMain.startTestSuite(TestCaseMain.java:149)
	at com.kms.katalon.core.main.TestCaseMain$startTestSuite$0.call(Unknown Source)
	at TempTestSuite1557427838424.run(TempTestSuite1557427838424.groovy:36)


2019-05-09 14:56:22 - [TEST_STEP][PASSED] - openBrowser(""): Browser is opened with url: ''

2019-05-09 14:56:22 - [MESSAGE][WARNING] - A browser is already opened. Closing browser and opening a new one

2019-05-09 14:56:23 - [MESSAGE][INFO] - Starting 'Remote' driver

2019-05-09 14:56:23 - [MESSAGE][INFO] - User set preference: ['os', 'windows']

2019-05-09 14:56:23 - [MESSAGE][INFO] - User set preference: ['os_version', '10']

2019-05-09 14:56:23 - [MESSAGE][INFO] - User set preference: ['browser', 'Firefox']

2019-05-09 14:56:23 - [MESSAGE][INFO] - User set preference: ['browser_version', '65']

2019-05-09 14:56:23 - [MESSAGE][INFO] - User set preference: ['resolution', '1280x800']

2019-05-09 14:56:23 - [MESSAGE][INFO] - Connecting to remote web server 'https://dianatest3:Z3oqw9ysqTeRQJq5wFCp@hub-cloud.browserstack.com/wd/hub' with type 'Selenium'

2019-05-09 14:56:32 - [MESSAGE][PASSED] - Browser is opened with url: ''

2019-05-09 14:56:32 - [TEST_STEP][PASSED] - navigateToUrl("https://ocs.ca/?fts=0&preview_theme_id=53373863756"): Navigate to 'https://ocs.ca/?fts=0&preview_theme_id=53373863756' successfully

2019-05-09 14:56:39 - [MESSAGE][PASSED] - Navigate to 'https://ocs.ca/?fts=0&preview_theme_id=53373863756' successfully

2019-05-09 14:56:39 - [TEST_STEP][PASSED] - click(findTestObject("Object Repository/Theme_oR/Page_Ontario Cannabis Store  Ontari/button_Close preview")): Object: 'Object Repository/Theme_oR/Page_Ontario Cannabis Store  Ontari/button_Close preview' is clicked on

2019-05-09 14:56:41 - [MESSAGE][PASSED] - Object: 'Object Repository/Theme_oR/Page_Ontario Cannabis Store  Ontari/button_Close preview' is clicked on

2019-05-09 14:56:41 - [TEST_STEP][PASSED] - maximizeWindow(): Current window maximized

2019-05-09 14:56:41 - [MESSAGE][PASSED] - Current window maximized

2019-05-09 14:56:41 - [TEST_STEP][PASSED] - selectOptionByValue(findTestObject("cart flyout_OR/Page_Ontario Cannabis Store  Ontari/select_Select01020304050607080"), "18", true): All options with value '18' are selected in object 'Object Repository/cart flyout_OR/Page_Ontario Cannabis Store  Ontari/select_Select01020304050607080'  using regular expression

2019-05-09 14:56:51 - [MESSAGE][PASSED] - All options with value '18' are selected in object 'Object Repository/cart flyout_OR/Page_Ontario Cannabis Store  Ontari/select_Select01020304050607080'  using regular expression

2019-05-09 14:56:51 - [TEST_STEP][PASSED] - selectOptionByValue(findTestObject("cart flyout_OR/Page_Ontario Cannabis Store  Ontari/select_SelectJanuary - 01Febru"), "9", true): All options with value '9' are selected in object 'Object Repository/cart flyout_OR/Page_Ontario Cannabis Store  Ontari/select_SelectJanuary - 01Febru'  using regular expression

2019-05-09 14:56:57 - [MESSAGE][PASSED] - All options with value '9' are selected in object 'Object Repository/cart flyout_OR/Page_Ontario Cannabis Store  Ontari/select_SelectJanuary - 01Febru'  using regular expression

2019-05-09 14:56:57 - [TEST_STEP][PASSED] - selectOptionByValue(findTestObject("cart flyout_OR/Page_Ontario Cannabis Store  Ontari/select_Select20182017201620152"), "1933", true): All options with value '1933' are selected in object 'Object Repository/cart flyout_OR/Page_Ontario Cannabis Store  Ontari/select_Select20182017201620152'  using regular expression

2019-05-09 14:57:22 - [MESSAGE][PASSED] - All options with value '1933' are selected in object 'Object Repository/cart flyout_OR/Page_Ontario Cannabis Store  Ontari/select_Select20182017201620152'  using regular expression

2019-05-09 14:57:22 - [TEST_STEP][PASSED] - click(findTestObject("cart flyout_OR/Page_Ontario Cannabis Store  Ontari/button_Verify")): Object: 'Object Repository/cart flyout_OR/Page_Ontario Cannabis Store  Ontari/button_Verify' is clicked on

2019-05-09 14:57:23 - [MESSAGE][PASSED] - Object: 'Object Repository/cart flyout_OR/Page_Ontario Cannabis Store  Ontari/button_Verify' is clicked on

2019-05-09 14:57:23 - [TEST_STEP][PASSED] - click(findTestObject("cart flyout_OR/Page_Ontario Cannabis Store  Ontari/span_CONFIRM AND ACKNOWLEDGE_c")): Object: 'Object Repository/cart flyout_OR/Page_Ontario Cannabis Store  Ontari/span_CONFIRM AND ACKNOWLEDGE_c' is clicked on

2019-05-09 14:57:24 - [MESSAGE][PASSED] - Object: 'Object Repository/cart flyout_OR/Page_Ontario Cannabis Store  Ontari/span_CONFIRM AND ACKNOWLEDGE_c' is clicked on

2019-05-09 14:57:24 - [TEST_STEP][PASSED] - click(findTestObject("cart flyout_OR/Page_Ontario Cannabis Store  Ontari/button_CONFIRM")): Object: 'Object Repository/cart flyout_OR/Page_Ontario Cannabis Store  Ontari/button_CONFIRM' is clicked on

2019-05-09 14:57:24 - [MESSAGE][PASSED] - Object: 'Object Repository/cart flyout_OR/Page_Ontario Cannabis Store  Ontari/button_CONFIRM' is clicked on

2019-05-09 14:57:24 - [TEST_STEP][PASSED] - click(findTestObject("cart flyout_OR/Page_Ontario Cannabis Store  Ontari/button_Start Browsing")): Object: 'Object Repository/cart flyout_OR/Page_Ontario Cannabis Store  Ontari/button_Start Browsing' is clicked on

2019-05-09 14:57:25 - [MESSAGE][PASSED] - Object: 'Object Repository/cart flyout_OR/Page_Ontario Cannabis Store  Ontari/button_Start Browsing' is clicked on

2019-05-09 14:57:25 - [TEST_STEP][PASSED] - mouseOver(findTestObject("OCS_CRITICAL PATH/Cartflyout-decrease qty _OR/Page_Ontario Cannabis Store  Ontari/h3_Cannabis")): Object: 'Object Repository/OCS_CRITICAL PATH/Cartflyout-decrease qty _OR/Page_Ontario Cannabis Store  Ontari/h3_Cannabis' is hovered

2019-05-09 14:57:25 - [MESSAGE][PASSED] - Object: 'Object Repository/OCS_CRITICAL PATH/Cartflyout-decrease qty _OR/Page_Ontario Cannabis Store  Ontari/h3_Cannabis' is hovered

2019-05-09 14:57:25 - [TEST_STEP][PASSED] - delay(2): Delayed 2 second(s)

2019-05-09 14:57:27 - [MESSAGE][PASSED] - Delayed 2 second(s)

2019-05-09 14:57:27 - [TEST_STEP][PASSED] - click(findTestObject("OCS_CRITICAL PATH/Cartflyout-decrease qty _OR/Page_Ontario Cannabis Store  Ontari/span_Indica Dominant")): Object: 'Object Repository/OCS_CRITICAL PATH/Cartflyout-decrease qty _OR/Page_Ontario Cannabis Store  Ontari/span_Indica Dominant' is clicked on

2019-05-09 14:57:32 - [MESSAGE][PASSED] - Object: 'Object Repository/OCS_CRITICAL PATH/Cartflyout-decrease qty _OR/Page_Ontario Cannabis Store  Ontari/span_Indica Dominant' is clicked on

2019-05-09 14:57:32 - [TEST_STEP][PASSED] - delay(3): Delayed 3 second(s)

2019-05-09 14:57:35 - [MESSAGE][PASSED] - Delayed 3 second(s)

2019-05-09 14:57:35 - [TEST_STEP][PASSED] - click(findTestObject("OCS_CRITICAL PATH/Cartflyout-decrease qty _OR/Page_Indica Dominant Dried Flower/h3_Shishkaberry")): Object: 'Object Repository/OCS_CRITICAL PATH/Cartflyout-decrease qty _OR/Page_Indica Dominant Dried Flower/h3_Shishkaberry' is clicked on

2019-05-09 14:57:40 - [MESSAGE][PASSED] - Object: 'Object Repository/OCS_CRITICAL PATH/Cartflyout-decrease qty _OR/Page_Indica Dominant Dried Flower/h3_Shishkaberry' is clicked on

2019-05-09 14:57:40 - [TEST_STEP][PASSED] - click(findTestObject("OCS_CRITICAL PATH/Cartflyout-decrease qty _OR/Page_Shishkaberry  Ontario Cannabis/div_3.5g")): Object: 'Object Repository/OCS_CRITICAL PATH/Cartflyout-decrease qty _OR/Page_Shishkaberry  Ontario Cannabis/div_3.5g' is clicked on

2019-05-09 14:57:41 - [MESSAGE][PASSED] - Object: 'Object Repository/OCS_CRITICAL PATH/Cartflyout-decrease qty _OR/Page_Shishkaberry  Ontario Cannabis/div_3.5g' is clicked on

2019-05-09 14:57:41 - [TEST_STEP][PASSED] - delay(2): Delayed 2 second(s)

2019-05-09 14:57:43 - [MESSAGE][PASSED] - Delayed 2 second(s)

2019-05-09 14:57:43 - [TEST_STEP][NOT_RUN] - click(findTestObject("Object Repository/cart flyout_OR/Page_Shishkaberry  Ontario Cannabis/button_")): NOT_RUN: click(findTestObject("Object Repository/cart flyout_OR/Page_Shishkaberry  Ontario Cannabis/button_"))

2019-05-09 14:57:43 - [MESSAGE][NOT_RUN] - NOT_RUN: click(findTestObject("Object Repository/cart flyout_OR/Page_Shishkaberry  Ontario Cannabis/button_"))

2019-05-09 14:57:43 - [TEST_STEP][PASSED] - click(findTestObject("OCS_CRITICAL PATH/Cartflyout-decrease qty _OR/Page_Shishkaberry  Ontario Cannabis/span_Add to Bag")): Object: 'Object Repository/OCS_CRITICAL PATH/Cartflyout-decrease qty _OR/Page_Shishkaberry  Ontario Cannabis/span_Add to Bag' is clicked on

2019-05-09 14:57:44 - [MESSAGE][PASSED] - Object: 'Object Repository/OCS_CRITICAL PATH/Cartflyout-decrease qty _OR/Page_Shishkaberry  Ontario Cannabis/span_Add to Bag' is clicked on

2019-05-09 14:57:44 - [TEST_STEP][PASSED] - a = getText(findTestObject("cart flyout_OR/Page_Shishkaberry  Ontario Cannabis/div_129.60 (1)")): Text of object 'Object Repository/cart flyout_OR/Page_Shishkaberry  Ontario Cannabis/div_129.60 (1)' is: '$32.40'

2019-05-09 14:57:45 - [MESSAGE][PASSED] - Text of object 'Object Repository/cart flyout_OR/Page_Shishkaberry  Ontario Cannabis/div_129.60 (1)' is: '$32.40'

2019-05-09 14:57:45 - [TEST_STEP][PASSED] - comment(a): $32.40

2019-05-09 14:57:45 - [MESSAGE][INFO] - $32.40

2019-05-09 14:57:45 - [TEST_STEP][PASSED] - b = a.substring(1): null

2019-05-09 14:57:45 - [TEST_STEP][PASSED] - comment(b): 32.40

2019-05-09 14:57:45 - [MESSAGE][INFO] - 32.40

2019-05-09 14:57:45 - [TEST_STEP][FAILED] - setText(findTestObject("cart flyout_OR/Page_Shishkaberry  Ontario Cannabis/input_-_updates"), "3"): setText(findTestObject("cart flyout_OR/Page_Shishkaberry  Ontario Cannabis/input_-_updates"), "3") FAILED.
Reason:
com.kms.katalon.core.exception.StepFailedException: Unable to set text '3' of object 'Object Repository/cart flyout_OR/Page_Shishkaberry  Ontario Cannabis/input_-_updates' (Root cause: org.openqa.selenium.StaleElementReferenceException: The element reference of <input id="" class="" name="updates[]" type="number"> is stale; either the element is no longer attached to the DOM, it is not in the current frame context, or the document has been refreshed
For documentation on this error, please visit: http://seleniumhq.org/exceptions/stale_element_reference.html
Build info: version: '3.7.1', revision: '8a0099a', time: '2017-11-06T21:07:36.161Z'
System info: host: 'sumans-MacBook-Pro.local', ip: 'fe80:0:0:0:10eb:5cc2:8353:8144%en0', os.name: 'Mac OS X', os.arch: 'x86_64', os.version: '10.13.6', java.version: '1.8.0_181'
Driver info: com.kms.katalon.selenium.driver.CRemoteWebDriver
Capabilities {acceptInsecureCerts: false, browserName: firefox, browserVersion: 65.0, capabilities: {desiredCapabilities: {browserName: firefox, browserVersion: 65.0}}, javascriptEnabled: true, moz:accessibilityChecks: false, moz:headless: false, moz:processID: 8388, moz:profile: C:\Windows\proxy\rust_mozpr..., moz:shutdownTimeout: 60000, moz:useNonSpecCompliantPointerOrigin: false, moz:webdriverClick: true, pageLoadStrategy: normal, platform: WINDOWS, platformName: WINDOWS, platformVersion: 10.0, rotatable: false, setWindowRect: true, strictFileInteractability: false, timeouts: {implicit: 0, pageLoad: 300000, script: 30000}, unhandledPromptBehavior: dismiss and notify, webdriver.remote.sessionid: bce2d3a1a15923b9d5e4e225801...}
Session ID: bce2d3a1a15923b9d5e4e225801f2adfda531e78)
	at com.kms.katalon.core.keyword.internal.KeywordMain.stepFailed(KeywordMain.groovy:36)
	at com.kms.katalon.core.webui.keyword.internal.WebUIKeywordMain.stepFailed(WebUIKeywordMain.groovy:65)
	at com.kms.katalon.core.webui.keyword.internal.WebUIKeywordMain.runKeyword(WebUIKeywordMain.groovy:27)
	at com.kms.katalon.core.webui.keyword.builtin.SetTextKeyword.setText(SetTextKeyword.groovy:65)
	at com.kms.katalon.core.webui.keyword.builtin.SetTextKeyword.execute(SetTextKeyword.groovy:37)
	at com.kms.katalon.core.keyword.internal.KeywordExecutor.executeKeywordForPlatform(KeywordExecutor.groovy:53)
	at com.kms.katalon.core.webui.keyword.WebUiBuiltInKeywords.setText(WebUiBuiltInKeywords.groovy:950)
	at com.kms.katalon.core.webui.keyword.WebUiBuiltInKeywords$setText$6.call(Unknown Source)
	at Cart flyout- increase qty.run(Cart flyout- increase qty:67)
	at com.kms.katalon.core.main.ScriptEngine.run(ScriptEngine.java:194)
	at com.kms.katalon.core.main.ScriptEngine.runScriptAsRawText(ScriptEngine.java:119)
	at com.kms.katalon.core.main.TestCaseExecutor.runScript(TestCaseExecutor.java:328)
	at com.kms.katalon.core.main.TestCaseExecutor.doExecute(TestCaseExecutor.java:319)
	at com.kms.katalon.core.main.TestCaseExecutor.processExecutionPhase(TestCaseExecutor.java:298)
	at com.kms.katalon.core.main.TestCaseExecutor.accessMainPhase(TestCaseExecutor.java:290)
	at com.kms.katalon.core.main.TestCaseExecutor.execute(TestCaseExecutor.java:224)
	at com.kms.katalon.core.main.TestSuiteExecutor.accessTestCaseMainPhase(TestSuiteExecutor.java:129)
	at com.kms.katalon.core.main.TestSuiteExecutor.accessTestSuiteMainPhase(TestSuiteExecutor.java:112)
	at com.kms.katalon.core.main.TestSuiteExecutor.execute(TestSuiteExecutor.java:81)
	at com.kms.katalon.core.main.TestCaseMain.startTestSuite(TestCaseMain.java:149)
	at com.kms.katalon.core.main.TestCaseMain$startTestSuite$0.call(Unknown Source)
	at TempTestSuite1557427838424.run(TempTestSuite1557427838424.groovy:36)


2019-05-09 14:57:47 - [MESSAGE][FAILED] - Unable to set text '3' of object 'Object Repository/cart flyout_OR/Page_Shishkaberry  Ontario Cannabis/input_-_updates' (Root cause: org.openqa.selenium.StaleElementReferenceException: The element reference of <input id="" class="" name="updates[]" type="number"> is stale; either the element is no longer attached to the DOM, it is not in the current frame context, or the document has been refreshed
For documentation on this error, please visit: http://seleniumhq.org/exceptions/stale_element_reference.html
Build info: version: '3.7.1', revision: '8a0099a', time: '2017-11-06T21:07:36.161Z'
System info: host: 'sumans-MacBook-Pro.local', ip: 'fe80:0:0:0:10eb:5cc2:8353:8144%en0', os.name: 'Mac OS X', os.arch: 'x86_64', os.version: '10.13.6', java.version: '1.8.0_181'
Driver info: com.kms.katalon.selenium.driver.CRemoteWebDriver
Capabilities {acceptInsecureCerts: false, browserName: firefox, browserVersion: 65.0, capabilities: {desiredCapabilities: {browserName: firefox, browserVersion: 65.0}}, javascriptEnabled: true, moz:accessibilityChecks: false, moz:headless: false, moz:processID: 8388, moz:profile: C:\Windows\proxy\rust_mozpr..., moz:shutdownTimeout: 60000, moz:useNonSpecCompliantPointerOrigin: false, moz:webdriverClick: true, pageLoadStrategy: normal, platform: WINDOWS, platformName: WINDOWS, platformVersion: 10.0, rotatable: false, setWindowRect: true, strictFileInteractability: false, timeouts: {implicit: 0, pageLoad: 300000, script: 30000}, unhandledPromptBehavior: dismiss and notify, webdriver.remote.sessionid: bce2d3a1a15923b9d5e4e225801...}
Session ID: bce2d3a1a15923b9d5e4e225801f2adfda531e78)
[[ATTACHMENT|/Users/sumankompelly/git/Sample-OCS/Reports/OCS-09-05-2019 - Theme2/CRITICAL PATH - 09-05-2019/20190509_145038/1557428265634.png]]

2019-05-09 14:57:47 - [MESSAGE][FAILED] - setText(findTestObject("cart flyout_OR/Page_Shishkaberry  Ontario Cannabis/input_-_updates"), "3") FAILED.
Reason:
com.kms.katalon.core.exception.StepFailedException: Unable to set text '3' of object 'Object Repository/cart flyout_OR/Page_Shishkaberry  Ontario Cannabis/input_-_updates' (Root cause: org.openqa.selenium.StaleElementReferenceException: The element reference of <input id="" class="" name="updates[]" type="number"> is stale; either the element is no longer attached to the DOM, it is not in the current frame context, or the document has been refreshed
For documentation on this error, please visit: http://seleniumhq.org/exceptions/stale_element_reference.html
Build info: version: '3.7.1', revision: '8a0099a', time: '2017-11-06T21:07:36.161Z'
System info: host: 'sumans-MacBook-Pro.local', ip: 'fe80:0:0:0:10eb:5cc2:8353:8144%en0', os.name: 'Mac OS X', os.arch: 'x86_64', os.version: '10.13.6', java.version: '1.8.0_181'
Driver info: com.kms.katalon.selenium.driver.CRemoteWebDriver
Capabilities {acceptInsecureCerts: false, browserName: firefox, browserVersion: 65.0, capabilities: {desiredCapabilities: {browserName: firefox, browserVersion: 65.0}}, javascriptEnabled: true, moz:accessibilityChecks: false, moz:headless: false, moz:processID: 8388, moz:profile: C:\Windows\proxy\rust_mozpr..., moz:shutdownTimeout: 60000, moz:useNonSpecCompliantPointerOrigin: false, moz:webdriverClick: true, pageLoadStrategy: normal, platform: WINDOWS, platformName: WINDOWS, platformVersion: 10.0, rotatable: false, setWindowRect: true, strictFileInteractability: false, timeouts: {implicit: 0, pageLoad: 300000, script: 30000}, unhandledPromptBehavior: dismiss and notify, webdriver.remote.sessionid: bce2d3a1a15923b9d5e4e225801...}
Session ID: bce2d3a1a15923b9d5e4e225801f2adfda531e78)
	at com.kms.katalon.core.keyword.internal.KeywordMain.stepFailed(KeywordMain.groovy:36)
	at com.kms.katalon.core.webui.keyword.internal.WebUIKeywordMain.stepFailed(WebUIKeywordMain.groovy:65)
	at com.kms.katalon.core.webui.keyword.internal.WebUIKeywordMain.runKeyword(WebUIKeywordMain.groovy:27)
	at com.kms.katalon.core.webui.keyword.builtin.SetTextKeyword.setText(SetTextKeyword.groovy:65)
	at com.kms.katalon.core.webui.keyword.builtin.SetTextKeyword.execute(SetTextKeyword.groovy:37)
	at com.kms.katalon.core.keyword.internal.KeywordExecutor.executeKeywordForPlatform(KeywordExecutor.groovy:53)
	at com.kms.katalon.core.webui.keyword.WebUiBuiltInKeywords.setText(WebUiBuiltInKeywords.groovy:950)
	at com.kms.katalon.core.webui.keyword.WebUiBuiltInKeywords$setText$6.call(Unknown Source)
	at Cart flyout- increase qty.run(Cart flyout- increase qty:67)
	at com.kms.katalon.core.main.ScriptEngine.run(ScriptEngine.java:194)
	at com.kms.katalon.core.main.ScriptEngine.runScriptAsRawText(ScriptEngine.java:119)
	at com.kms.katalon.core.main.TestCaseExecutor.runScript(TestCaseExecutor.java:328)
	at com.kms.katalon.core.main.TestCaseExecutor.doExecute(TestCaseExecutor.java:319)
	at com.kms.katalon.core.main.TestCaseExecutor.processExecutionPhase(TestCaseExecutor.java:298)
	at com.kms.katalon.core.main.TestCaseExecutor.accessMainPhase(TestCaseExecutor.java:290)
	at com.kms.katalon.core.main.TestCaseExecutor.execute(TestCaseExecutor.java:224)
	at com.kms.katalon.core.main.TestSuiteExecutor.accessTestCaseMainPhase(TestSuiteExecutor.java:129)
	at com.kms.katalon.core.main.TestSuiteExecutor.accessTestSuiteMainPhase(TestSuiteExecutor.java:112)
	at com.kms.katalon.core.main.TestSuiteExecutor.execute(TestSuiteExecutor.java:81)
	at com.kms.katalon.core.main.TestCaseMain.startTestSuite(TestCaseMain.java:149)
	at com.kms.katalon.core.main.TestCaseMain$startTestSuite$0.call(Unknown Source)
	at TempTestSuite1557427838424.run(TempTestSuite1557427838424.groovy:36)]]></system-out>
         <system-err><![CDATA[2019-05-09 14:56:22 - [TEST_CASE][FAILED] - Test Cases/OCS- CRITICAL PATH/Cart flyout- increase qty: Test Cases/OCS- CRITICAL PATH/Cart flyout- increase qty FAILED.
Reason:
com.kms.katalon.core.exception.StepFailedException: Unable to set text '3' of object 'Object Repository/cart flyout_OR/Page_Shishkaberry  Ontario Cannabis/input_-_updates' (Root cause: org.openqa.selenium.StaleElementReferenceException: The element reference of <input id="" class="" name="updates[]" type="number"> is stale; either the element is no longer attached to the DOM, it is not in the current frame context, or the document has been refreshed
For documentation on this error, please visit: http://seleniumhq.org/exceptions/stale_element_reference.html
Build info: version: '3.7.1', revision: '8a0099a', time: '2017-11-06T21:07:36.161Z'
System info: host: 'sumans-MacBook-Pro.local', ip: 'fe80:0:0:0:10eb:5cc2:8353:8144%en0', os.name: 'Mac OS X', os.arch: 'x86_64', os.version: '10.13.6', java.version: '1.8.0_181'
Driver info: com.kms.katalon.selenium.driver.CRemoteWebDriver
Capabilities {acceptInsecureCerts: false, browserName: firefox, browserVersion: 65.0, capabilities: {desiredCapabilities: {browserName: firefox, browserVersion: 65.0}}, javascriptEnabled: true, moz:accessibilityChecks: false, moz:headless: false, moz:processID: 8388, moz:profile: C:\Windows\proxy\rust_mozpr..., moz:shutdownTimeout: 60000, moz:useNonSpecCompliantPointerOrigin: false, moz:webdriverClick: true, pageLoadStrategy: normal, platform: WINDOWS, platformName: WINDOWS, platformVersion: 10.0, rotatable: false, setWindowRect: true, strictFileInteractability: false, timeouts: {implicit: 0, pageLoad: 300000, script: 30000}, unhandledPromptBehavior: dismiss and notify, webdriver.remote.sessionid: bce2d3a1a15923b9d5e4e225801...}
Session ID: bce2d3a1a15923b9d5e4e225801f2adfda531e78)
	at com.kms.katalon.core.keyword.internal.KeywordMain.stepFailed(KeywordMain.groovy:36)
	at com.kms.katalon.core.webui.keyword.internal.WebUIKeywordMain.stepFailed(WebUIKeywordMain.groovy:65)
	at com.kms.katalon.core.webui.keyword.internal.WebUIKeywordMain.runKeyword(WebUIKeywordMain.groovy:27)
	at com.kms.katalon.core.webui.keyword.builtin.SetTextKeyword.setText(SetTextKeyword.groovy:65)
	at com.kms.katalon.core.webui.keyword.builtin.SetTextKeyword.execute(SetTextKeyword.groovy:37)
	at com.kms.katalon.core.keyword.internal.KeywordExecutor.executeKeywordForPlatform(KeywordExecutor.groovy:53)
	at com.kms.katalon.core.webui.keyword.WebUiBuiltInKeywords.setText(WebUiBuiltInKeywords.groovy:950)
	at com.kms.katalon.core.webui.keyword.WebUiBuiltInKeywords$setText$6.call(Unknown Source)
	at Cart flyout- increase qty.run(Cart flyout- increase qty:67)
	at com.kms.katalon.core.main.ScriptEngine.run(ScriptEngine.java:194)
	at com.kms.katalon.core.main.ScriptEngine.runScriptAsRawText(ScriptEngine.java:119)
	at com.kms.katalon.core.main.TestCaseExecutor.runScript(TestCaseExecutor.java:328)
	at com.kms.katalon.core.main.TestCaseExecutor.doExecute(TestCaseExecutor.java:319)
	at com.kms.katalon.core.main.TestCaseExecutor.processExecutionPhase(TestCaseExecutor.java:298)
	at com.kms.katalon.core.main.TestCaseExecutor.accessMainPhase(TestCaseExecutor.java:290)
	at com.kms.katalon.core.main.TestCaseExecutor.execute(TestCaseExecutor.java:224)
	at com.kms.katalon.core.main.TestSuiteExecutor.accessTestCaseMainPhase(TestSuiteExecutor.java:129)
	at com.kms.katalon.core.main.TestSuiteExecutor.accessTestSuiteMainPhase(TestSuiteExecutor.java:112)
	at com.kms.katalon.core.main.TestSuiteExecutor.execute(TestSuiteExecutor.java:81)
	at com.kms.katalon.core.main.TestCaseMain.startTestSuite(TestCaseMain.java:149)
	at com.kms.katalon.core.main.TestCaseMain$startTestSuite$0.call(Unknown Source)
	at TempTestSuite1557427838424.run(TempTestSuite1557427838424.groovy:36)]]></system-err>
      </testcase>
      <testcase name="Test Cases/OCS- CRITICAL PATH/Cart flyout-price comparison" classname="Test Cases/OCS- CRITICAL PATH/Cart flyout-price comparison" status="FAILED">
         <failure type="FAILED" message="Test Cases/OCS- CRITICAL PATH/Cart flyout-price comparison FAILED.
Reason:
com.kms.katalon.core.exception.StepFailedException: Unable to click on object 'Object Repository/OCS_CRITICAL PATH/cart flyout- price/Page_Ontario Cannabis Store  Ontari/span_Indica Dominant' (Root cause: org.openqa.selenium.ElementNotInteractableException: Element &lt;span> could not be scrolled into view
Build info: version: '3.7.1', revision: '8a0099a', time: '2017-11-06T21:07:36.161Z'
System info: host: 'sumans-MacBook-Pro.local', ip: 'fe80:0:0:0:10eb:5cc2:8353:8144%en0', os.name: 'Mac OS X', os.arch: 'x86_64', os.version: '10.13.6', java.version: '1.8.0_181'
Driver info: com.kms.katalon.selenium.driver.CRemoteWebDriver
Capabilities {acceptInsecureCerts: false, browserName: firefox, browserVersion: 65.0, capabilities: {desiredCapabilities: {browserName: firefox, browserVersion: 65.0}}, javascriptEnabled: true, moz:accessibilityChecks: false, moz:headless: false, moz:processID: 8468, moz:profile: C:\Windows\proxy\rust_mozpr..., moz:shutdownTimeout: 60000, moz:useNonSpecCompliantPointerOrigin: false, moz:webdriverClick: true, pageLoadStrategy: normal, platform: WINDOWS, platformName: WINDOWS, platformVersion: 10.0, rotatable: false, setWindowRect: true, strictFileInteractability: false, timeouts: {implicit: 0, pageLoad: 300000, script: 30000}, unhandledPromptBehavior: dismiss and notify, webdriver.remote.sessionid: 9e661e5aa7741b5d505f0792c97...}
Session ID: 9e661e5aa7741b5d505f0792c977d359aa518f32)
	at com.kms.katalon.core.keyword.internal.KeywordMain.stepFailed(KeywordMain.groovy:36)
	at com.kms.katalon.core.webui.keyword.internal.WebUIKeywordMain.stepFailed(WebUIKeywordMain.groovy:65)
	at com.kms.katalon.core.webui.keyword.internal.WebUIKeywordMain.runKeyword(WebUIKeywordMain.groovy:27)
	at com.kms.katalon.core.webui.keyword.builtin.ClickKeyword.click(ClickKeyword.groovy:86)
	at com.kms.katalon.core.webui.keyword.builtin.ClickKeyword.execute(ClickKeyword.groovy:67)
	at com.kms.katalon.core.keyword.internal.KeywordExecutor.executeKeywordForPlatform(KeywordExecutor.groovy:53)
	at com.kms.katalon.core.webui.keyword.WebUiBuiltInKeywords.click(WebUiBuiltInKeywords.groovy:616)
	at com.kms.katalon.core.webui.keyword.WebUiBuiltInKeywords$click$1.call(Unknown Source)
	at Cart flyout-price comparison.run(Cart flyout-price comparison:65)
	at com.kms.katalon.core.main.ScriptEngine.run(ScriptEngine.java:194)
	at com.kms.katalon.core.main.ScriptEngine.runScriptAsRawText(ScriptEngine.java:119)
	at com.kms.katalon.core.main.TestCaseExecutor.runScript(TestCaseExecutor.java:328)
	at com.kms.katalon.core.main.TestCaseExecutor.doExecute(TestCaseExecutor.java:319)
	at com.kms.katalon.core.main.TestCaseExecutor.processExecutionPhase(TestCaseExecutor.java:298)
	at com.kms.katalon.core.main.TestCaseExecutor.accessMainPhase(TestCaseExecutor.java:290)
	at com.kms.katalon.core.main.TestCaseExecutor.execute(TestCaseExecutor.java:224)
	at com.kms.katalon.core.main.TestSuiteExecutor.accessTestCaseMainPhase(TestSuiteExecutor.java:129)
	at com.kms.katalon.core.main.TestSuiteExecutor.accessTestSuiteMainPhase(TestSuiteExecutor.java:112)
	at com.kms.katalon.core.main.TestSuiteExecutor.execute(TestSuiteExecutor.java:81)
	at com.kms.katalon.core.main.TestCaseMain.startTestSuite(TestCaseMain.java:149)
	at com.kms.katalon.core.main.TestCaseMain$startTestSuite$0.call(Unknown Source)
	at TempTestSuite1557427838424.run(TempTestSuite1557427838424.groovy:36)
"/>
         <system-out><![CDATA[2019-05-09 14:57:47 - [TEST_CASE][FAILED] - Test Cases/OCS- CRITICAL PATH/Cart flyout-price comparison: Test Cases/OCS- CRITICAL PATH/Cart flyout-price comparison FAILED.
Reason:
com.kms.katalon.core.exception.StepFailedException: Unable to click on object 'Object Repository/OCS_CRITICAL PATH/cart flyout- price/Page_Ontario Cannabis Store  Ontari/span_Indica Dominant' (Root cause: org.openqa.selenium.ElementNotInteractableException: Element <span> could not be scrolled into view
Build info: version: '3.7.1', revision: '8a0099a', time: '2017-11-06T21:07:36.161Z'
System info: host: 'sumans-MacBook-Pro.local', ip: 'fe80:0:0:0:10eb:5cc2:8353:8144%en0', os.name: 'Mac OS X', os.arch: 'x86_64', os.version: '10.13.6', java.version: '1.8.0_181'
Driver info: com.kms.katalon.selenium.driver.CRemoteWebDriver
Capabilities {acceptInsecureCerts: false, browserName: firefox, browserVersion: 65.0, capabilities: {desiredCapabilities: {browserName: firefox, browserVersion: 65.0}}, javascriptEnabled: true, moz:accessibilityChecks: false, moz:headless: false, moz:processID: 8468, moz:profile: C:\Windows\proxy\rust_mozpr..., moz:shutdownTimeout: 60000, moz:useNonSpecCompliantPointerOrigin: false, moz:webdriverClick: true, pageLoadStrategy: normal, platform: WINDOWS, platformName: WINDOWS, platformVersion: 10.0, rotatable: false, setWindowRect: true, strictFileInteractability: false, timeouts: {implicit: 0, pageLoad: 300000, script: 30000}, unhandledPromptBehavior: dismiss and notify, webdriver.remote.sessionid: 9e661e5aa7741b5d505f0792c97...}
Session ID: 9e661e5aa7741b5d505f0792c977d359aa518f32)
	at com.kms.katalon.core.keyword.internal.KeywordMain.stepFailed(KeywordMain.groovy:36)
	at com.kms.katalon.core.webui.keyword.internal.WebUIKeywordMain.stepFailed(WebUIKeywordMain.groovy:65)
	at com.kms.katalon.core.webui.keyword.internal.WebUIKeywordMain.runKeyword(WebUIKeywordMain.groovy:27)
	at com.kms.katalon.core.webui.keyword.builtin.ClickKeyword.click(ClickKeyword.groovy:86)
	at com.kms.katalon.core.webui.keyword.builtin.ClickKeyword.execute(ClickKeyword.groovy:67)
	at com.kms.katalon.core.keyword.internal.KeywordExecutor.executeKeywordForPlatform(KeywordExecutor.groovy:53)
	at com.kms.katalon.core.webui.keyword.WebUiBuiltInKeywords.click(WebUiBuiltInKeywords.groovy:616)
	at com.kms.katalon.core.webui.keyword.WebUiBuiltInKeywords$click$1.call(Unknown Source)
	at Cart flyout-price comparison.run(Cart flyout-price comparison:65)
	at com.kms.katalon.core.main.ScriptEngine.run(ScriptEngine.java:194)
	at com.kms.katalon.core.main.ScriptEngine.runScriptAsRawText(ScriptEngine.java:119)
	at com.kms.katalon.core.main.TestCaseExecutor.runScript(TestCaseExecutor.java:328)
	at com.kms.katalon.core.main.TestCaseExecutor.doExecute(TestCaseExecutor.java:319)
	at com.kms.katalon.core.main.TestCaseExecutor.processExecutionPhase(TestCaseExecutor.java:298)
	at com.kms.katalon.core.main.TestCaseExecutor.accessMainPhase(TestCaseExecutor.java:290)
	at com.kms.katalon.core.main.TestCaseExecutor.execute(TestCaseExecutor.java:224)
	at com.kms.katalon.core.main.TestSuiteExecutor.accessTestCaseMainPhase(TestSuiteExecutor.java:129)
	at com.kms.katalon.core.main.TestSuiteExecutor.accessTestSuiteMainPhase(TestSuiteExecutor.java:112)
	at com.kms.katalon.core.main.TestSuiteExecutor.execute(TestSuiteExecutor.java:81)
	at com.kms.katalon.core.main.TestCaseMain.startTestSuite(TestCaseMain.java:149)
	at com.kms.katalon.core.main.TestCaseMain$startTestSuite$0.call(Unknown Source)
	at TempTestSuite1557427838424.run(TempTestSuite1557427838424.groovy:36)


2019-05-09 14:57:47 - [TEST_STEP][PASSED] - openBrowser(""): Browser is opened with url: ''

2019-05-09 14:57:47 - [MESSAGE][WARNING] - A browser is already opened. Closing browser and opening a new one

2019-05-09 14:57:48 - [MESSAGE][INFO] - Starting 'Remote' driver

2019-05-09 14:57:48 - [MESSAGE][INFO] - User set preference: ['os', 'windows']

2019-05-09 14:57:48 - [MESSAGE][INFO] - User set preference: ['os_version', '10']

2019-05-09 14:57:48 - [MESSAGE][INFO] - User set preference: ['browser', 'Firefox']

2019-05-09 14:57:48 - [MESSAGE][INFO] - User set preference: ['browser_version', '65']

2019-05-09 14:57:48 - [MESSAGE][INFO] - User set preference: ['resolution', '1280x800']

2019-05-09 14:57:48 - [MESSAGE][INFO] - Connecting to remote web server 'https://dianatest3:Z3oqw9ysqTeRQJq5wFCp@hub-cloud.browserstack.com/wd/hub' with type 'Selenium'

2019-05-09 14:58:02 - [MESSAGE][PASSED] - Browser is opened with url: ''

2019-05-09 14:58:02 - [TEST_STEP][PASSED] - navigateToUrl("https://ocs.ca/?fts=0&preview_theme_id=53373863756"): Navigate to 'https://ocs.ca/?fts=0&preview_theme_id=53373863756' successfully

2019-05-09 14:58:08 - [MESSAGE][PASSED] - Navigate to 'https://ocs.ca/?fts=0&preview_theme_id=53373863756' successfully

2019-05-09 14:58:08 - [TEST_STEP][PASSED] - click(findTestObject("Object Repository/Theme_oR/Page_Ontario Cannabis Store  Ontari/button_Close preview")): Object: 'Object Repository/Theme_oR/Page_Ontario Cannabis Store  Ontari/button_Close preview' is clicked on

2019-05-09 14:58:10 - [MESSAGE][PASSED] - Object: 'Object Repository/Theme_oR/Page_Ontario Cannabis Store  Ontari/button_Close preview' is clicked on

2019-05-09 14:58:11 - [TEST_STEP][PASSED] - selectOptionByValue(findTestObject("OCS_CRITICAL PATH/cart flyout- price/Page_Ontario Cannabis Store  Ontari/select_Select01020304050607080"), "17", true): All options with value '17' are selected in object 'Object Repository/OCS_CRITICAL PATH/cart flyout- price/Page_Ontario Cannabis Store  Ontari/select_Select01020304050607080'  using regular expression

2019-05-09 14:58:19 - [MESSAGE][PASSED] - All options with value '17' are selected in object 'Object Repository/OCS_CRITICAL PATH/cart flyout- price/Page_Ontario Cannabis Store  Ontari/select_Select01020304050607080'  using regular expression

2019-05-09 14:58:19 - [TEST_STEP][PASSED] - selectOptionByValue(findTestObject("OCS_CRITICAL PATH/cart flyout- price/Page_Ontario Cannabis Store  Ontari/select_SelectJanuary - 01Febru"), "4", true): All options with value '4' are selected in object 'Object Repository/OCS_CRITICAL PATH/cart flyout- price/Page_Ontario Cannabis Store  Ontari/select_SelectJanuary - 01Febru'  using regular expression

2019-05-09 14:58:23 - [MESSAGE][PASSED] - All options with value '4' are selected in object 'Object Repository/OCS_CRITICAL PATH/cart flyout- price/Page_Ontario Cannabis Store  Ontari/select_SelectJanuary - 01Febru'  using regular expression

2019-05-09 14:58:23 - [TEST_STEP][PASSED] - selectOptionByValue(findTestObject("OCS_CRITICAL PATH/cart flyout- price/Page_Ontario Cannabis Store  Ontari/select_Select20182017201620152"), "1959", true): All options with value '1959' are selected in object 'Object Repository/OCS_CRITICAL PATH/cart flyout- price/Page_Ontario Cannabis Store  Ontari/select_Select20182017201620152'  using regular expression

2019-05-09 14:58:46 - [MESSAGE][PASSED] - All options with value '1959' are selected in object 'Object Repository/OCS_CRITICAL PATH/cart flyout- price/Page_Ontario Cannabis Store  Ontari/select_Select20182017201620152'  using regular expression

2019-05-09 14:58:46 - [TEST_STEP][PASSED] - click(findTestObject("OCS_CRITICAL PATH/cart flyout- price/Page_Ontario Cannabis Store  Ontari/button_Verify")): Object: 'Object Repository/OCS_CRITICAL PATH/cart flyout- price/Page_Ontario Cannabis Store  Ontari/button_Verify' is clicked on

2019-05-09 14:58:48 - [MESSAGE][PASSED] - Object: 'Object Repository/OCS_CRITICAL PATH/cart flyout- price/Page_Ontario Cannabis Store  Ontari/button_Verify' is clicked on

2019-05-09 14:58:48 - [TEST_STEP][PASSED] - click(findTestObject("OCS_CRITICAL PATH/cart flyout- price/Page_Ontario Cannabis Store  Ontari/span_CONFIRM AND ACKNOWLEDGE_c")): Object: 'Object Repository/OCS_CRITICAL PATH/cart flyout- price/Page_Ontario Cannabis Store  Ontari/span_CONFIRM AND ACKNOWLEDGE_c' is clicked on

2019-05-09 14:58:49 - [MESSAGE][PASSED] - Object: 'Object Repository/OCS_CRITICAL PATH/cart flyout- price/Page_Ontario Cannabis Store  Ontari/span_CONFIRM AND ACKNOWLEDGE_c' is clicked on

2019-05-09 14:58:49 - [TEST_STEP][PASSED] - click(findTestObject("OCS_CRITICAL PATH/cart flyout- price/Page_Ontario Cannabis Store  Ontari/button_CONFIRM")): Object: 'Object Repository/OCS_CRITICAL PATH/cart flyout- price/Page_Ontario Cannabis Store  Ontari/button_CONFIRM' is clicked on

2019-05-09 14:58:49 - [MESSAGE][PASSED] - Object: 'Object Repository/OCS_CRITICAL PATH/cart flyout- price/Page_Ontario Cannabis Store  Ontari/button_CONFIRM' is clicked on

2019-05-09 14:58:49 - [TEST_STEP][PASSED] - click(findTestObject("OCS_CRITICAL PATH/cart flyout- price/Page_Ontario Cannabis Store  Ontari/button_Start Browsing")): Object: 'Object Repository/OCS_CRITICAL PATH/cart flyout- price/Page_Ontario Cannabis Store  Ontari/button_Start Browsing' is clicked on

2019-05-09 14:58:50 - [MESSAGE][PASSED] - Object: 'Object Repository/OCS_CRITICAL PATH/cart flyout- price/Page_Ontario Cannabis Store  Ontari/button_Start Browsing' is clicked on

2019-05-09 14:58:50 - [TEST_STEP][PASSED] - delay(2): Delayed 2 second(s)

2019-05-09 14:58:52 - [MESSAGE][PASSED] - Delayed 2 second(s)

2019-05-09 14:58:52 - [TEST_STEP][PASSED] - mouseOver(findTestObject("OCS_CRITICAL PATH/cart flyout- price/Page_Ontario Cannabis Store  Ontari/h3_Cannabis")): Object: 'Object Repository/OCS_CRITICAL PATH/cart flyout- price/Page_Ontario Cannabis Store  Ontari/h3_Cannabis' is hovered

2019-05-09 14:58:53 - [MESSAGE][PASSED] - Object: 'Object Repository/OCS_CRITICAL PATH/cart flyout- price/Page_Ontario Cannabis Store  Ontari/h3_Cannabis' is hovered

2019-05-09 14:58:53 - [TEST_STEP][PASSED] - delay(2): Delayed 2 second(s)

2019-05-09 14:58:55 - [MESSAGE][PASSED] - Delayed 2 second(s)

2019-05-09 14:58:55 - [TEST_STEP][PASSED] - click(findTestObject("OCS_CRITICAL PATH/cart flyout- price/Page_Ontario Cannabis Store  Ontari/span_Indica Dominant")): Object: 'Object Repository/OCS_CRITICAL PATH/cart flyout- price/Page_Ontario Cannabis Store  Ontari/span_Indica Dominant' is clicked on

2019-05-09 14:59:00 - [MESSAGE][PASSED] - Object: 'Object Repository/OCS_CRITICAL PATH/cart flyout- price/Page_Ontario Cannabis Store  Ontari/span_Indica Dominant' is clicked on

2019-05-09 14:59:00 - [TEST_STEP][NOT_RUN] - click(findTestObject("Recently viewed_OR/Page_Shishkaberry  Ontario Cannabis/img")): NOT_RUN: click(findTestObject("Recently viewed_OR/Page_Shishkaberry  Ontario Cannabis/img"))

2019-05-09 14:59:00 - [MESSAGE][NOT_RUN] - NOT_RUN: click(findTestObject("Recently viewed_OR/Page_Shishkaberry  Ontario Cannabis/img"))

2019-05-09 14:59:00 - [TEST_STEP][PASSED] - click(findTestObject("Object Repository/CART FLYOUT-accessories_OR/Page_Indica Dominant Dried Flower/h3_Shishkaberry")): Object: 'Object Repository/CART FLYOUT-accessories_OR/Page_Indica Dominant Dried Flower/h3_Shishkaberry' is clicked on

2019-05-09 14:59:04 - [MESSAGE][PASSED] - Object: 'Object Repository/CART FLYOUT-accessories_OR/Page_Indica Dominant Dried Flower/h3_Shishkaberry' is clicked on

2019-05-09 14:59:04 - [TEST_STEP][PASSED] - click(findTestObject("OCS_CRITICAL PATH/cart flyout- price/Page_Shishkaberry  Ontario Cannabis/label_3.5g")): Object: 'Object Repository/OCS_CRITICAL PATH/cart flyout- price/Page_Shishkaberry  Ontario Cannabis/label_3.5g' is clicked on

2019-05-09 14:59:05 - [MESSAGE][PASSED] - Object: 'Object Repository/OCS_CRITICAL PATH/cart flyout- price/Page_Shishkaberry  Ontario Cannabis/label_3.5g' is clicked on

2019-05-09 14:59:05 - [TEST_STEP][PASSED] - click(findTestObject("OCS_CRITICAL PATH/cart flyout- price/Page_Shishkaberry  Ontario Cannabis/button_Add to Bag32.40")): Object: 'Object Repository/OCS_CRITICAL PATH/cart flyout- price/Page_Shishkaberry  Ontario Cannabis/button_Add to Bag32.40' is clicked on

2019-05-09 14:59:05 - [MESSAGE][PASSED] - Object: 'Object Repository/OCS_CRITICAL PATH/cart flyout- price/Page_Shishkaberry  Ontario Cannabis/button_Add to Bag32.40' is clicked on

2019-05-09 14:59:05 - [TEST_STEP][PASSED] - delay(2): Delayed 2 second(s)

2019-05-09 14:59:07 - [MESSAGE][PASSED] - Delayed 2 second(s)

2019-05-09 14:59:07 - [TEST_STEP][PASSED] - click(findTestObject("OCS_CRITICAL PATH/cart flyout- price/Page_Shishkaberry  Ontario Cannabis/i_9.75_icon icon--back js-clos")): Object: 'Object Repository/OCS_CRITICAL PATH/cart flyout- price/Page_Shishkaberry  Ontario Cannabis/i_9.75_icon icon--back js-clos' is clicked on

2019-05-09 14:59:08 - [MESSAGE][PASSED] - Object: 'Object Repository/OCS_CRITICAL PATH/cart flyout- price/Page_Shishkaberry  Ontario Cannabis/i_9.75_icon icon--back js-clos' is clicked on

2019-05-09 14:59:08 - [TEST_STEP][PASSED] - delay(2): Delayed 2 second(s)

2019-05-09 14:59:10 - [MESSAGE][PASSED] - Delayed 2 second(s)

2019-05-09 14:59:10 - [TEST_STEP][PASSED] - click(findTestObject("OCS_CRITICAL PATH/cart flyout- price/Page_Ontario Cannabis Store  Ontari/h3_Cannabis")): Object: 'Object Repository/OCS_CRITICAL PATH/cart flyout- price/Page_Ontario Cannabis Store  Ontari/h3_Cannabis' is clicked on

2019-05-09 14:59:11 - [MESSAGE][PASSED] - Object: 'Object Repository/OCS_CRITICAL PATH/cart flyout- price/Page_Ontario Cannabis Store  Ontari/h3_Cannabis' is clicked on

2019-05-09 14:59:11 - [TEST_STEP][PASSED] - delay(5): Delayed 5 second(s)

2019-05-09 14:59:16 - [MESSAGE][PASSED] - Delayed 5 second(s)

2019-05-09 14:59:16 - [TEST_STEP][FAILED] - click(findTestObject("OCS_CRITICAL PATH/cart flyout- price/Page_Ontario Cannabis Store  Ontari/span_Indica Dominant")): click(findTestObject("OCS_CRITICAL PATH/cart flyout- price/Page_Ontario Cannabis Store  Ontari/span_Indica Dominant")) FAILED.
Reason:
com.kms.katalon.core.exception.StepFailedException: Unable to click on object 'Object Repository/OCS_CRITICAL PATH/cart flyout- price/Page_Ontario Cannabis Store  Ontari/span_Indica Dominant' (Root cause: org.openqa.selenium.ElementNotInteractableException: Element <span> could not be scrolled into view
Build info: version: '3.7.1', revision: '8a0099a', time: '2017-11-06T21:07:36.161Z'
System info: host: 'sumans-MacBook-Pro.local', ip: 'fe80:0:0:0:10eb:5cc2:8353:8144%en0', os.name: 'Mac OS X', os.arch: 'x86_64', os.version: '10.13.6', java.version: '1.8.0_181'
Driver info: com.kms.katalon.selenium.driver.CRemoteWebDriver
Capabilities {acceptInsecureCerts: false, browserName: firefox, browserVersion: 65.0, capabilities: {desiredCapabilities: {browserName: firefox, browserVersion: 65.0}}, javascriptEnabled: true, moz:accessibilityChecks: false, moz:headless: false, moz:processID: 8468, moz:profile: C:\Windows\proxy\rust_mozpr..., moz:shutdownTimeout: 60000, moz:useNonSpecCompliantPointerOrigin: false, moz:webdriverClick: true, pageLoadStrategy: normal, platform: WINDOWS, platformName: WINDOWS, platformVersion: 10.0, rotatable: false, setWindowRect: true, strictFileInteractability: false, timeouts: {implicit: 0, pageLoad: 300000, script: 30000}, unhandledPromptBehavior: dismiss and notify, webdriver.remote.sessionid: 9e661e5aa7741b5d505f0792c97...}
Session ID: 9e661e5aa7741b5d505f0792c977d359aa518f32)
	at com.kms.katalon.core.keyword.internal.KeywordMain.stepFailed(KeywordMain.groovy:36)
	at com.kms.katalon.core.webui.keyword.internal.WebUIKeywordMain.stepFailed(WebUIKeywordMain.groovy:65)
	at com.kms.katalon.core.webui.keyword.internal.WebUIKeywordMain.runKeyword(WebUIKeywordMain.groovy:27)
	at com.kms.katalon.core.webui.keyword.builtin.ClickKeyword.click(ClickKeyword.groovy:86)
	at com.kms.katalon.core.webui.keyword.builtin.ClickKeyword.execute(ClickKeyword.groovy:67)
	at com.kms.katalon.core.keyword.internal.KeywordExecutor.executeKeywordForPlatform(KeywordExecutor.groovy:53)
	at com.kms.katalon.core.webui.keyword.WebUiBuiltInKeywords.click(WebUiBuiltInKeywords.groovy:616)
	at com.kms.katalon.core.webui.keyword.WebUiBuiltInKeywords$click$1.call(Unknown Source)
	at Cart flyout-price comparison.run(Cart flyout-price comparison:65)
	at com.kms.katalon.core.main.ScriptEngine.run(ScriptEngine.java:194)
	at com.kms.katalon.core.main.ScriptEngine.runScriptAsRawText(ScriptEngine.java:119)
	at com.kms.katalon.core.main.TestCaseExecutor.runScript(TestCaseExecutor.java:328)
	at com.kms.katalon.core.main.TestCaseExecutor.doExecute(TestCaseExecutor.java:319)
	at com.kms.katalon.core.main.TestCaseExecutor.processExecutionPhase(TestCaseExecutor.java:298)
	at com.kms.katalon.core.main.TestCaseExecutor.accessMainPhase(TestCaseExecutor.java:290)
	at com.kms.katalon.core.main.TestCaseExecutor.execute(TestCaseExecutor.java:224)
	at com.kms.katalon.core.main.TestSuiteExecutor.accessTestCaseMainPhase(TestSuiteExecutor.java:129)
	at com.kms.katalon.core.main.TestSuiteExecutor.accessTestSuiteMainPhase(TestSuiteExecutor.java:112)
	at com.kms.katalon.core.main.TestSuiteExecutor.execute(TestSuiteExecutor.java:81)
	at com.kms.katalon.core.main.TestCaseMain.startTestSuite(TestCaseMain.java:149)
	at com.kms.katalon.core.main.TestCaseMain$startTestSuite$0.call(Unknown Source)
	at TempTestSuite1557427838424.run(TempTestSuite1557427838424.groovy:36)


2019-05-09 14:59:17 - [MESSAGE][FAILED] - Unable to click on object 'Object Repository/OCS_CRITICAL PATH/cart flyout- price/Page_Ontario Cannabis Store  Ontari/span_Indica Dominant' (Root cause: org.openqa.selenium.ElementNotInteractableException: Element <span> could not be scrolled into view
Build info: version: '3.7.1', revision: '8a0099a', time: '2017-11-06T21:07:36.161Z'
System info: host: 'sumans-MacBook-Pro.local', ip: 'fe80:0:0:0:10eb:5cc2:8353:8144%en0', os.name: 'Mac OS X', os.arch: 'x86_64', os.version: '10.13.6', java.version: '1.8.0_181'
Driver info: com.kms.katalon.selenium.driver.CRemoteWebDriver
Capabilities {acceptInsecureCerts: false, browserName: firefox, browserVersion: 65.0, capabilities: {desiredCapabilities: {browserName: firefox, browserVersion: 65.0}}, javascriptEnabled: true, moz:accessibilityChecks: false, moz:headless: false, moz:processID: 8468, moz:profile: C:\Windows\proxy\rust_mozpr..., moz:shutdownTimeout: 60000, moz:useNonSpecCompliantPointerOrigin: false, moz:webdriverClick: true, pageLoadStrategy: normal, platform: WINDOWS, platformName: WINDOWS, platformVersion: 10.0, rotatable: false, setWindowRect: true, strictFileInteractability: false, timeouts: {implicit: 0, pageLoad: 300000, script: 30000}, unhandledPromptBehavior: dismiss and notify, webdriver.remote.sessionid: 9e661e5aa7741b5d505f0792c97...}
Session ID: 9e661e5aa7741b5d505f0792c977d359aa518f32)
[[ATTACHMENT|/Users/sumankompelly/git/Sample-OCS/Reports/OCS-09-05-2019 - Theme2/CRITICAL PATH - 09-05-2019/20190509_145038/1557428356776.png]]

2019-05-09 14:59:17 - [MESSAGE][FAILED] - click(findTestObject("OCS_CRITICAL PATH/cart flyout- price/Page_Ontario Cannabis Store  Ontari/span_Indica Dominant")) FAILED.
Reason:
com.kms.katalon.core.exception.StepFailedException: Unable to click on object 'Object Repository/OCS_CRITICAL PATH/cart flyout- price/Page_Ontario Cannabis Store  Ontari/span_Indica Dominant' (Root cause: org.openqa.selenium.ElementNotInteractableException: Element <span> could not be scrolled into view
Build info: version: '3.7.1', revision: '8a0099a', time: '2017-11-06T21:07:36.161Z'
System info: host: 'sumans-MacBook-Pro.local', ip: 'fe80:0:0:0:10eb:5cc2:8353:8144%en0', os.name: 'Mac OS X', os.arch: 'x86_64', os.version: '10.13.6', java.version: '1.8.0_181'
Driver info: com.kms.katalon.selenium.driver.CRemoteWebDriver
Capabilities {acceptInsecureCerts: false, browserName: firefox, browserVersion: 65.0, capabilities: {desiredCapabilities: {browserName: firefox, browserVersion: 65.0}}, javascriptEnabled: true, moz:accessibilityChecks: false, moz:headless: false, moz:processID: 8468, moz:profile: C:\Windows\proxy\rust_mozpr..., moz:shutdownTimeout: 60000, moz:useNonSpecCompliantPointerOrigin: false, moz:webdriverClick: true, pageLoadStrategy: normal, platform: WINDOWS, platformName: WINDOWS, platformVersion: 10.0, rotatable: false, setWindowRect: true, strictFileInteractability: false, timeouts: {implicit: 0, pageLoad: 300000, script: 30000}, unhandledPromptBehavior: dismiss and notify, webdriver.remote.sessionid: 9e661e5aa7741b5d505f0792c97...}
Session ID: 9e661e5aa7741b5d505f0792c977d359aa518f32)
	at com.kms.katalon.core.keyword.internal.KeywordMain.stepFailed(KeywordMain.groovy:36)
	at com.kms.katalon.core.webui.keyword.internal.WebUIKeywordMain.stepFailed(WebUIKeywordMain.groovy:65)
	at com.kms.katalon.core.webui.keyword.internal.WebUIKeywordMain.runKeyword(WebUIKeywordMain.groovy:27)
	at com.kms.katalon.core.webui.keyword.builtin.ClickKeyword.click(ClickKeyword.groovy:86)
	at com.kms.katalon.core.webui.keyword.builtin.ClickKeyword.execute(ClickKeyword.groovy:67)
	at com.kms.katalon.core.keyword.internal.KeywordExecutor.executeKeywordForPlatform(KeywordExecutor.groovy:53)
	at com.kms.katalon.core.webui.keyword.WebUiBuiltInKeywords.click(WebUiBuiltInKeywords.groovy:616)
	at com.kms.katalon.core.webui.keyword.WebUiBuiltInKeywords$click$1.call(Unknown Source)
	at Cart flyout-price comparison.run(Cart flyout-price comparison:65)
	at com.kms.katalon.core.main.ScriptEngine.run(ScriptEngine.java:194)
	at com.kms.katalon.core.main.ScriptEngine.runScriptAsRawText(ScriptEngine.java:119)
	at com.kms.katalon.core.main.TestCaseExecutor.runScript(TestCaseExecutor.java:328)
	at com.kms.katalon.core.main.TestCaseExecutor.doExecute(TestCaseExecutor.java:319)
	at com.kms.katalon.core.main.TestCaseExecutor.processExecutionPhase(TestCaseExecutor.java:298)
	at com.kms.katalon.core.main.TestCaseExecutor.accessMainPhase(TestCaseExecutor.java:290)
	at com.kms.katalon.core.main.TestCaseExecutor.execute(TestCaseExecutor.java:224)
	at com.kms.katalon.core.main.TestSuiteExecutor.accessTestCaseMainPhase(TestSuiteExecutor.java:129)
	at com.kms.katalon.core.main.TestSuiteExecutor.accessTestSuiteMainPhase(TestSuiteExecutor.java:112)
	at com.kms.katalon.core.main.TestSuiteExecutor.execute(TestSuiteExecutor.java:81)
	at com.kms.katalon.core.main.TestCaseMain.startTestSuite(TestCaseMain.java:149)
	at com.kms.katalon.core.main.TestCaseMain$startTestSuite$0.call(Unknown Source)
	at TempTestSuite1557427838424.run(TempTestSuite1557427838424.groovy:36)]]></system-out>
         <system-err><![CDATA[2019-05-09 14:57:47 - [TEST_CASE][FAILED] - Test Cases/OCS- CRITICAL PATH/Cart flyout-price comparison: Test Cases/OCS- CRITICAL PATH/Cart flyout-price comparison FAILED.
Reason:
com.kms.katalon.core.exception.StepFailedException: Unable to click on object 'Object Repository/OCS_CRITICAL PATH/cart flyout- price/Page_Ontario Cannabis Store  Ontari/span_Indica Dominant' (Root cause: org.openqa.selenium.ElementNotInteractableException: Element <span> could not be scrolled into view
Build info: version: '3.7.1', revision: '8a0099a', time: '2017-11-06T21:07:36.161Z'
System info: host: 'sumans-MacBook-Pro.local', ip: 'fe80:0:0:0:10eb:5cc2:8353:8144%en0', os.name: 'Mac OS X', os.arch: 'x86_64', os.version: '10.13.6', java.version: '1.8.0_181'
Driver info: com.kms.katalon.selenium.driver.CRemoteWebDriver
Capabilities {acceptInsecureCerts: false, browserName: firefox, browserVersion: 65.0, capabilities: {desiredCapabilities: {browserName: firefox, browserVersion: 65.0}}, javascriptEnabled: true, moz:accessibilityChecks: false, moz:headless: false, moz:processID: 8468, moz:profile: C:\Windows\proxy\rust_mozpr..., moz:shutdownTimeout: 60000, moz:useNonSpecCompliantPointerOrigin: false, moz:webdriverClick: true, pageLoadStrategy: normal, platform: WINDOWS, platformName: WINDOWS, platformVersion: 10.0, rotatable: false, setWindowRect: true, strictFileInteractability: false, timeouts: {implicit: 0, pageLoad: 300000, script: 30000}, unhandledPromptBehavior: dismiss and notify, webdriver.remote.sessionid: 9e661e5aa7741b5d505f0792c97...}
Session ID: 9e661e5aa7741b5d505f0792c977d359aa518f32)
	at com.kms.katalon.core.keyword.internal.KeywordMain.stepFailed(KeywordMain.groovy:36)
	at com.kms.katalon.core.webui.keyword.internal.WebUIKeywordMain.stepFailed(WebUIKeywordMain.groovy:65)
	at com.kms.katalon.core.webui.keyword.internal.WebUIKeywordMain.runKeyword(WebUIKeywordMain.groovy:27)
	at com.kms.katalon.core.webui.keyword.builtin.ClickKeyword.click(ClickKeyword.groovy:86)
	at com.kms.katalon.core.webui.keyword.builtin.ClickKeyword.execute(ClickKeyword.groovy:67)
	at com.kms.katalon.core.keyword.internal.KeywordExecutor.executeKeywordForPlatform(KeywordExecutor.groovy:53)
	at com.kms.katalon.core.webui.keyword.WebUiBuiltInKeywords.click(WebUiBuiltInKeywords.groovy:616)
	at com.kms.katalon.core.webui.keyword.WebUiBuiltInKeywords$click$1.call(Unknown Source)
	at Cart flyout-price comparison.run(Cart flyout-price comparison:65)
	at com.kms.katalon.core.main.ScriptEngine.run(ScriptEngine.java:194)
	at com.kms.katalon.core.main.ScriptEngine.runScriptAsRawText(ScriptEngine.java:119)
	at com.kms.katalon.core.main.TestCaseExecutor.runScript(TestCaseExecutor.java:328)
	at com.kms.katalon.core.main.TestCaseExecutor.doExecute(TestCaseExecutor.java:319)
	at com.kms.katalon.core.main.TestCaseExecutor.processExecutionPhase(TestCaseExecutor.java:298)
	at com.kms.katalon.core.main.TestCaseExecutor.accessMainPhase(TestCaseExecutor.java:290)
	at com.kms.katalon.core.main.TestCaseExecutor.execute(TestCaseExecutor.java:224)
	at com.kms.katalon.core.main.TestSuiteExecutor.accessTestCaseMainPhase(TestSuiteExecutor.java:129)
	at com.kms.katalon.core.main.TestSuiteExecutor.accessTestSuiteMainPhase(TestSuiteExecutor.java:112)
	at com.kms.katalon.core.main.TestSuiteExecutor.execute(TestSuiteExecutor.java:81)
	at com.kms.katalon.core.main.TestCaseMain.startTestSuite(TestCaseMain.java:149)
	at com.kms.katalon.core.main.TestCaseMain$startTestSuite$0.call(Unknown Source)
	at TempTestSuite1557427838424.run(TempTestSuite1557427838424.groovy:36)]]></system-err>
      </testcase>
      <testcase name="Test Cases/OCS- CRITICAL PATH/Cart flyout-tooltips" classname="Test Cases/OCS- CRITICAL PATH/Cart flyout-tooltips" status="FAILED">
         <failure type="FAILED" message="Test Cases/OCS- CRITICAL PATH/Cart flyout-tooltips FAILED.
Reason:
com.kms.katalon.core.exception.StepFailedException: Unable to click on object 'Object Repository/Cart flyout-tooltips_OR/Page_Ontario Cannabis Store  Ontari/span_Indica Dominant' (Root cause: org.openqa.selenium.ElementNotInteractableException: Element &lt;span> could not be scrolled into view
Build info: version: '3.7.1', revision: '8a0099a', time: '2017-11-06T21:07:36.161Z'
System info: host: 'sumans-MacBook-Pro.local', ip: 'fe80:0:0:0:10eb:5cc2:8353:8144%en0', os.name: 'Mac OS X', os.arch: 'x86_64', os.version: '10.13.6', java.version: '1.8.0_181'
Driver info: com.kms.katalon.selenium.driver.CRemoteWebDriver
Capabilities {acceptInsecureCerts: false, browserName: firefox, browserVersion: 65.0, capabilities: {desiredCapabilities: {browserName: firefox, browserVersion: 65.0}}, javascriptEnabled: true, moz:accessibilityChecks: false, moz:headless: false, moz:processID: 4232, moz:profile: C:\Windows\proxy\rust_mozpr..., moz:shutdownTimeout: 60000, moz:useNonSpecCompliantPointerOrigin: false, moz:webdriverClick: true, pageLoadStrategy: normal, platform: WINDOWS, platformName: WINDOWS, platformVersion: 10.0, rotatable: false, setWindowRect: true, strictFileInteractability: false, timeouts: {implicit: 0, pageLoad: 300000, script: 30000}, unhandledPromptBehavior: dismiss and notify, webdriver.remote.sessionid: bae0ee019c06d19f6f490a8e4b9...}
Session ID: bae0ee019c06d19f6f490a8e4b98880f7bbadcbb)
	at com.kms.katalon.core.keyword.internal.KeywordMain.stepFailed(KeywordMain.groovy:36)
	at com.kms.katalon.core.webui.keyword.internal.WebUIKeywordMain.stepFailed(WebUIKeywordMain.groovy:65)
	at com.kms.katalon.core.webui.keyword.internal.WebUIKeywordMain.runKeyword(WebUIKeywordMain.groovy:27)
	at com.kms.katalon.core.webui.keyword.builtin.ClickKeyword.click(ClickKeyword.groovy:86)
	at com.kms.katalon.core.webui.keyword.builtin.ClickKeyword.execute(ClickKeyword.groovy:67)
	at com.kms.katalon.core.keyword.internal.KeywordExecutor.executeKeywordForPlatform(KeywordExecutor.groovy:53)
	at com.kms.katalon.core.webui.keyword.WebUiBuiltInKeywords.click(WebUiBuiltInKeywords.groovy:616)
	at com.kms.katalon.core.webui.keyword.WebUiBuiltInKeywords$click$1.call(Unknown Source)
	at Cart flyout-tooltips.run(Cart flyout-tooltips:41)
	at com.kms.katalon.core.main.ScriptEngine.run(ScriptEngine.java:194)
	at com.kms.katalon.core.main.ScriptEngine.runScriptAsRawText(ScriptEngine.java:119)
	at com.kms.katalon.core.main.TestCaseExecutor.runScript(TestCaseExecutor.java:328)
	at com.kms.katalon.core.main.TestCaseExecutor.doExecute(TestCaseExecutor.java:319)
	at com.kms.katalon.core.main.TestCaseExecutor.processExecutionPhase(TestCaseExecutor.java:298)
	at com.kms.katalon.core.main.TestCaseExecutor.accessMainPhase(TestCaseExecutor.java:290)
	at com.kms.katalon.core.main.TestCaseExecutor.execute(TestCaseExecutor.java:224)
	at com.kms.katalon.core.main.TestSuiteExecutor.accessTestCaseMainPhase(TestSuiteExecutor.java:129)
	at com.kms.katalon.core.main.TestSuiteExecutor.accessTestSuiteMainPhase(TestSuiteExecutor.java:112)
	at com.kms.katalon.core.main.TestSuiteExecutor.execute(TestSuiteExecutor.java:81)
	at com.kms.katalon.core.main.TestCaseMain.startTestSuite(TestCaseMain.java:149)
	at com.kms.katalon.core.main.TestCaseMain$startTestSuite$0.call(Unknown Source)
	at TempTestSuite1557427838424.run(TempTestSuite1557427838424.groovy:36)
"/>
         <system-out><![CDATA[2019-05-09 14:59:17 - [TEST_CASE][FAILED] - Test Cases/OCS- CRITICAL PATH/Cart flyout-tooltips: Test Cases/OCS- CRITICAL PATH/Cart flyout-tooltips FAILED.
Reason:
com.kms.katalon.core.exception.StepFailedException: Unable to click on object 'Object Repository/Cart flyout-tooltips_OR/Page_Ontario Cannabis Store  Ontari/span_Indica Dominant' (Root cause: org.openqa.selenium.ElementNotInteractableException: Element <span> could not be scrolled into view
Build info: version: '3.7.1', revision: '8a0099a', time: '2017-11-06T21:07:36.161Z'
System info: host: 'sumans-MacBook-Pro.local', ip: 'fe80:0:0:0:10eb:5cc2:8353:8144%en0', os.name: 'Mac OS X', os.arch: 'x86_64', os.version: '10.13.6', java.version: '1.8.0_181'
Driver info: com.kms.katalon.selenium.driver.CRemoteWebDriver
Capabilities {acceptInsecureCerts: false, browserName: firefox, browserVersion: 65.0, capabilities: {desiredCapabilities: {browserName: firefox, browserVersion: 65.0}}, javascriptEnabled: true, moz:accessibilityChecks: false, moz:headless: false, moz:processID: 4232, moz:profile: C:\Windows\proxy\rust_mozpr..., moz:shutdownTimeout: 60000, moz:useNonSpecCompliantPointerOrigin: false, moz:webdriverClick: true, pageLoadStrategy: normal, platform: WINDOWS, platformName: WINDOWS, platformVersion: 10.0, rotatable: false, setWindowRect: true, strictFileInteractability: false, timeouts: {implicit: 0, pageLoad: 300000, script: 30000}, unhandledPromptBehavior: dismiss and notify, webdriver.remote.sessionid: bae0ee019c06d19f6f490a8e4b9...}
Session ID: bae0ee019c06d19f6f490a8e4b98880f7bbadcbb)
	at com.kms.katalon.core.keyword.internal.KeywordMain.stepFailed(KeywordMain.groovy:36)
	at com.kms.katalon.core.webui.keyword.internal.WebUIKeywordMain.stepFailed(WebUIKeywordMain.groovy:65)
	at com.kms.katalon.core.webui.keyword.internal.WebUIKeywordMain.runKeyword(WebUIKeywordMain.groovy:27)
	at com.kms.katalon.core.webui.keyword.builtin.ClickKeyword.click(ClickKeyword.groovy:86)
	at com.kms.katalon.core.webui.keyword.builtin.ClickKeyword.execute(ClickKeyword.groovy:67)
	at com.kms.katalon.core.keyword.internal.KeywordExecutor.executeKeywordForPlatform(KeywordExecutor.groovy:53)
	at com.kms.katalon.core.webui.keyword.WebUiBuiltInKeywords.click(WebUiBuiltInKeywords.groovy:616)
	at com.kms.katalon.core.webui.keyword.WebUiBuiltInKeywords$click$1.call(Unknown Source)
	at Cart flyout-tooltips.run(Cart flyout-tooltips:41)
	at com.kms.katalon.core.main.ScriptEngine.run(ScriptEngine.java:194)
	at com.kms.katalon.core.main.ScriptEngine.runScriptAsRawText(ScriptEngine.java:119)
	at com.kms.katalon.core.main.TestCaseExecutor.runScript(TestCaseExecutor.java:328)
	at com.kms.katalon.core.main.TestCaseExecutor.doExecute(TestCaseExecutor.java:319)
	at com.kms.katalon.core.main.TestCaseExecutor.processExecutionPhase(TestCaseExecutor.java:298)
	at com.kms.katalon.core.main.TestCaseExecutor.accessMainPhase(TestCaseExecutor.java:290)
	at com.kms.katalon.core.main.TestCaseExecutor.execute(TestCaseExecutor.java:224)
	at com.kms.katalon.core.main.TestSuiteExecutor.accessTestCaseMainPhase(TestSuiteExecutor.java:129)
	at com.kms.katalon.core.main.TestSuiteExecutor.accessTestSuiteMainPhase(TestSuiteExecutor.java:112)
	at com.kms.katalon.core.main.TestSuiteExecutor.execute(TestSuiteExecutor.java:81)
	at com.kms.katalon.core.main.TestCaseMain.startTestSuite(TestCaseMain.java:149)
	at com.kms.katalon.core.main.TestCaseMain$startTestSuite$0.call(Unknown Source)
	at TempTestSuite1557427838424.run(TempTestSuite1557427838424.groovy:36)


2019-05-09 14:59:17 - [TEST_STEP][PASSED] - openBrowser(""): Browser is opened with url: ''

2019-05-09 14:59:17 - [MESSAGE][WARNING] - A browser is already opened. Closing browser and opening a new one

2019-05-09 14:59:18 - [MESSAGE][INFO] - Starting 'Remote' driver

2019-05-09 14:59:18 - [MESSAGE][INFO] - User set preference: ['os', 'windows']

2019-05-09 14:59:18 - [MESSAGE][INFO] - User set preference: ['os_version', '10']

2019-05-09 14:59:18 - [MESSAGE][INFO] - User set preference: ['browser', 'Firefox']

2019-05-09 14:59:18 - [MESSAGE][INFO] - User set preference: ['browser_version', '65']

2019-05-09 14:59:18 - [MESSAGE][INFO] - User set preference: ['resolution', '1280x800']

2019-05-09 14:59:18 - [MESSAGE][INFO] - Connecting to remote web server 'https://dianatest3:Z3oqw9ysqTeRQJq5wFCp@hub-cloud.browserstack.com/wd/hub' with type 'Selenium'

2019-05-09 14:59:26 - [MESSAGE][PASSED] - Browser is opened with url: ''

2019-05-09 14:59:26 - [TEST_STEP][PASSED] - navigateToUrl("https://ocs.ca/?fts=0&preview_theme_id=53373863756"): Navigate to 'https://ocs.ca/?fts=0&preview_theme_id=53373863756' successfully

2019-05-09 14:59:34 - [MESSAGE][PASSED] - Navigate to 'https://ocs.ca/?fts=0&preview_theme_id=53373863756' successfully

2019-05-09 14:59:34 - [TEST_STEP][PASSED] - click(findTestObject("Object Repository/Theme_oR/Page_Ontario Cannabis Store  Ontari/button_Close preview")): Object: 'Object Repository/Theme_oR/Page_Ontario Cannabis Store  Ontari/button_Close preview' is clicked on

2019-05-09 14:59:36 - [MESSAGE][PASSED] - Object: 'Object Repository/Theme_oR/Page_Ontario Cannabis Store  Ontari/button_Close preview' is clicked on

2019-05-09 14:59:37 - [TEST_STEP][PASSED] - selectOptionByValue(findTestObject("Object Repository/Cart flyout-tooltips_OR/Page_Ontario Cannabis Store  Ontari/select_Select01020304050607080"), "17", true): All options with value '17' are selected in object 'Object Repository/Cart flyout-tooltips_OR/Page_Ontario Cannabis Store  Ontari/select_Select01020304050607080'  using regular expression

2019-05-09 14:59:45 - [MESSAGE][PASSED] - All options with value '17' are selected in object 'Object Repository/Cart flyout-tooltips_OR/Page_Ontario Cannabis Store  Ontari/select_Select01020304050607080'  using regular expression

2019-05-09 14:59:45 - [TEST_STEP][PASSED] - selectOptionByValue(findTestObject("Object Repository/Cart flyout-tooltips_OR/Page_Ontario Cannabis Store  Ontari/select_SelectJanuary - 01Febru"), "7", true): All options with value '7' are selected in object 'Object Repository/Cart flyout-tooltips_OR/Page_Ontario Cannabis Store  Ontari/select_SelectJanuary - 01Febru'  using regular expression

2019-05-09 14:59:50 - [MESSAGE][PASSED] - All options with value '7' are selected in object 'Object Repository/Cart flyout-tooltips_OR/Page_Ontario Cannabis Store  Ontari/select_SelectJanuary - 01Febru'  using regular expression

2019-05-09 14:59:50 - [TEST_STEP][PASSED] - selectOptionByValue(findTestObject("Object Repository/Cart flyout-tooltips_OR/Page_Ontario Cannabis Store  Ontari/select_Select20182017201620152"), "1949", true): All options with value '1949' are selected in object 'Object Repository/Cart flyout-tooltips_OR/Page_Ontario Cannabis Store  Ontari/select_Select20182017201620152'  using regular expression

2019-05-09 15:00:13 - [MESSAGE][PASSED] - All options with value '1949' are selected in object 'Object Repository/Cart flyout-tooltips_OR/Page_Ontario Cannabis Store  Ontari/select_Select20182017201620152'  using regular expression

2019-05-09 15:00:13 - [TEST_STEP][PASSED] - click(findTestObject("Object Repository/Cart flyout-tooltips_OR/Page_Ontario Cannabis Store  Ontari/button_Verify")): Object: 'Object Repository/Cart flyout-tooltips_OR/Page_Ontario Cannabis Store  Ontari/button_Verify' is clicked on

2019-05-09 15:00:14 - [MESSAGE][PASSED] - Object: 'Object Repository/Cart flyout-tooltips_OR/Page_Ontario Cannabis Store  Ontari/button_Verify' is clicked on

2019-05-09 15:00:14 - [TEST_STEP][PASSED] - click(findTestObject("Object Repository/Cart flyout-tooltips_OR/Page_Ontario Cannabis Store  Ontari/span_CONFIRM AND ACKNOWLEDGE_c")): Object: 'Object Repository/Cart flyout-tooltips_OR/Page_Ontario Cannabis Store  Ontari/span_CONFIRM AND ACKNOWLEDGE_c' is clicked on

2019-05-09 15:00:14 - [MESSAGE][PASSED] - Object: 'Object Repository/Cart flyout-tooltips_OR/Page_Ontario Cannabis Store  Ontari/span_CONFIRM AND ACKNOWLEDGE_c' is clicked on

2019-05-09 15:00:14 - [TEST_STEP][PASSED] - click(findTestObject("Object Repository/Cart flyout-tooltips_OR/Page_Ontario Cannabis Store  Ontari/button_CONFIRM")): Object: 'Object Repository/Cart flyout-tooltips_OR/Page_Ontario Cannabis Store  Ontari/button_CONFIRM' is clicked on

2019-05-09 15:00:14 - [MESSAGE][PASSED] - Object: 'Object Repository/Cart flyout-tooltips_OR/Page_Ontario Cannabis Store  Ontari/button_CONFIRM' is clicked on

2019-05-09 15:00:14 - [TEST_STEP][PASSED] - click(findTestObject("Object Repository/Cart flyout-tooltips_OR/Page_Ontario Cannabis Store  Ontari/button_Start Browsing")): Object: 'Object Repository/Cart flyout-tooltips_OR/Page_Ontario Cannabis Store  Ontari/button_Start Browsing' is clicked on

2019-05-09 15:00:15 - [MESSAGE][PASSED] - Object: 'Object Repository/Cart flyout-tooltips_OR/Page_Ontario Cannabis Store  Ontari/button_Start Browsing' is clicked on

2019-05-09 15:00:15 - [TEST_STEP][PASSED] - click(findTestObject("Object Repository/Cart flyout-tooltips_OR/Page_Ontario Cannabis Store  Ontari/h3_Cannabis")): Object: 'Object Repository/Cart flyout-tooltips_OR/Page_Ontario Cannabis Store  Ontari/h3_Cannabis' is clicked on

2019-05-09 15:00:16 - [MESSAGE][PASSED] - Object: 'Object Repository/Cart flyout-tooltips_OR/Page_Ontario Cannabis Store  Ontari/h3_Cannabis' is clicked on

2019-05-09 15:00:16 - [TEST_STEP][FAILED] - click(findTestObject("Object Repository/Cart flyout-tooltips_OR/Page_Ontario Cannabis Store  Ontari/span_Indica Dominant")): click(findTestObject("Object Repository/Cart flyout-tooltips_OR/Page_Ontario Cannabis Store  Ontari/span_Indica Dominant")) FAILED.
Reason:
com.kms.katalon.core.exception.StepFailedException: Unable to click on object 'Object Repository/Cart flyout-tooltips_OR/Page_Ontario Cannabis Store  Ontari/span_Indica Dominant' (Root cause: org.openqa.selenium.ElementNotInteractableException: Element <span> could not be scrolled into view
Build info: version: '3.7.1', revision: '8a0099a', time: '2017-11-06T21:07:36.161Z'
System info: host: 'sumans-MacBook-Pro.local', ip: 'fe80:0:0:0:10eb:5cc2:8353:8144%en0', os.name: 'Mac OS X', os.arch: 'x86_64', os.version: '10.13.6', java.version: '1.8.0_181'
Driver info: com.kms.katalon.selenium.driver.CRemoteWebDriver
Capabilities {acceptInsecureCerts: false, browserName: firefox, browserVersion: 65.0, capabilities: {desiredCapabilities: {browserName: firefox, browserVersion: 65.0}}, javascriptEnabled: true, moz:accessibilityChecks: false, moz:headless: false, moz:processID: 4232, moz:profile: C:\Windows\proxy\rust_mozpr..., moz:shutdownTimeout: 60000, moz:useNonSpecCompliantPointerOrigin: false, moz:webdriverClick: true, pageLoadStrategy: normal, platform: WINDOWS, platformName: WINDOWS, platformVersion: 10.0, rotatable: false, setWindowRect: true, strictFileInteractability: false, timeouts: {implicit: 0, pageLoad: 300000, script: 30000}, unhandledPromptBehavior: dismiss and notify, webdriver.remote.sessionid: bae0ee019c06d19f6f490a8e4b9...}
Session ID: bae0ee019c06d19f6f490a8e4b98880f7bbadcbb)
	at com.kms.katalon.core.keyword.internal.KeywordMain.stepFailed(KeywordMain.groovy:36)
	at com.kms.katalon.core.webui.keyword.internal.WebUIKeywordMain.stepFailed(WebUIKeywordMain.groovy:65)
	at com.kms.katalon.core.webui.keyword.internal.WebUIKeywordMain.runKeyword(WebUIKeywordMain.groovy:27)
	at com.kms.katalon.core.webui.keyword.builtin.ClickKeyword.click(ClickKeyword.groovy:86)
	at com.kms.katalon.core.webui.keyword.builtin.ClickKeyword.execute(ClickKeyword.groovy:67)
	at com.kms.katalon.core.keyword.internal.KeywordExecutor.executeKeywordForPlatform(KeywordExecutor.groovy:53)
	at com.kms.katalon.core.webui.keyword.WebUiBuiltInKeywords.click(WebUiBuiltInKeywords.groovy:616)
	at com.kms.katalon.core.webui.keyword.WebUiBuiltInKeywords$click$1.call(Unknown Source)
	at Cart flyout-tooltips.run(Cart flyout-tooltips:41)
	at com.kms.katalon.core.main.ScriptEngine.run(ScriptEngine.java:194)
	at com.kms.katalon.core.main.ScriptEngine.runScriptAsRawText(ScriptEngine.java:119)
	at com.kms.katalon.core.main.TestCaseExecutor.runScript(TestCaseExecutor.java:328)
	at com.kms.katalon.core.main.TestCaseExecutor.doExecute(TestCaseExecutor.java:319)
	at com.kms.katalon.core.main.TestCaseExecutor.processExecutionPhase(TestCaseExecutor.java:298)
	at com.kms.katalon.core.main.TestCaseExecutor.accessMainPhase(TestCaseExecutor.java:290)
	at com.kms.katalon.core.main.TestCaseExecutor.execute(TestCaseExecutor.java:224)
	at com.kms.katalon.core.main.TestSuiteExecutor.accessTestCaseMainPhase(TestSuiteExecutor.java:129)
	at com.kms.katalon.core.main.TestSuiteExecutor.accessTestSuiteMainPhase(TestSuiteExecutor.java:112)
	at com.kms.katalon.core.main.TestSuiteExecutor.execute(TestSuiteExecutor.java:81)
	at com.kms.katalon.core.main.TestCaseMain.startTestSuite(TestCaseMain.java:149)
	at com.kms.katalon.core.main.TestCaseMain$startTestSuite$0.call(Unknown Source)
	at TempTestSuite1557427838424.run(TempTestSuite1557427838424.groovy:36)


2019-05-09 15:00:18 - [MESSAGE][FAILED] - Unable to click on object 'Object Repository/Cart flyout-tooltips_OR/Page_Ontario Cannabis Store  Ontari/span_Indica Dominant' (Root cause: org.openqa.selenium.ElementNotInteractableException: Element <span> could not be scrolled into view
Build info: version: '3.7.1', revision: '8a0099a', time: '2017-11-06T21:07:36.161Z'
System info: host: 'sumans-MacBook-Pro.local', ip: 'fe80:0:0:0:10eb:5cc2:8353:8144%en0', os.name: 'Mac OS X', os.arch: 'x86_64', os.version: '10.13.6', java.version: '1.8.0_181'
Driver info: com.kms.katalon.selenium.driver.CRemoteWebDriver
Capabilities {acceptInsecureCerts: false, browserName: firefox, browserVersion: 65.0, capabilities: {desiredCapabilities: {browserName: firefox, browserVersion: 65.0}}, javascriptEnabled: true, moz:accessibilityChecks: false, moz:headless: false, moz:processID: 4232, moz:profile: C:\Windows\proxy\rust_mozpr..., moz:shutdownTimeout: 60000, moz:useNonSpecCompliantPointerOrigin: false, moz:webdriverClick: true, pageLoadStrategy: normal, platform: WINDOWS, platformName: WINDOWS, platformVersion: 10.0, rotatable: false, setWindowRect: true, strictFileInteractability: false, timeouts: {implicit: 0, pageLoad: 300000, script: 30000}, unhandledPromptBehavior: dismiss and notify, webdriver.remote.sessionid: bae0ee019c06d19f6f490a8e4b9...}
Session ID: bae0ee019c06d19f6f490a8e4b98880f7bbadcbb)
[[ATTACHMENT|/Users/sumankompelly/git/Sample-OCS/Reports/OCS-09-05-2019 - Theme2/CRITICAL PATH - 09-05-2019/20190509_145038/1557428416265.png]]

2019-05-09 15:00:18 - [MESSAGE][FAILED] - click(findTestObject("Object Repository/Cart flyout-tooltips_OR/Page_Ontario Cannabis Store  Ontari/span_Indica Dominant")) FAILED.
Reason:
com.kms.katalon.core.exception.StepFailedException: Unable to click on object 'Object Repository/Cart flyout-tooltips_OR/Page_Ontario Cannabis Store  Ontari/span_Indica Dominant' (Root cause: org.openqa.selenium.ElementNotInteractableException: Element <span> could not be scrolled into view
Build info: version: '3.7.1', revision: '8a0099a', time: '2017-11-06T21:07:36.161Z'
System info: host: 'sumans-MacBook-Pro.local', ip: 'fe80:0:0:0:10eb:5cc2:8353:8144%en0', os.name: 'Mac OS X', os.arch: 'x86_64', os.version: '10.13.6', java.version: '1.8.0_181'
Driver info: com.kms.katalon.selenium.driver.CRemoteWebDriver
Capabilities {acceptInsecureCerts: false, browserName: firefox, browserVersion: 65.0, capabilities: {desiredCapabilities: {browserName: firefox, browserVersion: 65.0}}, javascriptEnabled: true, moz:accessibilityChecks: false, moz:headless: false, moz:processID: 4232, moz:profile: C:\Windows\proxy\rust_mozpr..., moz:shutdownTimeout: 60000, moz:useNonSpecCompliantPointerOrigin: false, moz:webdriverClick: true, pageLoadStrategy: normal, platform: WINDOWS, platformName: WINDOWS, platformVersion: 10.0, rotatable: false, setWindowRect: true, strictFileInteractability: false, timeouts: {implicit: 0, pageLoad: 300000, script: 30000}, unhandledPromptBehavior: dismiss and notify, webdriver.remote.sessionid: bae0ee019c06d19f6f490a8e4b9...}
Session ID: bae0ee019c06d19f6f490a8e4b98880f7bbadcbb)
	at com.kms.katalon.core.keyword.internal.KeywordMain.stepFailed(KeywordMain.groovy:36)
	at com.kms.katalon.core.webui.keyword.internal.WebUIKeywordMain.stepFailed(WebUIKeywordMain.groovy:65)
	at com.kms.katalon.core.webui.keyword.internal.WebUIKeywordMain.runKeyword(WebUIKeywordMain.groovy:27)
	at com.kms.katalon.core.webui.keyword.builtin.ClickKeyword.click(ClickKeyword.groovy:86)
	at com.kms.katalon.core.webui.keyword.builtin.ClickKeyword.execute(ClickKeyword.groovy:67)
	at com.kms.katalon.core.keyword.internal.KeywordExecutor.executeKeywordForPlatform(KeywordExecutor.groovy:53)
	at com.kms.katalon.core.webui.keyword.WebUiBuiltInKeywords.click(WebUiBuiltInKeywords.groovy:616)
	at com.kms.katalon.core.webui.keyword.WebUiBuiltInKeywords$click$1.call(Unknown Source)
	at Cart flyout-tooltips.run(Cart flyout-tooltips:41)
	at com.kms.katalon.core.main.ScriptEngine.run(ScriptEngine.java:194)
	at com.kms.katalon.core.main.ScriptEngine.runScriptAsRawText(ScriptEngine.java:119)
	at com.kms.katalon.core.main.TestCaseExecutor.runScript(TestCaseExecutor.java:328)
	at com.kms.katalon.core.main.TestCaseExecutor.doExecute(TestCaseExecutor.java:319)
	at com.kms.katalon.core.main.TestCaseExecutor.processExecutionPhase(TestCaseExecutor.java:298)
	at com.kms.katalon.core.main.TestCaseExecutor.accessMainPhase(TestCaseExecutor.java:290)
	at com.kms.katalon.core.main.TestCaseExecutor.execute(TestCaseExecutor.java:224)
	at com.kms.katalon.core.main.TestSuiteExecutor.accessTestCaseMainPhase(TestSuiteExecutor.java:129)
	at com.kms.katalon.core.main.TestSuiteExecutor.accessTestSuiteMainPhase(TestSuiteExecutor.java:112)
	at com.kms.katalon.core.main.TestSuiteExecutor.execute(TestSuiteExecutor.java:81)
	at com.kms.katalon.core.main.TestCaseMain.startTestSuite(TestCaseMain.java:149)
	at com.kms.katalon.core.main.TestCaseMain$startTestSuite$0.call(Unknown Source)
	at TempTestSuite1557427838424.run(TempTestSuite1557427838424.groovy:36)]]></system-out>
         <system-err><![CDATA[2019-05-09 14:59:17 - [TEST_CASE][FAILED] - Test Cases/OCS- CRITICAL PATH/Cart flyout-tooltips: Test Cases/OCS- CRITICAL PATH/Cart flyout-tooltips FAILED.
Reason:
com.kms.katalon.core.exception.StepFailedException: Unable to click on object 'Object Repository/Cart flyout-tooltips_OR/Page_Ontario Cannabis Store  Ontari/span_Indica Dominant' (Root cause: org.openqa.selenium.ElementNotInteractableException: Element <span> could not be scrolled into view
Build info: version: '3.7.1', revision: '8a0099a', time: '2017-11-06T21:07:36.161Z'
System info: host: 'sumans-MacBook-Pro.local', ip: 'fe80:0:0:0:10eb:5cc2:8353:8144%en0', os.name: 'Mac OS X', os.arch: 'x86_64', os.version: '10.13.6', java.version: '1.8.0_181'
Driver info: com.kms.katalon.selenium.driver.CRemoteWebDriver
Capabilities {acceptInsecureCerts: false, browserName: firefox, browserVersion: 65.0, capabilities: {desiredCapabilities: {browserName: firefox, browserVersion: 65.0}}, javascriptEnabled: true, moz:accessibilityChecks: false, moz:headless: false, moz:processID: 4232, moz:profile: C:\Windows\proxy\rust_mozpr..., moz:shutdownTimeout: 60000, moz:useNonSpecCompliantPointerOrigin: false, moz:webdriverClick: true, pageLoadStrategy: normal, platform: WINDOWS, platformName: WINDOWS, platformVersion: 10.0, rotatable: false, setWindowRect: true, strictFileInteractability: false, timeouts: {implicit: 0, pageLoad: 300000, script: 30000}, unhandledPromptBehavior: dismiss and notify, webdriver.remote.sessionid: bae0ee019c06d19f6f490a8e4b9...}
Session ID: bae0ee019c06d19f6f490a8e4b98880f7bbadcbb)
	at com.kms.katalon.core.keyword.internal.KeywordMain.stepFailed(KeywordMain.groovy:36)
	at com.kms.katalon.core.webui.keyword.internal.WebUIKeywordMain.stepFailed(WebUIKeywordMain.groovy:65)
	at com.kms.katalon.core.webui.keyword.internal.WebUIKeywordMain.runKeyword(WebUIKeywordMain.groovy:27)
	at com.kms.katalon.core.webui.keyword.builtin.ClickKeyword.click(ClickKeyword.groovy:86)
	at com.kms.katalon.core.webui.keyword.builtin.ClickKeyword.execute(ClickKeyword.groovy:67)
	at com.kms.katalon.core.keyword.internal.KeywordExecutor.executeKeywordForPlatform(KeywordExecutor.groovy:53)
	at com.kms.katalon.core.webui.keyword.WebUiBuiltInKeywords.click(WebUiBuiltInKeywords.groovy:616)
	at com.kms.katalon.core.webui.keyword.WebUiBuiltInKeywords$click$1.call(Unknown Source)
	at Cart flyout-tooltips.run(Cart flyout-tooltips:41)
	at com.kms.katalon.core.main.ScriptEngine.run(ScriptEngine.java:194)
	at com.kms.katalon.core.main.ScriptEngine.runScriptAsRawText(ScriptEngine.java:119)
	at com.kms.katalon.core.main.TestCaseExecutor.runScript(TestCaseExecutor.java:328)
	at com.kms.katalon.core.main.TestCaseExecutor.doExecute(TestCaseExecutor.java:319)
	at com.kms.katalon.core.main.TestCaseExecutor.processExecutionPhase(TestCaseExecutor.java:298)
	at com.kms.katalon.core.main.TestCaseExecutor.accessMainPhase(TestCaseExecutor.java:290)
	at com.kms.katalon.core.main.TestCaseExecutor.execute(TestCaseExecutor.java:224)
	at com.kms.katalon.core.main.TestSuiteExecutor.accessTestCaseMainPhase(TestSuiteExecutor.java:129)
	at com.kms.katalon.core.main.TestSuiteExecutor.accessTestSuiteMainPhase(TestSuiteExecutor.java:112)
	at com.kms.katalon.core.main.TestSuiteExecutor.execute(TestSuiteExecutor.java:81)
	at com.kms.katalon.core.main.TestCaseMain.startTestSuite(TestCaseMain.java:149)
	at com.kms.katalon.core.main.TestCaseMain$startTestSuite$0.call(Unknown Source)
	at TempTestSuite1557427838424.run(TempTestSuite1557427838424.groovy:36)]]></system-err>
      </testcase>
      <testcase name="Test Cases/OCS- CRITICAL PATH/Cart page- decrease qty" classname="Test Cases/OCS- CRITICAL PATH/Cart page- decrease qty" status="PASSED">
         <system-out><![CDATA[2019-05-09 15:00:18 - [TEST_CASE][PASSED] - Test Cases/OCS- CRITICAL PATH/Cart page- decrease qty: Test Cases/OCS- CRITICAL PATH/Cart page- decrease qty

2019-05-09 15:00:18 - [TEST_STEP][PASSED] - openBrowser(""): Browser is opened with url: ''

2019-05-09 15:00:18 - [MESSAGE][WARNING] - A browser is already opened. Closing browser and opening a new one

2019-05-09 15:00:19 - [MESSAGE][INFO] - Starting 'Remote' driver

2019-05-09 15:00:19 - [MESSAGE][INFO] - User set preference: ['os', 'windows']

2019-05-09 15:00:19 - [MESSAGE][INFO] - User set preference: ['os_version', '10']

2019-05-09 15:00:19 - [MESSAGE][INFO] - User set preference: ['browser', 'Firefox']

2019-05-09 15:00:19 - [MESSAGE][INFO] - User set preference: ['browser_version', '65']

2019-05-09 15:00:19 - [MESSAGE][INFO] - User set preference: ['resolution', '1280x800']

2019-05-09 15:00:19 - [MESSAGE][INFO] - Connecting to remote web server 'https://dianatest3:Z3oqw9ysqTeRQJq5wFCp@hub-cloud.browserstack.com/wd/hub' with type 'Selenium'

2019-05-09 15:00:27 - [MESSAGE][PASSED] - Browser is opened with url: ''

2019-05-09 15:00:27 - [TEST_STEP][PASSED] - navigateToUrl("https://ocs.ca/?fts=0&preview_theme_id=53373863756"): Navigate to 'https://ocs.ca/?fts=0&preview_theme_id=53373863756' successfully

2019-05-09 15:00:36 - [MESSAGE][PASSED] - Navigate to 'https://ocs.ca/?fts=0&preview_theme_id=53373863756' successfully

2019-05-09 15:00:36 - [TEST_STEP][PASSED] - click(findTestObject("Object Repository/Theme_oR/Page_Ontario Cannabis Store  Ontari/button_Close preview")): Object: 'Object Repository/Theme_oR/Page_Ontario Cannabis Store  Ontari/button_Close preview' is clicked on

2019-05-09 15:00:38 - [MESSAGE][PASSED] - Object: 'Object Repository/Theme_oR/Page_Ontario Cannabis Store  Ontari/button_Close preview' is clicked on

2019-05-09 15:00:38 - [TEST_STEP][PASSED] - maximizeWindow(): Current window maximized

2019-05-09 15:00:38 - [MESSAGE][PASSED] - Current window maximized

2019-05-09 15:00:38 - [TEST_STEP][PASSED] - selectOptionByValue(findTestObject("OCS_CRITICAL PATH/Cartflyout-decrease qty _OR/Page_Ontario Cannabis Store  Ontari/select_Select01020304050607080"), "18", true): All options with value '18' are selected in object 'Object Repository/OCS_CRITICAL PATH/Cartflyout-decrease qty _OR/Page_Ontario Cannabis Store  Ontari/select_Select01020304050607080'  using regular expression

2019-05-09 15:00:47 - [MESSAGE][PASSED] - All options with value '18' are selected in object 'Object Repository/OCS_CRITICAL PATH/Cartflyout-decrease qty _OR/Page_Ontario Cannabis Store  Ontari/select_Select01020304050607080'  using regular expression

2019-05-09 15:00:47 - [TEST_STEP][PASSED] - selectOptionByValue(findTestObject("OCS_CRITICAL PATH/Cartflyout-decrease qty _OR/Page_Ontario Cannabis Store  Ontari/select_SelectJanuary - 01Febru"), "9", true): All options with value '9' are selected in object 'Object Repository/OCS_CRITICAL PATH/Cartflyout-decrease qty _OR/Page_Ontario Cannabis Store  Ontari/select_SelectJanuary - 01Febru'  using regular expression

2019-05-09 15:00:53 - [MESSAGE][PASSED] - All options with value '9' are selected in object 'Object Repository/OCS_CRITICAL PATH/Cartflyout-decrease qty _OR/Page_Ontario Cannabis Store  Ontari/select_SelectJanuary - 01Febru'  using regular expression

2019-05-09 15:00:53 - [TEST_STEP][PASSED] - selectOptionByValue(findTestObject("OCS_CRITICAL PATH/Cartflyout-decrease qty _OR/Page_Ontario Cannabis Store  Ontari/select_Select20182017201620152"), "1933", true): All options with value '1933' are selected in object 'Object Repository/OCS_CRITICAL PATH/Cartflyout-decrease qty _OR/Page_Ontario Cannabis Store  Ontari/select_Select20182017201620152'  using regular expression

2019-05-09 15:01:22 - [MESSAGE][PASSED] - All options with value '1933' are selected in object 'Object Repository/OCS_CRITICAL PATH/Cartflyout-decrease qty _OR/Page_Ontario Cannabis Store  Ontari/select_Select20182017201620152'  using regular expression

2019-05-09 15:01:22 - [TEST_STEP][PASSED] - click(findTestObject("OCS_CRITICAL PATH/Cartflyout-decrease qty _OR/Page_Ontario Cannabis Store  Ontari/button_Verify")): Object: 'Object Repository/OCS_CRITICAL PATH/Cartflyout-decrease qty _OR/Page_Ontario Cannabis Store  Ontari/button_Verify' is clicked on

2019-05-09 15:01:22 - [MESSAGE][PASSED] - Object: 'Object Repository/OCS_CRITICAL PATH/Cartflyout-decrease qty _OR/Page_Ontario Cannabis Store  Ontari/button_Verify' is clicked on

2019-05-09 15:01:22 - [TEST_STEP][PASSED] - click(findTestObject("OCS_CRITICAL PATH/Cartflyout-decrease qty _OR/Page_Ontario Cannabis Store  Ontari/span_CONFIRM AND ACKNOWLEDGE_c")): Object: 'Object Repository/OCS_CRITICAL PATH/Cartflyout-decrease qty _OR/Page_Ontario Cannabis Store  Ontari/span_CONFIRM AND ACKNOWLEDGE_c' is clicked on

2019-05-09 15:01:23 - [MESSAGE][PASSED] - Object: 'Object Repository/OCS_CRITICAL PATH/Cartflyout-decrease qty _OR/Page_Ontario Cannabis Store  Ontari/span_CONFIRM AND ACKNOWLEDGE_c' is clicked on

2019-05-09 15:01:23 - [TEST_STEP][PASSED] - click(findTestObject("OCS_CRITICAL PATH/Cartflyout-decrease qty _OR/Page_Ontario Cannabis Store  Ontari/button_CONFIRM")): Object: 'Object Repository/OCS_CRITICAL PATH/Cartflyout-decrease qty _OR/Page_Ontario Cannabis Store  Ontari/button_CONFIRM' is clicked on

2019-05-09 15:01:23 - [MESSAGE][PASSED] - Object: 'Object Repository/OCS_CRITICAL PATH/Cartflyout-decrease qty _OR/Page_Ontario Cannabis Store  Ontari/button_CONFIRM' is clicked on

2019-05-09 15:01:23 - [TEST_STEP][PASSED] - click(findTestObject("OCS_CRITICAL PATH/Cartflyout-decrease qty _OR/Page_Ontario Cannabis Store  Ontari/button_Start Browsing")): Object: 'Object Repository/OCS_CRITICAL PATH/Cartflyout-decrease qty _OR/Page_Ontario Cannabis Store  Ontari/button_Start Browsing' is clicked on

2019-05-09 15:01:24 - [MESSAGE][PASSED] - Object: 'Object Repository/OCS_CRITICAL PATH/Cartflyout-decrease qty _OR/Page_Ontario Cannabis Store  Ontari/button_Start Browsing' is clicked on

2019-05-09 15:01:24 - [TEST_STEP][PASSED] - delay(2): Delayed 2 second(s)

2019-05-09 15:01:26 - [MESSAGE][PASSED] - Delayed 2 second(s)

2019-05-09 15:01:26 - [TEST_STEP][PASSED] - mouseOver(findTestObject("OCS_CRITICAL PATH/Cartflyout-decrease qty _OR/Page_Ontario Cannabis Store  Ontari/h3_Cannabis")): Object: 'Object Repository/OCS_CRITICAL PATH/Cartflyout-decrease qty _OR/Page_Ontario Cannabis Store  Ontari/h3_Cannabis' is hovered

2019-05-09 15:01:26 - [MESSAGE][PASSED] - Object: 'Object Repository/OCS_CRITICAL PATH/Cartflyout-decrease qty _OR/Page_Ontario Cannabis Store  Ontari/h3_Cannabis' is hovered

2019-05-09 15:01:26 - [TEST_STEP][PASSED] - delay(2): Delayed 2 second(s)

2019-05-09 15:01:28 - [MESSAGE][PASSED] - Delayed 2 second(s)

2019-05-09 15:01:28 - [TEST_STEP][PASSED] - click(findTestObject("OCS_CRITICAL PATH/Cartflyout-decrease qty _OR/Page_Ontario Cannabis Store  Ontari/span_Indica Dominant")): Object: 'Object Repository/OCS_CRITICAL PATH/Cartflyout-decrease qty _OR/Page_Ontario Cannabis Store  Ontari/span_Indica Dominant' is clicked on

2019-05-09 15:01:34 - [MESSAGE][PASSED] - Object: 'Object Repository/OCS_CRITICAL PATH/Cartflyout-decrease qty _OR/Page_Ontario Cannabis Store  Ontari/span_Indica Dominant' is clicked on

2019-05-09 15:01:34 - [TEST_STEP][PASSED] - delay(3): Delayed 3 second(s)

2019-05-09 15:01:37 - [MESSAGE][PASSED] - Delayed 3 second(s)

2019-05-09 15:01:37 - [TEST_STEP][PASSED] - click(findTestObject("OCS_CRITICAL PATH/Cartflyout-decrease qty _OR/Page_Indica Dominant Dried Flower/h3_Shishkaberry")): Object: 'Object Repository/OCS_CRITICAL PATH/Cartflyout-decrease qty _OR/Page_Indica Dominant Dried Flower/h3_Shishkaberry' is clicked on

2019-05-09 15:01:40 - [MESSAGE][PASSED] - Object: 'Object Repository/OCS_CRITICAL PATH/Cartflyout-decrease qty _OR/Page_Indica Dominant Dried Flower/h3_Shishkaberry' is clicked on

2019-05-09 15:01:40 - [TEST_STEP][PASSED] - click(findTestObject("OCS_CRITICAL PATH/Cartflyout-decrease qty _OR/Page_Shishkaberry  Ontario Cannabis/div_3.5g")): Object: 'Object Repository/OCS_CRITICAL PATH/Cartflyout-decrease qty _OR/Page_Shishkaberry  Ontario Cannabis/div_3.5g' is clicked on

2019-05-09 15:01:43 - [MESSAGE][PASSED] - Object: 'Object Repository/OCS_CRITICAL PATH/Cartflyout-decrease qty _OR/Page_Shishkaberry  Ontario Cannabis/div_3.5g' is clicked on

2019-05-09 15:01:43 - [TEST_STEP][PASSED] - click(findTestObject("OCS_CRITICAL PATH/cartpage- decrease qty _OR/Page_Shishkaberry  Ontario Cannabis/button_")): Object: 'Object Repository/OCS_CRITICAL PATH/cartpage- decrease qty _OR/Page_Shishkaberry  Ontario Cannabis/button_' is clicked on

2019-05-09 15:01:44 - [MESSAGE][PASSED] - Object: 'Object Repository/OCS_CRITICAL PATH/cartpage- decrease qty _OR/Page_Shishkaberry  Ontario Cannabis/button_' is clicked on

2019-05-09 15:01:44 - [TEST_STEP][PASSED] - click(findTestObject("OCS_CRITICAL PATH/cartpage- decrease qty _OR/Page_Shishkaberry  Ontario Cannabis/button_")): Object: 'Object Repository/OCS_CRITICAL PATH/cartpage- decrease qty _OR/Page_Shishkaberry  Ontario Cannabis/button_' is clicked on

2019-05-09 15:01:44 - [MESSAGE][PASSED] - Object: 'Object Repository/OCS_CRITICAL PATH/cartpage- decrease qty _OR/Page_Shishkaberry  Ontario Cannabis/button_' is clicked on

2019-05-09 15:01:44 - [TEST_STEP][PASSED] - click(findTestObject("OCS_CRITICAL PATH/cartpage- decrease qty _OR/Page_Shishkaberry  Ontario Cannabis/button_")): Object: 'Object Repository/OCS_CRITICAL PATH/cartpage- decrease qty _OR/Page_Shishkaberry  Ontario Cannabis/button_' is clicked on

2019-05-09 15:01:45 - [MESSAGE][PASSED] - Object: 'Object Repository/OCS_CRITICAL PATH/cartpage- decrease qty _OR/Page_Shishkaberry  Ontario Cannabis/button_' is clicked on

2019-05-09 15:01:45 - [TEST_STEP][PASSED] - click(findTestObject("OCS_CRITICAL PATH/cartpage- decrease qty _OR/Page_Shishkaberry  Ontario Cannabis/button_")): Object: 'Object Repository/OCS_CRITICAL PATH/cartpage- decrease qty _OR/Page_Shishkaberry  Ontario Cannabis/button_' is clicked on

2019-05-09 15:01:46 - [MESSAGE][PASSED] - Object: 'Object Repository/OCS_CRITICAL PATH/cartpage- decrease qty _OR/Page_Shishkaberry  Ontario Cannabis/button_' is clicked on

2019-05-09 15:01:46 - [TEST_STEP][PASSED] - click(findTestObject("OCS_CRITICAL PATH/cartpage- decrease qty _OR/Page_Shishkaberry  Ontario Cannabis/button_")): Object: 'Object Repository/OCS_CRITICAL PATH/cartpage- decrease qty _OR/Page_Shishkaberry  Ontario Cannabis/button_' is clicked on

2019-05-09 15:01:46 - [MESSAGE][PASSED] - Object: 'Object Repository/OCS_CRITICAL PATH/cartpage- decrease qty _OR/Page_Shishkaberry  Ontario Cannabis/button_' is clicked on

2019-05-09 15:01:46 - [TEST_STEP][PASSED] - click(findTestObject("OCS_CRITICAL PATH/cartpage- decrease qty _OR/Page_Shishkaberry  Ontario Cannabis/button_Add to Bag194.40")): Object: 'Object Repository/OCS_CRITICAL PATH/cartpage- decrease qty _OR/Page_Shishkaberry  Ontario Cannabis/button_Add to Bag194.40' is clicked on

2019-05-09 15:01:47 - [MESSAGE][PASSED] - Object: 'Object Repository/OCS_CRITICAL PATH/cartpage- decrease qty _OR/Page_Shishkaberry  Ontario Cannabis/button_Add to Bag194.40' is clicked on

2019-05-09 15:01:47 - [TEST_STEP][PASSED] - click(findTestObject("OCS_CRITICAL PATH/cartpage- decrease qty _OR/Page_Shishkaberry  Ontario Cannabis/span_concat(I confirm that I")): Object: 'Object Repository/OCS_CRITICAL PATH/cartpage- decrease qty _OR/Page_Shishkaberry  Ontario Cannabis/span_concat(I confirm that I' is clicked on

2019-05-09 15:01:49 - [MESSAGE][PASSED] - Object: 'Object Repository/OCS_CRITICAL PATH/cartpage- decrease qty _OR/Page_Shishkaberry  Ontario Cannabis/span_concat(I confirm that I' is clicked on

2019-05-09 15:01:49 - [TEST_STEP][PASSED] - click(findTestObject("OCS_CRITICAL PATH/cartpage- decrease qty _OR/Page_Shishkaberry  Ontario Cannabis/span_Accept the_checkbox")): Object: 'Object Repository/OCS_CRITICAL PATH/cartpage- decrease qty _OR/Page_Shishkaberry  Ontario Cannabis/span_Accept the_checkbox' is clicked on

2019-05-09 15:01:49 - [MESSAGE][PASSED] - Object: 'Object Repository/OCS_CRITICAL PATH/cartpage- decrease qty _OR/Page_Shishkaberry  Ontario Cannabis/span_Accept the_checkbox' is clicked on

2019-05-09 15:01:49 - [TEST_STEP][PASSED] - delay(3): Delayed 3 second(s)

2019-05-09 15:01:52 - [MESSAGE][PASSED] - Delayed 3 second(s)

2019-05-09 15:01:52 - [TEST_STEP][PASSED] - click(findTestObject("OCS_CRITICAL PATH/cartpage- decrease qty _OR/Page_Shishkaberry  Ontario Cannabis/a_Checkout")): Object: 'Object Repository/OCS_CRITICAL PATH/cartpage- decrease qty _OR/Page_Shishkaberry  Ontario Cannabis/a_Checkout' is clicked on

2019-05-09 15:01:59 - [MESSAGE][PASSED] - Object: 'Object Repository/OCS_CRITICAL PATH/cartpage- decrease qty _OR/Page_Shishkaberry  Ontario Cannabis/a_Checkout' is clicked on

2019-05-09 15:01:59 - [TEST_STEP][PASSED] - click(findTestObject("OCS_CRITICAL PATH/cartpage- decrease qty _OR/Page_Ontario Cannabis Store - Infor/a_Cart")): Object: 'Object Repository/OCS_CRITICAL PATH/cartpage- decrease qty _OR/Page_Ontario Cannabis Store - Infor/a_Cart' is clicked on

2019-05-09 15:02:03 - [MESSAGE][PASSED] - Object: 'Object Repository/OCS_CRITICAL PATH/cartpage- decrease qty _OR/Page_Ontario Cannabis Store - Infor/a_Cart' is clicked on

2019-05-09 15:02:03 - [TEST_STEP][PASSED] - a = getText(findTestObject("OCS_CRITICAL PATH/cartpage- decrease qty _OR/Page_Your Shopping Cart  Ontario Ca/p_194.40")): Text of object 'Object Repository/OCS_CRITICAL PATH/cartpage- decrease qty _OR/Page_Your Shopping Cart  Ontario Ca/p_194.40' is: '$194.40'

2019-05-09 15:02:03 - [MESSAGE][PASSED] - Text of object 'Object Repository/OCS_CRITICAL PATH/cartpage- decrease qty _OR/Page_Your Shopping Cart  Ontario Ca/p_194.40' is: '$194.40'

2019-05-09 15:02:03 - [TEST_STEP][PASSED] - comment(a): $194.40

2019-05-09 15:02:03 - [MESSAGE][INFO] - $194.40

2019-05-09 15:02:03 - [TEST_STEP][PASSED] - click(findTestObject("OCS_CRITICAL PATH/cartpage- decrease qty _OR/Page_Your Shopping Cart  Ontario Ca/button_-")): Object: 'Object Repository/OCS_CRITICAL PATH/cartpage- decrease qty _OR/Page_Your Shopping Cart  Ontario Ca/button_-' is clicked on

2019-05-09 15:02:04 - [MESSAGE][PASSED] - Object: 'Object Repository/OCS_CRITICAL PATH/cartpage- decrease qty _OR/Page_Your Shopping Cart  Ontario Ca/button_-' is clicked on

2019-05-09 15:02:04 - [TEST_STEP][PASSED] - setText(findTestObject("OCS_CRITICAL PATH/cartpage- decrease qty _OR/Page_Your Shopping Cart  Ontario Ca/input_-_updates"), "7"): Text '7' is set on object 'Object Repository/OCS_CRITICAL PATH/cartpage- decrease qty _OR/Page_Your Shopping Cart  Ontario Ca/input_-_updates'

2019-05-09 15:02:04 - [MESSAGE][PASSED] - Text '7' is set on object 'Object Repository/OCS_CRITICAL PATH/cartpage- decrease qty _OR/Page_Your Shopping Cart  Ontario Ca/input_-_updates'

2019-05-09 15:02:04 - [TEST_STEP][NOT_RUN] - click(findTestObject("OCS_CRITICAL PATH/cartpage- decrease qty _OR/Page_Your Shopping Cart  Ontario Ca/div_3.5g")): NOT_RUN: click(findTestObject("OCS_CRITICAL PATH/cartpage- decrease qty _OR/Page_Your Shopping Cart  Ontario Ca/div_3.5g"))

2019-05-09 15:02:04 - [MESSAGE][NOT_RUN] - NOT_RUN: click(findTestObject("OCS_CRITICAL PATH/cartpage- decrease qty _OR/Page_Your Shopping Cart  Ontario Ca/div_3.5g"))

2019-05-09 15:02:04 - [TEST_STEP][PASSED] - setText(findTestObject("OCS_CRITICAL PATH/cartpage- decrease qty _OR/Page_Your Shopping Cart  Ontario Ca/input_-_updates"), "6"): Text '6' is set on object 'Object Repository/OCS_CRITICAL PATH/cartpage- decrease qty _OR/Page_Your Shopping Cart  Ontario Ca/input_-_updates'

2019-05-09 15:02:04 - [MESSAGE][PASSED] - Text '6' is set on object 'Object Repository/OCS_CRITICAL PATH/cartpage- decrease qty _OR/Page_Your Shopping Cart  Ontario Ca/input_-_updates'

2019-05-09 15:02:04 - [TEST_STEP][NOT_RUN] - click(findTestObject("OCS_CRITICAL PATH/cartpage- decrease qty _OR/Page_Your Shopping Cart  Ontario Ca/div_3.5g                      _1")): NOT_RUN: click(findTestObject("OCS_CRITICAL PATH/cartpage- decrease qty _OR/Page_Your Shopping Cart  Ontario Ca/div_3.5g                      _1"))

2019-05-09 15:02:04 - [MESSAGE][NOT_RUN] - NOT_RUN: click(findTestObject("OCS_CRITICAL PATH/cartpage- decrease qty _OR/Page_Your Shopping Cart  Ontario Ca/div_3.5g                      _1"))

2019-05-09 15:02:04 - [TEST_STEP][PASSED] - delay(3): Delayed 3 second(s)

2019-05-09 15:02:07 - [MESSAGE][PASSED] - Delayed 3 second(s)

2019-05-09 15:02:07 - [TEST_STEP][PASSED] - click(findTestObject("OCS_CRITICAL PATH/cartpage- decrease qty _OR/Page_Your Shopping Cart  Ontario Ca/button_-")): Object: 'Object Repository/OCS_CRITICAL PATH/cartpage- decrease qty _OR/Page_Your Shopping Cart  Ontario Ca/button_-' is clicked on

2019-05-09 15:02:08 - [MESSAGE][PASSED] - Object: 'Object Repository/OCS_CRITICAL PATH/cartpage- decrease qty _OR/Page_Your Shopping Cart  Ontario Ca/button_-' is clicked on

2019-05-09 15:02:08 - [TEST_STEP][PASSED] - delay(2): Delayed 2 second(s)

2019-05-09 15:02:10 - [MESSAGE][PASSED] - Delayed 2 second(s)

2019-05-09 15:02:10 - [TEST_STEP][PASSED] - click(findTestObject("OCS_CRITICAL PATH/cartpage- decrease qty _OR/Page_Your Shopping Cart  Ontario Ca/button_-")): Object: 'Object Repository/OCS_CRITICAL PATH/cartpage- decrease qty _OR/Page_Your Shopping Cart  Ontario Ca/button_-' is clicked on

2019-05-09 15:02:11 - [MESSAGE][PASSED] - Object: 'Object Repository/OCS_CRITICAL PATH/cartpage- decrease qty _OR/Page_Your Shopping Cart  Ontario Ca/button_-' is clicked on

2019-05-09 15:02:11 - [TEST_STEP][PASSED] - delay(2): Delayed 2 second(s)

2019-05-09 15:02:13 - [MESSAGE][PASSED] - Delayed 2 second(s)

2019-05-09 15:02:13 - [TEST_STEP][PASSED] - click(findTestObject("OCS_CRITICAL PATH/cartpage- decrease qty _OR/Page_Your Shopping Cart  Ontario Ca/button_-")): Object: 'Object Repository/OCS_CRITICAL PATH/cartpage- decrease qty _OR/Page_Your Shopping Cart  Ontario Ca/button_-' is clicked on

2019-05-09 15:02:13 - [MESSAGE][PASSED] - Object: 'Object Repository/OCS_CRITICAL PATH/cartpage- decrease qty _OR/Page_Your Shopping Cart  Ontario Ca/button_-' is clicked on

2019-05-09 15:02:13 - [TEST_STEP][PASSED] - delay(5): Delayed 5 second(s)

2019-05-09 15:02:18 - [MESSAGE][PASSED] - Delayed 5 second(s)

2019-05-09 15:02:18 - [TEST_STEP][PASSED] - b = getText(findTestObject("OCS_CRITICAL PATH/cartpage- decrease qty _OR/Page_Your Shopping Cart  Ontario Ca/p_194.40")): Text of object 'Object Repository/OCS_CRITICAL PATH/cartpage- decrease qty _OR/Page_Your Shopping Cart  Ontario Ca/p_194.40' is: '$32.40'

2019-05-09 15:02:19 - [MESSAGE][PASSED] - Text of object 'Object Repository/OCS_CRITICAL PATH/cartpage- decrease qty _OR/Page_Your Shopping Cart  Ontario Ca/p_194.40' is: '$32.40'

2019-05-09 15:02:19 - [TEST_STEP][NOT_RUN] - click(findTestObject("OCS_CRITICAL PATH/cartpage- decrease qty _OR/Page_Your Shopping Cart  Ontario Ca/span_My Bag 3")): NOT_RUN: click(findTestObject("OCS_CRITICAL PATH/cartpage- decrease qty _OR/Page_Your Shopping Cart  Ontario Ca/span_My Bag 3"))

2019-05-09 15:02:19 - [MESSAGE][NOT_RUN] - NOT_RUN: click(findTestObject("OCS_CRITICAL PATH/cartpage- decrease qty _OR/Page_Your Shopping Cart  Ontario Ca/span_My Bag 3"))

2019-05-09 15:02:19 - [TEST_STEP][PASSED] - comment(b): $32.40

2019-05-09 15:02:19 - [MESSAGE][INFO] - $32.40

2019-05-09 15:02:19 - [TEST_STEP][NOT_RUN] - d = c.substring(1): NOT_RUN: d = c.substring(1)

2019-05-09 15:02:19 - [MESSAGE][NOT_RUN] - NOT_RUN: d = c.substring(1)

2019-05-09 15:02:19 - [TEST_STEP][NOT_RUN] - comment(d): NOT_RUN: comment(d)

2019-05-09 15:02:19 - [MESSAGE][NOT_RUN] - NOT_RUN: comment(d)

2019-05-09 15:02:19 - [TEST_STEP][PASSED] - verifyNotEqual("a", "b"): Actual object 'a' and expected object 'b' are not equal

2019-05-09 15:02:19 - [MESSAGE][PASSED] - Actual object 'a' and expected object 'b' are not equal

2019-05-09 15:02:19 - [TEST_STEP][PASSED] - comment(" price changed . Quantity selector is working"):  price changed . Quantity selector is working

2019-05-09 15:02:19 - [MESSAGE][INFO] -  price changed . Quantity selector is working]]></system-out>
         <system-err><![CDATA[]]></system-err>
      </testcase>
      <testcase name="Test Cases/OCS- CRITICAL PATH/cart page-increase qty" classname="Test Cases/OCS- CRITICAL PATH/cart page-increase qty" status="FAILED">
         <failure type="FAILED" message="Test Cases/OCS- CRITICAL PATH/cart page-increase qty FAILED.
Reason:
com.kms.katalon.core.exception.StepFailedException: Unable to set text '3' of object 'Object Repository/OCS_CRITICAL PATH/cartpage- decrease qty _OR/Page_Your Shopping Cart  Ontario Ca/input_-_updates (1)' (Root cause: org.openqa.selenium.StaleElementReferenceException: The element reference of &lt;input id=&quot;&quot; class=&quot;&quot; name=&quot;updates[]&quot; type=&quot;number&quot;> is stale; either the element is no longer attached to the DOM, it is not in the current frame context, or the document has been refreshed
For documentation on this error, please visit: http://seleniumhq.org/exceptions/stale_element_reference.html
Build info: version: '3.7.1', revision: '8a0099a', time: '2017-11-06T21:07:36.161Z'
System info: host: 'sumans-MacBook-Pro.local', ip: 'fe80:0:0:0:10eb:5cc2:8353:8144%en0', os.name: 'Mac OS X', os.arch: 'x86_64', os.version: '10.13.6', java.version: '1.8.0_181'
Driver info: com.kms.katalon.selenium.driver.CRemoteWebDriver
Capabilities {acceptInsecureCerts: false, browserName: firefox, browserVersion: 65.0, capabilities: {desiredCapabilities: {browserName: firefox, browserVersion: 65.0}}, javascriptEnabled: true, moz:accessibilityChecks: false, moz:headless: false, moz:processID: 6920, moz:profile: C:\Windows\proxy\rust_mozpr..., moz:shutdownTimeout: 60000, moz:useNonSpecCompliantPointerOrigin: false, moz:webdriverClick: true, pageLoadStrategy: normal, platform: WINDOWS, platformName: WINDOWS, platformVersion: 10.0, rotatable: false, setWindowRect: true, strictFileInteractability: false, timeouts: {implicit: 0, pageLoad: 300000, script: 30000}, unhandledPromptBehavior: dismiss and notify, webdriver.remote.sessionid: c916eae54a1711188656ce4bc6f...}
Session ID: c916eae54a1711188656ce4bc6f29bd1fa2901a8)
	at com.kms.katalon.core.keyword.internal.KeywordMain.stepFailed(KeywordMain.groovy:36)
	at com.kms.katalon.core.webui.keyword.internal.WebUIKeywordMain.stepFailed(WebUIKeywordMain.groovy:65)
	at com.kms.katalon.core.webui.keyword.internal.WebUIKeywordMain.runKeyword(WebUIKeywordMain.groovy:27)
	at com.kms.katalon.core.webui.keyword.builtin.SetTextKeyword.setText(SetTextKeyword.groovy:65)
	at com.kms.katalon.core.webui.keyword.builtin.SetTextKeyword.execute(SetTextKeyword.groovy:37)
	at com.kms.katalon.core.keyword.internal.KeywordExecutor.executeKeywordForPlatform(KeywordExecutor.groovy:53)
	at com.kms.katalon.core.webui.keyword.WebUiBuiltInKeywords.setText(WebUiBuiltInKeywords.groovy:950)
	at com.kms.katalon.core.webui.keyword.WebUiBuiltInKeywords$setText$6.call(Unknown Source)
	at cart page-increase qty.run(cart page-increase qty:84)
	at com.kms.katalon.core.main.ScriptEngine.run(ScriptEngine.java:194)
	at com.kms.katalon.core.main.ScriptEngine.runScriptAsRawText(ScriptEngine.java:119)
	at com.kms.katalon.core.main.TestCaseExecutor.runScript(TestCaseExecutor.java:328)
	at com.kms.katalon.core.main.TestCaseExecutor.doExecute(TestCaseExecutor.java:319)
	at com.kms.katalon.core.main.TestCaseExecutor.processExecutionPhase(TestCaseExecutor.java:298)
	at com.kms.katalon.core.main.TestCaseExecutor.accessMainPhase(TestCaseExecutor.java:290)
	at com.kms.katalon.core.main.TestCaseExecutor.execute(TestCaseExecutor.java:224)
	at com.kms.katalon.core.main.TestSuiteExecutor.accessTestCaseMainPhase(TestSuiteExecutor.java:129)
	at com.kms.katalon.core.main.TestSuiteExecutor.accessTestSuiteMainPhase(TestSuiteExecutor.java:112)
	at com.kms.katalon.core.main.TestSuiteExecutor.execute(TestSuiteExecutor.java:81)
	at com.kms.katalon.core.main.TestCaseMain.startTestSuite(TestCaseMain.java:149)
	at com.kms.katalon.core.main.TestCaseMain$startTestSuite$0.call(Unknown Source)
	at TempTestSuite1557427838424.run(TempTestSuite1557427838424.groovy:36)
"/>
         <system-out><![CDATA[2019-05-09 15:02:19 - [TEST_CASE][FAILED] - Test Cases/OCS- CRITICAL PATH/cart page-increase qty: Test Cases/OCS- CRITICAL PATH/cart page-increase qty FAILED.
Reason:
com.kms.katalon.core.exception.StepFailedException: Unable to set text '3' of object 'Object Repository/OCS_CRITICAL PATH/cartpage- decrease qty _OR/Page_Your Shopping Cart  Ontario Ca/input_-_updates (1)' (Root cause: org.openqa.selenium.StaleElementReferenceException: The element reference of <input id="" class="" name="updates[]" type="number"> is stale; either the element is no longer attached to the DOM, it is not in the current frame context, or the document has been refreshed
For documentation on this error, please visit: http://seleniumhq.org/exceptions/stale_element_reference.html
Build info: version: '3.7.1', revision: '8a0099a', time: '2017-11-06T21:07:36.161Z'
System info: host: 'sumans-MacBook-Pro.local', ip: 'fe80:0:0:0:10eb:5cc2:8353:8144%en0', os.name: 'Mac OS X', os.arch: 'x86_64', os.version: '10.13.6', java.version: '1.8.0_181'
Driver info: com.kms.katalon.selenium.driver.CRemoteWebDriver
Capabilities {acceptInsecureCerts: false, browserName: firefox, browserVersion: 65.0, capabilities: {desiredCapabilities: {browserName: firefox, browserVersion: 65.0}}, javascriptEnabled: true, moz:accessibilityChecks: false, moz:headless: false, moz:processID: 6920, moz:profile: C:\Windows\proxy\rust_mozpr..., moz:shutdownTimeout: 60000, moz:useNonSpecCompliantPointerOrigin: false, moz:webdriverClick: true, pageLoadStrategy: normal, platform: WINDOWS, platformName: WINDOWS, platformVersion: 10.0, rotatable: false, setWindowRect: true, strictFileInteractability: false, timeouts: {implicit: 0, pageLoad: 300000, script: 30000}, unhandledPromptBehavior: dismiss and notify, webdriver.remote.sessionid: c916eae54a1711188656ce4bc6f...}
Session ID: c916eae54a1711188656ce4bc6f29bd1fa2901a8)
	at com.kms.katalon.core.keyword.internal.KeywordMain.stepFailed(KeywordMain.groovy:36)
	at com.kms.katalon.core.webui.keyword.internal.WebUIKeywordMain.stepFailed(WebUIKeywordMain.groovy:65)
	at com.kms.katalon.core.webui.keyword.internal.WebUIKeywordMain.runKeyword(WebUIKeywordMain.groovy:27)
	at com.kms.katalon.core.webui.keyword.builtin.SetTextKeyword.setText(SetTextKeyword.groovy:65)
	at com.kms.katalon.core.webui.keyword.builtin.SetTextKeyword.execute(SetTextKeyword.groovy:37)
	at com.kms.katalon.core.keyword.internal.KeywordExecutor.executeKeywordForPlatform(KeywordExecutor.groovy:53)
	at com.kms.katalon.core.webui.keyword.WebUiBuiltInKeywords.setText(WebUiBuiltInKeywords.groovy:950)
	at com.kms.katalon.core.webui.keyword.WebUiBuiltInKeywords$setText$6.call(Unknown Source)
	at cart page-increase qty.run(cart page-increase qty:84)
	at com.kms.katalon.core.main.ScriptEngine.run(ScriptEngine.java:194)
	at com.kms.katalon.core.main.ScriptEngine.runScriptAsRawText(ScriptEngine.java:119)
	at com.kms.katalon.core.main.TestCaseExecutor.runScript(TestCaseExecutor.java:328)
	at com.kms.katalon.core.main.TestCaseExecutor.doExecute(TestCaseExecutor.java:319)
	at com.kms.katalon.core.main.TestCaseExecutor.processExecutionPhase(TestCaseExecutor.java:298)
	at com.kms.katalon.core.main.TestCaseExecutor.accessMainPhase(TestCaseExecutor.java:290)
	at com.kms.katalon.core.main.TestCaseExecutor.execute(TestCaseExecutor.java:224)
	at com.kms.katalon.core.main.TestSuiteExecutor.accessTestCaseMainPhase(TestSuiteExecutor.java:129)
	at com.kms.katalon.core.main.TestSuiteExecutor.accessTestSuiteMainPhase(TestSuiteExecutor.java:112)
	at com.kms.katalon.core.main.TestSuiteExecutor.execute(TestSuiteExecutor.java:81)
	at com.kms.katalon.core.main.TestCaseMain.startTestSuite(TestCaseMain.java:149)
	at com.kms.katalon.core.main.TestCaseMain$startTestSuite$0.call(Unknown Source)
	at TempTestSuite1557427838424.run(TempTestSuite1557427838424.groovy:36)


2019-05-09 15:02:19 - [TEST_STEP][PASSED] - openBrowser(""): Browser is opened with url: ''

2019-05-09 15:02:19 - [MESSAGE][WARNING] - A browser is already opened. Closing browser and opening a new one

2019-05-09 15:02:20 - [MESSAGE][INFO] - Starting 'Remote' driver

2019-05-09 15:02:20 - [MESSAGE][INFO] - User set preference: ['os', 'windows']

2019-05-09 15:02:20 - [MESSAGE][INFO] - User set preference: ['os_version', '10']

2019-05-09 15:02:20 - [MESSAGE][INFO] - User set preference: ['browser', 'Firefox']

2019-05-09 15:02:20 - [MESSAGE][INFO] - User set preference: ['browser_version', '65']

2019-05-09 15:02:20 - [MESSAGE][INFO] - User set preference: ['resolution', '1280x800']

2019-05-09 15:02:20 - [MESSAGE][INFO] - Connecting to remote web server 'https://dianatest3:Z3oqw9ysqTeRQJq5wFCp@hub-cloud.browserstack.com/wd/hub' with type 'Selenium'

2019-05-09 15:02:28 - [MESSAGE][PASSED] - Browser is opened with url: ''

2019-05-09 15:02:28 - [TEST_STEP][PASSED] - navigateToUrl("https://ocs.ca/?fts=0&preview_theme_id=53373863756"): Navigate to 'https://ocs.ca/?fts=0&preview_theme_id=53373863756' successfully

2019-05-09 15:02:35 - [MESSAGE][PASSED] - Navigate to 'https://ocs.ca/?fts=0&preview_theme_id=53373863756' successfully

2019-05-09 15:02:35 - [TEST_STEP][PASSED] - click(findTestObject("Object Repository/Theme_oR/Page_Ontario Cannabis Store  Ontari/button_Close preview")): Object: 'Object Repository/Theme_oR/Page_Ontario Cannabis Store  Ontari/button_Close preview' is clicked on

2019-05-09 15:02:38 - [MESSAGE][PASSED] - Object: 'Object Repository/Theme_oR/Page_Ontario Cannabis Store  Ontari/button_Close preview' is clicked on

2019-05-09 15:02:38 - [TEST_STEP][PASSED] - maximizeWindow(): Current window maximized

2019-05-09 15:02:38 - [MESSAGE][PASSED] - Current window maximized

2019-05-09 15:02:38 - [TEST_STEP][PASSED] - selectOptionByValue(findTestObject("OCS_CRITICAL PATH/Cartflyout-decrease qty _OR/Page_Ontario Cannabis Store  Ontari/select_Select01020304050607080"), "18", true): All options with value '18' are selected in object 'Object Repository/OCS_CRITICAL PATH/Cartflyout-decrease qty _OR/Page_Ontario Cannabis Store  Ontari/select_Select01020304050607080'  using regular expression

2019-05-09 15:02:46 - [MESSAGE][PASSED] - All options with value '18' are selected in object 'Object Repository/OCS_CRITICAL PATH/Cartflyout-decrease qty _OR/Page_Ontario Cannabis Store  Ontari/select_Select01020304050607080'  using regular expression

2019-05-09 15:02:46 - [TEST_STEP][PASSED] - selectOptionByValue(findTestObject("OCS_CRITICAL PATH/Cartflyout-decrease qty _OR/Page_Ontario Cannabis Store  Ontari/select_SelectJanuary - 01Febru"), "9", true): All options with value '9' are selected in object 'Object Repository/OCS_CRITICAL PATH/Cartflyout-decrease qty _OR/Page_Ontario Cannabis Store  Ontari/select_SelectJanuary - 01Febru'  using regular expression

2019-05-09 15:02:51 - [MESSAGE][PASSED] - All options with value '9' are selected in object 'Object Repository/OCS_CRITICAL PATH/Cartflyout-decrease qty _OR/Page_Ontario Cannabis Store  Ontari/select_SelectJanuary - 01Febru'  using regular expression

2019-05-09 15:02:51 - [TEST_STEP][PASSED] - selectOptionByValue(findTestObject("OCS_CRITICAL PATH/Cartflyout-decrease qty _OR/Page_Ontario Cannabis Store  Ontari/select_Select20182017201620152"), "1933", true): All options with value '1933' are selected in object 'Object Repository/OCS_CRITICAL PATH/Cartflyout-decrease qty _OR/Page_Ontario Cannabis Store  Ontari/select_Select20182017201620152'  using regular expression

2019-05-09 15:03:11 - [MESSAGE][PASSED] - All options with value '1933' are selected in object 'Object Repository/OCS_CRITICAL PATH/Cartflyout-decrease qty _OR/Page_Ontario Cannabis Store  Ontari/select_Select20182017201620152'  using regular expression

2019-05-09 15:03:11 - [TEST_STEP][PASSED] - click(findTestObject("OCS_CRITICAL PATH/Cartflyout-decrease qty _OR/Page_Ontario Cannabis Store  Ontari/button_Verify")): Object: 'Object Repository/OCS_CRITICAL PATH/Cartflyout-decrease qty _OR/Page_Ontario Cannabis Store  Ontari/button_Verify' is clicked on

2019-05-09 15:03:11 - [MESSAGE][PASSED] - Object: 'Object Repository/OCS_CRITICAL PATH/Cartflyout-decrease qty _OR/Page_Ontario Cannabis Store  Ontari/button_Verify' is clicked on

2019-05-09 15:03:11 - [TEST_STEP][PASSED] - click(findTestObject("OCS_CRITICAL PATH/Cartflyout-decrease qty _OR/Page_Ontario Cannabis Store  Ontari/span_CONFIRM AND ACKNOWLEDGE_c")): Object: 'Object Repository/OCS_CRITICAL PATH/Cartflyout-decrease qty _OR/Page_Ontario Cannabis Store  Ontari/span_CONFIRM AND ACKNOWLEDGE_c' is clicked on

2019-05-09 15:03:12 - [MESSAGE][PASSED] - Object: 'Object Repository/OCS_CRITICAL PATH/Cartflyout-decrease qty _OR/Page_Ontario Cannabis Store  Ontari/span_CONFIRM AND ACKNOWLEDGE_c' is clicked on

2019-05-09 15:03:12 - [TEST_STEP][PASSED] - click(findTestObject("OCS_CRITICAL PATH/Cartflyout-decrease qty _OR/Page_Ontario Cannabis Store  Ontari/button_CONFIRM")): Object: 'Object Repository/OCS_CRITICAL PATH/Cartflyout-decrease qty _OR/Page_Ontario Cannabis Store  Ontari/button_CONFIRM' is clicked on

2019-05-09 15:03:12 - [MESSAGE][PASSED] - Object: 'Object Repository/OCS_CRITICAL PATH/Cartflyout-decrease qty _OR/Page_Ontario Cannabis Store  Ontari/button_CONFIRM' is clicked on

2019-05-09 15:03:12 - [TEST_STEP][PASSED] - click(findTestObject("OCS_CRITICAL PATH/Cartflyout-decrease qty _OR/Page_Ontario Cannabis Store  Ontari/button_Start Browsing")): Object: 'Object Repository/OCS_CRITICAL PATH/Cartflyout-decrease qty _OR/Page_Ontario Cannabis Store  Ontari/button_Start Browsing' is clicked on

2019-05-09 15:03:13 - [MESSAGE][PASSED] - Object: 'Object Repository/OCS_CRITICAL PATH/Cartflyout-decrease qty _OR/Page_Ontario Cannabis Store  Ontari/button_Start Browsing' is clicked on

2019-05-09 15:03:13 - [TEST_STEP][PASSED] - delay(2): Delayed 2 second(s)

2019-05-09 15:03:15 - [MESSAGE][PASSED] - Delayed 2 second(s)

2019-05-09 15:03:15 - [TEST_STEP][PASSED] - mouseOver(findTestObject("OCS_CRITICAL PATH/Cartflyout-decrease qty _OR/Page_Ontario Cannabis Store  Ontari/h3_Cannabis")): Object: 'Object Repository/OCS_CRITICAL PATH/Cartflyout-decrease qty _OR/Page_Ontario Cannabis Store  Ontari/h3_Cannabis' is hovered

2019-05-09 15:03:15 - [MESSAGE][PASSED] - Object: 'Object Repository/OCS_CRITICAL PATH/Cartflyout-decrease qty _OR/Page_Ontario Cannabis Store  Ontari/h3_Cannabis' is hovered

2019-05-09 15:03:15 - [TEST_STEP][PASSED] - delay(2): Delayed 2 second(s)

2019-05-09 15:03:17 - [MESSAGE][PASSED] - Delayed 2 second(s)

2019-05-09 15:03:17 - [TEST_STEP][PASSED] - click(findTestObject("OCS_CRITICAL PATH/Cartflyout-decrease qty _OR/Page_Ontario Cannabis Store  Ontari/span_Indica Dominant")): Object: 'Object Repository/OCS_CRITICAL PATH/Cartflyout-decrease qty _OR/Page_Ontario Cannabis Store  Ontari/span_Indica Dominant' is clicked on

2019-05-09 15:03:22 - [MESSAGE][PASSED] - Object: 'Object Repository/OCS_CRITICAL PATH/Cartflyout-decrease qty _OR/Page_Ontario Cannabis Store  Ontari/span_Indica Dominant' is clicked on

2019-05-09 15:03:22 - [TEST_STEP][PASSED] - delay(3): Delayed 3 second(s)

2019-05-09 15:03:25 - [MESSAGE][PASSED] - Delayed 3 second(s)

2019-05-09 15:03:25 - [TEST_STEP][PASSED] - click(findTestObject("OCS_CRITICAL PATH/Cartflyout-decrease qty _OR/Page_Indica Dominant Dried Flower/h3_Shishkaberry")): Object: 'Object Repository/OCS_CRITICAL PATH/Cartflyout-decrease qty _OR/Page_Indica Dominant Dried Flower/h3_Shishkaberry' is clicked on

2019-05-09 15:03:28 - [MESSAGE][PASSED] - Object: 'Object Repository/OCS_CRITICAL PATH/Cartflyout-decrease qty _OR/Page_Indica Dominant Dried Flower/h3_Shishkaberry' is clicked on

2019-05-09 15:03:28 - [TEST_STEP][PASSED] - click(findTestObject("OCS_CRITICAL PATH/Cartflyout-decrease qty _OR/Page_Shishkaberry  Ontario Cannabis/div_3.5g")): Object: 'Object Repository/OCS_CRITICAL PATH/Cartflyout-decrease qty _OR/Page_Shishkaberry  Ontario Cannabis/div_3.5g' is clicked on

2019-05-09 15:03:29 - [MESSAGE][PASSED] - Object: 'Object Repository/OCS_CRITICAL PATH/Cartflyout-decrease qty _OR/Page_Shishkaberry  Ontario Cannabis/div_3.5g' is clicked on

2019-05-09 15:03:29 - [TEST_STEP][NOT_RUN] - click(findTestObject("Page_Shishkaberry  Ontario Cannabis/button_")): NOT_RUN: click(findTestObject("Page_Shishkaberry  Ontario Cannabis/button_"))

2019-05-09 15:03:29 - [MESSAGE][NOT_RUN] - NOT_RUN: click(findTestObject("Page_Shishkaberry  Ontario Cannabis/button_"))

2019-05-09 15:03:29 - [TEST_STEP][NOT_RUN] - click(findTestObject("Page_Shishkaberry  Ontario Cannabis/button_")): NOT_RUN: click(findTestObject("Page_Shishkaberry  Ontario Cannabis/button_"))

2019-05-09 15:03:29 - [MESSAGE][NOT_RUN] - NOT_RUN: click(findTestObject("Page_Shishkaberry  Ontario Cannabis/button_"))

2019-05-09 15:03:29 - [TEST_STEP][NOT_RUN] - click(findTestObject("Page_Shishkaberry  Ontario Cannabis/button_")): NOT_RUN: click(findTestObject("Page_Shishkaberry  Ontario Cannabis/button_"))

2019-05-09 15:03:29 - [MESSAGE][NOT_RUN] - NOT_RUN: click(findTestObject("Page_Shishkaberry  Ontario Cannabis/button_"))

2019-05-09 15:03:29 - [TEST_STEP][NOT_RUN] - click(findTestObject("Page_Shishkaberry  Ontario Cannabis/button_")): NOT_RUN: click(findTestObject("Page_Shishkaberry  Ontario Cannabis/button_"))

2019-05-09 15:03:29 - [MESSAGE][NOT_RUN] - NOT_RUN: click(findTestObject("Page_Shishkaberry  Ontario Cannabis/button_"))

2019-05-09 15:03:29 - [TEST_STEP][NOT_RUN] - click(findTestObject("Page_Shishkaberry  Ontario Cannabis/button_")): NOT_RUN: click(findTestObject("Page_Shishkaberry  Ontario Cannabis/button_"))

2019-05-09 15:03:29 - [MESSAGE][NOT_RUN] - NOT_RUN: click(findTestObject("Page_Shishkaberry  Ontario Cannabis/button_"))

2019-05-09 15:03:29 - [TEST_STEP][PASSED] - click(findTestObject("OCS_CRITICAL PATH/cartpage- decrease qty _OR/Page_Shishkaberry  Ontario Cannabis/button_Add to Bag194.40")): Object: 'Object Repository/OCS_CRITICAL PATH/cartpage- decrease qty _OR/Page_Shishkaberry  Ontario Cannabis/button_Add to Bag194.40' is clicked on

2019-05-09 15:03:29 - [MESSAGE][PASSED] - Object: 'Object Repository/OCS_CRITICAL PATH/cartpage- decrease qty _OR/Page_Shishkaberry  Ontario Cannabis/button_Add to Bag194.40' is clicked on

2019-05-09 15:03:29 - [TEST_STEP][PASSED] - click(findTestObject("OCS_CRITICAL PATH/cartpage- decrease qty _OR/Page_Shishkaberry  Ontario Cannabis/span_concat(I confirm that I")): Object: 'Object Repository/OCS_CRITICAL PATH/cartpage- decrease qty _OR/Page_Shishkaberry  Ontario Cannabis/span_concat(I confirm that I' is clicked on

2019-05-09 15:03:31 - [MESSAGE][PASSED] - Object: 'Object Repository/OCS_CRITICAL PATH/cartpage- decrease qty _OR/Page_Shishkaberry  Ontario Cannabis/span_concat(I confirm that I' is clicked on

2019-05-09 15:03:31 - [TEST_STEP][PASSED] - click(findTestObject("OCS_CRITICAL PATH/cartpage- decrease qty _OR/Page_Shishkaberry  Ontario Cannabis/span_Accept the_checkbox")): Object: 'Object Repository/OCS_CRITICAL PATH/cartpage- decrease qty _OR/Page_Shishkaberry  Ontario Cannabis/span_Accept the_checkbox' is clicked on

2019-05-09 15:03:31 - [MESSAGE][PASSED] - Object: 'Object Repository/OCS_CRITICAL PATH/cartpage- decrease qty _OR/Page_Shishkaberry  Ontario Cannabis/span_Accept the_checkbox' is clicked on

2019-05-09 15:03:31 - [TEST_STEP][PASSED] - delay(3): Delayed 3 second(s)

2019-05-09 15:03:34 - [MESSAGE][PASSED] - Delayed 3 second(s)

2019-05-09 15:03:34 - [TEST_STEP][PASSED] - click(findTestObject("OCS_CRITICAL PATH/cartpage- decrease qty _OR/Page_Shishkaberry  Ontario Cannabis/a_Checkout")): Object: 'Object Repository/OCS_CRITICAL PATH/cartpage- decrease qty _OR/Page_Shishkaberry  Ontario Cannabis/a_Checkout' is clicked on

2019-05-09 15:03:39 - [MESSAGE][PASSED] - Object: 'Object Repository/OCS_CRITICAL PATH/cartpage- decrease qty _OR/Page_Shishkaberry  Ontario Cannabis/a_Checkout' is clicked on

2019-05-09 15:03:39 - [TEST_STEP][PASSED] - click(findTestObject("OCS_CRITICAL PATH/cartpage- decrease qty _OR/Page_Ontario Cannabis Store - Infor/a_Cart")): Object: 'Object Repository/OCS_CRITICAL PATH/cartpage- decrease qty _OR/Page_Ontario Cannabis Store - Infor/a_Cart' is clicked on

2019-05-09 15:03:42 - [MESSAGE][PASSED] - Object: 'Object Repository/OCS_CRITICAL PATH/cartpage- decrease qty _OR/Page_Ontario Cannabis Store - Infor/a_Cart' is clicked on

2019-05-09 15:03:42 - [TEST_STEP][PASSED] - a = getText(findTestObject("OCS_CRITICAL PATH/cartpage- decrease qty _OR/Page_Your Shopping Cart  Ontario Ca/p_194.40 (1)")): Text of object 'Object Repository/OCS_CRITICAL PATH/cartpage- decrease qty _OR/Page_Your Shopping Cart  Ontario Ca/p_194.40 (1)' is: '$32.40'

2019-05-09 15:03:43 - [MESSAGE][PASSED] - Text of object 'Object Repository/OCS_CRITICAL PATH/cartpage- decrease qty _OR/Page_Your Shopping Cart  Ontario Ca/p_194.40 (1)' is: '$32.40'

2019-05-09 15:03:43 - [TEST_STEP][PASSED] - comment(a): $32.40

2019-05-09 15:03:43 - [MESSAGE][INFO] - $32.40

2019-05-09 15:03:43 - [TEST_STEP][PASSED] - setText(findTestObject("Object Repository/OCS_CRITICAL PATH/cartpage- decrease qty _OR/Page_Your Shopping Cart  Ontario Ca/input_-_updates (1)"), "2"): Text '2' is set on object 'Object Repository/OCS_CRITICAL PATH/cartpage- decrease qty _OR/Page_Your Shopping Cart  Ontario Ca/input_-_updates (1)'

2019-05-09 15:03:43 - [MESSAGE][PASSED] - Text '2' is set on object 'Object Repository/OCS_CRITICAL PATH/cartpage- decrease qty _OR/Page_Your Shopping Cart  Ontario Ca/input_-_updates (1)'

2019-05-09 15:03:43 - [TEST_STEP][FAILED] - setText(findTestObject("Object Repository/OCS_CRITICAL PATH/cartpage- decrease qty _OR/Page_Your Shopping Cart  Ontario Ca/input_-_updates (1)"), "3"): setText(findTestObject("Object Repository/OCS_CRITICAL PATH/cartpage- decrease qty _OR/Page_Your Shopping Cart  Ontario Ca/input_-_updates (1)"), "3") FAILED.
Reason:
com.kms.katalon.core.exception.StepFailedException: Unable to set text '3' of object 'Object Repository/OCS_CRITICAL PATH/cartpage- decrease qty _OR/Page_Your Shopping Cart  Ontario Ca/input_-_updates (1)' (Root cause: org.openqa.selenium.StaleElementReferenceException: The element reference of <input id="" class="" name="updates[]" type="number"> is stale; either the element is no longer attached to the DOM, it is not in the current frame context, or the document has been refreshed
For documentation on this error, please visit: http://seleniumhq.org/exceptions/stale_element_reference.html
Build info: version: '3.7.1', revision: '8a0099a', time: '2017-11-06T21:07:36.161Z'
System info: host: 'sumans-MacBook-Pro.local', ip: 'fe80:0:0:0:10eb:5cc2:8353:8144%en0', os.name: 'Mac OS X', os.arch: 'x86_64', os.version: '10.13.6', java.version: '1.8.0_181'
Driver info: com.kms.katalon.selenium.driver.CRemoteWebDriver
Capabilities {acceptInsecureCerts: false, browserName: firefox, browserVersion: 65.0, capabilities: {desiredCapabilities: {browserName: firefox, browserVersion: 65.0}}, javascriptEnabled: true, moz:accessibilityChecks: false, moz:headless: false, moz:processID: 6920, moz:profile: C:\Windows\proxy\rust_mozpr..., moz:shutdownTimeout: 60000, moz:useNonSpecCompliantPointerOrigin: false, moz:webdriverClick: true, pageLoadStrategy: normal, platform: WINDOWS, platformName: WINDOWS, platformVersion: 10.0, rotatable: false, setWindowRect: true, strictFileInteractability: false, timeouts: {implicit: 0, pageLoad: 300000, script: 30000}, unhandledPromptBehavior: dismiss and notify, webdriver.remote.sessionid: c916eae54a1711188656ce4bc6f...}
Session ID: c916eae54a1711188656ce4bc6f29bd1fa2901a8)
	at com.kms.katalon.core.keyword.internal.KeywordMain.stepFailed(KeywordMain.groovy:36)
	at com.kms.katalon.core.webui.keyword.internal.WebUIKeywordMain.stepFailed(WebUIKeywordMain.groovy:65)
	at com.kms.katalon.core.webui.keyword.internal.WebUIKeywordMain.runKeyword(WebUIKeywordMain.groovy:27)
	at com.kms.katalon.core.webui.keyword.builtin.SetTextKeyword.setText(SetTextKeyword.groovy:65)
	at com.kms.katalon.core.webui.keyword.builtin.SetTextKeyword.execute(SetTextKeyword.groovy:37)
	at com.kms.katalon.core.keyword.internal.KeywordExecutor.executeKeywordForPlatform(KeywordExecutor.groovy:53)
	at com.kms.katalon.core.webui.keyword.WebUiBuiltInKeywords.setText(WebUiBuiltInKeywords.groovy:950)
	at com.kms.katalon.core.webui.keyword.WebUiBuiltInKeywords$setText$6.call(Unknown Source)
	at cart page-increase qty.run(cart page-increase qty:84)
	at com.kms.katalon.core.main.ScriptEngine.run(ScriptEngine.java:194)
	at com.kms.katalon.core.main.ScriptEngine.runScriptAsRawText(ScriptEngine.java:119)
	at com.kms.katalon.core.main.TestCaseExecutor.runScript(TestCaseExecutor.java:328)
	at com.kms.katalon.core.main.TestCaseExecutor.doExecute(TestCaseExecutor.java:319)
	at com.kms.katalon.core.main.TestCaseExecutor.processExecutionPhase(TestCaseExecutor.java:298)
	at com.kms.katalon.core.main.TestCaseExecutor.accessMainPhase(TestCaseExecutor.java:290)
	at com.kms.katalon.core.main.TestCaseExecutor.execute(TestCaseExecutor.java:224)
	at com.kms.katalon.core.main.TestSuiteExecutor.accessTestCaseMainPhase(TestSuiteExecutor.java:129)
	at com.kms.katalon.core.main.TestSuiteExecutor.accessTestSuiteMainPhase(TestSuiteExecutor.java:112)
	at com.kms.katalon.core.main.TestSuiteExecutor.execute(TestSuiteExecutor.java:81)
	at com.kms.katalon.core.main.TestCaseMain.startTestSuite(TestCaseMain.java:149)
	at com.kms.katalon.core.main.TestCaseMain$startTestSuite$0.call(Unknown Source)
	at TempTestSuite1557427838424.run(TempTestSuite1557427838424.groovy:36)


2019-05-09 15:03:44 - [MESSAGE][FAILED] - Unable to set text '3' of object 'Object Repository/OCS_CRITICAL PATH/cartpage- decrease qty _OR/Page_Your Shopping Cart  Ontario Ca/input_-_updates (1)' (Root cause: org.openqa.selenium.StaleElementReferenceException: The element reference of <input id="" class="" name="updates[]" type="number"> is stale; either the element is no longer attached to the DOM, it is not in the current frame context, or the document has been refreshed
For documentation on this error, please visit: http://seleniumhq.org/exceptions/stale_element_reference.html
Build info: version: '3.7.1', revision: '8a0099a', time: '2017-11-06T21:07:36.161Z'
System info: host: 'sumans-MacBook-Pro.local', ip: 'fe80:0:0:0:10eb:5cc2:8353:8144%en0', os.name: 'Mac OS X', os.arch: 'x86_64', os.version: '10.13.6', java.version: '1.8.0_181'
Driver info: com.kms.katalon.selenium.driver.CRemoteWebDriver
Capabilities {acceptInsecureCerts: false, browserName: firefox, browserVersion: 65.0, capabilities: {desiredCapabilities: {browserName: firefox, browserVersion: 65.0}}, javascriptEnabled: true, moz:accessibilityChecks: false, moz:headless: false, moz:processID: 6920, moz:profile: C:\Windows\proxy\rust_mozpr..., moz:shutdownTimeout: 60000, moz:useNonSpecCompliantPointerOrigin: false, moz:webdriverClick: true, pageLoadStrategy: normal, platform: WINDOWS, platformName: WINDOWS, platformVersion: 10.0, rotatable: false, setWindowRect: true, strictFileInteractability: false, timeouts: {implicit: 0, pageLoad: 300000, script: 30000}, unhandledPromptBehavior: dismiss and notify, webdriver.remote.sessionid: c916eae54a1711188656ce4bc6f...}
Session ID: c916eae54a1711188656ce4bc6f29bd1fa2901a8)
[[ATTACHMENT|/Users/sumankompelly/git/Sample-OCS/Reports/OCS-09-05-2019 - Theme2/CRITICAL PATH - 09-05-2019/20190509_145038/1557428623842.png]]

2019-05-09 15:03:44 - [MESSAGE][FAILED] - setText(findTestObject("Object Repository/OCS_CRITICAL PATH/cartpage- decrease qty _OR/Page_Your Shopping Cart  Ontario Ca/input_-_updates (1)"), "3") FAILED.
Reason:
com.kms.katalon.core.exception.StepFailedException: Unable to set text '3' of object 'Object Repository/OCS_CRITICAL PATH/cartpage- decrease qty _OR/Page_Your Shopping Cart  Ontario Ca/input_-_updates (1)' (Root cause: org.openqa.selenium.StaleElementReferenceException: The element reference of <input id="" class="" name="updates[]" type="number"> is stale; either the element is no longer attached to the DOM, it is not in the current frame context, or the document has been refreshed
For documentation on this error, please visit: http://seleniumhq.org/exceptions/stale_element_reference.html
Build info: version: '3.7.1', revision: '8a0099a', time: '2017-11-06T21:07:36.161Z'
System info: host: 'sumans-MacBook-Pro.local', ip: 'fe80:0:0:0:10eb:5cc2:8353:8144%en0', os.name: 'Mac OS X', os.arch: 'x86_64', os.version: '10.13.6', java.version: '1.8.0_181'
Driver info: com.kms.katalon.selenium.driver.CRemoteWebDriver
Capabilities {acceptInsecureCerts: false, browserName: firefox, browserVersion: 65.0, capabilities: {desiredCapabilities: {browserName: firefox, browserVersion: 65.0}}, javascriptEnabled: true, moz:accessibilityChecks: false, moz:headless: false, moz:processID: 6920, moz:profile: C:\Windows\proxy\rust_mozpr..., moz:shutdownTimeout: 60000, moz:useNonSpecCompliantPointerOrigin: false, moz:webdriverClick: true, pageLoadStrategy: normal, platform: WINDOWS, platformName: WINDOWS, platformVersion: 10.0, rotatable: false, setWindowRect: true, strictFileInteractability: false, timeouts: {implicit: 0, pageLoad: 300000, script: 30000}, unhandledPromptBehavior: dismiss and notify, webdriver.remote.sessionid: c916eae54a1711188656ce4bc6f...}
Session ID: c916eae54a1711188656ce4bc6f29bd1fa2901a8)
	at com.kms.katalon.core.keyword.internal.KeywordMain.stepFailed(KeywordMain.groovy:36)
	at com.kms.katalon.core.webui.keyword.internal.WebUIKeywordMain.stepFailed(WebUIKeywordMain.groovy:65)
	at com.kms.katalon.core.webui.keyword.internal.WebUIKeywordMain.runKeyword(WebUIKeywordMain.groovy:27)
	at com.kms.katalon.core.webui.keyword.builtin.SetTextKeyword.setText(SetTextKeyword.groovy:65)
	at com.kms.katalon.core.webui.keyword.builtin.SetTextKeyword.execute(SetTextKeyword.groovy:37)
	at com.kms.katalon.core.keyword.internal.KeywordExecutor.executeKeywordForPlatform(KeywordExecutor.groovy:53)
	at com.kms.katalon.core.webui.keyword.WebUiBuiltInKeywords.setText(WebUiBuiltInKeywords.groovy:950)
	at com.kms.katalon.core.webui.keyword.WebUiBuiltInKeywords$setText$6.call(Unknown Source)
	at cart page-increase qty.run(cart page-increase qty:84)
	at com.kms.katalon.core.main.ScriptEngine.run(ScriptEngine.java:194)
	at com.kms.katalon.core.main.ScriptEngine.runScriptAsRawText(ScriptEngine.java:119)
	at com.kms.katalon.core.main.TestCaseExecutor.runScript(TestCaseExecutor.java:328)
	at com.kms.katalon.core.main.TestCaseExecutor.doExecute(TestCaseExecutor.java:319)
	at com.kms.katalon.core.main.TestCaseExecutor.processExecutionPhase(TestCaseExecutor.java:298)
	at com.kms.katalon.core.main.TestCaseExecutor.accessMainPhase(TestCaseExecutor.java:290)
	at com.kms.katalon.core.main.TestCaseExecutor.execute(TestCaseExecutor.java:224)
	at com.kms.katalon.core.main.TestSuiteExecutor.accessTestCaseMainPhase(TestSuiteExecutor.java:129)
	at com.kms.katalon.core.main.TestSuiteExecutor.accessTestSuiteMainPhase(TestSuiteExecutor.java:112)
	at com.kms.katalon.core.main.TestSuiteExecutor.execute(TestSuiteExecutor.java:81)
	at com.kms.katalon.core.main.TestCaseMain.startTestSuite(TestCaseMain.java:149)
	at com.kms.katalon.core.main.TestCaseMain$startTestSuite$0.call(Unknown Source)
	at TempTestSuite1557427838424.run(TempTestSuite1557427838424.groovy:36)]]></system-out>
         <system-err><![CDATA[2019-05-09 15:02:19 - [TEST_CASE][FAILED] - Test Cases/OCS- CRITICAL PATH/cart page-increase qty: Test Cases/OCS- CRITICAL PATH/cart page-increase qty FAILED.
Reason:
com.kms.katalon.core.exception.StepFailedException: Unable to set text '3' of object 'Object Repository/OCS_CRITICAL PATH/cartpage- decrease qty _OR/Page_Your Shopping Cart  Ontario Ca/input_-_updates (1)' (Root cause: org.openqa.selenium.StaleElementReferenceException: The element reference of <input id="" class="" name="updates[]" type="number"> is stale; either the element is no longer attached to the DOM, it is not in the current frame context, or the document has been refreshed
For documentation on this error, please visit: http://seleniumhq.org/exceptions/stale_element_reference.html
Build info: version: '3.7.1', revision: '8a0099a', time: '2017-11-06T21:07:36.161Z'
System info: host: 'sumans-MacBook-Pro.local', ip: 'fe80:0:0:0:10eb:5cc2:8353:8144%en0', os.name: 'Mac OS X', os.arch: 'x86_64', os.version: '10.13.6', java.version: '1.8.0_181'
Driver info: com.kms.katalon.selenium.driver.CRemoteWebDriver
Capabilities {acceptInsecureCerts: false, browserName: firefox, browserVersion: 65.0, capabilities: {desiredCapabilities: {browserName: firefox, browserVersion: 65.0}}, javascriptEnabled: true, moz:accessibilityChecks: false, moz:headless: false, moz:processID: 6920, moz:profile: C:\Windows\proxy\rust_mozpr..., moz:shutdownTimeout: 60000, moz:useNonSpecCompliantPointerOrigin: false, moz:webdriverClick: true, pageLoadStrategy: normal, platform: WINDOWS, platformName: WINDOWS, platformVersion: 10.0, rotatable: false, setWindowRect: true, strictFileInteractability: false, timeouts: {implicit: 0, pageLoad: 300000, script: 30000}, unhandledPromptBehavior: dismiss and notify, webdriver.remote.sessionid: c916eae54a1711188656ce4bc6f...}
Session ID: c916eae54a1711188656ce4bc6f29bd1fa2901a8)
	at com.kms.katalon.core.keyword.internal.KeywordMain.stepFailed(KeywordMain.groovy:36)
	at com.kms.katalon.core.webui.keyword.internal.WebUIKeywordMain.stepFailed(WebUIKeywordMain.groovy:65)
	at com.kms.katalon.core.webui.keyword.internal.WebUIKeywordMain.runKeyword(WebUIKeywordMain.groovy:27)
	at com.kms.katalon.core.webui.keyword.builtin.SetTextKeyword.setText(SetTextKeyword.groovy:65)
	at com.kms.katalon.core.webui.keyword.builtin.SetTextKeyword.execute(SetTextKeyword.groovy:37)
	at com.kms.katalon.core.keyword.internal.KeywordExecutor.executeKeywordForPlatform(KeywordExecutor.groovy:53)
	at com.kms.katalon.core.webui.keyword.WebUiBuiltInKeywords.setText(WebUiBuiltInKeywords.groovy:950)
	at com.kms.katalon.core.webui.keyword.WebUiBuiltInKeywords$setText$6.call(Unknown Source)
	at cart page-increase qty.run(cart page-increase qty:84)
	at com.kms.katalon.core.main.ScriptEngine.run(ScriptEngine.java:194)
	at com.kms.katalon.core.main.ScriptEngine.runScriptAsRawText(ScriptEngine.java:119)
	at com.kms.katalon.core.main.TestCaseExecutor.runScript(TestCaseExecutor.java:328)
	at com.kms.katalon.core.main.TestCaseExecutor.doExecute(TestCaseExecutor.java:319)
	at com.kms.katalon.core.main.TestCaseExecutor.processExecutionPhase(TestCaseExecutor.java:298)
	at com.kms.katalon.core.main.TestCaseExecutor.accessMainPhase(TestCaseExecutor.java:290)
	at com.kms.katalon.core.main.TestCaseExecutor.execute(TestCaseExecutor.java:224)
	at com.kms.katalon.core.main.TestSuiteExecutor.accessTestCaseMainPhase(TestSuiteExecutor.java:129)
	at com.kms.katalon.core.main.TestSuiteExecutor.accessTestSuiteMainPhase(TestSuiteExecutor.java:112)
	at com.kms.katalon.core.main.TestSuiteExecutor.execute(TestSuiteExecutor.java:81)
	at com.kms.katalon.core.main.TestCaseMain.startTestSuite(TestCaseMain.java:149)
	at com.kms.katalon.core.main.TestCaseMain$startTestSuite$0.call(Unknown Source)
	at TempTestSuite1557427838424.run(TempTestSuite1557427838424.groovy:36)]]></system-err>
      </testcase>
      <testcase name="Test Cases/OCS- CRITICAL PATH/Checkout - customer information page" classname="Test Cases/OCS- CRITICAL PATH/Checkout - customer information page" status="PASSED">
         <system-out><![CDATA[2019-05-09 15:03:44 - [TEST_CASE][PASSED] - Test Cases/OCS- CRITICAL PATH/Checkout - customer information page: Test Cases/OCS- CRITICAL PATH/Checkout - customer information page

2019-05-09 15:03:44 - [TEST_STEP][PASSED] - openBrowser(""): Browser is opened with url: ''

2019-05-09 15:03:44 - [MESSAGE][WARNING] - A browser is already opened. Closing browser and opening a new one

2019-05-09 15:03:45 - [MESSAGE][INFO] - Starting 'Remote' driver

2019-05-09 15:03:45 - [MESSAGE][INFO] - User set preference: ['os', 'windows']

2019-05-09 15:03:45 - [MESSAGE][INFO] - User set preference: ['os_version', '10']

2019-05-09 15:03:45 - [MESSAGE][INFO] - User set preference: ['browser', 'Firefox']

2019-05-09 15:03:45 - [MESSAGE][INFO] - User set preference: ['browser_version', '65']

2019-05-09 15:03:45 - [MESSAGE][INFO] - User set preference: ['resolution', '1280x800']

2019-05-09 15:03:45 - [MESSAGE][INFO] - Connecting to remote web server 'https://dianatest3:Z3oqw9ysqTeRQJq5wFCp@hub-cloud.browserstack.com/wd/hub' with type 'Selenium'

2019-05-09 15:04:01 - [MESSAGE][PASSED] - Browser is opened with url: ''

2019-05-09 15:04:01 - [TEST_STEP][PASSED] - navigateToUrl("https://ocs.ca/?fts=0&preview_theme_id=53373863756"): Navigate to 'https://ocs.ca/?fts=0&preview_theme_id=53373863756' successfully

2019-05-09 15:04:14 - [MESSAGE][PASSED] - Navigate to 'https://ocs.ca/?fts=0&preview_theme_id=53373863756' successfully

2019-05-09 15:04:14 - [TEST_STEP][PASSED] - click(findTestObject("Object Repository/Theme_oR/Page_Ontario Cannabis Store  Ontari/button_Close preview")): Object: 'Object Repository/Theme_oR/Page_Ontario Cannabis Store  Ontari/button_Close preview' is clicked on

2019-05-09 15:04:17 - [MESSAGE][PASSED] - Object: 'Object Repository/Theme_oR/Page_Ontario Cannabis Store  Ontari/button_Close preview' is clicked on

2019-05-09 15:04:19 - [TEST_STEP][PASSED] - selectOptionByValue(findTestObject("OCS_CRITICAL PATH/Checkout-customer/Page_Ontario Cannabis Store  Ontari/select_Select01020304050607080"), "16", true): All options with value '16' are selected in object 'Object Repository/OCS_CRITICAL PATH/Checkout-customer/Page_Ontario Cannabis Store  Ontari/select_Select01020304050607080'  using regular expression

2019-05-09 15:04:25 - [MESSAGE][PASSED] - All options with value '16' are selected in object 'Object Repository/OCS_CRITICAL PATH/Checkout-customer/Page_Ontario Cannabis Store  Ontari/select_Select01020304050607080'  using regular expression

2019-05-09 15:04:25 - [TEST_STEP][PASSED] - selectOptionByValue(findTestObject("OCS_CRITICAL PATH/Checkout-customer/Page_Ontario Cannabis Store  Ontari/select_SelectJanuary - 01Febru"), "8", true): All options with value '8' are selected in object 'Object Repository/OCS_CRITICAL PATH/Checkout-customer/Page_Ontario Cannabis Store  Ontari/select_SelectJanuary - 01Febru'  using regular expression

2019-05-09 15:04:28 - [MESSAGE][PASSED] - All options with value '8' are selected in object 'Object Repository/OCS_CRITICAL PATH/Checkout-customer/Page_Ontario Cannabis Store  Ontari/select_SelectJanuary - 01Febru'  using regular expression

2019-05-09 15:04:28 - [TEST_STEP][PASSED] - selectOptionByValue(findTestObject("OCS_CRITICAL PATH/Checkout-customer/Page_Ontario Cannabis Store  Ontari/select_Select20182017201620152"), "1955", true): All options with value '1955' are selected in object 'Object Repository/OCS_CRITICAL PATH/Checkout-customer/Page_Ontario Cannabis Store  Ontari/select_Select20182017201620152'  using regular expression

2019-05-09 15:04:48 - [MESSAGE][PASSED] - All options with value '1955' are selected in object 'Object Repository/OCS_CRITICAL PATH/Checkout-customer/Page_Ontario Cannabis Store  Ontari/select_Select20182017201620152'  using regular expression

2019-05-09 15:04:48 - [TEST_STEP][PASSED] - click(findTestObject("OCS_CRITICAL PATH/Checkout-customer/Page_Ontario Cannabis Store  Ontari/button_Verify")): Object: 'Object Repository/OCS_CRITICAL PATH/Checkout-customer/Page_Ontario Cannabis Store  Ontari/button_Verify' is clicked on

2019-05-09 15:04:48 - [MESSAGE][PASSED] - Object: 'Object Repository/OCS_CRITICAL PATH/Checkout-customer/Page_Ontario Cannabis Store  Ontari/button_Verify' is clicked on

2019-05-09 15:04:48 - [TEST_STEP][PASSED] - click(findTestObject("OCS_CRITICAL PATH/Checkout-customer/Page_Ontario Cannabis Store  Ontari/span_CONFIRM AND ACKNOWLEDGE_c")): Object: 'Object Repository/OCS_CRITICAL PATH/Checkout-customer/Page_Ontario Cannabis Store  Ontari/span_CONFIRM AND ACKNOWLEDGE_c' is clicked on

2019-05-09 15:04:49 - [MESSAGE][PASSED] - Object: 'Object Repository/OCS_CRITICAL PATH/Checkout-customer/Page_Ontario Cannabis Store  Ontari/span_CONFIRM AND ACKNOWLEDGE_c' is clicked on

2019-05-09 15:04:49 - [TEST_STEP][PASSED] - click(findTestObject("OCS_CRITICAL PATH/Checkout-customer/Page_Ontario Cannabis Store  Ontari/button_CONFIRM")): Object: 'Object Repository/OCS_CRITICAL PATH/Checkout-customer/Page_Ontario Cannabis Store  Ontari/button_CONFIRM' is clicked on

2019-05-09 15:04:50 - [MESSAGE][PASSED] - Object: 'Object Repository/OCS_CRITICAL PATH/Checkout-customer/Page_Ontario Cannabis Store  Ontari/button_CONFIRM' is clicked on

2019-05-09 15:04:50 - [TEST_STEP][PASSED] - click(findTestObject("OCS_CRITICAL PATH/Checkout-customer/Page_Ontario Cannabis Store  Ontari/button_Start Browsing")): Object: 'Object Repository/OCS_CRITICAL PATH/Checkout-customer/Page_Ontario Cannabis Store  Ontari/button_Start Browsing' is clicked on

2019-05-09 15:04:50 - [MESSAGE][PASSED] - Object: 'Object Repository/OCS_CRITICAL PATH/Checkout-customer/Page_Ontario Cannabis Store  Ontari/button_Start Browsing' is clicked on

2019-05-09 15:04:50 - [TEST_STEP][PASSED] - delay(2): Delayed 2 second(s)

2019-05-09 15:04:52 - [MESSAGE][PASSED] - Delayed 2 second(s)

2019-05-09 15:04:52 - [TEST_STEP][PASSED] - mouseOver(findTestObject("OCS_CRITICAL PATH/Checkout-customer/Page_Ontario Cannabis Store  Ontari/h3_Cannabis")): Object: 'Object Repository/OCS_CRITICAL PATH/Checkout-customer/Page_Ontario Cannabis Store  Ontari/h3_Cannabis' is hovered

2019-05-09 15:04:53 - [MESSAGE][PASSED] - Object: 'Object Repository/OCS_CRITICAL PATH/Checkout-customer/Page_Ontario Cannabis Store  Ontari/h3_Cannabis' is hovered

2019-05-09 15:04:53 - [TEST_STEP][PASSED] - delay(2): Delayed 2 second(s)

2019-05-09 15:04:55 - [MESSAGE][PASSED] - Delayed 2 second(s)

2019-05-09 15:04:55 - [TEST_STEP][PASSED] - click(findTestObject("OCS_CRITICAL PATH/Checkout-customer/Page_Ontario Cannabis Store  Ontari/span_Indica Dominant")): Object: 'Object Repository/OCS_CRITICAL PATH/Checkout-customer/Page_Ontario Cannabis Store  Ontari/span_Indica Dominant' is clicked on

2019-05-09 15:04:58 - [MESSAGE][PASSED] - Object: 'Object Repository/OCS_CRITICAL PATH/Checkout-customer/Page_Ontario Cannabis Store  Ontari/span_Indica Dominant' is clicked on

2019-05-09 15:04:58 - [TEST_STEP][PASSED] - click(findTestObject("OCS_CRITICAL PATH/Checkout-customer/Page_Indica Dominant Dried Flower/h3_Shishkaberry")): Object: 'Object Repository/OCS_CRITICAL PATH/Checkout-customer/Page_Indica Dominant Dried Flower/h3_Shishkaberry' is clicked on

2019-05-09 15:05:02 - [MESSAGE][PASSED] - Object: 'Object Repository/OCS_CRITICAL PATH/Checkout-customer/Page_Indica Dominant Dried Flower/h3_Shishkaberry' is clicked on

2019-05-09 15:05:02 - [TEST_STEP][NOT_RUN] - click(findTestObject("OCS_CRITICAL PATH/Checkout-customer/Page_Shishkaberry  Ontario Cannabis/span_3.5g")): NOT_RUN: click(findTestObject("OCS_CRITICAL PATH/Checkout-customer/Page_Shishkaberry  Ontario Cannabis/span_3.5g"))

2019-05-09 15:05:02 - [MESSAGE][NOT_RUN] - NOT_RUN: click(findTestObject("OCS_CRITICAL PATH/Checkout-customer/Page_Shishkaberry  Ontario Cannabis/span_3.5g"))

2019-05-09 15:05:02 - [TEST_STEP][PASSED] - click(findTestObject("OCS_CRITICAL PATH/Checkout-customer/Page_Shishkaberry  Ontario Cannabis/label_3.5g")): Object: 'Object Repository/OCS_CRITICAL PATH/Checkout-customer/Page_Shishkaberry  Ontario Cannabis/label_3.5g' is clicked on

2019-05-09 15:05:03 - [MESSAGE][PASSED] - Object: 'Object Repository/OCS_CRITICAL PATH/Checkout-customer/Page_Shishkaberry  Ontario Cannabis/label_3.5g' is clicked on

2019-05-09 15:05:03 - [TEST_STEP][PASSED] - click(findTestObject("OCS_CRITICAL PATH/Checkout-customer/Page_Shishkaberry  Ontario Cannabis/button_")): Object: 'Object Repository/OCS_CRITICAL PATH/Checkout-customer/Page_Shishkaberry  Ontario Cannabis/button_' is clicked on

2019-05-09 15:05:03 - [MESSAGE][PASSED] - Object: 'Object Repository/OCS_CRITICAL PATH/Checkout-customer/Page_Shishkaberry  Ontario Cannabis/button_' is clicked on

2019-05-09 15:05:03 - [TEST_STEP][PASSED] - click(findTestObject("OCS_CRITICAL PATH/Checkout-customer/Page_Shishkaberry  Ontario Cannabis/button_")): Object: 'Object Repository/OCS_CRITICAL PATH/Checkout-customer/Page_Shishkaberry  Ontario Cannabis/button_' is clicked on

2019-05-09 15:05:04 - [MESSAGE][PASSED] - Object: 'Object Repository/OCS_CRITICAL PATH/Checkout-customer/Page_Shishkaberry  Ontario Cannabis/button_' is clicked on

2019-05-09 15:05:04 - [TEST_STEP][PASSED] - click(findTestObject("OCS_CRITICAL PATH/Checkout-customer/Page_Shishkaberry  Ontario Cannabis/button_")): Object: 'Object Repository/OCS_CRITICAL PATH/Checkout-customer/Page_Shishkaberry  Ontario Cannabis/button_' is clicked on

2019-05-09 15:05:04 - [MESSAGE][PASSED] - Object: 'Object Repository/OCS_CRITICAL PATH/Checkout-customer/Page_Shishkaberry  Ontario Cannabis/button_' is clicked on

2019-05-09 15:05:04 - [TEST_STEP][PASSED] - click(findTestObject("OCS_CRITICAL PATH/Checkout-customer/Page_Shishkaberry  Ontario Cannabis/button_Add to Bag129.60")): Object: 'Object Repository/OCS_CRITICAL PATH/Checkout-customer/Page_Shishkaberry  Ontario Cannabis/button_Add to Bag129.60' is clicked on

2019-05-09 15:05:05 - [MESSAGE][PASSED] - Object: 'Object Repository/OCS_CRITICAL PATH/Checkout-customer/Page_Shishkaberry  Ontario Cannabis/button_Add to Bag129.60' is clicked on

2019-05-09 15:05:05 - [TEST_STEP][PASSED] - click(findTestObject("OCS_CRITICAL PATH/Checkout-customer/Page_Shishkaberry  Ontario Cannabis/span_concat(I confirm that I")): Object: 'Object Repository/OCS_CRITICAL PATH/Checkout-customer/Page_Shishkaberry  Ontario Cannabis/span_concat(I confirm that I' is clicked on

2019-05-09 15:05:06 - [MESSAGE][PASSED] - Object: 'Object Repository/OCS_CRITICAL PATH/Checkout-customer/Page_Shishkaberry  Ontario Cannabis/span_concat(I confirm that I' is clicked on

2019-05-09 15:05:06 - [TEST_STEP][PASSED] - click(findTestObject("OCS_CRITICAL PATH/Checkout-customer/Page_Shishkaberry  Ontario Cannabis/span_Accept the_checkbox")): Object: 'Object Repository/OCS_CRITICAL PATH/Checkout-customer/Page_Shishkaberry  Ontario Cannabis/span_Accept the_checkbox' is clicked on

2019-05-09 15:05:07 - [MESSAGE][PASSED] - Object: 'Object Repository/OCS_CRITICAL PATH/Checkout-customer/Page_Shishkaberry  Ontario Cannabis/span_Accept the_checkbox' is clicked on

2019-05-09 15:05:07 - [TEST_STEP][PASSED] - delay(3): Delayed 3 second(s)

2019-05-09 15:05:10 - [MESSAGE][PASSED] - Delayed 3 second(s)

2019-05-09 15:05:10 - [TEST_STEP][PASSED] - click(findTestObject("OCS_CRITICAL PATH/Checkout-customer/Page_Shishkaberry  Ontario Cannabis/a_Checkout")): Object: 'Object Repository/OCS_CRITICAL PATH/Checkout-customer/Page_Shishkaberry  Ontario Cannabis/a_Checkout' is clicked on

2019-05-09 15:05:15 - [MESSAGE][PASSED] - Object: 'Object Repository/OCS_CRITICAL PATH/Checkout-customer/Page_Shishkaberry  Ontario Cannabis/a_Checkout' is clicked on

2019-05-09 15:05:15 - [TEST_STEP][PASSED] - setText(findTestObject("OCS_CRITICAL PATH/Checkout-customer/Page_Ontario Cannabis Store - Infor/input_Email_checkoutemail"), "sumankompelly@diffagency.com"): Text 'sumankompelly@diffagency.com' is set on object 'Object Repository/OCS_CRITICAL PATH/Checkout-customer/Page_Ontario Cannabis Store - Infor/input_Email_checkoutemail'

2019-05-09 15:05:16 - [MESSAGE][PASSED] - Text 'sumankompelly@diffagency.com' is set on object 'Object Repository/OCS_CRITICAL PATH/Checkout-customer/Page_Ontario Cannabis Store - Infor/input_Email_checkoutemail'

2019-05-09 15:05:16 - [TEST_STEP][PASSED] - setText(findTestObject("OCS_CRITICAL PATH/Checkout-customer/Page_Ontario Cannabis Store - Infor/input_First name_checkoutshipp"), "suman"): Text 'suman' is set on object 'Object Repository/OCS_CRITICAL PATH/Checkout-customer/Page_Ontario Cannabis Store - Infor/input_First name_checkoutshipp'

2019-05-09 15:05:16 - [MESSAGE][PASSED] - Text 'suman' is set on object 'Object Repository/OCS_CRITICAL PATH/Checkout-customer/Page_Ontario Cannabis Store - Infor/input_First name_checkoutshipp'

2019-05-09 15:05:16 - [TEST_STEP][PASSED] - setText(findTestObject("OCS_CRITICAL PATH/Checkout-customer/Page_Ontario Cannabis Store - Infor/input_Last name_checkoutshippi"), "kompelly"): Text 'kompelly' is set on object 'Object Repository/OCS_CRITICAL PATH/Checkout-customer/Page_Ontario Cannabis Store - Infor/input_Last name_checkoutshippi'

2019-05-09 15:05:17 - [MESSAGE][PASSED] - Text 'kompelly' is set on object 'Object Repository/OCS_CRITICAL PATH/Checkout-customer/Page_Ontario Cannabis Store - Infor/input_Last name_checkoutshippi'

2019-05-09 15:05:17 - [TEST_STEP][PASSED] - setText(findTestObject("OCS_CRITICAL PATH/Checkout-customer/Page_Ontario Cannabis Store - Infor/input_Address_checkoutshipping"), "399 st alxendre"): Text '399 st alxendre' is set on object 'Object Repository/OCS_CRITICAL PATH/Checkout-customer/Page_Ontario Cannabis Store - Infor/input_Address_checkoutshipping'

2019-05-09 15:05:18 - [MESSAGE][PASSED] - Text '399 st alxendre' is set on object 'Object Repository/OCS_CRITICAL PATH/Checkout-customer/Page_Ontario Cannabis Store - Infor/input_Address_checkoutshipping'

2019-05-09 15:05:18 - [TEST_STEP][PASSED] - setText(findTestObject("OCS_CRITICAL PATH/Checkout-customer/Page_Ontario Cannabis Store - Infor/input_Apartment suite etc. (op"), "38"): Text '38' is set on object 'Object Repository/OCS_CRITICAL PATH/Checkout-customer/Page_Ontario Cannabis Store - Infor/input_Apartment suite etc. (op'

2019-05-09 15:05:18 - [MESSAGE][PASSED] - Text '38' is set on object 'Object Repository/OCS_CRITICAL PATH/Checkout-customer/Page_Ontario Cannabis Store - Infor/input_Apartment suite etc. (op'

2019-05-09 15:05:18 - [TEST_STEP][PASSED] - setText(findTestObject("OCS_CRITICAL PATH/Checkout-customer/Page_Ontario Cannabis Store - Infor/input_City_checkoutshipping_ad"), "montreal"): Text 'montreal' is set on object 'Object Repository/OCS_CRITICAL PATH/Checkout-customer/Page_Ontario Cannabis Store - Infor/input_City_checkoutshipping_ad'

2019-05-09 15:05:19 - [MESSAGE][PASSED] - Text 'montreal' is set on object 'Object Repository/OCS_CRITICAL PATH/Checkout-customer/Page_Ontario Cannabis Store - Infor/input_City_checkoutshipping_ad'

2019-05-09 15:05:19 - [TEST_STEP][PASSED] - setText(findTestObject("OCS_CRITICAL PATH/Checkout-customer/Page_Ontario Cannabis Store - Infor/input_Postal code_checkoutship"), "n0r1k0"): Text 'n0r1k0' is set on object 'Object Repository/OCS_CRITICAL PATH/Checkout-customer/Page_Ontario Cannabis Store - Infor/input_Postal code_checkoutship'

2019-05-09 15:05:19 - [MESSAGE][PASSED] - Text 'n0r1k0' is set on object 'Object Repository/OCS_CRITICAL PATH/Checkout-customer/Page_Ontario Cannabis Store - Infor/input_Postal code_checkoutship'

2019-05-09 15:05:19 - [TEST_STEP][PASSED] - setText(findTestObject("OCS_CRITICAL PATH/Checkout-customer/Page_Ontario Cannabis Store - Infor/input_Phone_checkoutshipping_a"), "(514) 449-3882"): Text '(514) 449-3882' is set on object 'Object Repository/OCS_CRITICAL PATH/Checkout-customer/Page_Ontario Cannabis Store - Infor/input_Phone_checkoutshipping_a'

2019-05-09 15:05:20 - [MESSAGE][PASSED] - Text '(514) 449-3882' is set on object 'Object Repository/OCS_CRITICAL PATH/Checkout-customer/Page_Ontario Cannabis Store - Infor/input_Phone_checkoutshipping_a'

2019-05-09 15:05:20 - [TEST_STEP][PASSED] - click(findTestObject("OCS_CRITICAL PATH/Checkout-customer/Page_Ontario Cannabis Store - Infor/button_Continue to shipping me")): Object: 'Object Repository/OCS_CRITICAL PATH/Checkout-customer/Page_Ontario Cannabis Store - Infor/button_Continue to shipping me' is clicked on

2019-05-09 15:05:25 - [MESSAGE][PASSED] - Object: 'Object Repository/OCS_CRITICAL PATH/Checkout-customer/Page_Ontario Cannabis Store - Infor/button_Continue to shipping me' is clicked on

2019-05-09 15:05:25 - [TEST_STEP][PASSED] - a = getWindowTitle(): Current window's title is: 'Ontario Cannabis Store - Shipping - Ontario Cannabis Store - Checkout'

2019-05-09 15:05:25 - [MESSAGE][PASSED] - Current window's title is: 'Ontario Cannabis Store - Shipping - Ontario Cannabis Store - Checkout'

2019-05-09 15:05:25 - [TEST_STEP][PASSED] - comment(a): Ontario Cannabis Store - Shipping - Ontario Cannabis Store - Checkout

2019-05-09 15:05:25 - [MESSAGE][INFO] - Ontario Cannabis Store - Shipping - Ontario Cannabis Store - Checkout

2019-05-09 15:05:25 - [TEST_STEP][PASSED] - assert getWindowTitle() == a: Current window's title is: 'Ontario Cannabis Store - Shipping - Ontario Cannabis Store - Checkout'

2019-05-09 15:05:25 - [MESSAGE][PASSED] - Current window's title is: 'Ontario Cannabis Store - Shipping - Ontario Cannabis Store - Checkout'

2019-05-09 15:05:25 - [TEST_STEP][PASSED] - comment(" navigation is on the right page "):  navigation is on the right page 

2019-05-09 15:05:25 - [MESSAGE][INFO] -  navigation is on the right page]]></system-out>
         <system-err><![CDATA[]]></system-err>
      </testcase>
      <testcase name="Test Cases/OCS- CRITICAL PATH/Checkout - payment" classname="Test Cases/OCS- CRITICAL PATH/Checkout - payment" status="PASSED">
         <system-out><![CDATA[2019-05-09 15:05:25 - [TEST_CASE][PASSED] - Test Cases/OCS- CRITICAL PATH/Checkout - payment: Test Cases/OCS- CRITICAL PATH/Checkout - payment

2019-05-09 15:05:26 - [TEST_STEP][PASSED] - openBrowser(""): Browser is opened with url: ''

2019-05-09 15:05:26 - [MESSAGE][WARNING] - A browser is already opened. Closing browser and opening a new one

2019-05-09 15:05:27 - [MESSAGE][INFO] - Starting 'Remote' driver

2019-05-09 15:05:27 - [MESSAGE][INFO] - User set preference: ['os', 'windows']

2019-05-09 15:05:27 - [MESSAGE][INFO] - User set preference: ['os_version', '10']

2019-05-09 15:05:27 - [MESSAGE][INFO] - User set preference: ['browser', 'Firefox']

2019-05-09 15:05:27 - [MESSAGE][INFO] - User set preference: ['browser_version', '65']

2019-05-09 15:05:27 - [MESSAGE][INFO] - User set preference: ['resolution', '1280x800']

2019-05-09 15:05:27 - [MESSAGE][INFO] - Connecting to remote web server 'https://dianatest3:Z3oqw9ysqTeRQJq5wFCp@hub-cloud.browserstack.com/wd/hub' with type 'Selenium'

2019-05-09 15:05:35 - [MESSAGE][PASSED] - Browser is opened with url: ''

2019-05-09 15:05:35 - [TEST_STEP][PASSED] - navigateToUrl("https://ocs.ca/?fts=0&preview_theme_id=53373863756"): Navigate to 'https://ocs.ca/?fts=0&preview_theme_id=53373863756' successfully

2019-05-09 15:05:44 - [MESSAGE][PASSED] - Navigate to 'https://ocs.ca/?fts=0&preview_theme_id=53373863756' successfully

2019-05-09 15:05:44 - [TEST_STEP][PASSED] - click(findTestObject("Object Repository/Theme_oR/Page_Ontario Cannabis Store  Ontari/button_Close preview")): Object: 'Object Repository/Theme_oR/Page_Ontario Cannabis Store  Ontari/button_Close preview' is clicked on

2019-05-09 15:05:46 - [MESSAGE][PASSED] - Object: 'Object Repository/Theme_oR/Page_Ontario Cannabis Store  Ontari/button_Close preview' is clicked on

2019-05-09 15:05:46 - [TEST_STEP][PASSED] - maximizeWindow(): Current window maximized

2019-05-09 15:05:46 - [MESSAGE][PASSED] - Current window maximized

2019-05-09 15:05:46 - [TEST_STEP][NOT_RUN] - click(findTestObject("Object Repository/Theme_oR/Page_Ontario Cannabis Store  Ontari/button_Close preview")): NOT_RUN: click(findTestObject("Object Repository/Theme_oR/Page_Ontario Cannabis Store  Ontari/button_Close preview"))

2019-05-09 15:05:46 - [MESSAGE][NOT_RUN] - NOT_RUN: click(findTestObject("Object Repository/Theme_oR/Page_Ontario Cannabis Store  Ontari/button_Close preview"))

2019-05-09 15:05:46 - [TEST_STEP][PASSED] - delay(3): Delayed 3 second(s)

2019-05-09 15:05:49 - [MESSAGE][PASSED] - Delayed 3 second(s)

2019-05-09 15:05:49 - [TEST_STEP][PASSED] - selectOptionByValue(findTestObject("OCS_CRITICAL PATH/Checkout - payment/Page_Ontario Cannabis Store  Ontari/select_Select01020304050607080"), "19", true): All options with value '19' are selected in object 'Object Repository/OCS_CRITICAL PATH/Checkout - payment/Page_Ontario Cannabis Store  Ontari/select_Select01020304050607080'  using regular expression

2019-05-09 15:05:56 - [MESSAGE][PASSED] - All options with value '19' are selected in object 'Object Repository/OCS_CRITICAL PATH/Checkout - payment/Page_Ontario Cannabis Store  Ontari/select_Select01020304050607080'  using regular expression

2019-05-09 15:05:56 - [TEST_STEP][PASSED] - selectOptionByValue(findTestObject("OCS_CRITICAL PATH/Checkout - payment/Page_Ontario Cannabis Store  Ontari/select_SelectJanuary - 01Febru"), "9", true): All options with value '9' are selected in object 'Object Repository/OCS_CRITICAL PATH/Checkout - payment/Page_Ontario Cannabis Store  Ontari/select_SelectJanuary - 01Febru'  using regular expression

2019-05-09 15:05:59 - [MESSAGE][PASSED] - All options with value '9' are selected in object 'Object Repository/OCS_CRITICAL PATH/Checkout - payment/Page_Ontario Cannabis Store  Ontari/select_SelectJanuary - 01Febru'  using regular expression

2019-05-09 15:05:59 - [TEST_STEP][PASSED] - selectOptionByValue(findTestObject("OCS_CRITICAL PATH/Checkout - payment/Page_Ontario Cannabis Store  Ontari/select_Select20182017201620152"), "1966", true): All options with value '1966' are selected in object 'Object Repository/OCS_CRITICAL PATH/Checkout - payment/Page_Ontario Cannabis Store  Ontari/select_Select20182017201620152'  using regular expression

2019-05-09 15:06:21 - [MESSAGE][PASSED] - All options with value '1966' are selected in object 'Object Repository/OCS_CRITICAL PATH/Checkout - payment/Page_Ontario Cannabis Store  Ontari/select_Select20182017201620152'  using regular expression

2019-05-09 15:06:21 - [TEST_STEP][PASSED] - delay(3): Delayed 3 second(s)

2019-05-09 15:06:24 - [MESSAGE][PASSED] - Delayed 3 second(s)

2019-05-09 15:06:24 - [TEST_STEP][PASSED] - click(findTestObject("OCS_CRITICAL PATH/Checkout - payment/Page_Ontario Cannabis Store  Ontari/button_Verify")): Object: 'Object Repository/OCS_CRITICAL PATH/Checkout - payment/Page_Ontario Cannabis Store  Ontari/button_Verify' is clicked on

2019-05-09 15:06:24 - [MESSAGE][PASSED] - Object: 'Object Repository/OCS_CRITICAL PATH/Checkout - payment/Page_Ontario Cannabis Store  Ontari/button_Verify' is clicked on

2019-05-09 15:06:24 - [TEST_STEP][PASSED] - click(findTestObject("OCS_CRITICAL PATH/Checkout - payment/Page_Ontario Cannabis Store  Ontari/span_CONFIRM AND ACKNOWLEDGE_c")): Object: 'Object Repository/OCS_CRITICAL PATH/Checkout - payment/Page_Ontario Cannabis Store  Ontari/span_CONFIRM AND ACKNOWLEDGE_c' is clicked on

2019-05-09 15:06:25 - [MESSAGE][PASSED] - Object: 'Object Repository/OCS_CRITICAL PATH/Checkout - payment/Page_Ontario Cannabis Store  Ontari/span_CONFIRM AND ACKNOWLEDGE_c' is clicked on

2019-05-09 15:06:25 - [TEST_STEP][PASSED] - click(findTestObject("OCS_CRITICAL PATH/Checkout - payment/Page_Ontario Cannabis Store  Ontari/button_CONFIRM")): Object: 'Object Repository/OCS_CRITICAL PATH/Checkout - payment/Page_Ontario Cannabis Store  Ontari/button_CONFIRM' is clicked on

2019-05-09 15:06:25 - [MESSAGE][PASSED] - Object: 'Object Repository/OCS_CRITICAL PATH/Checkout - payment/Page_Ontario Cannabis Store  Ontari/button_CONFIRM' is clicked on

2019-05-09 15:06:25 - [TEST_STEP][PASSED] - click(findTestObject("OCS_CRITICAL PATH/Checkout - payment/Page_Ontario Cannabis Store  Ontari/button_Start Browsing")): Object: 'Object Repository/OCS_CRITICAL PATH/Checkout - payment/Page_Ontario Cannabis Store  Ontari/button_Start Browsing' is clicked on

2019-05-09 15:06:26 - [MESSAGE][PASSED] - Object: 'Object Repository/OCS_CRITICAL PATH/Checkout - payment/Page_Ontario Cannabis Store  Ontari/button_Start Browsing' is clicked on

2019-05-09 15:06:26 - [TEST_STEP][PASSED] - delay(2): Delayed 2 second(s)

2019-05-09 15:06:28 - [MESSAGE][PASSED] - Delayed 2 second(s)

2019-05-09 15:06:28 - [TEST_STEP][PASSED] - mouseOver(findTestObject("OCS_CRITICAL PATH/Checkout - payment/Page_Ontario Cannabis Store  Ontari/h3_Cannabis")): Object: 'Object Repository/OCS_CRITICAL PATH/Checkout - payment/Page_Ontario Cannabis Store  Ontari/h3_Cannabis' is hovered

2019-05-09 15:06:28 - [MESSAGE][PASSED] - Object: 'Object Repository/OCS_CRITICAL PATH/Checkout - payment/Page_Ontario Cannabis Store  Ontari/h3_Cannabis' is hovered

2019-05-09 15:06:28 - [TEST_STEP][PASSED] - delay(2): Delayed 2 second(s)

2019-05-09 15:06:30 - [MESSAGE][PASSED] - Delayed 2 second(s)

2019-05-09 15:06:30 - [TEST_STEP][PASSED] - click(findTestObject("OCS_CRITICAL PATH/Checkout - payment/Page_Ontario Cannabis Store  Ontari/span_Indica Dominant")): Object: 'Object Repository/OCS_CRITICAL PATH/Checkout - payment/Page_Ontario Cannabis Store  Ontari/span_Indica Dominant' is clicked on

2019-05-09 15:06:35 - [MESSAGE][PASSED] - Object: 'Object Repository/OCS_CRITICAL PATH/Checkout - payment/Page_Ontario Cannabis Store  Ontari/span_Indica Dominant' is clicked on

2019-05-09 15:06:35 - [TEST_STEP][PASSED] - click(findTestObject("OCS_CRITICAL PATH/Checkout - payment/Page_Indica Dominant Dried Flower/h3_Shishkaberry")): Object: 'Object Repository/OCS_CRITICAL PATH/Checkout - payment/Page_Indica Dominant Dried Flower/h3_Shishkaberry' is clicked on

2019-05-09 15:06:39 - [MESSAGE][PASSED] - Object: 'Object Repository/OCS_CRITICAL PATH/Checkout - payment/Page_Indica Dominant Dried Flower/h3_Shishkaberry' is clicked on

2019-05-09 15:06:39 - [TEST_STEP][PASSED] - click(findTestObject("OCS_CRITICAL PATH/Checkout - payment/Page_Shishkaberry  Ontario Cannabis/label_3.5g")): Object: 'Object Repository/OCS_CRITICAL PATH/Checkout - payment/Page_Shishkaberry  Ontario Cannabis/label_3.5g' is clicked on

2019-05-09 15:06:40 - [MESSAGE][PASSED] - Object: 'Object Repository/OCS_CRITICAL PATH/Checkout - payment/Page_Shishkaberry  Ontario Cannabis/label_3.5g' is clicked on

2019-05-09 15:06:40 - [TEST_STEP][PASSED] - click(findTestObject("OCS_CRITICAL PATH/Checkout - payment/Page_Shishkaberry  Ontario Cannabis/button_")): Object: 'Object Repository/OCS_CRITICAL PATH/Checkout - payment/Page_Shishkaberry  Ontario Cannabis/button_' is clicked on

2019-05-09 15:06:41 - [MESSAGE][PASSED] - Object: 'Object Repository/OCS_CRITICAL PATH/Checkout - payment/Page_Shishkaberry  Ontario Cannabis/button_' is clicked on

2019-05-09 15:06:41 - [TEST_STEP][PASSED] - click(findTestObject("OCS_CRITICAL PATH/Checkout - payment/Page_Shishkaberry  Ontario Cannabis/button_")): Object: 'Object Repository/OCS_CRITICAL PATH/Checkout - payment/Page_Shishkaberry  Ontario Cannabis/button_' is clicked on

2019-05-09 15:06:41 - [MESSAGE][PASSED] - Object: 'Object Repository/OCS_CRITICAL PATH/Checkout - payment/Page_Shishkaberry  Ontario Cannabis/button_' is clicked on

2019-05-09 15:06:41 - [TEST_STEP][PASSED] - click(findTestObject("OCS_CRITICAL PATH/Checkout - payment/Page_Shishkaberry  Ontario Cannabis/button_")): Object: 'Object Repository/OCS_CRITICAL PATH/Checkout - payment/Page_Shishkaberry  Ontario Cannabis/button_' is clicked on

2019-05-09 15:06:42 - [MESSAGE][PASSED] - Object: 'Object Repository/OCS_CRITICAL PATH/Checkout - payment/Page_Shishkaberry  Ontario Cannabis/button_' is clicked on

2019-05-09 15:06:42 - [TEST_STEP][PASSED] - click(findTestObject("OCS_CRITICAL PATH/Checkout - payment/Page_Shishkaberry  Ontario Cannabis/button_Add to Bag129.60")): Object: 'Object Repository/OCS_CRITICAL PATH/Checkout - payment/Page_Shishkaberry  Ontario Cannabis/button_Add to Bag129.60' is clicked on

2019-05-09 15:06:42 - [MESSAGE][PASSED] - Object: 'Object Repository/OCS_CRITICAL PATH/Checkout - payment/Page_Shishkaberry  Ontario Cannabis/button_Add to Bag129.60' is clicked on

2019-05-09 15:06:42 - [TEST_STEP][PASSED] - click(findTestObject("OCS_CRITICAL PATH/Checkout - payment/Page_Shishkaberry  Ontario Cannabis/span_concat(I confirm that I")): Object: 'Object Repository/OCS_CRITICAL PATH/Checkout - payment/Page_Shishkaberry  Ontario Cannabis/span_concat(I confirm that I' is clicked on

2019-05-09 15:06:44 - [MESSAGE][PASSED] - Object: 'Object Repository/OCS_CRITICAL PATH/Checkout - payment/Page_Shishkaberry  Ontario Cannabis/span_concat(I confirm that I' is clicked on

2019-05-09 15:06:44 - [TEST_STEP][PASSED] - click(findTestObject("OCS_CRITICAL PATH/Checkout - payment/Page_Shishkaberry  Ontario Cannabis/span_Accept the_checkbox")): Object: 'Object Repository/OCS_CRITICAL PATH/Checkout - payment/Page_Shishkaberry  Ontario Cannabis/span_Accept the_checkbox' is clicked on

2019-05-09 15:06:44 - [MESSAGE][PASSED] - Object: 'Object Repository/OCS_CRITICAL PATH/Checkout - payment/Page_Shishkaberry  Ontario Cannabis/span_Accept the_checkbox' is clicked on

2019-05-09 15:06:44 - [TEST_STEP][PASSED] - delay(2): Delayed 2 second(s)

2019-05-09 15:06:46 - [MESSAGE][PASSED] - Delayed 2 second(s)

2019-05-09 15:06:46 - [TEST_STEP][PASSED] - click(findTestObject("OCS_CRITICAL PATH/Checkout - payment/Page_Shishkaberry  Ontario Cannabis/a_Checkout")): Object: 'Object Repository/OCS_CRITICAL PATH/Checkout - payment/Page_Shishkaberry  Ontario Cannabis/a_Checkout' is clicked on

2019-05-09 15:06:52 - [MESSAGE][PASSED] - Object: 'Object Repository/OCS_CRITICAL PATH/Checkout - payment/Page_Shishkaberry  Ontario Cannabis/a_Checkout' is clicked on

2019-05-09 15:06:52 - [TEST_STEP][PASSED] - setText(findTestObject("OCS_CRITICAL PATH/Checkout - payment/Page_Ontario Cannabis Store - Infor/input_Email_checkoutemail"), "suman@gmail.com"): Text 'suman@gmail.com' is set on object 'Object Repository/OCS_CRITICAL PATH/Checkout - payment/Page_Ontario Cannabis Store - Infor/input_Email_checkoutemail'

2019-05-09 15:06:53 - [MESSAGE][PASSED] - Text 'suman@gmail.com' is set on object 'Object Repository/OCS_CRITICAL PATH/Checkout - payment/Page_Ontario Cannabis Store - Infor/input_Email_checkoutemail'

2019-05-09 15:06:53 - [TEST_STEP][PASSED] - setText(findTestObject("OCS_CRITICAL PATH/Checkout - payment/Page_Ontario Cannabis Store - Infor/input_First name_checkoutshipp"), "suman"): Text 'suman' is set on object 'Object Repository/OCS_CRITICAL PATH/Checkout - payment/Page_Ontario Cannabis Store - Infor/input_First name_checkoutshipp'

2019-05-09 15:06:54 - [MESSAGE][PASSED] - Text 'suman' is set on object 'Object Repository/OCS_CRITICAL PATH/Checkout - payment/Page_Ontario Cannabis Store - Infor/input_First name_checkoutshipp'

2019-05-09 15:06:54 - [TEST_STEP][PASSED] - setText(findTestObject("OCS_CRITICAL PATH/Checkout - payment/Page_Ontario Cannabis Store - Infor/input_Last name_checkoutshippi"), "kompelly"): Text 'kompelly' is set on object 'Object Repository/OCS_CRITICAL PATH/Checkout - payment/Page_Ontario Cannabis Store - Infor/input_Last name_checkoutshippi'

2019-05-09 15:06:54 - [MESSAGE][PASSED] - Text 'kompelly' is set on object 'Object Repository/OCS_CRITICAL PATH/Checkout - payment/Page_Ontario Cannabis Store - Infor/input_Last name_checkoutshippi'

2019-05-09 15:06:54 - [TEST_STEP][PASSED] - setText(findTestObject("OCS_CRITICAL PATH/Checkout - payment/Page_Ontario Cannabis Store - Infor/input_Address_checkoutshipping"), "dfsbfmnsbfmnsbf"): Text 'dfsbfmnsbfmnsbf' is set on object 'Object Repository/OCS_CRITICAL PATH/Checkout - payment/Page_Ontario Cannabis Store - Infor/input_Address_checkoutshipping'

2019-05-09 15:06:55 - [MESSAGE][PASSED] - Text 'dfsbfmnsbfmnsbf' is set on object 'Object Repository/OCS_CRITICAL PATH/Checkout - payment/Page_Ontario Cannabis Store - Infor/input_Address_checkoutshipping'

2019-05-09 15:06:55 - [TEST_STEP][PASSED] - setText(findTestObject("OCS_CRITICAL PATH/Checkout - payment/Page_Ontario Cannabis Store - Infor/input_Apartment suite etc. (op"), "bnmbnb"): Text 'bnmbnb' is set on object 'Object Repository/OCS_CRITICAL PATH/Checkout - payment/Page_Ontario Cannabis Store - Infor/input_Apartment suite etc. (op'

2019-05-09 15:06:55 - [MESSAGE][PASSED] - Text 'bnmbnb' is set on object 'Object Repository/OCS_CRITICAL PATH/Checkout - payment/Page_Ontario Cannabis Store - Infor/input_Apartment suite etc. (op'

2019-05-09 15:06:55 - [TEST_STEP][PASSED] - setText(findTestObject("OCS_CRITICAL PATH/Checkout - payment/Page_Ontario Cannabis Store - Infor/input_City_checkoutshipping_ad"), "montreal"): Text 'montreal' is set on object 'Object Repository/OCS_CRITICAL PATH/Checkout - payment/Page_Ontario Cannabis Store - Infor/input_City_checkoutshipping_ad'

2019-05-09 15:06:56 - [MESSAGE][PASSED] - Text 'montreal' is set on object 'Object Repository/OCS_CRITICAL PATH/Checkout - payment/Page_Ontario Cannabis Store - Infor/input_City_checkoutshipping_ad'

2019-05-09 15:06:56 - [TEST_STEP][PASSED] - setText(findTestObject("OCS_CRITICAL PATH/Checkout - payment/Page_Ontario Cannabis Store - Infor/input_Postal code_checkoutship"), "n0r1k0"): Text 'n0r1k0' is set on object 'Object Repository/OCS_CRITICAL PATH/Checkout - payment/Page_Ontario Cannabis Store - Infor/input_Postal code_checkoutship'

2019-05-09 15:06:56 - [MESSAGE][PASSED] - Text 'n0r1k0' is set on object 'Object Repository/OCS_CRITICAL PATH/Checkout - payment/Page_Ontario Cannabis Store - Infor/input_Postal code_checkoutship'

2019-05-09 15:06:56 - [TEST_STEP][PASSED] - setText(findTestObject("OCS_CRITICAL PATH/Checkout - payment/Page_Ontario Cannabis Store - Infor/input_Phone_checkoutshipping_a"), "(514) 449-3882"): Text '(514) 449-3882' is set on object 'Object Repository/OCS_CRITICAL PATH/Checkout - payment/Page_Ontario Cannabis Store - Infor/input_Phone_checkoutshipping_a'

2019-05-09 15:06:57 - [MESSAGE][PASSED] - Text '(514) 449-3882' is set on object 'Object Repository/OCS_CRITICAL PATH/Checkout - payment/Page_Ontario Cannabis Store - Infor/input_Phone_checkoutshipping_a'

2019-05-09 15:06:57 - [TEST_STEP][PASSED] - delay(2): Delayed 2 second(s)

2019-05-09 15:06:59 - [MESSAGE][PASSED] - Delayed 2 second(s)

2019-05-09 15:06:59 - [TEST_STEP][PASSED] - click(findTestObject("OCS_CRITICAL PATH/Checkout - payment/Page_Ontario Cannabis Store - Infor/button_Continue to shipping me")): Object: 'Object Repository/OCS_CRITICAL PATH/Checkout - payment/Page_Ontario Cannabis Store - Infor/button_Continue to shipping me' is clicked on

2019-05-09 15:07:04 - [MESSAGE][PASSED] - Object: 'Object Repository/OCS_CRITICAL PATH/Checkout - payment/Page_Ontario Cannabis Store - Infor/button_Continue to shipping me' is clicked on

2019-05-09 15:07:04 - [TEST_STEP][PASSED] - delay(2): Delayed 2 second(s)

2019-05-09 15:07:06 - [MESSAGE][PASSED] - Delayed 2 second(s)

2019-05-09 15:07:06 - [TEST_STEP][PASSED] - click(findTestObject("OCS_CRITICAL PATH/Checkout - payment/Page_Ontario Cannabis Store - Shipp/button_Continue to payment met")): Object: 'Object Repository/OCS_CRITICAL PATH/Checkout - payment/Page_Ontario Cannabis Store - Shipp/button_Continue to payment met' is clicked on

2019-05-09 15:07:09 - [MESSAGE][PASSED] - Object: 'Object Repository/OCS_CRITICAL PATH/Checkout - payment/Page_Ontario Cannabis Store - Shipp/button_Continue to payment met' is clicked on

2019-05-09 15:07:09 - [TEST_STEP][PASSED] - click(findTestObject("OCS_CRITICAL PATH/Checkout - payment/Page_Ontario Cannabis Store - Payme/a_Shipping")): Object: 'Object Repository/OCS_CRITICAL PATH/Checkout - payment/Page_Ontario Cannabis Store - Payme/a_Shipping' is clicked on

2019-05-09 15:07:11 - [MESSAGE][PASSED] - Object: 'Object Repository/OCS_CRITICAL PATH/Checkout - payment/Page_Ontario Cannabis Store - Payme/a_Shipping' is clicked on

2019-05-09 15:07:11 - [TEST_STEP][PASSED] - click(findTestObject("OCS_CRITICAL PATH/Checkout - payment/Page_Ontario Cannabis Store - Shipp/button_Continue to payment met")): Object: 'Object Repository/OCS_CRITICAL PATH/Checkout - payment/Page_Ontario Cannabis Store - Shipp/button_Continue to payment met' is clicked on

2019-05-09 15:07:14 - [MESSAGE][PASSED] - Object: 'Object Repository/OCS_CRITICAL PATH/Checkout - payment/Page_Ontario Cannabis Store - Shipp/button_Continue to payment met' is clicked on

2019-05-09 15:07:14 - [TEST_STEP][PASSED] - click(findTestObject("OCS_CRITICAL PATH/Checkout - payment/Page_Ontario Cannabis Store - Payme/a_Information")): Object: 'Object Repository/OCS_CRITICAL PATH/Checkout - payment/Page_Ontario Cannabis Store - Payme/a_Information' is clicked on

2019-05-09 15:07:16 - [MESSAGE][PASSED] - Object: 'Object Repository/OCS_CRITICAL PATH/Checkout - payment/Page_Ontario Cannabis Store - Payme/a_Information' is clicked on

2019-05-09 15:07:16 - [TEST_STEP][PASSED] - click(findTestObject("OCS_CRITICAL PATH/Checkout - payment/Page_Ontario Cannabis Store - Infor/button_Continue to shipping me")): Object: 'Object Repository/OCS_CRITICAL PATH/Checkout - payment/Page_Ontario Cannabis Store - Infor/button_Continue to shipping me' is clicked on

2019-05-09 15:07:18 - [MESSAGE][PASSED] - Object: 'Object Repository/OCS_CRITICAL PATH/Checkout - payment/Page_Ontario Cannabis Store - Infor/button_Continue to shipping me' is clicked on

2019-05-09 15:07:18 - [TEST_STEP][PASSED] - click(findTestObject("OCS_CRITICAL PATH/Checkout - payment/Page_Ontario Cannabis Store - Shipp/a_Cart")): Object: 'Object Repository/OCS_CRITICAL PATH/Checkout - payment/Page_Ontario Cannabis Store - Shipp/a_Cart' is clicked on

2019-05-09 15:07:21 - [MESSAGE][PASSED] - Object: 'Object Repository/OCS_CRITICAL PATH/Checkout - payment/Page_Ontario Cannabis Store - Shipp/a_Cart' is clicked on

2019-05-09 15:07:21 - [TEST_STEP][PASSED] - delay(2): Delayed 2 second(s)

2019-05-09 15:07:23 - [MESSAGE][PASSED] - Delayed 2 second(s)

2019-05-09 15:07:23 - [TEST_STEP][PASSED] - click(findTestObject("OCS_CRITICAL PATH/Checkout - payment/Page_Your Shopping Cart  Ontario Ca/span_concat(I confirm that I")): Object: 'Object Repository/OCS_CRITICAL PATH/Checkout - payment/Page_Your Shopping Cart  Ontario Ca/span_concat(I confirm that I' is clicked on

2019-05-09 15:07:24 - [MESSAGE][PASSED] - Object: 'Object Repository/OCS_CRITICAL PATH/Checkout - payment/Page_Your Shopping Cart  Ontario Ca/span_concat(I confirm that I' is clicked on

2019-05-09 15:07:24 - [TEST_STEP][PASSED] - delay(2): Delayed 2 second(s)

2019-05-09 15:07:26 - [MESSAGE][PASSED] - Delayed 2 second(s)

2019-05-09 15:07:26 - [TEST_STEP][PASSED] - click(findTestObject("OCS_CRITICAL PATH/Checkout - payment/Page_Your Shopping Cart  Ontario Ca/span_Accept the_checkbox")): Object: 'Object Repository/OCS_CRITICAL PATH/Checkout - payment/Page_Your Shopping Cart  Ontario Ca/span_Accept the_checkbox' is clicked on

2019-05-09 15:07:27 - [MESSAGE][PASSED] - Object: 'Object Repository/OCS_CRITICAL PATH/Checkout - payment/Page_Your Shopping Cart  Ontario Ca/span_Accept the_checkbox' is clicked on

2019-05-09 15:07:27 - [TEST_STEP][PASSED] - delay(2): Delayed 2 second(s)

2019-05-09 15:07:29 - [MESSAGE][PASSED] - Delayed 2 second(s)

2019-05-09 15:07:29 - [TEST_STEP][PASSED] - click(findTestObject("OCS_CRITICAL PATH/Checkout - payment/Page_Your Shopping Cart  Ontario Ca/a_Checkout")): Object: 'Object Repository/OCS_CRITICAL PATH/Checkout - payment/Page_Your Shopping Cart  Ontario Ca/a_Checkout' is clicked on

2019-05-09 15:07:38 - [MESSAGE][PASSED] - Object: 'Object Repository/OCS_CRITICAL PATH/Checkout - payment/Page_Your Shopping Cart  Ontario Ca/a_Checkout' is clicked on

2019-05-09 15:07:38 - [TEST_STEP][PASSED] - delay(2): Delayed 2 second(s)

2019-05-09 15:07:40 - [MESSAGE][PASSED] - Delayed 2 second(s)

2019-05-09 15:07:40 - [TEST_STEP][PASSED] - click(findTestObject("OCS_CRITICAL PATH/Checkout - payment/Page_Ontario Cannabis Store - Payme/span_Change")): Object: 'Object Repository/OCS_CRITICAL PATH/Checkout - payment/Page_Ontario Cannabis Store - Payme/span_Change' is clicked on

2019-05-09 15:07:42 - [MESSAGE][PASSED] - Object: 'Object Repository/OCS_CRITICAL PATH/Checkout - payment/Page_Ontario Cannabis Store - Payme/span_Change' is clicked on

2019-05-09 15:07:42 - [TEST_STEP][PASSED] - delay(2): Delayed 2 second(s)

2019-05-09 15:07:44 - [MESSAGE][PASSED] - Delayed 2 second(s)

2019-05-09 15:07:44 - [TEST_STEP][PASSED] - click(findTestObject("OCS_CRITICAL PATH/Checkout - payment/Page_Ontario Cannabis Store - Infor/button_Continue to shipping me")): Object: 'Object Repository/OCS_CRITICAL PATH/Checkout - payment/Page_Ontario Cannabis Store - Infor/button_Continue to shipping me' is clicked on

2019-05-09 15:07:53 - [MESSAGE][PASSED] - Object: 'Object Repository/OCS_CRITICAL PATH/Checkout - payment/Page_Ontario Cannabis Store - Infor/button_Continue to shipping me' is clicked on

2019-05-09 15:07:53 - [TEST_STEP][PASSED] - click(findTestObject("OCS_CRITICAL PATH/Checkout - payment/Page_Ontario Cannabis Store - Shipp/button_Continue to payment met")): Object: 'Object Repository/OCS_CRITICAL PATH/Checkout - payment/Page_Ontario Cannabis Store - Shipp/button_Continue to payment met' is clicked on

2019-05-09 15:07:57 - [MESSAGE][PASSED] - Object: 'Object Repository/OCS_CRITICAL PATH/Checkout - payment/Page_Ontario Cannabis Store - Shipp/button_Continue to payment met' is clicked on

2019-05-09 15:07:57 - [TEST_STEP][PASSED] - delay(2): Delayed 2 second(s)

2019-05-09 15:07:59 - [MESSAGE][PASSED] - Delayed 2 second(s)

2019-05-09 15:07:59 - [TEST_STEP][PASSED] - click(findTestObject("OCS_CRITICAL PATH/Checkout - payment/Page_Ontario Cannabis Store - Payme/span_Change")): Object: 'Object Repository/OCS_CRITICAL PATH/Checkout - payment/Page_Ontario Cannabis Store - Payme/span_Change' is clicked on

2019-05-09 15:08:01 - [MESSAGE][PASSED] - Object: 'Object Repository/OCS_CRITICAL PATH/Checkout - payment/Page_Ontario Cannabis Store - Payme/span_Change' is clicked on

2019-05-09 15:08:01 - [TEST_STEP][PASSED] - delay(2): Delayed 2 second(s)

2019-05-09 15:08:03 - [MESSAGE][PASSED] - Delayed 2 second(s)

2019-05-09 15:08:03 - [TEST_STEP][PASSED] - click(findTestObject("OCS_CRITICAL PATH/Checkout - payment/Page_Ontario Cannabis Store - Infor/button_Continue to shipping me")): Object: 'Object Repository/OCS_CRITICAL PATH/Checkout - payment/Page_Ontario Cannabis Store - Infor/button_Continue to shipping me' is clicked on

2019-05-09 15:08:06 - [MESSAGE][PASSED] - Object: 'Object Repository/OCS_CRITICAL PATH/Checkout - payment/Page_Ontario Cannabis Store - Infor/button_Continue to shipping me' is clicked on

2019-05-09 15:08:06 - [TEST_STEP][PASSED] - click(findTestObject("OCS_CRITICAL PATH/Checkout - payment/Page_Ontario Cannabis Store - Shipp/button_Continue to payment met")): Object: 'Object Repository/OCS_CRITICAL PATH/Checkout - payment/Page_Ontario Cannabis Store - Shipp/button_Continue to payment met' is clicked on

2019-05-09 15:08:09 - [MESSAGE][PASSED] - Object: 'Object Repository/OCS_CRITICAL PATH/Checkout - payment/Page_Ontario Cannabis Store - Shipp/button_Continue to payment met' is clicked on

2019-05-09 15:08:09 - [TEST_STEP][PASSED] - click(findTestObject("OCS_CRITICAL PATH/Checkout - payment/Page_Ontario Cannabis Store - Payme/input_Same as shipping address")): Object: 'Object Repository/OCS_CRITICAL PATH/Checkout - payment/Page_Ontario Cannabis Store - Payme/input_Same as shipping address' is clicked on

2019-05-09 15:08:10 - [MESSAGE][PASSED] - Object: 'Object Repository/OCS_CRITICAL PATH/Checkout - payment/Page_Ontario Cannabis Store - Payme/input_Same as shipping address' is clicked on

2019-05-09 15:08:10 - [TEST_STEP][PASSED] - setText(findTestObject("OCS_CRITICAL PATH/Checkout - payment/Page_Ontario Cannabis Store - Payme/input_Address_checkoutbilling_"), "1650 de maoisonnueve"): Text '1650 de maoisonnueve' is set on object 'Object Repository/OCS_CRITICAL PATH/Checkout - payment/Page_Ontario Cannabis Store - Payme/input_Address_checkoutbilling_'

2019-05-09 15:08:11 - [MESSAGE][PASSED] - Text '1650 de maoisonnueve' is set on object 'Object Repository/OCS_CRITICAL PATH/Checkout - payment/Page_Ontario Cannabis Store - Payme/input_Address_checkoutbilling_'

2019-05-09 15:08:11 - [TEST_STEP][PASSED] - setText(findTestObject("OCS_CRITICAL PATH/Checkout - payment/Page_Ontario Cannabis Store - Payme/input_Apartment suite etc. (op"), "8"): Text '8' is set on object 'Object Repository/OCS_CRITICAL PATH/Checkout - payment/Page_Ontario Cannabis Store - Payme/input_Apartment suite etc. (op'

2019-05-09 15:08:12 - [MESSAGE][PASSED] - Text '8' is set on object 'Object Repository/OCS_CRITICAL PATH/Checkout - payment/Page_Ontario Cannabis Store - Payme/input_Apartment suite etc. (op'

2019-05-09 15:08:12 - [TEST_STEP][PASSED] - setText(findTestObject("OCS_CRITICAL PATH/Checkout - payment/Page_Ontario Cannabis Store - Payme/input_City_checkoutbilling_add"), "montreal"): Text 'montreal' is set on object 'Object Repository/OCS_CRITICAL PATH/Checkout - payment/Page_Ontario Cannabis Store - Payme/input_City_checkoutbilling_add'

2019-05-09 15:08:12 - [MESSAGE][PASSED] - Text 'montreal' is set on object 'Object Repository/OCS_CRITICAL PATH/Checkout - payment/Page_Ontario Cannabis Store - Payme/input_City_checkoutbilling_add'

2019-05-09 15:08:12 - [TEST_STEP][PASSED] - setText(findTestObject("OCS_CRITICAL PATH/Checkout - payment/Page_Ontario Cannabis Store - Payme/input_Postal code_checkoutbill"), "h3h2p3"): Text 'h3h2p3' is set on object 'Object Repository/OCS_CRITICAL PATH/Checkout - payment/Page_Ontario Cannabis Store - Payme/input_Postal code_checkoutbill'

2019-05-09 15:08:13 - [MESSAGE][PASSED] - Text 'h3h2p3' is set on object 'Object Repository/OCS_CRITICAL PATH/Checkout - payment/Page_Ontario Cannabis Store - Payme/input_Postal code_checkoutbill'

2019-05-09 15:08:13 - [TEST_STEP][PASSED] - setText(findTestObject("OCS_CRITICAL PATH/Checkout - payment/Page_Ontario Cannabis Store - Payme/input_Phone_checkoutbilling_ad"), "(514) 449-3882"): Text '(514) 449-3882' is set on object 'Object Repository/OCS_CRITICAL PATH/Checkout - payment/Page_Ontario Cannabis Store - Payme/input_Phone_checkoutbilling_ad'

2019-05-09 15:08:14 - [MESSAGE][PASSED] - Text '(514) 449-3882' is set on object 'Object Repository/OCS_CRITICAL PATH/Checkout - payment/Page_Ontario Cannabis Store - Payme/input_Phone_checkoutbilling_ad'

2019-05-09 15:08:14 - [TEST_STEP][PASSED] - click(findTestObject("OCS_CRITICAL PATH/Checkout - payment/Page_Ontario Cannabis Store - Payme/button_Complete order")): Object: 'Object Repository/OCS_CRITICAL PATH/Checkout - payment/Page_Ontario Cannabis Store - Payme/button_Complete order' is clicked on

2019-05-09 15:08:15 - [MESSAGE][PASSED] - Object: 'Object Repository/OCS_CRITICAL PATH/Checkout - payment/Page_Ontario Cannabis Store - Payme/button_Complete order' is clicked on

2019-05-09 15:08:15 - [TEST_STEP][NOT_RUN] - getText(findTestObject("OCS_CRITICAL PATH/Checkout - payment/Page_Ontario Cannabis Store - Payme/div_Your payment details could")): NOT_RUN: getText(findTestObject("OCS_CRITICAL PATH/Checkout - payment/Page_Ontario Cannabis Store - Payme/div_Your payment details could"))

2019-05-09 15:08:15 - [MESSAGE][NOT_RUN] - NOT_RUN: getText(findTestObject("OCS_CRITICAL PATH/Checkout - payment/Page_Ontario Cannabis Store - Payme/div_Your payment details could"))]]></system-out>
         <system-err><![CDATA[]]></system-err>
      </testcase>
      <testcase name="Test Cases/OCS- CRITICAL PATH/Checkout-shipping method" classname="Test Cases/OCS- CRITICAL PATH/Checkout-shipping method" status="PASSED">
         <system-out><![CDATA[2019-05-09 15:08:15 - [TEST_CASE][PASSED] - Test Cases/OCS- CRITICAL PATH/Checkout-shipping method: Test Cases/OCS- CRITICAL PATH/Checkout-shipping method

2019-05-09 15:08:15 - [TEST_STEP][PASSED] - openBrowser(""): Browser is opened with url: ''

2019-05-09 15:08:15 - [MESSAGE][WARNING] - A browser is already opened. Closing browser and opening a new one

2019-05-09 15:08:17 - [MESSAGE][INFO] - Starting 'Remote' driver

2019-05-09 15:08:17 - [MESSAGE][INFO] - User set preference: ['os', 'windows']

2019-05-09 15:08:17 - [MESSAGE][INFO] - User set preference: ['os_version', '10']

2019-05-09 15:08:17 - [MESSAGE][INFO] - User set preference: ['browser', 'Firefox']

2019-05-09 15:08:17 - [MESSAGE][INFO] - User set preference: ['browser_version', '65']

2019-05-09 15:08:17 - [MESSAGE][INFO] - User set preference: ['resolution', '1280x800']

2019-05-09 15:08:17 - [MESSAGE][INFO] - Connecting to remote web server 'https://dianatest3:Z3oqw9ysqTeRQJq5wFCp@hub-cloud.browserstack.com/wd/hub' with type 'Selenium'

2019-05-09 15:08:24 - [MESSAGE][PASSED] - Browser is opened with url: ''

2019-05-09 15:08:24 - [TEST_STEP][PASSED] - navigateToUrl("https://ocs.ca/?fts=0&preview_theme_id=53373863756"): Navigate to 'https://ocs.ca/?fts=0&preview_theme_id=53373863756' successfully

2019-05-09 15:08:31 - [MESSAGE][PASSED] - Navigate to 'https://ocs.ca/?fts=0&preview_theme_id=53373863756' successfully

2019-05-09 15:08:31 - [TEST_STEP][PASSED] - click(findTestObject("Object Repository/Theme_oR/Page_Ontario Cannabis Store  Ontari/button_Close preview")): Object: 'Object Repository/Theme_oR/Page_Ontario Cannabis Store  Ontari/button_Close preview' is clicked on

2019-05-09 15:08:32 - [MESSAGE][PASSED] - Object: 'Object Repository/Theme_oR/Page_Ontario Cannabis Store  Ontari/button_Close preview' is clicked on

2019-05-09 15:08:32 - [TEST_STEP][PASSED] - selectOptionByValue(findTestObject("OCS_CRITICAL PATH/Checkout-customer/Page_Ontario Cannabis Store  Ontari/select_Select01020304050607080"), "16", true): All options with value '16' are selected in object 'Object Repository/OCS_CRITICAL PATH/Checkout-customer/Page_Ontario Cannabis Store  Ontari/select_Select01020304050607080'  using regular expression

2019-05-09 15:08:38 - [MESSAGE][PASSED] - All options with value '16' are selected in object 'Object Repository/OCS_CRITICAL PATH/Checkout-customer/Page_Ontario Cannabis Store  Ontari/select_Select01020304050607080'  using regular expression

2019-05-09 15:08:38 - [TEST_STEP][PASSED] - selectOptionByValue(findTestObject("OCS_CRITICAL PATH/Checkout-customer/Page_Ontario Cannabis Store  Ontari/select_SelectJanuary - 01Febru"), "8", true): All options with value '8' are selected in object 'Object Repository/OCS_CRITICAL PATH/Checkout-customer/Page_Ontario Cannabis Store  Ontari/select_SelectJanuary - 01Febru'  using regular expression

2019-05-09 15:08:42 - [MESSAGE][PASSED] - All options with value '8' are selected in object 'Object Repository/OCS_CRITICAL PATH/Checkout-customer/Page_Ontario Cannabis Store  Ontari/select_SelectJanuary - 01Febru'  using regular expression

2019-05-09 15:08:42 - [TEST_STEP][PASSED] - selectOptionByValue(findTestObject("OCS_CRITICAL PATH/Checkout-customer/Page_Ontario Cannabis Store  Ontari/select_Select20182017201620152"), "1955", true): All options with value '1955' are selected in object 'Object Repository/OCS_CRITICAL PATH/Checkout-customer/Page_Ontario Cannabis Store  Ontari/select_Select20182017201620152'  using regular expression

2019-05-09 15:09:02 - [MESSAGE][PASSED] - All options with value '1955' are selected in object 'Object Repository/OCS_CRITICAL PATH/Checkout-customer/Page_Ontario Cannabis Store  Ontari/select_Select20182017201620152'  using regular expression

2019-05-09 15:09:02 - [TEST_STEP][PASSED] - click(findTestObject("OCS_CRITICAL PATH/Checkout-customer/Page_Ontario Cannabis Store  Ontari/button_Verify")): Object: 'Object Repository/OCS_CRITICAL PATH/Checkout-customer/Page_Ontario Cannabis Store  Ontari/button_Verify' is clicked on

2019-05-09 15:09:03 - [MESSAGE][PASSED] - Object: 'Object Repository/OCS_CRITICAL PATH/Checkout-customer/Page_Ontario Cannabis Store  Ontari/button_Verify' is clicked on

2019-05-09 15:09:03 - [TEST_STEP][PASSED] - click(findTestObject("OCS_CRITICAL PATH/Checkout-customer/Page_Ontario Cannabis Store  Ontari/span_CONFIRM AND ACKNOWLEDGE_c")): Object: 'Object Repository/OCS_CRITICAL PATH/Checkout-customer/Page_Ontario Cannabis Store  Ontari/span_CONFIRM AND ACKNOWLEDGE_c' is clicked on

2019-05-09 15:09:04 - [MESSAGE][PASSED] - Object: 'Object Repository/OCS_CRITICAL PATH/Checkout-customer/Page_Ontario Cannabis Store  Ontari/span_CONFIRM AND ACKNOWLEDGE_c' is clicked on

2019-05-09 15:09:04 - [TEST_STEP][PASSED] - click(findTestObject("OCS_CRITICAL PATH/Checkout-customer/Page_Ontario Cannabis Store  Ontari/button_CONFIRM")): Object: 'Object Repository/OCS_CRITICAL PATH/Checkout-customer/Page_Ontario Cannabis Store  Ontari/button_CONFIRM' is clicked on

2019-05-09 15:09:04 - [MESSAGE][PASSED] - Object: 'Object Repository/OCS_CRITICAL PATH/Checkout-customer/Page_Ontario Cannabis Store  Ontari/button_CONFIRM' is clicked on

2019-05-09 15:09:04 - [TEST_STEP][PASSED] - click(findTestObject("OCS_CRITICAL PATH/Checkout-customer/Page_Ontario Cannabis Store  Ontari/button_Start Browsing")): Object: 'Object Repository/OCS_CRITICAL PATH/Checkout-customer/Page_Ontario Cannabis Store  Ontari/button_Start Browsing' is clicked on

2019-05-09 15:09:05 - [MESSAGE][PASSED] - Object: 'Object Repository/OCS_CRITICAL PATH/Checkout-customer/Page_Ontario Cannabis Store  Ontari/button_Start Browsing' is clicked on

2019-05-09 15:09:05 - [TEST_STEP][PASSED] - delay(3): Delayed 3 second(s)

2019-05-09 15:09:08 - [MESSAGE][PASSED] - Delayed 3 second(s)

2019-05-09 15:09:08 - [TEST_STEP][PASSED] - mouseOver(findTestObject("OCS_CRITICAL PATH/Checkout-customer/Page_Ontario Cannabis Store  Ontari/h3_Cannabis")): Object: 'Object Repository/OCS_CRITICAL PATH/Checkout-customer/Page_Ontario Cannabis Store  Ontari/h3_Cannabis' is hovered

2019-05-09 15:09:08 - [MESSAGE][PASSED] - Object: 'Object Repository/OCS_CRITICAL PATH/Checkout-customer/Page_Ontario Cannabis Store  Ontari/h3_Cannabis' is hovered

2019-05-09 15:09:08 - [TEST_STEP][PASSED] - delay(3): Delayed 3 second(s)

2019-05-09 15:09:11 - [MESSAGE][PASSED] - Delayed 3 second(s)

2019-05-09 15:09:11 - [TEST_STEP][PASSED] - click(findTestObject("OCS_CRITICAL PATH/Checkout-customer/Page_Ontario Cannabis Store  Ontari/span_Indica Dominant")): Object: 'Object Repository/OCS_CRITICAL PATH/Checkout-customer/Page_Ontario Cannabis Store  Ontari/span_Indica Dominant' is clicked on

2019-05-09 15:09:14 - [MESSAGE][PASSED] - Object: 'Object Repository/OCS_CRITICAL PATH/Checkout-customer/Page_Ontario Cannabis Store  Ontari/span_Indica Dominant' is clicked on

2019-05-09 15:09:14 - [TEST_STEP][PASSED] - delay(3): Delayed 3 second(s)

2019-05-09 15:09:17 - [MESSAGE][PASSED] - Delayed 3 second(s)

2019-05-09 15:09:17 - [TEST_STEP][PASSED] - click(findTestObject("OCS_CRITICAL PATH/Checkout-customer/Page_Indica Dominant Dried Flower/h3_Shishkaberry")): Object: 'Object Repository/OCS_CRITICAL PATH/Checkout-customer/Page_Indica Dominant Dried Flower/h3_Shishkaberry' is clicked on

2019-05-09 15:09:19 - [MESSAGE][PASSED] - Object: 'Object Repository/OCS_CRITICAL PATH/Checkout-customer/Page_Indica Dominant Dried Flower/h3_Shishkaberry' is clicked on

2019-05-09 15:09:19 - [TEST_STEP][NOT_RUN] - click(findTestObject("Page_Shishkaberry  Ontario Cannabis/span_3.5g")): NOT_RUN: click(findTestObject("Page_Shishkaberry  Ontario Cannabis/span_3.5g"))

2019-05-09 15:09:19 - [MESSAGE][NOT_RUN] - NOT_RUN: click(findTestObject("Page_Shishkaberry  Ontario Cannabis/span_3.5g"))

2019-05-09 15:09:19 - [TEST_STEP][PASSED] - click(findTestObject("OCS_CRITICAL PATH/Checkout-customer/Page_Shishkaberry  Ontario Cannabis/label_3.5g")): Object: 'Object Repository/OCS_CRITICAL PATH/Checkout-customer/Page_Shishkaberry  Ontario Cannabis/label_3.5g' is clicked on

2019-05-09 15:09:20 - [MESSAGE][PASSED] - Object: 'Object Repository/OCS_CRITICAL PATH/Checkout-customer/Page_Shishkaberry  Ontario Cannabis/label_3.5g' is clicked on

2019-05-09 15:09:20 - [TEST_STEP][PASSED] - click(findTestObject("OCS_CRITICAL PATH/Checkout-customer/Page_Shishkaberry  Ontario Cannabis/button_")): Object: 'Object Repository/OCS_CRITICAL PATH/Checkout-customer/Page_Shishkaberry  Ontario Cannabis/button_' is clicked on

2019-05-09 15:09:20 - [MESSAGE][PASSED] - Object: 'Object Repository/OCS_CRITICAL PATH/Checkout-customer/Page_Shishkaberry  Ontario Cannabis/button_' is clicked on

2019-05-09 15:09:20 - [TEST_STEP][PASSED] - click(findTestObject("OCS_CRITICAL PATH/Checkout-customer/Page_Shishkaberry  Ontario Cannabis/button_")): Object: 'Object Repository/OCS_CRITICAL PATH/Checkout-customer/Page_Shishkaberry  Ontario Cannabis/button_' is clicked on

2019-05-09 15:09:21 - [MESSAGE][PASSED] - Object: 'Object Repository/OCS_CRITICAL PATH/Checkout-customer/Page_Shishkaberry  Ontario Cannabis/button_' is clicked on

2019-05-09 15:09:21 - [TEST_STEP][PASSED] - click(findTestObject("OCS_CRITICAL PATH/Checkout-customer/Page_Shishkaberry  Ontario Cannabis/button_")): Object: 'Object Repository/OCS_CRITICAL PATH/Checkout-customer/Page_Shishkaberry  Ontario Cannabis/button_' is clicked on

2019-05-09 15:09:21 - [MESSAGE][PASSED] - Object: 'Object Repository/OCS_CRITICAL PATH/Checkout-customer/Page_Shishkaberry  Ontario Cannabis/button_' is clicked on

2019-05-09 15:09:21 - [TEST_STEP][PASSED] - click(findTestObject("OCS_CRITICAL PATH/Checkout-customer/Page_Shishkaberry  Ontario Cannabis/button_Add to Bag129.60")): Object: 'Object Repository/OCS_CRITICAL PATH/Checkout-customer/Page_Shishkaberry  Ontario Cannabis/button_Add to Bag129.60' is clicked on

2019-05-09 15:09:22 - [MESSAGE][PASSED] - Object: 'Object Repository/OCS_CRITICAL PATH/Checkout-customer/Page_Shishkaberry  Ontario Cannabis/button_Add to Bag129.60' is clicked on

2019-05-09 15:09:22 - [TEST_STEP][PASSED] - click(findTestObject("OCS_CRITICAL PATH/Checkout-customer/Page_Shishkaberry  Ontario Cannabis/span_concat(I confirm that I")): Object: 'Object Repository/OCS_CRITICAL PATH/Checkout-customer/Page_Shishkaberry  Ontario Cannabis/span_concat(I confirm that I' is clicked on

2019-05-09 15:09:24 - [MESSAGE][PASSED] - Object: 'Object Repository/OCS_CRITICAL PATH/Checkout-customer/Page_Shishkaberry  Ontario Cannabis/span_concat(I confirm that I' is clicked on

2019-05-09 15:09:24 - [TEST_STEP][PASSED] - click(findTestObject("OCS_CRITICAL PATH/Checkout-customer/Page_Shishkaberry  Ontario Cannabis/span_Accept the_checkbox")): Object: 'Object Repository/OCS_CRITICAL PATH/Checkout-customer/Page_Shishkaberry  Ontario Cannabis/span_Accept the_checkbox' is clicked on

2019-05-09 15:09:24 - [MESSAGE][PASSED] - Object: 'Object Repository/OCS_CRITICAL PATH/Checkout-customer/Page_Shishkaberry  Ontario Cannabis/span_Accept the_checkbox' is clicked on

2019-05-09 15:09:24 - [TEST_STEP][PASSED] - delay(3): Delayed 3 second(s)

2019-05-09 15:09:27 - [MESSAGE][PASSED] - Delayed 3 second(s)

2019-05-09 15:09:27 - [TEST_STEP][PASSED] - click(findTestObject("OCS_CRITICAL PATH/Checkout-customer/Page_Shishkaberry  Ontario Cannabis/a_Checkout")): Object: 'Object Repository/OCS_CRITICAL PATH/Checkout-customer/Page_Shishkaberry  Ontario Cannabis/a_Checkout' is clicked on

2019-05-09 15:09:30 - [MESSAGE][PASSED] - Object: 'Object Repository/OCS_CRITICAL PATH/Checkout-customer/Page_Shishkaberry  Ontario Cannabis/a_Checkout' is clicked on

2019-05-09 15:09:30 - [TEST_STEP][PASSED] - setText(findTestObject("OCS_CRITICAL PATH/Checkout-shipping method/Page_Ontario Cannabis Store - Infor/input_Email_checkoutemail"), "sumankompelly@diffagency.com"): Text 'sumankompelly@diffagency.com' is set on object 'Object Repository/OCS_CRITICAL PATH/Checkout-shipping method/Page_Ontario Cannabis Store - Infor/input_Email_checkoutemail'

2019-05-09 15:09:31 - [MESSAGE][PASSED] - Text 'sumankompelly@diffagency.com' is set on object 'Object Repository/OCS_CRITICAL PATH/Checkout-shipping method/Page_Ontario Cannabis Store - Infor/input_Email_checkoutemail'

2019-05-09 15:09:31 - [TEST_STEP][PASSED] - setText(findTestObject("OCS_CRITICAL PATH/Checkout-shipping method/Page_Ontario Cannabis Store - Infor/input_First name_checkoutshipp"), "suman"): Text 'suman' is set on object 'Object Repository/OCS_CRITICAL PATH/Checkout-shipping method/Page_Ontario Cannabis Store - Infor/input_First name_checkoutshipp'

2019-05-09 15:09:31 - [MESSAGE][PASSED] - Text 'suman' is set on object 'Object Repository/OCS_CRITICAL PATH/Checkout-shipping method/Page_Ontario Cannabis Store - Infor/input_First name_checkoutshipp'

2019-05-09 15:09:31 - [TEST_STEP][PASSED] - setText(findTestObject("OCS_CRITICAL PATH/Checkout-shipping method/Page_Ontario Cannabis Store - Infor/input_Last name_checkoutshippi"), "kompelly"): Text 'kompelly' is set on object 'Object Repository/OCS_CRITICAL PATH/Checkout-shipping method/Page_Ontario Cannabis Store - Infor/input_Last name_checkoutshippi'

2019-05-09 15:09:32 - [MESSAGE][PASSED] - Text 'kompelly' is set on object 'Object Repository/OCS_CRITICAL PATH/Checkout-shipping method/Page_Ontario Cannabis Store - Infor/input_Last name_checkoutshippi'

2019-05-09 15:09:32 - [TEST_STEP][PASSED] - setText(findTestObject("OCS_CRITICAL PATH/Checkout-shipping method/Page_Ontario Cannabis Store - Infor/input_Address_checkoutshipping"), "399 st alxendre"): Text '399 st alxendre' is set on object 'Object Repository/OCS_CRITICAL PATH/Checkout-shipping method/Page_Ontario Cannabis Store - Infor/input_Address_checkoutshipping'

2019-05-09 15:09:32 - [MESSAGE][PASSED] - Text '399 st alxendre' is set on object 'Object Repository/OCS_CRITICAL PATH/Checkout-shipping method/Page_Ontario Cannabis Store - Infor/input_Address_checkoutshipping'

2019-05-09 15:09:32 - [TEST_STEP][PASSED] - setText(findTestObject("OCS_CRITICAL PATH/Checkout-shipping method/Page_Ontario Cannabis Store - Infor/input_Apartment suite etc. (op"), "38"): Text '38' is set on object 'Object Repository/OCS_CRITICAL PATH/Checkout-shipping method/Page_Ontario Cannabis Store - Infor/input_Apartment suite etc. (op'

2019-05-09 15:09:33 - [MESSAGE][PASSED] - Text '38' is set on object 'Object Repository/OCS_CRITICAL PATH/Checkout-shipping method/Page_Ontario Cannabis Store - Infor/input_Apartment suite etc. (op'

2019-05-09 15:09:33 - [TEST_STEP][PASSED] - setText(findTestObject("OCS_CRITICAL PATH/Checkout-shipping method/Page_Ontario Cannabis Store - Infor/input_City_checkoutshipping_ad"), "montreal"): Text 'montreal' is set on object 'Object Repository/OCS_CRITICAL PATH/Checkout-shipping method/Page_Ontario Cannabis Store - Infor/input_City_checkoutshipping_ad'

2019-05-09 15:09:33 - [MESSAGE][PASSED] - Text 'montreal' is set on object 'Object Repository/OCS_CRITICAL PATH/Checkout-shipping method/Page_Ontario Cannabis Store - Infor/input_City_checkoutshipping_ad'

2019-05-09 15:09:33 - [TEST_STEP][PASSED] - setText(findTestObject("OCS_CRITICAL PATH/Checkout-shipping method/Page_Ontario Cannabis Store - Infor/input_Postal code_checkoutship"), "n0r1k0"): Text 'n0r1k0' is set on object 'Object Repository/OCS_CRITICAL PATH/Checkout-shipping method/Page_Ontario Cannabis Store - Infor/input_Postal code_checkoutship'

2019-05-09 15:09:33 - [MESSAGE][PASSED] - Text 'n0r1k0' is set on object 'Object Repository/OCS_CRITICAL PATH/Checkout-shipping method/Page_Ontario Cannabis Store - Infor/input_Postal code_checkoutship'

2019-05-09 15:09:33 - [TEST_STEP][PASSED] - setText(findTestObject("OCS_CRITICAL PATH/Checkout-shipping method/Page_Ontario Cannabis Store - Infor/input_Phone_checkoutshipping_a"), "(514) 449-3882"): Text '(514) 449-3882' is set on object 'Object Repository/OCS_CRITICAL PATH/Checkout-shipping method/Page_Ontario Cannabis Store - Infor/input_Phone_checkoutshipping_a'

2019-05-09 15:09:34 - [MESSAGE][PASSED] - Text '(514) 449-3882' is set on object 'Object Repository/OCS_CRITICAL PATH/Checkout-shipping method/Page_Ontario Cannabis Store - Infor/input_Phone_checkoutshipping_a'

2019-05-09 15:09:34 - [TEST_STEP][PASSED] - delay(3): Delayed 3 second(s)

2019-05-09 15:09:37 - [MESSAGE][PASSED] - Delayed 3 second(s)

2019-05-09 15:09:37 - [TEST_STEP][PASSED] - click(findTestObject("OCS_CRITICAL PATH/Checkout-shipping method/Page_Ontario Cannabis Store - Infor/button_Continue to shipping me")): Object: 'Object Repository/OCS_CRITICAL PATH/Checkout-shipping method/Page_Ontario Cannabis Store - Infor/button_Continue to shipping me' is clicked on

2019-05-09 15:09:39 - [MESSAGE][PASSED] - Object: 'Object Repository/OCS_CRITICAL PATH/Checkout-shipping method/Page_Ontario Cannabis Store - Infor/button_Continue to shipping me' is clicked on

2019-05-09 15:09:39 - [TEST_STEP][NOT_RUN] - a = getWindowTitle(): NOT_RUN: a = getWindowTitle()

2019-05-09 15:09:39 - [MESSAGE][NOT_RUN] - NOT_RUN: a = getWindowTitle()

2019-05-09 15:09:39 - [TEST_STEP][NOT_RUN] - comment(a): NOT_RUN: comment(a)

2019-05-09 15:09:39 - [MESSAGE][NOT_RUN] - NOT_RUN: comment(a)

2019-05-09 15:09:39 - [TEST_STEP][NOT_RUN] - assert getWindowTitle() == a: NOT_RUN: assert getWindowTitle() == a

2019-05-09 15:09:39 - [MESSAGE][NOT_RUN] - NOT_RUN: assert getWindowTitle() == a

2019-05-09 15:09:39 - [TEST_STEP][NOT_RUN] - comment(" navigation is on the right page "): NOT_RUN: comment(" navigation is on the right page ")

2019-05-09 15:09:39 - [MESSAGE][NOT_RUN] - NOT_RUN: comment(" navigation is on the right page ")

2019-05-09 15:09:39 - [TEST_STEP][PASSED] - click(findTestObject("OCS_CRITICAL PATH/Checkout-shipping method/Page_Ontario Cannabis Store - Shipp/a_Information")): Object: 'Object Repository/OCS_CRITICAL PATH/Checkout-shipping method/Page_Ontario Cannabis Store - Shipp/a_Information' is clicked on

2019-05-09 15:09:42 - [MESSAGE][PASSED] - Object: 'Object Repository/OCS_CRITICAL PATH/Checkout-shipping method/Page_Ontario Cannabis Store - Shipp/a_Information' is clicked on

2019-05-09 15:09:42 - [TEST_STEP][PASSED] - click(findTestObject("OCS_CRITICAL PATH/Checkout-shipping method/Page_Ontario Cannabis Store - Infor/a_Shipping")): Object: 'Object Repository/OCS_CRITICAL PATH/Checkout-shipping method/Page_Ontario Cannabis Store - Infor/a_Shipping' is clicked on

2019-05-09 15:09:44 - [MESSAGE][PASSED] - Object: 'Object Repository/OCS_CRITICAL PATH/Checkout-shipping method/Page_Ontario Cannabis Store - Infor/a_Shipping' is clicked on

2019-05-09 15:09:44 - [TEST_STEP][PASSED] - click(findTestObject("OCS_CRITICAL PATH/Checkout-shipping method/Page_Ontario Cannabis Store - Shipp/a_Cart")): Object: 'Object Repository/OCS_CRITICAL PATH/Checkout-shipping method/Page_Ontario Cannabis Store - Shipp/a_Cart' is clicked on

2019-05-09 15:09:47 - [MESSAGE][PASSED] - Object: 'Object Repository/OCS_CRITICAL PATH/Checkout-shipping method/Page_Ontario Cannabis Store - Shipp/a_Cart' is clicked on

2019-05-09 15:09:47 - [TEST_STEP][PASSED] - delay(2): Delayed 2 second(s)

2019-05-09 15:09:49 - [MESSAGE][PASSED] - Delayed 2 second(s)

2019-05-09 15:09:49 - [TEST_STEP][PASSED] - click(findTestObject("OCS_CRITICAL PATH/Checkout-shipping method/Page_Your Shopping Cart  Ontario Ca/span_concat(I confirm that I")): Object: 'Object Repository/OCS_CRITICAL PATH/Checkout-shipping method/Page_Your Shopping Cart  Ontario Ca/span_concat(I confirm that I' is clicked on

2019-05-09 15:09:50 - [MESSAGE][PASSED] - Object: 'Object Repository/OCS_CRITICAL PATH/Checkout-shipping method/Page_Your Shopping Cart  Ontario Ca/span_concat(I confirm that I' is clicked on

2019-05-09 15:09:50 - [TEST_STEP][PASSED] - delay(2): Delayed 2 second(s)

2019-05-09 15:09:52 - [MESSAGE][PASSED] - Delayed 2 second(s)

2019-05-09 15:09:52 - [TEST_STEP][PASSED] - click(findTestObject("OCS_CRITICAL PATH/Checkout-shipping method/Page_Your Shopping Cart  Ontario Ca/span_Accept the_checkbox")): Object: 'Object Repository/OCS_CRITICAL PATH/Checkout-shipping method/Page_Your Shopping Cart  Ontario Ca/span_Accept the_checkbox' is clicked on

2019-05-09 15:09:52 - [MESSAGE][PASSED] - Object: 'Object Repository/OCS_CRITICAL PATH/Checkout-shipping method/Page_Your Shopping Cart  Ontario Ca/span_Accept the_checkbox' is clicked on

2019-05-09 15:09:52 - [TEST_STEP][PASSED] - delay(2): Delayed 2 second(s)

2019-05-09 15:09:54 - [MESSAGE][PASSED] - Delayed 2 second(s)

2019-05-09 15:09:54 - [TEST_STEP][PASSED] - click(findTestObject("OCS_CRITICAL PATH/Checkout-shipping method/Page_Your Shopping Cart  Ontario Ca/a_Checkout")): Object: 'Object Repository/OCS_CRITICAL PATH/Checkout-shipping method/Page_Your Shopping Cart  Ontario Ca/a_Checkout' is clicked on

2019-05-09 15:09:57 - [MESSAGE][PASSED] - Object: 'Object Repository/OCS_CRITICAL PATH/Checkout-shipping method/Page_Your Shopping Cart  Ontario Ca/a_Checkout' is clicked on

2019-05-09 15:09:57 - [TEST_STEP][PASSED] - delay(2): Delayed 2 second(s)

2019-05-09 15:09:59 - [MESSAGE][PASSED] - Delayed 2 second(s)

2019-05-09 15:09:59 - [TEST_STEP][PASSED] - click(findTestObject("OCS_CRITICAL PATH/Checkout-shipping method/Page_Ontario Cannabis Store - Shipp/span_Change")): Object: 'Object Repository/OCS_CRITICAL PATH/Checkout-shipping method/Page_Ontario Cannabis Store - Shipp/span_Change' is clicked on

2019-05-09 15:10:02 - [MESSAGE][PASSED] - Object: 'Object Repository/OCS_CRITICAL PATH/Checkout-shipping method/Page_Ontario Cannabis Store - Shipp/span_Change' is clicked on

2019-05-09 15:10:02 - [TEST_STEP][PASSED] - click(findTestObject("OCS_CRITICAL PATH/Checkout-shipping method/Page_Ontario Cannabis Store - Infor/button_Continue to shipping me")): Object: 'Object Repository/OCS_CRITICAL PATH/Checkout-shipping method/Page_Ontario Cannabis Store - Infor/button_Continue to shipping me' is clicked on

2019-05-09 15:10:07 - [MESSAGE][PASSED] - Object: 'Object Repository/OCS_CRITICAL PATH/Checkout-shipping method/Page_Ontario Cannabis Store - Infor/button_Continue to shipping me' is clicked on

2019-05-09 15:10:07 - [TEST_STEP][PASSED] - delay(2): Delayed 2 second(s)

2019-05-09 15:10:09 - [MESSAGE][PASSED] - Delayed 2 second(s)

2019-05-09 15:10:09 - [TEST_STEP][PASSED] - click(findTestObject("OCS_CRITICAL PATH/Checkout-shipping method/Page_Ontario Cannabis Store - Shipp/span_Change")): Object: 'Object Repository/OCS_CRITICAL PATH/Checkout-shipping method/Page_Ontario Cannabis Store - Shipp/span_Change' is clicked on

2019-05-09 15:10:12 - [MESSAGE][PASSED] - Object: 'Object Repository/OCS_CRITICAL PATH/Checkout-shipping method/Page_Ontario Cannabis Store - Shipp/span_Change' is clicked on

2019-05-09 15:10:12 - [TEST_STEP][PASSED] - delay(2): Delayed 2 second(s)

2019-05-09 15:10:14 - [MESSAGE][PASSED] - Delayed 2 second(s)

2019-05-09 15:10:14 - [TEST_STEP][PASSED] - click(findTestObject("OCS_CRITICAL PATH/Checkout-shipping method/Page_Ontario Cannabis Store - Infor/button_Continue to shipping me")): Object: 'Object Repository/OCS_CRITICAL PATH/Checkout-shipping method/Page_Ontario Cannabis Store - Infor/button_Continue to shipping me' is clicked on

2019-05-09 15:10:17 - [MESSAGE][PASSED] - Object: 'Object Repository/OCS_CRITICAL PATH/Checkout-shipping method/Page_Ontario Cannabis Store - Infor/button_Continue to shipping me' is clicked on

2019-05-09 15:10:17 - [TEST_STEP][PASSED] - click(findTestObject("OCS_CRITICAL PATH/Checkout-shipping method/Page_Ontario Cannabis Store - Shipp/span_Return to customer inform")): Object: 'Object Repository/OCS_CRITICAL PATH/Checkout-shipping method/Page_Ontario Cannabis Store - Shipp/span_Return to customer inform' is clicked on

2019-05-09 15:10:19 - [MESSAGE][PASSED] - Object: 'Object Repository/OCS_CRITICAL PATH/Checkout-shipping method/Page_Ontario Cannabis Store - Shipp/span_Return to customer inform' is clicked on

2019-05-09 15:10:19 - [TEST_STEP][PASSED] - click(findTestObject("OCS_CRITICAL PATH/Checkout-shipping method/Page_Ontario Cannabis Store - Infor/button_Continue to shipping me")): Object: 'Object Repository/OCS_CRITICAL PATH/Checkout-shipping method/Page_Ontario Cannabis Store - Infor/button_Continue to shipping me' is clicked on

2019-05-09 15:10:22 - [MESSAGE][PASSED] - Object: 'Object Repository/OCS_CRITICAL PATH/Checkout-shipping method/Page_Ontario Cannabis Store - Infor/button_Continue to shipping me' is clicked on

2019-05-09 15:10:22 - [TEST_STEP][PASSED] - click(findTestObject("OCS_CRITICAL PATH/Checkout-shipping method/Page_Ontario Cannabis Store - Shipp/button_Continue to payment met")): Object: 'Object Repository/OCS_CRITICAL PATH/Checkout-shipping method/Page_Ontario Cannabis Store - Shipp/button_Continue to payment met' is clicked on

2019-05-09 15:10:25 - [MESSAGE][PASSED] - Object: 'Object Repository/OCS_CRITICAL PATH/Checkout-shipping method/Page_Ontario Cannabis Store - Shipp/button_Continue to payment met' is clicked on

2019-05-09 15:10:25 - [TEST_STEP][PASSED] - r = getWindowTitle(): Current window's title is: 'Ontario Cannabis Store - Payment - Ontario Cannabis Store - Checkout'

2019-05-09 15:10:25 - [MESSAGE][PASSED] - Current window's title is: 'Ontario Cannabis Store - Payment - Ontario Cannabis Store - Checkout'

2019-05-09 15:10:25 - [TEST_STEP][PASSED] - comment(r): Ontario Cannabis Store - Payment - Ontario Cannabis Store - Checkout

2019-05-09 15:10:25 - [MESSAGE][INFO] - Ontario Cannabis Store - Payment - Ontario Cannabis Store - Checkout

2019-05-09 15:10:25 - [TEST_STEP][PASSED] - assert getWindowTitle() == r: Current window's title is: 'Ontario Cannabis Store - Payment - Ontario Cannabis Store - Checkout'

2019-05-09 15:10:25 - [MESSAGE][PASSED] - Current window's title is: 'Ontario Cannabis Store - Payment - Ontario Cannabis Store - Checkout'

2019-05-09 15:10:25 - [TEST_STEP][PASSED] - comment(" navigation is on the right page "):  navigation is on the right page 

2019-05-09 15:10:25 - [MESSAGE][INFO] -  navigation is on the right page]]></system-out>
         <system-err><![CDATA[]]></system-err>
      </testcase>
      <testcase name="Test Cases/OCS- CRITICAL PATH/Miscellaneous" classname="Test Cases/OCS- CRITICAL PATH/Miscellaneous" status="FAILED">
         <failure type="FAILED" message="Test Cases/OCS- CRITICAL PATH/Miscellaneous FAILED.
Reason:
com.kms.katalon.core.exception.StepFailedException: Unable to click on object 'Object Repository/miscellaneous_OR/Page_Ontario Cannabis Store  Ontari/i_Hoss Glass_icon--forward sli' (Root cause: com.kms.katalon.core.webui.exception.WebElementNotFoundException: Web element with id: 'Object Repository/miscellaneous_OR/Page_Ontario Cannabis Store  Ontari/i_Hoss Glass_icon--forward sli' located by 'By.xpath: //div[@id='shopify-section-1549488936323']/section/div/div/i[2]' not found)
	at com.kms.katalon.core.keyword.internal.KeywordMain.stepFailed(KeywordMain.groovy:36)
	at com.kms.katalon.core.webui.keyword.internal.WebUIKeywordMain.stepFailed(WebUIKeywordMain.groovy:65)
	at com.kms.katalon.core.webui.keyword.internal.WebUIKeywordMain.runKeyword(WebUIKeywordMain.groovy:27)
	at com.kms.katalon.core.webui.keyword.builtin.ClickKeyword.click(ClickKeyword.groovy:86)
	at com.kms.katalon.core.webui.keyword.builtin.ClickKeyword.execute(ClickKeyword.groovy:67)
	at com.kms.katalon.core.keyword.internal.KeywordExecutor.executeKeywordForPlatform(KeywordExecutor.groovy:53)
	at com.kms.katalon.core.webui.keyword.WebUiBuiltInKeywords.click(WebUiBuiltInKeywords.groovy:616)
	at com.kms.katalon.core.webui.keyword.WebUiBuiltInKeywords$click$1.call(Unknown Source)
	at Miscellaneous.run(Miscellaneous:41)
	at com.kms.katalon.core.main.ScriptEngine.run(ScriptEngine.java:194)
	at com.kms.katalon.core.main.ScriptEngine.runScriptAsRawText(ScriptEngine.java:119)
	at com.kms.katalon.core.main.TestCaseExecutor.runScript(TestCaseExecutor.java:328)
	at com.kms.katalon.core.main.TestCaseExecutor.doExecute(TestCaseExecutor.java:319)
	at com.kms.katalon.core.main.TestCaseExecutor.processExecutionPhase(TestCaseExecutor.java:298)
	at com.kms.katalon.core.main.TestCaseExecutor.accessMainPhase(TestCaseExecutor.java:290)
	at com.kms.katalon.core.main.TestCaseExecutor.execute(TestCaseExecutor.java:224)
	at com.kms.katalon.core.main.TestSuiteExecutor.accessTestCaseMainPhase(TestSuiteExecutor.java:129)
	at com.kms.katalon.core.main.TestSuiteExecutor.accessTestSuiteMainPhase(TestSuiteExecutor.java:112)
	at com.kms.katalon.core.main.TestSuiteExecutor.execute(TestSuiteExecutor.java:81)
	at com.kms.katalon.core.main.TestCaseMain.startTestSuite(TestCaseMain.java:149)
	at com.kms.katalon.core.main.TestCaseMain$startTestSuite$0.call(Unknown Source)
	at TempTestSuite1557427838424.run(TempTestSuite1557427838424.groovy:36)
"/>
         <system-out><![CDATA[2019-05-09 15:10:25 - [TEST_CASE][FAILED] - Test Cases/OCS- CRITICAL PATH/Miscellaneous: Test Cases/OCS- CRITICAL PATH/Miscellaneous FAILED.
Reason:
com.kms.katalon.core.exception.StepFailedException: Unable to click on object 'Object Repository/miscellaneous_OR/Page_Ontario Cannabis Store  Ontari/i_Hoss Glass_icon--forward sli' (Root cause: com.kms.katalon.core.webui.exception.WebElementNotFoundException: Web element with id: 'Object Repository/miscellaneous_OR/Page_Ontario Cannabis Store  Ontari/i_Hoss Glass_icon--forward sli' located by 'By.xpath: //div[@id='shopify-section-1549488936323']/section/div/div/i[2]' not found)
	at com.kms.katalon.core.keyword.internal.KeywordMain.stepFailed(KeywordMain.groovy:36)
	at com.kms.katalon.core.webui.keyword.internal.WebUIKeywordMain.stepFailed(WebUIKeywordMain.groovy:65)
	at com.kms.katalon.core.webui.keyword.internal.WebUIKeywordMain.runKeyword(WebUIKeywordMain.groovy:27)
	at com.kms.katalon.core.webui.keyword.builtin.ClickKeyword.click(ClickKeyword.groovy:86)
	at com.kms.katalon.core.webui.keyword.builtin.ClickKeyword.execute(ClickKeyword.groovy:67)
	at com.kms.katalon.core.keyword.internal.KeywordExecutor.executeKeywordForPlatform(KeywordExecutor.groovy:53)
	at com.kms.katalon.core.webui.keyword.WebUiBuiltInKeywords.click(WebUiBuiltInKeywords.groovy:616)
	at com.kms.katalon.core.webui.keyword.WebUiBuiltInKeywords$click$1.call(Unknown Source)
	at Miscellaneous.run(Miscellaneous:41)
	at com.kms.katalon.core.main.ScriptEngine.run(ScriptEngine.java:194)
	at com.kms.katalon.core.main.ScriptEngine.runScriptAsRawText(ScriptEngine.java:119)
	at com.kms.katalon.core.main.TestCaseExecutor.runScript(TestCaseExecutor.java:328)
	at com.kms.katalon.core.main.TestCaseExecutor.doExecute(TestCaseExecutor.java:319)
	at com.kms.katalon.core.main.TestCaseExecutor.processExecutionPhase(TestCaseExecutor.java:298)
	at com.kms.katalon.core.main.TestCaseExecutor.accessMainPhase(TestCaseExecutor.java:290)
	at com.kms.katalon.core.main.TestCaseExecutor.execute(TestCaseExecutor.java:224)
	at com.kms.katalon.core.main.TestSuiteExecutor.accessTestCaseMainPhase(TestSuiteExecutor.java:129)
	at com.kms.katalon.core.main.TestSuiteExecutor.accessTestSuiteMainPhase(TestSuiteExecutor.java:112)
	at com.kms.katalon.core.main.TestSuiteExecutor.execute(TestSuiteExecutor.java:81)
	at com.kms.katalon.core.main.TestCaseMain.startTestSuite(TestCaseMain.java:149)
	at com.kms.katalon.core.main.TestCaseMain$startTestSuite$0.call(Unknown Source)
	at TempTestSuite1557427838424.run(TempTestSuite1557427838424.groovy:36)


2019-05-09 15:10:25 - [TEST_STEP][PASSED] - openBrowser(""): Browser is opened with url: ''

2019-05-09 15:10:25 - [MESSAGE][WARNING] - A browser is already opened. Closing browser and opening a new one

2019-05-09 15:10:27 - [MESSAGE][INFO] - Starting 'Remote' driver

2019-05-09 15:10:27 - [MESSAGE][INFO] - User set preference: ['os', 'windows']

2019-05-09 15:10:27 - [MESSAGE][INFO] - User set preference: ['os_version', '10']

2019-05-09 15:10:27 - [MESSAGE][INFO] - User set preference: ['browser', 'Firefox']

2019-05-09 15:10:27 - [MESSAGE][INFO] - User set preference: ['browser_version', '65']

2019-05-09 15:10:27 - [MESSAGE][INFO] - User set preference: ['resolution', '1280x800']

2019-05-09 15:10:27 - [MESSAGE][INFO] - Connecting to remote web server 'https://dianatest3:Z3oqw9ysqTeRQJq5wFCp@hub-cloud.browserstack.com/wd/hub' with type 'Selenium'

2019-05-09 15:10:36 - [MESSAGE][PASSED] - Browser is opened with url: ''

2019-05-09 15:10:36 - [TEST_STEP][PASSED] - navigateToUrl("https://ocs.ca/?fts=0&preview_theme_id=53373863756"): Navigate to 'https://ocs.ca/?fts=0&preview_theme_id=53373863756' successfully

2019-05-09 15:10:43 - [MESSAGE][PASSED] - Navigate to 'https://ocs.ca/?fts=0&preview_theme_id=53373863756' successfully

2019-05-09 15:10:43 - [TEST_STEP][PASSED] - click(findTestObject("Object Repository/Theme_oR/Page_Ontario Cannabis Store  Ontari/button_Close preview")): Object: 'Object Repository/Theme_oR/Page_Ontario Cannabis Store  Ontari/button_Close preview' is clicked on

2019-05-09 15:10:45 - [MESSAGE][PASSED] - Object: 'Object Repository/Theme_oR/Page_Ontario Cannabis Store  Ontari/button_Close preview' is clicked on

2019-05-09 15:10:46 - [TEST_STEP][PASSED] - selectOptionByValue(findTestObject("Object Repository/miscellaneous_OR/Page_Ontario Cannabis Store  Ontari/select_Select01020304050607080"), "17", true): All options with value '17' are selected in object 'Object Repository/miscellaneous_OR/Page_Ontario Cannabis Store  Ontari/select_Select01020304050607080'  using regular expression

2019-05-09 15:10:53 - [MESSAGE][PASSED] - All options with value '17' are selected in object 'Object Repository/miscellaneous_OR/Page_Ontario Cannabis Store  Ontari/select_Select01020304050607080'  using regular expression

2019-05-09 15:10:53 - [TEST_STEP][PASSED] - selectOptionByValue(findTestObject("Object Repository/miscellaneous_OR/Page_Ontario Cannabis Store  Ontari/select_SelectJanuary - 01Febru"), "9", true): All options with value '9' are selected in object 'Object Repository/miscellaneous_OR/Page_Ontario Cannabis Store  Ontari/select_SelectJanuary - 01Febru'  using regular expression

2019-05-09 15:10:56 - [MESSAGE][PASSED] - All options with value '9' are selected in object 'Object Repository/miscellaneous_OR/Page_Ontario Cannabis Store  Ontari/select_SelectJanuary - 01Febru'  using regular expression

2019-05-09 15:10:56 - [TEST_STEP][PASSED] - selectOptionByValue(findTestObject("Object Repository/miscellaneous_OR/Page_Ontario Cannabis Store  Ontari/select_Select20182017201620152"), "1949", true): All options with value '1949' are selected in object 'Object Repository/miscellaneous_OR/Page_Ontario Cannabis Store  Ontari/select_Select20182017201620152'  using regular expression

2019-05-09 15:11:20 - [MESSAGE][PASSED] - All options with value '1949' are selected in object 'Object Repository/miscellaneous_OR/Page_Ontario Cannabis Store  Ontari/select_Select20182017201620152'  using regular expression

2019-05-09 15:11:20 - [TEST_STEP][PASSED] - click(findTestObject("Object Repository/miscellaneous_OR/Page_Ontario Cannabis Store  Ontari/button_Verify")): Object: 'Object Repository/miscellaneous_OR/Page_Ontario Cannabis Store  Ontari/button_Verify' is clicked on

2019-05-09 15:11:20 - [MESSAGE][PASSED] - Object: 'Object Repository/miscellaneous_OR/Page_Ontario Cannabis Store  Ontari/button_Verify' is clicked on

2019-05-09 15:11:20 - [TEST_STEP][PASSED] - click(findTestObject("Object Repository/miscellaneous_OR/Page_Ontario Cannabis Store  Ontari/span_CONFIRM AND ACKNOWLEDGE_c")): Object: 'Object Repository/miscellaneous_OR/Page_Ontario Cannabis Store  Ontari/span_CONFIRM AND ACKNOWLEDGE_c' is clicked on

2019-05-09 15:11:21 - [MESSAGE][PASSED] - Object: 'Object Repository/miscellaneous_OR/Page_Ontario Cannabis Store  Ontari/span_CONFIRM AND ACKNOWLEDGE_c' is clicked on

2019-05-09 15:11:21 - [TEST_STEP][PASSED] - click(findTestObject("Object Repository/miscellaneous_OR/Page_Ontario Cannabis Store  Ontari/button_CONFIRM")): Object: 'Object Repository/miscellaneous_OR/Page_Ontario Cannabis Store  Ontari/button_CONFIRM' is clicked on

2019-05-09 15:11:21 - [MESSAGE][PASSED] - Object: 'Object Repository/miscellaneous_OR/Page_Ontario Cannabis Store  Ontari/button_CONFIRM' is clicked on

2019-05-09 15:11:21 - [TEST_STEP][PASSED] - click(findTestObject("Object Repository/miscellaneous_OR/Page_Ontario Cannabis Store  Ontari/button_Start Browsing")): Object: 'Object Repository/miscellaneous_OR/Page_Ontario Cannabis Store  Ontari/button_Start Browsing' is clicked on

2019-05-09 15:11:22 - [MESSAGE][PASSED] - Object: 'Object Repository/miscellaneous_OR/Page_Ontario Cannabis Store  Ontari/button_Start Browsing' is clicked on

2019-05-09 15:11:22 - [TEST_STEP][NOT_RUN] - click(findTestObject("Object Repository/miscellaneous_OR/Page_Ontario Cannabis Store  Ontari/span_Indica Dominant")): NOT_RUN: click(findTestObject("Object Repository/miscellaneous_OR/Page_Ontario Cannabis Store  Ontari/span_Indica Dominant"))

2019-05-09 15:11:22 - [MESSAGE][NOT_RUN] - NOT_RUN: click(findTestObject("Object Repository/miscellaneous_OR/Page_Ontario Cannabis Store  Ontari/span_Indica Dominant"))

2019-05-09 15:11:22 - [TEST_STEP][FAILED] - click(findTestObject("Object Repository/miscellaneous_OR/Page_Ontario Cannabis Store  Ontari/i_Hoss Glass_icon--forward sli")): click(findTestObject("Object Repository/miscellaneous_OR/Page_Ontario Cannabis Store  Ontari/i_Hoss Glass_icon--forward sli")) FAILED.
Reason:
com.kms.katalon.core.exception.StepFailedException: Unable to click on object 'Object Repository/miscellaneous_OR/Page_Ontario Cannabis Store  Ontari/i_Hoss Glass_icon--forward sli' (Root cause: com.kms.katalon.core.webui.exception.WebElementNotFoundException: Web element with id: 'Object Repository/miscellaneous_OR/Page_Ontario Cannabis Store  Ontari/i_Hoss Glass_icon--forward sli' located by 'By.xpath: //div[@id='shopify-section-1549488936323']/section/div/div/i[2]' not found)
	at com.kms.katalon.core.keyword.internal.KeywordMain.stepFailed(KeywordMain.groovy:36)
	at com.kms.katalon.core.webui.keyword.internal.WebUIKeywordMain.stepFailed(WebUIKeywordMain.groovy:65)
	at com.kms.katalon.core.webui.keyword.internal.WebUIKeywordMain.runKeyword(WebUIKeywordMain.groovy:27)
	at com.kms.katalon.core.webui.keyword.builtin.ClickKeyword.click(ClickKeyword.groovy:86)
	at com.kms.katalon.core.webui.keyword.builtin.ClickKeyword.execute(ClickKeyword.groovy:67)
	at com.kms.katalon.core.keyword.internal.KeywordExecutor.executeKeywordForPlatform(KeywordExecutor.groovy:53)
	at com.kms.katalon.core.webui.keyword.WebUiBuiltInKeywords.click(WebUiBuiltInKeywords.groovy:616)
	at com.kms.katalon.core.webui.keyword.WebUiBuiltInKeywords$click$1.call(Unknown Source)
	at Miscellaneous.run(Miscellaneous:41)
	at com.kms.katalon.core.main.ScriptEngine.run(ScriptEngine.java:194)
	at com.kms.katalon.core.main.ScriptEngine.runScriptAsRawText(ScriptEngine.java:119)
	at com.kms.katalon.core.main.TestCaseExecutor.runScript(TestCaseExecutor.java:328)
	at com.kms.katalon.core.main.TestCaseExecutor.doExecute(TestCaseExecutor.java:319)
	at com.kms.katalon.core.main.TestCaseExecutor.processExecutionPhase(TestCaseExecutor.java:298)
	at com.kms.katalon.core.main.TestCaseExecutor.accessMainPhase(TestCaseExecutor.java:290)
	at com.kms.katalon.core.main.TestCaseExecutor.execute(TestCaseExecutor.java:224)
	at com.kms.katalon.core.main.TestSuiteExecutor.accessTestCaseMainPhase(TestSuiteExecutor.java:129)
	at com.kms.katalon.core.main.TestSuiteExecutor.accessTestSuiteMainPhase(TestSuiteExecutor.java:112)
	at com.kms.katalon.core.main.TestSuiteExecutor.execute(TestSuiteExecutor.java:81)
	at com.kms.katalon.core.main.TestCaseMain.startTestSuite(TestCaseMain.java:149)
	at com.kms.katalon.core.main.TestCaseMain$startTestSuite$0.call(Unknown Source)
	at TempTestSuite1557427838424.run(TempTestSuite1557427838424.groovy:36)


2019-05-09 15:11:59 - [MESSAGE][INFO] - Unable to find the element located by 'By.xpath: //div[@id='shopify-section-1549488936323']/section/div/div/i[2]'. Please recheck the objects properties to make sure the desired element is located. 

2019-05-09 15:12:02 - [MESSAGE][FAILED] - Unable to click on object 'Object Repository/miscellaneous_OR/Page_Ontario Cannabis Store  Ontari/i_Hoss Glass_icon--forward sli' (Root cause: com.kms.katalon.core.webui.exception.WebElementNotFoundException: Web element with id: 'Object Repository/miscellaneous_OR/Page_Ontario Cannabis Store  Ontari/i_Hoss Glass_icon--forward sli' located by 'By.xpath: //div[@id='shopify-section-1549488936323']/section/div/div/i[2]' not found)
[[ATTACHMENT|/Users/sumankompelly/git/Sample-OCS/Reports/OCS-09-05-2019 - Theme2/CRITICAL PATH - 09-05-2019/20190509_145038/1557429119823.png]]

2019-05-09 15:12:02 - [MESSAGE][FAILED] - click(findTestObject("Object Repository/miscellaneous_OR/Page_Ontario Cannabis Store  Ontari/i_Hoss Glass_icon--forward sli")) FAILED.
Reason:
com.kms.katalon.core.exception.StepFailedException: Unable to click on object 'Object Repository/miscellaneous_OR/Page_Ontario Cannabis Store  Ontari/i_Hoss Glass_icon--forward sli' (Root cause: com.kms.katalon.core.webui.exception.WebElementNotFoundException: Web element with id: 'Object Repository/miscellaneous_OR/Page_Ontario Cannabis Store  Ontari/i_Hoss Glass_icon--forward sli' located by 'By.xpath: //div[@id='shopify-section-1549488936323']/section/div/div/i[2]' not found)
	at com.kms.katalon.core.keyword.internal.KeywordMain.stepFailed(KeywordMain.groovy:36)
	at com.kms.katalon.core.webui.keyword.internal.WebUIKeywordMain.stepFailed(WebUIKeywordMain.groovy:65)
	at com.kms.katalon.core.webui.keyword.internal.WebUIKeywordMain.runKeyword(WebUIKeywordMain.groovy:27)
	at com.kms.katalon.core.webui.keyword.builtin.ClickKeyword.click(ClickKeyword.groovy:86)
	at com.kms.katalon.core.webui.keyword.builtin.ClickKeyword.execute(ClickKeyword.groovy:67)
	at com.kms.katalon.core.keyword.internal.KeywordExecutor.executeKeywordForPlatform(KeywordExecutor.groovy:53)
	at com.kms.katalon.core.webui.keyword.WebUiBuiltInKeywords.click(WebUiBuiltInKeywords.groovy:616)
	at com.kms.katalon.core.webui.keyword.WebUiBuiltInKeywords$click$1.call(Unknown Source)
	at Miscellaneous.run(Miscellaneous:41)
	at com.kms.katalon.core.main.ScriptEngine.run(ScriptEngine.java:194)
	at com.kms.katalon.core.main.ScriptEngine.runScriptAsRawText(ScriptEngine.java:119)
	at com.kms.katalon.core.main.TestCaseExecutor.runScript(TestCaseExecutor.java:328)
	at com.kms.katalon.core.main.TestCaseExecutor.doExecute(TestCaseExecutor.java:319)
	at com.kms.katalon.core.main.TestCaseExecutor.processExecutionPhase(TestCaseExecutor.java:298)
	at com.kms.katalon.core.main.TestCaseExecutor.accessMainPhase(TestCaseExecutor.java:290)
	at com.kms.katalon.core.main.TestCaseExecutor.execute(TestCaseExecutor.java:224)
	at com.kms.katalon.core.main.TestSuiteExecutor.accessTestCaseMainPhase(TestSuiteExecutor.java:129)
	at com.kms.katalon.core.main.TestSuiteExecutor.accessTestSuiteMainPhase(TestSuiteExecutor.java:112)
	at com.kms.katalon.core.main.TestSuiteExecutor.execute(TestSuiteExecutor.java:81)
	at com.kms.katalon.core.main.TestCaseMain.startTestSuite(TestCaseMain.java:149)
	at com.kms.katalon.core.main.TestCaseMain$startTestSuite$0.call(Unknown Source)
	at TempTestSuite1557427838424.run(TempTestSuite1557427838424.groovy:36)]]></system-out>
         <system-err><![CDATA[2019-05-09 15:10:25 - [TEST_CASE][FAILED] - Test Cases/OCS- CRITICAL PATH/Miscellaneous: Test Cases/OCS- CRITICAL PATH/Miscellaneous FAILED.
Reason:
com.kms.katalon.core.exception.StepFailedException: Unable to click on object 'Object Repository/miscellaneous_OR/Page_Ontario Cannabis Store  Ontari/i_Hoss Glass_icon--forward sli' (Root cause: com.kms.katalon.core.webui.exception.WebElementNotFoundException: Web element with id: 'Object Repository/miscellaneous_OR/Page_Ontario Cannabis Store  Ontari/i_Hoss Glass_icon--forward sli' located by 'By.xpath: //div[@id='shopify-section-1549488936323']/section/div/div/i[2]' not found)
	at com.kms.katalon.core.keyword.internal.KeywordMain.stepFailed(KeywordMain.groovy:36)
	at com.kms.katalon.core.webui.keyword.internal.WebUIKeywordMain.stepFailed(WebUIKeywordMain.groovy:65)
	at com.kms.katalon.core.webui.keyword.internal.WebUIKeywordMain.runKeyword(WebUIKeywordMain.groovy:27)
	at com.kms.katalon.core.webui.keyword.builtin.ClickKeyword.click(ClickKeyword.groovy:86)
	at com.kms.katalon.core.webui.keyword.builtin.ClickKeyword.execute(ClickKeyword.groovy:67)
	at com.kms.katalon.core.keyword.internal.KeywordExecutor.executeKeywordForPlatform(KeywordExecutor.groovy:53)
	at com.kms.katalon.core.webui.keyword.WebUiBuiltInKeywords.click(WebUiBuiltInKeywords.groovy:616)
	at com.kms.katalon.core.webui.keyword.WebUiBuiltInKeywords$click$1.call(Unknown Source)
	at Miscellaneous.run(Miscellaneous:41)
	at com.kms.katalon.core.main.ScriptEngine.run(ScriptEngine.java:194)
	at com.kms.katalon.core.main.ScriptEngine.runScriptAsRawText(ScriptEngine.java:119)
	at com.kms.katalon.core.main.TestCaseExecutor.runScript(TestCaseExecutor.java:328)
	at com.kms.katalon.core.main.TestCaseExecutor.doExecute(TestCaseExecutor.java:319)
	at com.kms.katalon.core.main.TestCaseExecutor.processExecutionPhase(TestCaseExecutor.java:298)
	at com.kms.katalon.core.main.TestCaseExecutor.accessMainPhase(TestCaseExecutor.java:290)
	at com.kms.katalon.core.main.TestCaseExecutor.execute(TestCaseExecutor.java:224)
	at com.kms.katalon.core.main.TestSuiteExecutor.accessTestCaseMainPhase(TestSuiteExecutor.java:129)
	at com.kms.katalon.core.main.TestSuiteExecutor.accessTestSuiteMainPhase(TestSuiteExecutor.java:112)
	at com.kms.katalon.core.main.TestSuiteExecutor.execute(TestSuiteExecutor.java:81)
	at com.kms.katalon.core.main.TestCaseMain.startTestSuite(TestCaseMain.java:149)
	at com.kms.katalon.core.main.TestCaseMain$startTestSuite$0.call(Unknown Source)
	at TempTestSuite1557427838424.run(TempTestSuite1557427838424.groovy:36)]]></system-err>
      </testcase>
      <system-out><![CDATA[2019-05-09 14:50:40 - [TEST_SUITE][FAILED] - CRITICAL PATH - 09-05-2019: Test Cases/OCS- CRITICAL PATH/Cart flyout- decrease qty FAILED.
Reason:
com.kms.katalon.core.exception.StepFailedException: Unable to set text '5' of object 'Object Repository/OCS_CRITICAL PATH/Cartflyout-decrease qty _OR/Page_Shishkaberry  Ontario Cannabis/input_-_updates' (Root cause: org.openqa.selenium.StaleElementReferenceException: The element reference of <input id="" class="" name="updates[]" type="number"> is stale; either the element is no longer attached to the DOM, it is not in the current frame context, or the document has been refreshed
For documentation on this error, please visit: http://seleniumhq.org/exceptions/stale_element_reference.html
Build info: version: '3.7.1', revision: '8a0099a', time: '2017-11-06T21:07:36.161Z'
System info: host: 'sumans-MacBook-Pro.local', ip: 'fe80:0:0:0:10eb:5cc2:8353:8144%en0', os.name: 'Mac OS X', os.arch: 'x86_64', os.version: '10.13.6', java.version: '1.8.0_181'
Driver info: com.kms.katalon.selenium.driver.CRemoteWebDriver
Capabilities {acceptInsecureCerts: false, browserName: firefox, browserVersion: 65.0, capabilities: {desiredCapabilities: {browserName: firefox, browserVersion: 65.0}}, javascriptEnabled: true, moz:accessibilityChecks: false, moz:headless: false, moz:processID: 4344, moz:profile: C:\Windows\proxy\rust_mozpr..., moz:shutdownTimeout: 60000, moz:useNonSpecCompliantPointerOrigin: false, moz:webdriverClick: true, pageLoadStrategy: normal, platform: WINDOWS, platformName: WINDOWS, platformVersion: 10.0, rotatable: false, setWindowRect: true, strictFileInteractability: false, timeouts: {implicit: 0, pageLoad: 300000, script: 30000}, unhandledPromptBehavior: dismiss and notify, webdriver.remote.sessionid: d1da6561e00e750a1d06735e195...}
Session ID: d1da6561e00e750a1d06735e19551fd86e6b70bf)
	at com.kms.katalon.core.keyword.internal.KeywordMain.stepFailed(KeywordMain.groovy:36)
	at com.kms.katalon.core.webui.keyword.internal.WebUIKeywordMain.stepFailed(WebUIKeywordMain.groovy:65)
	at com.kms.katalon.core.webui.keyword.internal.WebUIKeywordMain.runKeyword(WebUIKeywordMain.groovy:27)
	at com.kms.katalon.core.webui.keyword.builtin.SetTextKeyword.setText(SetTextKeyword.groovy:65)
	at com.kms.katalon.core.webui.keyword.builtin.SetTextKeyword.execute(SetTextKeyword.groovy:37)
	at com.kms.katalon.core.keyword.internal.KeywordExecutor.executeKeywordForPlatform(KeywordExecutor.groovy:53)
	at com.kms.katalon.core.webui.keyword.WebUiBuiltInKeywords.setText(WebUiBuiltInKeywords.groovy:950)
	at com.kms.katalon.core.webui.keyword.WebUiBuiltInKeywords$setText$6.call(Unknown Source)
	at Cart flyout- decrease qty.run(Cart flyout- decrease qty:77)
	at com.kms.katalon.core.main.ScriptEngine.run(ScriptEngine.java:194)
	at com.kms.katalon.core.main.ScriptEngine.runScriptAsRawText(ScriptEngine.java:119)
	at com.kms.katalon.core.main.TestCaseExecutor.runScript(TestCaseExecutor.java:328)
	at com.kms.katalon.core.main.TestCaseExecutor.doExecute(TestCaseExecutor.java:319)
	at com.kms.katalon.core.main.TestCaseExecutor.processExecutionPhase(TestCaseExecutor.java:298)
	at com.kms.katalon.core.main.TestCaseExecutor.accessMainPhase(TestCaseExecutor.java:290)
	at com.kms.katalon.core.main.TestCaseExecutor.execute(TestCaseExecutor.java:224)
	at com.kms.katalon.core.main.TestSuiteExecutor.accessTestCaseMainPhase(TestSuiteExecutor.java:129)
	at com.kms.katalon.core.main.TestSuiteExecutor.accessTestSuiteMainPhase(TestSuiteExecutor.java:112)
	at com.kms.katalon.core.main.TestSuiteExecutor.execute(TestSuiteExecutor.java:81)
	at com.kms.katalon.core.main.TestCaseMain.startTestSuite(TestCaseMain.java:149)
	at com.kms.katalon.core.main.TestCaseMain$startTestSuite$0.call(Unknown Source)
	at TempTestSuite1557427838424.run(TempTestSuite1557427838424.groovy:36)]]></system-out>
      <system-err><![CDATA[2019-05-09 14:50:40 - [TEST_SUITE][FAILED] - CRITICAL PATH - 09-05-2019: Test Cases/OCS- CRITICAL PATH/Cart flyout- decrease qty FAILED.
Reason:
com.kms.katalon.core.exception.StepFailedException: Unable to set text '5' of object 'Object Repository/OCS_CRITICAL PATH/Cartflyout-decrease qty _OR/Page_Shishkaberry  Ontario Cannabis/input_-_updates' (Root cause: org.openqa.selenium.StaleElementReferenceException: The element reference of <input id="" class="" name="updates[]" type="number"> is stale; either the element is no longer attached to the DOM, it is not in the current frame context, or the document has been refreshed
For documentation on this error, please visit: http://seleniumhq.org/exceptions/stale_element_reference.html
Build info: version: '3.7.1', revision: '8a0099a', time: '2017-11-06T21:07:36.161Z'
System info: host: 'sumans-MacBook-Pro.local', ip: 'fe80:0:0:0:10eb:5cc2:8353:8144%en0', os.name: 'Mac OS X', os.arch: 'x86_64', os.version: '10.13.6', java.version: '1.8.0_181'
Driver info: com.kms.katalon.selenium.driver.CRemoteWebDriver
Capabilities {acceptInsecureCerts: false, browserName: firefox, browserVersion: 65.0, capabilities: {desiredCapabilities: {browserName: firefox, browserVersion: 65.0}}, javascriptEnabled: true, moz:accessibilityChecks: false, moz:headless: false, moz:processID: 4344, moz:profile: C:\Windows\proxy\rust_mozpr..., moz:shutdownTimeout: 60000, moz:useNonSpecCompliantPointerOrigin: false, moz:webdriverClick: true, pageLoadStrategy: normal, platform: WINDOWS, platformName: WINDOWS, platformVersion: 10.0, rotatable: false, setWindowRect: true, strictFileInteractability: false, timeouts: {implicit: 0, pageLoad: 300000, script: 30000}, unhandledPromptBehavior: dismiss and notify, webdriver.remote.sessionid: d1da6561e00e750a1d06735e195...}
Session ID: d1da6561e00e750a1d06735e19551fd86e6b70bf)
	at com.kms.katalon.core.keyword.internal.KeywordMain.stepFailed(KeywordMain.groovy:36)
	at com.kms.katalon.core.webui.keyword.internal.WebUIKeywordMain.stepFailed(WebUIKeywordMain.groovy:65)
	at com.kms.katalon.core.webui.keyword.internal.WebUIKeywordMain.runKeyword(WebUIKeywordMain.groovy:27)
	at com.kms.katalon.core.webui.keyword.builtin.SetTextKeyword.setText(SetTextKeyword.groovy:65)
	at com.kms.katalon.core.webui.keyword.builtin.SetTextKeyword.execute(SetTextKeyword.groovy:37)
	at com.kms.katalon.core.keyword.internal.KeywordExecutor.executeKeywordForPlatform(KeywordExecutor.groovy:53)
	at com.kms.katalon.core.webui.keyword.WebUiBuiltInKeywords.setText(WebUiBuiltInKeywords.groovy:950)
	at com.kms.katalon.core.webui.keyword.WebUiBuiltInKeywords$setText$6.call(Unknown Source)
	at Cart flyout- decrease qty.run(Cart flyout- decrease qty:77)
	at com.kms.katalon.core.main.ScriptEngine.run(ScriptEngine.java:194)
	at com.kms.katalon.core.main.ScriptEngine.runScriptAsRawText(ScriptEngine.java:119)
	at com.kms.katalon.core.main.TestCaseExecutor.runScript(TestCaseExecutor.java:328)
	at com.kms.katalon.core.main.TestCaseExecutor.doExecute(TestCaseExecutor.java:319)
	at com.kms.katalon.core.main.TestCaseExecutor.processExecutionPhase(TestCaseExecutor.java:298)
	at com.kms.katalon.core.main.TestCaseExecutor.accessMainPhase(TestCaseExecutor.java:290)
	at com.kms.katalon.core.main.TestCaseExecutor.execute(TestCaseExecutor.java:224)
	at com.kms.katalon.core.main.TestSuiteExecutor.accessTestCaseMainPhase(TestSuiteExecutor.java:129)
	at com.kms.katalon.core.main.TestSuiteExecutor.accessTestSuiteMainPhase(TestSuiteExecutor.java:112)
	at com.kms.katalon.core.main.TestSuiteExecutor.execute(TestSuiteExecutor.java:81)
	at com.kms.katalon.core.main.TestCaseMain.startTestSuite(TestCaseMain.java:149)
	at com.kms.katalon.core.main.TestCaseMain$startTestSuite$0.call(Unknown Source)
	at TempTestSuite1557427838424.run(TempTestSuite1557427838424.groovy:36)]]></system-err>
   </testsuite>
</testsuites>
