<?xml version="1.0" encoding="UTF-8"?>
<testsuites name="HP, PROD , AG,COLL" time="1603" tests="15" failures="4" errors="0">
   <testsuite name="HP, PROD , AG,COLL" tests="15" failures="4" errors="0" time="1603" timestamp="2019-05-27 17:04:22" hostname="sumankompelly - 10.0.126.233" id="Test Suites/QA ( 1.9.1)/HP, PROD , AG,COLL">
      <properties>
         <property name="deviceName" value=""/>
         <property name="devicePlatform" value=""/>
         <property name="logFolder" value="/Users/sumankompelly/Katalon Studio/OCS ( QA- 1.9.1 ) /Reports/QA ( 1.9.1)/HP, PROD , AG,COLL/20190527_170420"/>
         <property name="logFiles" value="/Users/sumankompelly/Katalon Studio/OCS ( QA- 1.9.1 ) /Reports/QA ( 1.9.1)/HP, PROD , AG,COLL/20190527_170420/execution0.log"/>
         <property name="attachments" value="/Users/sumankompelly/Katalon Studio/OCS ( QA- 1.9.1 ) /Reports/QA ( 1.9.1)/HP, PROD , AG,COLL/20190527_170420/1558991165710.png, /Users/sumankompelly/Katalon Studio/OCS ( QA- 1.9.1 ) /Reports/QA ( 1.9.1)/HP, PROD , AG,COLL/20190527_170420/1558991190079.png, /Users/sumankompelly/Katalon Studio/OCS ( QA- 1.9.1 ) /Reports/QA ( 1.9.1)/HP, PROD , AG,COLL/20190527_170420/1558991228442.png, /Users/sumankompelly/Katalon Studio/OCS ( QA- 1.9.1 ) /Reports/QA ( 1.9.1)/HP, PROD , AG,COLL/20190527_170420/1558991259239.png, /Users/sumankompelly/Katalon Studio/OCS ( QA- 1.9.1 ) /Reports/QA ( 1.9.1)/HP, PROD , AG,COLL/20190527_170420/1558991259286.png, /Users/sumankompelly/Katalon Studio/OCS ( QA- 1.9.1 ) /Reports/QA ( 1.9.1)/HP, PROD , AG,COLL/20190527_170420/1558991290319.png, /Users/sumankompelly/Katalon Studio/OCS ( QA- 1.9.1 ) /Reports/QA ( 1.9.1)/HP, PROD , AG,COLL/20190527_170420/1558991292065.png, /Users/sumankompelly/Katalon Studio/OCS ( QA- 1.9.1 ) /Reports/QA ( 1.9.1)/HP, PROD , AG,COLL/20190527_170420/1558991323044.png, /Users/sumankompelly/Katalon Studio/OCS ( QA- 1.9.1 ) /Reports/QA ( 1.9.1)/HP, PROD , AG,COLL/20190527_170420/1558991325654.png, /Users/sumankompelly/Katalon Studio/OCS ( QA- 1.9.1 ) /Reports/QA ( 1.9.1)/HP, PROD , AG,COLL/20190527_170420/1558991325719.png, /Users/sumankompelly/Katalon Studio/OCS ( QA- 1.9.1 ) /Reports/QA ( 1.9.1)/HP, PROD , AG,COLL/20190527_170420/1558991443930.png, /Users/sumankompelly/Katalon Studio/OCS ( QA- 1.9.1 ) /Reports/QA ( 1.9.1)/HP, PROD , AG,COLL/20190527_170420/1558991672862.png, /Users/sumankompelly/Katalon Studio/OCS ( QA- 1.9.1 ) /Reports/QA ( 1.9.1)/HP, PROD , AG,COLL/20190527_170420/1558991675193.png, /Users/sumankompelly/Katalon Studio/OCS ( QA- 1.9.1 ) /Reports/QA ( 1.9.1)/HP, PROD , AG,COLL/20190527_170420/1558991677522.png, /Users/sumankompelly/Katalon Studio/OCS ( QA- 1.9.1 ) /Reports/QA ( 1.9.1)/HP, PROD , AG,COLL/20190527_170420/1558991679849.png, /Users/sumankompelly/Katalon Studio/OCS ( QA- 1.9.1 ) /Reports/QA ( 1.9.1)/HP, PROD , AG,COLL/20190527_170420/1558991683183.png, /Users/sumankompelly/Katalon Studio/OCS ( QA- 1.9.1 ) /Reports/QA ( 1.9.1)/HP, PROD , AG,COLL/20190527_170420/1558991686745.png, /Users/sumankompelly/Katalon Studio/OCS ( QA- 1.9.1 ) /Reports/QA ( 1.9.1)/HP, PROD , AG,COLL/20190527_170420/1558991690269.png, /Users/sumankompelly/Katalon Studio/OCS ( QA- 1.9.1 ) /Reports/QA ( 1.9.1)/HP, PROD , AG,COLL/20190527_170420/1558991693813.png, /Users/sumankompelly/Katalon Studio/OCS ( QA- 1.9.1 ) /Reports/QA ( 1.9.1)/HP, PROD , AG,COLL/20190527_170420/1558991697345.png, /Users/sumankompelly/Katalon Studio/OCS ( QA- 1.9.1 ) /Reports/QA ( 1.9.1)/HP, PROD , AG,COLL/20190527_170420/1558991783705.png, /Users/sumankompelly/Katalon Studio/OCS ( QA- 1.9.1 ) /Reports/QA ( 1.9.1)/HP, PROD , AG,COLL/20190527_170420/1558991790520.png, /Users/sumankompelly/Katalon Studio/OCS ( QA- 1.9.1 ) /Reports/QA ( 1.9.1)/HP, PROD , AG,COLL/20190527_170420/1558991796004.png, /Users/sumankompelly/Katalon Studio/OCS ( QA- 1.9.1 ) /Reports/QA ( 1.9.1)/HP, PROD , AG,COLL/20190527_170420/1558991802733.png, /Users/sumankompelly/Katalon Studio/OCS ( QA- 1.9.1 ) /Reports/QA ( 1.9.1)/HP, PROD , AG,COLL/20190527_170420/1558991808195.png, /Users/sumankompelly/Katalon Studio/OCS ( QA- 1.9.1 ) /Reports/QA ( 1.9.1)/HP, PROD , AG,COLL/20190527_170420/1558991814003.png, /Users/sumankompelly/Katalon Studio/OCS ( QA- 1.9.1 ) /Reports/QA ( 1.9.1)/HP, PROD , AG,COLL/20190527_170420/1558991821493.png, /Users/sumankompelly/Katalon Studio/OCS ( QA- 1.9.1 ) /Reports/QA ( 1.9.1)/HP, PROD , AG,COLL/20190527_170420/1558991827691.png, /Users/sumankompelly/Katalon Studio/OCS ( QA- 1.9.1 ) /Reports/QA ( 1.9.1)/HP, PROD , AG,COLL/20190527_170420/1558991909173.png, /Users/sumankompelly/Katalon Studio/OCS ( QA- 1.9.1 ) /Reports/QA ( 1.9.1)/HP, PROD , AG,COLL/20190527_170420/1558991956593.png, /Users/sumankompelly/Katalon Studio/OCS ( QA- 1.9.1 ) /Reports/QA ( 1.9.1)/HP, PROD , AG,COLL/20190527_170420/1558992056643.png, /Users/sumankompelly/Katalon Studio/OCS ( QA- 1.9.1 ) /Reports/QA ( 1.9.1)/HP, PROD , AG,COLL/20190527_170420/1558992058981.png, /Users/sumankompelly/Katalon Studio/OCS ( QA- 1.9.1 ) /Reports/QA ( 1.9.1)/HP, PROD , AG,COLL/20190527_170420/1558992090589.png, /Users/sumankompelly/Katalon Studio/OCS ( QA- 1.9.1 ) /Reports/QA ( 1.9.1)/HP, PROD , AG,COLL/20190527_170420/1558992090638.png, /Users/sumankompelly/Katalon Studio/OCS ( QA- 1.9.1 ) /Reports/QA ( 1.9.1)/HP, PROD , AG,COLL/20190527_170420/1558992298780.png, /Users/sumankompelly/Katalon Studio/OCS ( QA- 1.9.1 ) /Reports/QA ( 1.9.1)/HP, PROD , AG,COLL/20190527_170420/1558992320028.png, /Users/sumankompelly/Katalon Studio/OCS ( QA- 1.9.1 ) /Reports/QA ( 1.9.1)/HP, PROD , AG,COLL/20190527_170420/1558992327606.png, /Users/sumankompelly/Katalon Studio/OCS ( QA- 1.9.1 ) /Reports/QA ( 1.9.1)/HP, PROD , AG,COLL/20190527_170420/1558992339646.png, /Users/sumankompelly/Katalon Studio/OCS ( QA- 1.9.1 ) /Reports/QA ( 1.9.1)/HP, PROD , AG,COLL/20190527_170420/1558992348652.png"/>
         <property name="hostName" value="sumankompelly - 10.0.126.233"/>
         <property name="os" value="Mac OS X 64bit"/>
         <property name="katalonVersion" value="5.10.1.1"/>
         <property name="browser" value="Firefox 67.0"/>
         <property name="hostAddress" value="10.0.126.233"/>
         <property name="sessionId" value="ab4922a3-e5d8-764a-911a-f7735ea7b32f"/>
         <property name="seleniumVersion" value="3.7.1"/>
         <property name="proxyInformation" value="ProxyInformation{proxyOption=NO_PROXY, proxyServerType=HTTP, password=, proxyServerAddress=, proxyServerPort=0}"/>
         <property name="platform" value="Mac OS X"/>
      </properties>
      <testcase name="Test Cases/OCS - MOBILE/OCS-COLLECTION PAGE/Chevron dropdown" classname="Test Cases/OCS - MOBILE/OCS-COLLECTION PAGE/Chevron dropdown" status="PASSED">
         <system-out><![CDATA[2019-05-27 17:04:22 - [TEST_CASE][PASSED] - Test Cases/OCS - MOBILE/OCS-COLLECTION PAGE/Chevron dropdown: Test Cases/OCS - MOBILE/OCS-COLLECTION PAGE/Chevron dropdown

2019-05-27 17:04:22 - [TEST_STEP][PASSED] - callTestCase(findTestCase("OCS - MOBILE/CALL - AGE GATE"), [:], STOP_ON_FAILURE): Call Test Case 'Test Cases/OCS - MOBILE/CALL - AGE GATE' successfully

2019-05-27 17:04:23 - [TEST_CASE][PASSED] - Test Cases/OCS - MOBILE/CALL - AGE GATE: Test Cases/OCS - MOBILE/CALL - AGE GATE

2019-05-27 17:04:23 - [TEST_STEP][PASSED] - openBrowser(""): Browser is opened with url: ''

2019-05-27 17:04:23 - [MESSAGE][INFO] - Starting 'Firefox' driver

2019-05-27 17:04:23 - [MESSAGE][INFO] - Action delay is set to 0 seconds

2019-05-27 17:04:27 - [MESSAGE][PASSED] - Browser is opened with url: ''

2019-05-27 17:04:27 - [TEST_STEP][PASSED] - navigateToUrl("https://ocs.ca/?fts=0&preview_theme_id=53376026444"): Navigate to 'https://ocs.ca/?fts=0&preview_theme_id=53376026444' successfully

2019-05-27 17:04:33 - [MESSAGE][PASSED] - Navigate to 'https://ocs.ca/?fts=0&preview_theme_id=53376026444' successfully

2019-05-27 17:04:33 - [TEST_STEP][NOT_RUN] - executeJavaScript("var previewBar = document.getElementById("preview-bar-iframe"); previewBar.style.display = "none";", []): NOT_RUN: executeJavaScript("var previewBar = document.getElementById("preview-bar-iframe"); previewBar.style.display = "none";", [])

2019-05-27 17:04:33 - [MESSAGE][NOT_RUN] - NOT_RUN: executeJavaScript("var previewBar = document.getElementById("preview-bar-iframe"); previewBar.style.display = "none";", [])

2019-05-27 17:04:33 - [TEST_STEP][PASSED] - setViewPortSize(360, 800): Viewport is set to new size with width = 360 and height = 800

2019-05-27 17:04:34 - [MESSAGE][PASSED] - Viewport is set to new size with width = 360 and height = 800

2019-05-27 17:04:34 - [TEST_STEP][PASSED] - delay(4): Delayed 4 second(s)

2019-05-27 17:04:38 - [MESSAGE][PASSED] - Delayed 4 second(s)

2019-05-27 17:04:38 - [TEST_STEP][PASSED] - selectOptionByValue(findTestObject("OCS-MOBILE /Age gate and burger menu/Date"), "12", true): All options with value '12' are selected in object 'Object Repository/OCS-MOBILE /Age gate and burger menu/Date'  using regular expression

2019-05-27 17:04:38 - [MESSAGE][PASSED] - All options with value '12' are selected in object 'Object Repository/OCS-MOBILE /Age gate and burger menu/Date'  using regular expression

2019-05-27 17:04:38 - [TEST_STEP][PASSED] - selectOptionByValue(findTestObject("OCS-MOBILE /Age gate and burger menu/month"), "6", true): All options with value '6' are selected in object 'Object Repository/OCS-MOBILE /Age gate and burger menu/month'  using regular expression

2019-05-27 17:04:39 - [MESSAGE][PASSED] - All options with value '6' are selected in object 'Object Repository/OCS-MOBILE /Age gate and burger menu/month'  using regular expression

2019-05-27 17:04:39 - [TEST_STEP][PASSED] - delay(2): Delayed 2 second(s)

2019-05-27 17:04:41 - [MESSAGE][PASSED] - Delayed 2 second(s)

2019-05-27 17:04:41 - [TEST_STEP][PASSED] - selectOptionByValue(findTestObject("OCS-MOBILE /Age gate and burger menu/Year Dropdown"), "1990", true): All options with value '1990' are selected in object 'Object Repository/OCS-MOBILE /Age gate and burger menu/Year Dropdown'  using regular expression

2019-05-27 17:04:43 - [MESSAGE][PASSED] - All options with value '1990' are selected in object 'Object Repository/OCS-MOBILE /Age gate and burger menu/Year Dropdown'  using regular expression

2019-05-27 17:04:43 - [TEST_STEP][PASSED] - click(findTestObject("OCS-MOBILE /Age gate and burger menu/button_Verify")): Object: 'Object Repository/OCS-MOBILE /Age gate and burger menu/button_Verify' is clicked on

2019-05-27 17:04:43 - [MESSAGE][PASSED] - Object: 'Object Repository/OCS-MOBILE /Age gate and burger menu/button_Verify' is clicked on

2019-05-27 17:04:43 - [TEST_STEP][PASSED] - click(findTestObject("OCS-MOBILE /Age gate and burger menu/Checkbox_CONFIRM AND ACKNOWLEDGE")): Object: 'Object Repository/OCS-MOBILE /Age gate and burger menu/Checkbox_CONFIRM AND ACKNOWLEDGE' is clicked on

2019-05-27 17:04:43 - [MESSAGE][PASSED] - Object: 'Object Repository/OCS-MOBILE /Age gate and burger menu/Checkbox_CONFIRM AND ACKNOWLEDGE' is clicked on

2019-05-27 17:04:43 - [TEST_STEP][PASSED] - click(findTestObject("OCS-MOBILE /Age gate and burger menu/button_CONFIRM")): Object: 'Object Repository/OCS-MOBILE /Age gate and burger menu/button_CONFIRM' is clicked on

2019-05-27 17:04:43 - [MESSAGE][PASSED] - Object: 'Object Repository/OCS-MOBILE /Age gate and burger menu/button_CONFIRM' is clicked on

2019-05-27 17:04:43 - [TEST_STEP][PASSED] - click(findTestObject("OCS-MOBILE /Age gate and burger menu/button_Start Browsing")): Object: 'Object Repository/OCS-MOBILE /Age gate and burger menu/button_Start Browsing' is clicked on

2019-05-27 17:04:44 - [MESSAGE][PASSED] - Object: 'Object Repository/OCS-MOBILE /Age gate and burger menu/button_Start Browsing' is clicked on

2019-05-27 17:04:44 - [MESSAGE][PASSED] - Call Test Case 'Test Cases/OCS - MOBILE/CALL - AGE GATE' successfully

2019-05-27 17:04:44 - [TEST_STEP][PASSED] - delay(2): Delayed 2 second(s)

2019-05-27 17:04:46 - [MESSAGE][PASSED] - Delayed 2 second(s)

2019-05-27 17:04:46 - [TEST_STEP][PASSED] - click(findTestObject("OCS-MOBILE /Age gate and burger menu/Burger menu - English")): Object: 'Object Repository/OCS-MOBILE /Age gate and burger menu/Burger menu - English' is clicked on

2019-05-27 17:04:46 - [MESSAGE][PASSED] - Object: 'Object Repository/OCS-MOBILE /Age gate and burger menu/Burger menu - English' is clicked on

2019-05-27 17:04:46 - [TEST_STEP][PASSED] - delay(2): Delayed 2 second(s)

2019-05-27 17:04:48 - [MESSAGE][PASSED] - Delayed 2 second(s)

2019-05-27 17:04:48 - [TEST_STEP][PASSED] - click(findTestObject("OCS-MOBILE /Cannabis page/Cannabis chevron")): Object: 'Object Repository/OCS-MOBILE /Cannabis page/Cannabis chevron' is clicked on

2019-05-27 17:04:48 - [MESSAGE][PASSED] - Object: 'Object Repository/OCS-MOBILE /Cannabis page/Cannabis chevron' is clicked on

2019-05-27 17:04:48 - [TEST_STEP][PASSED] - delay(2): Delayed 2 second(s)

2019-05-27 17:04:50 - [MESSAGE][PASSED] - Delayed 2 second(s)

2019-05-27 17:04:50 - [TEST_STEP][PASSED] - click(findTestObject("OCS-MOBILE /Cannabis page/Dried flower - plus accordian")): Object: 'Object Repository/OCS-MOBILE /Cannabis page/Dried flower - plus accordian' is clicked on

2019-05-27 17:04:51 - [MESSAGE][PASSED] - Object: 'Object Repository/OCS-MOBILE /Cannabis page/Dried flower - plus accordian' is clicked on

2019-05-27 17:04:51 - [TEST_STEP][PASSED] - delay(2): Delayed 2 second(s)

2019-05-27 17:04:53 - [MESSAGE][PASSED] - Delayed 2 second(s)

2019-05-27 17:04:53 - [TEST_STEP][PASSED] - click(findTestObject("OCS-MOBILE /Cannabis page/Dried flower - Indica dominant")): Object: 'Object Repository/OCS-MOBILE /Cannabis page/Dried flower - Indica dominant' is clicked on

2019-05-27 17:04:55 - [MESSAGE][PASSED] - Object: 'Object Repository/OCS-MOBILE /Cannabis page/Dried flower - Indica dominant' is clicked on

2019-05-27 17:04:55 - [TEST_STEP][PASSED] - delay(2): Delayed 2 second(s)

2019-05-27 17:04:57 - [MESSAGE][PASSED] - Delayed 2 second(s)

2019-05-27 17:04:57 - [TEST_STEP][PASSED] - click(findTestObject("OCS-MOBILE /Collection page/dropdown")): Object: 'Object Repository/OCS-MOBILE /Collection page/dropdown' is clicked on

2019-05-27 17:04:57 - [MESSAGE][PASSED] - Object: 'Object Repository/OCS-MOBILE /Collection page/dropdown' is clicked on

2019-05-27 17:04:57 - [TEST_STEP][PASSED] - delay(2): Delayed 2 second(s)

2019-05-27 17:04:59 - [MESSAGE][PASSED] - Delayed 2 second(s)

2019-05-27 17:04:59 - [TEST_STEP][PASSED] - verifyElementPresent(findTestObject("OCS-MOBILE /Collection page/element inside"), 0): Object 'Object Repository/OCS-MOBILE /Collection page/element inside' is present

2019-05-27 17:04:59 - [MESSAGE][WARNING] - Timeout '0' is invalid. Using default page load timeout: '30'

2019-05-27 17:04:59 - [MESSAGE][PASSED] - Object 'Object Repository/OCS-MOBILE /Collection page/element inside' is present

2019-05-27 17:04:59 - [TEST_STEP][PASSED] - delay(2): Delayed 2 second(s)

2019-05-27 17:05:01 - [MESSAGE][PASSED] - Delayed 2 second(s)

2019-05-27 17:05:01 - [TEST_STEP][PASSED] - click(findTestObject("OCS-MOBILE /Collection page/dropdown")): Object: 'Object Repository/OCS-MOBILE /Collection page/dropdown' is clicked on

2019-05-27 17:05:02 - [MESSAGE][PASSED] - Object: 'Object Repository/OCS-MOBILE /Collection page/dropdown' is clicked on]]></system-out>
         <system-err><![CDATA[]]></system-err>
      </testcase>
      <testcase name="Test Cases/OCS - MOBILE/OCS-COLLECTION PAGE/Filter" classname="Test Cases/OCS - MOBILE/OCS-COLLECTION PAGE/Filter" status="PASSED">
         <system-out><![CDATA[2019-05-27 17:05:02 - [TEST_CASE][PASSED] - Test Cases/OCS - MOBILE/OCS-COLLECTION PAGE/Filter: Test Cases/OCS - MOBILE/OCS-COLLECTION PAGE/Filter

2019-05-27 17:05:02 - [TEST_STEP][PASSED] - callTestCase(findTestCase("OCS - MOBILE/CALL - AGE GATE"), [:], STOP_ON_FAILURE): Call Test Case 'Test Cases/OCS - MOBILE/CALL - AGE GATE' successfully

2019-05-27 17:05:02 - [TEST_CASE][PASSED] - Test Cases/OCS - MOBILE/CALL - AGE GATE: Test Cases/OCS - MOBILE/CALL - AGE GATE

2019-05-27 17:05:02 - [TEST_STEP][PASSED] - openBrowser(""): Browser is opened with url: ''

2019-05-27 17:05:02 - [MESSAGE][WARNING] - A browser is already opened. Closing browser and opening a new one

2019-05-27 17:05:03 - [MESSAGE][INFO] - Starting 'Firefox' driver

2019-05-27 17:05:05 - [MESSAGE][PASSED] - Browser is opened with url: ''

2019-05-27 17:05:05 - [TEST_STEP][PASSED] - navigateToUrl("https://ocs.ca/?fts=0&preview_theme_id=53376026444"): Navigate to 'https://ocs.ca/?fts=0&preview_theme_id=53376026444' successfully

2019-05-27 17:05:15 - [MESSAGE][PASSED] - Navigate to 'https://ocs.ca/?fts=0&preview_theme_id=53376026444' successfully

2019-05-27 17:05:15 - [TEST_STEP][NOT_RUN] - executeJavaScript("var previewBar = document.getElementById("preview-bar-iframe"); previewBar.style.display = "none";", []): NOT_RUN: executeJavaScript("var previewBar = document.getElementById("preview-bar-iframe"); previewBar.style.display = "none";", [])

2019-05-27 17:05:15 - [MESSAGE][NOT_RUN] - NOT_RUN: executeJavaScript("var previewBar = document.getElementById("preview-bar-iframe"); previewBar.style.display = "none";", [])

2019-05-27 17:05:15 - [TEST_STEP][PASSED] - setViewPortSize(360, 800): Viewport is set to new size with width = 360 and height = 800

2019-05-27 17:05:15 - [MESSAGE][PASSED] - Viewport is set to new size with width = 360 and height = 800

2019-05-27 17:05:15 - [TEST_STEP][PASSED] - delay(4): Delayed 4 second(s)

2019-05-27 17:05:19 - [MESSAGE][PASSED] - Delayed 4 second(s)

2019-05-27 17:05:19 - [TEST_STEP][PASSED] - selectOptionByValue(findTestObject("OCS-MOBILE /Age gate and burger menu/Date"), "12", true): All options with value '12' are selected in object 'Object Repository/OCS-MOBILE /Age gate and burger menu/Date'  using regular expression

2019-05-27 17:05:20 - [MESSAGE][PASSED] - All options with value '12' are selected in object 'Object Repository/OCS-MOBILE /Age gate and burger menu/Date'  using regular expression

2019-05-27 17:05:20 - [TEST_STEP][PASSED] - selectOptionByValue(findTestObject("OCS-MOBILE /Age gate and burger menu/month"), "6", true): All options with value '6' are selected in object 'Object Repository/OCS-MOBILE /Age gate and burger menu/month'  using regular expression

2019-05-27 17:05:20 - [MESSAGE][PASSED] - All options with value '6' are selected in object 'Object Repository/OCS-MOBILE /Age gate and burger menu/month'  using regular expression

2019-05-27 17:05:20 - [TEST_STEP][PASSED] - delay(2): Delayed 2 second(s)

2019-05-27 17:05:22 - [MESSAGE][PASSED] - Delayed 2 second(s)

2019-05-27 17:05:22 - [TEST_STEP][PASSED] - selectOptionByValue(findTestObject("OCS-MOBILE /Age gate and burger menu/Year Dropdown"), "1990", true): All options with value '1990' are selected in object 'Object Repository/OCS-MOBILE /Age gate and burger menu/Year Dropdown'  using regular expression

2019-05-27 17:05:24 - [MESSAGE][PASSED] - All options with value '1990' are selected in object 'Object Repository/OCS-MOBILE /Age gate and burger menu/Year Dropdown'  using regular expression

2019-05-27 17:05:24 - [TEST_STEP][PASSED] - click(findTestObject("OCS-MOBILE /Age gate and burger menu/button_Verify")): Object: 'Object Repository/OCS-MOBILE /Age gate and burger menu/button_Verify' is clicked on

2019-05-27 17:05:24 - [MESSAGE][PASSED] - Object: 'Object Repository/OCS-MOBILE /Age gate and burger menu/button_Verify' is clicked on

2019-05-27 17:05:24 - [TEST_STEP][PASSED] - click(findTestObject("OCS-MOBILE /Age gate and burger menu/Checkbox_CONFIRM AND ACKNOWLEDGE")): Object: 'Object Repository/OCS-MOBILE /Age gate and burger menu/Checkbox_CONFIRM AND ACKNOWLEDGE' is clicked on

2019-05-27 17:05:24 - [MESSAGE][PASSED] - Object: 'Object Repository/OCS-MOBILE /Age gate and burger menu/Checkbox_CONFIRM AND ACKNOWLEDGE' is clicked on

2019-05-27 17:05:24 - [TEST_STEP][PASSED] - click(findTestObject("OCS-MOBILE /Age gate and burger menu/button_CONFIRM")): Object: 'Object Repository/OCS-MOBILE /Age gate and burger menu/button_CONFIRM' is clicked on

2019-05-27 17:05:24 - [MESSAGE][PASSED] - Object: 'Object Repository/OCS-MOBILE /Age gate and burger menu/button_CONFIRM' is clicked on

2019-05-27 17:05:24 - [TEST_STEP][PASSED] - click(findTestObject("OCS-MOBILE /Age gate and burger menu/button_Start Browsing")): Object: 'Object Repository/OCS-MOBILE /Age gate and burger menu/button_Start Browsing' is clicked on

2019-05-27 17:05:25 - [MESSAGE][PASSED] - Object: 'Object Repository/OCS-MOBILE /Age gate and burger menu/button_Start Browsing' is clicked on

2019-05-27 17:05:25 - [MESSAGE][PASSED] - Call Test Case 'Test Cases/OCS - MOBILE/CALL - AGE GATE' successfully

2019-05-27 17:05:25 - [TEST_STEP][PASSED] - click(findTestObject("OCS-MOBILE /Age gate and burger menu/Burger menu - English")): Object: 'Object Repository/OCS-MOBILE /Age gate and burger menu/Burger menu - English' is clicked on

2019-05-27 17:05:25 - [MESSAGE][PASSED] - Object: 'Object Repository/OCS-MOBILE /Age gate and burger menu/Burger menu - English' is clicked on

2019-05-27 17:05:25 - [TEST_STEP][PASSED] - delay(2): Delayed 2 second(s)

2019-05-27 17:05:27 - [MESSAGE][PASSED] - Delayed 2 second(s)

2019-05-27 17:05:27 - [TEST_STEP][PASSED] - click(findTestObject("OCS-MOBILE /Cannabis page/Cannabis chevron")): Object: 'Object Repository/OCS-MOBILE /Cannabis page/Cannabis chevron' is clicked on

2019-05-27 17:05:27 - [MESSAGE][PASSED] - Object: 'Object Repository/OCS-MOBILE /Cannabis page/Cannabis chevron' is clicked on

2019-05-27 17:05:27 - [TEST_STEP][PASSED] - delay(1): Delayed 1 second(s)

2019-05-27 17:05:28 - [MESSAGE][PASSED] - Delayed 1 second(s)

2019-05-27 17:05:28 - [TEST_STEP][PASSED] - click(findTestObject("OCS-MOBILE /Cannabis page/Dried flower - plus accordian")): Object: 'Object Repository/OCS-MOBILE /Cannabis page/Dried flower - plus accordian' is clicked on

2019-05-27 17:05:28 - [MESSAGE][PASSED] - Object: 'Object Repository/OCS-MOBILE /Cannabis page/Dried flower - plus accordian' is clicked on

2019-05-27 17:05:28 - [TEST_STEP][PASSED] - delay(1): Delayed 1 second(s)

2019-05-27 17:05:29 - [MESSAGE][PASSED] - Delayed 1 second(s)

2019-05-27 17:05:29 - [TEST_STEP][PASSED] - click(findTestObject("OCS-MOBILE /Cannabis page/Dried flower - Indica dominant")): Object: 'Object Repository/OCS-MOBILE /Cannabis page/Dried flower - Indica dominant' is clicked on

2019-05-27 17:05:33 - [MESSAGE][PASSED] - Object: 'Object Repository/OCS-MOBILE /Cannabis page/Dried flower - Indica dominant' is clicked on

2019-05-27 17:05:33 - [TEST_STEP][PASSED] - delay(1): Delayed 1 second(s)

2019-05-27 17:05:34 - [MESSAGE][PASSED] - Delayed 1 second(s)

2019-05-27 17:05:34 - [TEST_STEP][PASSED] - click(findTestObject("OCS-MOBILE /Filter flyout/Filter option")): Object: 'Object Repository/OCS-MOBILE /Filter flyout/Filter option' is clicked on

2019-05-27 17:05:34 - [MESSAGE][PASSED] - Object: 'Object Repository/OCS-MOBILE /Filter flyout/Filter option' is clicked on

2019-05-27 17:05:34 - [TEST_STEP][PASSED] - delay(2): Delayed 2 second(s)

2019-05-27 17:05:36 - [MESSAGE][PASSED] - Delayed 2 second(s)

2019-05-27 17:05:36 - [TEST_STEP][PASSED] - click(findTestObject("OCS-MOBILE /Filter flyout/THC - CBD Tool tip")): Object: 'Object Repository/OCS-MOBILE /Filter flyout/THC - CBD Tool tip' is clicked on

2019-05-27 17:05:36 - [MESSAGE][PASSED] - Object: 'Object Repository/OCS-MOBILE /Filter flyout/THC - CBD Tool tip' is clicked on

2019-05-27 17:05:36 - [TEST_STEP][PASSED] - delay(2): Delayed 2 second(s)

2019-05-27 17:05:38 - [MESSAGE][PASSED] - Delayed 2 second(s)

2019-05-27 17:05:38 - [TEST_STEP][PASSED] - click(findTestObject("OCS-MOBILE /Filter flyout/THC CBD plus accordian")): Object: 'Object Repository/OCS-MOBILE /Filter flyout/THC CBD plus accordian' is clicked on

2019-05-27 17:05:38 - [MESSAGE][PASSED] - Object: 'Object Repository/OCS-MOBILE /Filter flyout/THC CBD plus accordian' is clicked on

2019-05-27 17:05:38 - [TEST_STEP][PASSED] - delay(2): Delayed 2 second(s)

2019-05-27 17:05:40 - [MESSAGE][PASSED] - Delayed 2 second(s)

2019-05-27 17:05:40 - [TEST_STEP][PASSED] - click(findTestObject("OCS-MOBILE /Filter flyout/THC - CBD Subtract accordian")): Object: 'Object Repository/OCS-MOBILE /Filter flyout/THC - CBD Subtract accordian' is clicked on

2019-05-27 17:05:41 - [MESSAGE][PASSED] - Object: 'Object Repository/OCS-MOBILE /Filter flyout/THC - CBD Subtract accordian' is clicked on

2019-05-27 17:05:41 - [TEST_STEP][PASSED] - delay(2): Delayed 2 second(s)

2019-05-27 17:05:43 - [MESSAGE][PASSED] - Delayed 2 second(s)

2019-05-27 17:05:43 - [TEST_STEP][PASSED] - click(findTestObject("OCS-MOBILE /Filter flyout/THC CBD plus accordian")): Object: 'Object Repository/OCS-MOBILE /Filter flyout/THC CBD plus accordian' is clicked on

2019-05-27 17:05:43 - [MESSAGE][PASSED] - Object: 'Object Repository/OCS-MOBILE /Filter flyout/THC CBD plus accordian' is clicked on

2019-05-27 17:05:43 - [TEST_STEP][NOT_RUN] - click(findTestObject("OCS-MOBILE /Filter flyout/div_18.00")): NOT_RUN: click(findTestObject("OCS-MOBILE /Filter flyout/div_18.00"))

2019-05-27 17:05:43 - [MESSAGE][NOT_RUN] - NOT_RUN: click(findTestObject("OCS-MOBILE /Filter flyout/div_18.00"))

2019-05-27 17:05:43 - [TEST_STEP][NOT_RUN] - delay(2): NOT_RUN: delay(2)

2019-05-27 17:05:43 - [MESSAGE][NOT_RUN] - NOT_RUN: delay(2)

2019-05-27 17:05:43 - [TEST_STEP][NOT_RUN] - click(findTestObject("OCS-MOBILE /Filter flyout/div_25.00")): NOT_RUN: click(findTestObject("OCS-MOBILE /Filter flyout/div_25.00"))

2019-05-27 17:05:43 - [MESSAGE][NOT_RUN] - NOT_RUN: click(findTestObject("OCS-MOBILE /Filter flyout/div_25.00"))

2019-05-27 17:05:43 - [TEST_STEP][NOT_RUN] - delay(2): NOT_RUN: delay(2)

2019-05-27 17:05:43 - [MESSAGE][NOT_RUN] - NOT_RUN: delay(2)

2019-05-27 17:05:43 - [TEST_STEP][NOT_RUN] - click(findTestObject("OCS-MOBILE /Filter flyout/div_14.00")): NOT_RUN: click(findTestObject("OCS-MOBILE /Filter flyout/div_14.00"))

2019-05-27 17:05:43 - [MESSAGE][NOT_RUN] - NOT_RUN: click(findTestObject("OCS-MOBILE /Filter flyout/div_14.00"))

2019-05-27 17:05:43 - [TEST_STEP][NOT_RUN] - delay(2): NOT_RUN: delay(2)

2019-05-27 17:05:43 - [MESSAGE][NOT_RUN] - NOT_RUN: delay(2)

2019-05-27 17:05:43 - [TEST_STEP][NOT_RUN] - click(findTestObject("OCS-MOBILE /Filter flyout/div_19.00")): NOT_RUN: click(findTestObject("OCS-MOBILE /Filter flyout/div_19.00"))

2019-05-27 17:05:43 - [MESSAGE][NOT_RUN] - NOT_RUN: click(findTestObject("OCS-MOBILE /Filter flyout/div_19.00"))

2019-05-27 17:05:43 - [TEST_STEP][PASSED] - delay(2): Delayed 2 second(s)

2019-05-27 17:05:45 - [MESSAGE][PASSED] - Delayed 2 second(s)

2019-05-27 17:05:45 - [TEST_STEP][NOT_RUN] - click(findTestObject("OCS-MOBILE /Filter flyout/Learn More About THC CBD")): NOT_RUN: click(findTestObject("OCS-MOBILE /Filter flyout/Learn More About THC CBD"))

2019-05-27 17:05:45 - [MESSAGE][NOT_RUN] - NOT_RUN: click(findTestObject("OCS-MOBILE /Filter flyout/Learn More About THC CBD"))

2019-05-27 17:05:45 - [TEST_STEP][PASSED] - delay(4): Delayed 4 second(s)

2019-05-27 17:05:49 - [MESSAGE][PASSED] - Delayed 4 second(s)

2019-05-27 17:05:49 - [TEST_STEP][NOT_RUN] - callTestCase(findTestCase("OCS - MOBILE/OCS-COLLECTION PAGE/calling test case"), [:], STOP_ON_FAILURE): NOT_RUN: callTestCase(findTestCase("OCS - MOBILE/OCS-COLLECTION PAGE/calling test case"), [:], STOP_ON_FAILURE)

2019-05-27 17:05:49 - [MESSAGE][NOT_RUN] - NOT_RUN: callTestCase(findTestCase("OCS - MOBILE/OCS-COLLECTION PAGE/calling test case"), [:], STOP_ON_FAILURE)

2019-05-27 17:05:49 - [TEST_STEP][NOT_RUN] - click(findTestObject("OCS-MOBILE /Filter flyout/Filter option")): NOT_RUN: click(findTestObject("OCS-MOBILE /Filter flyout/Filter option"))

2019-05-27 17:05:49 - [MESSAGE][NOT_RUN] - NOT_RUN: click(findTestObject("OCS-MOBILE /Filter flyout/Filter option"))

2019-05-27 17:05:49 - [TEST_STEP][PASSED] - click(findTestObject("OCS-MOBILE /Filter flyout/Plant type tooltip")): Object: 'Object Repository/OCS-MOBILE /Filter flyout/Plant type tooltip' is clicked on

2019-05-27 17:05:49 - [MESSAGE][PASSED] - Object: 'Object Repository/OCS-MOBILE /Filter flyout/Plant type tooltip' is clicked on

2019-05-27 17:05:49 - [TEST_STEP][PASSED] - delay(2): Delayed 2 second(s)

2019-05-27 17:05:51 - [MESSAGE][PASSED] - Delayed 2 second(s)

2019-05-27 17:05:51 - [TEST_STEP][PASSED] - click(findTestObject("OCS-MOBILE /Filter flyout/Plant type plus accordian")): Object: 'Object Repository/OCS-MOBILE /Filter flyout/Plant type plus accordian' is clicked on

2019-05-27 17:05:51 - [MESSAGE][PASSED] - Object: 'Object Repository/OCS-MOBILE /Filter flyout/Plant type plus accordian' is clicked on

2019-05-27 17:05:51 - [TEST_STEP][PASSED] - delay(1): Delayed 1 second(s)

2019-05-27 17:05:52 - [MESSAGE][PASSED] - Delayed 1 second(s)

2019-05-27 17:05:52 - [TEST_STEP][PASSED] - click(findTestObject("OCS-MOBILE /Filter flyout/Plant type subtract accordian")): Object: 'Object Repository/OCS-MOBILE /Filter flyout/Plant type subtract accordian' is clicked on

2019-05-27 17:05:53 - [MESSAGE][PASSED] - Object: 'Object Repository/OCS-MOBILE /Filter flyout/Plant type subtract accordian' is clicked on

2019-05-27 17:05:53 - [TEST_STEP][PASSED] - delay(1): Delayed 1 second(s)

2019-05-27 17:05:54 - [MESSAGE][PASSED] - Delayed 1 second(s)

2019-05-27 17:05:54 - [TEST_STEP][PASSED] - click(findTestObject("OCS-MOBILE /Filter flyout/Plant type plus accordian")): Object: 'Object Repository/OCS-MOBILE /Filter flyout/Plant type plus accordian' is clicked on

2019-05-27 17:05:54 - [MESSAGE][PASSED] - Object: 'Object Repository/OCS-MOBILE /Filter flyout/Plant type plus accordian' is clicked on

2019-05-27 17:05:54 - [TEST_STEP][PASSED] - delay(2): Delayed 2 second(s)

2019-05-27 17:05:56 - [MESSAGE][PASSED] - Delayed 2 second(s)

2019-05-27 17:05:56 - [TEST_STEP][PASSED] - click(findTestObject("OCS-MOBILE /Filter flyout/Indica Dominant")): Object: 'Object Repository/OCS-MOBILE /Filter flyout/Indica Dominant' is clicked on

2019-05-27 17:05:56 - [MESSAGE][PASSED] - Object: 'Object Repository/OCS-MOBILE /Filter flyout/Indica Dominant' is clicked on

2019-05-27 17:05:56 - [TEST_STEP][PASSED] - delay(2): Delayed 2 second(s)

2019-05-27 17:05:58 - [MESSAGE][PASSED] - Delayed 2 second(s)

2019-05-27 17:05:58 - [TEST_STEP][PASSED] - click(findTestObject("OCS-MOBILE /Filter flyout/Sativa Dominant")): Object: 'Object Repository/OCS-MOBILE /Filter flyout/Sativa Dominant' is clicked on

2019-05-27 17:05:58 - [MESSAGE][PASSED] - Object: 'Object Repository/OCS-MOBILE /Filter flyout/Sativa Dominant' is clicked on

2019-05-27 17:05:58 - [TEST_STEP][PASSED] - delay(2): Delayed 2 second(s)

2019-05-27 17:06:00 - [MESSAGE][PASSED] - Delayed 2 second(s)

2019-05-27 17:06:00 - [TEST_STEP][PASSED] - click(findTestObject("OCS-MOBILE /Filter flyout/Hybrid")): Object: 'Object Repository/OCS-MOBILE /Filter flyout/Hybrid' is clicked on

2019-05-27 17:06:01 - [MESSAGE][PASSED] - Object: 'Object Repository/OCS-MOBILE /Filter flyout/Hybrid' is clicked on

2019-05-27 17:06:01 - [TEST_STEP][PASSED] - delay(2): Delayed 2 second(s)

2019-05-27 17:06:03 - [MESSAGE][PASSED] - Delayed 2 second(s)

2019-05-27 17:06:03 - [TEST_STEP][PASSED] - click(findTestObject("OCS-MOBILE /Filter flyout/Blend")): Object: 'Object Repository/OCS-MOBILE /Filter flyout/Blend' is clicked on

2019-05-27 17:06:03 - [MESSAGE][PASSED] - Object: 'Object Repository/OCS-MOBILE /Filter flyout/Blend' is clicked on

2019-05-27 17:06:03 - [TEST_STEP][PASSED] - delay(2): Delayed 2 second(s)

2019-05-27 17:06:05 - [MESSAGE][PASSED] - Delayed 2 second(s)

2019-05-27 17:06:05 - [TEST_STEP][NOT_RUN] - click(findTestObject("Object Repository/COLLECTION PAGE _OR/Filter_OR/Page_Pre-Rolled  Ontario Cannabis S/label_Sativa Dominant")): NOT_RUN: click(findTestObject("Object Repository/COLLECTION PAGE _OR/Filter_OR/Page_Pre-Rolled  Ontario Cannabis S/label_Sativa Dominant"))

2019-05-27 17:06:05 - [MESSAGE][NOT_RUN] - NOT_RUN: click(findTestObject("Object Repository/COLLECTION PAGE _OR/Filter_OR/Page_Pre-Rolled  Ontario Cannabis S/label_Sativa Dominant"))

2019-05-27 17:06:05 - [TEST_STEP][NOT_RUN] - delay(2): NOT_RUN: delay(2)

2019-05-27 17:06:05 - [MESSAGE][NOT_RUN] - NOT_RUN: delay(2)

2019-05-27 17:06:05 - [TEST_STEP][NOT_RUN] - click(findTestObject("Object Repository/COLLECTION PAGE _OR/Filter_OR/Page_Pre-Rolled  Ontario Cannabis S/label_Hybrid")): NOT_RUN: click(findTestObject("Object Repository/COLLECTION PAGE _OR/Filter_OR/Page_Pre-Rolled  Ontario Cannabis S/label_Hybrid"))

2019-05-27 17:06:05 - [MESSAGE][NOT_RUN] - NOT_RUN: click(findTestObject("Object Repository/COLLECTION PAGE _OR/Filter_OR/Page_Pre-Rolled  Ontario Cannabis S/label_Hybrid"))

2019-05-27 17:06:05 - [TEST_STEP][NOT_RUN] - delay(2): NOT_RUN: delay(2)

2019-05-27 17:06:05 - [MESSAGE][NOT_RUN] - NOT_RUN: delay(2)

2019-05-27 17:06:05 - [TEST_STEP][NOT_RUN] - click(findTestObject("Object Repository/COLLECTION PAGE _OR/Filter_OR/Page_Pre-Rolled  Ontario Cannabis S/label_Blend")): NOT_RUN: click(findTestObject("Object Repository/COLLECTION PAGE _OR/Filter_OR/Page_Pre-Rolled  Ontario Cannabis S/label_Blend"))

2019-05-27 17:06:05 - [MESSAGE][NOT_RUN] - NOT_RUN: click(findTestObject("Object Repository/COLLECTION PAGE _OR/Filter_OR/Page_Pre-Rolled  Ontario Cannabis S/label_Blend"))

2019-05-27 17:06:05 - [TEST_STEP][NOT_RUN] - delay(2): NOT_RUN: delay(2)

2019-05-27 17:06:05 - [MESSAGE][NOT_RUN] - NOT_RUN: delay(2)

2019-05-27 17:06:05 - [TEST_STEP][NOT_RUN] - click(findTestObject("OCS-MOBILE /Filter flyout/Learn More About Plant Type")): NOT_RUN: click(findTestObject("OCS-MOBILE /Filter flyout/Learn More About Plant Type"))

2019-05-27 17:06:05 - [MESSAGE][NOT_RUN] - NOT_RUN: click(findTestObject("OCS-MOBILE /Filter flyout/Learn More About Plant Type"))

2019-05-27 17:06:05 - [TEST_STEP][NOT_RUN] - delay(2): NOT_RUN: delay(2)

2019-05-27 17:06:05 - [MESSAGE][NOT_RUN] - NOT_RUN: delay(2)

2019-05-27 17:06:05 - [TEST_STEP][NOT_RUN] - callTestCase(findTestCase("OCS - MOBILE/OCS-COLLECTION PAGE/calling test case"), [:], STOP_ON_FAILURE): NOT_RUN: callTestCase(findTestCase("OCS - MOBILE/OCS-COLLECTION PAGE/calling test case"), [:], STOP_ON_FAILURE)

2019-05-27 17:06:05 - [MESSAGE][NOT_RUN] - NOT_RUN: callTestCase(findTestCase("OCS - MOBILE/OCS-COLLECTION PAGE/calling test case"), [:], STOP_ON_FAILURE)

2019-05-27 17:06:05 - [TEST_STEP][PASSED] - click(findTestObject("OCS-MOBILE /Filter flyout/Plant type subtract accordian")): Object: 'Object Repository/OCS-MOBILE /Filter flyout/Plant type subtract accordian' is clicked on

2019-05-27 17:06:05 - [MESSAGE][PASSED] - Object: 'Object Repository/OCS-MOBILE /Filter flyout/Plant type subtract accordian' is clicked on

2019-05-27 17:06:05 - [TEST_STEP][PASSED] - click(findTestObject("OCS-MOBILE /Filter flyout/Filter option"), OPTIONAL): Unable to click on object 'Object Repository/OCS-MOBILE /Filter flyout/Filter option' (Root cause: org.openqa.selenium.ElementClickInterceptedException: Element <i class="icon--filter"> is not clickable at point (24,324) because another element <label> obscures it
Build info: version: '3.7.1', revision: '8a0099a', time: '2017-11-06T21:07:36.161Z'
System info: host: 'sumans-MacBook-Pro.local', ip: 'fe80:0:0:0:1c60:f35:3790:b4fa%en0', os.name: 'Mac OS X', os.arch: 'x86_64', os.version: '10.13.6', java.version: '1.8.0_181'
Driver info: com.kms.katalon.core.webui.driver.firefox.CGeckoDriver
Capabilities {acceptInsecureCerts: true, browserName: firefox, browserVersion: 67.0, javascriptEnabled: true, moz:accessibilityChecks: false, moz:buildID: 20190516215225, moz:geckodriverVersion: 0.23.0, moz:headless: false, moz:processID: 1680, moz:profile: /var/folders/1t/c55l8xzs6gq..., moz:shutdownTimeout: 60000, moz:useNonSpecCompliantPointerOrigin: false, moz:webdriverClick: true, pageLoadStrategy: normal, platform: MAC, platformName: MAC, platformVersion: 17.7.0, proxy: Proxy(direct), rotatable: false, setWindowRect: true, strictFileInteractability: false, timeouts: {implicit: 0, pageLoad: 300000, script: 30000}, unhandledPromptBehavior: dismiss and notify}
Session ID: 1157d7db-3063-304d-9faf-7039ae689743)

2019-05-27 17:06:05 - [MESSAGE][WARNING] - Unable to click on object 'Object Repository/OCS-MOBILE /Filter flyout/Filter option' (Root cause: org.openqa.selenium.ElementClickInterceptedException: Element <i class="icon--filter"> is not clickable at point (24,324) because another element <label> obscures it
Build info: version: '3.7.1', revision: '8a0099a', time: '2017-11-06T21:07:36.161Z'
System info: host: 'sumans-MacBook-Pro.local', ip: 'fe80:0:0:0:1c60:f35:3790:b4fa%en0', os.name: 'Mac OS X', os.arch: 'x86_64', os.version: '10.13.6', java.version: '1.8.0_181'
Driver info: com.kms.katalon.core.webui.driver.firefox.CGeckoDriver
Capabilities {acceptInsecureCerts: true, browserName: firefox, browserVersion: 67.0, javascriptEnabled: true, moz:accessibilityChecks: false, moz:buildID: 20190516215225, moz:geckodriverVersion: 0.23.0, moz:headless: false, moz:processID: 1680, moz:profile: /var/folders/1t/c55l8xzs6gq..., moz:shutdownTimeout: 60000, moz:useNonSpecCompliantPointerOrigin: false, moz:webdriverClick: true, pageLoadStrategy: normal, platform: MAC, platformName: MAC, platformVersion: 17.7.0, proxy: Proxy(direct), rotatable: false, setWindowRect: true, strictFileInteractability: false, timeouts: {implicit: 0, pageLoad: 300000, script: 30000}, unhandledPromptBehavior: dismiss and notify}
Session ID: 1157d7db-3063-304d-9faf-7039ae689743)
[[ATTACHMENT|/Users/sumankompelly/Katalon Studio/OCS ( QA- 1.9.1 ) /Reports/QA ( 1.9.1)/HP, PROD , AG,COLL/20190527_170420/1558991165710.png]]

2019-05-27 17:06:05 - [TEST_STEP][PASSED] - executeJavaScript("var previewBar = document.getElementById("preview-bar-iframe"); previewBar.style.display = "none";", []): Execute JavaScript 'var previewBar = document.getElementById("preview-bar-iframe"); previewBar.style.display = "none";' successfully

2019-05-27 17:06:05 - [MESSAGE][PASSED] - Execute JavaScript 'var previewBar = document.getElementById("preview-bar-iframe"); previewBar.style.display = "none";' successfully

2019-05-27 17:06:05 - [TEST_STEP][PASSED] - click(findTestObject("OCS-MOBILE /Filter flyout/Brand tool tip")): Object: 'Object Repository/OCS-MOBILE /Filter flyout/Brand tool tip' is clicked on

2019-05-27 17:06:06 - [MESSAGE][PASSED] - Object: 'Object Repository/OCS-MOBILE /Filter flyout/Brand tool tip' is clicked on

2019-05-27 17:06:06 - [TEST_STEP][PASSED] - delay(1): Delayed 1 second(s)

2019-05-27 17:06:07 - [MESSAGE][PASSED] - Delayed 1 second(s)

2019-05-27 17:06:07 - [TEST_STEP][PASSED] - click(findTestObject("OCS-MOBILE /Filter flyout/Brand plus accordian")): Object: 'Object Repository/OCS-MOBILE /Filter flyout/Brand plus accordian' is clicked on

2019-05-27 17:06:07 - [MESSAGE][PASSED] - Object: 'Object Repository/OCS-MOBILE /Filter flyout/Brand plus accordian' is clicked on

2019-05-27 17:06:07 - [TEST_STEP][PASSED] - delay(2): Delayed 2 second(s)

2019-05-27 17:06:09 - [MESSAGE][PASSED] - Delayed 2 second(s)

2019-05-27 17:06:09 - [TEST_STEP][PASSED] - click(findTestObject("OCS-MOBILE /Filter flyout/Brand subtract accordian")): Object: 'Object Repository/OCS-MOBILE /Filter flyout/Brand subtract accordian' is clicked on

2019-05-27 17:06:09 - [MESSAGE][PASSED] - Object: 'Object Repository/OCS-MOBILE /Filter flyout/Brand subtract accordian' is clicked on

2019-05-27 17:06:09 - [TEST_STEP][PASSED] - delay(1): Delayed 1 second(s)

2019-05-27 17:06:10 - [MESSAGE][PASSED] - Delayed 1 second(s)

2019-05-27 17:06:10 - [TEST_STEP][PASSED] - click(findTestObject("OCS-MOBILE /Filter flyout/Brand plus accordian")): Object: 'Object Repository/OCS-MOBILE /Filter flyout/Brand plus accordian' is clicked on

2019-05-27 17:06:10 - [MESSAGE][PASSED] - Object: 'Object Repository/OCS-MOBILE /Filter flyout/Brand plus accordian' is clicked on

2019-05-27 17:06:10 - [TEST_STEP][PASSED] - delay(2): Delayed 2 second(s)

2019-05-27 17:06:12 - [MESSAGE][PASSED] - Delayed 2 second(s)

2019-05-27 17:06:12 - [TEST_STEP][PASSED] - click(findTestObject("OCS-MOBILE /Filter flyout/Edison"), OPTIONAL): Object: 'Object Repository/OCS-MOBILE /Filter flyout/Edison' is clicked on

2019-05-27 17:06:13 - [MESSAGE][PASSED] - Object: 'Object Repository/OCS-MOBILE /Filter flyout/Edison' is clicked on

2019-05-27 17:06:13 - [TEST_STEP][PASSED] - delay(2, OPTIONAL): Delayed 2 second(s)

2019-05-27 17:06:15 - [MESSAGE][PASSED] - Delayed 2 second(s)

2019-05-27 17:06:15 - [TEST_STEP][PASSED] - delay(2, OPTIONAL): Delayed 2 second(s)

2019-05-27 17:06:17 - [MESSAGE][PASSED] - Delayed 2 second(s)

2019-05-27 17:06:17 - [TEST_STEP][PASSED] - click(findTestObject("OCS-MOBILE /Filter flyout/Haven St"), OPTIONAL): Object: 'Object Repository/OCS-MOBILE /Filter flyout/Haven St' is clicked on

2019-05-27 17:06:17 - [MESSAGE][PASSED] - Object: 'Object Repository/OCS-MOBILE /Filter flyout/Haven St' is clicked on

2019-05-27 17:06:17 - [TEST_STEP][PASSED] - delay(2, OPTIONAL): Delayed 2 second(s)

2019-05-27 17:06:19 - [MESSAGE][PASSED] - Delayed 2 second(s)

2019-05-27 17:06:19 - [TEST_STEP][PASSED] - click(findTestObject("OCS-MOBILE /Filter flyout/Emerald"), OPTIONAL): Object: 'Object Repository/OCS-MOBILE /Filter flyout/Emerald' is clicked on

2019-05-27 17:06:19 - [MESSAGE][PASSED] - Object: 'Object Repository/OCS-MOBILE /Filter flyout/Emerald' is clicked on

2019-05-27 17:06:19 - [TEST_STEP][PASSED] - delay(2, OPTIONAL): Delayed 2 second(s)

2019-05-27 17:06:21 - [MESSAGE][PASSED] - Delayed 2 second(s)

2019-05-27 17:06:21 - [TEST_STEP][NOT_RUN] - click(findTestObject("OCS-MOBILE /Filter flyout/Gage Cannabis Co"), OPTIONAL): NOT_RUN: click(findTestObject("OCS-MOBILE /Filter flyout/Gage Cannabis Co"), OPTIONAL)

2019-05-27 17:06:21 - [MESSAGE][NOT_RUN] - NOT_RUN: click(findTestObject("OCS-MOBILE /Filter flyout/Gage Cannabis Co"), OPTIONAL)

2019-05-27 17:06:21 - [TEST_STEP][PASSED] - delay(2, OPTIONAL): Delayed 2 second(s)

2019-05-27 17:06:23 - [MESSAGE][PASSED] - Delayed 2 second(s)

2019-05-27 17:06:23 - [TEST_STEP][NOT_RUN] - click(findTestObject("OCS-MOBILE /Filter flyout/INDIVA"), OPTIONAL): NOT_RUN: click(findTestObject("OCS-MOBILE /Filter flyout/INDIVA"), OPTIONAL)

2019-05-27 17:06:23 - [MESSAGE][NOT_RUN] - NOT_RUN: click(findTestObject("OCS-MOBILE /Filter flyout/INDIVA"), OPTIONAL)

2019-05-27 17:06:23 - [TEST_STEP][PASSED] - delay(2, OPTIONAL): Delayed 2 second(s)

2019-05-27 17:06:25 - [MESSAGE][PASSED] - Delayed 2 second(s)

2019-05-27 17:06:25 - [TEST_STEP][PASSED] - click(findTestObject("OCS-MOBILE /Filter flyout/RIFF"), OPTIONAL): Object: 'Object Repository/OCS-MOBILE /Filter flyout/RIFF' is clicked on

2019-05-27 17:06:25 - [MESSAGE][PASSED] - Object: 'Object Repository/OCS-MOBILE /Filter flyout/RIFF' is clicked on

2019-05-27 17:06:25 - [TEST_STEP][PASSED] - delay(2, OPTIONAL): Delayed 2 second(s)

2019-05-27 17:06:27 - [MESSAGE][PASSED] - Delayed 2 second(s)

2019-05-27 17:06:27 - [TEST_STEP][PASSED] - click(findTestObject("OCS-MOBILE /Filter flyout/Seven Oaks"), OPTIONAL): Object: 'Object Repository/OCS-MOBILE /Filter flyout/Seven Oaks' is clicked on

2019-05-27 17:06:28 - [MESSAGE][PASSED] - Object: 'Object Repository/OCS-MOBILE /Filter flyout/Seven Oaks' is clicked on

2019-05-27 17:06:28 - [TEST_STEP][PASSED] - delay(2, OPTIONAL): Delayed 2 second(s)

2019-05-27 17:06:30 - [MESSAGE][PASSED] - Delayed 2 second(s)

2019-05-27 17:06:30 - [TEST_STEP][PASSED] - click(findTestObject("Object Repository/COLLECTION PAGE _OR/Filter_OR/Page_Pre-Rolled  Ontario Cannabis S/label_Synr.g"), OPTIONAL): Unable to click on object (Root cause: java.lang.IllegalArgumentException: Object is null)

2019-05-27 17:06:30 - [MESSAGE][WARNING] - Test object with id 'Object Repository/COLLECTION PAGE _OR/Filter_OR/Page_Pre-Rolled  Ontario Cannabis S/label_Synr.g' does not exist

2019-05-27 17:06:30 - [MESSAGE][WARNING] - Test object with id 'Object Repository/' does not exist

2019-05-27 17:06:30 - [MESSAGE][WARNING] - Unable to click on object (Root cause: java.lang.IllegalArgumentException: Object is null)
[[ATTACHMENT|/Users/sumankompelly/Katalon Studio/OCS ( QA- 1.9.1 ) /Reports/QA ( 1.9.1)/HP, PROD , AG,COLL/20190527_170420/1558991190079.png]]

2019-05-27 17:06:30 - [TEST_STEP][PASSED] - delay(2, OPTIONAL): Delayed 2 second(s)

2019-05-27 17:06:32 - [MESSAGE][PASSED] - Delayed 2 second(s)

2019-05-27 17:06:32 - [TEST_STEP][PASSED] - click(findTestObject("OCS-MOBILE /Filter flyout/Trailblazer"), OPTIONAL): Object: 'Object Repository/OCS-MOBILE /Filter flyout/Trailblazer' is clicked on

2019-05-27 17:06:32 - [MESSAGE][PASSED] - Object: 'Object Repository/OCS-MOBILE /Filter flyout/Trailblazer' is clicked on

2019-05-27 17:06:32 - [TEST_STEP][PASSED] - delay(2, OPTIONAL): Delayed 2 second(s)

2019-05-27 17:06:34 - [MESSAGE][PASSED] - Delayed 2 second(s)

2019-05-27 17:06:34 - [TEST_STEP][PASSED] - click(findTestObject("OCS-MOBILE /Filter flyout/_Xscape"), OPTIONAL): Object: 'Object Repository/OCS-MOBILE /Filter flyout/_Xscape' is clicked on

2019-05-27 17:06:34 - [MESSAGE][PASSED] - Object: 'Object Repository/OCS-MOBILE /Filter flyout/_Xscape' is clicked on

2019-05-27 17:06:34 - [TEST_STEP][PASSED] - delay(2, OPTIONAL): Delayed 2 second(s)

2019-05-27 17:06:36 - [MESSAGE][PASSED] - Delayed 2 second(s)

2019-05-27 17:06:36 - [TEST_STEP][PASSED] - click(findTestObject("OCS-MOBILE /Filter flyout/Aurora"), OPTIONAL): Object: 'Object Repository/OCS-MOBILE /Filter flyout/Aurora' is clicked on

2019-05-27 17:06:36 - [MESSAGE][PASSED] - Object: 'Object Repository/OCS-MOBILE /Filter flyout/Aurora' is clicked on

2019-05-27 17:06:36 - [TEST_STEP][PASSED] - click(findTestObject("OCS-MOBILE /Filter flyout/Canna Farms"), OPTIONAL): Object: 'Object Repository/OCS-MOBILE /Filter flyout/Canna Farms' is clicked on

2019-05-27 17:06:37 - [MESSAGE][PASSED] - Object: 'Object Repository/OCS-MOBILE /Filter flyout/Canna Farms' is clicked on

2019-05-27 17:06:37 - [TEST_STEP][PASSED] - click(findTestObject("OCS-MOBILE /Filter flyout/Edison"), OPTIONAL): Object: 'Object Repository/OCS-MOBILE /Filter flyout/Edison' is clicked on

2019-05-27 17:06:37 - [MESSAGE][PASSED] - Object: 'Object Repository/OCS-MOBILE /Filter flyout/Edison' is clicked on

2019-05-27 17:06:37 - [TEST_STEP][PASSED] - click(findTestObject("OCS-MOBILE /Filter flyout/Flowr"), OPTIONAL): Object: 'Object Repository/OCS-MOBILE /Filter flyout/Flowr' is clicked on

2019-05-27 17:06:37 - [MESSAGE][PASSED] - Object: 'Object Repository/OCS-MOBILE /Filter flyout/Flowr' is clicked on

2019-05-27 17:06:37 - [TEST_STEP][PASSED] - click(findTestObject("OCS-MOBILE /Filter flyout/Haven St"), OPTIONAL): Object: 'Object Repository/OCS-MOBILE /Filter flyout/Haven St' is clicked on

2019-05-27 17:06:37 - [MESSAGE][PASSED] - Object: 'Object Repository/OCS-MOBILE /Filter flyout/Haven St' is clicked on

2019-05-27 17:06:37 - [TEST_STEP][PASSED] - click(findTestObject("OCS-MOBILE /Filter flyout/liiv"), OPTIONAL): Unable to click on object 'Object Repository/OCS-MOBILE /Filter flyout/liiv' (Root cause: com.kms.katalon.core.webui.exception.WebElementNotFoundException: Web element with id: 'Object Repository/OCS-MOBILE /Filter flyout/liiv' located by 'By.xpath: //span[(text() = 'liiv' or . = 'liiv')]' not found)

2019-05-27 17:07:08 - [MESSAGE][INFO] - Unable to find the element located by 'By.xpath: //span[(text() = 'liiv' or . = 'liiv')]'. Please recheck the objects properties to make sure the desired element is located. 

2019-05-27 17:07:08 - [MESSAGE][WARNING] - Unable to click on object 'Object Repository/OCS-MOBILE /Filter flyout/liiv' (Root cause: com.kms.katalon.core.webui.exception.WebElementNotFoundException: Web element with id: 'Object Repository/OCS-MOBILE /Filter flyout/liiv' located by 'By.xpath: //span[(text() = 'liiv' or . = 'liiv')]' not found)
[[ATTACHMENT|/Users/sumankompelly/Katalon Studio/OCS ( QA- 1.9.1 ) /Reports/QA ( 1.9.1)/HP, PROD , AG,COLL/20190527_170420/1558991228442.png]]

2019-05-27 17:07:08 - [TEST_STEP][PASSED] - click(findTestObject("OCS-MOBILE /Filter flyout/Saturday"), OPTIONAL): Object: 'Object Repository/OCS-MOBILE /Filter flyout/Saturday' is clicked on

2019-05-27 17:07:08 - [MESSAGE][PASSED] - Object: 'Object Repository/OCS-MOBILE /Filter flyout/Saturday' is clicked on

2019-05-27 17:07:08 - [TEST_STEP][PASSED] - click(findTestObject("OCS-MOBILE /Filter flyout/Spinach"), OPTIONAL): Unable to click on object 'Object Repository/OCS-MOBILE /Filter flyout/Spinach' (Root cause: com.kms.katalon.core.webui.exception.WebElementNotFoundException: Web element with id: 'Object Repository/OCS-MOBILE /Filter flyout/Spinach' located by 'By.xpath: //label[(text() = 'Spinach' or . = 'Spinach')]' not found)

2019-05-27 17:07:39 - [MESSAGE][INFO] - Unable to find the element located by 'By.xpath: //label[(text() = 'Spinach' or . = 'Spinach')]'. Please recheck the objects properties to make sure the desired element is located. 

2019-05-27 17:07:39 - [MESSAGE][WARNING] - Unable to click on object 'Object Repository/OCS-MOBILE /Filter flyout/Spinach' (Root cause: com.kms.katalon.core.webui.exception.WebElementNotFoundException: Web element with id: 'Object Repository/OCS-MOBILE /Filter flyout/Spinach' located by 'By.xpath: //label[(text() = 'Spinach' or . = 'Spinach')]' not found)
[[ATTACHMENT|/Users/sumankompelly/Katalon Studio/OCS ( QA- 1.9.1 ) /Reports/QA ( 1.9.1)/HP, PROD , AG,COLL/20190527_170420/1558991259239.png]]

2019-05-27 17:07:39 - [TEST_STEP][PASSED] - click(findTestObject("Object Repository/COLLECTION PAGE _OR/Filter_OR/Page_Pre-Rolled  Ontario Cannabis S/label_Spinach"), OPTIONAL): Unable to click on object (Root cause: java.lang.IllegalArgumentException: Object is null)

2019-05-27 17:07:39 - [MESSAGE][WARNING] - Test object with id 'Object Repository/COLLECTION PAGE _OR/Filter_OR/Page_Pre-Rolled  Ontario Cannabis S/label_Spinach' does not exist

2019-05-27 17:07:39 - [MESSAGE][WARNING] - Test object with id 'Object Repository/' does not exist

2019-05-27 17:07:39 - [MESSAGE][WARNING] - Unable to click on object (Root cause: java.lang.IllegalArgumentException: Object is null)
[[ATTACHMENT|/Users/sumankompelly/Katalon Studio/OCS ( QA- 1.9.1 ) /Reports/QA ( 1.9.1)/HP, PROD , AG,COLL/20190527_170420/1558991259286.png]]

2019-05-27 17:07:39 - [TEST_STEP][PASSED] - click(findTestObject("OCS-MOBILE /Filter flyout/THC BioMed"), OPTIONAL): Object: 'Object Repository/OCS-MOBILE /Filter flyout/THC BioMed' is clicked on

2019-05-27 17:07:39 - [MESSAGE][PASSED] - Object: 'Object Repository/OCS-MOBILE /Filter flyout/THC BioMed' is clicked on

2019-05-27 17:07:39 - [TEST_STEP][PASSED] - click(findTestObject("OCS-MOBILE /Filter flyout/Whistler Cannabis Co"), OPTIONAL): Object: 'Object Repository/OCS-MOBILE /Filter flyout/Whistler Cannabis Co' is clicked on

2019-05-27 17:07:39 - [MESSAGE][PASSED] - Object: 'Object Repository/OCS-MOBILE /Filter flyout/Whistler Cannabis Co' is clicked on

2019-05-27 17:07:39 - [TEST_STEP][PASSED] - click(findTestObject("OCS-MOBILE /Filter flyout/Spinach"), OPTIONAL): Unable to click on object 'Object Repository/OCS-MOBILE /Filter flyout/Spinach' (Root cause: com.kms.katalon.core.webui.exception.WebElementNotFoundException: Web element with id: 'Object Repository/OCS-MOBILE /Filter flyout/Spinach' located by 'By.xpath: //label[(text() = 'Spinach' or . = 'Spinach')]' not found)

2019-05-27 17:08:10 - [MESSAGE][INFO] - Unable to find the element located by 'By.xpath: //label[(text() = 'Spinach' or . = 'Spinach')]'. Please recheck the objects properties to make sure the desired element is located. 

2019-05-27 17:08:10 - [MESSAGE][WARNING] - Unable to click on object 'Object Repository/OCS-MOBILE /Filter flyout/Spinach' (Root cause: com.kms.katalon.core.webui.exception.WebElementNotFoundException: Web element with id: 'Object Repository/OCS-MOBILE /Filter flyout/Spinach' located by 'By.xpath: //label[(text() = 'Spinach' or . = 'Spinach')]' not found)
[[ATTACHMENT|/Users/sumankompelly/Katalon Studio/OCS ( QA- 1.9.1 ) /Reports/QA ( 1.9.1)/HP, PROD , AG,COLL/20190527_170420/1558991290319.png]]

2019-05-27 17:08:10 - [TEST_STEP][PASSED] - click(findTestObject("OCS-MOBILE /Filter flyout/Spinach1"), OPTIONAL): Object: 'Object Repository/OCS-MOBILE /Filter flyout/Spinach1' is clicked on

2019-05-27 17:08:10 - [MESSAGE][PASSED] - Object: 'Object Repository/OCS-MOBILE /Filter flyout/Spinach1' is clicked on

2019-05-27 17:08:10 - [TEST_STEP][NOT_RUN] - click(findTestObject("OCS-MOBILE /Filter flyout/Learn More About brand"), OPTIONAL): NOT_RUN: click(findTestObject("OCS-MOBILE /Filter flyout/Learn More About brand"), OPTIONAL)

2019-05-27 17:08:10 - [MESSAGE][NOT_RUN] - NOT_RUN: click(findTestObject("OCS-MOBILE /Filter flyout/Learn More About brand"), OPTIONAL)

2019-05-27 17:08:10 - [TEST_STEP][NOT_RUN] - setText(findTestObject("OCS-MOBILE /Filter flyout/Input to search - brand"), "boveda", OPTIONAL): NOT_RUN: setText(findTestObject("OCS-MOBILE /Filter flyout/Input to search - brand"), "boveda", OPTIONAL)

2019-05-27 17:08:10 - [MESSAGE][NOT_RUN] - NOT_RUN: setText(findTestObject("OCS-MOBILE /Filter flyout/Input to search - brand"), "boveda", OPTIONAL)

2019-05-27 17:08:10 - [TEST_STEP][NOT_RUN] - verifyTextPresent("", Keys.chord(ENTER), OPTIONAL): NOT_RUN: verifyTextPresent("", Keys.chord(ENTER), OPTIONAL)

2019-05-27 17:08:10 - [MESSAGE][NOT_RUN] - NOT_RUN: verifyTextPresent("", Keys.chord(ENTER), OPTIONAL)

2019-05-27 17:08:10 - [TEST_STEP][NOT_RUN] - verifyTextPresent("Boveda", false, OPTIONAL): NOT_RUN: verifyTextPresent("Boveda", false, OPTIONAL)

2019-05-27 17:08:10 - [MESSAGE][NOT_RUN] - NOT_RUN: verifyTextPresent("Boveda", false, OPTIONAL)

2019-05-27 17:08:10 - [TEST_STEP][NOT_RUN] - setText(findTestObject("OCS-MOBILE /Filter flyout/Input to search - brand"), "ace valley", OPTIONAL): NOT_RUN: setText(findTestObject("OCS-MOBILE /Filter flyout/Input to search - brand"), "ace valley", OPTIONAL)

2019-05-27 17:08:10 - [MESSAGE][NOT_RUN] - NOT_RUN: setText(findTestObject("OCS-MOBILE /Filter flyout/Input to search - brand"), "ace valley", OPTIONAL)

2019-05-27 17:08:10 - [TEST_STEP][NOT_RUN] - sendKeys(findTestObject("Object Repository/COLLECTION PAGE _OR/Filter_OR/Page_Shop by Brands  Ontario Cannab/input_Shop by Brands_q"), Keys.chord(ENTER), OPTIONAL): NOT_RUN: sendKeys(findTestObject("Object Repository/COLLECTION PAGE _OR/Filter_OR/Page_Shop by Brands  Ontario Cannab/input_Shop by Brands_q"), Keys.chord(ENTER), OPTIONAL)

2019-05-27 17:08:10 - [MESSAGE][NOT_RUN] - NOT_RUN: sendKeys(findTestObject("Object Repository/COLLECTION PAGE _OR/Filter_OR/Page_Shop by Brands  Ontario Cannab/input_Shop by Brands_q"), Keys.chord(ENTER), OPTIONAL)

2019-05-27 17:08:10 - [TEST_STEP][NOT_RUN] - verifyTextPresent("Ace Valley", false, OPTIONAL): NOT_RUN: verifyTextPresent("Ace Valley", false, OPTIONAL)

2019-05-27 17:08:10 - [MESSAGE][NOT_RUN] - NOT_RUN: verifyTextPresent("Ace Valley", false, OPTIONAL)

2019-05-27 17:08:10 - [TEST_STEP][NOT_RUN] - back(OPTIONAL): NOT_RUN: back(OPTIONAL)

2019-05-27 17:08:10 - [MESSAGE][NOT_RUN] - NOT_RUN: back(OPTIONAL)

2019-05-27 17:08:10 - [TEST_STEP][NOT_RUN] - back(OPTIONAL): NOT_RUN: back(OPTIONAL)

2019-05-27 17:08:10 - [MESSAGE][NOT_RUN] - NOT_RUN: back(OPTIONAL)

2019-05-27 17:08:10 - [TEST_STEP][NOT_RUN] - click(findTestObject("OCS-MOBILE /Filter flyout/Filter option"), OPTIONAL): NOT_RUN: click(findTestObject("OCS-MOBILE /Filter flyout/Filter option"), OPTIONAL)

2019-05-27 17:08:10 - [MESSAGE][NOT_RUN] - NOT_RUN: click(findTestObject("OCS-MOBILE /Filter flyout/Filter option"), OPTIONAL)

2019-05-27 17:08:10 - [TEST_STEP][PASSED] - click(findTestObject("OCS-MOBILE /Filter flyout/Terpenes tooltip"), OPTIONAL): Object: 'Object Repository/OCS-MOBILE /Filter flyout/Terpenes tooltip' is clicked on

2019-05-27 17:08:10 - [MESSAGE][PASSED] - Object: 'Object Repository/OCS-MOBILE /Filter flyout/Terpenes tooltip' is clicked on

2019-05-27 17:08:10 - [TEST_STEP][PASSED] - click(findTestObject("OCS-MOBILE /Filter flyout/Terpenes plus accordian"), OPTIONAL): Object: 'Object Repository/OCS-MOBILE /Filter flyout/Terpenes plus accordian' is clicked on

2019-05-27 17:08:11 - [MESSAGE][PASSED] - Object: 'Object Repository/OCS-MOBILE /Filter flyout/Terpenes plus accordian' is clicked on

2019-05-27 17:08:11 - [TEST_STEP][PASSED] - click(findTestObject("OCS-MOBILE /Filter flyout/Terpenes subtract accordian"), OPTIONAL): Object: 'Object Repository/OCS-MOBILE /Filter flyout/Terpenes subtract accordian' is clicked on

2019-05-27 17:08:11 - [MESSAGE][PASSED] - Object: 'Object Repository/OCS-MOBILE /Filter flyout/Terpenes subtract accordian' is clicked on

2019-05-27 17:08:11 - [TEST_STEP][PASSED] - click(findTestObject("OCS-MOBILE /Filter flyout/Terpenes plus accordian"), OPTIONAL): Object: 'Object Repository/OCS-MOBILE /Filter flyout/Terpenes plus accordian' is clicked on

2019-05-27 17:08:11 - [MESSAGE][PASSED] - Object: 'Object Repository/OCS-MOBILE /Filter flyout/Terpenes plus accordian' is clicked on

2019-05-27 17:08:11 - [TEST_STEP][PASSED] - click(findTestObject("OCS-MOBILE /Filter flyout/Alpha-bisabolol"), OPTIONAL): Object: 'Object Repository/OCS-MOBILE /Filter flyout/Alpha-bisabolol' is clicked on

2019-05-27 17:08:11 - [MESSAGE][PASSED] - Object: 'Object Repository/OCS-MOBILE /Filter flyout/Alpha-bisabolol' is clicked on

2019-05-27 17:08:11 - [TEST_STEP][PASSED] - click(findTestObject("OCS-MOBILE /Filter flyout/Alpha-pinene"), OPTIONAL): Object: 'Object Repository/OCS-MOBILE /Filter flyout/Alpha-pinene' is clicked on

2019-05-27 17:08:12 - [MESSAGE][PASSED] - Object: 'Object Repository/OCS-MOBILE /Filter flyout/Alpha-pinene' is clicked on

2019-05-27 17:08:12 - [TEST_STEP][PASSED] - click(findTestObject("Object Repository/COLLECTION PAGE _OR/Filter_OR/Page_Pre-Rolled  Ontario Cannabis S/label_Alpha-pinene"), OPTIONAL): Unable to click on object (Root cause: java.lang.IllegalArgumentException: Object is null)

2019-05-27 17:08:12 - [MESSAGE][WARNING] - Test object with id 'Object Repository/COLLECTION PAGE _OR/Filter_OR/Page_Pre-Rolled  Ontario Cannabis S/label_Alpha-pinene' does not exist

2019-05-27 17:08:12 - [MESSAGE][WARNING] - Test object with id 'Object Repository/' does not exist

2019-05-27 17:08:12 - [MESSAGE][WARNING] - Unable to click on object (Root cause: java.lang.IllegalArgumentException: Object is null)
[[ATTACHMENT|/Users/sumankompelly/Katalon Studio/OCS ( QA- 1.9.1 ) /Reports/QA ( 1.9.1)/HP, PROD , AG,COLL/20190527_170420/1558991292065.png]]

2019-05-27 17:08:12 - [TEST_STEP][PASSED] - click(findTestObject("OCS-MOBILE /Filter flyout/Beta-pinene"), OPTIONAL): Object: 'Object Repository/OCS-MOBILE /Filter flyout/Beta-pinene' is clicked on

2019-05-27 17:08:12 - [MESSAGE][PASSED] - Object: 'Object Repository/OCS-MOBILE /Filter flyout/Beta-pinene' is clicked on

2019-05-27 17:08:12 - [TEST_STEP][PASSED] - click(findTestObject("OCS-MOBILE /Filter flyout/Guaiol"), OPTIONAL): Object: 'Object Repository/OCS-MOBILE /Filter flyout/Guaiol' is clicked on

2019-05-27 17:08:12 - [MESSAGE][PASSED] - Object: 'Object Repository/OCS-MOBILE /Filter flyout/Guaiol' is clicked on

2019-05-27 17:08:12 - [TEST_STEP][PASSED] - click(findTestObject("OCS-MOBILE /Filter flyout/Limonene"), OPTIONAL): Unable to click on object 'Object Repository/OCS-MOBILE /Filter flyout/Limonene' (Root cause: com.kms.katalon.core.webui.exception.WebElementNotFoundException: Web element with id: 'Object Repository/OCS-MOBILE /Filter flyout/Limonene' located by 'By.xpath: /html/body/div[2]/div[2]/div[2]/div/div[4]/div[2]/div/fieldset/div[17]/label/span' not found)

2019-05-27 17:08:43 - [MESSAGE][INFO] - Unable to find the element located by 'By.xpath: /html/body/div[2]/div[2]/div[2]/div/div[4]/div[2]/div/fieldset/div[17]/label/span'. Please recheck the objects properties to make sure the desired element is located. 

2019-05-27 17:08:43 - [MESSAGE][WARNING] - Unable to click on object 'Object Repository/OCS-MOBILE /Filter flyout/Limonene' (Root cause: com.kms.katalon.core.webui.exception.WebElementNotFoundException: Web element with id: 'Object Repository/OCS-MOBILE /Filter flyout/Limonene' located by 'By.xpath: /html/body/div[2]/div[2]/div[2]/div/div[4]/div[2]/div/fieldset/div[17]/label/span' not found)
[[ATTACHMENT|/Users/sumankompelly/Katalon Studio/OCS ( QA- 1.9.1 ) /Reports/QA ( 1.9.1)/HP, PROD , AG,COLL/20190527_170420/1558991323044.png]]

2019-05-27 17:08:43 - [TEST_STEP][PASSED] - delay(1, OPTIONAL): Delayed 1 second(s)

2019-05-27 17:08:44 - [MESSAGE][PASSED] - Delayed 1 second(s)

2019-05-27 17:08:44 - [TEST_STEP][PASSED] - click(findTestObject("OCS-MOBILE /Filter flyout/Myrcene"), OPTIONAL): Object: 'Object Repository/OCS-MOBILE /Filter flyout/Myrcene' is clicked on

2019-05-27 17:08:44 - [MESSAGE][PASSED] - Object: 'Object Repository/OCS-MOBILE /Filter flyout/Myrcene' is clicked on

2019-05-27 17:08:44 - [TEST_STEP][PASSED] - delay(1, OPTIONAL): Delayed 1 second(s)

2019-05-27 17:08:45 - [MESSAGE][PASSED] - Delayed 1 second(s)

2019-05-27 17:08:45 - [TEST_STEP][PASSED] - click(findTestObject("OCS-MOBILE /Filter flyout/Ocimene"), OPTIONAL): Object: 'Object Repository/OCS-MOBILE /Filter flyout/Ocimene' is clicked on

2019-05-27 17:08:45 - [MESSAGE][PASSED] - Object: 'Object Repository/OCS-MOBILE /Filter flyout/Ocimene' is clicked on

2019-05-27 17:08:45 - [TEST_STEP][PASSED] - click(findTestObject("OCS-MOBILE /Filter flyout/Terpinene"), OPTIONAL): Unable to click on object 'Object Repository/OCS-MOBILE /Filter flyout/Terpinene' (Root cause: org.openqa.selenium.ElementClickInterceptedException: Element <span> is not clickable at point (210,417) because another element <div class="filter__applied-filters"> obscures it
Build info: version: '3.7.1', revision: '8a0099a', time: '2017-11-06T21:07:36.161Z'
System info: host: 'sumans-MacBook-Pro.local', ip: 'fe80:0:0:0:1c60:f35:3790:b4fa%en0', os.name: 'Mac OS X', os.arch: 'x86_64', os.version: '10.13.6', java.version: '1.8.0_181'
Driver info: com.kms.katalon.core.webui.driver.firefox.CGeckoDriver
Capabilities {acceptInsecureCerts: true, browserName: firefox, browserVersion: 67.0, javascriptEnabled: true, moz:accessibilityChecks: false, moz:buildID: 20190516215225, moz:geckodriverVersion: 0.23.0, moz:headless: false, moz:processID: 1680, moz:profile: /var/folders/1t/c55l8xzs6gq..., moz:shutdownTimeout: 60000, moz:useNonSpecCompliantPointerOrigin: false, moz:webdriverClick: true, pageLoadStrategy: normal, platform: MAC, platformName: MAC, platformVersion: 17.7.0, proxy: Proxy(direct), rotatable: false, setWindowRect: true, strictFileInteractability: false, timeouts: {implicit: 0, pageLoad: 300000, script: 30000}, unhandledPromptBehavior: dismiss and notify}
Session ID: 1157d7db-3063-304d-9faf-7039ae689743)

2019-05-27 17:08:45 - [MESSAGE][WARNING] - Unable to click on object 'Object Repository/OCS-MOBILE /Filter flyout/Terpinene' (Root cause: org.openqa.selenium.ElementClickInterceptedException: Element <span> is not clickable at point (210,417) because another element <div class="filter__applied-filters"> obscures it
Build info: version: '3.7.1', revision: '8a0099a', time: '2017-11-06T21:07:36.161Z'
System info: host: 'sumans-MacBook-Pro.local', ip: 'fe80:0:0:0:1c60:f35:3790:b4fa%en0', os.name: 'Mac OS X', os.arch: 'x86_64', os.version: '10.13.6', java.version: '1.8.0_181'
Driver info: com.kms.katalon.core.webui.driver.firefox.CGeckoDriver
Capabilities {acceptInsecureCerts: true, browserName: firefox, browserVersion: 67.0, javascriptEnabled: true, moz:accessibilityChecks: false, moz:buildID: 20190516215225, moz:geckodriverVersion: 0.23.0, moz:headless: false, moz:processID: 1680, moz:profile: /var/folders/1t/c55l8xzs6gq..., moz:shutdownTimeout: 60000, moz:useNonSpecCompliantPointerOrigin: false, moz:webdriverClick: true, pageLoadStrategy: normal, platform: MAC, platformName: MAC, platformVersion: 17.7.0, proxy: Proxy(direct), rotatable: false, setWindowRect: true, strictFileInteractability: false, timeouts: {implicit: 0, pageLoad: 300000, script: 30000}, unhandledPromptBehavior: dismiss and notify}
Session ID: 1157d7db-3063-304d-9faf-7039ae689743)
[[ATTACHMENT|/Users/sumankompelly/Katalon Studio/OCS ( QA- 1.9.1 ) /Reports/QA ( 1.9.1)/HP, PROD , AG,COLL/20190527_170420/1558991325654.png]]

2019-05-27 17:08:45 - [TEST_STEP][PASSED] - click(findTestObject("OCS-MOBILE /Filter flyout/Terpinolene"), OPTIONAL): Unable to click on object 'Object Repository/OCS-MOBILE /Filter flyout/Terpinolene' (Root cause: org.openqa.selenium.ElementClickInterceptedException: Element <span> is not clickable at point (212,417) because another element <div class="filter__applied-filters"> obscures it
Build info: version: '3.7.1', revision: '8a0099a', time: '2017-11-06T21:07:36.161Z'
System info: host: 'sumans-MacBook-Pro.local', ip: 'fe80:0:0:0:1c60:f35:3790:b4fa%en0', os.name: 'Mac OS X', os.arch: 'x86_64', os.version: '10.13.6', java.version: '1.8.0_181'
Driver info: com.kms.katalon.core.webui.driver.firefox.CGeckoDriver
Capabilities {acceptInsecureCerts: true, browserName: firefox, browserVersion: 67.0, javascriptEnabled: true, moz:accessibilityChecks: false, moz:buildID: 20190516215225, moz:geckodriverVersion: 0.23.0, moz:headless: false, moz:processID: 1680, moz:profile: /var/folders/1t/c55l8xzs6gq..., moz:shutdownTimeout: 60000, moz:useNonSpecCompliantPointerOrigin: false, moz:webdriverClick: true, pageLoadStrategy: normal, platform: MAC, platformName: MAC, platformVersion: 17.7.0, proxy: Proxy(direct), rotatable: false, setWindowRect: true, strictFileInteractability: false, timeouts: {implicit: 0, pageLoad: 300000, script: 30000}, unhandledPromptBehavior: dismiss and notify}
Session ID: 1157d7db-3063-304d-9faf-7039ae689743)

2019-05-27 17:08:45 - [MESSAGE][WARNING] - Unable to click on object 'Object Repository/OCS-MOBILE /Filter flyout/Terpinolene' (Root cause: org.openqa.selenium.ElementClickInterceptedException: Element <span> is not clickable at point (212,417) because another element <div class="filter__applied-filters"> obscures it
Build info: version: '3.7.1', revision: '8a0099a', time: '2017-11-06T21:07:36.161Z'
System info: host: 'sumans-MacBook-Pro.local', ip: 'fe80:0:0:0:1c60:f35:3790:b4fa%en0', os.name: 'Mac OS X', os.arch: 'x86_64', os.version: '10.13.6', java.version: '1.8.0_181'
Driver info: com.kms.katalon.core.webui.driver.firefox.CGeckoDriver
Capabilities {acceptInsecureCerts: true, browserName: firefox, browserVersion: 67.0, javascriptEnabled: true, moz:accessibilityChecks: false, moz:buildID: 20190516215225, moz:geckodriverVersion: 0.23.0, moz:headless: false, moz:processID: 1680, moz:profile: /var/folders/1t/c55l8xzs6gq..., moz:shutdownTimeout: 60000, moz:useNonSpecCompliantPointerOrigin: false, moz:webdriverClick: true, pageLoadStrategy: normal, platform: MAC, platformName: MAC, platformVersion: 17.7.0, proxy: Proxy(direct), rotatable: false, setWindowRect: true, strictFileInteractability: false, timeouts: {implicit: 0, pageLoad: 300000, script: 30000}, unhandledPromptBehavior: dismiss and notify}
Session ID: 1157d7db-3063-304d-9faf-7039ae689743)
[[ATTACHMENT|/Users/sumankompelly/Katalon Studio/OCS ( QA- 1.9.1 ) /Reports/QA ( 1.9.1)/HP, PROD , AG,COLL/20190527_170420/1558991325719.png]]

2019-05-27 17:08:45 - [TEST_STEP][PASSED] - delay(1, OPTIONAL): Delayed 1 second(s)

2019-05-27 17:08:46 - [MESSAGE][PASSED] - Delayed 1 second(s)

2019-05-27 17:08:46 - [TEST_STEP][NOT_RUN] - click(findTestObject("Object Repository/COLLECTION PAGE _OR/Filter_OR/Page_Pre-Rolled  Ontario Cannabis S/span_Trans-caryophyllene"), OPTIONAL): NOT_RUN: click(findTestObject("Object Repository/COLLECTION PAGE _OR/Filter_OR/Page_Pre-Rolled  Ontario Cannabis S/span_Trans-caryophyllene"), OPTIONAL)

2019-05-27 17:08:46 - [MESSAGE][NOT_RUN] - NOT_RUN: click(findTestObject("Object Repository/COLLECTION PAGE _OR/Filter_OR/Page_Pre-Rolled  Ontario Cannabis S/span_Trans-caryophyllene"), OPTIONAL)

2019-05-27 17:08:46 - [TEST_STEP][PASSED] - click(findTestObject("OCS-MOBILE /Filter flyout/Terpineol"), OPTIONAL): Object: 'Object Repository/OCS-MOBILE /Filter flyout/Terpineol' is clicked on

2019-05-27 17:08:47 - [MESSAGE][PASSED] - Object: 'Object Repository/OCS-MOBILE /Filter flyout/Terpineol' is clicked on

2019-05-27 17:08:47 - [TEST_STEP][PASSED] - click(findTestObject("OCS-MOBILE /Filter flyout/Para-cymenene"), OPTIONAL): Object: 'Object Repository/OCS-MOBILE /Filter flyout/Para-cymenene' is clicked on

2019-05-27 17:08:47 - [MESSAGE][PASSED] - Object: 'Object Repository/OCS-MOBILE /Filter flyout/Para-cymenene' is clicked on

2019-05-27 17:08:47 - [TEST_STEP][PASSED] - click(findTestObject("OCS-MOBILE /Filter flyout/Nerolidol"), OPTIONAL): Object: 'Object Repository/OCS-MOBILE /Filter flyout/Nerolidol' is clicked on

2019-05-27 17:08:47 - [MESSAGE][PASSED] - Object: 'Object Repository/OCS-MOBILE /Filter flyout/Nerolidol' is clicked on

2019-05-27 17:08:47 - [TEST_STEP][PASSED] - click(findTestObject("OCS-MOBILE /Filter flyout/Linalool"), OPTIONAL): Object: 'Object Repository/OCS-MOBILE /Filter flyout/Linalool' is clicked on

2019-05-27 17:08:47 - [MESSAGE][PASSED] - Object: 'Object Repository/OCS-MOBILE /Filter flyout/Linalool' is clicked on

2019-05-27 17:08:47 - [TEST_STEP][PASSED] - click(findTestObject("OCS-MOBILE /Filter flyout/Humulene"), OPTIONAL): Object: 'Object Repository/OCS-MOBILE /Filter flyout/Humulene' is clicked on

2019-05-27 17:08:48 - [MESSAGE][PASSED] - Object: 'Object Repository/OCS-MOBILE /Filter flyout/Humulene' is clicked on

2019-05-27 17:08:48 - [TEST_STEP][PASSED] - click(findTestObject("OCS-MOBILE /Filter flyout/Bisabolol"), OPTIONAL): Object: 'Object Repository/OCS-MOBILE /Filter flyout/Bisabolol' is clicked on

2019-05-27 17:08:48 - [MESSAGE][PASSED] - Object: 'Object Repository/OCS-MOBILE /Filter flyout/Bisabolol' is clicked on

2019-05-27 17:08:48 - [TEST_STEP][PASSED] - click(findTestObject("OCS-MOBILE /Filter flyout/Beta-caryophyllene"), OPTIONAL): Object: 'Object Repository/OCS-MOBILE /Filter flyout/Beta-caryophyllene' is clicked on

2019-05-27 17:08:48 - [MESSAGE][PASSED] - Object: 'Object Repository/OCS-MOBILE /Filter flyout/Beta-caryophyllene' is clicked on

2019-05-27 17:08:48 - [TEST_STEP][PASSED] - click(findTestObject("OCS-MOBILE /Filter flyout/Alpha-caryophyllene"), OPTIONAL): Object: 'Object Repository/OCS-MOBILE /Filter flyout/Alpha-caryophyllene' is clicked on

2019-05-27 17:08:48 - [MESSAGE][PASSED] - Object: 'Object Repository/OCS-MOBILE /Filter flyout/Alpha-caryophyllene' is clicked on

2019-05-27 17:08:48 - [TEST_STEP][PASSED] - click(findTestObject("OCS-MOBILE /Filter flyout/Trans-caryophyllene"), OPTIONAL): Object: 'Object Repository/OCS-MOBILE /Filter flyout/Trans-caryophyllene' is clicked on

2019-05-27 17:08:49 - [MESSAGE][PASSED] - Object: 'Object Repository/OCS-MOBILE /Filter flyout/Trans-caryophyllene' is clicked on

2019-05-27 17:08:49 - [TEST_STEP][PASSED] - delay(2): Delayed 2 second(s)

2019-05-27 17:08:51 - [MESSAGE][PASSED] - Delayed 2 second(s)

2019-05-27 17:08:51 - [TEST_STEP][PASSED] - delay(1, OPTIONAL): Delayed 1 second(s)

2019-05-27 17:08:52 - [MESSAGE][PASSED] - Delayed 1 second(s)

2019-05-27 17:08:52 - [TEST_STEP][PASSED] - click(findTestObject("OCS-MOBILE /Filter flyout/Done (43)")): Object: 'Object Repository/OCS-MOBILE /Filter flyout/Done (43)' is clicked on

2019-05-27 17:08:56 - [MESSAGE][PASSED] - Object: 'Object Repository/OCS-MOBILE /Filter flyout/Done (43)' is clicked on

2019-05-27 17:08:56 - [TEST_STEP][PASSED] - a = getText(findTestObject("OCS-MOBILE /Filter flyout/li_Pre-Rolled")): Text of object 'Object Repository/OCS-MOBILE /Filter flyout/li_Pre-Rolled' is: 'INDICA DOMINANT DRIED FLOWER'

2019-05-27 17:08:56 - [MESSAGE][PASSED] - Text of object 'Object Repository/OCS-MOBILE /Filter flyout/li_Pre-Rolled' is: 'INDICA DOMINANT DRIED FLOWER'

2019-05-27 17:08:56 - [TEST_STEP][PASSED] - comment(a): INDICA DOMINANT DRIED FLOWER

2019-05-27 17:08:56 - [MESSAGE][INFO] - INDICA DOMINANT DRIED FLOWER

2019-05-27 17:08:56 - [TEST_STEP][PASSED] - if (a == "40 Products"): null

2019-05-27 17:08:56 - [TEST_STEP][PASSED] - else: products filtered

2019-05-27 17:08:56 - [TEST_STEP][PASSED] - comment("products filtered"): products filtered

2019-05-27 17:08:56 - [MESSAGE][INFO] - products filtered

2019-05-27 17:08:56 - [TEST_STEP][NOT_RUN] - callTestCase(findTestCase("OCS - MOBILE/OCS-COLLECTION PAGE/calling test case"), [:], STOP_ON_FAILURE): NOT_RUN: callTestCase(findTestCase("OCS - MOBILE/OCS-COLLECTION PAGE/calling test case"), [:], STOP_ON_FAILURE)

2019-05-27 17:08:56 - [MESSAGE][NOT_RUN] - NOT_RUN: callTestCase(findTestCase("OCS - MOBILE/OCS-COLLECTION PAGE/calling test case"), [:], STOP_ON_FAILURE)

2019-05-27 17:08:56 - [TEST_STEP][NOT_RUN] - click(findTestObject("OCS-MOBILE /Filter flyout/Filter option")): NOT_RUN: click(findTestObject("OCS-MOBILE /Filter flyout/Filter option"))

2019-05-27 17:08:56 - [MESSAGE][NOT_RUN] - NOT_RUN: click(findTestObject("OCS-MOBILE /Filter flyout/Filter option"))

2019-05-27 17:08:56 - [TEST_STEP][NOT_RUN] - delay(2): NOT_RUN: delay(2)

2019-05-27 17:08:56 - [MESSAGE][NOT_RUN] - NOT_RUN: delay(2)

2019-05-27 17:08:56 - [TEST_STEP][NOT_RUN] - setViewPortSize(1000, 800, OPTIONAL): NOT_RUN: setViewPortSize(1000, 800, OPTIONAL)

2019-05-27 17:08:56 - [MESSAGE][NOT_RUN] - NOT_RUN: setViewPortSize(1000, 800, OPTIONAL)

2019-05-27 17:08:56 - [TEST_STEP][NOT_RUN] - delay(2, OPTIONAL): NOT_RUN: delay(2, OPTIONAL)

2019-05-27 17:08:56 - [MESSAGE][NOT_RUN] - NOT_RUN: delay(2, OPTIONAL)

2019-05-27 17:08:56 - [TEST_STEP][NOT_RUN] - click(findTestObject("Theme_oR/Page_Ontario Cannabis Store  Ontari/button_Hide bar"), OPTIONAL): NOT_RUN: click(findTestObject("Theme_oR/Page_Ontario Cannabis Store  Ontari/button_Hide bar"), OPTIONAL)

2019-05-27 17:08:56 - [MESSAGE][NOT_RUN] - NOT_RUN: click(findTestObject("Theme_oR/Page_Ontario Cannabis Store  Ontari/button_Hide bar"), OPTIONAL)

2019-05-27 17:08:56 - [TEST_STEP][NOT_RUN] - delay(2, OPTIONAL): NOT_RUN: delay(2, OPTIONAL)

2019-05-27 17:08:56 - [MESSAGE][NOT_RUN] - NOT_RUN: delay(2, OPTIONAL)

2019-05-27 17:08:56 - [TEST_STEP][NOT_RUN] - setViewPortSize(360, 800, OPTIONAL): NOT_RUN: setViewPortSize(360, 800, OPTIONAL)

2019-05-27 17:08:56 - [MESSAGE][NOT_RUN] - NOT_RUN: setViewPortSize(360, 800, OPTIONAL)

2019-05-27 17:08:56 - [TEST_STEP][NOT_RUN] - delay(1, OPTIONAL): NOT_RUN: delay(1, OPTIONAL)

2019-05-27 17:08:56 - [MESSAGE][NOT_RUN] - NOT_RUN: delay(1, OPTIONAL)

2019-05-27 17:08:56 - [TEST_STEP][NOT_RUN] - click(findTestObject("OCS-MOBILE /Filter flyout/Learn More About Terpenes")): NOT_RUN: click(findTestObject("OCS-MOBILE /Filter flyout/Learn More About Terpenes"))

2019-05-27 17:08:56 - [MESSAGE][NOT_RUN] - NOT_RUN: click(findTestObject("OCS-MOBILE /Filter flyout/Learn More About Terpenes"))]]></system-out>
         <system-err><![CDATA[]]></system-err>
      </testcase>
      <testcase name="Test Cases/OCS - MOBILE/OCS-COLLECTION PAGE/Sort" classname="Test Cases/OCS - MOBILE/OCS-COLLECTION PAGE/Sort" status="FAILED">
         <failure type="FAILED" message="Test Cases/OCS - MOBILE/OCS-COLLECTION PAGE/Sort FAILED.
Reason:
com.kms.katalon.core.exception.StepFailedException: Unable to click on object 'Object Repository/OCS-MOBILE /Collection page/sort option' (Root cause: org.openqa.selenium.ElementNotInteractableException: Element &lt;i class=&quot;icon--sort&quot;> could not be scrolled into view
Build info: version: '3.7.1', revision: '8a0099a', time: '2017-11-06T21:07:36.161Z'
System info: host: 'sumans-MacBook-Pro.local', ip: 'fe80:0:0:0:1c60:f35:3790:b4fa%en0', os.name: 'Mac OS X', os.arch: 'x86_64', os.version: '10.13.6', java.version: '1.8.0_181'
Driver info: com.kms.katalon.core.webui.driver.firefox.CGeckoDriver
Capabilities {acceptInsecureCerts: true, browserName: firefox, browserVersion: 67.0, javascriptEnabled: true, moz:accessibilityChecks: false, moz:buildID: 20190516215225, moz:geckodriverVersion: 0.23.0, moz:headless: false, moz:processID: 1702, moz:profile: /var/folders/1t/c55l8xzs6gq..., moz:shutdownTimeout: 60000, moz:useNonSpecCompliantPointerOrigin: false, moz:webdriverClick: true, pageLoadStrategy: normal, platform: MAC, platformName: MAC, platformVersion: 17.7.0, proxy: Proxy(direct), rotatable: false, setWindowRect: true, strictFileInteractability: false, timeouts: {implicit: 0, pageLoad: 300000, script: 30000}, unhandledPromptBehavior: dismiss and notify}
Session ID: 04ff1b94-d62e-7b4f-8e9f-3c4d7ce5e021)
	at com.kms.katalon.core.keyword.internal.KeywordMain.stepFailed(KeywordMain.groovy:36)
	at com.kms.katalon.core.webui.keyword.internal.WebUIKeywordMain.stepFailed(WebUIKeywordMain.groovy:65)
	at com.kms.katalon.core.webui.keyword.internal.WebUIKeywordMain.runKeyword(WebUIKeywordMain.groovy:27)
	at com.kms.katalon.core.webui.keyword.builtin.ClickKeyword.click(ClickKeyword.groovy:86)
	at com.kms.katalon.core.webui.keyword.builtin.ClickKeyword.execute(ClickKeyword.groovy:67)
	at com.kms.katalon.core.keyword.internal.KeywordExecutor.executeKeywordForPlatform(KeywordExecutor.groovy:53)
	at com.kms.katalon.core.webui.keyword.WebUiBuiltInKeywords.click(WebUiBuiltInKeywords.groovy:616)
	at com.kms.katalon.core.webui.keyword.WebUiBuiltInKeywords$click$3.call(Unknown Source)
	at Sort.run(Sort:78)
	at com.kms.katalon.core.main.ScriptEngine.run(ScriptEngine.java:194)
	at com.kms.katalon.core.main.ScriptEngine.runScriptAsRawText(ScriptEngine.java:119)
	at com.kms.katalon.core.main.TestCaseExecutor.runScript(TestCaseExecutor.java:328)
	at com.kms.katalon.core.main.TestCaseExecutor.doExecute(TestCaseExecutor.java:319)
	at com.kms.katalon.core.main.TestCaseExecutor.processExecutionPhase(TestCaseExecutor.java:298)
	at com.kms.katalon.core.main.TestCaseExecutor.accessMainPhase(TestCaseExecutor.java:290)
	at com.kms.katalon.core.main.TestCaseExecutor.execute(TestCaseExecutor.java:224)
	at com.kms.katalon.core.main.TestSuiteExecutor.accessTestCaseMainPhase(TestSuiteExecutor.java:129)
	at com.kms.katalon.core.main.TestSuiteExecutor.accessTestSuiteMainPhase(TestSuiteExecutor.java:112)
	at com.kms.katalon.core.main.TestSuiteExecutor.execute(TestSuiteExecutor.java:81)
	at com.kms.katalon.core.main.TestCaseMain.startTestSuite(TestCaseMain.java:149)
	at com.kms.katalon.core.main.TestCaseMain$startTestSuite$0.call(Unknown Source)
	at TempTestSuite1558991060376.run(TempTestSuite1558991060376.groovy:36)
"/>
         <system-out><![CDATA[2019-05-27 17:08:56 - [TEST_CASE][FAILED] - Test Cases/OCS - MOBILE/OCS-COLLECTION PAGE/Sort: Test Cases/OCS - MOBILE/OCS-COLLECTION PAGE/Sort FAILED.
Reason:
com.kms.katalon.core.exception.StepFailedException: Unable to click on object 'Object Repository/OCS-MOBILE /Collection page/sort option' (Root cause: org.openqa.selenium.ElementNotInteractableException: Element <i class="icon--sort"> could not be scrolled into view
Build info: version: '3.7.1', revision: '8a0099a', time: '2017-11-06T21:07:36.161Z'
System info: host: 'sumans-MacBook-Pro.local', ip: 'fe80:0:0:0:1c60:f35:3790:b4fa%en0', os.name: 'Mac OS X', os.arch: 'x86_64', os.version: '10.13.6', java.version: '1.8.0_181'
Driver info: com.kms.katalon.core.webui.driver.firefox.CGeckoDriver
Capabilities {acceptInsecureCerts: true, browserName: firefox, browserVersion: 67.0, javascriptEnabled: true, moz:accessibilityChecks: false, moz:buildID: 20190516215225, moz:geckodriverVersion: 0.23.0, moz:headless: false, moz:processID: 1702, moz:profile: /var/folders/1t/c55l8xzs6gq..., moz:shutdownTimeout: 60000, moz:useNonSpecCompliantPointerOrigin: false, moz:webdriverClick: true, pageLoadStrategy: normal, platform: MAC, platformName: MAC, platformVersion: 17.7.0, proxy: Proxy(direct), rotatable: false, setWindowRect: true, strictFileInteractability: false, timeouts: {implicit: 0, pageLoad: 300000, script: 30000}, unhandledPromptBehavior: dismiss and notify}
Session ID: 04ff1b94-d62e-7b4f-8e9f-3c4d7ce5e021)
	at com.kms.katalon.core.keyword.internal.KeywordMain.stepFailed(KeywordMain.groovy:36)
	at com.kms.katalon.core.webui.keyword.internal.WebUIKeywordMain.stepFailed(WebUIKeywordMain.groovy:65)
	at com.kms.katalon.core.webui.keyword.internal.WebUIKeywordMain.runKeyword(WebUIKeywordMain.groovy:27)
	at com.kms.katalon.core.webui.keyword.builtin.ClickKeyword.click(ClickKeyword.groovy:86)
	at com.kms.katalon.core.webui.keyword.builtin.ClickKeyword.execute(ClickKeyword.groovy:67)
	at com.kms.katalon.core.keyword.internal.KeywordExecutor.executeKeywordForPlatform(KeywordExecutor.groovy:53)
	at com.kms.katalon.core.webui.keyword.WebUiBuiltInKeywords.click(WebUiBuiltInKeywords.groovy:616)
	at com.kms.katalon.core.webui.keyword.WebUiBuiltInKeywords$click$3.call(Unknown Source)
	at Sort.run(Sort:78)
	at com.kms.katalon.core.main.ScriptEngine.run(ScriptEngine.java:194)
	at com.kms.katalon.core.main.ScriptEngine.runScriptAsRawText(ScriptEngine.java:119)
	at com.kms.katalon.core.main.TestCaseExecutor.runScript(TestCaseExecutor.java:328)
	at com.kms.katalon.core.main.TestCaseExecutor.doExecute(TestCaseExecutor.java:319)
	at com.kms.katalon.core.main.TestCaseExecutor.processExecutionPhase(TestCaseExecutor.java:298)
	at com.kms.katalon.core.main.TestCaseExecutor.accessMainPhase(TestCaseExecutor.java:290)
	at com.kms.katalon.core.main.TestCaseExecutor.execute(TestCaseExecutor.java:224)
	at com.kms.katalon.core.main.TestSuiteExecutor.accessTestCaseMainPhase(TestSuiteExecutor.java:129)
	at com.kms.katalon.core.main.TestSuiteExecutor.accessTestSuiteMainPhase(TestSuiteExecutor.java:112)
	at com.kms.katalon.core.main.TestSuiteExecutor.execute(TestSuiteExecutor.java:81)
	at com.kms.katalon.core.main.TestCaseMain.startTestSuite(TestCaseMain.java:149)
	at com.kms.katalon.core.main.TestCaseMain$startTestSuite$0.call(Unknown Source)
	at TempTestSuite1558991060376.run(TempTestSuite1558991060376.groovy:36)


2019-05-27 17:08:56 - [TEST_STEP][PASSED] - callTestCase(findTestCase("OCS - MOBILE/CALL - AGE GATE"), [:], STOP_ON_FAILURE): Call Test Case 'Test Cases/OCS - MOBILE/CALL - AGE GATE' successfully

2019-05-27 17:08:56 - [TEST_CASE][PASSED] - Test Cases/OCS - MOBILE/CALL - AGE GATE: Test Cases/OCS - MOBILE/CALL - AGE GATE

2019-05-27 17:08:56 - [TEST_STEP][PASSED] - openBrowser(""): Browser is opened with url: ''

2019-05-27 17:08:56 - [MESSAGE][WARNING] - A browser is already opened. Closing browser and opening a new one

2019-05-27 17:08:57 - [MESSAGE][INFO] - Starting 'Firefox' driver

2019-05-27 17:08:59 - [MESSAGE][PASSED] - Browser is opened with url: ''

2019-05-27 17:08:59 - [TEST_STEP][PASSED] - navigateToUrl("https://ocs.ca/?fts=0&preview_theme_id=53376026444"): Navigate to 'https://ocs.ca/?fts=0&preview_theme_id=53376026444' successfully

2019-05-27 17:09:08 - [MESSAGE][PASSED] - Navigate to 'https://ocs.ca/?fts=0&preview_theme_id=53376026444' successfully

2019-05-27 17:09:08 - [TEST_STEP][NOT_RUN] - executeJavaScript("var previewBar = document.getElementById("preview-bar-iframe"); previewBar.style.display = "none";", []): NOT_RUN: executeJavaScript("var previewBar = document.getElementById("preview-bar-iframe"); previewBar.style.display = "none";", [])

2019-05-27 17:09:08 - [MESSAGE][NOT_RUN] - NOT_RUN: executeJavaScript("var previewBar = document.getElementById("preview-bar-iframe"); previewBar.style.display = "none";", [])

2019-05-27 17:09:08 - [TEST_STEP][PASSED] - setViewPortSize(360, 800): Viewport is set to new size with width = 360 and height = 800

2019-05-27 17:09:08 - [MESSAGE][PASSED] - Viewport is set to new size with width = 360 and height = 800

2019-05-27 17:09:08 - [TEST_STEP][PASSED] - delay(4): Delayed 4 second(s)

2019-05-27 17:09:12 - [MESSAGE][PASSED] - Delayed 4 second(s)

2019-05-27 17:09:12 - [TEST_STEP][PASSED] - selectOptionByValue(findTestObject("OCS-MOBILE /Age gate and burger menu/Date"), "12", true): All options with value '12' are selected in object 'Object Repository/OCS-MOBILE /Age gate and burger menu/Date'  using regular expression

2019-05-27 17:09:12 - [MESSAGE][PASSED] - All options with value '12' are selected in object 'Object Repository/OCS-MOBILE /Age gate and burger menu/Date'  using regular expression

2019-05-27 17:09:12 - [TEST_STEP][PASSED] - selectOptionByValue(findTestObject("OCS-MOBILE /Age gate and burger menu/month"), "6", true): All options with value '6' are selected in object 'Object Repository/OCS-MOBILE /Age gate and burger menu/month'  using regular expression

2019-05-27 17:09:13 - [MESSAGE][PASSED] - All options with value '6' are selected in object 'Object Repository/OCS-MOBILE /Age gate and burger menu/month'  using regular expression

2019-05-27 17:09:13 - [TEST_STEP][PASSED] - delay(2): Delayed 2 second(s)

2019-05-27 17:09:15 - [MESSAGE][PASSED] - Delayed 2 second(s)

2019-05-27 17:09:15 - [TEST_STEP][PASSED] - selectOptionByValue(findTestObject("OCS-MOBILE /Age gate and burger menu/Year Dropdown"), "1990", true): All options with value '1990' are selected in object 'Object Repository/OCS-MOBILE /Age gate and burger menu/Year Dropdown'  using regular expression

2019-05-27 17:09:16 - [MESSAGE][PASSED] - All options with value '1990' are selected in object 'Object Repository/OCS-MOBILE /Age gate and burger menu/Year Dropdown'  using regular expression

2019-05-27 17:09:16 - [TEST_STEP][PASSED] - click(findTestObject("OCS-MOBILE /Age gate and burger menu/button_Verify")): Object: 'Object Repository/OCS-MOBILE /Age gate and burger menu/button_Verify' is clicked on

2019-05-27 17:09:17 - [MESSAGE][PASSED] - Object: 'Object Repository/OCS-MOBILE /Age gate and burger menu/button_Verify' is clicked on

2019-05-27 17:09:17 - [TEST_STEP][PASSED] - click(findTestObject("OCS-MOBILE /Age gate and burger menu/Checkbox_CONFIRM AND ACKNOWLEDGE")): Object: 'Object Repository/OCS-MOBILE /Age gate and burger menu/Checkbox_CONFIRM AND ACKNOWLEDGE' is clicked on

2019-05-27 17:09:17 - [MESSAGE][PASSED] - Object: 'Object Repository/OCS-MOBILE /Age gate and burger menu/Checkbox_CONFIRM AND ACKNOWLEDGE' is clicked on

2019-05-27 17:09:17 - [TEST_STEP][PASSED] - click(findTestObject("OCS-MOBILE /Age gate and burger menu/button_CONFIRM")): Object: 'Object Repository/OCS-MOBILE /Age gate and burger menu/button_CONFIRM' is clicked on

2019-05-27 17:09:17 - [MESSAGE][PASSED] - Object: 'Object Repository/OCS-MOBILE /Age gate and burger menu/button_CONFIRM' is clicked on

2019-05-27 17:09:17 - [TEST_STEP][PASSED] - click(findTestObject("OCS-MOBILE /Age gate and burger menu/button_Start Browsing")): Object: 'Object Repository/OCS-MOBILE /Age gate and burger menu/button_Start Browsing' is clicked on

2019-05-27 17:09:17 - [MESSAGE][PASSED] - Object: 'Object Repository/OCS-MOBILE /Age gate and burger menu/button_Start Browsing' is clicked on

2019-05-27 17:09:17 - [MESSAGE][PASSED] - Call Test Case 'Test Cases/OCS - MOBILE/CALL - AGE GATE' successfully

2019-05-27 17:09:17 - [TEST_STEP][PASSED] - delay(2): Delayed 2 second(s)

2019-05-27 17:09:19 - [MESSAGE][PASSED] - Delayed 2 second(s)

2019-05-27 17:09:19 - [TEST_STEP][PASSED] - click(findTestObject("OCS-MOBILE /Age gate and burger menu/Burger menu - English")): Object: 'Object Repository/OCS-MOBILE /Age gate and burger menu/Burger menu - English' is clicked on

2019-05-27 17:09:20 - [MESSAGE][PASSED] - Object: 'Object Repository/OCS-MOBILE /Age gate and burger menu/Burger menu - English' is clicked on

2019-05-27 17:09:20 - [TEST_STEP][PASSED] - delay(2): Delayed 2 second(s)

2019-05-27 17:09:22 - [MESSAGE][PASSED] - Delayed 2 second(s)

2019-05-27 17:09:22 - [TEST_STEP][PASSED] - click(findTestObject("OCS-MOBILE /Cannabis page/Cannabis chevron")): Object: 'Object Repository/OCS-MOBILE /Cannabis page/Cannabis chevron' is clicked on

2019-05-27 17:09:22 - [MESSAGE][PASSED] - Object: 'Object Repository/OCS-MOBILE /Cannabis page/Cannabis chevron' is clicked on

2019-05-27 17:09:22 - [TEST_STEP][PASSED] - delay(2): Delayed 2 second(s)

2019-05-27 17:09:24 - [MESSAGE][PASSED] - Delayed 2 second(s)

2019-05-27 17:09:24 - [TEST_STEP][PASSED] - click(findTestObject("OCS-MOBILE /Cannabis page/Dried flower - plus accordian")): Object: 'Object Repository/OCS-MOBILE /Cannabis page/Dried flower - plus accordian' is clicked on

2019-05-27 17:09:24 - [MESSAGE][PASSED] - Object: 'Object Repository/OCS-MOBILE /Cannabis page/Dried flower - plus accordian' is clicked on

2019-05-27 17:09:24 - [TEST_STEP][PASSED] - delay(2): Delayed 2 second(s)

2019-05-27 17:09:26 - [MESSAGE][PASSED] - Delayed 2 second(s)

2019-05-27 17:09:26 - [TEST_STEP][PASSED] - click(findTestObject("OCS-MOBILE /Cannabis page/Dried flower - Indica dominant")): Object: 'Object Repository/OCS-MOBILE /Cannabis page/Dried flower - Indica dominant' is clicked on

2019-05-27 17:09:30 - [MESSAGE][PASSED] - Object: 'Object Repository/OCS-MOBILE /Cannabis page/Dried flower - Indica dominant' is clicked on

2019-05-27 17:09:30 - [TEST_STEP][PASSED] - delay(2): Delayed 2 second(s)

2019-05-27 17:09:32 - [MESSAGE][PASSED] - Delayed 2 second(s)

2019-05-27 17:09:32 - [TEST_STEP][PASSED] - click(findTestObject("OCS-MOBILE /Collection page/sort option")): Object: 'Object Repository/OCS-MOBILE /Collection page/sort option' is clicked on

2019-05-27 17:09:32 - [MESSAGE][PASSED] - Object: 'Object Repository/OCS-MOBILE /Collection page/sort option' is clicked on

2019-05-27 17:09:32 - [TEST_STEP][PASSED] - delay(1): Delayed 1 second(s)

2019-05-27 17:09:33 - [MESSAGE][PASSED] - Delayed 1 second(s)

2019-05-27 17:09:33 - [TEST_STEP][PASSED] - click(findTestObject("OCS-MOBILE /Collection page/Price Low to High")): Object: 'Object Repository/OCS-MOBILE /Collection page/Price Low to High' is clicked on

2019-05-27 17:09:33 - [MESSAGE][PASSED] - Object: 'Object Repository/OCS-MOBILE /Collection page/Price Low to High' is clicked on

2019-05-27 17:09:33 - [TEST_STEP][PASSED] - delay(1): Delayed 1 second(s)

2019-05-27 17:09:34 - [MESSAGE][PASSED] - Delayed 1 second(s)

2019-05-27 17:09:34 - [TEST_STEP][PASSED] - refresh(): Refresh successfully

2019-05-27 17:09:40 - [MESSAGE][PASSED] - Refresh successfully

2019-05-27 17:09:40 - [TEST_STEP][PASSED] - delay(1): Delayed 1 second(s)

2019-05-27 17:09:41 - [MESSAGE][PASSED] - Delayed 1 second(s)

2019-05-27 17:09:41 - [TEST_STEP][PASSED] - callTestCase(findTestCase("OCS - MOBILE/OCS-COLLECTION PAGE/calling test case"), [:], STOP_ON_FAILURE): Call Test Case 'Test Cases/OCS - MOBILE/OCS-COLLECTION PAGE/calling test case' successfully

2019-05-27 17:09:41 - [TEST_CASE][PASSED] - Test Cases/OCS - MOBILE/OCS-COLLECTION PAGE/calling test case: Test Cases/OCS - MOBILE/OCS-COLLECTION PAGE/calling test case

2019-05-27 17:09:41 - [TEST_STEP][PASSED] - delay(2): Delayed 2 second(s)

2019-05-27 17:09:43 - [MESSAGE][PASSED] - Delayed 2 second(s)

2019-05-27 17:09:43 - [TEST_STEP][PASSED] - click(findTestObject("OCS-MOBILE /Age gate and burger menu/Burger menu - English")): Object: 'Object Repository/OCS-MOBILE /Age gate and burger menu/Burger menu - English' is clicked on

2019-05-27 17:09:44 - [MESSAGE][PASSED] - Object: 'Object Repository/OCS-MOBILE /Age gate and burger menu/Burger menu - English' is clicked on

2019-05-27 17:09:44 - [TEST_STEP][PASSED] - delay(2): Delayed 2 second(s)

2019-05-27 17:09:46 - [MESSAGE][PASSED] - Delayed 2 second(s)

2019-05-27 17:09:46 - [TEST_STEP][PASSED] - click(findTestObject("OCS-MOBILE /Cannabis page/Cannabis chevron")): Object: 'Object Repository/OCS-MOBILE /Cannabis page/Cannabis chevron' is clicked on

2019-05-27 17:09:46 - [MESSAGE][PASSED] - Object: 'Object Repository/OCS-MOBILE /Cannabis page/Cannabis chevron' is clicked on

2019-05-27 17:09:46 - [TEST_STEP][PASSED] - delay(2): Delayed 2 second(s)

2019-05-27 17:09:48 - [MESSAGE][PASSED] - Delayed 2 second(s)

2019-05-27 17:09:48 - [TEST_STEP][PASSED] - click(findTestObject("OCS-MOBILE /Cannabis page/Dried flower - plus accordian")): Object: 'Object Repository/OCS-MOBILE /Cannabis page/Dried flower - plus accordian' is clicked on

2019-05-27 17:09:48 - [MESSAGE][PASSED] - Object: 'Object Repository/OCS-MOBILE /Cannabis page/Dried flower - plus accordian' is clicked on

2019-05-27 17:09:48 - [TEST_STEP][PASSED] - delay(2): Delayed 2 second(s)

2019-05-27 17:09:50 - [MESSAGE][PASSED] - Delayed 2 second(s)

2019-05-27 17:09:50 - [TEST_STEP][PASSED] - click(findTestObject("OCS-MOBILE /Cannabis page/Dried flower - Indica dominant")): Object: 'Object Repository/OCS-MOBILE /Cannabis page/Dried flower - Indica dominant' is clicked on

2019-05-27 17:09:55 - [MESSAGE][PASSED] - Object: 'Object Repository/OCS-MOBILE /Cannabis page/Dried flower - Indica dominant' is clicked on

2019-05-27 17:09:55 - [TEST_STEP][PASSED] - delay(2): Delayed 2 second(s)

2019-05-27 17:09:57 - [MESSAGE][PASSED] - Delayed 2 second(s)

2019-05-27 17:09:57 - [MESSAGE][PASSED] - Call Test Case 'Test Cases/OCS - MOBILE/OCS-COLLECTION PAGE/calling test case' successfully

2019-05-27 17:09:57 - [TEST_STEP][NOT_RUN] - scrollToElement(findTestObject("OCS-MOBILE /Collection page/scroll element"), 0): NOT_RUN: scrollToElement(findTestObject("OCS-MOBILE /Collection page/scroll element"), 0)

2019-05-27 17:09:57 - [MESSAGE][NOT_RUN] - NOT_RUN: scrollToElement(findTestObject("OCS-MOBILE /Collection page/scroll element"), 0)

2019-05-27 17:09:57 - [TEST_STEP][PASSED] - delay(1): Delayed 1 second(s)

2019-05-27 17:09:58 - [MESSAGE][PASSED] - Delayed 1 second(s)

2019-05-27 17:09:58 - [TEST_STEP][PASSED] - click(findTestObject("OCS-MOBILE /Collection page/sort option")): Object: 'Object Repository/OCS-MOBILE /Collection page/sort option' is clicked on

2019-05-27 17:09:58 - [MESSAGE][PASSED] - Object: 'Object Repository/OCS-MOBILE /Collection page/sort option' is clicked on

2019-05-27 17:09:58 - [TEST_STEP][PASSED] - delay(1): Delayed 1 second(s)

2019-05-27 17:09:59 - [MESSAGE][PASSED] - Delayed 1 second(s)

2019-05-27 17:09:59 - [TEST_STEP][PASSED] - click(findTestObject("OCS-MOBILE /Collection page/Price High to Low")): Object: 'Object Repository/OCS-MOBILE /Collection page/Price High to Low' is clicked on

2019-05-27 17:09:59 - [MESSAGE][PASSED] - Object: 'Object Repository/OCS-MOBILE /Collection page/Price High to Low' is clicked on

2019-05-27 17:09:59 - [TEST_STEP][PASSED] - delay(1): Delayed 1 second(s)

2019-05-27 17:10:00 - [MESSAGE][PASSED] - Delayed 1 second(s)

2019-05-27 17:10:00 - [TEST_STEP][PASSED] - refresh(): Refresh successfully

2019-05-27 17:10:05 - [MESSAGE][PASSED] - Refresh successfully

2019-05-27 17:10:05 - [TEST_STEP][PASSED] - callTestCase(findTestCase("OCS - MOBILE/OCS-COLLECTION PAGE/calling test case"), [:], STOP_ON_FAILURE): Call Test Case 'Test Cases/OCS - MOBILE/OCS-COLLECTION PAGE/calling test case' successfully

2019-05-27 17:10:05 - [TEST_CASE][PASSED] - Test Cases/OCS - MOBILE/OCS-COLLECTION PAGE/calling test case: Test Cases/OCS - MOBILE/OCS-COLLECTION PAGE/calling test case

2019-05-27 17:10:05 - [TEST_STEP][PASSED] - delay(2): Delayed 2 second(s)

2019-05-27 17:10:08 - [MESSAGE][PASSED] - Delayed 2 second(s)

2019-05-27 17:10:08 - [TEST_STEP][PASSED] - click(findTestObject("OCS-MOBILE /Age gate and burger menu/Burger menu - English")): Object: 'Object Repository/OCS-MOBILE /Age gate and burger menu/Burger menu - English' is clicked on

2019-05-27 17:10:08 - [MESSAGE][PASSED] - Object: 'Object Repository/OCS-MOBILE /Age gate and burger menu/Burger menu - English' is clicked on

2019-05-27 17:10:08 - [TEST_STEP][PASSED] - delay(2): Delayed 2 second(s)

2019-05-27 17:10:10 - [MESSAGE][PASSED] - Delayed 2 second(s)

2019-05-27 17:10:10 - [TEST_STEP][PASSED] - click(findTestObject("OCS-MOBILE /Cannabis page/Cannabis chevron")): Object: 'Object Repository/OCS-MOBILE /Cannabis page/Cannabis chevron' is clicked on

2019-05-27 17:10:10 - [MESSAGE][PASSED] - Object: 'Object Repository/OCS-MOBILE /Cannabis page/Cannabis chevron' is clicked on

2019-05-27 17:10:10 - [TEST_STEP][PASSED] - delay(2): Delayed 2 second(s)

2019-05-27 17:10:12 - [MESSAGE][PASSED] - Delayed 2 second(s)

2019-05-27 17:10:12 - [TEST_STEP][PASSED] - click(findTestObject("OCS-MOBILE /Cannabis page/Dried flower - plus accordian")): Object: 'Object Repository/OCS-MOBILE /Cannabis page/Dried flower - plus accordian' is clicked on

2019-05-27 17:10:12 - [MESSAGE][PASSED] - Object: 'Object Repository/OCS-MOBILE /Cannabis page/Dried flower - plus accordian' is clicked on

2019-05-27 17:10:12 - [TEST_STEP][PASSED] - delay(2): Delayed 2 second(s)

2019-05-27 17:10:14 - [MESSAGE][PASSED] - Delayed 2 second(s)

2019-05-27 17:10:14 - [TEST_STEP][PASSED] - click(findTestObject("OCS-MOBILE /Cannabis page/Dried flower - Indica dominant")): Object: 'Object Repository/OCS-MOBILE /Cannabis page/Dried flower - Indica dominant' is clicked on

2019-05-27 17:10:20 - [MESSAGE][PASSED] - Object: 'Object Repository/OCS-MOBILE /Cannabis page/Dried flower - Indica dominant' is clicked on

2019-05-27 17:10:20 - [TEST_STEP][PASSED] - delay(2): Delayed 2 second(s)

2019-05-27 17:10:22 - [MESSAGE][PASSED] - Delayed 2 second(s)

2019-05-27 17:10:22 - [MESSAGE][PASSED] - Call Test Case 'Test Cases/OCS - MOBILE/OCS-COLLECTION PAGE/calling test case' successfully

2019-05-27 17:10:22 - [TEST_STEP][PASSED] - click(findTestObject("OCS-MOBILE /Collection page/sort option")): Object: 'Object Repository/OCS-MOBILE /Collection page/sort option' is clicked on

2019-05-27 17:10:22 - [MESSAGE][PASSED] - Object: 'Object Repository/OCS-MOBILE /Collection page/sort option' is clicked on

2019-05-27 17:10:22 - [TEST_STEP][PASSED] - delay(1): Delayed 1 second(s)

2019-05-27 17:10:23 - [MESSAGE][PASSED] - Delayed 1 second(s)

2019-05-27 17:10:23 - [TEST_STEP][PASSED] - click(findTestObject("OCS-MOBILE /Collection page/Alphabetically A - Z")): Object: 'Object Repository/OCS-MOBILE /Collection page/Alphabetically A - Z' is clicked on

2019-05-27 17:10:23 - [MESSAGE][PASSED] - Object: 'Object Repository/OCS-MOBILE /Collection page/Alphabetically A - Z' is clicked on

2019-05-27 17:10:23 - [TEST_STEP][PASSED] - delay(1): Delayed 1 second(s)

2019-05-27 17:10:24 - [MESSAGE][PASSED] - Delayed 1 second(s)

2019-05-27 17:10:24 - [TEST_STEP][PASSED] - refresh(): Refresh successfully

2019-05-27 17:10:29 - [MESSAGE][PASSED] - Refresh successfully

2019-05-27 17:10:29 - [TEST_STEP][PASSED] - callTestCase(findTestCase("OCS - MOBILE/OCS-COLLECTION PAGE/calling test case"), [:], STOP_ON_FAILURE): Call Test Case 'Test Cases/OCS - MOBILE/OCS-COLLECTION PAGE/calling test case' successfully

2019-05-27 17:10:29 - [TEST_CASE][PASSED] - Test Cases/OCS - MOBILE/OCS-COLLECTION PAGE/calling test case: Test Cases/OCS - MOBILE/OCS-COLLECTION PAGE/calling test case

2019-05-27 17:10:29 - [TEST_STEP][PASSED] - delay(2): Delayed 2 second(s)

2019-05-27 17:10:31 - [MESSAGE][PASSED] - Delayed 2 second(s)

2019-05-27 17:10:31 - [TEST_STEP][PASSED] - click(findTestObject("OCS-MOBILE /Age gate and burger menu/Burger menu - English")): Object: 'Object Repository/OCS-MOBILE /Age gate and burger menu/Burger menu - English' is clicked on

2019-05-27 17:10:31 - [MESSAGE][PASSED] - Object: 'Object Repository/OCS-MOBILE /Age gate and burger menu/Burger menu - English' is clicked on

2019-05-27 17:10:31 - [TEST_STEP][PASSED] - delay(2): Delayed 2 second(s)

2019-05-27 17:10:33 - [MESSAGE][PASSED] - Delayed 2 second(s)

2019-05-27 17:10:33 - [TEST_STEP][PASSED] - click(findTestObject("OCS-MOBILE /Cannabis page/Cannabis chevron")): Object: 'Object Repository/OCS-MOBILE /Cannabis page/Cannabis chevron' is clicked on

2019-05-27 17:10:34 - [MESSAGE][PASSED] - Object: 'Object Repository/OCS-MOBILE /Cannabis page/Cannabis chevron' is clicked on

2019-05-27 17:10:34 - [TEST_STEP][PASSED] - delay(2): Delayed 2 second(s)

2019-05-27 17:10:36 - [MESSAGE][PASSED] - Delayed 2 second(s)

2019-05-27 17:10:36 - [TEST_STEP][PASSED] - click(findTestObject("OCS-MOBILE /Cannabis page/Dried flower - plus accordian")): Object: 'Object Repository/OCS-MOBILE /Cannabis page/Dried flower - plus accordian' is clicked on

2019-05-27 17:10:36 - [MESSAGE][PASSED] - Object: 'Object Repository/OCS-MOBILE /Cannabis page/Dried flower - plus accordian' is clicked on

2019-05-27 17:10:36 - [TEST_STEP][PASSED] - delay(2): Delayed 2 second(s)

2019-05-27 17:10:38 - [MESSAGE][PASSED] - Delayed 2 second(s)

2019-05-27 17:10:38 - [TEST_STEP][PASSED] - click(findTestObject("OCS-MOBILE /Cannabis page/Dried flower - Indica dominant")): Object: 'Object Repository/OCS-MOBILE /Cannabis page/Dried flower - Indica dominant' is clicked on

2019-05-27 17:10:41 - [MESSAGE][PASSED] - Object: 'Object Repository/OCS-MOBILE /Cannabis page/Dried flower - Indica dominant' is clicked on

2019-05-27 17:10:41 - [TEST_STEP][PASSED] - delay(2): Delayed 2 second(s)

2019-05-27 17:10:43 - [MESSAGE][PASSED] - Delayed 2 second(s)

2019-05-27 17:10:43 - [MESSAGE][PASSED] - Call Test Case 'Test Cases/OCS - MOBILE/OCS-COLLECTION PAGE/calling test case' successfully

2019-05-27 17:10:43 - [TEST_STEP][FAILED] - click(findTestObject("OCS-MOBILE /Collection page/sort option")): click(findTestObject("OCS-MOBILE /Collection page/sort option")) FAILED.
Reason:
com.kms.katalon.core.exception.StepFailedException: Unable to click on object 'Object Repository/OCS-MOBILE /Collection page/sort option' (Root cause: org.openqa.selenium.ElementNotInteractableException: Element <i class="icon--sort"> could not be scrolled into view
Build info: version: '3.7.1', revision: '8a0099a', time: '2017-11-06T21:07:36.161Z'
System info: host: 'sumans-MacBook-Pro.local', ip: 'fe80:0:0:0:1c60:f35:3790:b4fa%en0', os.name: 'Mac OS X', os.arch: 'x86_64', os.version: '10.13.6', java.version: '1.8.0_181'
Driver info: com.kms.katalon.core.webui.driver.firefox.CGeckoDriver
Capabilities {acceptInsecureCerts: true, browserName: firefox, browserVersion: 67.0, javascriptEnabled: true, moz:accessibilityChecks: false, moz:buildID: 20190516215225, moz:geckodriverVersion: 0.23.0, moz:headless: false, moz:processID: 1702, moz:profile: /var/folders/1t/c55l8xzs6gq..., moz:shutdownTimeout: 60000, moz:useNonSpecCompliantPointerOrigin: false, moz:webdriverClick: true, pageLoadStrategy: normal, platform: MAC, platformName: MAC, platformVersion: 17.7.0, proxy: Proxy(direct), rotatable: false, setWindowRect: true, strictFileInteractability: false, timeouts: {implicit: 0, pageLoad: 300000, script: 30000}, unhandledPromptBehavior: dismiss and notify}
Session ID: 04ff1b94-d62e-7b4f-8e9f-3c4d7ce5e021)
	at com.kms.katalon.core.keyword.internal.KeywordMain.stepFailed(KeywordMain.groovy:36)
	at com.kms.katalon.core.webui.keyword.internal.WebUIKeywordMain.stepFailed(WebUIKeywordMain.groovy:65)
	at com.kms.katalon.core.webui.keyword.internal.WebUIKeywordMain.runKeyword(WebUIKeywordMain.groovy:27)
	at com.kms.katalon.core.webui.keyword.builtin.ClickKeyword.click(ClickKeyword.groovy:86)
	at com.kms.katalon.core.webui.keyword.builtin.ClickKeyword.execute(ClickKeyword.groovy:67)
	at com.kms.katalon.core.keyword.internal.KeywordExecutor.executeKeywordForPlatform(KeywordExecutor.groovy:53)
	at com.kms.katalon.core.webui.keyword.WebUiBuiltInKeywords.click(WebUiBuiltInKeywords.groovy:616)
	at com.kms.katalon.core.webui.keyword.WebUiBuiltInKeywords$click$3.call(Unknown Source)
	at Sort.run(Sort:78)
	at com.kms.katalon.core.main.ScriptEngine.run(ScriptEngine.java:194)
	at com.kms.katalon.core.main.ScriptEngine.runScriptAsRawText(ScriptEngine.java:119)
	at com.kms.katalon.core.main.TestCaseExecutor.runScript(TestCaseExecutor.java:328)
	at com.kms.katalon.core.main.TestCaseExecutor.doExecute(TestCaseExecutor.java:319)
	at com.kms.katalon.core.main.TestCaseExecutor.processExecutionPhase(TestCaseExecutor.java:298)
	at com.kms.katalon.core.main.TestCaseExecutor.accessMainPhase(TestCaseExecutor.java:290)
	at com.kms.katalon.core.main.TestCaseExecutor.execute(TestCaseExecutor.java:224)
	at com.kms.katalon.core.main.TestSuiteExecutor.accessTestCaseMainPhase(TestSuiteExecutor.java:129)
	at com.kms.katalon.core.main.TestSuiteExecutor.accessTestSuiteMainPhase(TestSuiteExecutor.java:112)
	at com.kms.katalon.core.main.TestSuiteExecutor.execute(TestSuiteExecutor.java:81)
	at com.kms.katalon.core.main.TestCaseMain.startTestSuite(TestCaseMain.java:149)
	at com.kms.katalon.core.main.TestCaseMain$startTestSuite$0.call(Unknown Source)
	at TempTestSuite1558991060376.run(TempTestSuite1558991060376.groovy:36)


2019-05-27 17:10:43 - [MESSAGE][FAILED] - Unable to click on object 'Object Repository/OCS-MOBILE /Collection page/sort option' (Root cause: org.openqa.selenium.ElementNotInteractableException: Element <i class="icon--sort"> could not be scrolled into view
Build info: version: '3.7.1', revision: '8a0099a', time: '2017-11-06T21:07:36.161Z'
System info: host: 'sumans-MacBook-Pro.local', ip: 'fe80:0:0:0:1c60:f35:3790:b4fa%en0', os.name: 'Mac OS X', os.arch: 'x86_64', os.version: '10.13.6', java.version: '1.8.0_181'
Driver info: com.kms.katalon.core.webui.driver.firefox.CGeckoDriver
Capabilities {acceptInsecureCerts: true, browserName: firefox, browserVersion: 67.0, javascriptEnabled: true, moz:accessibilityChecks: false, moz:buildID: 20190516215225, moz:geckodriverVersion: 0.23.0, moz:headless: false, moz:processID: 1702, moz:profile: /var/folders/1t/c55l8xzs6gq..., moz:shutdownTimeout: 60000, moz:useNonSpecCompliantPointerOrigin: false, moz:webdriverClick: true, pageLoadStrategy: normal, platform: MAC, platformName: MAC, platformVersion: 17.7.0, proxy: Proxy(direct), rotatable: false, setWindowRect: true, strictFileInteractability: false, timeouts: {implicit: 0, pageLoad: 300000, script: 30000}, unhandledPromptBehavior: dismiss and notify}
Session ID: 04ff1b94-d62e-7b4f-8e9f-3c4d7ce5e021)
[[ATTACHMENT|/Users/sumankompelly/Katalon Studio/OCS ( QA- 1.9.1 ) /Reports/QA ( 1.9.1)/HP, PROD , AG,COLL/20190527_170420/1558991443930.png]]

2019-05-27 17:10:43 - [MESSAGE][FAILED] - click(findTestObject("OCS-MOBILE /Collection page/sort option")) FAILED.
Reason:
com.kms.katalon.core.exception.StepFailedException: Unable to click on object 'Object Repository/OCS-MOBILE /Collection page/sort option' (Root cause: org.openqa.selenium.ElementNotInteractableException: Element <i class="icon--sort"> could not be scrolled into view
Build info: version: '3.7.1', revision: '8a0099a', time: '2017-11-06T21:07:36.161Z'
System info: host: 'sumans-MacBook-Pro.local', ip: 'fe80:0:0:0:1c60:f35:3790:b4fa%en0', os.name: 'Mac OS X', os.arch: 'x86_64', os.version: '10.13.6', java.version: '1.8.0_181'
Driver info: com.kms.katalon.core.webui.driver.firefox.CGeckoDriver
Capabilities {acceptInsecureCerts: true, browserName: firefox, browserVersion: 67.0, javascriptEnabled: true, moz:accessibilityChecks: false, moz:buildID: 20190516215225, moz:geckodriverVersion: 0.23.0, moz:headless: false, moz:processID: 1702, moz:profile: /var/folders/1t/c55l8xzs6gq..., moz:shutdownTimeout: 60000, moz:useNonSpecCompliantPointerOrigin: false, moz:webdriverClick: true, pageLoadStrategy: normal, platform: MAC, platformName: MAC, platformVersion: 17.7.0, proxy: Proxy(direct), rotatable: false, setWindowRect: true, strictFileInteractability: false, timeouts: {implicit: 0, pageLoad: 300000, script: 30000}, unhandledPromptBehavior: dismiss and notify}
Session ID: 04ff1b94-d62e-7b4f-8e9f-3c4d7ce5e021)
	at com.kms.katalon.core.keyword.internal.KeywordMain.stepFailed(KeywordMain.groovy:36)
	at com.kms.katalon.core.webui.keyword.internal.WebUIKeywordMain.stepFailed(WebUIKeywordMain.groovy:65)
	at com.kms.katalon.core.webui.keyword.internal.WebUIKeywordMain.runKeyword(WebUIKeywordMain.groovy:27)
	at com.kms.katalon.core.webui.keyword.builtin.ClickKeyword.click(ClickKeyword.groovy:86)
	at com.kms.katalon.core.webui.keyword.builtin.ClickKeyword.execute(ClickKeyword.groovy:67)
	at com.kms.katalon.core.keyword.internal.KeywordExecutor.executeKeywordForPlatform(KeywordExecutor.groovy:53)
	at com.kms.katalon.core.webui.keyword.WebUiBuiltInKeywords.click(WebUiBuiltInKeywords.groovy:616)
	at com.kms.katalon.core.webui.keyword.WebUiBuiltInKeywords$click$3.call(Unknown Source)
	at Sort.run(Sort:78)
	at com.kms.katalon.core.main.ScriptEngine.run(ScriptEngine.java:194)
	at com.kms.katalon.core.main.ScriptEngine.runScriptAsRawText(ScriptEngine.java:119)
	at com.kms.katalon.core.main.TestCaseExecutor.runScript(TestCaseExecutor.java:328)
	at com.kms.katalon.core.main.TestCaseExecutor.doExecute(TestCaseExecutor.java:319)
	at com.kms.katalon.core.main.TestCaseExecutor.processExecutionPhase(TestCaseExecutor.java:298)
	at com.kms.katalon.core.main.TestCaseExecutor.accessMainPhase(TestCaseExecutor.java:290)
	at com.kms.katalon.core.main.TestCaseExecutor.execute(TestCaseExecutor.java:224)
	at com.kms.katalon.core.main.TestSuiteExecutor.accessTestCaseMainPhase(TestSuiteExecutor.java:129)
	at com.kms.katalon.core.main.TestSuiteExecutor.accessTestSuiteMainPhase(TestSuiteExecutor.java:112)
	at com.kms.katalon.core.main.TestSuiteExecutor.execute(TestSuiteExecutor.java:81)
	at com.kms.katalon.core.main.TestCaseMain.startTestSuite(TestCaseMain.java:149)
	at com.kms.katalon.core.main.TestCaseMain$startTestSuite$0.call(Unknown Source)
	at TempTestSuite1558991060376.run(TempTestSuite1558991060376.groovy:36)]]></system-out>
         <system-err><![CDATA[2019-05-27 17:08:56 - [TEST_CASE][FAILED] - Test Cases/OCS - MOBILE/OCS-COLLECTION PAGE/Sort: Test Cases/OCS - MOBILE/OCS-COLLECTION PAGE/Sort FAILED.
Reason:
com.kms.katalon.core.exception.StepFailedException: Unable to click on object 'Object Repository/OCS-MOBILE /Collection page/sort option' (Root cause: org.openqa.selenium.ElementNotInteractableException: Element <i class="icon--sort"> could not be scrolled into view
Build info: version: '3.7.1', revision: '8a0099a', time: '2017-11-06T21:07:36.161Z'
System info: host: 'sumans-MacBook-Pro.local', ip: 'fe80:0:0:0:1c60:f35:3790:b4fa%en0', os.name: 'Mac OS X', os.arch: 'x86_64', os.version: '10.13.6', java.version: '1.8.0_181'
Driver info: com.kms.katalon.core.webui.driver.firefox.CGeckoDriver
Capabilities {acceptInsecureCerts: true, browserName: firefox, browserVersion: 67.0, javascriptEnabled: true, moz:accessibilityChecks: false, moz:buildID: 20190516215225, moz:geckodriverVersion: 0.23.0, moz:headless: false, moz:processID: 1702, moz:profile: /var/folders/1t/c55l8xzs6gq..., moz:shutdownTimeout: 60000, moz:useNonSpecCompliantPointerOrigin: false, moz:webdriverClick: true, pageLoadStrategy: normal, platform: MAC, platformName: MAC, platformVersion: 17.7.0, proxy: Proxy(direct), rotatable: false, setWindowRect: true, strictFileInteractability: false, timeouts: {implicit: 0, pageLoad: 300000, script: 30000}, unhandledPromptBehavior: dismiss and notify}
Session ID: 04ff1b94-d62e-7b4f-8e9f-3c4d7ce5e021)
	at com.kms.katalon.core.keyword.internal.KeywordMain.stepFailed(KeywordMain.groovy:36)
	at com.kms.katalon.core.webui.keyword.internal.WebUIKeywordMain.stepFailed(WebUIKeywordMain.groovy:65)
	at com.kms.katalon.core.webui.keyword.internal.WebUIKeywordMain.runKeyword(WebUIKeywordMain.groovy:27)
	at com.kms.katalon.core.webui.keyword.builtin.ClickKeyword.click(ClickKeyword.groovy:86)
	at com.kms.katalon.core.webui.keyword.builtin.ClickKeyword.execute(ClickKeyword.groovy:67)
	at com.kms.katalon.core.keyword.internal.KeywordExecutor.executeKeywordForPlatform(KeywordExecutor.groovy:53)
	at com.kms.katalon.core.webui.keyword.WebUiBuiltInKeywords.click(WebUiBuiltInKeywords.groovy:616)
	at com.kms.katalon.core.webui.keyword.WebUiBuiltInKeywords$click$3.call(Unknown Source)
	at Sort.run(Sort:78)
	at com.kms.katalon.core.main.ScriptEngine.run(ScriptEngine.java:194)
	at com.kms.katalon.core.main.ScriptEngine.runScriptAsRawText(ScriptEngine.java:119)
	at com.kms.katalon.core.main.TestCaseExecutor.runScript(TestCaseExecutor.java:328)
	at com.kms.katalon.core.main.TestCaseExecutor.doExecute(TestCaseExecutor.java:319)
	at com.kms.katalon.core.main.TestCaseExecutor.processExecutionPhase(TestCaseExecutor.java:298)
	at com.kms.katalon.core.main.TestCaseExecutor.accessMainPhase(TestCaseExecutor.java:290)
	at com.kms.katalon.core.main.TestCaseExecutor.execute(TestCaseExecutor.java:224)
	at com.kms.katalon.core.main.TestSuiteExecutor.accessTestCaseMainPhase(TestSuiteExecutor.java:129)
	at com.kms.katalon.core.main.TestSuiteExecutor.accessTestSuiteMainPhase(TestSuiteExecutor.java:112)
	at com.kms.katalon.core.main.TestSuiteExecutor.execute(TestSuiteExecutor.java:81)
	at com.kms.katalon.core.main.TestCaseMain.startTestSuite(TestCaseMain.java:149)
	at com.kms.katalon.core.main.TestCaseMain$startTestSuite$0.call(Unknown Source)
	at TempTestSuite1558991060376.run(TempTestSuite1558991060376.groovy:36)]]></system-err>
      </testcase>
      <testcase name="Test Cases/OCS - MOBILE/OCS-COLLECTION PAGE/What to consider" classname="Test Cases/OCS - MOBILE/OCS-COLLECTION PAGE/What to consider" status="PASSED">
         <system-out><![CDATA[2019-05-27 17:10:43 - [TEST_CASE][PASSED] - Test Cases/OCS - MOBILE/OCS-COLLECTION PAGE/What to consider: Test Cases/OCS - MOBILE/OCS-COLLECTION PAGE/What to consider

2019-05-27 17:10:44 - [TEST_STEP][PASSED] - callTestCase(findTestCase("OCS - MOBILE/CALL - AGE GATE"), [:], STOP_ON_FAILURE): Call Test Case 'Test Cases/OCS - MOBILE/CALL - AGE GATE' successfully

2019-05-27 17:10:44 - [TEST_CASE][PASSED] - Test Cases/OCS - MOBILE/CALL - AGE GATE: Test Cases/OCS - MOBILE/CALL - AGE GATE

2019-05-27 17:10:44 - [TEST_STEP][PASSED] - openBrowser(""): Browser is opened with url: ''

2019-05-27 17:10:44 - [MESSAGE][WARNING] - A browser is already opened. Closing browser and opening a new one

2019-05-27 17:10:44 - [MESSAGE][INFO] - Starting 'Firefox' driver

2019-05-27 17:10:47 - [MESSAGE][PASSED] - Browser is opened with url: ''

2019-05-27 17:10:47 - [TEST_STEP][PASSED] - navigateToUrl("https://ocs.ca/?fts=0&preview_theme_id=53376026444"): Navigate to 'https://ocs.ca/?fts=0&preview_theme_id=53376026444' successfully

2019-05-27 17:10:58 - [MESSAGE][PASSED] - Navigate to 'https://ocs.ca/?fts=0&preview_theme_id=53376026444' successfully

2019-05-27 17:10:58 - [TEST_STEP][NOT_RUN] - executeJavaScript("var previewBar = document.getElementById("preview-bar-iframe"); previewBar.style.display = "none";", []): NOT_RUN: executeJavaScript("var previewBar = document.getElementById("preview-bar-iframe"); previewBar.style.display = "none";", [])

2019-05-27 17:10:58 - [MESSAGE][NOT_RUN] - NOT_RUN: executeJavaScript("var previewBar = document.getElementById("preview-bar-iframe"); previewBar.style.display = "none";", [])

2019-05-27 17:10:58 - [TEST_STEP][PASSED] - setViewPortSize(360, 800): Viewport is set to new size with width = 360 and height = 800

2019-05-27 17:10:58 - [MESSAGE][PASSED] - Viewport is set to new size with width = 360 and height = 800

2019-05-27 17:10:58 - [TEST_STEP][PASSED] - delay(4): Delayed 4 second(s)

2019-05-27 17:11:02 - [MESSAGE][PASSED] - Delayed 4 second(s)

2019-05-27 17:11:02 - [TEST_STEP][PASSED] - selectOptionByValue(findTestObject("OCS-MOBILE /Age gate and burger menu/Date"), "12", true): All options with value '12' are selected in object 'Object Repository/OCS-MOBILE /Age gate and burger menu/Date'  using regular expression

2019-05-27 17:11:03 - [MESSAGE][PASSED] - All options with value '12' are selected in object 'Object Repository/OCS-MOBILE /Age gate and burger menu/Date'  using regular expression

2019-05-27 17:11:03 - [TEST_STEP][PASSED] - selectOptionByValue(findTestObject("OCS-MOBILE /Age gate and burger menu/month"), "6", true): All options with value '6' are selected in object 'Object Repository/OCS-MOBILE /Age gate and burger menu/month'  using regular expression

2019-05-27 17:11:03 - [MESSAGE][PASSED] - All options with value '6' are selected in object 'Object Repository/OCS-MOBILE /Age gate and burger menu/month'  using regular expression

2019-05-27 17:11:03 - [TEST_STEP][PASSED] - delay(2): Delayed 2 second(s)

2019-05-27 17:11:05 - [MESSAGE][PASSED] - Delayed 2 second(s)

2019-05-27 17:11:05 - [TEST_STEP][PASSED] - selectOptionByValue(findTestObject("OCS-MOBILE /Age gate and burger menu/Year Dropdown"), "1990", true): All options with value '1990' are selected in object 'Object Repository/OCS-MOBILE /Age gate and burger menu/Year Dropdown'  using regular expression

2019-05-27 17:11:07 - [MESSAGE][PASSED] - All options with value '1990' are selected in object 'Object Repository/OCS-MOBILE /Age gate and burger menu/Year Dropdown'  using regular expression

2019-05-27 17:11:07 - [TEST_STEP][PASSED] - click(findTestObject("OCS-MOBILE /Age gate and burger menu/button_Verify")): Object: 'Object Repository/OCS-MOBILE /Age gate and burger menu/button_Verify' is clicked on

2019-05-27 17:11:07 - [MESSAGE][PASSED] - Object: 'Object Repository/OCS-MOBILE /Age gate and burger menu/button_Verify' is clicked on

2019-05-27 17:11:07 - [TEST_STEP][PASSED] - click(findTestObject("OCS-MOBILE /Age gate and burger menu/Checkbox_CONFIRM AND ACKNOWLEDGE")): Object: 'Object Repository/OCS-MOBILE /Age gate and burger menu/Checkbox_CONFIRM AND ACKNOWLEDGE' is clicked on

2019-05-27 17:11:08 - [MESSAGE][PASSED] - Object: 'Object Repository/OCS-MOBILE /Age gate and burger menu/Checkbox_CONFIRM AND ACKNOWLEDGE' is clicked on

2019-05-27 17:11:08 - [TEST_STEP][PASSED] - click(findTestObject("OCS-MOBILE /Age gate and burger menu/button_CONFIRM")): Object: 'Object Repository/OCS-MOBILE /Age gate and burger menu/button_CONFIRM' is clicked on

2019-05-27 17:11:08 - [MESSAGE][PASSED] - Object: 'Object Repository/OCS-MOBILE /Age gate and burger menu/button_CONFIRM' is clicked on

2019-05-27 17:11:08 - [TEST_STEP][PASSED] - click(findTestObject("OCS-MOBILE /Age gate and burger menu/button_Start Browsing")): Object: 'Object Repository/OCS-MOBILE /Age gate and burger menu/button_Start Browsing' is clicked on

2019-05-27 17:11:08 - [MESSAGE][PASSED] - Object: 'Object Repository/OCS-MOBILE /Age gate and burger menu/button_Start Browsing' is clicked on

2019-05-27 17:11:08 - [MESSAGE][PASSED] - Call Test Case 'Test Cases/OCS - MOBILE/CALL - AGE GATE' successfully

2019-05-27 17:11:08 - [TEST_STEP][PASSED] - delay(2): Delayed 2 second(s)

2019-05-27 17:11:10 - [MESSAGE][PASSED] - Delayed 2 second(s)

2019-05-27 17:11:10 - [TEST_STEP][PASSED] - click(findTestObject("OCS-MOBILE /Age gate and burger menu/Burger menu - English")): Object: 'Object Repository/OCS-MOBILE /Age gate and burger menu/Burger menu - English' is clicked on

2019-05-27 17:11:10 - [MESSAGE][PASSED] - Object: 'Object Repository/OCS-MOBILE /Age gate and burger menu/Burger menu - English' is clicked on

2019-05-27 17:11:10 - [TEST_STEP][PASSED] - delay(2): Delayed 2 second(s)

2019-05-27 17:11:12 - [MESSAGE][PASSED] - Delayed 2 second(s)

2019-05-27 17:11:12 - [TEST_STEP][PASSED] - click(findTestObject("OCS-MOBILE /Cannabis page/Cannabis chevron")): Object: 'Object Repository/OCS-MOBILE /Cannabis page/Cannabis chevron' is clicked on

2019-05-27 17:11:13 - [MESSAGE][PASSED] - Object: 'Object Repository/OCS-MOBILE /Cannabis page/Cannabis chevron' is clicked on

2019-05-27 17:11:13 - [TEST_STEP][PASSED] - delay(2): Delayed 2 second(s)

2019-05-27 17:11:15 - [MESSAGE][PASSED] - Delayed 2 second(s)

2019-05-27 17:11:15 - [TEST_STEP][PASSED] - click(findTestObject("OCS-MOBILE /Cannabis page/Dried flower - plus accordian")): Object: 'Object Repository/OCS-MOBILE /Cannabis page/Dried flower - plus accordian' is clicked on

2019-05-27 17:11:15 - [MESSAGE][PASSED] - Object: 'Object Repository/OCS-MOBILE /Cannabis page/Dried flower - plus accordian' is clicked on

2019-05-27 17:11:15 - [TEST_STEP][PASSED] - delay(2): Delayed 2 second(s)

2019-05-27 17:11:17 - [MESSAGE][PASSED] - Delayed 2 second(s)

2019-05-27 17:11:17 - [TEST_STEP][PASSED] - click(findTestObject("OCS-MOBILE /Cannabis page/Dried flower - Indica dominant")): Object: 'Object Repository/OCS-MOBILE /Cannabis page/Dried flower - Indica dominant' is clicked on

2019-05-27 17:11:22 - [MESSAGE][PASSED] - Object: 'Object Repository/OCS-MOBILE /Cannabis page/Dried flower - Indica dominant' is clicked on

2019-05-27 17:11:22 - [TEST_STEP][PASSED] - executeJavaScript("var previewBar = document.getElementById("preview-bar-iframe"); previewBar.style.display = "none";", []): Execute JavaScript 'var previewBar = document.getElementById("preview-bar-iframe"); previewBar.style.display = "none";' successfully

2019-05-27 17:11:22 - [MESSAGE][PASSED] - Execute JavaScript 'var previewBar = document.getElementById("preview-bar-iframe"); previewBar.style.display = "none";' successfully

2019-05-27 17:11:22 - [TEST_STEP][PASSED] - delay(2): Delayed 2 second(s)

2019-05-27 17:11:24 - [MESSAGE][PASSED] - Delayed 2 second(s)

2019-05-27 17:11:24 - [TEST_STEP][PASSED] - click(findTestObject("OCS-MOBILE /Collection page/loadmore")): Object: 'Object Repository/OCS-MOBILE /Collection page/loadmore' is clicked on

2019-05-27 17:11:24 - [MESSAGE][PASSED] - Object: 'Object Repository/OCS-MOBILE /Collection page/loadmore' is clicked on

2019-05-27 17:11:24 - [TEST_STEP][PASSED] - delay(2): Delayed 2 second(s)

2019-05-27 17:11:26 - [MESSAGE][PASSED] - Delayed 2 second(s)

2019-05-27 17:11:26 - [TEST_STEP][PASSED] - click(findTestObject("OCS-MOBILE /Collection page/What to consider")): Object: 'Object Repository/OCS-MOBILE /Collection page/What to consider' is clicked on

2019-05-27 17:11:30 - [MESSAGE][PASSED] - Object: 'Object Repository/OCS-MOBILE /Collection page/What to consider' is clicked on

2019-05-27 17:11:30 - [TEST_STEP][PASSED] - verifyTextPresent("Six things to know before deciding to consume cannabis.", false): Text 'Six things to know before deciding to consume cannabis.' is present on page 

2019-05-27 17:11:30 - [MESSAGE][PASSED] - Text 'Six things to know before deciding to consume cannabis.' is present on page]]></system-out>
         <system-err><![CDATA[]]></system-err>
      </testcase>
      <testcase name="Test Cases/OCS - MOBILE/OCS-AGE GATE/AG - Date correction" classname="Test Cases/OCS - MOBILE/OCS-AGE GATE/AG - Date correction" status="PASSED">
         <system-out><![CDATA[2019-05-27 17:11:30 - [TEST_CASE][PASSED] - Test Cases/OCS - MOBILE/OCS-AGE GATE/AG - Date correction: Test Cases/OCS - MOBILE/OCS-AGE GATE/AG - Date correction

2019-05-27 17:11:31 - [TEST_STEP][PASSED] - openBrowser(""): Browser is opened with url: ''

2019-05-27 17:11:31 - [MESSAGE][WARNING] - A browser is already opened. Closing browser and opening a new one

2019-05-27 17:11:31 - [MESSAGE][INFO] - Starting 'Firefox' driver

2019-05-27 17:11:34 - [MESSAGE][PASSED] - Browser is opened with url: ''

2019-05-27 17:11:34 - [TEST_STEP][PASSED] - navigateToUrl("https://ocs.ca/?fts=0&preview_theme_id=53376026444"): Navigate to 'https://ocs.ca/?fts=0&preview_theme_id=53376026444' successfully

2019-05-27 17:11:40 - [MESSAGE][PASSED] - Navigate to 'https://ocs.ca/?fts=0&preview_theme_id=53376026444' successfully

2019-05-27 17:11:40 - [TEST_STEP][PASSED] - executeJavaScript("var previewBar = document.getElementById("preview-bar-iframe"); previewBar.style.display = "none";", []): Execute JavaScript 'var previewBar = document.getElementById("preview-bar-iframe"); previewBar.style.display = "none";' successfully

2019-05-27 17:11:40 - [MESSAGE][PASSED] - Execute JavaScript 'var previewBar = document.getElementById("preview-bar-iframe"); previewBar.style.display = "none";' successfully

2019-05-27 17:11:40 - [TEST_STEP][PASSED] - setViewPortSize(360, 800): Viewport is set to new size with width = 360 and height = 800

2019-05-27 17:11:40 - [MESSAGE][PASSED] - Viewport is set to new size with width = 360 and height = 800

2019-05-27 17:11:40 - [TEST_STEP][PASSED] - delay(4): Delayed 4 second(s)

2019-05-27 17:11:44 - [MESSAGE][PASSED] - Delayed 4 second(s)

2019-05-27 17:11:44 - [TEST_STEP][PASSED] - selectOptionByValue(findTestObject("OCS-MOBILE /Age gate and burger menu/Date"), "12", true): All options with value '12' are selected in object 'Object Repository/OCS-MOBILE /Age gate and burger menu/Date'  using regular expression

2019-05-27 17:11:45 - [MESSAGE][PASSED] - All options with value '12' are selected in object 'Object Repository/OCS-MOBILE /Age gate and burger menu/Date'  using regular expression

2019-05-27 17:11:45 - [TEST_STEP][PASSED] - selectOptionByValue(findTestObject("OCS-MOBILE /Age gate and burger menu/month"), "6", true): All options with value '6' are selected in object 'Object Repository/OCS-MOBILE /Age gate and burger menu/month'  using regular expression

2019-05-27 17:11:45 - [MESSAGE][PASSED] - All options with value '6' are selected in object 'Object Repository/OCS-MOBILE /Age gate and burger menu/month'  using regular expression

2019-05-27 17:11:45 - [TEST_STEP][PASSED] - delay(2): Delayed 2 second(s)

2019-05-27 17:11:47 - [MESSAGE][PASSED] - Delayed 2 second(s)

2019-05-27 17:11:47 - [TEST_STEP][PASSED] - selectOptionByValue(findTestObject("OCS-MOBILE /Age gate and burger menu/Year Dropdown"), "1990", true): All options with value '1990' are selected in object 'Object Repository/OCS-MOBILE /Age gate and burger menu/Year Dropdown'  using regular expression

2019-05-27 17:11:49 - [MESSAGE][PASSED] - All options with value '1990' are selected in object 'Object Repository/OCS-MOBILE /Age gate and burger menu/Year Dropdown'  using regular expression

2019-05-27 17:11:49 - [TEST_STEP][PASSED] - delay(3): Delayed 3 second(s)

2019-05-27 17:11:52 - [MESSAGE][PASSED] - Delayed 3 second(s)

2019-05-27 17:11:52 - [TEST_STEP][PASSED] - click(findTestObject("OCS-MOBILE /Age gate and burger menu/button_Verify")): Object: 'Object Repository/OCS-MOBILE /Age gate and burger menu/button_Verify' is clicked on

2019-05-27 17:11:52 - [MESSAGE][PASSED] - Object: 'Object Repository/OCS-MOBILE /Age gate and burger menu/button_Verify' is clicked on

2019-05-27 17:11:52 - [TEST_STEP][PASSED] - delay(1): Delayed 1 second(s)

2019-05-27 17:11:53 - [MESSAGE][PASSED] - Delayed 1 second(s)

2019-05-27 17:11:53 - [TEST_STEP][PASSED] - click(findTestObject("OCS-MOBILE /Age gate and burger menu/a_Correct your date of birth")): Object: 'Object Repository/OCS-MOBILE /Age gate and burger menu/a_Correct your date of birth' is clicked on

2019-05-27 17:11:53 - [MESSAGE][PASSED] - Object: 'Object Repository/OCS-MOBILE /Age gate and burger menu/a_Correct your date of birth' is clicked on

2019-05-27 17:11:53 - [TEST_STEP][PASSED] - selectOptionByValue(findTestObject("OCS-MOBILE /Age gate and burger menu/Date"), "1", true): All options with value '1' are selected in object 'Object Repository/OCS-MOBILE /Age gate and burger menu/Date'  using regular expression

2019-05-27 17:11:54 - [MESSAGE][PASSED] - All options with value '1' are selected in object 'Object Repository/OCS-MOBILE /Age gate and burger menu/Date'  using regular expression

2019-05-27 17:11:54 - [TEST_STEP][PASSED] - selectOptionByValue(findTestObject("OCS-MOBILE /Age gate and burger menu/month"), "5", true): All options with value '5' are selected in object 'Object Repository/OCS-MOBILE /Age gate and burger menu/month'  using regular expression

2019-05-27 17:11:54 - [MESSAGE][PASSED] - All options with value '5' are selected in object 'Object Repository/OCS-MOBILE /Age gate and burger menu/month'  using regular expression

2019-05-27 17:11:54 - [TEST_STEP][PASSED] - selectOptionByValue(findTestObject("OCS-MOBILE /Age gate and burger menu/Year Dropdown"), "1980", true): All options with value '1980' are selected in object 'Object Repository/OCS-MOBILE /Age gate and burger menu/Year Dropdown'  using regular expression

2019-05-27 17:11:56 - [MESSAGE][PASSED] - All options with value '1980' are selected in object 'Object Repository/OCS-MOBILE /Age gate and burger menu/Year Dropdown'  using regular expression

2019-05-27 17:11:56 - [TEST_STEP][PASSED] - click(findTestObject("OCS-MOBILE /Age gate and burger menu/button_Verify")): Object: 'Object Repository/OCS-MOBILE /Age gate and burger menu/button_Verify' is clicked on

2019-05-27 17:11:56 - [MESSAGE][PASSED] - Object: 'Object Repository/OCS-MOBILE /Age gate and burger menu/button_Verify' is clicked on

2019-05-27 17:11:56 - [TEST_STEP][PASSED] - closeBrowser(): Browser is closed

2019-05-27 17:11:57 - [MESSAGE][PASSED] - Browser is closed]]></system-out>
         <system-err><![CDATA[]]></system-err>
      </testcase>
      <testcase name="Test Cases/OCS - MOBILE/OCS-AGE GATE/AG- Under Age" classname="Test Cases/OCS - MOBILE/OCS-AGE GATE/AG- Under Age" status="PASSED">
         <system-out><![CDATA[2019-05-27 17:11:57 - [TEST_CASE][PASSED] - Test Cases/OCS - MOBILE/OCS-AGE GATE/AG- Under Age: Test Cases/OCS - MOBILE/OCS-AGE GATE/AG- Under Age

2019-05-27 17:11:57 - [TEST_STEP][PASSED] - openBrowser(""): Browser is opened with url: ''

2019-05-27 17:11:57 - [MESSAGE][INFO] - Starting 'Firefox' driver

2019-05-27 17:11:59 - [MESSAGE][PASSED] - Browser is opened with url: ''

2019-05-27 17:11:59 - [TEST_STEP][PASSED] - navigateToUrl("https://ocs.ca/?fts=0&preview_theme_id=53376026444"): Navigate to 'https://ocs.ca/?fts=0&preview_theme_id=53376026444' successfully

2019-05-27 17:12:08 - [MESSAGE][PASSED] - Navigate to 'https://ocs.ca/?fts=0&preview_theme_id=53376026444' successfully

2019-05-27 17:12:08 - [TEST_STEP][NOT_RUN] - executeJavaScript("var previewBar = document.getElementById("preview-bar-iframe"); previewBar.style.display = "none";", []): NOT_RUN: executeJavaScript("var previewBar = document.getElementById("preview-bar-iframe"); previewBar.style.display = "none";", [])

2019-05-27 17:12:08 - [MESSAGE][NOT_RUN] - NOT_RUN: executeJavaScript("var previewBar = document.getElementById("preview-bar-iframe"); previewBar.style.display = "none";", [])

2019-05-27 17:12:08 - [TEST_STEP][PASSED] - setViewPortSize(360, 800): Viewport is set to new size with width = 360 and height = 800

2019-05-27 17:12:08 - [MESSAGE][PASSED] - Viewport is set to new size with width = 360 and height = 800

2019-05-27 17:12:08 - [TEST_STEP][PASSED] - delay(4): Delayed 4 second(s)

2019-05-27 17:12:12 - [MESSAGE][PASSED] - Delayed 4 second(s)

2019-05-27 17:12:12 - [TEST_STEP][PASSED] - selectOptionByValue(findTestObject("OCS-MOBILE /Age gate and burger menu/Date"), "12", true): All options with value '12' are selected in object 'Object Repository/OCS-MOBILE /Age gate and burger menu/Date'  using regular expression

2019-05-27 17:12:13 - [MESSAGE][PASSED] - All options with value '12' are selected in object 'Object Repository/OCS-MOBILE /Age gate and burger menu/Date'  using regular expression

2019-05-27 17:12:13 - [TEST_STEP][PASSED] - selectOptionByValue(findTestObject("OCS-MOBILE /Age gate and burger menu/month"), "6", true): All options with value '6' are selected in object 'Object Repository/OCS-MOBILE /Age gate and burger menu/month'  using regular expression

2019-05-27 17:12:13 - [MESSAGE][PASSED] - All options with value '6' are selected in object 'Object Repository/OCS-MOBILE /Age gate and burger menu/month'  using regular expression

2019-05-27 17:12:13 - [TEST_STEP][PASSED] - delay(2): Delayed 2 second(s)

2019-05-27 17:12:15 - [MESSAGE][PASSED] - Delayed 2 second(s)

2019-05-27 17:12:15 - [TEST_STEP][PASSED] - selectOptionByValue(findTestObject("OCS-MOBILE /Age gate and burger menu/Year Dropdown"), "2017", true): All options with value '2017' are selected in object 'Object Repository/OCS-MOBILE /Age gate and burger menu/Year Dropdown'  using regular expression

2019-05-27 17:12:16 - [MESSAGE][PASSED] - All options with value '2017' are selected in object 'Object Repository/OCS-MOBILE /Age gate and burger menu/Year Dropdown'  using regular expression

2019-05-27 17:12:16 - [TEST_STEP][PASSED] - click(findTestObject("OCS-MOBILE /Age gate and burger menu/button_Verify")): Object: 'Object Repository/OCS-MOBILE /Age gate and burger menu/button_Verify' is clicked on

2019-05-27 17:12:17 - [MESSAGE][PASSED] - Object: 'Object Repository/OCS-MOBILE /Age gate and burger menu/button_Verify' is clicked on

2019-05-27 17:12:17 - [TEST_STEP][PASSED] - click(findTestObject("OCS-MOBILE /Age gate and burger menu/Checkbox_CONFIRM AND ACKNOWLEDGE")): Object: 'Object Repository/OCS-MOBILE /Age gate and burger menu/Checkbox_CONFIRM AND ACKNOWLEDGE' is clicked on

2019-05-27 17:12:17 - [MESSAGE][PASSED] - Object: 'Object Repository/OCS-MOBILE /Age gate and burger menu/Checkbox_CONFIRM AND ACKNOWLEDGE' is clicked on

2019-05-27 17:12:17 - [TEST_STEP][PASSED] - click(findTestObject("OCS-MOBILE /Age gate and burger menu/button_CONFIRM")): Object: 'Object Repository/OCS-MOBILE /Age gate and burger menu/button_CONFIRM' is clicked on

2019-05-27 17:12:17 - [MESSAGE][PASSED] - Object: 'Object Repository/OCS-MOBILE /Age gate and burger menu/button_CONFIRM' is clicked on

2019-05-27 17:12:17 - [TEST_STEP][PASSED] - delay(3): Delayed 3 second(s)

2019-05-27 17:12:20 - [MESSAGE][PASSED] - Delayed 3 second(s)

2019-05-27 17:12:20 - [TEST_STEP][PASSED] - click(findTestObject("OCS-MOBILE /Age gate and burger menu/Oops Im actually 19 or older - Link")): Object: 'Object Repository/OCS-MOBILE /Age gate and burger menu/Oops Im actually 19 or older - Link' is clicked on

2019-05-27 17:12:20 - [MESSAGE][PASSED] - Object: 'Object Repository/OCS-MOBILE /Age gate and burger menu/Oops Im actually 19 or older - Link' is clicked on

2019-05-27 17:12:20 - [TEST_STEP][PASSED] - selectOptionByValue(findTestObject("OCS-MOBILE /Age gate and burger menu/Date"), "5", true): All options with value '5' are selected in object 'Object Repository/OCS-MOBILE /Age gate and burger menu/Date'  using regular expression

2019-05-27 17:12:21 - [MESSAGE][PASSED] - All options with value '5' are selected in object 'Object Repository/OCS-MOBILE /Age gate and burger menu/Date'  using regular expression

2019-05-27 17:12:21 - [TEST_STEP][PASSED] - selectOptionByValue(findTestObject("OCS-MOBILE /Age gate and burger menu/month"), "6", true): All options with value '6' are selected in object 'Object Repository/OCS-MOBILE /Age gate and burger menu/month'  using regular expression

2019-05-27 17:12:21 - [MESSAGE][PASSED] - All options with value '6' are selected in object 'Object Repository/OCS-MOBILE /Age gate and burger menu/month'  using regular expression

2019-05-27 17:12:21 - [TEST_STEP][PASSED] - selectOptionByValue(findTestObject("OCS-MOBILE /Age gate and burger menu/Year Dropdown"), "1970", true): All options with value '1970' are selected in object 'Object Repository/OCS-MOBILE /Age gate and burger menu/Year Dropdown'  using regular expression

2019-05-27 17:12:23 - [MESSAGE][PASSED] - All options with value '1970' are selected in object 'Object Repository/OCS-MOBILE /Age gate and burger menu/Year Dropdown'  using regular expression

2019-05-27 17:12:23 - [TEST_STEP][PASSED] - click(findTestObject("OCS-MOBILE /Age gate and burger menu/button_Verify")): Object: 'Object Repository/OCS-MOBILE /Age gate and burger menu/button_Verify' is clicked on

2019-05-27 17:12:23 - [MESSAGE][PASSED] - Object: 'Object Repository/OCS-MOBILE /Age gate and burger menu/button_Verify' is clicked on

2019-05-27 17:12:23 - [TEST_STEP][PASSED] - click(findTestObject("OCS-MOBILE /Age gate and burger menu/Checkbox_CONFIRM AND ACKNOWLEDGE")): Object: 'Object Repository/OCS-MOBILE /Age gate and burger menu/Checkbox_CONFIRM AND ACKNOWLEDGE' is clicked on

2019-05-27 17:12:24 - [MESSAGE][PASSED] - Object: 'Object Repository/OCS-MOBILE /Age gate and burger menu/Checkbox_CONFIRM AND ACKNOWLEDGE' is clicked on

2019-05-27 17:12:24 - [TEST_STEP][PASSED] - click(findTestObject("OCS-MOBILE /Age gate and burger menu/button_CONFIRM")): Object: 'Object Repository/OCS-MOBILE /Age gate and burger menu/button_CONFIRM' is clicked on

2019-05-27 17:12:24 - [MESSAGE][PASSED] - Object: 'Object Repository/OCS-MOBILE /Age gate and burger menu/button_CONFIRM' is clicked on

2019-05-27 17:12:24 - [TEST_STEP][PASSED] - click(findTestObject("OCS-MOBILE /Age gate and burger menu/button_Start Browsing")): Object: 'Object Repository/OCS-MOBILE /Age gate and burger menu/button_Start Browsing' is clicked on

2019-05-27 17:12:24 - [MESSAGE][PASSED] - Object: 'Object Repository/OCS-MOBILE /Age gate and burger menu/button_Start Browsing' is clicked on

2019-05-27 17:12:24 - [TEST_STEP][PASSED] - delay(3): Delayed 3 second(s)

2019-05-27 17:12:27 - [MESSAGE][PASSED] - Delayed 3 second(s)

2019-05-27 17:12:27 - [TEST_STEP][PASSED] - closeBrowser(): Browser is closed

2019-05-27 17:12:28 - [MESSAGE][PASSED] - Browser is closed]]></system-out>
         <system-err><![CDATA[]]></system-err>
      </testcase>
      <testcase name="Test Cases/OCS - MOBILE/OCS- PRODUCT PAGE/Add to bag CTA" classname="Test Cases/OCS - MOBILE/OCS- PRODUCT PAGE/Add to bag CTA" status="PASSED">
         <system-out><![CDATA[2019-05-27 17:12:28 - [TEST_CASE][PASSED] - Test Cases/OCS - MOBILE/OCS- PRODUCT PAGE/Add to bag CTA: Test Cases/OCS - MOBILE/OCS- PRODUCT PAGE/Add to bag CTA

2019-05-27 17:12:28 - [TEST_STEP][PASSED] - callTestCase(findTestCase("OCS - MOBILE/CALL - PDP"), [:], STOP_ON_FAILURE): Call Test Case 'Test Cases/OCS - MOBILE/CALL - PDP' successfully

2019-05-27 17:12:28 - [TEST_CASE][PASSED] - Test Cases/OCS - MOBILE/CALL - PDP: Test Cases/OCS - MOBILE/CALL - PDP

2019-05-27 17:12:28 - [TEST_STEP][PASSED] - openBrowser(""): Browser is opened with url: ''

2019-05-27 17:12:28 - [MESSAGE][INFO] - Starting 'Firefox' driver

2019-05-27 17:12:30 - [MESSAGE][PASSED] - Browser is opened with url: ''

2019-05-27 17:12:30 - [TEST_STEP][PASSED] - navigateToUrl("https://ocs.ca/?fts=0&preview_theme_id=53376026444"): Navigate to 'https://ocs.ca/?fts=0&preview_theme_id=53376026444' successfully

2019-05-27 17:12:37 - [MESSAGE][PASSED] - Navigate to 'https://ocs.ca/?fts=0&preview_theme_id=53376026444' successfully

2019-05-27 17:12:37 - [TEST_STEP][NOT_RUN] - executeJavaScript("var previewBar = document.getElementById("preview-bar-iframe"); previewBar.style.display = "none";", []): NOT_RUN: executeJavaScript("var previewBar = document.getElementById("preview-bar-iframe"); previewBar.style.display = "none";", [])

2019-05-27 17:12:37 - [MESSAGE][NOT_RUN] - NOT_RUN: executeJavaScript("var previewBar = document.getElementById("preview-bar-iframe"); previewBar.style.display = "none";", [])

2019-05-27 17:12:37 - [TEST_STEP][PASSED] - setViewPortSize(360, 800): Viewport is set to new size with width = 360 and height = 800

2019-05-27 17:12:37 - [MESSAGE][PASSED] - Viewport is set to new size with width = 360 and height = 800

2019-05-27 17:12:37 - [TEST_STEP][PASSED] - delay(4): Delayed 4 second(s)

2019-05-27 17:12:41 - [MESSAGE][PASSED] - Delayed 4 second(s)

2019-05-27 17:12:41 - [TEST_STEP][PASSED] - selectOptionByValue(findTestObject("OCS-MOBILE /Age gate and burger menu/Date"), "12", true): All options with value '12' are selected in object 'Object Repository/OCS-MOBILE /Age gate and burger menu/Date'  using regular expression

2019-05-27 17:12:42 - [MESSAGE][PASSED] - All options with value '12' are selected in object 'Object Repository/OCS-MOBILE /Age gate and burger menu/Date'  using regular expression

2019-05-27 17:12:42 - [TEST_STEP][PASSED] - selectOptionByValue(findTestObject("OCS-MOBILE /Age gate and burger menu/month"), "6", true): All options with value '6' are selected in object 'Object Repository/OCS-MOBILE /Age gate and burger menu/month'  using regular expression

2019-05-27 17:12:42 - [MESSAGE][PASSED] - All options with value '6' are selected in object 'Object Repository/OCS-MOBILE /Age gate and burger menu/month'  using regular expression

2019-05-27 17:12:42 - [TEST_STEP][PASSED] - delay(2): Delayed 2 second(s)

2019-05-27 17:12:44 - [MESSAGE][PASSED] - Delayed 2 second(s)

2019-05-27 17:12:44 - [TEST_STEP][PASSED] - selectOptionByValue(findTestObject("OCS-MOBILE /Age gate and burger menu/Year Dropdown"), "1990", true): All options with value '1990' are selected in object 'Object Repository/OCS-MOBILE /Age gate and burger menu/Year Dropdown'  using regular expression

2019-05-27 17:12:46 - [MESSAGE][PASSED] - All options with value '1990' are selected in object 'Object Repository/OCS-MOBILE /Age gate and burger menu/Year Dropdown'  using regular expression

2019-05-27 17:12:46 - [TEST_STEP][PASSED] - click(findTestObject("OCS-MOBILE /Age gate and burger menu/button_Verify")): Object: 'Object Repository/OCS-MOBILE /Age gate and burger menu/button_Verify' is clicked on

2019-05-27 17:12:46 - [MESSAGE][PASSED] - Object: 'Object Repository/OCS-MOBILE /Age gate and burger menu/button_Verify' is clicked on

2019-05-27 17:12:46 - [TEST_STEP][PASSED] - click(findTestObject("OCS-MOBILE /Age gate and burger menu/Checkbox_CONFIRM AND ACKNOWLEDGE")): Object: 'Object Repository/OCS-MOBILE /Age gate and burger menu/Checkbox_CONFIRM AND ACKNOWLEDGE' is clicked on

2019-05-27 17:12:46 - [MESSAGE][PASSED] - Object: 'Object Repository/OCS-MOBILE /Age gate and burger menu/Checkbox_CONFIRM AND ACKNOWLEDGE' is clicked on

2019-05-27 17:12:46 - [TEST_STEP][PASSED] - click(findTestObject("OCS-MOBILE /Age gate and burger menu/button_CONFIRM")): Object: 'Object Repository/OCS-MOBILE /Age gate and burger menu/button_CONFIRM' is clicked on

2019-05-27 17:12:46 - [MESSAGE][PASSED] - Object: 'Object Repository/OCS-MOBILE /Age gate and burger menu/button_CONFIRM' is clicked on

2019-05-27 17:12:46 - [TEST_STEP][PASSED] - click(findTestObject("OCS-MOBILE /Age gate and burger menu/button_Start Browsing")): Object: 'Object Repository/OCS-MOBILE /Age gate and burger menu/button_Start Browsing' is clicked on

2019-05-27 17:12:47 - [MESSAGE][PASSED] - Object: 'Object Repository/OCS-MOBILE /Age gate and burger menu/button_Start Browsing' is clicked on

2019-05-27 17:12:47 - [TEST_STEP][PASSED] - delay(2): Delayed 2 second(s)

2019-05-27 17:12:49 - [MESSAGE][PASSED] - Delayed 2 second(s)

2019-05-27 17:12:49 - [TEST_STEP][PASSED] - click(findTestObject("OCS-MOBILE /Age gate and burger menu/Burger menu - English")): Object: 'Object Repository/OCS-MOBILE /Age gate and burger menu/Burger menu - English' is clicked on

2019-05-27 17:12:49 - [MESSAGE][PASSED] - Object: 'Object Repository/OCS-MOBILE /Age gate and burger menu/Burger menu - English' is clicked on

2019-05-27 17:12:49 - [TEST_STEP][PASSED] - delay(2): Delayed 2 second(s)

2019-05-27 17:12:51 - [MESSAGE][PASSED] - Delayed 2 second(s)

2019-05-27 17:12:51 - [TEST_STEP][PASSED] - click(findTestObject("OCS-MOBILE /Age gate and burger menu/Chevron_Cannabis")): Object: 'Object Repository/OCS-MOBILE /Age gate and burger menu/Chevron_Cannabis' is clicked on

2019-05-27 17:12:51 - [MESSAGE][PASSED] - Object: 'Object Repository/OCS-MOBILE /Age gate and burger menu/Chevron_Cannabis' is clicked on

2019-05-27 17:12:51 - [TEST_STEP][PASSED] - delay(2): Delayed 2 second(s)

2019-05-27 17:12:53 - [MESSAGE][PASSED] - Delayed 2 second(s)

2019-05-27 17:12:53 - [TEST_STEP][PASSED] - click(findTestObject("OCS-MOBILE /Age gate and burger menu/Dried Flower_Plus icon")): Object: 'Object Repository/OCS-MOBILE /Age gate and burger menu/Dried Flower_Plus icon' is clicked on

2019-05-27 17:12:53 - [MESSAGE][PASSED] - Object: 'Object Repository/OCS-MOBILE /Age gate and burger menu/Dried Flower_Plus icon' is clicked on

2019-05-27 17:12:53 - [TEST_STEP][PASSED] - delay(2): Delayed 2 second(s)

2019-05-27 17:12:55 - [MESSAGE][PASSED] - Delayed 2 second(s)

2019-05-27 17:12:55 - [TEST_STEP][PASSED] - click(findTestObject("OCS-MOBILE /Age gate and burger menu/Indica Dominant_Menu item")): Object: 'Object Repository/OCS-MOBILE /Age gate and burger menu/Indica Dominant_Menu item' is clicked on

2019-05-27 17:12:58 - [MESSAGE][PASSED] - Object: 'Object Repository/OCS-MOBILE /Age gate and burger menu/Indica Dominant_Menu item' is clicked on

2019-05-27 17:12:58 - [TEST_STEP][PASSED] - delay(2): Delayed 2 second(s)

2019-05-27 17:13:00 - [MESSAGE][PASSED] - Delayed 2 second(s)

2019-05-27 17:13:00 - [TEST_STEP][PASSED] - click(findTestObject("OCS-MOBILE /Collection page/Product image - 1st one")): Object: 'Object Repository/OCS-MOBILE /Collection page/Product image - 1st one' is clicked on

2019-05-27 17:13:02 - [MESSAGE][PASSED] - Object: 'Object Repository/OCS-MOBILE /Collection page/Product image - 1st one' is clicked on

2019-05-27 17:13:02 - [TEST_STEP][PASSED] - delay(2): Delayed 2 second(s)

2019-05-27 17:13:04 - [MESSAGE][PASSED] - Delayed 2 second(s)

2019-05-27 17:13:04 - [TEST_STEP][PASSED] - executeJavaScript("var previewBar = document.getElementById("preview-bar-iframe"); previewBar.style.display = "none";", []): Execute JavaScript 'var previewBar = document.getElementById("preview-bar-iframe"); previewBar.style.display = "none";' successfully

2019-05-27 17:13:04 - [MESSAGE][PASSED] - Execute JavaScript 'var previewBar = document.getElementById("preview-bar-iframe"); previewBar.style.display = "none";' successfully

2019-05-27 17:13:04 - [MESSAGE][PASSED] - Call Test Case 'Test Cases/OCS - MOBILE/CALL - PDP' successfully

2019-05-27 17:13:04 - [TEST_STEP][PASSED] - executeJavaScript("var previewBar = document.getElementById("preview-bar-iframe"); previewBar.style.display = "none";", []): Execute JavaScript 'var previewBar = document.getElementById("preview-bar-iframe"); previewBar.style.display = "none";' successfully

2019-05-27 17:13:04 - [MESSAGE][PASSED] - Execute JavaScript 'var previewBar = document.getElementById("preview-bar-iframe"); previewBar.style.display = "none";' successfully

2019-05-27 17:13:04 - [TEST_STEP][PASSED] - scrollToElement(findTestObject("OCS-MOBILE /Product page/Product image"), 1): Scroll to object 'Object Repository/OCS-MOBILE /Product page/Product image' successfully

2019-05-27 17:13:04 - [MESSAGE][PASSED] - Scroll to object 'Object Repository/OCS-MOBILE /Product page/Product image' successfully

2019-05-27 17:13:04 - [TEST_STEP][PASSED] - delay(2): Delayed 2 second(s)

2019-05-27 17:13:06 - [MESSAGE][PASSED] - Delayed 2 second(s)

2019-05-27 17:13:06 - [TEST_STEP][PASSED] - click(findTestObject("OCS-MOBILE /Product page/Swatch_1g")): Object: 'Object Repository/OCS-MOBILE /Product page/Swatch_1g' is clicked on

2019-05-27 17:13:07 - [MESSAGE][PASSED] - Object: 'Object Repository/OCS-MOBILE /Product page/Swatch_1g' is clicked on

2019-05-27 17:13:07 - [TEST_STEP][PASSED] - scrollToElement(findTestObject("OCS-MOBILE /Product page/Swatch_3.5g"), 1): Scroll to object 'Object Repository/OCS-MOBILE /Product page/Swatch_3.5g' successfully

2019-05-27 17:13:07 - [MESSAGE][PASSED] - Scroll to object 'Object Repository/OCS-MOBILE /Product page/Swatch_3.5g' successfully

2019-05-27 17:13:07 - [TEST_STEP][PASSED] - delay(2): Delayed 2 second(s)

2019-05-27 17:13:09 - [MESSAGE][PASSED] - Delayed 2 second(s)

2019-05-27 17:13:09 - [TEST_STEP][PASSED] - click(findTestObject("OCS-MOBILE /Product page/Add to Bag-button")): Object: 'Object Repository/OCS-MOBILE /Product page/Add to Bag-button' is clicked on

2019-05-27 17:13:09 - [MESSAGE][PASSED] - Object: 'Object Repository/OCS-MOBILE /Product page/Add to Bag-button' is clicked on

2019-05-27 17:13:09 - [TEST_STEP][PASSED] - delay(1): Delayed 1 second(s)

2019-05-27 17:13:10 - [MESSAGE][PASSED] - Delayed 1 second(s)

2019-05-27 17:13:10 - [TEST_STEP][PASSED] - click(findTestObject("OCS-MOBILE /Home - page/Cart icon -bag")): Object: 'Object Repository/OCS-MOBILE /Home - page/Cart icon -bag' is clicked on

2019-05-27 17:13:10 - [MESSAGE][PASSED] - Object: 'Object Repository/OCS-MOBILE /Home - page/Cart icon -bag' is clicked on

2019-05-27 17:13:10 - [TEST_STEP][PASSED] - delay(1): Delayed 1 second(s)

2019-05-27 17:13:11 - [MESSAGE][PASSED] - Delayed 1 second(s)

2019-05-27 17:13:11 - [TEST_STEP][PASSED] - verifyElementPresent(findTestObject("OCS-MOBILE /Cart flyout/Cart - 1st item"), 2): Object 'Object Repository/OCS-MOBILE /Cart flyout/Cart - 1st item' is present

2019-05-27 17:13:11 - [MESSAGE][PASSED] - Object 'Object Repository/OCS-MOBILE /Cart flyout/Cart - 1st item' is present

2019-05-27 17:13:11 - [TEST_STEP][PASSED] - delay(1): Delayed 1 second(s)

2019-05-27 17:13:12 - [MESSAGE][PASSED] - Delayed 1 second(s)

2019-05-27 17:13:12 - [TEST_STEP][PASSED] - click(findTestObject("OCS-MOBILE /Cart flyout/Back icon")): Object: 'Object Repository/OCS-MOBILE /Cart flyout/Back icon' is clicked on

2019-05-27 17:13:13 - [MESSAGE][PASSED] - Object: 'Object Repository/OCS-MOBILE /Cart flyout/Back icon' is clicked on

2019-05-27 17:13:13 - [TEST_STEP][PASSED] - closeBrowser(): Browser is closed

2019-05-27 17:13:13 - [MESSAGE][PASSED] - Browser is closed]]></system-out>
         <system-err><![CDATA[]]></system-err>
      </testcase>
      <testcase name="Test Cases/OCS - MOBILE/OCS- PRODUCT PAGE/Shop all of our products" classname="Test Cases/OCS - MOBILE/OCS- PRODUCT PAGE/Shop all of our products" status="PASSED">
         <system-out><![CDATA[2019-05-27 17:13:13 - [TEST_CASE][PASSED] - Test Cases/OCS - MOBILE/OCS- PRODUCT PAGE/Shop all of our products: Test Cases/OCS - MOBILE/OCS- PRODUCT PAGE/Shop all of our products

2019-05-27 17:13:13 - [TEST_STEP][PASSED] - callTestCase(findTestCase("OCS - MOBILE/CALL - PDP"), [:], STOP_ON_FAILURE): Call Test Case 'Test Cases/OCS - MOBILE/CALL - PDP' successfully

2019-05-27 17:13:13 - [TEST_CASE][PASSED] - Test Cases/OCS - MOBILE/CALL - PDP: Test Cases/OCS - MOBILE/CALL - PDP

2019-05-27 17:13:13 - [TEST_STEP][PASSED] - openBrowser(""): Browser is opened with url: ''

2019-05-27 17:13:13 - [MESSAGE][INFO] - Starting 'Firefox' driver

2019-05-27 17:13:16 - [MESSAGE][PASSED] - Browser is opened with url: ''

2019-05-27 17:13:16 - [TEST_STEP][PASSED] - navigateToUrl("https://ocs.ca/?fts=0&preview_theme_id=53376026444"): Navigate to 'https://ocs.ca/?fts=0&preview_theme_id=53376026444' successfully

2019-05-27 17:13:22 - [MESSAGE][PASSED] - Navigate to 'https://ocs.ca/?fts=0&preview_theme_id=53376026444' successfully

2019-05-27 17:13:22 - [TEST_STEP][NOT_RUN] - executeJavaScript("var previewBar = document.getElementById("preview-bar-iframe"); previewBar.style.display = "none";", []): NOT_RUN: executeJavaScript("var previewBar = document.getElementById("preview-bar-iframe"); previewBar.style.display = "none";", [])

2019-05-27 17:13:22 - [MESSAGE][NOT_RUN] - NOT_RUN: executeJavaScript("var previewBar = document.getElementById("preview-bar-iframe"); previewBar.style.display = "none";", [])

2019-05-27 17:13:22 - [TEST_STEP][PASSED] - setViewPortSize(360, 800): Viewport is set to new size with width = 360 and height = 800

2019-05-27 17:13:22 - [MESSAGE][PASSED] - Viewport is set to new size with width = 360 and height = 800

2019-05-27 17:13:22 - [TEST_STEP][PASSED] - delay(4): Delayed 4 second(s)

2019-05-27 17:13:26 - [MESSAGE][PASSED] - Delayed 4 second(s)

2019-05-27 17:13:26 - [TEST_STEP][PASSED] - selectOptionByValue(findTestObject("OCS-MOBILE /Age gate and burger menu/Date"), "12", true): All options with value '12' are selected in object 'Object Repository/OCS-MOBILE /Age gate and burger menu/Date'  using regular expression

2019-05-27 17:13:27 - [MESSAGE][PASSED] - All options with value '12' are selected in object 'Object Repository/OCS-MOBILE /Age gate and burger menu/Date'  using regular expression

2019-05-27 17:13:27 - [TEST_STEP][PASSED] - selectOptionByValue(findTestObject("OCS-MOBILE /Age gate and burger menu/month"), "6", true): All options with value '6' are selected in object 'Object Repository/OCS-MOBILE /Age gate and burger menu/month'  using regular expression

2019-05-27 17:13:27 - [MESSAGE][PASSED] - All options with value '6' are selected in object 'Object Repository/OCS-MOBILE /Age gate and burger menu/month'  using regular expression

2019-05-27 17:13:27 - [TEST_STEP][PASSED] - delay(2): Delayed 2 second(s)

2019-05-27 17:13:29 - [MESSAGE][PASSED] - Delayed 2 second(s)

2019-05-27 17:13:29 - [TEST_STEP][PASSED] - selectOptionByValue(findTestObject("OCS-MOBILE /Age gate and burger menu/Year Dropdown"), "1990", true): All options with value '1990' are selected in object 'Object Repository/OCS-MOBILE /Age gate and burger menu/Year Dropdown'  using regular expression

2019-05-27 17:13:31 - [MESSAGE][PASSED] - All options with value '1990' are selected in object 'Object Repository/OCS-MOBILE /Age gate and burger menu/Year Dropdown'  using regular expression

2019-05-27 17:13:31 - [TEST_STEP][PASSED] - click(findTestObject("OCS-MOBILE /Age gate and burger menu/button_Verify")): Object: 'Object Repository/OCS-MOBILE /Age gate and burger menu/button_Verify' is clicked on

2019-05-27 17:13:31 - [MESSAGE][PASSED] - Object: 'Object Repository/OCS-MOBILE /Age gate and burger menu/button_Verify' is clicked on

2019-05-27 17:13:31 - [TEST_STEP][PASSED] - click(findTestObject("OCS-MOBILE /Age gate and burger menu/Checkbox_CONFIRM AND ACKNOWLEDGE")): Object: 'Object Repository/OCS-MOBILE /Age gate and burger menu/Checkbox_CONFIRM AND ACKNOWLEDGE' is clicked on

2019-05-27 17:13:31 - [MESSAGE][PASSED] - Object: 'Object Repository/OCS-MOBILE /Age gate and burger menu/Checkbox_CONFIRM AND ACKNOWLEDGE' is clicked on

2019-05-27 17:13:31 - [TEST_STEP][PASSED] - click(findTestObject("OCS-MOBILE /Age gate and burger menu/button_CONFIRM")): Object: 'Object Repository/OCS-MOBILE /Age gate and burger menu/button_CONFIRM' is clicked on

2019-05-27 17:13:31 - [MESSAGE][PASSED] - Object: 'Object Repository/OCS-MOBILE /Age gate and burger menu/button_CONFIRM' is clicked on

2019-05-27 17:13:31 - [TEST_STEP][PASSED] - click(findTestObject("OCS-MOBILE /Age gate and burger menu/button_Start Browsing")): Object: 'Object Repository/OCS-MOBILE /Age gate and burger menu/button_Start Browsing' is clicked on

2019-05-27 17:13:32 - [MESSAGE][PASSED] - Object: 'Object Repository/OCS-MOBILE /Age gate and burger menu/button_Start Browsing' is clicked on

2019-05-27 17:13:32 - [TEST_STEP][PASSED] - delay(2): Delayed 2 second(s)

2019-05-27 17:13:34 - [MESSAGE][PASSED] - Delayed 2 second(s)

2019-05-27 17:13:34 - [TEST_STEP][PASSED] - click(findTestObject("OCS-MOBILE /Age gate and burger menu/Burger menu - English")): Object: 'Object Repository/OCS-MOBILE /Age gate and burger menu/Burger menu - English' is clicked on

2019-05-27 17:13:34 - [MESSAGE][PASSED] - Object: 'Object Repository/OCS-MOBILE /Age gate and burger menu/Burger menu - English' is clicked on

2019-05-27 17:13:34 - [TEST_STEP][PASSED] - delay(2): Delayed 2 second(s)

2019-05-27 17:13:36 - [MESSAGE][PASSED] - Delayed 2 second(s)

2019-05-27 17:13:36 - [TEST_STEP][PASSED] - click(findTestObject("OCS-MOBILE /Age gate and burger menu/Chevron_Cannabis")): Object: 'Object Repository/OCS-MOBILE /Age gate and burger menu/Chevron_Cannabis' is clicked on

2019-05-27 17:13:36 - [MESSAGE][PASSED] - Object: 'Object Repository/OCS-MOBILE /Age gate and burger menu/Chevron_Cannabis' is clicked on

2019-05-27 17:13:36 - [TEST_STEP][PASSED] - delay(2): Delayed 2 second(s)

2019-05-27 17:13:38 - [MESSAGE][PASSED] - Delayed 2 second(s)

2019-05-27 17:13:38 - [TEST_STEP][PASSED] - click(findTestObject("OCS-MOBILE /Age gate and burger menu/Dried Flower_Plus icon")): Object: 'Object Repository/OCS-MOBILE /Age gate and burger menu/Dried Flower_Plus icon' is clicked on

2019-05-27 17:13:38 - [MESSAGE][PASSED] - Object: 'Object Repository/OCS-MOBILE /Age gate and burger menu/Dried Flower_Plus icon' is clicked on

2019-05-27 17:13:38 - [TEST_STEP][PASSED] - delay(2): Delayed 2 second(s)

2019-05-27 17:13:40 - [MESSAGE][PASSED] - Delayed 2 second(s)

2019-05-27 17:13:40 - [TEST_STEP][PASSED] - click(findTestObject("OCS-MOBILE /Age gate and burger menu/Indica Dominant_Menu item")): Object: 'Object Repository/OCS-MOBILE /Age gate and burger menu/Indica Dominant_Menu item' is clicked on

2019-05-27 17:13:43 - [MESSAGE][PASSED] - Object: 'Object Repository/OCS-MOBILE /Age gate and burger menu/Indica Dominant_Menu item' is clicked on

2019-05-27 17:13:43 - [TEST_STEP][PASSED] - delay(2): Delayed 2 second(s)

2019-05-27 17:13:45 - [MESSAGE][PASSED] - Delayed 2 second(s)

2019-05-27 17:13:45 - [TEST_STEP][PASSED] - click(findTestObject("OCS-MOBILE /Collection page/Product image - 1st one")): Object: 'Object Repository/OCS-MOBILE /Collection page/Product image - 1st one' is clicked on

2019-05-27 17:13:47 - [MESSAGE][PASSED] - Object: 'Object Repository/OCS-MOBILE /Collection page/Product image - 1st one' is clicked on

2019-05-27 17:13:47 - [TEST_STEP][PASSED] - delay(2): Delayed 2 second(s)

2019-05-27 17:13:49 - [MESSAGE][PASSED] - Delayed 2 second(s)

2019-05-27 17:13:49 - [TEST_STEP][PASSED] - executeJavaScript("var previewBar = document.getElementById("preview-bar-iframe"); previewBar.style.display = "none";", []): Execute JavaScript 'var previewBar = document.getElementById("preview-bar-iframe"); previewBar.style.display = "none";' successfully

2019-05-27 17:13:49 - [MESSAGE][PASSED] - Execute JavaScript 'var previewBar = document.getElementById("preview-bar-iframe"); previewBar.style.display = "none";' successfully

2019-05-27 17:13:49 - [MESSAGE][PASSED] - Call Test Case 'Test Cases/OCS - MOBILE/CALL - PDP' successfully

2019-05-27 17:13:49 - [TEST_STEP][PASSED] - scrollToElement(findTestObject("OCS-MOBILE /Product page/Recently Viewed/1st Product - Image"), 2): Scroll to object 'Object Repository/OCS-MOBILE /Product page/Recently Viewed/1st Product - Image' successfully

2019-05-27 17:13:49 - [MESSAGE][PASSED] - Scroll to object 'Object Repository/OCS-MOBILE /Product page/Recently Viewed/1st Product - Image' successfully

2019-05-27 17:13:49 - [TEST_STEP][PASSED] - delay(1, OPTIONAL): Delayed 1 second(s)

2019-05-27 17:13:50 - [MESSAGE][PASSED] - Delayed 1 second(s)

2019-05-27 17:13:50 - [TEST_STEP][PASSED] - click(findTestObject("OCS-MOBILE /Product page/Shop all of our products - Button")): Object: 'Object Repository/OCS-MOBILE /Product page/Shop all of our products - Button' is clicked on

2019-05-27 17:13:55 - [MESSAGE][PASSED] - Object: 'Object Repository/OCS-MOBILE /Product page/Shop all of our products - Button' is clicked on

2019-05-27 17:13:55 - [TEST_STEP][PASSED] - a = getWindowTitle(): Current window's title is: 'All Products | Ontario Cannabis Store'

2019-05-27 17:13:55 - [MESSAGE][PASSED] - Current window's title is: 'All Products | Ontario Cannabis Store'

2019-05-27 17:13:55 - [TEST_STEP][PASSED] - b = "All Products | Ontario Cannabis Store": null

2019-05-27 17:13:55 - [TEST_STEP][PASSED] - comment("WINDOW TITLE: " + a): WINDOW TITLE: All Products | Ontario Cannabis Store

2019-05-27 17:13:55 - [MESSAGE][INFO] - WINDOW TITLE: All Products | Ontario Cannabis Store

2019-05-27 17:13:55 - [TEST_STEP][PASSED] - verifyEqual(a, b): Actual object 'All Products | Ontario Cannabis Store' and expected object 'All Products | Ontario Cannabis Store' are equal

2019-05-27 17:13:55 - [MESSAGE][PASSED] - Actual object 'All Products | Ontario Cannabis Store' and expected object 'All Products | Ontario Cannabis Store' are equal]]></system-out>
         <system-err><![CDATA[]]></system-err>
      </testcase>
      <testcase name="Test Cases/OCS - MOBILE/OCS- PRODUCT PAGE/Tooltip" classname="Test Cases/OCS - MOBILE/OCS- PRODUCT PAGE/Tooltip" status="PASSED">
         <system-out><![CDATA[2019-05-27 17:13:55 - [TEST_CASE][PASSED] - Test Cases/OCS - MOBILE/OCS- PRODUCT PAGE/Tooltip: Test Cases/OCS - MOBILE/OCS- PRODUCT PAGE/Tooltip

2019-05-27 17:13:55 - [TEST_STEP][PASSED] - callTestCase(findTestCase("OCS - MOBILE/CALL - PDP"), [:], STOP_ON_FAILURE): Call Test Case 'Test Cases/OCS - MOBILE/CALL - PDP' successfully

2019-05-27 17:13:55 - [TEST_CASE][PASSED] - Test Cases/OCS - MOBILE/CALL - PDP: Test Cases/OCS - MOBILE/CALL - PDP

2019-05-27 17:13:55 - [TEST_STEP][PASSED] - openBrowser(""): Browser is opened with url: ''

2019-05-27 17:13:55 - [MESSAGE][WARNING] - A browser is already opened. Closing browser and opening a new one

2019-05-27 17:13:56 - [MESSAGE][INFO] - Starting 'Firefox' driver

2019-05-27 17:13:58 - [MESSAGE][PASSED] - Browser is opened with url: ''

2019-05-27 17:13:58 - [TEST_STEP][PASSED] - navigateToUrl("https://ocs.ca/?fts=0&preview_theme_id=53376026444"): Navigate to 'https://ocs.ca/?fts=0&preview_theme_id=53376026444' successfully

2019-05-27 17:14:04 - [MESSAGE][PASSED] - Navigate to 'https://ocs.ca/?fts=0&preview_theme_id=53376026444' successfully

2019-05-27 17:14:04 - [TEST_STEP][NOT_RUN] - executeJavaScript("var previewBar = document.getElementById("preview-bar-iframe"); previewBar.style.display = "none";", []): NOT_RUN: executeJavaScript("var previewBar = document.getElementById("preview-bar-iframe"); previewBar.style.display = "none";", [])

2019-05-27 17:14:04 - [MESSAGE][NOT_RUN] - NOT_RUN: executeJavaScript("var previewBar = document.getElementById("preview-bar-iframe"); previewBar.style.display = "none";", [])

2019-05-27 17:14:04 - [TEST_STEP][PASSED] - setViewPortSize(360, 800): Viewport is set to new size with width = 360 and height = 800

2019-05-27 17:14:04 - [MESSAGE][PASSED] - Viewport is set to new size with width = 360 and height = 800

2019-05-27 17:14:04 - [TEST_STEP][PASSED] - delay(4): Delayed 4 second(s)

2019-05-27 17:14:08 - [MESSAGE][PASSED] - Delayed 4 second(s)

2019-05-27 17:14:08 - [TEST_STEP][PASSED] - selectOptionByValue(findTestObject("OCS-MOBILE /Age gate and burger menu/Date"), "12", true): All options with value '12' are selected in object 'Object Repository/OCS-MOBILE /Age gate and burger menu/Date'  using regular expression

2019-05-27 17:14:09 - [MESSAGE][PASSED] - All options with value '12' are selected in object 'Object Repository/OCS-MOBILE /Age gate and burger menu/Date'  using regular expression

2019-05-27 17:14:09 - [TEST_STEP][PASSED] - selectOptionByValue(findTestObject("OCS-MOBILE /Age gate and burger menu/month"), "6", true): All options with value '6' are selected in object 'Object Repository/OCS-MOBILE /Age gate and burger menu/month'  using regular expression

2019-05-27 17:14:10 - [MESSAGE][PASSED] - All options with value '6' are selected in object 'Object Repository/OCS-MOBILE /Age gate and burger menu/month'  using regular expression

2019-05-27 17:14:10 - [TEST_STEP][PASSED] - delay(2): Delayed 2 second(s)

2019-05-27 17:14:12 - [MESSAGE][PASSED] - Delayed 2 second(s)

2019-05-27 17:14:12 - [TEST_STEP][PASSED] - selectOptionByValue(findTestObject("OCS-MOBILE /Age gate and burger menu/Year Dropdown"), "1990", true): All options with value '1990' are selected in object 'Object Repository/OCS-MOBILE /Age gate and burger menu/Year Dropdown'  using regular expression

2019-05-27 17:14:13 - [MESSAGE][PASSED] - All options with value '1990' are selected in object 'Object Repository/OCS-MOBILE /Age gate and burger menu/Year Dropdown'  using regular expression

2019-05-27 17:14:13 - [TEST_STEP][PASSED] - click(findTestObject("OCS-MOBILE /Age gate and burger menu/button_Verify")): Object: 'Object Repository/OCS-MOBILE /Age gate and burger menu/button_Verify' is clicked on

2019-05-27 17:14:13 - [MESSAGE][PASSED] - Object: 'Object Repository/OCS-MOBILE /Age gate and burger menu/button_Verify' is clicked on

2019-05-27 17:14:13 - [TEST_STEP][PASSED] - click(findTestObject("OCS-MOBILE /Age gate and burger menu/Checkbox_CONFIRM AND ACKNOWLEDGE")): Object: 'Object Repository/OCS-MOBILE /Age gate and burger menu/Checkbox_CONFIRM AND ACKNOWLEDGE' is clicked on

2019-05-27 17:14:14 - [MESSAGE][PASSED] - Object: 'Object Repository/OCS-MOBILE /Age gate and burger menu/Checkbox_CONFIRM AND ACKNOWLEDGE' is clicked on

2019-05-27 17:14:14 - [TEST_STEP][PASSED] - click(findTestObject("OCS-MOBILE /Age gate and burger menu/button_CONFIRM")): Object: 'Object Repository/OCS-MOBILE /Age gate and burger menu/button_CONFIRM' is clicked on

2019-05-27 17:14:14 - [MESSAGE][PASSED] - Object: 'Object Repository/OCS-MOBILE /Age gate and burger menu/button_CONFIRM' is clicked on

2019-05-27 17:14:14 - [TEST_STEP][PASSED] - click(findTestObject("OCS-MOBILE /Age gate and burger menu/button_Start Browsing")): Object: 'Object Repository/OCS-MOBILE /Age gate and burger menu/button_Start Browsing' is clicked on

2019-05-27 17:14:14 - [MESSAGE][PASSED] - Object: 'Object Repository/OCS-MOBILE /Age gate and burger menu/button_Start Browsing' is clicked on

2019-05-27 17:14:14 - [TEST_STEP][PASSED] - delay(2): Delayed 2 second(s)

2019-05-27 17:14:16 - [MESSAGE][PASSED] - Delayed 2 second(s)

2019-05-27 17:14:16 - [TEST_STEP][PASSED] - click(findTestObject("OCS-MOBILE /Age gate and burger menu/Burger menu - English")): Object: 'Object Repository/OCS-MOBILE /Age gate and burger menu/Burger menu - English' is clicked on

2019-05-27 17:14:16 - [MESSAGE][PASSED] - Object: 'Object Repository/OCS-MOBILE /Age gate and burger menu/Burger menu - English' is clicked on

2019-05-27 17:14:16 - [TEST_STEP][PASSED] - delay(2): Delayed 2 second(s)

2019-05-27 17:14:18 - [MESSAGE][PASSED] - Delayed 2 second(s)

2019-05-27 17:14:18 - [TEST_STEP][PASSED] - click(findTestObject("OCS-MOBILE /Age gate and burger menu/Chevron_Cannabis")): Object: 'Object Repository/OCS-MOBILE /Age gate and burger menu/Chevron_Cannabis' is clicked on

2019-05-27 17:14:19 - [MESSAGE][PASSED] - Object: 'Object Repository/OCS-MOBILE /Age gate and burger menu/Chevron_Cannabis' is clicked on

2019-05-27 17:14:19 - [TEST_STEP][PASSED] - delay(2): Delayed 2 second(s)

2019-05-27 17:14:21 - [MESSAGE][PASSED] - Delayed 2 second(s)

2019-05-27 17:14:21 - [TEST_STEP][PASSED] - click(findTestObject("OCS-MOBILE /Age gate and burger menu/Dried Flower_Plus icon")): Object: 'Object Repository/OCS-MOBILE /Age gate and burger menu/Dried Flower_Plus icon' is clicked on

2019-05-27 17:14:21 - [MESSAGE][PASSED] - Object: 'Object Repository/OCS-MOBILE /Age gate and burger menu/Dried Flower_Plus icon' is clicked on

2019-05-27 17:14:21 - [TEST_STEP][PASSED] - delay(2): Delayed 2 second(s)

2019-05-27 17:14:23 - [MESSAGE][PASSED] - Delayed 2 second(s)

2019-05-27 17:14:23 - [TEST_STEP][PASSED] - click(findTestObject("OCS-MOBILE /Age gate and burger menu/Indica Dominant_Menu item")): Object: 'Object Repository/OCS-MOBILE /Age gate and burger menu/Indica Dominant_Menu item' is clicked on

2019-05-27 17:14:25 - [MESSAGE][PASSED] - Object: 'Object Repository/OCS-MOBILE /Age gate and burger menu/Indica Dominant_Menu item' is clicked on

2019-05-27 17:14:25 - [TEST_STEP][PASSED] - delay(2): Delayed 2 second(s)

2019-05-27 17:14:27 - [MESSAGE][PASSED] - Delayed 2 second(s)

2019-05-27 17:14:27 - [TEST_STEP][PASSED] - click(findTestObject("OCS-MOBILE /Collection page/Product image - 1st one")): Object: 'Object Repository/OCS-MOBILE /Collection page/Product image - 1st one' is clicked on

2019-05-27 17:14:30 - [MESSAGE][PASSED] - Object: 'Object Repository/OCS-MOBILE /Collection page/Product image - 1st one' is clicked on

2019-05-27 17:14:30 - [TEST_STEP][PASSED] - delay(2): Delayed 2 second(s)

2019-05-27 17:14:32 - [MESSAGE][PASSED] - Delayed 2 second(s)

2019-05-27 17:14:32 - [TEST_STEP][PASSED] - executeJavaScript("var previewBar = document.getElementById("preview-bar-iframe"); previewBar.style.display = "none";", []): Execute JavaScript 'var previewBar = document.getElementById("preview-bar-iframe"); previewBar.style.display = "none";' successfully

2019-05-27 17:14:32 - [MESSAGE][PASSED] - Execute JavaScript 'var previewBar = document.getElementById("preview-bar-iframe"); previewBar.style.display = "none";' successfully

2019-05-27 17:14:32 - [MESSAGE][PASSED] - Call Test Case 'Test Cases/OCS - MOBILE/CALL - PDP' successfully

2019-05-27 17:14:32 - [TEST_STEP][PASSED] - click(findTestObject("OCS-MOBILE /Product page/Tooltips/THC - Tooltip")): Object: 'Object Repository/OCS-MOBILE /Product page/Tooltips/THC - Tooltip' is clicked on

2019-05-27 17:14:32 - [MESSAGE][PASSED] - Object: 'Object Repository/OCS-MOBILE /Product page/Tooltips/THC - Tooltip' is clicked on

2019-05-27 17:14:32 - [TEST_STEP][PASSED] - takeScreenshot(): Taking screenshot successfully

2019-05-27 17:14:32 - [MESSAGE][PASSED] - Taking screenshot successfully
[[ATTACHMENT|/Users/sumankompelly/Katalon Studio/OCS ( QA- 1.9.1 ) /Reports/QA ( 1.9.1)/HP, PROD , AG,COLL/20190527_170420/1558991672862.png]]

2019-05-27 17:14:32 - [TEST_STEP][PASSED] - delay(2): Delayed 2 second(s)

2019-05-27 17:14:34 - [MESSAGE][PASSED] - Delayed 2 second(s)

2019-05-27 17:14:34 - [TEST_STEP][PASSED] - click(findTestObject("OCS-MOBILE /Product page/Tooltips/CBD - Tooltip")): Object: 'Object Repository/OCS-MOBILE /Product page/Tooltips/CBD - Tooltip' is clicked on

2019-05-27 17:14:35 - [MESSAGE][PASSED] - Object: 'Object Repository/OCS-MOBILE /Product page/Tooltips/CBD - Tooltip' is clicked on

2019-05-27 17:14:35 - [TEST_STEP][PASSED] - takeScreenshot(): Taking screenshot successfully

2019-05-27 17:14:35 - [MESSAGE][PASSED] - Taking screenshot successfully
[[ATTACHMENT|/Users/sumankompelly/Katalon Studio/OCS ( QA- 1.9.1 ) /Reports/QA ( 1.9.1)/HP, PROD , AG,COLL/20190527_170420/1558991675193.png]]

2019-05-27 17:14:35 - [TEST_STEP][PASSED] - delay(2): Delayed 2 second(s)

2019-05-27 17:14:37 - [MESSAGE][PASSED] - Delayed 2 second(s)

2019-05-27 17:14:37 - [TEST_STEP][PASSED] - click(findTestObject("OCS-MOBILE /Product page/Tooltips/Plant type - Tooltip")): Object: 'Object Repository/OCS-MOBILE /Product page/Tooltips/Plant type - Tooltip' is clicked on

2019-05-27 17:14:37 - [MESSAGE][PASSED] - Object: 'Object Repository/OCS-MOBILE /Product page/Tooltips/Plant type - Tooltip' is clicked on

2019-05-27 17:14:37 - [TEST_STEP][PASSED] - takeScreenshot(): Taking screenshot successfully

2019-05-27 17:14:37 - [MESSAGE][PASSED] - Taking screenshot successfully
[[ATTACHMENT|/Users/sumankompelly/Katalon Studio/OCS ( QA- 1.9.1 ) /Reports/QA ( 1.9.1)/HP, PROD , AG,COLL/20190527_170420/1558991677522.png]]

2019-05-27 17:14:37 - [TEST_STEP][PASSED] - delay(2): Delayed 2 second(s)

2019-05-27 17:14:39 - [MESSAGE][PASSED] - Delayed 2 second(s)

2019-05-27 17:14:39 - [TEST_STEP][PASSED] - click(findTestObject("OCS-MOBILE /Product page/Tooltips/Terpenes - Tooltip")): Object: 'Object Repository/OCS-MOBILE /Product page/Tooltips/Terpenes - Tooltip' is clicked on

2019-05-27 17:14:39 - [MESSAGE][PASSED] - Object: 'Object Repository/OCS-MOBILE /Product page/Tooltips/Terpenes - Tooltip' is clicked on

2019-05-27 17:14:39 - [TEST_STEP][PASSED] - takeScreenshot(): Taking screenshot successfully

2019-05-27 17:14:39 - [MESSAGE][PASSED] - Taking screenshot successfully
[[ATTACHMENT|/Users/sumankompelly/Katalon Studio/OCS ( QA- 1.9.1 ) /Reports/QA ( 1.9.1)/HP, PROD , AG,COLL/20190527_170420/1558991679849.png]]

2019-05-27 17:14:39 - [TEST_STEP][PASSED] - delay(2): Delayed 2 second(s)

2019-05-27 17:14:41 - [MESSAGE][PASSED] - Delayed 2 second(s)

2019-05-27 17:14:41 - [TEST_STEP][PASSED] - scrollToElement(findTestObject("OCS-MOBILE /Product page/About Product - Section"), 0): Scroll to object 'Object Repository/OCS-MOBILE /Product page/About Product - Section' successfully

2019-05-27 17:14:41 - [MESSAGE][WARNING] - Timeout '0' is invalid. Using default page load timeout: '30'

2019-05-27 17:14:41 - [MESSAGE][PASSED] - Scroll to object 'Object Repository/OCS-MOBILE /Product page/About Product - Section' successfully

2019-05-27 17:14:41 - [TEST_STEP][PASSED] - click(findTestObject("OCS-MOBILE /Product page/Tooltips/THC - Tooltip - About this product")): Object: 'Object Repository/OCS-MOBILE /Product page/Tooltips/THC - Tooltip - About this product' is clicked on

2019-05-27 17:14:42 - [MESSAGE][PASSED] - Object: 'Object Repository/OCS-MOBILE /Product page/Tooltips/THC - Tooltip - About this product' is clicked on

2019-05-27 17:14:42 - [TEST_STEP][PASSED] - delay(1): Delayed 1 second(s)

2019-05-27 17:14:43 - [MESSAGE][PASSED] - Delayed 1 second(s)

2019-05-27 17:14:43 - [TEST_STEP][PASSED] - takeScreenshot(): Taking screenshot successfully

2019-05-27 17:14:43 - [MESSAGE][PASSED] - Taking screenshot successfully
[[ATTACHMENT|/Users/sumankompelly/Katalon Studio/OCS ( QA- 1.9.1 ) /Reports/QA ( 1.9.1)/HP, PROD , AG,COLL/20190527_170420/1558991683183.png]]

2019-05-27 17:14:43 - [TEST_STEP][PASSED] - delay(1): Delayed 1 second(s)

2019-05-27 17:14:44 - [MESSAGE][PASSED] - Delayed 1 second(s)

2019-05-27 17:14:44 - [TEST_STEP][PASSED] - click(findTestObject("OCS-MOBILE /Product page/Tooltips/Close - Tooltip - THC")): Object: 'Object Repository/OCS-MOBILE /Product page/Tooltips/Close - Tooltip - THC' is clicked on

2019-05-27 17:14:44 - [MESSAGE][PASSED] - Object: 'Object Repository/OCS-MOBILE /Product page/Tooltips/Close - Tooltip - THC' is clicked on

2019-05-27 17:14:44 - [TEST_STEP][PASSED] - delay(1): Delayed 1 second(s)

2019-05-27 17:14:45 - [MESSAGE][PASSED] - Delayed 1 second(s)

2019-05-27 17:14:45 - [TEST_STEP][PASSED] - click(findTestObject("OCS-MOBILE /Product page/Tooltips/CBD - Tooltip - About this product")): Object: 'Object Repository/OCS-MOBILE /Product page/Tooltips/CBD - Tooltip - About this product' is clicked on

2019-05-27 17:14:45 - [MESSAGE][PASSED] - Object: 'Object Repository/OCS-MOBILE /Product page/Tooltips/CBD - Tooltip - About this product' is clicked on

2019-05-27 17:14:45 - [TEST_STEP][PASSED] - delay(1): Delayed 1 second(s)

2019-05-27 17:14:46 - [MESSAGE][PASSED] - Delayed 1 second(s)

2019-05-27 17:14:46 - [TEST_STEP][PASSED] - takeScreenshot(): Taking screenshot successfully

2019-05-27 17:14:46 - [MESSAGE][PASSED] - Taking screenshot successfully
[[ATTACHMENT|/Users/sumankompelly/Katalon Studio/OCS ( QA- 1.9.1 ) /Reports/QA ( 1.9.1)/HP, PROD , AG,COLL/20190527_170420/1558991686745.png]]

2019-05-27 17:14:46 - [TEST_STEP][PASSED] - delay(1): Delayed 1 second(s)

2019-05-27 17:14:47 - [MESSAGE][PASSED] - Delayed 1 second(s)

2019-05-27 17:14:47 - [TEST_STEP][PASSED] - click(findTestObject("OCS-MOBILE /Product page/Tooltips/Close - Tooltip - CBD")): Object: 'Object Repository/OCS-MOBILE /Product page/Tooltips/Close - Tooltip - CBD' is clicked on

2019-05-27 17:14:48 - [MESSAGE][PASSED] - Object: 'Object Repository/OCS-MOBILE /Product page/Tooltips/Close - Tooltip - CBD' is clicked on

2019-05-27 17:14:48 - [TEST_STEP][PASSED] - delay(1): Delayed 1 second(s)

2019-05-27 17:14:49 - [MESSAGE][PASSED] - Delayed 1 second(s)

2019-05-27 17:14:49 - [TEST_STEP][PASSED] - click(findTestObject("OCS-MOBILE /Product page/Tooltips/Plant type - Tooltip - About this product")): Object: 'Object Repository/OCS-MOBILE /Product page/Tooltips/Plant type - Tooltip - About this product' is clicked on

2019-05-27 17:14:49 - [MESSAGE][PASSED] - Object: 'Object Repository/OCS-MOBILE /Product page/Tooltips/Plant type - Tooltip - About this product' is clicked on

2019-05-27 17:14:49 - [TEST_STEP][PASSED] - delay(1): Delayed 1 second(s)

2019-05-27 17:14:50 - [MESSAGE][PASSED] - Delayed 1 second(s)

2019-05-27 17:14:50 - [TEST_STEP][PASSED] - takeScreenshot(): Taking screenshot successfully

2019-05-27 17:14:50 - [MESSAGE][PASSED] - Taking screenshot successfully
[[ATTACHMENT|/Users/sumankompelly/Katalon Studio/OCS ( QA- 1.9.1 ) /Reports/QA ( 1.9.1)/HP, PROD , AG,COLL/20190527_170420/1558991690269.png]]

2019-05-27 17:14:50 - [TEST_STEP][PASSED] - delay(1): Delayed 1 second(s)

2019-05-27 17:14:51 - [MESSAGE][PASSED] - Delayed 1 second(s)

2019-05-27 17:14:51 - [TEST_STEP][PASSED] - click(findTestObject("OCS-MOBILE /Product page/Tooltips/Close - Tooltip - Plant")): Object: 'Object Repository/OCS-MOBILE /Product page/Tooltips/Close - Tooltip - Plant' is clicked on

2019-05-27 17:14:51 - [MESSAGE][PASSED] - Object: 'Object Repository/OCS-MOBILE /Product page/Tooltips/Close - Tooltip - Plant' is clicked on

2019-05-27 17:14:51 - [TEST_STEP][PASSED] - delay(1): Delayed 1 second(s)

2019-05-27 17:14:52 - [MESSAGE][PASSED] - Delayed 1 second(s)

2019-05-27 17:14:52 - [TEST_STEP][PASSED] - click(findTestObject("OCS-MOBILE /Product page/Tooltips/Terpenes - Tooltip - About this product")): Object: 'Object Repository/OCS-MOBILE /Product page/Tooltips/Terpenes - Tooltip - About this product' is clicked on

2019-05-27 17:14:52 - [MESSAGE][PASSED] - Object: 'Object Repository/OCS-MOBILE /Product page/Tooltips/Terpenes - Tooltip - About this product' is clicked on

2019-05-27 17:14:52 - [TEST_STEP][PASSED] - delay(1): Delayed 1 second(s)

2019-05-27 17:14:53 - [MESSAGE][PASSED] - Delayed 1 second(s)

2019-05-27 17:14:53 - [TEST_STEP][PASSED] - takeScreenshot(): Taking screenshot successfully

2019-05-27 17:14:53 - [MESSAGE][PASSED] - Taking screenshot successfully
[[ATTACHMENT|/Users/sumankompelly/Katalon Studio/OCS ( QA- 1.9.1 ) /Reports/QA ( 1.9.1)/HP, PROD , AG,COLL/20190527_170420/1558991693813.png]]

2019-05-27 17:14:53 - [TEST_STEP][PASSED] - delay(1): Delayed 1 second(s)

2019-05-27 17:14:54 - [MESSAGE][PASSED] - Delayed 1 second(s)

2019-05-27 17:14:54 - [TEST_STEP][PASSED] - click(findTestObject("OCS-MOBILE /Product page/Tooltips/Close - Tooltip - Terepenes")): Object: 'Object Repository/OCS-MOBILE /Product page/Tooltips/Close - Tooltip - Terepenes' is clicked on

2019-05-27 17:14:55 - [MESSAGE][PASSED] - Object: 'Object Repository/OCS-MOBILE /Product page/Tooltips/Close - Tooltip - Terepenes' is clicked on

2019-05-27 17:14:55 - [TEST_STEP][PASSED] - delay(1): Delayed 1 second(s)

2019-05-27 17:14:56 - [MESSAGE][PASSED] - Delayed 1 second(s)

2019-05-27 17:14:56 - [TEST_STEP][PASSED] - click(findTestObject("OCS-MOBILE /Product page/Tooltips/GTIN - Tooltip - About this product")): Object: 'Object Repository/OCS-MOBILE /Product page/Tooltips/GTIN - Tooltip - About this product' is clicked on

2019-05-27 17:14:56 - [MESSAGE][PASSED] - Object: 'Object Repository/OCS-MOBILE /Product page/Tooltips/GTIN - Tooltip - About this product' is clicked on

2019-05-27 17:14:56 - [TEST_STEP][PASSED] - delay(1): Delayed 1 second(s)

2019-05-27 17:14:57 - [MESSAGE][PASSED] - Delayed 1 second(s)

2019-05-27 17:14:57 - [TEST_STEP][PASSED] - takeScreenshot(): Taking screenshot successfully

2019-05-27 17:14:57 - [MESSAGE][PASSED] - Taking screenshot successfully
[[ATTACHMENT|/Users/sumankompelly/Katalon Studio/OCS ( QA- 1.9.1 ) /Reports/QA ( 1.9.1)/HP, PROD , AG,COLL/20190527_170420/1558991697345.png]]

2019-05-27 17:14:57 - [TEST_STEP][PASSED] - delay(1): Delayed 1 second(s)

2019-05-27 17:14:58 - [MESSAGE][PASSED] - Delayed 1 second(s)

2019-05-27 17:14:58 - [TEST_STEP][PASSED] - click(findTestObject("OCS-MOBILE /Product page/Tooltips/Close - Tooltip - GTIN")): Object: 'Object Repository/OCS-MOBILE /Product page/Tooltips/Close - Tooltip - GTIN' is clicked on

2019-05-27 17:14:58 - [MESSAGE][PASSED] - Object: 'Object Repository/OCS-MOBILE /Product page/Tooltips/Close - Tooltip - GTIN' is clicked on

2019-05-27 17:14:58 - [TEST_STEP][PASSED] - delay(1): Delayed 1 second(s)

2019-05-27 17:14:59 - [MESSAGE][PASSED] - Delayed 1 second(s)]]></system-out>
         <system-err><![CDATA[]]></system-err>
      </testcase>
      <testcase name="Test Cases/OCS - MOBILE/OCS- PRODUCT PAGE/Show all accessories" classname="Test Cases/OCS - MOBILE/OCS- PRODUCT PAGE/Show all accessories" status="PASSED">
         <system-out><![CDATA[2019-05-27 17:14:59 - [TEST_CASE][PASSED] - Test Cases/OCS - MOBILE/OCS- PRODUCT PAGE/Show all accessories: Test Cases/OCS - MOBILE/OCS- PRODUCT PAGE/Show all accessories

2019-05-27 17:14:59 - [TEST_STEP][PASSED] - callTestCase(findTestCase("OCS - MOBILE/CALL - PDP"), [:], STOP_ON_FAILURE): Call Test Case 'Test Cases/OCS - MOBILE/CALL - PDP' successfully

2019-05-27 17:14:59 - [TEST_CASE][PASSED] - Test Cases/OCS - MOBILE/CALL - PDP: Test Cases/OCS - MOBILE/CALL - PDP

2019-05-27 17:14:59 - [TEST_STEP][PASSED] - openBrowser(""): Browser is opened with url: ''

2019-05-27 17:14:59 - [MESSAGE][WARNING] - A browser is already opened. Closing browser and opening a new one

2019-05-27 17:15:00 - [MESSAGE][INFO] - Starting 'Firefox' driver

2019-05-27 17:15:02 - [MESSAGE][PASSED] - Browser is opened with url: ''

2019-05-27 17:15:02 - [TEST_STEP][PASSED] - navigateToUrl("https://ocs.ca/?fts=0&preview_theme_id=53376026444"): Navigate to 'https://ocs.ca/?fts=0&preview_theme_id=53376026444' successfully

2019-05-27 17:15:09 - [MESSAGE][PASSED] - Navigate to 'https://ocs.ca/?fts=0&preview_theme_id=53376026444' successfully

2019-05-27 17:15:09 - [TEST_STEP][NOT_RUN] - executeJavaScript("var previewBar = document.getElementById("preview-bar-iframe"); previewBar.style.display = "none";", []): NOT_RUN: executeJavaScript("var previewBar = document.getElementById("preview-bar-iframe"); previewBar.style.display = "none";", [])

2019-05-27 17:15:09 - [MESSAGE][NOT_RUN] - NOT_RUN: executeJavaScript("var previewBar = document.getElementById("preview-bar-iframe"); previewBar.style.display = "none";", [])

2019-05-27 17:15:09 - [TEST_STEP][PASSED] - setViewPortSize(360, 800): Viewport is set to new size with width = 360 and height = 800

2019-05-27 17:15:10 - [MESSAGE][PASSED] - Viewport is set to new size with width = 360 and height = 800

2019-05-27 17:15:10 - [TEST_STEP][PASSED] - delay(4): Delayed 4 second(s)

2019-05-27 17:15:14 - [MESSAGE][PASSED] - Delayed 4 second(s)

2019-05-27 17:15:14 - [TEST_STEP][PASSED] - selectOptionByValue(findTestObject("OCS-MOBILE /Age gate and burger menu/Date"), "12", true): All options with value '12' are selected in object 'Object Repository/OCS-MOBILE /Age gate and burger menu/Date'  using regular expression

2019-05-27 17:15:14 - [MESSAGE][PASSED] - All options with value '12' are selected in object 'Object Repository/OCS-MOBILE /Age gate and burger menu/Date'  using regular expression

2019-05-27 17:15:14 - [TEST_STEP][PASSED] - selectOptionByValue(findTestObject("OCS-MOBILE /Age gate and burger menu/month"), "6", true): All options with value '6' are selected in object 'Object Repository/OCS-MOBILE /Age gate and burger menu/month'  using regular expression

2019-05-27 17:15:15 - [MESSAGE][PASSED] - All options with value '6' are selected in object 'Object Repository/OCS-MOBILE /Age gate and burger menu/month'  using regular expression

2019-05-27 17:15:15 - [TEST_STEP][PASSED] - delay(2): Delayed 2 second(s)

2019-05-27 17:15:17 - [MESSAGE][PASSED] - Delayed 2 second(s)

2019-05-27 17:15:17 - [TEST_STEP][PASSED] - selectOptionByValue(findTestObject("OCS-MOBILE /Age gate and burger menu/Year Dropdown"), "1990", true): All options with value '1990' are selected in object 'Object Repository/OCS-MOBILE /Age gate and burger menu/Year Dropdown'  using regular expression

2019-05-27 17:15:18 - [MESSAGE][PASSED] - All options with value '1990' are selected in object 'Object Repository/OCS-MOBILE /Age gate and burger menu/Year Dropdown'  using regular expression

2019-05-27 17:15:18 - [TEST_STEP][PASSED] - click(findTestObject("OCS-MOBILE /Age gate and burger menu/button_Verify")): Object: 'Object Repository/OCS-MOBILE /Age gate and burger menu/button_Verify' is clicked on

2019-05-27 17:15:19 - [MESSAGE][PASSED] - Object: 'Object Repository/OCS-MOBILE /Age gate and burger menu/button_Verify' is clicked on

2019-05-27 17:15:19 - [TEST_STEP][PASSED] - click(findTestObject("OCS-MOBILE /Age gate and burger menu/Checkbox_CONFIRM AND ACKNOWLEDGE")): Object: 'Object Repository/OCS-MOBILE /Age gate and burger menu/Checkbox_CONFIRM AND ACKNOWLEDGE' is clicked on

2019-05-27 17:15:19 - [MESSAGE][PASSED] - Object: 'Object Repository/OCS-MOBILE /Age gate and burger menu/Checkbox_CONFIRM AND ACKNOWLEDGE' is clicked on

2019-05-27 17:15:19 - [TEST_STEP][PASSED] - click(findTestObject("OCS-MOBILE /Age gate and burger menu/button_CONFIRM")): Object: 'Object Repository/OCS-MOBILE /Age gate and burger menu/button_CONFIRM' is clicked on

2019-05-27 17:15:19 - [MESSAGE][PASSED] - Object: 'Object Repository/OCS-MOBILE /Age gate and burger menu/button_CONFIRM' is clicked on

2019-05-27 17:15:19 - [TEST_STEP][PASSED] - click(findTestObject("OCS-MOBILE /Age gate and burger menu/button_Start Browsing")): Object: 'Object Repository/OCS-MOBILE /Age gate and burger menu/button_Start Browsing' is clicked on

2019-05-27 17:15:19 - [MESSAGE][PASSED] - Object: 'Object Repository/OCS-MOBILE /Age gate and burger menu/button_Start Browsing' is clicked on

2019-05-27 17:15:19 - [TEST_STEP][PASSED] - delay(2): Delayed 2 second(s)

2019-05-27 17:15:21 - [MESSAGE][PASSED] - Delayed 2 second(s)

2019-05-27 17:15:21 - [TEST_STEP][PASSED] - click(findTestObject("OCS-MOBILE /Age gate and burger menu/Burger menu - English")): Object: 'Object Repository/OCS-MOBILE /Age gate and burger menu/Burger menu - English' is clicked on

2019-05-27 17:15:22 - [MESSAGE][PASSED] - Object: 'Object Repository/OCS-MOBILE /Age gate and burger menu/Burger menu - English' is clicked on

2019-05-27 17:15:22 - [TEST_STEP][PASSED] - delay(2): Delayed 2 second(s)

2019-05-27 17:15:24 - [MESSAGE][PASSED] - Delayed 2 second(s)

2019-05-27 17:15:24 - [TEST_STEP][PASSED] - click(findTestObject("OCS-MOBILE /Age gate and burger menu/Chevron_Cannabis")): Object: 'Object Repository/OCS-MOBILE /Age gate and burger menu/Chevron_Cannabis' is clicked on

2019-05-27 17:15:24 - [MESSAGE][PASSED] - Object: 'Object Repository/OCS-MOBILE /Age gate and burger menu/Chevron_Cannabis' is clicked on

2019-05-27 17:15:24 - [TEST_STEP][PASSED] - delay(2): Delayed 2 second(s)

2019-05-27 17:15:26 - [MESSAGE][PASSED] - Delayed 2 second(s)

2019-05-27 17:15:26 - [TEST_STEP][PASSED] - click(findTestObject("OCS-MOBILE /Age gate and burger menu/Dried Flower_Plus icon")): Object: 'Object Repository/OCS-MOBILE /Age gate and burger menu/Dried Flower_Plus icon' is clicked on

2019-05-27 17:15:26 - [MESSAGE][PASSED] - Object: 'Object Repository/OCS-MOBILE /Age gate and burger menu/Dried Flower_Plus icon' is clicked on

2019-05-27 17:15:26 - [TEST_STEP][PASSED] - delay(2): Delayed 2 second(s)

2019-05-27 17:15:28 - [MESSAGE][PASSED] - Delayed 2 second(s)

2019-05-27 17:15:28 - [TEST_STEP][PASSED] - click(findTestObject("OCS-MOBILE /Age gate and burger menu/Indica Dominant_Menu item")): Object: 'Object Repository/OCS-MOBILE /Age gate and burger menu/Indica Dominant_Menu item' is clicked on

2019-05-27 17:15:30 - [MESSAGE][PASSED] - Object: 'Object Repository/OCS-MOBILE /Age gate and burger menu/Indica Dominant_Menu item' is clicked on

2019-05-27 17:15:30 - [TEST_STEP][PASSED] - delay(2): Delayed 2 second(s)

2019-05-27 17:15:32 - [MESSAGE][PASSED] - Delayed 2 second(s)

2019-05-27 17:15:32 - [TEST_STEP][PASSED] - click(findTestObject("OCS-MOBILE /Collection page/Product image - 1st one")): Object: 'Object Repository/OCS-MOBILE /Collection page/Product image - 1st one' is clicked on

2019-05-27 17:15:35 - [MESSAGE][PASSED] - Object: 'Object Repository/OCS-MOBILE /Collection page/Product image - 1st one' is clicked on

2019-05-27 17:15:35 - [TEST_STEP][PASSED] - delay(2): Delayed 2 second(s)

2019-05-27 17:15:37 - [MESSAGE][PASSED] - Delayed 2 second(s)

2019-05-27 17:15:37 - [TEST_STEP][PASSED] - executeJavaScript("var previewBar = document.getElementById("preview-bar-iframe"); previewBar.style.display = "none";", []): Execute JavaScript 'var previewBar = document.getElementById("preview-bar-iframe"); previewBar.style.display = "none";' successfully

2019-05-27 17:15:37 - [MESSAGE][PASSED] - Execute JavaScript 'var previewBar = document.getElementById("preview-bar-iframe"); previewBar.style.display = "none";' successfully

2019-05-27 17:15:37 - [MESSAGE][PASSED] - Call Test Case 'Test Cases/OCS - MOBILE/CALL - PDP' successfully

2019-05-27 17:15:37 - [TEST_STEP][PASSED] - scrollToElement(findTestObject("OCS-MOBILE /Product page/More items to consider section/Grinders - Tab"), 2): Scroll to object 'Object Repository/OCS-MOBILE /Product page/More items to consider section/Grinders - Tab' successfully

2019-05-27 17:15:37 - [MESSAGE][PASSED] - Scroll to object 'Object Repository/OCS-MOBILE /Product page/More items to consider section/Grinders - Tab' successfully

2019-05-27 17:15:37 - [TEST_STEP][PASSED] - delay(5): Delayed 5 second(s)

2019-05-27 17:15:42 - [MESSAGE][PASSED] - Delayed 5 second(s)

2019-05-27 17:15:42 - [TEST_STEP][PASSED] - click(findTestObject("OCS-MOBILE /Product page/More items to consider section/Show all accessories - Link")): Object: 'Object Repository/OCS-MOBILE /Product page/More items to consider section/Show all accessories - Link' is clicked on

2019-05-27 17:15:44 - [MESSAGE][PASSED] - Object: 'Object Repository/OCS-MOBILE /Product page/More items to consider section/Show all accessories - Link' is clicked on

2019-05-27 17:15:44 - [TEST_STEP][PASSED] - a = getWindowTitle(): Current window's title is: 'All Accessories | Ontario Cannabis Store'

2019-05-27 17:15:44 - [MESSAGE][PASSED] - Current window's title is: 'All Accessories | Ontario Cannabis Store'

2019-05-27 17:15:44 - [TEST_STEP][PASSED] - b = "All Accessories | Ontario Cannabis Store": null

2019-05-27 17:15:44 - [TEST_STEP][PASSED] - comment("WINDOW TITLE: " + a): WINDOW TITLE: All Accessories | Ontario Cannabis Store

2019-05-27 17:15:44 - [MESSAGE][INFO] - WINDOW TITLE: All Accessories | Ontario Cannabis Store

2019-05-27 17:15:44 - [TEST_STEP][PASSED] - verifyEqual(a, b): Actual object 'All Accessories | Ontario Cannabis Store' and expected object 'All Accessories | Ontario Cannabis Store' are equal

2019-05-27 17:15:44 - [MESSAGE][PASSED] - Actual object 'All Accessories | Ontario Cannabis Store' and expected object 'All Accessories | Ontario Cannabis Store' are equal]]></system-out>
         <system-err><![CDATA[]]></system-err>
      </testcase>
      <testcase name="Test Cases/OCS - MOBILE/OCS- PRODUCT PAGE/More items to consider" classname="Test Cases/OCS - MOBILE/OCS- PRODUCT PAGE/More items to consider" status="PASSED">
         <system-out><![CDATA[2019-05-27 17:15:44 - [TEST_CASE][PASSED] - Test Cases/OCS - MOBILE/OCS- PRODUCT PAGE/More items to consider: Test Cases/OCS - MOBILE/OCS- PRODUCT PAGE/More items to consider

2019-05-27 17:15:45 - [TEST_STEP][PASSED] - callTestCase(findTestCase("OCS - MOBILE/CALL - PDP"), [:], STOP_ON_FAILURE): Call Test Case 'Test Cases/OCS - MOBILE/CALL - PDP' successfully

2019-05-27 17:15:45 - [TEST_CASE][PASSED] - Test Cases/OCS - MOBILE/CALL - PDP: Test Cases/OCS - MOBILE/CALL - PDP

2019-05-27 17:15:45 - [TEST_STEP][PASSED] - openBrowser(""): Browser is opened with url: ''

2019-05-27 17:15:45 - [MESSAGE][WARNING] - A browser is already opened. Closing browser and opening a new one

2019-05-27 17:15:45 - [MESSAGE][INFO] - Starting 'Firefox' driver

2019-05-27 17:15:48 - [MESSAGE][PASSED] - Browser is opened with url: ''

2019-05-27 17:15:48 - [TEST_STEP][PASSED] - navigateToUrl("https://ocs.ca/?fts=0&preview_theme_id=53376026444"): Navigate to 'https://ocs.ca/?fts=0&preview_theme_id=53376026444' successfully

2019-05-27 17:15:55 - [MESSAGE][PASSED] - Navigate to 'https://ocs.ca/?fts=0&preview_theme_id=53376026444' successfully

2019-05-27 17:15:55 - [TEST_STEP][NOT_RUN] - executeJavaScript("var previewBar = document.getElementById("preview-bar-iframe"); previewBar.style.display = "none";", []): NOT_RUN: executeJavaScript("var previewBar = document.getElementById("preview-bar-iframe"); previewBar.style.display = "none";", [])

2019-05-27 17:15:55 - [MESSAGE][NOT_RUN] - NOT_RUN: executeJavaScript("var previewBar = document.getElementById("preview-bar-iframe"); previewBar.style.display = "none";", [])

2019-05-27 17:15:55 - [TEST_STEP][PASSED] - setViewPortSize(360, 800): Viewport is set to new size with width = 360 and height = 800

2019-05-27 17:15:55 - [MESSAGE][PASSED] - Viewport is set to new size with width = 360 and height = 800

2019-05-27 17:15:55 - [TEST_STEP][PASSED] - delay(4): Delayed 4 second(s)

2019-05-27 17:15:59 - [MESSAGE][PASSED] - Delayed 4 second(s)

2019-05-27 17:15:59 - [TEST_STEP][PASSED] - selectOptionByValue(findTestObject("OCS-MOBILE /Age gate and burger menu/Date"), "12", true): All options with value '12' are selected in object 'Object Repository/OCS-MOBILE /Age gate and burger menu/Date'  using regular expression

2019-05-27 17:15:59 - [MESSAGE][PASSED] - All options with value '12' are selected in object 'Object Repository/OCS-MOBILE /Age gate and burger menu/Date'  using regular expression

2019-05-27 17:15:59 - [TEST_STEP][PASSED] - selectOptionByValue(findTestObject("OCS-MOBILE /Age gate and burger menu/month"), "6", true): All options with value '6' are selected in object 'Object Repository/OCS-MOBILE /Age gate and burger menu/month'  using regular expression

2019-05-27 17:16:00 - [MESSAGE][PASSED] - All options with value '6' are selected in object 'Object Repository/OCS-MOBILE /Age gate and burger menu/month'  using regular expression

2019-05-27 17:16:00 - [TEST_STEP][PASSED] - delay(2): Delayed 2 second(s)

2019-05-27 17:16:02 - [MESSAGE][PASSED] - Delayed 2 second(s)

2019-05-27 17:16:02 - [TEST_STEP][PASSED] - selectOptionByValue(findTestObject("OCS-MOBILE /Age gate and burger menu/Year Dropdown"), "1990", true): All options with value '1990' are selected in object 'Object Repository/OCS-MOBILE /Age gate and burger menu/Year Dropdown'  using regular expression

2019-05-27 17:16:03 - [MESSAGE][PASSED] - All options with value '1990' are selected in object 'Object Repository/OCS-MOBILE /Age gate and burger menu/Year Dropdown'  using regular expression

2019-05-27 17:16:03 - [TEST_STEP][PASSED] - click(findTestObject("OCS-MOBILE /Age gate and burger menu/button_Verify")): Object: 'Object Repository/OCS-MOBILE /Age gate and burger menu/button_Verify' is clicked on

2019-05-27 17:16:04 - [MESSAGE][PASSED] - Object: 'Object Repository/OCS-MOBILE /Age gate and burger menu/button_Verify' is clicked on

2019-05-27 17:16:04 - [TEST_STEP][PASSED] - click(findTestObject("OCS-MOBILE /Age gate and burger menu/Checkbox_CONFIRM AND ACKNOWLEDGE")): Object: 'Object Repository/OCS-MOBILE /Age gate and burger menu/Checkbox_CONFIRM AND ACKNOWLEDGE' is clicked on

2019-05-27 17:16:04 - [MESSAGE][PASSED] - Object: 'Object Repository/OCS-MOBILE /Age gate and burger menu/Checkbox_CONFIRM AND ACKNOWLEDGE' is clicked on

2019-05-27 17:16:04 - [TEST_STEP][PASSED] - click(findTestObject("OCS-MOBILE /Age gate and burger menu/button_CONFIRM")): Object: 'Object Repository/OCS-MOBILE /Age gate and burger menu/button_CONFIRM' is clicked on

2019-05-27 17:16:04 - [MESSAGE][PASSED] - Object: 'Object Repository/OCS-MOBILE /Age gate and burger menu/button_CONFIRM' is clicked on

2019-05-27 17:16:04 - [TEST_STEP][PASSED] - click(findTestObject("OCS-MOBILE /Age gate and burger menu/button_Start Browsing")): Object: 'Object Repository/OCS-MOBILE /Age gate and burger menu/button_Start Browsing' is clicked on

2019-05-27 17:16:04 - [MESSAGE][PASSED] - Object: 'Object Repository/OCS-MOBILE /Age gate and burger menu/button_Start Browsing' is clicked on

2019-05-27 17:16:04 - [TEST_STEP][PASSED] - delay(2): Delayed 2 second(s)

2019-05-27 17:16:06 - [MESSAGE][PASSED] - Delayed 2 second(s)

2019-05-27 17:16:06 - [TEST_STEP][PASSED] - click(findTestObject("OCS-MOBILE /Age gate and burger menu/Burger menu - English")): Object: 'Object Repository/OCS-MOBILE /Age gate and burger menu/Burger menu - English' is clicked on

2019-05-27 17:16:07 - [MESSAGE][PASSED] - Object: 'Object Repository/OCS-MOBILE /Age gate and burger menu/Burger menu - English' is clicked on

2019-05-27 17:16:07 - [TEST_STEP][PASSED] - delay(2): Delayed 2 second(s)

2019-05-27 17:16:09 - [MESSAGE][PASSED] - Delayed 2 second(s)

2019-05-27 17:16:09 - [TEST_STEP][PASSED] - click(findTestObject("OCS-MOBILE /Age gate and burger menu/Chevron_Cannabis")): Object: 'Object Repository/OCS-MOBILE /Age gate and burger menu/Chevron_Cannabis' is clicked on

2019-05-27 17:16:09 - [MESSAGE][PASSED] - Object: 'Object Repository/OCS-MOBILE /Age gate and burger menu/Chevron_Cannabis' is clicked on

2019-05-27 17:16:09 - [TEST_STEP][PASSED] - delay(2): Delayed 2 second(s)

2019-05-27 17:16:11 - [MESSAGE][PASSED] - Delayed 2 second(s)

2019-05-27 17:16:11 - [TEST_STEP][PASSED] - click(findTestObject("OCS-MOBILE /Age gate and burger menu/Dried Flower_Plus icon")): Object: 'Object Repository/OCS-MOBILE /Age gate and burger menu/Dried Flower_Plus icon' is clicked on

2019-05-27 17:16:11 - [MESSAGE][PASSED] - Object: 'Object Repository/OCS-MOBILE /Age gate and burger menu/Dried Flower_Plus icon' is clicked on

2019-05-27 17:16:11 - [TEST_STEP][PASSED] - delay(2): Delayed 2 second(s)

2019-05-27 17:16:13 - [MESSAGE][PASSED] - Delayed 2 second(s)

2019-05-27 17:16:13 - [TEST_STEP][PASSED] - click(findTestObject("OCS-MOBILE /Age gate and burger menu/Indica Dominant_Menu item")): Object: 'Object Repository/OCS-MOBILE /Age gate and burger menu/Indica Dominant_Menu item' is clicked on

2019-05-27 17:16:16 - [MESSAGE][PASSED] - Object: 'Object Repository/OCS-MOBILE /Age gate and burger menu/Indica Dominant_Menu item' is clicked on

2019-05-27 17:16:16 - [TEST_STEP][PASSED] - delay(2): Delayed 2 second(s)

2019-05-27 17:16:18 - [MESSAGE][PASSED] - Delayed 2 second(s)

2019-05-27 17:16:18 - [TEST_STEP][PASSED] - click(findTestObject("OCS-MOBILE /Collection page/Product image - 1st one")): Object: 'Object Repository/OCS-MOBILE /Collection page/Product image - 1st one' is clicked on

2019-05-27 17:16:20 - [MESSAGE][PASSED] - Object: 'Object Repository/OCS-MOBILE /Collection page/Product image - 1st one' is clicked on

2019-05-27 17:16:20 - [TEST_STEP][PASSED] - delay(2): Delayed 2 second(s)

2019-05-27 17:16:22 - [MESSAGE][PASSED] - Delayed 2 second(s)

2019-05-27 17:16:22 - [TEST_STEP][PASSED] - executeJavaScript("var previewBar = document.getElementById("preview-bar-iframe"); previewBar.style.display = "none";", []): Execute JavaScript 'var previewBar = document.getElementById("preview-bar-iframe"); previewBar.style.display = "none";' successfully

2019-05-27 17:16:22 - [MESSAGE][PASSED] - Execute JavaScript 'var previewBar = document.getElementById("preview-bar-iframe"); previewBar.style.display = "none";' successfully

2019-05-27 17:16:22 - [MESSAGE][PASSED] - Call Test Case 'Test Cases/OCS - MOBILE/CALL - PDP' successfully

2019-05-27 17:16:22 - [TEST_STEP][PASSED] - scrollToElement(findTestObject("OCS-MOBILE /Product page/Product image"), 1): Scroll to object 'Object Repository/OCS-MOBILE /Product page/Product image' successfully

2019-05-27 17:16:22 - [MESSAGE][PASSED] - Scroll to object 'Object Repository/OCS-MOBILE /Product page/Product image' successfully

2019-05-27 17:16:22 - [TEST_STEP][PASSED] - click(findTestObject("OCS-MOBILE /Product page/Learn More - Link")): Object: 'Object Repository/OCS-MOBILE /Product page/Learn More - Link' is clicked on

2019-05-27 17:16:22 - [MESSAGE][PASSED] - Object: 'Object Repository/OCS-MOBILE /Product page/Learn More - Link' is clicked on

2019-05-27 17:16:22 - [TEST_STEP][PASSED] - delay(1): Delayed 1 second(s)

2019-05-27 17:16:23 - [MESSAGE][PASSED] - Delayed 1 second(s)

2019-05-27 17:16:23 - [TEST_STEP][PASSED] - scrollToElement(findTestObject("OCS-MOBILE /Product page/Last raw of the table"), 0): Scroll to object 'Object Repository/OCS-MOBILE /Product page/Last raw of the table' successfully

2019-05-27 17:16:23 - [MESSAGE][WARNING] - Timeout '0' is invalid. Using default page load timeout: '30'

2019-05-27 17:16:23 - [MESSAGE][PASSED] - Scroll to object 'Object Repository/OCS-MOBILE /Product page/Last raw of the table' successfully

2019-05-27 17:16:23 - [TEST_STEP][PASSED] - takeScreenshot(): Taking screenshot successfully

2019-05-27 17:16:23 - [MESSAGE][PASSED] - Taking screenshot successfully
[[ATTACHMENT|/Users/sumankompelly/Katalon Studio/OCS ( QA- 1.9.1 ) /Reports/QA ( 1.9.1)/HP, PROD , AG,COLL/20190527_170420/1558991783705.png]]

2019-05-27 17:16:23 - [TEST_STEP][PASSED] - delay(1): Delayed 1 second(s)

2019-05-27 17:16:24 - [MESSAGE][PASSED] - Delayed 1 second(s)

2019-05-27 17:16:24 - [TEST_STEP][PASSED] - click(findTestObject("OCS-MOBILE /Product page/More items to consider section/1st Product - image - Grinder")): Object: 'Object Repository/OCS-MOBILE /Product page/More items to consider section/1st Product - image - Grinder' is clicked on

2019-05-27 17:16:28 - [MESSAGE][PASSED] - Object: 'Object Repository/OCS-MOBILE /Product page/More items to consider section/1st Product - image - Grinder' is clicked on

2019-05-27 17:16:28 - [TEST_STEP][PASSED] - delay(2, STOP_ON_FAILURE): Delayed 2 second(s)

2019-05-27 17:16:30 - [MESSAGE][PASSED] - Delayed 2 second(s)

2019-05-27 17:16:30 - [TEST_STEP][PASSED] - takeScreenshot(): Taking screenshot successfully

2019-05-27 17:16:30 - [MESSAGE][PASSED] - Taking screenshot successfully
[[ATTACHMENT|/Users/sumankompelly/Katalon Studio/OCS ( QA- 1.9.1 ) /Reports/QA ( 1.9.1)/HP, PROD , AG,COLL/20190527_170420/1558991790520.png]]

2019-05-27 17:16:30 - [TEST_STEP][PASSED] - delay(1): Delayed 1 second(s)

2019-05-27 17:16:31 - [MESSAGE][PASSED] - Delayed 1 second(s)

2019-05-27 17:16:31 - [TEST_STEP][PASSED] - back(): Navigate back successfully

2019-05-27 17:16:33 - [MESSAGE][PASSED] - Navigate back successfully

2019-05-27 17:16:33 - [TEST_STEP][PASSED] - click(findTestObject("OCS-MOBILE /Product page/More items to consider section/Vaporizers - Tab")): Object: 'Object Repository/OCS-MOBILE /Product page/More items to consider section/Vaporizers - Tab' is clicked on

2019-05-27 17:16:34 - [MESSAGE][PASSED] - Object: 'Object Repository/OCS-MOBILE /Product page/More items to consider section/Vaporizers - Tab' is clicked on

2019-05-27 17:16:34 - [TEST_STEP][PASSED] - delay(2): Delayed 2 second(s)

2019-05-27 17:16:36 - [MESSAGE][PASSED] - Delayed 2 second(s)

2019-05-27 17:16:36 - [TEST_STEP][PASSED] - takeScreenshot(): Taking screenshot successfully

2019-05-27 17:16:36 - [MESSAGE][PASSED] - Taking screenshot successfully
[[ATTACHMENT|/Users/sumankompelly/Katalon Studio/OCS ( QA- 1.9.1 ) /Reports/QA ( 1.9.1)/HP, PROD , AG,COLL/20190527_170420/1558991796004.png]]

2019-05-27 17:16:36 - [TEST_STEP][PASSED] - delay(1): Delayed 1 second(s)

2019-05-27 17:16:37 - [MESSAGE][PASSED] - Delayed 1 second(s)

2019-05-27 17:16:37 - [TEST_STEP][PASSED] - click(findTestObject("OCS-MOBILE /Product page/More items to consider section/1st Product - image - Vaporizer")): Object: 'Object Repository/OCS-MOBILE /Product page/More items to consider section/1st Product - image - Vaporizer' is clicked on

2019-05-27 17:16:40 - [MESSAGE][PASSED] - Object: 'Object Repository/OCS-MOBILE /Product page/More items to consider section/1st Product - image - Vaporizer' is clicked on

2019-05-27 17:16:40 - [TEST_STEP][PASSED] - delay(2, STOP_ON_FAILURE): Delayed 2 second(s)

2019-05-27 17:16:42 - [MESSAGE][PASSED] - Delayed 2 second(s)

2019-05-27 17:16:42 - [TEST_STEP][PASSED] - takeScreenshot(): Taking screenshot successfully

2019-05-27 17:16:42 - [MESSAGE][PASSED] - Taking screenshot successfully
[[ATTACHMENT|/Users/sumankompelly/Katalon Studio/OCS ( QA- 1.9.1 ) /Reports/QA ( 1.9.1)/HP, PROD , AG,COLL/20190527_170420/1558991802733.png]]

2019-05-27 17:16:42 - [TEST_STEP][PASSED] - delay(1): Delayed 1 second(s)

2019-05-27 17:16:43 - [MESSAGE][PASSED] - Delayed 1 second(s)

2019-05-27 17:16:43 - [TEST_STEP][PASSED] - back(): Navigate back successfully

2019-05-27 17:16:45 - [MESSAGE][PASSED] - Navigate back successfully

2019-05-27 17:16:45 - [TEST_STEP][PASSED] - delay(2, STOP_ON_FAILURE): Delayed 2 second(s)

2019-05-27 17:16:47 - [MESSAGE][PASSED] - Delayed 2 second(s)

2019-05-27 17:16:47 - [TEST_STEP][PASSED] - click(findTestObject("OCS-MOBILE /Product page/More items to consider section/Papers Filters - Tab")): Object: 'Object Repository/OCS-MOBILE /Product page/More items to consider section/Papers Filters - Tab' is clicked on

2019-05-27 17:16:48 - [MESSAGE][PASSED] - Object: 'Object Repository/OCS-MOBILE /Product page/More items to consider section/Papers Filters - Tab' is clicked on

2019-05-27 17:16:48 - [TEST_STEP][PASSED] - takeScreenshot(): Taking screenshot successfully

2019-05-27 17:16:48 - [MESSAGE][PASSED] - Taking screenshot successfully
[[ATTACHMENT|/Users/sumankompelly/Katalon Studio/OCS ( QA- 1.9.1 ) /Reports/QA ( 1.9.1)/HP, PROD , AG,COLL/20190527_170420/1558991808195.png]]

2019-05-27 17:16:48 - [TEST_STEP][PASSED] - delay(1): Delayed 1 second(s)

2019-05-27 17:16:49 - [MESSAGE][PASSED] - Delayed 1 second(s)

2019-05-27 17:16:49 - [TEST_STEP][PASSED] - click(findTestObject("OCS-MOBILE /Product page/More items to consider section/1st Product - image - Paper Filter")): Object: 'Object Repository/OCS-MOBILE /Product page/More items to consider section/1st Product - image - Paper Filter' is clicked on

2019-05-27 17:16:52 - [MESSAGE][PASSED] - Object: 'Object Repository/OCS-MOBILE /Product page/More items to consider section/1st Product - image - Paper Filter' is clicked on

2019-05-27 17:16:52 - [TEST_STEP][PASSED] - delay(2, STOP_ON_FAILURE): Delayed 2 second(s)

2019-05-27 17:16:54 - [MESSAGE][PASSED] - Delayed 2 second(s)

2019-05-27 17:16:54 - [TEST_STEP][PASSED] - takeScreenshot(): Taking screenshot successfully

2019-05-27 17:16:54 - [MESSAGE][PASSED] - Taking screenshot successfully
[[ATTACHMENT|/Users/sumankompelly/Katalon Studio/OCS ( QA- 1.9.1 ) /Reports/QA ( 1.9.1)/HP, PROD , AG,COLL/20190527_170420/1558991814003.png]]

2019-05-27 17:16:54 - [TEST_STEP][PASSED] - delay(1): Delayed 1 second(s)

2019-05-27 17:16:55 - [MESSAGE][PASSED] - Delayed 1 second(s)

2019-05-27 17:16:55 - [TEST_STEP][PASSED] - back(): Navigate back successfully

2019-05-27 17:16:57 - [MESSAGE][PASSED] - Navigate back successfully

2019-05-27 17:16:57 - [TEST_STEP][PASSED] - delay(2): Delayed 2 second(s)

2019-05-27 17:16:59 - [MESSAGE][PASSED] - Delayed 2 second(s)

2019-05-27 17:16:59 - [TEST_STEP][PASSED] - click(findTestObject("OCS-MOBILE /Product page/More items to consider section/Bongs Pipes - Tab")): Object: 'Object Repository/OCS-MOBILE /Product page/More items to consider section/Bongs Pipes - Tab' is clicked on

2019-05-27 17:16:59 - [MESSAGE][PASSED] - Object: 'Object Repository/OCS-MOBILE /Product page/More items to consider section/Bongs Pipes - Tab' is clicked on

2019-05-27 17:16:59 - [TEST_STEP][PASSED] - delay(2): Delayed 2 second(s)

2019-05-27 17:17:01 - [MESSAGE][PASSED] - Delayed 2 second(s)

2019-05-27 17:17:01 - [TEST_STEP][PASSED] - takeScreenshot(): Taking screenshot successfully

2019-05-27 17:17:01 - [MESSAGE][PASSED] - Taking screenshot successfully
[[ATTACHMENT|/Users/sumankompelly/Katalon Studio/OCS ( QA- 1.9.1 ) /Reports/QA ( 1.9.1)/HP, PROD , AG,COLL/20190527_170420/1558991821493.png]]

2019-05-27 17:17:01 - [TEST_STEP][PASSED] - delay(1): Delayed 1 second(s)

2019-05-27 17:17:02 - [MESSAGE][PASSED] - Delayed 1 second(s)

2019-05-27 17:17:02 - [TEST_STEP][PASSED] - click(findTestObject("OCS-MOBILE /Product page/More items to consider section/1st Product - image - Bongs Pipes")): Object: 'Object Repository/OCS-MOBILE /Product page/More items to consider section/1st Product - image - Bongs Pipes' is clicked on

2019-05-27 17:17:05 - [MESSAGE][PASSED] - Object: 'Object Repository/OCS-MOBILE /Product page/More items to consider section/1st Product - image - Bongs Pipes' is clicked on

2019-05-27 17:17:05 - [TEST_STEP][PASSED] - delay(2, STOP_ON_FAILURE): Delayed 2 second(s)

2019-05-27 17:17:07 - [MESSAGE][PASSED] - Delayed 2 second(s)

2019-05-27 17:17:07 - [TEST_STEP][PASSED] - takeScreenshot(): Taking screenshot successfully

2019-05-27 17:17:07 - [MESSAGE][PASSED] - Taking screenshot successfully
[[ATTACHMENT|/Users/sumankompelly/Katalon Studio/OCS ( QA- 1.9.1 ) /Reports/QA ( 1.9.1)/HP, PROD , AG,COLL/20190527_170420/1558991827691.png]]

2019-05-27 17:17:07 - [TEST_STEP][PASSED] - delay(1): Delayed 1 second(s)

2019-05-27 17:17:08 - [MESSAGE][PASSED] - Delayed 1 second(s)

2019-05-27 17:17:08 - [TEST_STEP][PASSED] - back(): Navigate back successfully

2019-05-27 17:17:10 - [MESSAGE][PASSED] - Navigate back successfully]]></system-out>
         <system-err><![CDATA[]]></system-err>
      </testcase>
      <testcase name="Test Cases/OCS - MOBILE/OCS- PRODUCT PAGE/Price" classname="Test Cases/OCS - MOBILE/OCS- PRODUCT PAGE/Price" status="FAILED">
         <failure type="FAILED" message="Test Cases/OCS - MOBILE/OCS- PRODUCT PAGE/Price FAILED.
Reason:
com.kms.katalon.core.exception.StepFailedException: com.kms.katalon.core.webui.exception.WebElementNotFoundException: Web element with id: 'Object Repository/OCS-MOBILE /Product page/Price/Price - Add to cart button' located by 'By.xpath: /html/body/div/div[3]/section/div[1]/div[2]/div[2]/form/button/span[2]' not found
	at com.kms.katalon.core.keyword.internal.KeywordMain.stepFailed(KeywordMain.groovy:32)
	at com.kms.katalon.core.webui.keyword.internal.WebUIKeywordMain.stepFailed(WebUIKeywordMain.groovy:65)
	at com.kms.katalon.core.webui.keyword.builtin.VerifyElementPresentKeyword$_verifyElementPresent_closure1.doCall(VerifyElementPresentKeyword.groovy:85)
	at com.kms.katalon.core.webui.keyword.builtin.VerifyElementPresentKeyword$_verifyElementPresent_closure1.call(VerifyElementPresentKeyword.groovy)
	at com.kms.katalon.core.webui.keyword.internal.WebUIKeywordMain.runKeyword(WebUIKeywordMain.groovy:21)
	at com.kms.katalon.core.webui.keyword.builtin.VerifyElementPresentKeyword.verifyElementPresent(VerifyElementPresentKeyword.groovy:92)
	at com.kms.katalon.core.webui.keyword.builtin.VerifyElementPresentKeyword.execute(VerifyElementPresentKeyword.groovy:68)
	at com.kms.katalon.core.keyword.internal.KeywordExecutor.executeKeywordForPlatform(KeywordExecutor.groovy:53)
	at com.kms.katalon.core.webui.keyword.WebUiBuiltInKeywords.verifyElementPresent(WebUiBuiltInKeywords.groovy:1418)
	at com.kms.katalon.core.webui.keyword.WebUiBuiltInKeywords$verifyElementPresent$15.call(Unknown Source)
	at Price.run(Price:36)
	at com.kms.katalon.core.main.ScriptEngine.run(ScriptEngine.java:194)
	at com.kms.katalon.core.main.ScriptEngine.runScriptAsRawText(ScriptEngine.java:119)
	at com.kms.katalon.core.main.TestCaseExecutor.runScript(TestCaseExecutor.java:328)
	at com.kms.katalon.core.main.TestCaseExecutor.doExecute(TestCaseExecutor.java:319)
	at com.kms.katalon.core.main.TestCaseExecutor.processExecutionPhase(TestCaseExecutor.java:298)
	at com.kms.katalon.core.main.TestCaseExecutor.accessMainPhase(TestCaseExecutor.java:290)
	at com.kms.katalon.core.main.TestCaseExecutor.execute(TestCaseExecutor.java:224)
	at com.kms.katalon.core.main.TestSuiteExecutor.accessTestCaseMainPhase(TestSuiteExecutor.java:129)
	at com.kms.katalon.core.main.TestSuiteExecutor.accessTestSuiteMainPhase(TestSuiteExecutor.java:112)
	at com.kms.katalon.core.main.TestSuiteExecutor.execute(TestSuiteExecutor.java:81)
	at com.kms.katalon.core.main.TestCaseMain.startTestSuite(TestCaseMain.java:149)
	at com.kms.katalon.core.main.TestCaseMain$startTestSuite$0.call(Unknown Source)
	at TempTestSuite1558991060376.run(TempTestSuite1558991060376.groovy:36)
"/>
         <system-out><![CDATA[2019-05-27 17:17:10 - [TEST_CASE][FAILED] - Test Cases/OCS - MOBILE/OCS- PRODUCT PAGE/Price: Test Cases/OCS - MOBILE/OCS- PRODUCT PAGE/Price FAILED.
Reason:
com.kms.katalon.core.exception.StepFailedException: com.kms.katalon.core.webui.exception.WebElementNotFoundException: Web element with id: 'Object Repository/OCS-MOBILE /Product page/Price/Price - Add to cart button' located by 'By.xpath: /html/body/div/div[3]/section/div[1]/div[2]/div[2]/form/button/span[2]' not found
	at com.kms.katalon.core.keyword.internal.KeywordMain.stepFailed(KeywordMain.groovy:32)
	at com.kms.katalon.core.webui.keyword.internal.WebUIKeywordMain.stepFailed(WebUIKeywordMain.groovy:65)
	at com.kms.katalon.core.webui.keyword.builtin.VerifyElementPresentKeyword$_verifyElementPresent_closure1.doCall(VerifyElementPresentKeyword.groovy:85)
	at com.kms.katalon.core.webui.keyword.builtin.VerifyElementPresentKeyword$_verifyElementPresent_closure1.call(VerifyElementPresentKeyword.groovy)
	at com.kms.katalon.core.webui.keyword.internal.WebUIKeywordMain.runKeyword(WebUIKeywordMain.groovy:21)
	at com.kms.katalon.core.webui.keyword.builtin.VerifyElementPresentKeyword.verifyElementPresent(VerifyElementPresentKeyword.groovy:92)
	at com.kms.katalon.core.webui.keyword.builtin.VerifyElementPresentKeyword.execute(VerifyElementPresentKeyword.groovy:68)
	at com.kms.katalon.core.keyword.internal.KeywordExecutor.executeKeywordForPlatform(KeywordExecutor.groovy:53)
	at com.kms.katalon.core.webui.keyword.WebUiBuiltInKeywords.verifyElementPresent(WebUiBuiltInKeywords.groovy:1418)
	at com.kms.katalon.core.webui.keyword.WebUiBuiltInKeywords$verifyElementPresent$15.call(Unknown Source)
	at Price.run(Price:36)
	at com.kms.katalon.core.main.ScriptEngine.run(ScriptEngine.java:194)
	at com.kms.katalon.core.main.ScriptEngine.runScriptAsRawText(ScriptEngine.java:119)
	at com.kms.katalon.core.main.TestCaseExecutor.runScript(TestCaseExecutor.java:328)
	at com.kms.katalon.core.main.TestCaseExecutor.doExecute(TestCaseExecutor.java:319)
	at com.kms.katalon.core.main.TestCaseExecutor.processExecutionPhase(TestCaseExecutor.java:298)
	at com.kms.katalon.core.main.TestCaseExecutor.accessMainPhase(TestCaseExecutor.java:290)
	at com.kms.katalon.core.main.TestCaseExecutor.execute(TestCaseExecutor.java:224)
	at com.kms.katalon.core.main.TestSuiteExecutor.accessTestCaseMainPhase(TestSuiteExecutor.java:129)
	at com.kms.katalon.core.main.TestSuiteExecutor.accessTestSuiteMainPhase(TestSuiteExecutor.java:112)
	at com.kms.katalon.core.main.TestSuiteExecutor.execute(TestSuiteExecutor.java:81)
	at com.kms.katalon.core.main.TestCaseMain.startTestSuite(TestCaseMain.java:149)
	at com.kms.katalon.core.main.TestCaseMain$startTestSuite$0.call(Unknown Source)
	at TempTestSuite1558991060376.run(TempTestSuite1558991060376.groovy:36)


2019-05-27 17:17:11 - [TEST_STEP][PASSED] - callTestCase(findTestCase("OCS - MOBILE/CALL - PDP"), [:], STOP_ON_FAILURE): Call Test Case 'Test Cases/OCS - MOBILE/CALL - PDP' successfully

2019-05-27 17:17:11 - [TEST_CASE][PASSED] - Test Cases/OCS - MOBILE/CALL - PDP: Test Cases/OCS - MOBILE/CALL - PDP

2019-05-27 17:17:11 - [TEST_STEP][PASSED] - openBrowser(""): Browser is opened with url: ''

2019-05-27 17:17:11 - [MESSAGE][WARNING] - A browser is already opened. Closing browser and opening a new one

2019-05-27 17:17:11 - [MESSAGE][INFO] - Starting 'Firefox' driver

2019-05-27 17:17:13 - [MESSAGE][PASSED] - Browser is opened with url: ''

2019-05-27 17:17:13 - [TEST_STEP][PASSED] - navigateToUrl("https://ocs.ca/?fts=0&preview_theme_id=53376026444"): Navigate to 'https://ocs.ca/?fts=0&preview_theme_id=53376026444' successfully

2019-05-27 17:17:24 - [MESSAGE][PASSED] - Navigate to 'https://ocs.ca/?fts=0&preview_theme_id=53376026444' successfully

2019-05-27 17:17:24 - [TEST_STEP][NOT_RUN] - executeJavaScript("var previewBar = document.getElementById("preview-bar-iframe"); previewBar.style.display = "none";", []): NOT_RUN: executeJavaScript("var previewBar = document.getElementById("preview-bar-iframe"); previewBar.style.display = "none";", [])

2019-05-27 17:17:24 - [MESSAGE][NOT_RUN] - NOT_RUN: executeJavaScript("var previewBar = document.getElementById("preview-bar-iframe"); previewBar.style.display = "none";", [])

2019-05-27 17:17:24 - [TEST_STEP][PASSED] - setViewPortSize(360, 800): Viewport is set to new size with width = 360 and height = 800

2019-05-27 17:17:24 - [MESSAGE][PASSED] - Viewport is set to new size with width = 360 and height = 800

2019-05-27 17:17:24 - [TEST_STEP][PASSED] - delay(4): Delayed 4 second(s)

2019-05-27 17:17:28 - [MESSAGE][PASSED] - Delayed 4 second(s)

2019-05-27 17:17:28 - [TEST_STEP][PASSED] - selectOptionByValue(findTestObject("OCS-MOBILE /Age gate and burger menu/Date"), "12", true): All options with value '12' are selected in object 'Object Repository/OCS-MOBILE /Age gate and burger menu/Date'  using regular expression

2019-05-27 17:17:29 - [MESSAGE][PASSED] - All options with value '12' are selected in object 'Object Repository/OCS-MOBILE /Age gate and burger menu/Date'  using regular expression

2019-05-27 17:17:29 - [TEST_STEP][PASSED] - selectOptionByValue(findTestObject("OCS-MOBILE /Age gate and burger menu/month"), "6", true): All options with value '6' are selected in object 'Object Repository/OCS-MOBILE /Age gate and burger menu/month'  using regular expression

2019-05-27 17:17:29 - [MESSAGE][PASSED] - All options with value '6' are selected in object 'Object Repository/OCS-MOBILE /Age gate and burger menu/month'  using regular expression

2019-05-27 17:17:29 - [TEST_STEP][PASSED] - delay(2): Delayed 2 second(s)

2019-05-27 17:17:31 - [MESSAGE][PASSED] - Delayed 2 second(s)

2019-05-27 17:17:31 - [TEST_STEP][PASSED] - selectOptionByValue(findTestObject("OCS-MOBILE /Age gate and burger menu/Year Dropdown"), "1990", true): All options with value '1990' are selected in object 'Object Repository/OCS-MOBILE /Age gate and burger menu/Year Dropdown'  using regular expression

2019-05-27 17:17:33 - [MESSAGE][PASSED] - All options with value '1990' are selected in object 'Object Repository/OCS-MOBILE /Age gate and burger menu/Year Dropdown'  using regular expression

2019-05-27 17:17:33 - [TEST_STEP][PASSED] - click(findTestObject("OCS-MOBILE /Age gate and burger menu/button_Verify")): Object: 'Object Repository/OCS-MOBILE /Age gate and burger menu/button_Verify' is clicked on

2019-05-27 17:17:33 - [MESSAGE][PASSED] - Object: 'Object Repository/OCS-MOBILE /Age gate and burger menu/button_Verify' is clicked on

2019-05-27 17:17:33 - [TEST_STEP][PASSED] - click(findTestObject("OCS-MOBILE /Age gate and burger menu/Checkbox_CONFIRM AND ACKNOWLEDGE")): Object: 'Object Repository/OCS-MOBILE /Age gate and burger menu/Checkbox_CONFIRM AND ACKNOWLEDGE' is clicked on

2019-05-27 17:17:33 - [MESSAGE][PASSED] - Object: 'Object Repository/OCS-MOBILE /Age gate and burger menu/Checkbox_CONFIRM AND ACKNOWLEDGE' is clicked on

2019-05-27 17:17:33 - [TEST_STEP][PASSED] - click(findTestObject("OCS-MOBILE /Age gate and burger menu/button_CONFIRM")): Object: 'Object Repository/OCS-MOBILE /Age gate and burger menu/button_CONFIRM' is clicked on

2019-05-27 17:17:33 - [MESSAGE][PASSED] - Object: 'Object Repository/OCS-MOBILE /Age gate and burger menu/button_CONFIRM' is clicked on

2019-05-27 17:17:33 - [TEST_STEP][PASSED] - click(findTestObject("OCS-MOBILE /Age gate and burger menu/button_Start Browsing")): Object: 'Object Repository/OCS-MOBILE /Age gate and burger menu/button_Start Browsing' is clicked on

2019-05-27 17:17:34 - [MESSAGE][PASSED] - Object: 'Object Repository/OCS-MOBILE /Age gate and burger menu/button_Start Browsing' is clicked on

2019-05-27 17:17:34 - [TEST_STEP][PASSED] - delay(2): Delayed 2 second(s)

2019-05-27 17:17:36 - [MESSAGE][PASSED] - Delayed 2 second(s)

2019-05-27 17:17:36 - [TEST_STEP][PASSED] - click(findTestObject("OCS-MOBILE /Age gate and burger menu/Burger menu - English")): Object: 'Object Repository/OCS-MOBILE /Age gate and burger menu/Burger menu - English' is clicked on

2019-05-27 17:17:36 - [MESSAGE][PASSED] - Object: 'Object Repository/OCS-MOBILE /Age gate and burger menu/Burger menu - English' is clicked on

2019-05-27 17:17:36 - [TEST_STEP][PASSED] - delay(2): Delayed 2 second(s)

2019-05-27 17:17:38 - [MESSAGE][PASSED] - Delayed 2 second(s)

2019-05-27 17:17:38 - [TEST_STEP][PASSED] - click(findTestObject("OCS-MOBILE /Age gate and burger menu/Chevron_Cannabis")): Object: 'Object Repository/OCS-MOBILE /Age gate and burger menu/Chevron_Cannabis' is clicked on

2019-05-27 17:17:38 - [MESSAGE][PASSED] - Object: 'Object Repository/OCS-MOBILE /Age gate and burger menu/Chevron_Cannabis' is clicked on

2019-05-27 17:17:38 - [TEST_STEP][PASSED] - delay(2): Delayed 2 second(s)

2019-05-27 17:17:40 - [MESSAGE][PASSED] - Delayed 2 second(s)

2019-05-27 17:17:40 - [TEST_STEP][PASSED] - click(findTestObject("OCS-MOBILE /Age gate and burger menu/Dried Flower_Plus icon")): Object: 'Object Repository/OCS-MOBILE /Age gate and burger menu/Dried Flower_Plus icon' is clicked on

2019-05-27 17:17:40 - [MESSAGE][PASSED] - Object: 'Object Repository/OCS-MOBILE /Age gate and burger menu/Dried Flower_Plus icon' is clicked on

2019-05-27 17:17:40 - [TEST_STEP][PASSED] - delay(2): Delayed 2 second(s)

2019-05-27 17:17:42 - [MESSAGE][PASSED] - Delayed 2 second(s)

2019-05-27 17:17:42 - [TEST_STEP][PASSED] - click(findTestObject("OCS-MOBILE /Age gate and burger menu/Indica Dominant_Menu item")): Object: 'Object Repository/OCS-MOBILE /Age gate and burger menu/Indica Dominant_Menu item' is clicked on

2019-05-27 17:17:45 - [MESSAGE][PASSED] - Object: 'Object Repository/OCS-MOBILE /Age gate and burger menu/Indica Dominant_Menu item' is clicked on

2019-05-27 17:17:45 - [TEST_STEP][PASSED] - delay(2): Delayed 2 second(s)

2019-05-27 17:17:47 - [MESSAGE][PASSED] - Delayed 2 second(s)

2019-05-27 17:17:47 - [TEST_STEP][PASSED] - click(findTestObject("OCS-MOBILE /Collection page/Product image - 1st one")): Object: 'Object Repository/OCS-MOBILE /Collection page/Product image - 1st one' is clicked on

2019-05-27 17:17:49 - [MESSAGE][PASSED] - Object: 'Object Repository/OCS-MOBILE /Collection page/Product image - 1st one' is clicked on

2019-05-27 17:17:49 - [TEST_STEP][PASSED] - delay(2): Delayed 2 second(s)

2019-05-27 17:17:51 - [MESSAGE][PASSED] - Delayed 2 second(s)

2019-05-27 17:17:51 - [TEST_STEP][PASSED] - executeJavaScript("var previewBar = document.getElementById("preview-bar-iframe"); previewBar.style.display = "none";", []): Execute JavaScript 'var previewBar = document.getElementById("preview-bar-iframe"); previewBar.style.display = "none";' successfully

2019-05-27 17:17:51 - [MESSAGE][PASSED] - Execute JavaScript 'var previewBar = document.getElementById("preview-bar-iframe"); previewBar.style.display = "none";' successfully

2019-05-27 17:17:51 - [MESSAGE][PASSED] - Call Test Case 'Test Cases/OCS - MOBILE/CALL - PDP' successfully

2019-05-27 17:17:51 - [TEST_STEP][NOT_RUN] - navigateToUrl("https://ocs.ca/?fts=0&preview_theme_id=53373863756"): NOT_RUN: navigateToUrl("https://ocs.ca/?fts=0&preview_theme_id=53373863756")

2019-05-27 17:17:51 - [MESSAGE][NOT_RUN] - NOT_RUN: navigateToUrl("https://ocs.ca/?fts=0&preview_theme_id=53373863756")

2019-05-27 17:17:51 - [TEST_STEP][PASSED] - delay(2): Delayed 2 second(s)

2019-05-27 17:17:53 - [MESSAGE][PASSED] - Delayed 2 second(s)

2019-05-27 17:17:53 - [TEST_STEP][PASSED] - scrollToElement(findTestObject("OCS-MOBILE /Product page/Product image"), 1): Scroll to object 'Object Repository/OCS-MOBILE /Product page/Product image' successfully

2019-05-27 17:17:53 - [MESSAGE][PASSED] - Scroll to object 'Object Repository/OCS-MOBILE /Product page/Product image' successfully

2019-05-27 17:17:53 - [TEST_STEP][PASSED] - delay(2): Delayed 2 second(s)

2019-05-27 17:17:55 - [MESSAGE][PASSED] - Delayed 2 second(s)

2019-05-27 17:17:55 - [TEST_STEP][PASSED] - click(findTestObject("OCS-MOBILE /Product page/Swatch_1g")): Object: 'Object Repository/OCS-MOBILE /Product page/Swatch_1g' is clicked on

2019-05-27 17:17:55 - [MESSAGE][PASSED] - Object: 'Object Repository/OCS-MOBILE /Product page/Swatch_1g' is clicked on

2019-05-27 17:17:55 - [TEST_STEP][PASSED] - delay(2): Delayed 2 second(s)

2019-05-27 17:17:57 - [MESSAGE][PASSED] - Delayed 2 second(s)

2019-05-27 17:17:57 - [TEST_STEP][PASSED] - a = getText(findTestObject("OCS-MOBILE /Product page/Price/1g Price - Swatch")): Text of object 'Object Repository/OCS-MOBILE /Product page/Price/1g Price - Swatch' is: '$9.75'

2019-05-27 17:17:57 - [MESSAGE][PASSED] - Text of object 'Object Repository/OCS-MOBILE /Product page/Price/1g Price - Swatch' is: '$9.75'

2019-05-27 17:17:57 - [TEST_STEP][PASSED] - comment("a =" + a): a =$9.75

2019-05-27 17:17:57 - [MESSAGE][INFO] - a =$9.75

2019-05-27 17:17:57 - [TEST_STEP][PASSED] - delay(1, OPTIONAL): Delayed 1 second(s)

2019-05-27 17:17:58 - [MESSAGE][PASSED] - Delayed 1 second(s)

2019-05-27 17:17:58 - [TEST_STEP][FAILED] - flag = verifyElementPresent(findTestObject("OCS-MOBILE /Product page/Price/Price - Add to cart button"), 0, CONTINUE_ON_FAILURE): com.kms.katalon.core.webui.exception.WebElementNotFoundException: Web element with id: 'Object Repository/OCS-MOBILE /Product page/Price/Price - Add to cart button' located by 'By.xpath: /html/body/div/div[3]/section/div[1]/div[2]/div[2]/form/button/span[2]' not found

2019-05-27 17:17:58 - [MESSAGE][WARNING] - Timeout '0' is invalid. Using default page load timeout: '30'

2019-05-27 17:18:29 - [MESSAGE][INFO] - Unable to find the element located by 'By.xpath: /html/body/div/div[3]/section/div[1]/div[2]/div[2]/form/button/span[2]'. Please recheck the objects properties to make sure the desired element is located. 

2019-05-27 17:18:29 - [MESSAGE][FAILED] - com.kms.katalon.core.webui.exception.WebElementNotFoundException: Web element with id: 'Object Repository/OCS-MOBILE /Product page/Price/Price - Add to cart button' located by 'By.xpath: /html/body/div/div[3]/section/div[1]/div[2]/div[2]/form/button/span[2]' not found
[[ATTACHMENT|/Users/sumankompelly/Katalon Studio/OCS ( QA- 1.9.1 ) /Reports/QA ( 1.9.1)/HP, PROD , AG,COLL/20190527_170420/1558991909173.png]]

2019-05-27 17:18:29 - [TEST_STEP][PASSED] - comment("flag =" + flag): flag =false

2019-05-27 17:18:29 - [MESSAGE][INFO] - flag =false

2019-05-27 17:18:29 - [TEST_STEP][PASSED] - if (flag == true): null

2019-05-27 17:18:29 - [TEST_STEP][FAILED] - else: else FAILED.
Reason:
com.kms.katalon.core.exception.StepFailedException: com.kms.katalon.core.webui.exception.WebElementNotFoundException: Web element with id: 'Object Repository/OCS-MOBILE /Product page/Price/Price - Add to cart button' located by 'By.xpath: /html/body/div/div[3]/section/div[1]/div[2]/div[2]/form/button/span[2]' not found
	at com.kms.katalon.core.keyword.internal.KeywordMain.stepFailed(KeywordMain.groovy:32)
	at com.kms.katalon.core.webui.keyword.internal.WebUIKeywordMain.stepFailed(WebUIKeywordMain.groovy:65)
	at com.kms.katalon.core.webui.keyword.builtin.VerifyElementPresentKeyword$_verifyElementPresent_closure1.doCall(VerifyElementPresentKeyword.groovy:85)
	at com.kms.katalon.core.webui.keyword.builtin.VerifyElementPresentKeyword$_verifyElementPresent_closure1.call(VerifyElementPresentKeyword.groovy)
	at com.kms.katalon.core.webui.keyword.internal.WebUIKeywordMain.runKeyword(WebUIKeywordMain.groovy:21)
	at com.kms.katalon.core.webui.keyword.builtin.VerifyElementPresentKeyword.verifyElementPresent(VerifyElementPresentKeyword.groovy:92)
	at com.kms.katalon.core.webui.keyword.builtin.VerifyElementPresentKeyword.execute(VerifyElementPresentKeyword.groovy:68)
	at com.kms.katalon.core.keyword.internal.KeywordExecutor.executeKeywordForPlatform(KeywordExecutor.groovy:53)
	at com.kms.katalon.core.webui.keyword.WebUiBuiltInKeywords.verifyElementPresent(WebUiBuiltInKeywords.groovy:1418)
	at com.kms.katalon.core.webui.keyword.WebUiBuiltInKeywords$verifyElementPresent$15.call(Unknown Source)
	at Price.run(Price:36)
	at com.kms.katalon.core.main.ScriptEngine.run(ScriptEngine.java:194)
	at com.kms.katalon.core.main.ScriptEngine.runScriptAsRawText(ScriptEngine.java:119)
	at com.kms.katalon.core.main.TestCaseExecutor.runScript(TestCaseExecutor.java:328)
	at com.kms.katalon.core.main.TestCaseExecutor.doExecute(TestCaseExecutor.java:319)
	at com.kms.katalon.core.main.TestCaseExecutor.processExecutionPhase(TestCaseExecutor.java:298)
	at com.kms.katalon.core.main.TestCaseExecutor.accessMainPhase(TestCaseExecutor.java:290)
	at com.kms.katalon.core.main.TestCaseExecutor.execute(TestCaseExecutor.java:224)
	at com.kms.katalon.core.main.TestSuiteExecutor.accessTestCaseMainPhase(TestSuiteExecutor.java:129)
	at com.kms.katalon.core.main.TestSuiteExecutor.accessTestSuiteMainPhase(TestSuiteExecutor.java:112)
	at com.kms.katalon.core.main.TestSuiteExecutor.execute(TestSuiteExecutor.java:81)
	at com.kms.katalon.core.main.TestCaseMain.startTestSuite(TestCaseMain.java:149)
	at com.kms.katalon.core.main.TestCaseMain$startTestSuite$0.call(Unknown Source)
	at TempTestSuite1558991060376.run(TempTestSuite1558991060376.groovy:36)


2019-05-27 17:18:29 - [TEST_STEP][PASSED] - back(): Navigate back successfully

2019-05-27 17:18:31 - [MESSAGE][PASSED] - Navigate back successfully

2019-05-27 17:18:31 - [TEST_STEP][PASSED] - delay(1, OPTIONAL): Delayed 1 second(s)

2019-05-27 17:18:32 - [MESSAGE][PASSED] - Delayed 1 second(s)

2019-05-27 17:18:32 - [TEST_STEP][PASSED] - executeJavaScript("var previewBar = document.getElementById("preview-bar-iframe"); previewBar.style.display = "none";", []): Execute JavaScript 'var previewBar = document.getElementById("preview-bar-iframe"); previewBar.style.display = "none";' successfully

2019-05-27 17:18:32 - [MESSAGE][PASSED] - Execute JavaScript 'var previewBar = document.getElementById("preview-bar-iframe"); previewBar.style.display = "none";' successfully

2019-05-27 17:18:32 - [TEST_STEP][PASSED] - click(findTestObject("OCS-MOBILE /Collection page/Product image - 2nd one")): Object: 'Object Repository/OCS-MOBILE /Collection page/Product image - 2nd one' is clicked on

2019-05-27 17:18:34 - [MESSAGE][PASSED] - Object: 'Object Repository/OCS-MOBILE /Collection page/Product image - 2nd one' is clicked on

2019-05-27 17:18:34 - [TEST_STEP][PASSED] - executeJavaScript("var previewBar = document.getElementById("preview-bar-iframe"); previewBar.style.display = "none";", []): Execute JavaScript 'var previewBar = document.getElementById("preview-bar-iframe"); previewBar.style.display = "none";' successfully

2019-05-27 17:18:34 - [MESSAGE][PASSED] - Execute JavaScript 'var previewBar = document.getElementById("preview-bar-iframe"); previewBar.style.display = "none";' successfully

2019-05-27 17:18:34 - [TEST_STEP][PASSED] - delay(1, OPTIONAL): Delayed 1 second(s)

2019-05-27 17:18:35 - [MESSAGE][PASSED] - Delayed 1 second(s)

2019-05-27 17:18:35 - [TEST_STEP][PASSED] - click(findTestObject("OCS-MOBILE /Product page/Swatch_1g")): Object: 'Object Repository/OCS-MOBILE /Product page/Swatch_1g' is clicked on

2019-05-27 17:18:36 - [MESSAGE][PASSED] - Object: 'Object Repository/OCS-MOBILE /Product page/Swatch_1g' is clicked on

2019-05-27 17:18:36 - [TEST_STEP][PASSED] - delay(2): Delayed 2 second(s)

2019-05-27 17:18:38 - [MESSAGE][PASSED] - Delayed 2 second(s)

2019-05-27 17:18:38 - [TEST_STEP][PASSED] - p1 = getText(findTestObject("OCS-MOBILE /Product page/Price/1g Price - Swatch")): Text of object 'Object Repository/OCS-MOBILE /Product page/Price/1g Price - Swatch' is: '$10.25'

2019-05-27 17:18:38 - [MESSAGE][PASSED] - Text of object 'Object Repository/OCS-MOBILE /Product page/Price/1g Price - Swatch' is: '$10.25'

2019-05-27 17:18:38 - [TEST_STEP][PASSED] - comment("p1 =" + p1): p1 =$10.25

2019-05-27 17:18:38 - [MESSAGE][INFO] - p1 =$10.25

2019-05-27 17:18:38 - [TEST_STEP][PASSED] - delay(1, OPTIONAL): Delayed 1 second(s)

2019-05-27 17:18:39 - [MESSAGE][PASSED] - Delayed 1 second(s)

2019-05-27 17:18:39 - [TEST_STEP][PASSED] - flag1 = verifyElementPresent(findTestObject("OCS-MOBILE /Product page/Price/Price - Add to cart button"), 0, CONTINUE_ON_FAILURE): Object 'Object Repository/OCS-MOBILE /Product page/Price/Price - Add to cart button' is present

2019-05-27 17:18:39 - [MESSAGE][WARNING] - Timeout '0' is invalid. Using default page load timeout: '30'

2019-05-27 17:18:39 - [MESSAGE][PASSED] - Object 'Object Repository/OCS-MOBILE /Product page/Price/Price - Add to cart button' is present

2019-05-27 17:18:39 - [TEST_STEP][PASSED] - comment("flag1 =" + flag1): flag1 =true

2019-05-27 17:18:39 - [MESSAGE][INFO] - flag1 =true

2019-05-27 17:18:39 - [TEST_STEP][FAILED] - if (flag1 == true): else FAILED.
Reason:
com.kms.katalon.core.exception.StepFailedException: com.kms.katalon.core.webui.exception.WebElementNotFoundException: Web element with id: 'Object Repository/OCS-MOBILE /Product page/Price/Price - Add to cart button' located by 'By.xpath: /html/body/div/div[3]/section/div[1]/div[2]/div[2]/form/button/span[2]' not found
	at com.kms.katalon.core.keyword.internal.KeywordMain.stepFailed(KeywordMain.groovy:32)
	at com.kms.katalon.core.webui.keyword.internal.WebUIKeywordMain.stepFailed(WebUIKeywordMain.groovy:65)
	at com.kms.katalon.core.webui.keyword.builtin.VerifyElementPresentKeyword$_verifyElementPresent_closure1.doCall(VerifyElementPresentKeyword.groovy:85)
	at com.kms.katalon.core.webui.keyword.builtin.VerifyElementPresentKeyword$_verifyElementPresent_closure1.call(VerifyElementPresentKeyword.groovy)
	at com.kms.katalon.core.webui.keyword.internal.WebUIKeywordMain.runKeyword(WebUIKeywordMain.groovy:21)
	at com.kms.katalon.core.webui.keyword.builtin.VerifyElementPresentKeyword.verifyElementPresent(VerifyElementPresentKeyword.groovy:92)
	at com.kms.katalon.core.webui.keyword.builtin.VerifyElementPresentKeyword.execute(VerifyElementPresentKeyword.groovy:68)
	at com.kms.katalon.core.keyword.internal.KeywordExecutor.executeKeywordForPlatform(KeywordExecutor.groovy:53)
	at com.kms.katalon.core.webui.keyword.WebUiBuiltInKeywords.verifyElementPresent(WebUiBuiltInKeywords.groovy:1418)
	at com.kms.katalon.core.webui.keyword.WebUiBuiltInKeywords$verifyElementPresent$15.call(Unknown Source)
	at Price.run(Price:36)
	at com.kms.katalon.core.main.ScriptEngine.run(ScriptEngine.java:194)
	at com.kms.katalon.core.main.ScriptEngine.runScriptAsRawText(ScriptEngine.java:119)
	at com.kms.katalon.core.main.TestCaseExecutor.runScript(TestCaseExecutor.java:328)
	at com.kms.katalon.core.main.TestCaseExecutor.doExecute(TestCaseExecutor.java:319)
	at com.kms.katalon.core.main.TestCaseExecutor.processExecutionPhase(TestCaseExecutor.java:298)
	at com.kms.katalon.core.main.TestCaseExecutor.accessMainPhase(TestCaseExecutor.java:290)
	at com.kms.katalon.core.main.TestCaseExecutor.execute(TestCaseExecutor.java:224)
	at com.kms.katalon.core.main.TestSuiteExecutor.accessTestCaseMainPhase(TestSuiteExecutor.java:129)
	at com.kms.katalon.core.main.TestSuiteExecutor.accessTestSuiteMainPhase(TestSuiteExecutor.java:112)
	at com.kms.katalon.core.main.TestSuiteExecutor.execute(TestSuiteExecutor.java:81)
	at com.kms.katalon.core.main.TestCaseMain.startTestSuite(TestCaseMain.java:149)
	at com.kms.katalon.core.main.TestCaseMain$startTestSuite$0.call(Unknown Source)
	at TempTestSuite1558991060376.run(TempTestSuite1558991060376.groovy:36)


2019-05-27 17:18:39 - [TEST_STEP][PASSED] - b = getText(findTestObject("OCS-MOBILE /Product page/Price/Price - Add to cart button")): Text of object 'Object Repository/OCS-MOBILE /Product page/Price/Price - Add to cart button' is: '$10.25'

2019-05-27 17:18:39 - [MESSAGE][PASSED] - Text of object 'Object Repository/OCS-MOBILE /Product page/Price/Price - Add to cart button' is: '$10.25'

2019-05-27 17:18:39 - [TEST_STEP][PASSED] - comment("p1 =" + p1): p1 =$10.25

2019-05-27 17:18:39 - [MESSAGE][INFO] - p1 =$10.25

2019-05-27 17:18:39 - [TEST_STEP][PASSED] - a1 = p1.substring(1): null

2019-05-27 17:18:39 - [TEST_STEP][PASSED] - comment("a1=" + a1): a1=10.25

2019-05-27 17:18:39 - [MESSAGE][INFO] - a1=10.25

2019-05-27 17:18:39 - [TEST_STEP][PASSED] - comment("b =" + b): b =$10.25

2019-05-27 17:18:39 - [MESSAGE][INFO] - b =$10.25

2019-05-27 17:18:39 - [TEST_STEP][FAILED] - b1 = b.wait(1, 0): else FAILED.
Reason:
com.kms.katalon.core.exception.StepFailedException: com.kms.katalon.core.webui.exception.WebElementNotFoundException: Web element with id: 'Object Repository/OCS-MOBILE /Product page/Price/Price - Add to cart button' located by 'By.xpath: /html/body/div/div[3]/section/div[1]/div[2]/div[2]/form/button/span[2]' not found
	at com.kms.katalon.core.keyword.internal.KeywordMain.stepFailed(KeywordMain.groovy:32)
	at com.kms.katalon.core.webui.keyword.internal.WebUIKeywordMain.stepFailed(WebUIKeywordMain.groovy:65)
	at com.kms.katalon.core.webui.keyword.builtin.VerifyElementPresentKeyword$_verifyElementPresent_closure1.doCall(VerifyElementPresentKeyword.groovy:85)
	at com.kms.katalon.core.webui.keyword.builtin.VerifyElementPresentKeyword$_verifyElementPresent_closure1.call(VerifyElementPresentKeyword.groovy)
	at com.kms.katalon.core.webui.keyword.internal.WebUIKeywordMain.runKeyword(WebUIKeywordMain.groovy:21)
	at com.kms.katalon.core.webui.keyword.builtin.VerifyElementPresentKeyword.verifyElementPresent(VerifyElementPresentKeyword.groovy:92)
	at com.kms.katalon.core.webui.keyword.builtin.VerifyElementPresentKeyword.execute(VerifyElementPresentKeyword.groovy:68)
	at com.kms.katalon.core.keyword.internal.KeywordExecutor.executeKeywordForPlatform(KeywordExecutor.groovy:53)
	at com.kms.katalon.core.webui.keyword.WebUiBuiltInKeywords.verifyElementPresent(WebUiBuiltInKeywords.groovy:1418)
	at com.kms.katalon.core.webui.keyword.WebUiBuiltInKeywords$verifyElementPresent$15.call(Unknown Source)
	at Price.run(Price:36)
	at com.kms.katalon.core.main.ScriptEngine.run(ScriptEngine.java:194)
	at com.kms.katalon.core.main.ScriptEngine.runScriptAsRawText(ScriptEngine.java:119)
	at com.kms.katalon.core.main.TestCaseExecutor.runScript(TestCaseExecutor.java:328)
	at com.kms.katalon.core.main.TestCaseExecutor.doExecute(TestCaseExecutor.java:319)
	at com.kms.katalon.core.main.TestCaseExecutor.processExecutionPhase(TestCaseExecutor.java:298)
	at com.kms.katalon.core.main.TestCaseExecutor.accessMainPhase(TestCaseExecutor.java:290)
	at com.kms.katalon.core.main.TestCaseExecutor.execute(TestCaseExecutor.java:224)
	at com.kms.katalon.core.main.TestSuiteExecutor.accessTestCaseMainPhase(TestSuiteExecutor.java:129)
	at com.kms.katalon.core.main.TestSuiteExecutor.accessTestSuiteMainPhase(TestSuiteExecutor.java:112)
	at com.kms.katalon.core.main.TestSuiteExecutor.execute(TestSuiteExecutor.java:81)
	at com.kms.katalon.core.main.TestCaseMain.startTestSuite(TestCaseMain.java:149)
	at com.kms.katalon.core.main.TestCaseMain$startTestSuite$0.call(Unknown Source)
	at TempTestSuite1558991060376.run(TempTestSuite1558991060376.groovy:36)


2019-05-27 17:18:39 - [MESSAGE][FAILED] - else FAILED.
Reason:
com.kms.katalon.core.exception.StepFailedException: com.kms.katalon.core.webui.exception.WebElementNotFoundException: Web element with id: 'Object Repository/OCS-MOBILE /Product page/Price/Price - Add to cart button' located by 'By.xpath: /html/body/div/div[3]/section/div[1]/div[2]/div[2]/form/button/span[2]' not found
	at com.kms.katalon.core.keyword.internal.KeywordMain.stepFailed(KeywordMain.groovy:32)
	at com.kms.katalon.core.webui.keyword.internal.WebUIKeywordMain.stepFailed(WebUIKeywordMain.groovy:65)
	at com.kms.katalon.core.webui.keyword.builtin.VerifyElementPresentKeyword$_verifyElementPresent_closure1.doCall(VerifyElementPresentKeyword.groovy:85)
	at com.kms.katalon.core.webui.keyword.builtin.VerifyElementPresentKeyword$_verifyElementPresent_closure1.call(VerifyElementPresentKeyword.groovy)
	at com.kms.katalon.core.webui.keyword.internal.WebUIKeywordMain.runKeyword(WebUIKeywordMain.groovy:21)
	at com.kms.katalon.core.webui.keyword.builtin.VerifyElementPresentKeyword.verifyElementPresent(VerifyElementPresentKeyword.groovy:92)
	at com.kms.katalon.core.webui.keyword.builtin.VerifyElementPresentKeyword.execute(VerifyElementPresentKeyword.groovy:68)
	at com.kms.katalon.core.keyword.internal.KeywordExecutor.executeKeywordForPlatform(KeywordExecutor.groovy:53)
	at com.kms.katalon.core.webui.keyword.WebUiBuiltInKeywords.verifyElementPresent(WebUiBuiltInKeywords.groovy:1418)
	at com.kms.katalon.core.webui.keyword.WebUiBuiltInKeywords$verifyElementPresent$15.call(Unknown Source)
	at Price.run(Price:36)
	at com.kms.katalon.core.main.ScriptEngine.run(ScriptEngine.java:194)
	at com.kms.katalon.core.main.ScriptEngine.runScriptAsRawText(ScriptEngine.java:119)
	at com.kms.katalon.core.main.TestCaseExecutor.runScript(TestCaseExecutor.java:328)
	at com.kms.katalon.core.main.TestCaseExecutor.doExecute(TestCaseExecutor.java:319)
	at com.kms.katalon.core.main.TestCaseExecutor.processExecutionPhase(TestCaseExecutor.java:298)
	at com.kms.katalon.core.main.TestCaseExecutor.accessMainPhase(TestCaseExecutor.java:290)
	at com.kms.katalon.core.main.TestCaseExecutor.execute(TestCaseExecutor.java:224)
	at com.kms.katalon.core.main.TestSuiteExecutor.accessTestCaseMainPhase(TestSuiteExecutor.java:129)
	at com.kms.katalon.core.main.TestSuiteExecutor.accessTestSuiteMainPhase(TestSuiteExecutor.java:112)
	at com.kms.katalon.core.main.TestSuiteExecutor.execute(TestSuiteExecutor.java:81)
	at com.kms.katalon.core.main.TestCaseMain.startTestSuite(TestCaseMain.java:149)
	at com.kms.katalon.core.main.TestCaseMain$startTestSuite$0.call(Unknown Source)
	at TempTestSuite1558991060376.run(TempTestSuite1558991060376.groovy:36)]]></system-out>
         <system-err><![CDATA[2019-05-27 17:17:10 - [TEST_CASE][FAILED] - Test Cases/OCS - MOBILE/OCS- PRODUCT PAGE/Price: Test Cases/OCS - MOBILE/OCS- PRODUCT PAGE/Price FAILED.
Reason:
com.kms.katalon.core.exception.StepFailedException: com.kms.katalon.core.webui.exception.WebElementNotFoundException: Web element with id: 'Object Repository/OCS-MOBILE /Product page/Price/Price - Add to cart button' located by 'By.xpath: /html/body/div/div[3]/section/div[1]/div[2]/div[2]/form/button/span[2]' not found
	at com.kms.katalon.core.keyword.internal.KeywordMain.stepFailed(KeywordMain.groovy:32)
	at com.kms.katalon.core.webui.keyword.internal.WebUIKeywordMain.stepFailed(WebUIKeywordMain.groovy:65)
	at com.kms.katalon.core.webui.keyword.builtin.VerifyElementPresentKeyword$_verifyElementPresent_closure1.doCall(VerifyElementPresentKeyword.groovy:85)
	at com.kms.katalon.core.webui.keyword.builtin.VerifyElementPresentKeyword$_verifyElementPresent_closure1.call(VerifyElementPresentKeyword.groovy)
	at com.kms.katalon.core.webui.keyword.internal.WebUIKeywordMain.runKeyword(WebUIKeywordMain.groovy:21)
	at com.kms.katalon.core.webui.keyword.builtin.VerifyElementPresentKeyword.verifyElementPresent(VerifyElementPresentKeyword.groovy:92)
	at com.kms.katalon.core.webui.keyword.builtin.VerifyElementPresentKeyword.execute(VerifyElementPresentKeyword.groovy:68)
	at com.kms.katalon.core.keyword.internal.KeywordExecutor.executeKeywordForPlatform(KeywordExecutor.groovy:53)
	at com.kms.katalon.core.webui.keyword.WebUiBuiltInKeywords.verifyElementPresent(WebUiBuiltInKeywords.groovy:1418)
	at com.kms.katalon.core.webui.keyword.WebUiBuiltInKeywords$verifyElementPresent$15.call(Unknown Source)
	at Price.run(Price:36)
	at com.kms.katalon.core.main.ScriptEngine.run(ScriptEngine.java:194)
	at com.kms.katalon.core.main.ScriptEngine.runScriptAsRawText(ScriptEngine.java:119)
	at com.kms.katalon.core.main.TestCaseExecutor.runScript(TestCaseExecutor.java:328)
	at com.kms.katalon.core.main.TestCaseExecutor.doExecute(TestCaseExecutor.java:319)
	at com.kms.katalon.core.main.TestCaseExecutor.processExecutionPhase(TestCaseExecutor.java:298)
	at com.kms.katalon.core.main.TestCaseExecutor.accessMainPhase(TestCaseExecutor.java:290)
	at com.kms.katalon.core.main.TestCaseExecutor.execute(TestCaseExecutor.java:224)
	at com.kms.katalon.core.main.TestSuiteExecutor.accessTestCaseMainPhase(TestSuiteExecutor.java:129)
	at com.kms.katalon.core.main.TestSuiteExecutor.accessTestSuiteMainPhase(TestSuiteExecutor.java:112)
	at com.kms.katalon.core.main.TestSuiteExecutor.execute(TestSuiteExecutor.java:81)
	at com.kms.katalon.core.main.TestCaseMain.startTestSuite(TestCaseMain.java:149)
	at com.kms.katalon.core.main.TestCaseMain$startTestSuite$0.call(Unknown Source)
	at TempTestSuite1558991060376.run(TempTestSuite1558991060376.groovy:36)]]></system-err>
      </testcase>
      <testcase name="Test Cases/OCS - MOBILE/OCS- PRODUCT PAGE/Learn More" classname="Test Cases/OCS - MOBILE/OCS- PRODUCT PAGE/Learn More" status="PASSED">
         <system-out><![CDATA[2019-05-27 17:18:39 - [TEST_CASE][PASSED] - Test Cases/OCS - MOBILE/OCS- PRODUCT PAGE/Learn More: Test Cases/OCS - MOBILE/OCS- PRODUCT PAGE/Learn More

2019-05-27 17:18:39 - [TEST_STEP][PASSED] - callTestCase(findTestCase("OCS - MOBILE/CALL - PDP"), [:], STOP_ON_FAILURE): Call Test Case 'Test Cases/OCS - MOBILE/CALL - PDP' successfully

2019-05-27 17:18:39 - [TEST_CASE][PASSED] - Test Cases/OCS - MOBILE/CALL - PDP: Test Cases/OCS - MOBILE/CALL - PDP

2019-05-27 17:18:39 - [TEST_STEP][PASSED] - openBrowser(""): Browser is opened with url: ''

2019-05-27 17:18:39 - [MESSAGE][WARNING] - A browser is already opened. Closing browser and opening a new one

2019-05-27 17:18:40 - [MESSAGE][INFO] - Starting 'Firefox' driver

2019-05-27 17:18:42 - [MESSAGE][PASSED] - Browser is opened with url: ''

2019-05-27 17:18:42 - [TEST_STEP][PASSED] - navigateToUrl("https://ocs.ca/?fts=0&preview_theme_id=53376026444"): Navigate to 'https://ocs.ca/?fts=0&preview_theme_id=53376026444' successfully

2019-05-27 17:18:48 - [MESSAGE][PASSED] - Navigate to 'https://ocs.ca/?fts=0&preview_theme_id=53376026444' successfully

2019-05-27 17:18:48 - [TEST_STEP][NOT_RUN] - executeJavaScript("var previewBar = document.getElementById("preview-bar-iframe"); previewBar.style.display = "none";", []): NOT_RUN: executeJavaScript("var previewBar = document.getElementById("preview-bar-iframe"); previewBar.style.display = "none";", [])

2019-05-27 17:18:48 - [MESSAGE][NOT_RUN] - NOT_RUN: executeJavaScript("var previewBar = document.getElementById("preview-bar-iframe"); previewBar.style.display = "none";", [])

2019-05-27 17:18:48 - [TEST_STEP][PASSED] - setViewPortSize(360, 800): Viewport is set to new size with width = 360 and height = 800

2019-05-27 17:18:49 - [MESSAGE][PASSED] - Viewport is set to new size with width = 360 and height = 800

2019-05-27 17:18:49 - [TEST_STEP][PASSED] - delay(4): Delayed 4 second(s)

2019-05-27 17:18:53 - [MESSAGE][PASSED] - Delayed 4 second(s)

2019-05-27 17:18:53 - [TEST_STEP][PASSED] - selectOptionByValue(findTestObject("OCS-MOBILE /Age gate and burger menu/Date"), "12", true): All options with value '12' are selected in object 'Object Repository/OCS-MOBILE /Age gate and burger menu/Date'  using regular expression

2019-05-27 17:18:53 - [MESSAGE][PASSED] - All options with value '12' are selected in object 'Object Repository/OCS-MOBILE /Age gate and burger menu/Date'  using regular expression

2019-05-27 17:18:53 - [TEST_STEP][PASSED] - selectOptionByValue(findTestObject("OCS-MOBILE /Age gate and burger menu/month"), "6", true): All options with value '6' are selected in object 'Object Repository/OCS-MOBILE /Age gate and burger menu/month'  using regular expression

2019-05-27 17:18:54 - [MESSAGE][PASSED] - All options with value '6' are selected in object 'Object Repository/OCS-MOBILE /Age gate and burger menu/month'  using regular expression

2019-05-27 17:18:54 - [TEST_STEP][PASSED] - delay(2): Delayed 2 second(s)

2019-05-27 17:18:56 - [MESSAGE][PASSED] - Delayed 2 second(s)

2019-05-27 17:18:56 - [TEST_STEP][PASSED] - selectOptionByValue(findTestObject("OCS-MOBILE /Age gate and burger menu/Year Dropdown"), "1990", true): All options with value '1990' are selected in object 'Object Repository/OCS-MOBILE /Age gate and burger menu/Year Dropdown'  using regular expression

2019-05-27 17:18:57 - [MESSAGE][PASSED] - All options with value '1990' are selected in object 'Object Repository/OCS-MOBILE /Age gate and burger menu/Year Dropdown'  using regular expression

2019-05-27 17:18:57 - [TEST_STEP][PASSED] - click(findTestObject("OCS-MOBILE /Age gate and burger menu/button_Verify")): Object: 'Object Repository/OCS-MOBILE /Age gate and burger menu/button_Verify' is clicked on

2019-05-27 17:18:58 - [MESSAGE][PASSED] - Object: 'Object Repository/OCS-MOBILE /Age gate and burger menu/button_Verify' is clicked on

2019-05-27 17:18:58 - [TEST_STEP][PASSED] - click(findTestObject("OCS-MOBILE /Age gate and burger menu/Checkbox_CONFIRM AND ACKNOWLEDGE")): Object: 'Object Repository/OCS-MOBILE /Age gate and burger menu/Checkbox_CONFIRM AND ACKNOWLEDGE' is clicked on

2019-05-27 17:18:58 - [MESSAGE][PASSED] - Object: 'Object Repository/OCS-MOBILE /Age gate and burger menu/Checkbox_CONFIRM AND ACKNOWLEDGE' is clicked on

2019-05-27 17:18:58 - [TEST_STEP][PASSED] - click(findTestObject("OCS-MOBILE /Age gate and burger menu/button_CONFIRM")): Object: 'Object Repository/OCS-MOBILE /Age gate and burger menu/button_CONFIRM' is clicked on

2019-05-27 17:18:58 - [MESSAGE][PASSED] - Object: 'Object Repository/OCS-MOBILE /Age gate and burger menu/button_CONFIRM' is clicked on

2019-05-27 17:18:58 - [TEST_STEP][PASSED] - click(findTestObject("OCS-MOBILE /Age gate and burger menu/button_Start Browsing")): Object: 'Object Repository/OCS-MOBILE /Age gate and burger menu/button_Start Browsing' is clicked on

2019-05-27 17:18:58 - [MESSAGE][PASSED] - Object: 'Object Repository/OCS-MOBILE /Age gate and burger menu/button_Start Browsing' is clicked on

2019-05-27 17:18:58 - [TEST_STEP][PASSED] - delay(2): Delayed 2 second(s)

2019-05-27 17:19:00 - [MESSAGE][PASSED] - Delayed 2 second(s)

2019-05-27 17:19:00 - [TEST_STEP][PASSED] - click(findTestObject("OCS-MOBILE /Age gate and burger menu/Burger menu - English")): Object: 'Object Repository/OCS-MOBILE /Age gate and burger menu/Burger menu - English' is clicked on

2019-05-27 17:19:01 - [MESSAGE][PASSED] - Object: 'Object Repository/OCS-MOBILE /Age gate and burger menu/Burger menu - English' is clicked on

2019-05-27 17:19:01 - [TEST_STEP][PASSED] - delay(2): Delayed 2 second(s)

2019-05-27 17:19:03 - [MESSAGE][PASSED] - Delayed 2 second(s)

2019-05-27 17:19:03 - [TEST_STEP][PASSED] - click(findTestObject("OCS-MOBILE /Age gate and burger menu/Chevron_Cannabis")): Object: 'Object Repository/OCS-MOBILE /Age gate and burger menu/Chevron_Cannabis' is clicked on

2019-05-27 17:19:03 - [MESSAGE][PASSED] - Object: 'Object Repository/OCS-MOBILE /Age gate and burger menu/Chevron_Cannabis' is clicked on

2019-05-27 17:19:03 - [TEST_STEP][PASSED] - delay(2): Delayed 2 second(s)

2019-05-27 17:19:05 - [MESSAGE][PASSED] - Delayed 2 second(s)

2019-05-27 17:19:05 - [TEST_STEP][PASSED] - click(findTestObject("OCS-MOBILE /Age gate and burger menu/Dried Flower_Plus icon")): Object: 'Object Repository/OCS-MOBILE /Age gate and burger menu/Dried Flower_Plus icon' is clicked on

2019-05-27 17:19:05 - [MESSAGE][PASSED] - Object: 'Object Repository/OCS-MOBILE /Age gate and burger menu/Dried Flower_Plus icon' is clicked on

2019-05-27 17:19:05 - [TEST_STEP][PASSED] - delay(2): Delayed 2 second(s)

2019-05-27 17:19:07 - [MESSAGE][PASSED] - Delayed 2 second(s)

2019-05-27 17:19:07 - [TEST_STEP][PASSED] - click(findTestObject("OCS-MOBILE /Age gate and burger menu/Indica Dominant_Menu item")): Object: 'Object Repository/OCS-MOBILE /Age gate and burger menu/Indica Dominant_Menu item' is clicked on

2019-05-27 17:19:10 - [MESSAGE][PASSED] - Object: 'Object Repository/OCS-MOBILE /Age gate and burger menu/Indica Dominant_Menu item' is clicked on

2019-05-27 17:19:10 - [TEST_STEP][PASSED] - delay(2): Delayed 2 second(s)

2019-05-27 17:19:12 - [MESSAGE][PASSED] - Delayed 2 second(s)

2019-05-27 17:19:12 - [TEST_STEP][PASSED] - click(findTestObject("OCS-MOBILE /Collection page/Product image - 1st one")): Object: 'Object Repository/OCS-MOBILE /Collection page/Product image - 1st one' is clicked on

2019-05-27 17:19:14 - [MESSAGE][PASSED] - Object: 'Object Repository/OCS-MOBILE /Collection page/Product image - 1st one' is clicked on

2019-05-27 17:19:14 - [TEST_STEP][PASSED] - delay(2): Delayed 2 second(s)

2019-05-27 17:19:16 - [MESSAGE][PASSED] - Delayed 2 second(s)

2019-05-27 17:19:16 - [TEST_STEP][PASSED] - executeJavaScript("var previewBar = document.getElementById("preview-bar-iframe"); previewBar.style.display = "none";", []): Execute JavaScript 'var previewBar = document.getElementById("preview-bar-iframe"); previewBar.style.display = "none";' successfully

2019-05-27 17:19:16 - [MESSAGE][PASSED] - Execute JavaScript 'var previewBar = document.getElementById("preview-bar-iframe"); previewBar.style.display = "none";' successfully

2019-05-27 17:19:16 - [MESSAGE][PASSED] - Call Test Case 'Test Cases/OCS - MOBILE/CALL - PDP' successfully

2019-05-27 17:19:16 - [TEST_STEP][PASSED] - scrollToElement(findTestObject("OCS-MOBILE /Product page/Product image"), 1): Scroll to object 'Object Repository/OCS-MOBILE /Product page/Product image' successfully

2019-05-27 17:19:16 - [MESSAGE][PASSED] - Scroll to object 'Object Repository/OCS-MOBILE /Product page/Product image' successfully

2019-05-27 17:19:16 - [TEST_STEP][PASSED] - click(findTestObject("OCS-MOBILE /Product page/Learn More - Link")): Object: 'Object Repository/OCS-MOBILE /Product page/Learn More - Link' is clicked on

2019-05-27 17:19:16 - [MESSAGE][PASSED] - Object: 'Object Repository/OCS-MOBILE /Product page/Learn More - Link' is clicked on

2019-05-27 17:19:16 - [TEST_STEP][PASSED] - verifyElementPresent(findTestObject("OCS-MOBILE /Product page/About Product - Table"), 1): Object 'Object Repository/OCS-MOBILE /Product page/About Product - Table' is present

2019-05-27 17:19:16 - [MESSAGE][PASSED] - Object 'Object Repository/OCS-MOBILE /Product page/About Product - Table' is present

2019-05-27 17:19:16 - [TEST_STEP][PASSED] - takeScreenshot(): Taking screenshot successfully

2019-05-27 17:19:16 - [MESSAGE][PASSED] - Taking screenshot successfully
[[ATTACHMENT|/Users/sumankompelly/Katalon Studio/OCS ( QA- 1.9.1 ) /Reports/QA ( 1.9.1)/HP, PROD , AG,COLL/20190527_170420/1558991956593.png]]]]></system-out>
         <system-err><![CDATA[]]></system-err>
      </testcase>
      <testcase name="Test Cases/OCS - MOBILE/OCS- PRODUCT PAGE/Recently viewed" classname="Test Cases/OCS - MOBILE/OCS- PRODUCT PAGE/Recently viewed" status="PASSED">
         <system-out><![CDATA[2019-05-27 17:19:16 - [TEST_CASE][PASSED] - Test Cases/OCS - MOBILE/OCS- PRODUCT PAGE/Recently viewed: Test Cases/OCS - MOBILE/OCS- PRODUCT PAGE/Recently viewed

2019-05-27 17:19:16 - [TEST_STEP][PASSED] - callTestCase(findTestCase("OCS - MOBILE/CALL - PDP"), [:], STOP_ON_FAILURE): Call Test Case 'Test Cases/OCS - MOBILE/CALL - PDP' successfully

2019-05-27 17:19:16 - [TEST_CASE][PASSED] - Test Cases/OCS - MOBILE/CALL - PDP: Test Cases/OCS - MOBILE/CALL - PDP

2019-05-27 17:19:16 - [TEST_STEP][PASSED] - openBrowser(""): Browser is opened with url: ''

2019-05-27 17:19:16 - [MESSAGE][WARNING] - A browser is already opened. Closing browser and opening a new one

2019-05-27 17:19:17 - [MESSAGE][INFO] - Starting 'Firefox' driver

2019-05-27 17:19:19 - [MESSAGE][PASSED] - Browser is opened with url: ''

2019-05-27 17:19:19 - [TEST_STEP][PASSED] - navigateToUrl("https://ocs.ca/?fts=0&preview_theme_id=53376026444"): Navigate to 'https://ocs.ca/?fts=0&preview_theme_id=53376026444' successfully

2019-05-27 17:19:27 - [MESSAGE][PASSED] - Navigate to 'https://ocs.ca/?fts=0&preview_theme_id=53376026444' successfully

2019-05-27 17:19:27 - [TEST_STEP][NOT_RUN] - executeJavaScript("var previewBar = document.getElementById("preview-bar-iframe"); previewBar.style.display = "none";", []): NOT_RUN: executeJavaScript("var previewBar = document.getElementById("preview-bar-iframe"); previewBar.style.display = "none";", [])

2019-05-27 17:19:27 - [MESSAGE][NOT_RUN] - NOT_RUN: executeJavaScript("var previewBar = document.getElementById("preview-bar-iframe"); previewBar.style.display = "none";", [])

2019-05-27 17:19:27 - [TEST_STEP][PASSED] - setViewPortSize(360, 800): Viewport is set to new size with width = 360 and height = 800

2019-05-27 17:19:27 - [MESSAGE][PASSED] - Viewport is set to new size with width = 360 and height = 800

2019-05-27 17:19:27 - [TEST_STEP][PASSED] - delay(4): Delayed 4 second(s)

2019-05-27 17:19:31 - [MESSAGE][PASSED] - Delayed 4 second(s)

2019-05-27 17:19:31 - [TEST_STEP][PASSED] - selectOptionByValue(findTestObject("OCS-MOBILE /Age gate and burger menu/Date"), "12", true): All options with value '12' are selected in object 'Object Repository/OCS-MOBILE /Age gate and burger menu/Date'  using regular expression

2019-05-27 17:19:32 - [MESSAGE][PASSED] - All options with value '12' are selected in object 'Object Repository/OCS-MOBILE /Age gate and burger menu/Date'  using regular expression

2019-05-27 17:19:32 - [TEST_STEP][PASSED] - selectOptionByValue(findTestObject("OCS-MOBILE /Age gate and burger menu/month"), "6", true): All options with value '6' are selected in object 'Object Repository/OCS-MOBILE /Age gate and burger menu/month'  using regular expression

2019-05-27 17:19:33 - [MESSAGE][PASSED] - All options with value '6' are selected in object 'Object Repository/OCS-MOBILE /Age gate and burger menu/month'  using regular expression

2019-05-27 17:19:33 - [TEST_STEP][PASSED] - delay(2): Delayed 2 second(s)

2019-05-27 17:19:35 - [MESSAGE][PASSED] - Delayed 2 second(s)

2019-05-27 17:19:35 - [TEST_STEP][PASSED] - selectOptionByValue(findTestObject("OCS-MOBILE /Age gate and burger menu/Year Dropdown"), "1990", true): All options with value '1990' are selected in object 'Object Repository/OCS-MOBILE /Age gate and burger menu/Year Dropdown'  using regular expression

2019-05-27 17:19:36 - [MESSAGE][PASSED] - All options with value '1990' are selected in object 'Object Repository/OCS-MOBILE /Age gate and burger menu/Year Dropdown'  using regular expression

2019-05-27 17:19:36 - [TEST_STEP][PASSED] - click(findTestObject("OCS-MOBILE /Age gate and burger menu/button_Verify")): Object: 'Object Repository/OCS-MOBILE /Age gate and burger menu/button_Verify' is clicked on

2019-05-27 17:19:36 - [MESSAGE][PASSED] - Object: 'Object Repository/OCS-MOBILE /Age gate and burger menu/button_Verify' is clicked on

2019-05-27 17:19:36 - [TEST_STEP][PASSED] - click(findTestObject("OCS-MOBILE /Age gate and burger menu/Checkbox_CONFIRM AND ACKNOWLEDGE")): Object: 'Object Repository/OCS-MOBILE /Age gate and burger menu/Checkbox_CONFIRM AND ACKNOWLEDGE' is clicked on

2019-05-27 17:19:37 - [MESSAGE][PASSED] - Object: 'Object Repository/OCS-MOBILE /Age gate and burger menu/Checkbox_CONFIRM AND ACKNOWLEDGE' is clicked on

2019-05-27 17:19:37 - [TEST_STEP][PASSED] - click(findTestObject("OCS-MOBILE /Age gate and burger menu/button_CONFIRM")): Object: 'Object Repository/OCS-MOBILE /Age gate and burger menu/button_CONFIRM' is clicked on

2019-05-27 17:19:37 - [MESSAGE][PASSED] - Object: 'Object Repository/OCS-MOBILE /Age gate and burger menu/button_CONFIRM' is clicked on

2019-05-27 17:19:37 - [TEST_STEP][PASSED] - click(findTestObject("OCS-MOBILE /Age gate and burger menu/button_Start Browsing")): Object: 'Object Repository/OCS-MOBILE /Age gate and burger menu/button_Start Browsing' is clicked on

2019-05-27 17:19:37 - [MESSAGE][PASSED] - Object: 'Object Repository/OCS-MOBILE /Age gate and burger menu/button_Start Browsing' is clicked on

2019-05-27 17:19:37 - [TEST_STEP][PASSED] - delay(2): Delayed 2 second(s)

2019-05-27 17:19:39 - [MESSAGE][PASSED] - Delayed 2 second(s)

2019-05-27 17:19:39 - [TEST_STEP][PASSED] - click(findTestObject("OCS-MOBILE /Age gate and burger menu/Burger menu - English")): Object: 'Object Repository/OCS-MOBILE /Age gate and burger menu/Burger menu - English' is clicked on

2019-05-27 17:19:39 - [MESSAGE][PASSED] - Object: 'Object Repository/OCS-MOBILE /Age gate and burger menu/Burger menu - English' is clicked on

2019-05-27 17:19:39 - [TEST_STEP][PASSED] - delay(2): Delayed 2 second(s)

2019-05-27 17:19:41 - [MESSAGE][PASSED] - Delayed 2 second(s)

2019-05-27 17:19:41 - [TEST_STEP][PASSED] - click(findTestObject("OCS-MOBILE /Age gate and burger menu/Chevron_Cannabis")): Object: 'Object Repository/OCS-MOBILE /Age gate and burger menu/Chevron_Cannabis' is clicked on

2019-05-27 17:19:42 - [MESSAGE][PASSED] - Object: 'Object Repository/OCS-MOBILE /Age gate and burger menu/Chevron_Cannabis' is clicked on

2019-05-27 17:19:42 - [TEST_STEP][PASSED] - delay(2): Delayed 2 second(s)

2019-05-27 17:19:44 - [MESSAGE][PASSED] - Delayed 2 second(s)

2019-05-27 17:19:44 - [TEST_STEP][PASSED] - click(findTestObject("OCS-MOBILE /Age gate and burger menu/Dried Flower_Plus icon")): Object: 'Object Repository/OCS-MOBILE /Age gate and burger menu/Dried Flower_Plus icon' is clicked on

2019-05-27 17:19:44 - [MESSAGE][PASSED] - Object: 'Object Repository/OCS-MOBILE /Age gate and burger menu/Dried Flower_Plus icon' is clicked on

2019-05-27 17:19:44 - [TEST_STEP][PASSED] - delay(2): Delayed 2 second(s)

2019-05-27 17:19:46 - [MESSAGE][PASSED] - Delayed 2 second(s)

2019-05-27 17:19:46 - [TEST_STEP][PASSED] - click(findTestObject("OCS-MOBILE /Age gate and burger menu/Indica Dominant_Menu item")): Object: 'Object Repository/OCS-MOBILE /Age gate and burger menu/Indica Dominant_Menu item' is clicked on

2019-05-27 17:19:51 - [MESSAGE][PASSED] - Object: 'Object Repository/OCS-MOBILE /Age gate and burger menu/Indica Dominant_Menu item' is clicked on

2019-05-27 17:19:51 - [TEST_STEP][PASSED] - delay(2): Delayed 2 second(s)

2019-05-27 17:19:53 - [MESSAGE][PASSED] - Delayed 2 second(s)

2019-05-27 17:19:53 - [TEST_STEP][PASSED] - click(findTestObject("OCS-MOBILE /Collection page/Product image - 1st one")): Object: 'Object Repository/OCS-MOBILE /Collection page/Product image - 1st one' is clicked on

2019-05-27 17:19:55 - [MESSAGE][PASSED] - Object: 'Object Repository/OCS-MOBILE /Collection page/Product image - 1st one' is clicked on

2019-05-27 17:19:55 - [TEST_STEP][PASSED] - delay(2): Delayed 2 second(s)

2019-05-27 17:19:57 - [MESSAGE][PASSED] - Delayed 2 second(s)

2019-05-27 17:19:57 - [TEST_STEP][PASSED] - executeJavaScript("var previewBar = document.getElementById("preview-bar-iframe"); previewBar.style.display = "none";", []): Execute JavaScript 'var previewBar = document.getElementById("preview-bar-iframe"); previewBar.style.display = "none";' successfully

2019-05-27 17:19:57 - [MESSAGE][PASSED] - Execute JavaScript 'var previewBar = document.getElementById("preview-bar-iframe"); previewBar.style.display = "none";' successfully

2019-05-27 17:19:57 - [MESSAGE][PASSED] - Call Test Case 'Test Cases/OCS - MOBILE/CALL - PDP' successfully

2019-05-27 17:19:57 - [TEST_STEP][PASSED] - a = getWindowTitle(): Current window's title is: 'Shishkaberry | Ontario Cannabis Store'

2019-05-27 17:19:57 - [MESSAGE][PASSED] - Current window's title is: 'Shishkaberry | Ontario Cannabis Store'

2019-05-27 17:19:57 - [TEST_STEP][PASSED] - comment("WINDOW TITLE: " + a): WINDOW TITLE: Shishkaberry | Ontario Cannabis Store

2019-05-27 17:19:57 - [MESSAGE][INFO] - WINDOW TITLE: Shishkaberry | Ontario Cannabis Store

2019-05-27 17:19:57 - [TEST_STEP][PASSED] - scrollToElement(findTestObject("OCS-MOBILE /Product page/How to choose cannabis product - Button"), 2): Scroll to object 'Object Repository/OCS-MOBILE /Product page/How to choose cannabis product - Button' successfully

2019-05-27 17:19:57 - [MESSAGE][PASSED] - Scroll to object 'Object Repository/OCS-MOBILE /Product page/How to choose cannabis product - Button' successfully

2019-05-27 17:19:57 - [TEST_STEP][PASSED] - click(findTestObject("OCS-MOBILE /Product page/Recently Viewed/1st Product - Image")): Object: 'Object Repository/OCS-MOBILE /Product page/Recently Viewed/1st Product - Image' is clicked on

2019-05-27 17:19:59 - [MESSAGE][PASSED] - Object: 'Object Repository/OCS-MOBILE /Product page/Recently Viewed/1st Product - Image' is clicked on

2019-05-27 17:19:59 - [TEST_STEP][PASSED] - delay(2): Delayed 2 second(s)

2019-05-27 17:20:01 - [MESSAGE][PASSED] - Delayed 2 second(s)

2019-05-27 17:20:01 - [TEST_STEP][PASSED] - b = getWindowTitle(): Current window's title is: 'Shishkaberry | Ontario Cannabis Store'

2019-05-27 17:20:01 - [MESSAGE][PASSED] - Current window's title is: 'Shishkaberry | Ontario Cannabis Store'

2019-05-27 17:20:01 - [TEST_STEP][PASSED] - comment("WINDOW TITLE:" + b): WINDOW TITLE:Shishkaberry | Ontario Cannabis Store

2019-05-27 17:20:01 - [MESSAGE][INFO] - WINDOW TITLE:Shishkaberry | Ontario Cannabis Store

2019-05-27 17:20:01 - [TEST_STEP][PASSED] - if (a == b): WINDOW TITLES ARE SAME

2019-05-27 17:20:01 - [TEST_STEP][PASSED] - comment("WINDOW TITLES ARE SAME"): WINDOW TITLES ARE SAME

2019-05-27 17:20:01 - [MESSAGE][INFO] - WINDOW TITLES ARE SAME]]></system-out>
         <system-err><![CDATA[]]></system-err>
      </testcase>
      <testcase name="Test Cases/OCS - MOBILE/OCS- PRODUCT PAGE/variants selector" classname="Test Cases/OCS - MOBILE/OCS- PRODUCT PAGE/variants selector" status="FAILED">
         <failure type="FAILED" message="Test Cases/OCS - MOBILE/OCS- PRODUCT PAGE/variants selector FAILED.
Reason:
com.kms.katalon.core.exception.StepFailedException: Unable to verify object 'Object Repository/OCS-MOBILE /Product page/Swatch_7g' to be clickable (Root cause: com.kms.katalon.core.exception.StepFailedException: Web element with id: 'Object Repository/OCS-MOBILE /Product page/Swatch_7g' located by 'By.xpath: /html/body/div/div[3]/section/div[1]/div[2]/div[2]/form/div/div[1]/div/ul/li[3]/label' not found)
	at com.kms.katalon.core.keyword.internal.KeywordMain.stepFailed(KeywordMain.groovy:36)
	at com.kms.katalon.core.webui.keyword.internal.WebUIKeywordMain.stepFailed(WebUIKeywordMain.groovy:65)
	at com.kms.katalon.core.webui.keyword.internal.WebUIKeywordMain.runKeyword(WebUIKeywordMain.groovy:27)
	at com.kms.katalon.core.webui.keyword.builtin.VerifyElementClickableKeyword.verifyElementClickable(VerifyElementClickableKeyword.groovy:96)
	at com.kms.katalon.core.webui.keyword.builtin.VerifyElementClickableKeyword.execute(VerifyElementClickableKeyword.groovy:67)
	at com.kms.katalon.core.keyword.internal.KeywordExecutor.executeKeywordForPlatform(KeywordExecutor.groovy:53)
	at com.kms.katalon.core.webui.keyword.WebUiBuiltInKeywords.verifyElementClickable(WebUiBuiltInKeywords.groovy:562)
	at com.kms.katalon.core.webui.keyword.WebUiBuiltInKeywords$verifyElementClickable$16.call(Unknown Source)
	at variants selector.run(variants selector:65)
	at com.kms.katalon.core.main.ScriptEngine.run(ScriptEngine.java:194)
	at com.kms.katalon.core.main.ScriptEngine.runScriptAsRawText(ScriptEngine.java:119)
	at com.kms.katalon.core.main.TestCaseExecutor.runScript(TestCaseExecutor.java:328)
	at com.kms.katalon.core.main.TestCaseExecutor.doExecute(TestCaseExecutor.java:319)
	at com.kms.katalon.core.main.TestCaseExecutor.processExecutionPhase(TestCaseExecutor.java:298)
	at com.kms.katalon.core.main.TestCaseExecutor.accessMainPhase(TestCaseExecutor.java:290)
	at com.kms.katalon.core.main.TestCaseExecutor.execute(TestCaseExecutor.java:224)
	at com.kms.katalon.core.main.TestSuiteExecutor.accessTestCaseMainPhase(TestSuiteExecutor.java:129)
	at com.kms.katalon.core.main.TestSuiteExecutor.accessTestSuiteMainPhase(TestSuiteExecutor.java:112)
	at com.kms.katalon.core.main.TestSuiteExecutor.execute(TestSuiteExecutor.java:81)
	at com.kms.katalon.core.main.TestCaseMain.startTestSuite(TestCaseMain.java:149)
	at com.kms.katalon.core.main.TestCaseMain$startTestSuite$0.call(Unknown Source)
	at TempTestSuite1558991060376.run(TempTestSuite1558991060376.groovy:36)
"/>
         <system-out><![CDATA[2019-05-27 17:20:01 - [TEST_CASE][FAILED] - Test Cases/OCS - MOBILE/OCS- PRODUCT PAGE/variants selector: Test Cases/OCS - MOBILE/OCS- PRODUCT PAGE/variants selector FAILED.
Reason:
com.kms.katalon.core.exception.StepFailedException: Unable to verify object 'Object Repository/OCS-MOBILE /Product page/Swatch_7g' to be clickable (Root cause: com.kms.katalon.core.exception.StepFailedException: Web element with id: 'Object Repository/OCS-MOBILE /Product page/Swatch_7g' located by 'By.xpath: /html/body/div/div[3]/section/div[1]/div[2]/div[2]/form/div/div[1]/div/ul/li[3]/label' not found)
	at com.kms.katalon.core.keyword.internal.KeywordMain.stepFailed(KeywordMain.groovy:36)
	at com.kms.katalon.core.webui.keyword.internal.WebUIKeywordMain.stepFailed(WebUIKeywordMain.groovy:65)
	at com.kms.katalon.core.webui.keyword.internal.WebUIKeywordMain.runKeyword(WebUIKeywordMain.groovy:27)
	at com.kms.katalon.core.webui.keyword.builtin.VerifyElementClickableKeyword.verifyElementClickable(VerifyElementClickableKeyword.groovy:96)
	at com.kms.katalon.core.webui.keyword.builtin.VerifyElementClickableKeyword.execute(VerifyElementClickableKeyword.groovy:67)
	at com.kms.katalon.core.keyword.internal.KeywordExecutor.executeKeywordForPlatform(KeywordExecutor.groovy:53)
	at com.kms.katalon.core.webui.keyword.WebUiBuiltInKeywords.verifyElementClickable(WebUiBuiltInKeywords.groovy:562)
	at com.kms.katalon.core.webui.keyword.WebUiBuiltInKeywords$verifyElementClickable$16.call(Unknown Source)
	at variants selector.run(variants selector:65)
	at com.kms.katalon.core.main.ScriptEngine.run(ScriptEngine.java:194)
	at com.kms.katalon.core.main.ScriptEngine.runScriptAsRawText(ScriptEngine.java:119)
	at com.kms.katalon.core.main.TestCaseExecutor.runScript(TestCaseExecutor.java:328)
	at com.kms.katalon.core.main.TestCaseExecutor.doExecute(TestCaseExecutor.java:319)
	at com.kms.katalon.core.main.TestCaseExecutor.processExecutionPhase(TestCaseExecutor.java:298)
	at com.kms.katalon.core.main.TestCaseExecutor.accessMainPhase(TestCaseExecutor.java:290)
	at com.kms.katalon.core.main.TestCaseExecutor.execute(TestCaseExecutor.java:224)
	at com.kms.katalon.core.main.TestSuiteExecutor.accessTestCaseMainPhase(TestSuiteExecutor.java:129)
	at com.kms.katalon.core.main.TestSuiteExecutor.accessTestSuiteMainPhase(TestSuiteExecutor.java:112)
	at com.kms.katalon.core.main.TestSuiteExecutor.execute(TestSuiteExecutor.java:81)
	at com.kms.katalon.core.main.TestCaseMain.startTestSuite(TestCaseMain.java:149)
	at com.kms.katalon.core.main.TestCaseMain$startTestSuite$0.call(Unknown Source)
	at TempTestSuite1558991060376.run(TempTestSuite1558991060376.groovy:36)


2019-05-27 17:20:01 - [TEST_STEP][PASSED] - callTestCase(findTestCase("OCS - MOBILE/CALL - PDP"), [:], STOP_ON_FAILURE): Call Test Case 'Test Cases/OCS - MOBILE/CALL - PDP' successfully

2019-05-27 17:20:01 - [TEST_CASE][PASSED] - Test Cases/OCS - MOBILE/CALL - PDP: Test Cases/OCS - MOBILE/CALL - PDP

2019-05-27 17:20:01 - [TEST_STEP][PASSED] - openBrowser(""): Browser is opened with url: ''

2019-05-27 17:20:01 - [MESSAGE][WARNING] - A browser is already opened. Closing browser and opening a new one

2019-05-27 17:20:02 - [MESSAGE][INFO] - Starting 'Firefox' driver

2019-05-27 17:20:04 - [MESSAGE][PASSED] - Browser is opened with url: ''

2019-05-27 17:20:04 - [TEST_STEP][PASSED] - navigateToUrl("https://ocs.ca/?fts=0&preview_theme_id=53376026444"): Navigate to 'https://ocs.ca/?fts=0&preview_theme_id=53376026444' successfully

2019-05-27 17:20:12 - [MESSAGE][PASSED] - Navigate to 'https://ocs.ca/?fts=0&preview_theme_id=53376026444' successfully

2019-05-27 17:20:12 - [TEST_STEP][NOT_RUN] - executeJavaScript("var previewBar = document.getElementById("preview-bar-iframe"); previewBar.style.display = "none";", []): NOT_RUN: executeJavaScript("var previewBar = document.getElementById("preview-bar-iframe"); previewBar.style.display = "none";", [])

2019-05-27 17:20:12 - [MESSAGE][NOT_RUN] - NOT_RUN: executeJavaScript("var previewBar = document.getElementById("preview-bar-iframe"); previewBar.style.display = "none";", [])

2019-05-27 17:20:12 - [TEST_STEP][PASSED] - setViewPortSize(360, 800): Viewport is set to new size with width = 360 and height = 800

2019-05-27 17:20:12 - [MESSAGE][PASSED] - Viewport is set to new size with width = 360 and height = 800

2019-05-27 17:20:12 - [TEST_STEP][PASSED] - delay(4): Delayed 4 second(s)

2019-05-27 17:20:16 - [MESSAGE][PASSED] - Delayed 4 second(s)

2019-05-27 17:20:16 - [TEST_STEP][PASSED] - selectOptionByValue(findTestObject("OCS-MOBILE /Age gate and burger menu/Date"), "12", true): All options with value '12' are selected in object 'Object Repository/OCS-MOBILE /Age gate and burger menu/Date'  using regular expression

2019-05-27 17:20:17 - [MESSAGE][PASSED] - All options with value '12' are selected in object 'Object Repository/OCS-MOBILE /Age gate and burger menu/Date'  using regular expression

2019-05-27 17:20:17 - [TEST_STEP][PASSED] - selectOptionByValue(findTestObject("OCS-MOBILE /Age gate and burger menu/month"), "6", true): All options with value '6' are selected in object 'Object Repository/OCS-MOBILE /Age gate and burger menu/month'  using regular expression

2019-05-27 17:20:18 - [MESSAGE][PASSED] - All options with value '6' are selected in object 'Object Repository/OCS-MOBILE /Age gate and burger menu/month'  using regular expression

2019-05-27 17:20:18 - [TEST_STEP][PASSED] - delay(2): Delayed 2 second(s)

2019-05-27 17:20:20 - [MESSAGE][PASSED] - Delayed 2 second(s)

2019-05-27 17:20:20 - [TEST_STEP][PASSED] - selectOptionByValue(findTestObject("OCS-MOBILE /Age gate and burger menu/Year Dropdown"), "1990", true): All options with value '1990' are selected in object 'Object Repository/OCS-MOBILE /Age gate and burger menu/Year Dropdown'  using regular expression

2019-05-27 17:20:21 - [MESSAGE][PASSED] - All options with value '1990' are selected in object 'Object Repository/OCS-MOBILE /Age gate and burger menu/Year Dropdown'  using regular expression

2019-05-27 17:20:21 - [TEST_STEP][PASSED] - click(findTestObject("OCS-MOBILE /Age gate and burger menu/button_Verify")): Object: 'Object Repository/OCS-MOBILE /Age gate and burger menu/button_Verify' is clicked on

2019-05-27 17:20:21 - [MESSAGE][PASSED] - Object: 'Object Repository/OCS-MOBILE /Age gate and burger menu/button_Verify' is clicked on

2019-05-27 17:20:21 - [TEST_STEP][PASSED] - click(findTestObject("OCS-MOBILE /Age gate and burger menu/Checkbox_CONFIRM AND ACKNOWLEDGE")): Object: 'Object Repository/OCS-MOBILE /Age gate and burger menu/Checkbox_CONFIRM AND ACKNOWLEDGE' is clicked on

2019-05-27 17:20:22 - [MESSAGE][PASSED] - Object: 'Object Repository/OCS-MOBILE /Age gate and burger menu/Checkbox_CONFIRM AND ACKNOWLEDGE' is clicked on

2019-05-27 17:20:22 - [TEST_STEP][PASSED] - click(findTestObject("OCS-MOBILE /Age gate and burger menu/button_CONFIRM")): Object: 'Object Repository/OCS-MOBILE /Age gate and burger menu/button_CONFIRM' is clicked on

2019-05-27 17:20:22 - [MESSAGE][PASSED] - Object: 'Object Repository/OCS-MOBILE /Age gate and burger menu/button_CONFIRM' is clicked on

2019-05-27 17:20:22 - [TEST_STEP][PASSED] - click(findTestObject("OCS-MOBILE /Age gate and burger menu/button_Start Browsing")): Object: 'Object Repository/OCS-MOBILE /Age gate and burger menu/button_Start Browsing' is clicked on

2019-05-27 17:20:22 - [MESSAGE][PASSED] - Object: 'Object Repository/OCS-MOBILE /Age gate and burger menu/button_Start Browsing' is clicked on

2019-05-27 17:20:22 - [TEST_STEP][PASSED] - delay(2): Delayed 2 second(s)

2019-05-27 17:20:24 - [MESSAGE][PASSED] - Delayed 2 second(s)

2019-05-27 17:20:24 - [TEST_STEP][PASSED] - click(findTestObject("OCS-MOBILE /Age gate and burger menu/Burger menu - English")): Object: 'Object Repository/OCS-MOBILE /Age gate and burger menu/Burger menu - English' is clicked on

2019-05-27 17:20:24 - [MESSAGE][PASSED] - Object: 'Object Repository/OCS-MOBILE /Age gate and burger menu/Burger menu - English' is clicked on

2019-05-27 17:20:24 - [TEST_STEP][PASSED] - delay(2): Delayed 2 second(s)

2019-05-27 17:20:26 - [MESSAGE][PASSED] - Delayed 2 second(s)

2019-05-27 17:20:26 - [TEST_STEP][PASSED] - click(findTestObject("OCS-MOBILE /Age gate and burger menu/Chevron_Cannabis")): Object: 'Object Repository/OCS-MOBILE /Age gate and burger menu/Chevron_Cannabis' is clicked on

2019-05-27 17:20:27 - [MESSAGE][PASSED] - Object: 'Object Repository/OCS-MOBILE /Age gate and burger menu/Chevron_Cannabis' is clicked on

2019-05-27 17:20:27 - [TEST_STEP][PASSED] - delay(2): Delayed 2 second(s)

2019-05-27 17:20:29 - [MESSAGE][PASSED] - Delayed 2 second(s)

2019-05-27 17:20:29 - [TEST_STEP][PASSED] - click(findTestObject("OCS-MOBILE /Age gate and burger menu/Dried Flower_Plus icon")): Object: 'Object Repository/OCS-MOBILE /Age gate and burger menu/Dried Flower_Plus icon' is clicked on

2019-05-27 17:20:29 - [MESSAGE][PASSED] - Object: 'Object Repository/OCS-MOBILE /Age gate and burger menu/Dried Flower_Plus icon' is clicked on

2019-05-27 17:20:29 - [TEST_STEP][PASSED] - delay(2): Delayed 2 second(s)

2019-05-27 17:20:31 - [MESSAGE][PASSED] - Delayed 2 second(s)

2019-05-27 17:20:31 - [TEST_STEP][PASSED] - click(findTestObject("OCS-MOBILE /Age gate and burger menu/Indica Dominant_Menu item")): Object: 'Object Repository/OCS-MOBILE /Age gate and burger menu/Indica Dominant_Menu item' is clicked on

2019-05-27 17:20:34 - [MESSAGE][PASSED] - Object: 'Object Repository/OCS-MOBILE /Age gate and burger menu/Indica Dominant_Menu item' is clicked on

2019-05-27 17:20:34 - [TEST_STEP][PASSED] - delay(2): Delayed 2 second(s)

2019-05-27 17:20:36 - [MESSAGE][PASSED] - Delayed 2 second(s)

2019-05-27 17:20:36 - [TEST_STEP][PASSED] - click(findTestObject("OCS-MOBILE /Collection page/Product image - 1st one")): Object: 'Object Repository/OCS-MOBILE /Collection page/Product image - 1st one' is clicked on

2019-05-27 17:20:40 - [MESSAGE][PASSED] - Object: 'Object Repository/OCS-MOBILE /Collection page/Product image - 1st one' is clicked on

2019-05-27 17:20:40 - [TEST_STEP][PASSED] - delay(2): Delayed 2 second(s)

2019-05-27 17:20:42 - [MESSAGE][PASSED] - Delayed 2 second(s)

2019-05-27 17:20:42 - [TEST_STEP][PASSED] - executeJavaScript("var previewBar = document.getElementById("preview-bar-iframe"); previewBar.style.display = "none";", []): Execute JavaScript 'var previewBar = document.getElementById("preview-bar-iframe"); previewBar.style.display = "none";' successfully

2019-05-27 17:20:42 - [MESSAGE][PASSED] - Execute JavaScript 'var previewBar = document.getElementById("preview-bar-iframe"); previewBar.style.display = "none";' successfully

2019-05-27 17:20:42 - [MESSAGE][PASSED] - Call Test Case 'Test Cases/OCS - MOBILE/CALL - PDP' successfully

2019-05-27 17:20:42 - [TEST_STEP][PASSED] - navigateToUrl("https://ocs.ca/products/lola-montes-edison"): Navigate to 'https://ocs.ca/products/lola-montes-edison' successfully

2019-05-27 17:20:46 - [MESSAGE][PASSED] - Navigate to 'https://ocs.ca/products/lola-montes-edison' successfully

2019-05-27 17:20:46 - [TEST_STEP][PASSED] - executeJavaScript("var previewBar = document.getElementById("preview-bar-iframe"); previewBar.style.display = "none";", []): Execute JavaScript 'var previewBar = document.getElementById("preview-bar-iframe"); previewBar.style.display = "none";' successfully

2019-05-27 17:20:46 - [MESSAGE][PASSED] - Execute JavaScript 'var previewBar = document.getElementById("preview-bar-iframe"); previewBar.style.display = "none";' successfully

2019-05-27 17:20:46 - [TEST_STEP][PASSED] - delay(2): Delayed 2 second(s)

2019-05-27 17:20:48 - [MESSAGE][PASSED] - Delayed 2 second(s)

2019-05-27 17:20:48 - [TEST_STEP][PASSED] - scrollToElement(findTestObject("OCS-MOBILE /Product page/Product image"), 1): Scroll to object 'Object Repository/OCS-MOBILE /Product page/Product image' successfully

2019-05-27 17:20:48 - [MESSAGE][PASSED] - Scroll to object 'Object Repository/OCS-MOBILE /Product page/Product image' successfully

2019-05-27 17:20:48 - [TEST_STEP][PASSED] - delay(2): Delayed 2 second(s)

2019-05-27 17:20:50 - [MESSAGE][PASSED] - Delayed 2 second(s)

2019-05-27 17:20:50 - [TEST_STEP][PASSED] - flag1 = verifyElementClickable(findTestObject("OCS-MOBILE /Product page/Swatch_1g")): Object 'Object Repository/OCS-MOBILE /Product page/Swatch_1g' is clickable

2019-05-27 17:20:50 - [MESSAGE][PASSED] - Object 'Object Repository/OCS-MOBILE /Product page/Swatch_1g' is clickable

2019-05-27 17:20:50 - [TEST_STEP][PASSED] - comment("flag1=" + flag1): flag1=true

2019-05-27 17:20:50 - [MESSAGE][INFO] - flag1=true

2019-05-27 17:20:50 - [TEST_STEP][PASSED] - if (flag1 == true): Delayed 1 second(s)

2019-05-27 17:20:50 - [TEST_STEP][PASSED] - delay(2): Delayed 2 second(s)

2019-05-27 17:20:52 - [MESSAGE][PASSED] - Delayed 2 second(s)

2019-05-27 17:20:52 - [TEST_STEP][PASSED] - click(findTestObject("OCS-MOBILE /Product page/Swatch_1g"), CONTINUE_ON_FAILURE): Object: 'Object Repository/OCS-MOBILE /Product page/Swatch_1g' is clicked on

2019-05-27 17:20:52 - [MESSAGE][PASSED] - Object: 'Object Repository/OCS-MOBILE /Product page/Swatch_1g' is clicked on

2019-05-27 17:20:52 - [TEST_STEP][PASSED] - delay(3): Delayed 3 second(s)

2019-05-27 17:20:55 - [MESSAGE][PASSED] - Delayed 3 second(s)

2019-05-27 17:20:55 - [TEST_STEP][PASSED] - delay(1): Delayed 1 second(s)

2019-05-27 17:20:56 - [MESSAGE][PASSED] - Delayed 1 second(s)

2019-05-27 17:20:56 - [TEST_STEP][PASSED] - takeScreenshot(): Taking screenshot successfully

2019-05-27 17:20:56 - [MESSAGE][PASSED] - Taking screenshot successfully
[[ATTACHMENT|/Users/sumankompelly/Katalon Studio/OCS ( QA- 1.9.1 ) /Reports/QA ( 1.9.1)/HP, PROD , AG,COLL/20190527_170420/1558992056643.png]]

2019-05-27 17:20:56 - [TEST_STEP][PASSED] - delay(1): Delayed 1 second(s)

2019-05-27 17:20:57 - [MESSAGE][PASSED] - Delayed 1 second(s)

2019-05-27 17:20:57 - [TEST_STEP][PASSED] - flag2 = verifyElementClickable(findTestObject("OCS-MOBILE /Product page/Swatch_3.5g")): Object 'Object Repository/OCS-MOBILE /Product page/Swatch_3.5g' is clickable

2019-05-27 17:20:57 - [MESSAGE][PASSED] - Object 'Object Repository/OCS-MOBILE /Product page/Swatch_3.5g' is clickable

2019-05-27 17:20:57 - [TEST_STEP][PASSED] - comment("flag2=" + flag2): flag2=true

2019-05-27 17:20:57 - [MESSAGE][INFO] - flag2=true

2019-05-27 17:20:57 - [TEST_STEP][PASSED] - if (flag2 == true): Delayed 1 second(s)

2019-05-27 17:20:57 - [TEST_STEP][PASSED] - click(findTestObject("OCS-MOBILE /Product page/Swatch_3.5g"), CONTINUE_ON_FAILURE): Object: 'Object Repository/OCS-MOBILE /Product page/Swatch_3.5g' is clicked on

2019-05-27 17:20:57 - [MESSAGE][PASSED] - Object: 'Object Repository/OCS-MOBILE /Product page/Swatch_3.5g' is clicked on

2019-05-27 17:20:57 - [TEST_STEP][PASSED] - delay(1): Delayed 1 second(s)

2019-05-27 17:20:58 - [MESSAGE][PASSED] - Delayed 1 second(s)

2019-05-27 17:20:58 - [TEST_STEP][PASSED] - takeScreenshot(): Taking screenshot successfully

2019-05-27 17:20:59 - [MESSAGE][PASSED] - Taking screenshot successfully
[[ATTACHMENT|/Users/sumankompelly/Katalon Studio/OCS ( QA- 1.9.1 ) /Reports/QA ( 1.9.1)/HP, PROD , AG,COLL/20190527_170420/1558992058981.png]]

2019-05-27 17:20:59 - [TEST_STEP][PASSED] - delay(1): Delayed 1 second(s)

2019-05-27 17:21:00 - [MESSAGE][PASSED] - Delayed 1 second(s)

2019-05-27 17:21:00 - [TEST_STEP][FAILED] - flag3 = verifyElementClickable(findTestObject("OCS-MOBILE /Product page/Swatch_7g")): flag3 = verifyElementClickable(findTestObject("OCS-MOBILE /Product page/Swatch_7g")) FAILED.
Reason:
com.kms.katalon.core.exception.StepFailedException: Unable to verify object 'Object Repository/OCS-MOBILE /Product page/Swatch_7g' to be clickable (Root cause: com.kms.katalon.core.exception.StepFailedException: Web element with id: 'Object Repository/OCS-MOBILE /Product page/Swatch_7g' located by 'By.xpath: /html/body/div/div[3]/section/div[1]/div[2]/div[2]/form/div/div[1]/div/ul/li[3]/label' not found)
	at com.kms.katalon.core.keyword.internal.KeywordMain.stepFailed(KeywordMain.groovy:36)
	at com.kms.katalon.core.webui.keyword.internal.WebUIKeywordMain.stepFailed(WebUIKeywordMain.groovy:65)
	at com.kms.katalon.core.webui.keyword.internal.WebUIKeywordMain.runKeyword(WebUIKeywordMain.groovy:27)
	at com.kms.katalon.core.webui.keyword.builtin.VerifyElementClickableKeyword.verifyElementClickable(VerifyElementClickableKeyword.groovy:96)
	at com.kms.katalon.core.webui.keyword.builtin.VerifyElementClickableKeyword.execute(VerifyElementClickableKeyword.groovy:67)
	at com.kms.katalon.core.keyword.internal.KeywordExecutor.executeKeywordForPlatform(KeywordExecutor.groovy:53)
	at com.kms.katalon.core.webui.keyword.WebUiBuiltInKeywords.verifyElementClickable(WebUiBuiltInKeywords.groovy:562)
	at com.kms.katalon.core.webui.keyword.WebUiBuiltInKeywords$verifyElementClickable$16.call(Unknown Source)
	at variants selector.run(variants selector:65)
	at com.kms.katalon.core.main.ScriptEngine.run(ScriptEngine.java:194)
	at com.kms.katalon.core.main.ScriptEngine.runScriptAsRawText(ScriptEngine.java:119)
	at com.kms.katalon.core.main.TestCaseExecutor.runScript(TestCaseExecutor.java:328)
	at com.kms.katalon.core.main.TestCaseExecutor.doExecute(TestCaseExecutor.java:319)
	at com.kms.katalon.core.main.TestCaseExecutor.processExecutionPhase(TestCaseExecutor.java:298)
	at com.kms.katalon.core.main.TestCaseExecutor.accessMainPhase(TestCaseExecutor.java:290)
	at com.kms.katalon.core.main.TestCaseExecutor.execute(TestCaseExecutor.java:224)
	at com.kms.katalon.core.main.TestSuiteExecutor.accessTestCaseMainPhase(TestSuiteExecutor.java:129)
	at com.kms.katalon.core.main.TestSuiteExecutor.accessTestSuiteMainPhase(TestSuiteExecutor.java:112)
	at com.kms.katalon.core.main.TestSuiteExecutor.execute(TestSuiteExecutor.java:81)
	at com.kms.katalon.core.main.TestCaseMain.startTestSuite(TestCaseMain.java:149)
	at com.kms.katalon.core.main.TestCaseMain$startTestSuite$0.call(Unknown Source)
	at TempTestSuite1558991060376.run(TempTestSuite1558991060376.groovy:36)


2019-05-27 17:21:30 - [MESSAGE][INFO] - Unable to find the element located by 'By.xpath: /html/body/div/div[3]/section/div[1]/div[2]/div[2]/form/div/div[1]/div/ul/li[3]/label'. Please recheck the objects properties to make sure the desired element is located. 

2019-05-27 17:21:30 - [MESSAGE][FAILED] - Web element with id: 'Object Repository/OCS-MOBILE /Product page/Swatch_7g' located by 'By.xpath: /html/body/div/div[3]/section/div[1]/div[2]/div[2]/form/div/div[1]/div/ul/li[3]/label' not found
[[ATTACHMENT|/Users/sumankompelly/Katalon Studio/OCS ( QA- 1.9.1 ) /Reports/QA ( 1.9.1)/HP, PROD , AG,COLL/20190527_170420/1558992090589.png]]

2019-05-27 17:21:30 - [MESSAGE][FAILED] - Unable to verify object 'Object Repository/OCS-MOBILE /Product page/Swatch_7g' to be clickable (Root cause: com.kms.katalon.core.exception.StepFailedException: Web element with id: 'Object Repository/OCS-MOBILE /Product page/Swatch_7g' located by 'By.xpath: /html/body/div/div[3]/section/div[1]/div[2]/div[2]/form/div/div[1]/div/ul/li[3]/label' not found)
[[ATTACHMENT|/Users/sumankompelly/Katalon Studio/OCS ( QA- 1.9.1 ) /Reports/QA ( 1.9.1)/HP, PROD , AG,COLL/20190527_170420/1558992090638.png]]

2019-05-27 17:21:30 - [MESSAGE][FAILED] - flag3 = verifyElementClickable(findTestObject("OCS-MOBILE /Product page/Swatch_7g")) FAILED.
Reason:
com.kms.katalon.core.exception.StepFailedException: Unable to verify object 'Object Repository/OCS-MOBILE /Product page/Swatch_7g' to be clickable (Root cause: com.kms.katalon.core.exception.StepFailedException: Web element with id: 'Object Repository/OCS-MOBILE /Product page/Swatch_7g' located by 'By.xpath: /html/body/div/div[3]/section/div[1]/div[2]/div[2]/form/div/div[1]/div/ul/li[3]/label' not found)
	at com.kms.katalon.core.keyword.internal.KeywordMain.stepFailed(KeywordMain.groovy:36)
	at com.kms.katalon.core.webui.keyword.internal.WebUIKeywordMain.stepFailed(WebUIKeywordMain.groovy:65)
	at com.kms.katalon.core.webui.keyword.internal.WebUIKeywordMain.runKeyword(WebUIKeywordMain.groovy:27)
	at com.kms.katalon.core.webui.keyword.builtin.VerifyElementClickableKeyword.verifyElementClickable(VerifyElementClickableKeyword.groovy:96)
	at com.kms.katalon.core.webui.keyword.builtin.VerifyElementClickableKeyword.execute(VerifyElementClickableKeyword.groovy:67)
	at com.kms.katalon.core.keyword.internal.KeywordExecutor.executeKeywordForPlatform(KeywordExecutor.groovy:53)
	at com.kms.katalon.core.webui.keyword.WebUiBuiltInKeywords.verifyElementClickable(WebUiBuiltInKeywords.groovy:562)
	at com.kms.katalon.core.webui.keyword.WebUiBuiltInKeywords$verifyElementClickable$16.call(Unknown Source)
	at variants selector.run(variants selector:65)
	at com.kms.katalon.core.main.ScriptEngine.run(ScriptEngine.java:194)
	at com.kms.katalon.core.main.ScriptEngine.runScriptAsRawText(ScriptEngine.java:119)
	at com.kms.katalon.core.main.TestCaseExecutor.runScript(TestCaseExecutor.java:328)
	at com.kms.katalon.core.main.TestCaseExecutor.doExecute(TestCaseExecutor.java:319)
	at com.kms.katalon.core.main.TestCaseExecutor.processExecutionPhase(TestCaseExecutor.java:298)
	at com.kms.katalon.core.main.TestCaseExecutor.accessMainPhase(TestCaseExecutor.java:290)
	at com.kms.katalon.core.main.TestCaseExecutor.execute(TestCaseExecutor.java:224)
	at com.kms.katalon.core.main.TestSuiteExecutor.accessTestCaseMainPhase(TestSuiteExecutor.java:129)
	at com.kms.katalon.core.main.TestSuiteExecutor.accessTestSuiteMainPhase(TestSuiteExecutor.java:112)
	at com.kms.katalon.core.main.TestSuiteExecutor.execute(TestSuiteExecutor.java:81)
	at com.kms.katalon.core.main.TestCaseMain.startTestSuite(TestCaseMain.java:149)
	at com.kms.katalon.core.main.TestCaseMain$startTestSuite$0.call(Unknown Source)
	at TempTestSuite1558991060376.run(TempTestSuite1558991060376.groovy:36)]]></system-out>
         <system-err><![CDATA[2019-05-27 17:20:01 - [TEST_CASE][FAILED] - Test Cases/OCS - MOBILE/OCS- PRODUCT PAGE/variants selector: Test Cases/OCS - MOBILE/OCS- PRODUCT PAGE/variants selector FAILED.
Reason:
com.kms.katalon.core.exception.StepFailedException: Unable to verify object 'Object Repository/OCS-MOBILE /Product page/Swatch_7g' to be clickable (Root cause: com.kms.katalon.core.exception.StepFailedException: Web element with id: 'Object Repository/OCS-MOBILE /Product page/Swatch_7g' located by 'By.xpath: /html/body/div/div[3]/section/div[1]/div[2]/div[2]/form/div/div[1]/div/ul/li[3]/label' not found)
	at com.kms.katalon.core.keyword.internal.KeywordMain.stepFailed(KeywordMain.groovy:36)
	at com.kms.katalon.core.webui.keyword.internal.WebUIKeywordMain.stepFailed(WebUIKeywordMain.groovy:65)
	at com.kms.katalon.core.webui.keyword.internal.WebUIKeywordMain.runKeyword(WebUIKeywordMain.groovy:27)
	at com.kms.katalon.core.webui.keyword.builtin.VerifyElementClickableKeyword.verifyElementClickable(VerifyElementClickableKeyword.groovy:96)
	at com.kms.katalon.core.webui.keyword.builtin.VerifyElementClickableKeyword.execute(VerifyElementClickableKeyword.groovy:67)
	at com.kms.katalon.core.keyword.internal.KeywordExecutor.executeKeywordForPlatform(KeywordExecutor.groovy:53)
	at com.kms.katalon.core.webui.keyword.WebUiBuiltInKeywords.verifyElementClickable(WebUiBuiltInKeywords.groovy:562)
	at com.kms.katalon.core.webui.keyword.WebUiBuiltInKeywords$verifyElementClickable$16.call(Unknown Source)
	at variants selector.run(variants selector:65)
	at com.kms.katalon.core.main.ScriptEngine.run(ScriptEngine.java:194)
	at com.kms.katalon.core.main.ScriptEngine.runScriptAsRawText(ScriptEngine.java:119)
	at com.kms.katalon.core.main.TestCaseExecutor.runScript(TestCaseExecutor.java:328)
	at com.kms.katalon.core.main.TestCaseExecutor.doExecute(TestCaseExecutor.java:319)
	at com.kms.katalon.core.main.TestCaseExecutor.processExecutionPhase(TestCaseExecutor.java:298)
	at com.kms.katalon.core.main.TestCaseExecutor.accessMainPhase(TestCaseExecutor.java:290)
	at com.kms.katalon.core.main.TestCaseExecutor.execute(TestCaseExecutor.java:224)
	at com.kms.katalon.core.main.TestSuiteExecutor.accessTestCaseMainPhase(TestSuiteExecutor.java:129)
	at com.kms.katalon.core.main.TestSuiteExecutor.accessTestSuiteMainPhase(TestSuiteExecutor.java:112)
	at com.kms.katalon.core.main.TestSuiteExecutor.execute(TestSuiteExecutor.java:81)
	at com.kms.katalon.core.main.TestCaseMain.startTestSuite(TestCaseMain.java:149)
	at com.kms.katalon.core.main.TestCaseMain$startTestSuite$0.call(Unknown Source)
	at TempTestSuite1558991060376.run(TempTestSuite1558991060376.groovy:36)]]></system-err>
      </testcase>
      <testcase name="Test Cases/OCS - MOBILE/OCS- PRODUCT PAGE/How to choose cannbis products" classname="Test Cases/OCS - MOBILE/OCS- PRODUCT PAGE/How to choose cannbis products" status="PASSED">
         <system-out><![CDATA[2019-05-27 17:21:30 - [TEST_CASE][PASSED] - Test Cases/OCS - MOBILE/OCS- PRODUCT PAGE/How to choose cannbis products: Test Cases/OCS - MOBILE/OCS- PRODUCT PAGE/How to choose cannbis products

2019-05-27 17:21:30 - [TEST_STEP][PASSED] - callTestCase(findTestCase("OCS - MOBILE/CALL - PDP"), [:], STOP_ON_FAILURE): Call Test Case 'Test Cases/OCS - MOBILE/CALL - PDP' successfully

2019-05-27 17:21:30 - [TEST_CASE][PASSED] - Test Cases/OCS - MOBILE/CALL - PDP: Test Cases/OCS - MOBILE/CALL - PDP

2019-05-27 17:21:30 - [TEST_STEP][PASSED] - openBrowser(""): Browser is opened with url: ''

2019-05-27 17:21:30 - [MESSAGE][WARNING] - A browser is already opened. Closing browser and opening a new one

2019-05-27 17:21:31 - [MESSAGE][INFO] - Starting 'Firefox' driver

2019-05-27 17:21:33 - [MESSAGE][PASSED] - Browser is opened with url: ''

2019-05-27 17:21:33 - [TEST_STEP][PASSED] - navigateToUrl("https://ocs.ca/?fts=0&preview_theme_id=53376026444"): Navigate to 'https://ocs.ca/?fts=0&preview_theme_id=53376026444' successfully

2019-05-27 17:21:40 - [MESSAGE][PASSED] - Navigate to 'https://ocs.ca/?fts=0&preview_theme_id=53376026444' successfully

2019-05-27 17:21:40 - [TEST_STEP][NOT_RUN] - executeJavaScript("var previewBar = document.getElementById("preview-bar-iframe"); previewBar.style.display = "none";", []): NOT_RUN: executeJavaScript("var previewBar = document.getElementById("preview-bar-iframe"); previewBar.style.display = "none";", [])

2019-05-27 17:21:40 - [MESSAGE][NOT_RUN] - NOT_RUN: executeJavaScript("var previewBar = document.getElementById("preview-bar-iframe"); previewBar.style.display = "none";", [])

2019-05-27 17:21:40 - [TEST_STEP][PASSED] - setViewPortSize(360, 800): Viewport is set to new size with width = 360 and height = 800

2019-05-27 17:21:40 - [MESSAGE][PASSED] - Viewport is set to new size with width = 360 and height = 800

2019-05-27 17:21:40 - [TEST_STEP][PASSED] - delay(4): Delayed 4 second(s)

2019-05-27 17:21:44 - [MESSAGE][PASSED] - Delayed 4 second(s)

2019-05-27 17:21:44 - [TEST_STEP][PASSED] - selectOptionByValue(findTestObject("OCS-MOBILE /Age gate and burger menu/Date"), "12", true): All options with value '12' are selected in object 'Object Repository/OCS-MOBILE /Age gate and burger menu/Date'  using regular expression

2019-05-27 17:21:44 - [MESSAGE][PASSED] - All options with value '12' are selected in object 'Object Repository/OCS-MOBILE /Age gate and burger menu/Date'  using regular expression

2019-05-27 17:21:44 - [TEST_STEP][PASSED] - selectOptionByValue(findTestObject("OCS-MOBILE /Age gate and burger menu/month"), "6", true): All options with value '6' are selected in object 'Object Repository/OCS-MOBILE /Age gate and burger menu/month'  using regular expression

2019-05-27 17:21:45 - [MESSAGE][PASSED] - All options with value '6' are selected in object 'Object Repository/OCS-MOBILE /Age gate and burger menu/month'  using regular expression

2019-05-27 17:21:45 - [TEST_STEP][PASSED] - delay(2): Delayed 2 second(s)

2019-05-27 17:21:47 - [MESSAGE][PASSED] - Delayed 2 second(s)

2019-05-27 17:21:47 - [TEST_STEP][PASSED] - selectOptionByValue(findTestObject("OCS-MOBILE /Age gate and burger menu/Year Dropdown"), "1990", true): All options with value '1990' are selected in object 'Object Repository/OCS-MOBILE /Age gate and burger menu/Year Dropdown'  using regular expression

2019-05-27 17:21:48 - [MESSAGE][PASSED] - All options with value '1990' are selected in object 'Object Repository/OCS-MOBILE /Age gate and burger menu/Year Dropdown'  using regular expression

2019-05-27 17:21:48 - [TEST_STEP][PASSED] - click(findTestObject("OCS-MOBILE /Age gate and burger menu/button_Verify")): Object: 'Object Repository/OCS-MOBILE /Age gate and burger menu/button_Verify' is clicked on

2019-05-27 17:21:49 - [MESSAGE][PASSED] - Object: 'Object Repository/OCS-MOBILE /Age gate and burger menu/button_Verify' is clicked on

2019-05-27 17:21:49 - [TEST_STEP][PASSED] - click(findTestObject("OCS-MOBILE /Age gate and burger menu/Checkbox_CONFIRM AND ACKNOWLEDGE")): Object: 'Object Repository/OCS-MOBILE /Age gate and burger menu/Checkbox_CONFIRM AND ACKNOWLEDGE' is clicked on

2019-05-27 17:21:49 - [MESSAGE][PASSED] - Object: 'Object Repository/OCS-MOBILE /Age gate and burger menu/Checkbox_CONFIRM AND ACKNOWLEDGE' is clicked on

2019-05-27 17:21:49 - [TEST_STEP][PASSED] - click(findTestObject("OCS-MOBILE /Age gate and burger menu/button_CONFIRM")): Object: 'Object Repository/OCS-MOBILE /Age gate and burger menu/button_CONFIRM' is clicked on

2019-05-27 17:21:49 - [MESSAGE][PASSED] - Object: 'Object Repository/OCS-MOBILE /Age gate and burger menu/button_CONFIRM' is clicked on

2019-05-27 17:21:49 - [TEST_STEP][PASSED] - click(findTestObject("OCS-MOBILE /Age gate and burger menu/button_Start Browsing")): Object: 'Object Repository/OCS-MOBILE /Age gate and burger menu/button_Start Browsing' is clicked on

2019-05-27 17:21:50 - [MESSAGE][PASSED] - Object: 'Object Repository/OCS-MOBILE /Age gate and burger menu/button_Start Browsing' is clicked on

2019-05-27 17:21:50 - [TEST_STEP][PASSED] - delay(2): Delayed 2 second(s)

2019-05-27 17:21:52 - [MESSAGE][PASSED] - Delayed 2 second(s)

2019-05-27 17:21:52 - [TEST_STEP][PASSED] - click(findTestObject("OCS-MOBILE /Age gate and burger menu/Burger menu - English")): Object: 'Object Repository/OCS-MOBILE /Age gate and burger menu/Burger menu - English' is clicked on

2019-05-27 17:21:52 - [MESSAGE][PASSED] - Object: 'Object Repository/OCS-MOBILE /Age gate and burger menu/Burger menu - English' is clicked on

2019-05-27 17:21:52 - [TEST_STEP][PASSED] - delay(2): Delayed 2 second(s)

2019-05-27 17:21:54 - [MESSAGE][PASSED] - Delayed 2 second(s)

2019-05-27 17:21:54 - [TEST_STEP][PASSED] - click(findTestObject("OCS-MOBILE /Age gate and burger menu/Chevron_Cannabis")): Object: 'Object Repository/OCS-MOBILE /Age gate and burger menu/Chevron_Cannabis' is clicked on

2019-05-27 17:21:54 - [MESSAGE][PASSED] - Object: 'Object Repository/OCS-MOBILE /Age gate and burger menu/Chevron_Cannabis' is clicked on

2019-05-27 17:21:54 - [TEST_STEP][PASSED] - delay(2): Delayed 2 second(s)

2019-05-27 17:21:56 - [MESSAGE][PASSED] - Delayed 2 second(s)

2019-05-27 17:21:56 - [TEST_STEP][PASSED] - click(findTestObject("OCS-MOBILE /Age gate and burger menu/Dried Flower_Plus icon")): Object: 'Object Repository/OCS-MOBILE /Age gate and burger menu/Dried Flower_Plus icon' is clicked on

2019-05-27 17:21:56 - [MESSAGE][PASSED] - Object: 'Object Repository/OCS-MOBILE /Age gate and burger menu/Dried Flower_Plus icon' is clicked on

2019-05-27 17:21:56 - [TEST_STEP][PASSED] - delay(2): Delayed 2 second(s)

2019-05-27 17:21:58 - [MESSAGE][PASSED] - Delayed 2 second(s)

2019-05-27 17:21:58 - [TEST_STEP][PASSED] - click(findTestObject("OCS-MOBILE /Age gate and burger menu/Indica Dominant_Menu item")): Object: 'Object Repository/OCS-MOBILE /Age gate and burger menu/Indica Dominant_Menu item' is clicked on

2019-05-27 17:22:01 - [MESSAGE][PASSED] - Object: 'Object Repository/OCS-MOBILE /Age gate and burger menu/Indica Dominant_Menu item' is clicked on

2019-05-27 17:22:01 - [TEST_STEP][PASSED] - delay(2): Delayed 2 second(s)

2019-05-27 17:22:03 - [MESSAGE][PASSED] - Delayed 2 second(s)

2019-05-27 17:22:03 - [TEST_STEP][PASSED] - click(findTestObject("OCS-MOBILE /Collection page/Product image - 1st one")): Object: 'Object Repository/OCS-MOBILE /Collection page/Product image - 1st one' is clicked on

2019-05-27 17:22:05 - [MESSAGE][PASSED] - Object: 'Object Repository/OCS-MOBILE /Collection page/Product image - 1st one' is clicked on

2019-05-27 17:22:05 - [TEST_STEP][PASSED] - delay(2): Delayed 2 second(s)

2019-05-27 17:22:07 - [MESSAGE][PASSED] - Delayed 2 second(s)

2019-05-27 17:22:07 - [TEST_STEP][PASSED] - executeJavaScript("var previewBar = document.getElementById("preview-bar-iframe"); previewBar.style.display = "none";", []): Execute JavaScript 'var previewBar = document.getElementById("preview-bar-iframe"); previewBar.style.display = "none";' successfully

2019-05-27 17:22:07 - [MESSAGE][PASSED] - Execute JavaScript 'var previewBar = document.getElementById("preview-bar-iframe"); previewBar.style.display = "none";' successfully

2019-05-27 17:22:07 - [MESSAGE][PASSED] - Call Test Case 'Test Cases/OCS - MOBILE/CALL - PDP' successfully

2019-05-27 17:22:07 - [TEST_STEP][PASSED] - scrollToElement(findTestObject("OCS-MOBILE /Product page/How to choose cannabis product - Section"), 2): Scroll to object 'Object Repository/OCS-MOBILE /Product page/How to choose cannabis product - Section' successfully

2019-05-27 17:22:07 - [MESSAGE][PASSED] - Scroll to object 'Object Repository/OCS-MOBILE /Product page/How to choose cannabis product - Section' successfully

2019-05-27 17:22:07 - [TEST_STEP][PASSED] - click(findTestObject("OCS-MOBILE /Product page/How to choose cannabis product - Button")): Object: 'Object Repository/OCS-MOBILE /Product page/How to choose cannabis product - Button' is clicked on

2019-05-27 17:22:11 - [MESSAGE][PASSED] - Object: 'Object Repository/OCS-MOBILE /Product page/How to choose cannabis product - Button' is clicked on

2019-05-27 17:22:11 - [TEST_STEP][PASSED] - a = getWindowTitle(): Current window's title is: 'Factors in Choosing Cannabis Products | Ontario Cannabis Store'

2019-05-27 17:22:11 - [MESSAGE][PASSED] - Current window's title is: 'Factors in Choosing Cannabis Products | Ontario Cannabis Store'

2019-05-27 17:22:11 - [TEST_STEP][PASSED] - b = "Factors in Choosing Cannabis Products | Ontario Cannabis Store": null

2019-05-27 17:22:11 - [TEST_STEP][PASSED] - comment("WINDOW TITLE IS: " + a): WINDOW TITLE IS: Factors in Choosing Cannabis Products | Ontario Cannabis Store

2019-05-27 17:22:11 - [MESSAGE][INFO] - WINDOW TITLE IS: Factors in Choosing Cannabis Products | Ontario Cannabis Store

2019-05-27 17:22:11 - [TEST_STEP][PASSED] - if (a == b): TITLE IS SAME

2019-05-27 17:22:11 - [TEST_STEP][PASSED] - comment("TITLE IS SAME"): TITLE IS SAME

2019-05-27 17:22:11 - [MESSAGE][INFO] - TITLE IS SAME

2019-05-27 17:22:11 - [TEST_STEP][PASSED] - back(): Navigate back successfully

2019-05-27 17:22:13 - [MESSAGE][PASSED] - Navigate back successfully]]></system-out>
         <system-err><![CDATA[]]></system-err>
      </testcase>
      <testcase name="Test Cases/OCS - MOBILE/OCS- HOME PAGE/HP-Burger menu-Accessories" classname="Test Cases/OCS - MOBILE/OCS- HOME PAGE/HP-Burger menu-Accessories" status="PASSED">
         <system-out><![CDATA[2019-05-27 17:22:13 - [TEST_CASE][PASSED] - Test Cases/OCS - MOBILE/OCS- HOME PAGE/HP-Burger menu-Accessories: Test Cases/OCS - MOBILE/OCS- HOME PAGE/HP-Burger menu-Accessories

2019-05-27 17:22:14 - [TEST_STEP][PASSED] - callTestCase(findTestCase("OCS - MOBILE/CALL - AGE GATE"), [:], STOP_ON_FAILURE): Call Test Case 'Test Cases/OCS - MOBILE/CALL - AGE GATE' successfully

2019-05-27 17:22:14 - [TEST_CASE][PASSED] - Test Cases/OCS - MOBILE/CALL - AGE GATE: Test Cases/OCS - MOBILE/CALL - AGE GATE

2019-05-27 17:22:14 - [TEST_STEP][PASSED] - openBrowser(""): Browser is opened with url: ''

2019-05-27 17:22:14 - [MESSAGE][WARNING] - A browser is already opened. Closing browser and opening a new one

2019-05-27 17:22:14 - [MESSAGE][INFO] - Starting 'Firefox' driver

2019-05-27 17:22:16 - [MESSAGE][PASSED] - Browser is opened with url: ''

2019-05-27 17:22:16 - [TEST_STEP][PASSED] - navigateToUrl("https://ocs.ca/?fts=0&preview_theme_id=53376026444"): Navigate to 'https://ocs.ca/?fts=0&preview_theme_id=53376026444' successfully

2019-05-27 17:22:27 - [MESSAGE][PASSED] - Navigate to 'https://ocs.ca/?fts=0&preview_theme_id=53376026444' successfully

2019-05-27 17:22:27 - [TEST_STEP][NOT_RUN] - executeJavaScript("var previewBar = document.getElementById("preview-bar-iframe"); previewBar.style.display = "none";", []): NOT_RUN: executeJavaScript("var previewBar = document.getElementById("preview-bar-iframe"); previewBar.style.display = "none";", [])

2019-05-27 17:22:27 - [MESSAGE][NOT_RUN] - NOT_RUN: executeJavaScript("var previewBar = document.getElementById("preview-bar-iframe"); previewBar.style.display = "none";", [])

2019-05-27 17:22:27 - [TEST_STEP][PASSED] - setViewPortSize(360, 800): Viewport is set to new size with width = 360 and height = 800

2019-05-27 17:22:27 - [MESSAGE][PASSED] - Viewport is set to new size with width = 360 and height = 800

2019-05-27 17:22:27 - [TEST_STEP][PASSED] - delay(4): Delayed 4 second(s)

2019-05-27 17:22:31 - [MESSAGE][PASSED] - Delayed 4 second(s)

2019-05-27 17:22:31 - [TEST_STEP][PASSED] - selectOptionByValue(findTestObject("OCS-MOBILE /Age gate and burger menu/Date"), "12", true): All options with value '12' are selected in object 'Object Repository/OCS-MOBILE /Age gate and burger menu/Date'  using regular expression

2019-05-27 17:22:31 - [MESSAGE][PASSED] - All options with value '12' are selected in object 'Object Repository/OCS-MOBILE /Age gate and burger menu/Date'  using regular expression

2019-05-27 17:22:31 - [TEST_STEP][PASSED] - selectOptionByValue(findTestObject("OCS-MOBILE /Age gate and burger menu/month"), "6", true): All options with value '6' are selected in object 'Object Repository/OCS-MOBILE /Age gate and burger menu/month'  using regular expression

2019-05-27 17:22:32 - [MESSAGE][PASSED] - All options with value '6' are selected in object 'Object Repository/OCS-MOBILE /Age gate and burger menu/month'  using regular expression

2019-05-27 17:22:32 - [TEST_STEP][PASSED] - delay(2): Delayed 2 second(s)

2019-05-27 17:22:34 - [MESSAGE][PASSED] - Delayed 2 second(s)

2019-05-27 17:22:34 - [TEST_STEP][PASSED] - selectOptionByValue(findTestObject("OCS-MOBILE /Age gate and burger menu/Year Dropdown"), "1990", true): All options with value '1990' are selected in object 'Object Repository/OCS-MOBILE /Age gate and burger menu/Year Dropdown'  using regular expression

2019-05-27 17:22:35 - [MESSAGE][PASSED] - All options with value '1990' are selected in object 'Object Repository/OCS-MOBILE /Age gate and burger menu/Year Dropdown'  using regular expression

2019-05-27 17:22:35 - [TEST_STEP][PASSED] - click(findTestObject("OCS-MOBILE /Age gate and burger menu/button_Verify")): Object: 'Object Repository/OCS-MOBILE /Age gate and burger menu/button_Verify' is clicked on

2019-05-27 17:22:36 - [MESSAGE][PASSED] - Object: 'Object Repository/OCS-MOBILE /Age gate and burger menu/button_Verify' is clicked on

2019-05-27 17:22:36 - [TEST_STEP][PASSED] - click(findTestObject("OCS-MOBILE /Age gate and burger menu/Checkbox_CONFIRM AND ACKNOWLEDGE")): Object: 'Object Repository/OCS-MOBILE /Age gate and burger menu/Checkbox_CONFIRM AND ACKNOWLEDGE' is clicked on

2019-05-27 17:22:36 - [MESSAGE][PASSED] - Object: 'Object Repository/OCS-MOBILE /Age gate and burger menu/Checkbox_CONFIRM AND ACKNOWLEDGE' is clicked on

2019-05-27 17:22:36 - [TEST_STEP][PASSED] - click(findTestObject("OCS-MOBILE /Age gate and burger menu/button_CONFIRM")): Object: 'Object Repository/OCS-MOBILE /Age gate and burger menu/button_CONFIRM' is clicked on

2019-05-27 17:22:36 - [MESSAGE][PASSED] - Object: 'Object Repository/OCS-MOBILE /Age gate and burger menu/button_CONFIRM' is clicked on

2019-05-27 17:22:36 - [TEST_STEP][PASSED] - click(findTestObject("OCS-MOBILE /Age gate and burger menu/button_Start Browsing")): Object: 'Object Repository/OCS-MOBILE /Age gate and burger menu/button_Start Browsing' is clicked on

2019-05-27 17:22:36 - [MESSAGE][PASSED] - Object: 'Object Repository/OCS-MOBILE /Age gate and burger menu/button_Start Browsing' is clicked on

2019-05-27 17:22:36 - [MESSAGE][PASSED] - Call Test Case 'Test Cases/OCS - MOBILE/CALL - AGE GATE' successfully

2019-05-27 17:22:36 - [TEST_STEP][PASSED] - delay(2, CONTINUE_ON_FAILURE): Delayed 2 second(s)

2019-05-27 17:22:38 - [MESSAGE][PASSED] - Delayed 2 second(s)

2019-05-27 17:22:38 - [TEST_STEP][PASSED] - click(findTestObject("OCS-MOBILE /Age gate and burger menu/Burger menu - English"), CONTINUE_ON_FAILURE): Object: 'Object Repository/OCS-MOBILE /Age gate and burger menu/Burger menu - English' is clicked on

2019-05-27 17:22:39 - [MESSAGE][PASSED] - Object: 'Object Repository/OCS-MOBILE /Age gate and burger menu/Burger menu - English' is clicked on

2019-05-27 17:22:39 - [TEST_STEP][PASSED] - delay(2, CONTINUE_ON_FAILURE): Delayed 2 second(s)

2019-05-27 17:22:41 - [MESSAGE][PASSED] - Delayed 2 second(s)

2019-05-27 17:22:41 - [TEST_STEP][PASSED] - click(findTestObject("OCS-MOBILE /Accessories page/accessories chevron"), STOP_ON_FAILURE): Object: 'Object Repository/OCS-MOBILE /Accessories page/accessories chevron' is clicked on

2019-05-27 17:22:41 - [MESSAGE][PASSED] - Object: 'Object Repository/OCS-MOBILE /Accessories page/accessories chevron' is clicked on

2019-05-27 17:22:41 - [TEST_STEP][PASSED] - delay(1, CONTINUE_ON_FAILURE): Delayed 1 second(s)

2019-05-27 17:22:42 - [MESSAGE][PASSED] - Delayed 1 second(s)

2019-05-27 17:22:42 - [TEST_STEP][PASSED] - click(findTestObject("OCS-MOBILE /Accessories page/Vaporizers"), CONTINUE_ON_FAILURE): Object: 'Object Repository/OCS-MOBILE /Accessories page/Vaporizers' is clicked on

2019-05-27 17:22:45 - [MESSAGE][PASSED] - Object: 'Object Repository/OCS-MOBILE /Accessories page/Vaporizers' is clicked on

2019-05-27 17:22:45 - [TEST_STEP][PASSED] - delay(1, CONTINUE_ON_FAILURE): Delayed 1 second(s)

2019-05-27 17:22:46 - [MESSAGE][PASSED] - Delayed 1 second(s)

2019-05-27 17:22:46 - [TEST_STEP][PASSED] - a = getWindowTitle(CONTINUE_ON_FAILURE): Current window's title is: 'Vaporizers | Ontario Cannabis Store'

2019-05-27 17:22:46 - [MESSAGE][PASSED] - Current window's title is: 'Vaporizers | Ontario Cannabis Store'

2019-05-27 17:22:46 - [TEST_STEP][PASSED] - comment(a): Vaporizers | Ontario Cannabis Store

2019-05-27 17:22:46 - [MESSAGE][INFO] - Vaporizers | Ontario Cannabis Store

2019-05-27 17:22:46 - [TEST_STEP][PASSED] - b = "Vaporizers | Ontario Cannabis Store": null

2019-05-27 17:22:46 - [TEST_STEP][PASSED] - comment(b): Vaporizers | Ontario Cannabis Store

2019-05-27 17:22:46 - [MESSAGE][INFO] - Vaporizers | Ontario Cannabis Store

2019-05-27 17:22:46 - [TEST_STEP][PASSED] - if (a == b): correct window page 

2019-05-27 17:22:46 - [TEST_STEP][PASSED] - comment("correct window page "): correct window page 

2019-05-27 17:22:46 - [MESSAGE][INFO] - correct window page 

2019-05-27 17:22:46 - [TEST_STEP][PASSED] - delay(1, CONTINUE_ON_FAILURE): Delayed 1 second(s)

2019-05-27 17:22:47 - [MESSAGE][PASSED] - Delayed 1 second(s)

2019-05-27 17:22:47 - [TEST_STEP][PASSED] - click(findTestObject("OCS-MOBILE /Age gate and burger menu/Burger menu - English"), CONTINUE_ON_FAILURE): Object: 'Object Repository/OCS-MOBILE /Age gate and burger menu/Burger menu - English' is clicked on

2019-05-27 17:22:47 - [MESSAGE][PASSED] - Object: 'Object Repository/OCS-MOBILE /Age gate and burger menu/Burger menu - English' is clicked on

2019-05-27 17:22:47 - [TEST_STEP][PASSED] - delay(2, CONTINUE_ON_FAILURE): Delayed 2 second(s)

2019-05-27 17:22:49 - [MESSAGE][PASSED] - Delayed 2 second(s)

2019-05-27 17:22:49 - [TEST_STEP][PASSED] - click(findTestObject("OCS-MOBILE /Accessories page/accessories chevron"), CONTINUE_ON_FAILURE): Object: 'Object Repository/OCS-MOBILE /Accessories page/accessories chevron' is clicked on

2019-05-27 17:22:49 - [MESSAGE][PASSED] - Object: 'Object Repository/OCS-MOBILE /Accessories page/accessories chevron' is clicked on

2019-05-27 17:22:49 - [TEST_STEP][PASSED] - delay(1, CONTINUE_ON_FAILURE): Delayed 1 second(s)

2019-05-27 17:22:50 - [MESSAGE][PASSED] - Delayed 1 second(s)

2019-05-27 17:22:50 - [TEST_STEP][PASSED] - click(findTestObject("OCS-MOBILE /Accessories page/Bongs - water pipes"), CONTINUE_ON_FAILURE): Object: 'Object Repository/OCS-MOBILE /Accessories page/Bongs - water pipes' is clicked on

2019-05-27 17:22:53 - [MESSAGE][PASSED] - Object: 'Object Repository/OCS-MOBILE /Accessories page/Bongs - water pipes' is clicked on

2019-05-27 17:22:53 - [TEST_STEP][PASSED] - delay(1, CONTINUE_ON_FAILURE): Delayed 1 second(s)

2019-05-27 17:22:54 - [MESSAGE][PASSED] - Delayed 1 second(s)

2019-05-27 17:22:54 - [TEST_STEP][PASSED] - a1 = getWindowTitle(CONTINUE_ON_FAILURE): Current window's title is: 'Bongs & Water Pipes | Ontario Cannabis Store'

2019-05-27 17:22:54 - [MESSAGE][PASSED] - Current window's title is: 'Bongs & Water Pipes | Ontario Cannabis Store'

2019-05-27 17:22:54 - [TEST_STEP][PASSED] - comment(a1): Bongs & Water Pipes | Ontario Cannabis Store

2019-05-27 17:22:54 - [MESSAGE][INFO] - Bongs & Water Pipes | Ontario Cannabis Store

2019-05-27 17:22:54 - [TEST_STEP][PASSED] - b1 = "Bongs & Water Pipes | Ontario Cannabis Store": null

2019-05-27 17:22:54 - [TEST_STEP][PASSED] - comment(b1): Bongs & Water Pipes | Ontario Cannabis Store

2019-05-27 17:22:54 - [MESSAGE][INFO] - Bongs & Water Pipes | Ontario Cannabis Store

2019-05-27 17:22:54 - [TEST_STEP][PASSED] - if (a1 == b1): correct window page 

2019-05-27 17:22:54 - [TEST_STEP][PASSED] - comment("correct window page "): correct window page 

2019-05-27 17:22:54 - [MESSAGE][INFO] - correct window page 

2019-05-27 17:22:54 - [TEST_STEP][PASSED] - delay(1, CONTINUE_ON_FAILURE): Delayed 1 second(s)

2019-05-27 17:22:55 - [MESSAGE][PASSED] - Delayed 1 second(s)

2019-05-27 17:22:55 - [TEST_STEP][PASSED] - click(findTestObject("OCS-MOBILE /Age gate and burger menu/Burger menu - English"), CONTINUE_ON_FAILURE): Object: 'Object Repository/OCS-MOBILE /Age gate and burger menu/Burger menu - English' is clicked on

2019-05-27 17:22:55 - [MESSAGE][PASSED] - Object: 'Object Repository/OCS-MOBILE /Age gate and burger menu/Burger menu - English' is clicked on

2019-05-27 17:22:55 - [TEST_STEP][PASSED] - delay(2, CONTINUE_ON_FAILURE): Delayed 2 second(s)

2019-05-27 17:22:57 - [MESSAGE][PASSED] - Delayed 2 second(s)

2019-05-27 17:22:57 - [TEST_STEP][PASSED] - click(findTestObject("OCS-MOBILE /Accessories page/accessories chevron"), CONTINUE_ON_FAILURE): Object: 'Object Repository/OCS-MOBILE /Accessories page/accessories chevron' is clicked on

2019-05-27 17:22:58 - [MESSAGE][PASSED] - Object: 'Object Repository/OCS-MOBILE /Accessories page/accessories chevron' is clicked on

2019-05-27 17:22:58 - [TEST_STEP][PASSED] - delay(1, CONTINUE_ON_FAILURE): Delayed 1 second(s)

2019-05-27 17:22:59 - [MESSAGE][PASSED] - Delayed 1 second(s)

2019-05-27 17:22:59 - [TEST_STEP][PASSED] - click(findTestObject("OCS-MOBILE /Accessories page/Handheld pipes"), CONTINUE_ON_FAILURE): Object: 'Object Repository/OCS-MOBILE /Accessories page/Handheld pipes' is clicked on

2019-05-27 17:23:01 - [MESSAGE][PASSED] - Object: 'Object Repository/OCS-MOBILE /Accessories page/Handheld pipes' is clicked on

2019-05-27 17:23:01 - [TEST_STEP][PASSED] - delay(1, CONTINUE_ON_FAILURE): Delayed 1 second(s)

2019-05-27 17:23:02 - [MESSAGE][PASSED] - Delayed 1 second(s)

2019-05-27 17:23:02 - [TEST_STEP][PASSED] - a11 = getWindowTitle(CONTINUE_ON_FAILURE): Current window's title is: 'Handheld Pipes | Ontario Cannabis Store'

2019-05-27 17:23:02 - [MESSAGE][PASSED] - Current window's title is: 'Handheld Pipes | Ontario Cannabis Store'

2019-05-27 17:23:02 - [TEST_STEP][PASSED] - comment(a11): Handheld Pipes | Ontario Cannabis Store

2019-05-27 17:23:02 - [MESSAGE][INFO] - Handheld Pipes | Ontario Cannabis Store

2019-05-27 17:23:02 - [TEST_STEP][PASSED] - b11 = "Handheld Pipes | Ontario Cannabis Store": null

2019-05-27 17:23:02 - [TEST_STEP][PASSED] - comment(b11): Handheld Pipes | Ontario Cannabis Store

2019-05-27 17:23:02 - [MESSAGE][INFO] - Handheld Pipes | Ontario Cannabis Store

2019-05-27 17:23:02 - [TEST_STEP][PASSED] - if (a11 == b11): correct window page 

2019-05-27 17:23:02 - [TEST_STEP][PASSED] - comment("correct window page "): correct window page 

2019-05-27 17:23:02 - [MESSAGE][INFO] - correct window page 

2019-05-27 17:23:02 - [TEST_STEP][PASSED] - delay(1, CONTINUE_ON_FAILURE): Delayed 1 second(s)

2019-05-27 17:23:03 - [MESSAGE][PASSED] - Delayed 1 second(s)

2019-05-27 17:23:03 - [TEST_STEP][PASSED] - click(findTestObject("OCS-MOBILE /Age gate and burger menu/Burger menu - English"), CONTINUE_ON_FAILURE): Object: 'Object Repository/OCS-MOBILE /Age gate and burger menu/Burger menu - English' is clicked on

2019-05-27 17:23:03 - [MESSAGE][PASSED] - Object: 'Object Repository/OCS-MOBILE /Age gate and burger menu/Burger menu - English' is clicked on

2019-05-27 17:23:03 - [TEST_STEP][PASSED] - delay(2, CONTINUE_ON_FAILURE): Delayed 2 second(s)

2019-05-27 17:23:05 - [MESSAGE][PASSED] - Delayed 2 second(s)

2019-05-27 17:23:05 - [TEST_STEP][PASSED] - click(findTestObject("OCS-MOBILE /Accessories page/accessories chevron"), CONTINUE_ON_FAILURE): Object: 'Object Repository/OCS-MOBILE /Accessories page/accessories chevron' is clicked on

2019-05-27 17:23:06 - [MESSAGE][PASSED] - Object: 'Object Repository/OCS-MOBILE /Accessories page/accessories chevron' is clicked on

2019-05-27 17:23:06 - [TEST_STEP][PASSED] - delay(1, CONTINUE_ON_FAILURE): Delayed 1 second(s)

2019-05-27 17:23:07 - [MESSAGE][PASSED] - Delayed 1 second(s)

2019-05-27 17:23:07 - [TEST_STEP][PASSED] - click(findTestObject("OCS-MOBILE /Accessories page/Papers -filters"), CONTINUE_ON_FAILURE): Object: 'Object Repository/OCS-MOBILE /Accessories page/Papers -filters' is clicked on

2019-05-27 17:23:09 - [MESSAGE][PASSED] - Object: 'Object Repository/OCS-MOBILE /Accessories page/Papers -filters' is clicked on

2019-05-27 17:23:09 - [TEST_STEP][PASSED] - delay(1, CONTINUE_ON_FAILURE): Delayed 1 second(s)

2019-05-27 17:23:10 - [MESSAGE][PASSED] - Delayed 1 second(s)

2019-05-27 17:23:10 - [TEST_STEP][PASSED] - a111 = getWindowTitle(CONTINUE_ON_FAILURE): Current window's title is: 'Papers & Filters | Ontario Cannabis Store'

2019-05-27 17:23:10 - [MESSAGE][PASSED] - Current window's title is: 'Papers & Filters | Ontario Cannabis Store'

2019-05-27 17:23:10 - [TEST_STEP][PASSED] - comment(a111): Papers & Filters | Ontario Cannabis Store

2019-05-27 17:23:10 - [MESSAGE][INFO] - Papers & Filters | Ontario Cannabis Store

2019-05-27 17:23:10 - [TEST_STEP][PASSED] - b111 = "Papers & Filters | Ontario Cannabis Store": null

2019-05-27 17:23:10 - [TEST_STEP][PASSED] - comment(b111): Papers & Filters | Ontario Cannabis Store

2019-05-27 17:23:10 - [MESSAGE][INFO] - Papers & Filters | Ontario Cannabis Store

2019-05-27 17:23:10 - [TEST_STEP][PASSED] - if (a111 == b111): correct window page 

2019-05-27 17:23:10 - [TEST_STEP][PASSED] - comment("correct window page "): correct window page 

2019-05-27 17:23:10 - [MESSAGE][INFO] - correct window page 

2019-05-27 17:23:10 - [TEST_STEP][PASSED] - delay(1, CONTINUE_ON_FAILURE): Delayed 1 second(s)

2019-05-27 17:23:11 - [MESSAGE][PASSED] - Delayed 1 second(s)

2019-05-27 17:23:11 - [TEST_STEP][PASSED] - click(findTestObject("OCS-MOBILE /Age gate and burger menu/Burger menu - English"), CONTINUE_ON_FAILURE): Object: 'Object Repository/OCS-MOBILE /Age gate and burger menu/Burger menu - English' is clicked on

2019-05-27 17:23:11 - [MESSAGE][PASSED] - Object: 'Object Repository/OCS-MOBILE /Age gate and burger menu/Burger menu - English' is clicked on

2019-05-27 17:23:11 - [TEST_STEP][PASSED] - delay(2, CONTINUE_ON_FAILURE): Delayed 2 second(s)

2019-05-27 17:23:13 - [MESSAGE][PASSED] - Delayed 2 second(s)

2019-05-27 17:23:13 - [TEST_STEP][PASSED] - click(findTestObject("OCS-MOBILE /Accessories page/accessories chevron"), CONTINUE_ON_FAILURE): Object: 'Object Repository/OCS-MOBILE /Accessories page/accessories chevron' is clicked on

2019-05-27 17:23:13 - [MESSAGE][PASSED] - Object: 'Object Repository/OCS-MOBILE /Accessories page/accessories chevron' is clicked on

2019-05-27 17:23:13 - [TEST_STEP][PASSED] - delay(1, CONTINUE_ON_FAILURE): Delayed 1 second(s)

2019-05-27 17:23:14 - [MESSAGE][PASSED] - Delayed 1 second(s)

2019-05-27 17:23:14 - [TEST_STEP][PASSED] - click(findTestObject("OCS-MOBILE /Accessories page/Grinders"), CONTINUE_ON_FAILURE): Object: 'Object Repository/OCS-MOBILE /Accessories page/Grinders' is clicked on

2019-05-27 17:23:16 - [MESSAGE][PASSED] - Object: 'Object Repository/OCS-MOBILE /Accessories page/Grinders' is clicked on

2019-05-27 17:23:16 - [TEST_STEP][PASSED] - delay(1, CONTINUE_ON_FAILURE): Delayed 1 second(s)

2019-05-27 17:23:17 - [MESSAGE][PASSED] - Delayed 1 second(s)

2019-05-27 17:23:17 - [TEST_STEP][PASSED] - a1111 = getWindowTitle(CONTINUE_ON_FAILURE): Current window's title is: 'Grinders | Ontario Cannabis Store'

2019-05-27 17:23:17 - [MESSAGE][PASSED] - Current window's title is: 'Grinders | Ontario Cannabis Store'

2019-05-27 17:23:17 - [TEST_STEP][PASSED] - comment(a1111): Grinders | Ontario Cannabis Store

2019-05-27 17:23:17 - [MESSAGE][INFO] - Grinders | Ontario Cannabis Store

2019-05-27 17:23:17 - [TEST_STEP][PASSED] - b1111 = "Grinders | Ontario Cannabis Store": null

2019-05-27 17:23:17 - [TEST_STEP][PASSED] - comment(b1111): Grinders | Ontario Cannabis Store

2019-05-27 17:23:17 - [MESSAGE][INFO] - Grinders | Ontario Cannabis Store

2019-05-27 17:23:17 - [TEST_STEP][PASSED] - if (a1111 == b1111): correct window page 

2019-05-27 17:23:17 - [TEST_STEP][PASSED] - comment("correct window page "): correct window page 

2019-05-27 17:23:17 - [MESSAGE][INFO] - correct window page 

2019-05-27 17:23:17 - [TEST_STEP][PASSED] - delay(1, CONTINUE_ON_FAILURE): Delayed 1 second(s)

2019-05-27 17:23:18 - [MESSAGE][PASSED] - Delayed 1 second(s)

2019-05-27 17:23:18 - [TEST_STEP][PASSED] - click(findTestObject("OCS-MOBILE /Age gate and burger menu/Burger menu - English"), CONTINUE_ON_FAILURE): Object: 'Object Repository/OCS-MOBILE /Age gate and burger menu/Burger menu - English' is clicked on

2019-05-27 17:23:19 - [MESSAGE][PASSED] - Object: 'Object Repository/OCS-MOBILE /Age gate and burger menu/Burger menu - English' is clicked on

2019-05-27 17:23:19 - [TEST_STEP][PASSED] - delay(2, CONTINUE_ON_FAILURE): Delayed 2 second(s)

2019-05-27 17:23:21 - [MESSAGE][PASSED] - Delayed 2 second(s)

2019-05-27 17:23:21 - [TEST_STEP][PASSED] - click(findTestObject("OCS-MOBILE /Accessories page/accessories chevron"), CONTINUE_ON_FAILURE): Object: 'Object Repository/OCS-MOBILE /Accessories page/accessories chevron' is clicked on

2019-05-27 17:23:21 - [MESSAGE][PASSED] - Object: 'Object Repository/OCS-MOBILE /Accessories page/accessories chevron' is clicked on

2019-05-27 17:23:21 - [TEST_STEP][PASSED] - delay(1, CONTINUE_ON_FAILURE): Delayed 1 second(s)

2019-05-27 17:23:22 - [MESSAGE][PASSED] - Delayed 1 second(s)

2019-05-27 17:23:22 - [TEST_STEP][PASSED] - click(findTestObject("OCS-MOBILE /Accessories page/Tools -kits"), CONTINUE_ON_FAILURE): Object: 'Object Repository/OCS-MOBILE /Accessories page/Tools -kits' is clicked on

2019-05-27 17:23:24 - [MESSAGE][PASSED] - Object: 'Object Repository/OCS-MOBILE /Accessories page/Tools -kits' is clicked on

2019-05-27 17:23:24 - [TEST_STEP][PASSED] - delay(1, CONTINUE_ON_FAILURE): Delayed 1 second(s)

2019-05-27 17:23:25 - [MESSAGE][PASSED] - Delayed 1 second(s)

2019-05-27 17:23:25 - [TEST_STEP][PASSED] - a11111 = getWindowTitle(CONTINUE_ON_FAILURE): Current window's title is: 'Multi-Tools & Kits | Ontario Cannabis Store'

2019-05-27 17:23:25 - [MESSAGE][PASSED] - Current window's title is: 'Multi-Tools & Kits | Ontario Cannabis Store'

2019-05-27 17:23:25 - [TEST_STEP][PASSED] - comment(a11111): Multi-Tools & Kits | Ontario Cannabis Store

2019-05-27 17:23:25 - [MESSAGE][INFO] - Multi-Tools & Kits | Ontario Cannabis Store

2019-05-27 17:23:25 - [TEST_STEP][PASSED] - b11111 = "Multi-Tools & Kits | Ontario Cannabis Store": null

2019-05-27 17:23:25 - [TEST_STEP][PASSED] - comment(b11111): Multi-Tools & Kits | Ontario Cannabis Store

2019-05-27 17:23:25 - [MESSAGE][INFO] - Multi-Tools & Kits | Ontario Cannabis Store

2019-05-27 17:23:25 - [TEST_STEP][PASSED] - if (a11111 == b11111): correct window page 

2019-05-27 17:23:25 - [TEST_STEP][PASSED] - comment("correct window page "): correct window page 

2019-05-27 17:23:25 - [MESSAGE][INFO] - correct window page 

2019-05-27 17:23:25 - [TEST_STEP][PASSED] - delay(1, CONTINUE_ON_FAILURE): Delayed 1 second(s)

2019-05-27 17:23:26 - [MESSAGE][PASSED] - Delayed 1 second(s)

2019-05-27 17:23:26 - [TEST_STEP][PASSED] - click(findTestObject("OCS-MOBILE /Age gate and burger menu/Burger menu - English"), CONTINUE_ON_FAILURE): Object: 'Object Repository/OCS-MOBILE /Age gate and burger menu/Burger menu - English' is clicked on

2019-05-27 17:23:26 - [MESSAGE][PASSED] - Object: 'Object Repository/OCS-MOBILE /Age gate and burger menu/Burger menu - English' is clicked on

2019-05-27 17:23:26 - [TEST_STEP][PASSED] - delay(2, CONTINUE_ON_FAILURE): Delayed 2 second(s)

2019-05-27 17:23:28 - [MESSAGE][PASSED] - Delayed 2 second(s)

2019-05-27 17:23:28 - [TEST_STEP][PASSED] - click(findTestObject("OCS-MOBILE /Accessories page/accessories chevron"), CONTINUE_ON_FAILURE): Object: 'Object Repository/OCS-MOBILE /Accessories page/accessories chevron' is clicked on

2019-05-27 17:23:28 - [MESSAGE][PASSED] - Object: 'Object Repository/OCS-MOBILE /Accessories page/accessories chevron' is clicked on

2019-05-27 17:23:28 - [TEST_STEP][PASSED] - delay(1, CONTINUE_ON_FAILURE): Delayed 1 second(s)

2019-05-27 17:23:29 - [MESSAGE][PASSED] - Delayed 1 second(s)

2019-05-27 17:23:29 - [TEST_STEP][PASSED] - click(findTestObject("OCS-MOBILE /Accessories page/Cleaning supplies"), CONTINUE_ON_FAILURE): Object: 'Object Repository/OCS-MOBILE /Accessories page/Cleaning supplies' is clicked on

2019-05-27 17:23:34 - [MESSAGE][PASSED] - Object: 'Object Repository/OCS-MOBILE /Accessories page/Cleaning supplies' is clicked on

2019-05-27 17:23:34 - [TEST_STEP][PASSED] - delay(1, CONTINUE_ON_FAILURE): Delayed 1 second(s)

2019-05-27 17:23:35 - [MESSAGE][PASSED] - Delayed 1 second(s)

2019-05-27 17:23:35 - [TEST_STEP][PASSED] - a12 = getWindowTitle(CONTINUE_ON_FAILURE): Current window's title is: 'Cleaning Supplies | Ontario Cannabis Store'

2019-05-27 17:23:35 - [MESSAGE][PASSED] - Current window's title is: 'Cleaning Supplies | Ontario Cannabis Store'

2019-05-27 17:23:35 - [TEST_STEP][PASSED] - comment(a12): Cleaning Supplies | Ontario Cannabis Store

2019-05-27 17:23:35 - [MESSAGE][INFO] - Cleaning Supplies | Ontario Cannabis Store

2019-05-27 17:23:35 - [TEST_STEP][PASSED] - b12 = "Cleaning Supplies | Ontario Cannabis Store": null

2019-05-27 17:23:35 - [TEST_STEP][PASSED] - comment(b12): Cleaning Supplies | Ontario Cannabis Store

2019-05-27 17:23:35 - [MESSAGE][INFO] - Cleaning Supplies | Ontario Cannabis Store

2019-05-27 17:23:35 - [TEST_STEP][PASSED] - if (a12 == b12): correct window page 

2019-05-27 17:23:35 - [TEST_STEP][PASSED] - comment("correct window page "): correct window page 

2019-05-27 17:23:35 - [MESSAGE][INFO] - correct window page 

2019-05-27 17:23:35 - [TEST_STEP][PASSED] - delay(1, CONTINUE_ON_FAILURE): Delayed 1 second(s)

2019-05-27 17:23:36 - [MESSAGE][PASSED] - Delayed 1 second(s)

2019-05-27 17:23:36 - [TEST_STEP][PASSED] - click(findTestObject("OCS-MOBILE /Age gate and burger menu/Burger menu - English"), CONTINUE_ON_FAILURE): Object: 'Object Repository/OCS-MOBILE /Age gate and burger menu/Burger menu - English' is clicked on

2019-05-27 17:23:36 - [MESSAGE][PASSED] - Object: 'Object Repository/OCS-MOBILE /Age gate and burger menu/Burger menu - English' is clicked on

2019-05-27 17:23:36 - [TEST_STEP][PASSED] - delay(2, CONTINUE_ON_FAILURE): Delayed 2 second(s)

2019-05-27 17:23:38 - [MESSAGE][PASSED] - Delayed 2 second(s)

2019-05-27 17:23:38 - [TEST_STEP][PASSED] - click(findTestObject("OCS-MOBILE /Accessories page/accessories chevron"), CONTINUE_ON_FAILURE): Object: 'Object Repository/OCS-MOBILE /Accessories page/accessories chevron' is clicked on

2019-05-27 17:23:38 - [MESSAGE][PASSED] - Object: 'Object Repository/OCS-MOBILE /Accessories page/accessories chevron' is clicked on

2019-05-27 17:23:38 - [TEST_STEP][PASSED] - delay(1, CONTINUE_ON_FAILURE): Delayed 1 second(s)

2019-05-27 17:23:39 - [MESSAGE][PASSED] - Delayed 1 second(s)

2019-05-27 17:23:39 - [TEST_STEP][PASSED] - click(findTestObject("OCS-MOBILE /Accessories page/Storage"), CONTINUE_ON_FAILURE): Object: 'Object Repository/OCS-MOBILE /Accessories page/Storage' is clicked on

2019-05-27 17:23:41 - [MESSAGE][PASSED] - Object: 'Object Repository/OCS-MOBILE /Accessories page/Storage' is clicked on

2019-05-27 17:23:41 - [TEST_STEP][PASSED] - delay(1, CONTINUE_ON_FAILURE): Delayed 1 second(s)

2019-05-27 17:23:42 - [MESSAGE][PASSED] - Delayed 1 second(s)

2019-05-27 17:23:42 - [TEST_STEP][PASSED] - a13 = getWindowTitle(CONTINUE_ON_FAILURE): Current window's title is: 'Storage | Ontario Cannabis Store'

2019-05-27 17:23:42 - [MESSAGE][PASSED] - Current window's title is: 'Storage | Ontario Cannabis Store'

2019-05-27 17:23:42 - [TEST_STEP][PASSED] - comment(a13): Storage | Ontario Cannabis Store

2019-05-27 17:23:42 - [MESSAGE][INFO] - Storage | Ontario Cannabis Store

2019-05-27 17:23:42 - [TEST_STEP][PASSED] - b13 = "Storage | Ontario Cannabis Store": null

2019-05-27 17:23:42 - [TEST_STEP][PASSED] - comment(b): Vaporizers | Ontario Cannabis Store

2019-05-27 17:23:42 - [MESSAGE][INFO] - Vaporizers | Ontario Cannabis Store

2019-05-27 17:23:42 - [TEST_STEP][PASSED] - if (a13 == b13): correct window page 

2019-05-27 17:23:42 - [TEST_STEP][PASSED] - comment("correct window page "): correct window page 

2019-05-27 17:23:42 - [MESSAGE][INFO] - correct window page 

2019-05-27 17:23:42 - [TEST_STEP][PASSED] - delay(1, CONTINUE_ON_FAILURE): Delayed 1 second(s)

2019-05-27 17:23:43 - [MESSAGE][PASSED] - Delayed 1 second(s)

2019-05-27 17:23:43 - [TEST_STEP][PASSED] - click(findTestObject("OCS-MOBILE /Age gate and burger menu/Burger menu - English"), CONTINUE_ON_FAILURE): Object: 'Object Repository/OCS-MOBILE /Age gate and burger menu/Burger menu - English' is clicked on

2019-05-27 17:23:43 - [MESSAGE][PASSED] - Object: 'Object Repository/OCS-MOBILE /Age gate and burger menu/Burger menu - English' is clicked on

2019-05-27 17:23:43 - [TEST_STEP][PASSED] - delay(2, CONTINUE_ON_FAILURE): Delayed 2 second(s)

2019-05-27 17:23:45 - [MESSAGE][PASSED] - Delayed 2 second(s)

2019-05-27 17:23:45 - [TEST_STEP][PASSED] - click(findTestObject("OCS-MOBILE /Accessories page/accessories chevron"), CONTINUE_ON_FAILURE): Object: 'Object Repository/OCS-MOBILE /Accessories page/accessories chevron' is clicked on

2019-05-27 17:23:46 - [MESSAGE][PASSED] - Object: 'Object Repository/OCS-MOBILE /Accessories page/accessories chevron' is clicked on

2019-05-27 17:23:46 - [TEST_STEP][PASSED] - delay(1, CONTINUE_ON_FAILURE): Delayed 1 second(s)

2019-05-27 17:23:47 - [MESSAGE][PASSED] - Delayed 1 second(s)

2019-05-27 17:23:47 - [TEST_STEP][PASSED] - click(findTestObject("OCS-MOBILE /Accessories page/Trays"), CONTINUE_ON_FAILURE): Object: 'Object Repository/OCS-MOBILE /Accessories page/Trays' is clicked on

2019-05-27 17:23:48 - [MESSAGE][PASSED] - Object: 'Object Repository/OCS-MOBILE /Accessories page/Trays' is clicked on

2019-05-27 17:23:48 - [TEST_STEP][PASSED] - delay(1, CONTINUE_ON_FAILURE): Delayed 1 second(s)

2019-05-27 17:23:49 - [MESSAGE][PASSED] - Delayed 1 second(s)

2019-05-27 17:23:49 - [TEST_STEP][PASSED] - a14 = getWindowTitle(CONTINUE_ON_FAILURE): Current window's title is: 'Trays | Ontario Cannabis Store'

2019-05-27 17:23:49 - [MESSAGE][PASSED] - Current window's title is: 'Trays | Ontario Cannabis Store'

2019-05-27 17:23:49 - [TEST_STEP][PASSED] - comment(a14): Trays | Ontario Cannabis Store

2019-05-27 17:23:49 - [MESSAGE][INFO] - Trays | Ontario Cannabis Store

2019-05-27 17:23:49 - [TEST_STEP][PASSED] - b14 = "Trays | Ontario Cannabis Store": null

2019-05-27 17:23:49 - [TEST_STEP][PASSED] - comment(b14): Trays | Ontario Cannabis Store

2019-05-27 17:23:49 - [MESSAGE][INFO] - Trays | Ontario Cannabis Store

2019-05-27 17:23:49 - [TEST_STEP][PASSED] - if (a14 == b14): correct window page 

2019-05-27 17:23:49 - [TEST_STEP][PASSED] - comment("correct window page "): correct window page 

2019-05-27 17:23:49 - [MESSAGE][INFO] - correct window page 

2019-05-27 17:23:49 - [TEST_STEP][PASSED] - delay(1, CONTINUE_ON_FAILURE): Delayed 1 second(s)

2019-05-27 17:23:50 - [MESSAGE][PASSED] - Delayed 1 second(s)

2019-05-27 17:23:50 - [TEST_STEP][PASSED] - click(findTestObject("OCS-MOBILE /Age gate and burger menu/Burger menu - English"), CONTINUE_ON_FAILURE): Object: 'Object Repository/OCS-MOBILE /Age gate and burger menu/Burger menu - English' is clicked on

2019-05-27 17:23:51 - [MESSAGE][PASSED] - Object: 'Object Repository/OCS-MOBILE /Age gate and burger menu/Burger menu - English' is clicked on

2019-05-27 17:23:51 - [TEST_STEP][PASSED] - delay(2, CONTINUE_ON_FAILURE): Delayed 2 second(s)

2019-05-27 17:23:53 - [MESSAGE][PASSED] - Delayed 2 second(s)

2019-05-27 17:23:53 - [TEST_STEP][PASSED] - click(findTestObject("OCS-MOBILE /Accessories page/accessories chevron"), CONTINUE_ON_FAILURE): Object: 'Object Repository/OCS-MOBILE /Accessories page/accessories chevron' is clicked on

2019-05-27 17:23:53 - [MESSAGE][PASSED] - Object: 'Object Repository/OCS-MOBILE /Accessories page/accessories chevron' is clicked on

2019-05-27 17:23:53 - [TEST_STEP][PASSED] - delay(1, CONTINUE_ON_FAILURE): Delayed 1 second(s)

2019-05-27 17:23:54 - [MESSAGE][PASSED] - Delayed 1 second(s)

2019-05-27 17:23:54 - [TEST_STEP][PASSED] - click(findTestObject("OCS-MOBILE /Accessories page/Infusers"), CONTINUE_ON_FAILURE): Object: 'Object Repository/OCS-MOBILE /Accessories page/Infusers' is clicked on

2019-05-27 17:23:56 - [MESSAGE][PASSED] - Object: 'Object Repository/OCS-MOBILE /Accessories page/Infusers' is clicked on

2019-05-27 17:23:56 - [TEST_STEP][PASSED] - delay(1, CONTINUE_ON_FAILURE): Delayed 1 second(s)

2019-05-27 17:23:57 - [MESSAGE][PASSED] - Delayed 1 second(s)

2019-05-27 17:23:57 - [TEST_STEP][PASSED] - a15 = getWindowTitle(CONTINUE_ON_FAILURE): Current window's title is: 'Infusers | Ontario Cannabis Store'

2019-05-27 17:23:57 - [MESSAGE][PASSED] - Current window's title is: 'Infusers | Ontario Cannabis Store'

2019-05-27 17:23:57 - [TEST_STEP][PASSED] - comment(a15): Infusers | Ontario Cannabis Store

2019-05-27 17:23:57 - [MESSAGE][INFO] - Infusers | Ontario Cannabis Store

2019-05-27 17:23:57 - [TEST_STEP][PASSED] - b15 = "Infusers | Ontario Cannabis Store": null

2019-05-27 17:23:57 - [TEST_STEP][PASSED] - comment(b15): Infusers | Ontario Cannabis Store

2019-05-27 17:23:57 - [MESSAGE][INFO] - Infusers | Ontario Cannabis Store

2019-05-27 17:23:57 - [TEST_STEP][PASSED] - if (a15 == b15): correct window page 

2019-05-27 17:23:57 - [TEST_STEP][PASSED] - comment("correct window page "): correct window page 

2019-05-27 17:23:57 - [MESSAGE][INFO] - correct window page 

2019-05-27 17:23:57 - [TEST_STEP][PASSED] - delay(1, CONTINUE_ON_FAILURE): Delayed 1 second(s)

2019-05-27 17:23:58 - [MESSAGE][PASSED] - Delayed 1 second(s)

2019-05-27 17:23:58 - [TEST_STEP][PASSED] - click(findTestObject("OCS-MOBILE /Age gate and burger menu/Burger menu - English"), CONTINUE_ON_FAILURE): Object: 'Object Repository/OCS-MOBILE /Age gate and burger menu/Burger menu - English' is clicked on

2019-05-27 17:23:58 - [MESSAGE][PASSED] - Object: 'Object Repository/OCS-MOBILE /Age gate and burger menu/Burger menu - English' is clicked on

2019-05-27 17:23:58 - [TEST_STEP][PASSED] - delay(2, CONTINUE_ON_FAILURE): Delayed 2 second(s)

2019-05-27 17:24:00 - [MESSAGE][PASSED] - Delayed 2 second(s)

2019-05-27 17:24:00 - [TEST_STEP][PASSED] - click(findTestObject("OCS-MOBILE /Accessories page/accessories chevron"), CONTINUE_ON_FAILURE): Object: 'Object Repository/OCS-MOBILE /Accessories page/accessories chevron' is clicked on

2019-05-27 17:24:00 - [MESSAGE][PASSED] - Object: 'Object Repository/OCS-MOBILE /Accessories page/accessories chevron' is clicked on

2019-05-27 17:24:00 - [TEST_STEP][PASSED] - delay(1, CONTINUE_ON_FAILURE): Delayed 1 second(s)

2019-05-27 17:24:01 - [MESSAGE][PASSED] - Delayed 1 second(s)

2019-05-27 17:24:01 - [TEST_STEP][PASSED] - executeJavaScript("var previewBar = document.getElementById("preview-bar-iframe"); previewBar.style.display = "none";", []): Execute JavaScript 'var previewBar = document.getElementById("preview-bar-iframe"); previewBar.style.display = "none";' successfully

2019-05-27 17:24:01 - [MESSAGE][PASSED] - Execute JavaScript 'var previewBar = document.getElementById("preview-bar-iframe"); previewBar.style.display = "none";' successfully

2019-05-27 17:24:01 - [TEST_STEP][PASSED] - delay(1, CONTINUE_ON_FAILURE): Delayed 1 second(s)

2019-05-27 17:24:02 - [MESSAGE][PASSED] - Delayed 1 second(s)

2019-05-27 17:24:02 - [TEST_STEP][PASSED] - click(findTestObject("OCS-MOBILE /Accessories page/New accessories")): Object: 'Object Repository/OCS-MOBILE /Accessories page/New accessories' is clicked on

2019-05-27 17:24:03 - [MESSAGE][PASSED] - Object: 'Object Repository/OCS-MOBILE /Accessories page/New accessories' is clicked on

2019-05-27 17:24:03 - [TEST_STEP][PASSED] - delay(1, OPTIONAL): Delayed 1 second(s)

2019-05-27 17:24:04 - [MESSAGE][PASSED] - Delayed 1 second(s)

2019-05-27 17:24:04 - [TEST_STEP][PASSED] - click(findTestObject("OCS-MOBILE /Age gate and burger menu/Burger menu - English"), CONTINUE_ON_FAILURE): Object: 'Object Repository/OCS-MOBILE /Age gate and burger menu/Burger menu - English' is clicked on

2019-05-27 17:24:05 - [MESSAGE][PASSED] - Object: 'Object Repository/OCS-MOBILE /Age gate and burger menu/Burger menu - English' is clicked on

2019-05-27 17:24:05 - [TEST_STEP][PASSED] - delay(2, CONTINUE_ON_FAILURE): Delayed 2 second(s)

2019-05-27 17:24:07 - [MESSAGE][PASSED] - Delayed 2 second(s)

2019-05-27 17:24:07 - [TEST_STEP][PASSED] - click(findTestObject("OCS-MOBILE /Accessories page/accessories chevron"), CONTINUE_ON_FAILURE): Object: 'Object Repository/OCS-MOBILE /Accessories page/accessories chevron' is clicked on

2019-05-27 17:24:07 - [MESSAGE][PASSED] - Object: 'Object Repository/OCS-MOBILE /Accessories page/accessories chevron' is clicked on

2019-05-27 17:24:07 - [TEST_STEP][PASSED] - delay(1, CONTINUE_ON_FAILURE): Delayed 1 second(s)

2019-05-27 17:24:08 - [MESSAGE][PASSED] - Delayed 1 second(s)

2019-05-27 17:24:08 - [TEST_STEP][PASSED] - executeJavaScript("var previewBar = document.getElementById("preview-bar-iframe"); previewBar.style.display = "none";", []): Execute JavaScript 'var previewBar = document.getElementById("preview-bar-iframe"); previewBar.style.display = "none";' successfully

2019-05-27 17:24:08 - [MESSAGE][PASSED] - Execute JavaScript 'var previewBar = document.getElementById("preview-bar-iframe"); previewBar.style.display = "none";' successfully

2019-05-27 17:24:08 - [TEST_STEP][PASSED] - click(findTestObject("OCS-MOBILE /Accessories page/Storage _img")): Object: 'Object Repository/OCS-MOBILE /Accessories page/Storage _img' is clicked on

2019-05-27 17:24:10 - [MESSAGE][PASSED] - Object: 'Object Repository/OCS-MOBILE /Accessories page/Storage _img' is clicked on

2019-05-27 17:24:10 - [TEST_STEP][PASSED] - delay(1, CONTINUE_ON_FAILURE): Delayed 1 second(s)

2019-05-27 17:24:11 - [MESSAGE][PASSED] - Delayed 1 second(s)

2019-05-27 17:24:11 - [TEST_STEP][PASSED] - click(findTestObject("OCS-MOBILE /Age gate and burger menu/Burger menu - English"), CONTINUE_ON_FAILURE): Object: 'Object Repository/OCS-MOBILE /Age gate and burger menu/Burger menu - English' is clicked on

2019-05-27 17:24:11 - [MESSAGE][PASSED] - Object: 'Object Repository/OCS-MOBILE /Age gate and burger menu/Burger menu - English' is clicked on

2019-05-27 17:24:11 - [TEST_STEP][PASSED] - delay(2, CONTINUE_ON_FAILURE): Delayed 2 second(s)

2019-05-27 17:24:13 - [MESSAGE][PASSED] - Delayed 2 second(s)

2019-05-27 17:24:13 - [TEST_STEP][PASSED] - click(findTestObject("OCS-MOBILE /Accessories page/accessories chevron"), CONTINUE_ON_FAILURE): Object: 'Object Repository/OCS-MOBILE /Accessories page/accessories chevron' is clicked on

2019-05-27 17:24:14 - [MESSAGE][PASSED] - Object: 'Object Repository/OCS-MOBILE /Accessories page/accessories chevron' is clicked on

2019-05-27 17:24:14 - [TEST_STEP][PASSED] - delay(1, OPTIONAL): Delayed 1 second(s)

2019-05-27 17:24:15 - [MESSAGE][PASSED] - Delayed 1 second(s)

2019-05-27 17:24:15 - [TEST_STEP][PASSED] - executeJavaScript("var previewBar = document.getElementById("preview-bar-iframe"); previewBar.style.display = "none";", []): Execute JavaScript 'var previewBar = document.getElementById("preview-bar-iframe"); previewBar.style.display = "none";' successfully

2019-05-27 17:24:15 - [MESSAGE][PASSED] - Execute JavaScript 'var previewBar = document.getElementById("preview-bar-iframe"); previewBar.style.display = "none";' successfully

2019-05-27 17:24:15 - [TEST_STEP][PASSED] - delay(2, CONTINUE_ON_FAILURE): Delayed 2 second(s)

2019-05-27 17:24:17 - [MESSAGE][PASSED] - Delayed 2 second(s)

2019-05-27 17:24:17 - [TEST_STEP][PASSED] - click(findTestObject("OCS-MOBILE /Accessories page/Shop all acessories")): Object: 'Object Repository/OCS-MOBILE /Accessories page/Shop all acessories' is clicked on

2019-05-27 17:24:19 - [MESSAGE][PASSED] - Object: 'Object Repository/OCS-MOBILE /Accessories page/Shop all acessories' is clicked on]]></system-out>
         <system-err><![CDATA[]]></system-err>
      </testcase>
      <testcase name="Test Cases/OCS - MOBILE/OCS- HOME PAGE/HP -Burger menu-FAQ" classname="Test Cases/OCS - MOBILE/OCS- HOME PAGE/HP -Burger menu-FAQ" status="FAILED">
         <failure type="FAILED" message="Test Cases/OCS - MOBILE/OCS- HOME PAGE/HP -Burger menu-FAQ FAILED.
Reason:
com.kms.katalon.core.exception.StepFailedException: Unable to click on object 'Object Repository/OCS-MOBILE /FAQ page/FAQ' (Root cause: org.openqa.selenium.ElementNotInteractableException: Element &lt;i class=&quot;icon icon--forward&quot;> could not be scrolled into view
Build info: version: '3.7.1', revision: '8a0099a', time: '2017-11-06T21:07:36.161Z'
System info: host: 'sumans-MacBook-Pro.local', ip: 'fe80:0:0:0:1c60:f35:3790:b4fa%en0', os.name: 'Mac OS X', os.arch: 'x86_64', os.version: '10.13.6', java.version: '1.8.0_181'
Driver info: com.kms.katalon.core.webui.driver.firefox.CGeckoDriver
Capabilities {acceptInsecureCerts: true, browserName: firefox, browserVersion: 67.0, javascriptEnabled: true, moz:accessibilityChecks: false, moz:buildID: 20190516215225, moz:geckodriverVersion: 0.23.0, moz:headless: false, moz:processID: 1817, moz:profile: /var/folders/1t/c55l8xzs6gq..., moz:shutdownTimeout: 60000, moz:useNonSpecCompliantPointerOrigin: false, moz:webdriverClick: true, pageLoadStrategy: normal, platform: MAC, platformName: MAC, platformVersion: 17.7.0, proxy: Proxy(direct), rotatable: false, setWindowRect: true, strictFileInteractability: false, timeouts: {implicit: 0, pageLoad: 300000, script: 30000}, unhandledPromptBehavior: dismiss and notify}
Session ID: fa195ee1-b0ac-cb46-afa1-95a1c9dee8d0)
	at com.kms.katalon.core.keyword.internal.KeywordMain.stepFailed(KeywordMain.groovy:36)
	at com.kms.katalon.core.webui.keyword.internal.WebUIKeywordMain.stepFailed(WebUIKeywordMain.groovy:65)
	at com.kms.katalon.core.webui.keyword.internal.WebUIKeywordMain.runKeyword(WebUIKeywordMain.groovy:27)
	at com.kms.katalon.core.webui.keyword.builtin.ClickKeyword.click(ClickKeyword.groovy:86)
	at com.kms.katalon.core.webui.keyword.builtin.ClickKeyword.execute(ClickKeyword.groovy:67)
	at com.kms.katalon.core.keyword.internal.KeywordExecutor.executeKeywordForPlatform(KeywordExecutor.groovy:53)
	at com.kms.katalon.core.webui.keyword.WebUiBuiltInKeywords.click(WebUiBuiltInKeywords.groovy:616)
	at com.kms.katalon.core.webui.keyword.WebUiBuiltInKeywords$click$3.call(Unknown Source)
	at HP -Burger menu-FAQ.run(HP -Burger menu-FAQ:163)
	at com.kms.katalon.core.main.ScriptEngine.run(ScriptEngine.java:194)
	at com.kms.katalon.core.main.ScriptEngine.runScriptAsRawText(ScriptEngine.java:119)
	at com.kms.katalon.core.main.TestCaseExecutor.runScript(TestCaseExecutor.java:328)
	at com.kms.katalon.core.main.TestCaseExecutor.doExecute(TestCaseExecutor.java:319)
	at com.kms.katalon.core.main.TestCaseExecutor.processExecutionPhase(TestCaseExecutor.java:298)
	at com.kms.katalon.core.main.TestCaseExecutor.accessMainPhase(TestCaseExecutor.java:290)
	at com.kms.katalon.core.main.TestCaseExecutor.execute(TestCaseExecutor.java:224)
	at com.kms.katalon.core.main.TestSuiteExecutor.accessTestCaseMainPhase(TestSuiteExecutor.java:129)
	at com.kms.katalon.core.main.TestSuiteExecutor.accessTestSuiteMainPhase(TestSuiteExecutor.java:112)
	at com.kms.katalon.core.main.TestSuiteExecutor.execute(TestSuiteExecutor.java:81)
	at com.kms.katalon.core.main.TestCaseMain.startTestSuite(TestCaseMain.java:149)
	at com.kms.katalon.core.main.TestCaseMain$startTestSuite$0.call(Unknown Source)
	at TempTestSuite1558991060376.run(TempTestSuite1558991060376.groovy:36)
"/>
         <system-out><![CDATA[2019-05-27 17:24:19 - [TEST_CASE][FAILED] - Test Cases/OCS - MOBILE/OCS- HOME PAGE/HP -Burger menu-FAQ: Test Cases/OCS - MOBILE/OCS- HOME PAGE/HP -Burger menu-FAQ FAILED.
Reason:
com.kms.katalon.core.exception.StepFailedException: Unable to click on object 'Object Repository/OCS-MOBILE /FAQ page/FAQ' (Root cause: org.openqa.selenium.ElementNotInteractableException: Element <i class="icon icon--forward"> could not be scrolled into view
Build info: version: '3.7.1', revision: '8a0099a', time: '2017-11-06T21:07:36.161Z'
System info: host: 'sumans-MacBook-Pro.local', ip: 'fe80:0:0:0:1c60:f35:3790:b4fa%en0', os.name: 'Mac OS X', os.arch: 'x86_64', os.version: '10.13.6', java.version: '1.8.0_181'
Driver info: com.kms.katalon.core.webui.driver.firefox.CGeckoDriver
Capabilities {acceptInsecureCerts: true, browserName: firefox, browserVersion: 67.0, javascriptEnabled: true, moz:accessibilityChecks: false, moz:buildID: 20190516215225, moz:geckodriverVersion: 0.23.0, moz:headless: false, moz:processID: 1817, moz:profile: /var/folders/1t/c55l8xzs6gq..., moz:shutdownTimeout: 60000, moz:useNonSpecCompliantPointerOrigin: false, moz:webdriverClick: true, pageLoadStrategy: normal, platform: MAC, platformName: MAC, platformVersion: 17.7.0, proxy: Proxy(direct), rotatable: false, setWindowRect: true, strictFileInteractability: false, timeouts: {implicit: 0, pageLoad: 300000, script: 30000}, unhandledPromptBehavior: dismiss and notify}
Session ID: fa195ee1-b0ac-cb46-afa1-95a1c9dee8d0)
	at com.kms.katalon.core.keyword.internal.KeywordMain.stepFailed(KeywordMain.groovy:36)
	at com.kms.katalon.core.webui.keyword.internal.WebUIKeywordMain.stepFailed(WebUIKeywordMain.groovy:65)
	at com.kms.katalon.core.webui.keyword.internal.WebUIKeywordMain.runKeyword(WebUIKeywordMain.groovy:27)
	at com.kms.katalon.core.webui.keyword.builtin.ClickKeyword.click(ClickKeyword.groovy:86)
	at com.kms.katalon.core.webui.keyword.builtin.ClickKeyword.execute(ClickKeyword.groovy:67)
	at com.kms.katalon.core.keyword.internal.KeywordExecutor.executeKeywordForPlatform(KeywordExecutor.groovy:53)
	at com.kms.katalon.core.webui.keyword.WebUiBuiltInKeywords.click(WebUiBuiltInKeywords.groovy:616)
	at com.kms.katalon.core.webui.keyword.WebUiBuiltInKeywords$click$3.call(Unknown Source)
	at HP -Burger menu-FAQ.run(HP -Burger menu-FAQ:163)
	at com.kms.katalon.core.main.ScriptEngine.run(ScriptEngine.java:194)
	at com.kms.katalon.core.main.ScriptEngine.runScriptAsRawText(ScriptEngine.java:119)
	at com.kms.katalon.core.main.TestCaseExecutor.runScript(TestCaseExecutor.java:328)
	at com.kms.katalon.core.main.TestCaseExecutor.doExecute(TestCaseExecutor.java:319)
	at com.kms.katalon.core.main.TestCaseExecutor.processExecutionPhase(TestCaseExecutor.java:298)
	at com.kms.katalon.core.main.TestCaseExecutor.accessMainPhase(TestCaseExecutor.java:290)
	at com.kms.katalon.core.main.TestCaseExecutor.execute(TestCaseExecutor.java:224)
	at com.kms.katalon.core.main.TestSuiteExecutor.accessTestCaseMainPhase(TestSuiteExecutor.java:129)
	at com.kms.katalon.core.main.TestSuiteExecutor.accessTestSuiteMainPhase(TestSuiteExecutor.java:112)
	at com.kms.katalon.core.main.TestSuiteExecutor.execute(TestSuiteExecutor.java:81)
	at com.kms.katalon.core.main.TestCaseMain.startTestSuite(TestCaseMain.java:149)
	at com.kms.katalon.core.main.TestCaseMain$startTestSuite$0.call(Unknown Source)
	at TempTestSuite1558991060376.run(TempTestSuite1558991060376.groovy:36)


2019-05-27 17:24:20 - [TEST_STEP][PASSED] - callTestCase(findTestCase("OCS - MOBILE/CALL - AGE GATE"), [:], STOP_ON_FAILURE): Call Test Case 'Test Cases/OCS - MOBILE/CALL - AGE GATE' successfully

2019-05-27 17:24:20 - [TEST_CASE][PASSED] - Test Cases/OCS - MOBILE/CALL - AGE GATE: Test Cases/OCS - MOBILE/CALL - AGE GATE

2019-05-27 17:24:20 - [TEST_STEP][PASSED] - openBrowser(""): Browser is opened with url: ''

2019-05-27 17:24:20 - [MESSAGE][WARNING] - A browser is already opened. Closing browser and opening a new one

2019-05-27 17:24:20 - [MESSAGE][INFO] - Starting 'Firefox' driver

2019-05-27 17:24:22 - [MESSAGE][PASSED] - Browser is opened with url: ''

2019-05-27 17:24:22 - [TEST_STEP][PASSED] - navigateToUrl("https://ocs.ca/?fts=0&preview_theme_id=53376026444"): Navigate to 'https://ocs.ca/?fts=0&preview_theme_id=53376026444' successfully

2019-05-27 17:24:31 - [MESSAGE][PASSED] - Navigate to 'https://ocs.ca/?fts=0&preview_theme_id=53376026444' successfully

2019-05-27 17:24:31 - [TEST_STEP][NOT_RUN] - executeJavaScript("var previewBar = document.getElementById("preview-bar-iframe"); previewBar.style.display = "none";", []): NOT_RUN: executeJavaScript("var previewBar = document.getElementById("preview-bar-iframe"); previewBar.style.display = "none";", [])

2019-05-27 17:24:31 - [MESSAGE][NOT_RUN] - NOT_RUN: executeJavaScript("var previewBar = document.getElementById("preview-bar-iframe"); previewBar.style.display = "none";", [])

2019-05-27 17:24:31 - [TEST_STEP][PASSED] - setViewPortSize(360, 800): Viewport is set to new size with width = 360 and height = 800

2019-05-27 17:24:31 - [MESSAGE][PASSED] - Viewport is set to new size with width = 360 and height = 800

2019-05-27 17:24:31 - [TEST_STEP][PASSED] - delay(4): Delayed 4 second(s)

2019-05-27 17:24:35 - [MESSAGE][PASSED] - Delayed 4 second(s)

2019-05-27 17:24:35 - [TEST_STEP][PASSED] - selectOptionByValue(findTestObject("OCS-MOBILE /Age gate and burger menu/Date"), "12", true): All options with value '12' are selected in object 'Object Repository/OCS-MOBILE /Age gate and burger menu/Date'  using regular expression

2019-05-27 17:24:36 - [MESSAGE][PASSED] - All options with value '12' are selected in object 'Object Repository/OCS-MOBILE /Age gate and burger menu/Date'  using regular expression

2019-05-27 17:24:36 - [TEST_STEP][PASSED] - selectOptionByValue(findTestObject("OCS-MOBILE /Age gate and burger menu/month"), "6", true): All options with value '6' are selected in object 'Object Repository/OCS-MOBILE /Age gate and burger menu/month'  using regular expression

2019-05-27 17:24:36 - [MESSAGE][PASSED] - All options with value '6' are selected in object 'Object Repository/OCS-MOBILE /Age gate and burger menu/month'  using regular expression

2019-05-27 17:24:36 - [TEST_STEP][PASSED] - delay(2): Delayed 2 second(s)

2019-05-27 17:24:38 - [MESSAGE][PASSED] - Delayed 2 second(s)

2019-05-27 17:24:38 - [TEST_STEP][PASSED] - selectOptionByValue(findTestObject("OCS-MOBILE /Age gate and burger menu/Year Dropdown"), "1990", true): All options with value '1990' are selected in object 'Object Repository/OCS-MOBILE /Age gate and burger menu/Year Dropdown'  using regular expression

2019-05-27 17:24:40 - [MESSAGE][PASSED] - All options with value '1990' are selected in object 'Object Repository/OCS-MOBILE /Age gate and burger menu/Year Dropdown'  using regular expression

2019-05-27 17:24:40 - [TEST_STEP][PASSED] - click(findTestObject("OCS-MOBILE /Age gate and burger menu/button_Verify")): Object: 'Object Repository/OCS-MOBILE /Age gate and burger menu/button_Verify' is clicked on

2019-05-27 17:24:40 - [MESSAGE][PASSED] - Object: 'Object Repository/OCS-MOBILE /Age gate and burger menu/button_Verify' is clicked on

2019-05-27 17:24:40 - [TEST_STEP][PASSED] - click(findTestObject("OCS-MOBILE /Age gate and burger menu/Checkbox_CONFIRM AND ACKNOWLEDGE")): Object: 'Object Repository/OCS-MOBILE /Age gate and burger menu/Checkbox_CONFIRM AND ACKNOWLEDGE' is clicked on

2019-05-27 17:24:40 - [MESSAGE][PASSED] - Object: 'Object Repository/OCS-MOBILE /Age gate and burger menu/Checkbox_CONFIRM AND ACKNOWLEDGE' is clicked on

2019-05-27 17:24:40 - [TEST_STEP][PASSED] - click(findTestObject("OCS-MOBILE /Age gate and burger menu/button_CONFIRM")): Object: 'Object Repository/OCS-MOBILE /Age gate and burger menu/button_CONFIRM' is clicked on

2019-05-27 17:24:40 - [MESSAGE][PASSED] - Object: 'Object Repository/OCS-MOBILE /Age gate and burger menu/button_CONFIRM' is clicked on

2019-05-27 17:24:40 - [TEST_STEP][PASSED] - click(findTestObject("OCS-MOBILE /Age gate and burger menu/button_Start Browsing")): Object: 'Object Repository/OCS-MOBILE /Age gate and burger menu/button_Start Browsing' is clicked on

2019-05-27 17:24:41 - [MESSAGE][PASSED] - Object: 'Object Repository/OCS-MOBILE /Age gate and burger menu/button_Start Browsing' is clicked on

2019-05-27 17:24:41 - [MESSAGE][PASSED] - Call Test Case 'Test Cases/OCS - MOBILE/CALL - AGE GATE' successfully

2019-05-27 17:24:41 - [TEST_STEP][PASSED] - delay(2): Delayed 2 second(s)

2019-05-27 17:24:43 - [MESSAGE][PASSED] - Delayed 2 second(s)

2019-05-27 17:24:43 - [TEST_STEP][PASSED] - executeJavaScript("var previewBar = document.getElementById("preview-bar-iframe"); previewBar.style.display = "none";", []): Execute JavaScript 'var previewBar = document.getElementById("preview-bar-iframe"); previewBar.style.display = "none";' successfully

2019-05-27 17:24:43 - [MESSAGE][PASSED] - Execute JavaScript 'var previewBar = document.getElementById("preview-bar-iframe"); previewBar.style.display = "none";' successfully

2019-05-27 17:24:43 - [TEST_STEP][PASSED] - delay(2): Delayed 2 second(s)

2019-05-27 17:24:45 - [MESSAGE][PASSED] - Delayed 2 second(s)

2019-05-27 17:24:45 - [TEST_STEP][PASSED] - click(findTestObject("OCS-MOBILE /Age gate and burger menu/Burger menu - English")): Object: 'Object Repository/OCS-MOBILE /Age gate and burger menu/Burger menu - English' is clicked on

2019-05-27 17:24:45 - [MESSAGE][PASSED] - Object: 'Object Repository/OCS-MOBILE /Age gate and burger menu/Burger menu - English' is clicked on

2019-05-27 17:24:45 - [TEST_STEP][PASSED] - delay(2): Delayed 2 second(s)

2019-05-27 17:24:47 - [MESSAGE][PASSED] - Delayed 2 second(s)

2019-05-27 17:24:47 - [TEST_STEP][PASSED] - click(findTestObject("OCS-MOBILE /FAQ page/FAQ")): Object: 'Object Repository/OCS-MOBILE /FAQ page/FAQ' is clicked on

2019-05-27 17:24:47 - [MESSAGE][PASSED] - Object: 'Object Repository/OCS-MOBILE /FAQ page/FAQ' is clicked on

2019-05-27 17:24:47 - [TEST_STEP][PASSED] - delay(1): Delayed 1 second(s)

2019-05-27 17:24:48 - [MESSAGE][PASSED] - Delayed 1 second(s)

2019-05-27 17:24:48 - [TEST_STEP][PASSED] - click(findTestObject("OCS-MOBILE /FAQ page/First chevron link")): Object: 'Object Repository/OCS-MOBILE /FAQ page/First chevron link' is clicked on

2019-05-27 17:24:52 - [MESSAGE][PASSED] - Object: 'Object Repository/OCS-MOBILE /FAQ page/First chevron link' is clicked on

2019-05-27 17:24:52 - [TEST_STEP][PASSED] - delay(1): Delayed 1 second(s)

2019-05-27 17:24:53 - [MESSAGE][PASSED] - Delayed 1 second(s)

2019-05-27 17:24:53 - [TEST_STEP][PASSED] - executeJavaScript("var previewBar = document.getElementById("preview-bar-iframe"); previewBar.style.display = "none";", []): Execute JavaScript 'var previewBar = document.getElementById("preview-bar-iframe"); previewBar.style.display = "none";' successfully

2019-05-27 17:24:53 - [MESSAGE][PASSED] - Execute JavaScript 'var previewBar = document.getElementById("preview-bar-iframe"); previewBar.style.display = "none";' successfully

2019-05-27 17:24:53 - [TEST_STEP][PASSED] - scrollToElement(findTestObject("OCS-MOBILE /FAQ page/scroll view element"), 0): Scroll to object 'Object Repository/OCS-MOBILE /FAQ page/scroll view element' successfully

2019-05-27 17:24:53 - [MESSAGE][WARNING] - Timeout '0' is invalid. Using default page load timeout: '30'

2019-05-27 17:24:53 - [MESSAGE][PASSED] - Scroll to object 'Object Repository/OCS-MOBILE /FAQ page/scroll view element' successfully

2019-05-27 17:24:53 - [TEST_STEP][PASSED] - delay(1): Delayed 1 second(s)

2019-05-27 17:24:54 - [MESSAGE][PASSED] - Delayed 1 second(s)

2019-05-27 17:24:54 - [TEST_STEP][PASSED] - click(findTestObject("OCS-MOBILE /FAQ page/Dropdown button -First chevron -open- FAQ")): Object: 'Object Repository/OCS-MOBILE /FAQ page/Dropdown button -First chevron -open- FAQ' is clicked on

2019-05-27 17:24:54 - [MESSAGE][PASSED] - Object: 'Object Repository/OCS-MOBILE /FAQ page/Dropdown button -First chevron -open- FAQ' is clicked on

2019-05-27 17:24:54 - [TEST_STEP][PASSED] - delay(1): Delayed 1 second(s)

2019-05-27 17:24:55 - [MESSAGE][PASSED] - Delayed 1 second(s)

2019-05-27 17:24:55 - [TEST_STEP][PASSED] - click(findTestObject("OCS-MOBILE /FAQ page/Dropdown button -First chevron - close -FAQ")): Object: 'Object Repository/OCS-MOBILE /FAQ page/Dropdown button -First chevron - close -FAQ' is clicked on

2019-05-27 17:24:55 - [MESSAGE][PASSED] - Object: 'Object Repository/OCS-MOBILE /FAQ page/Dropdown button -First chevron - close -FAQ' is clicked on

2019-05-27 17:24:55 - [TEST_STEP][PASSED] - delay(1, OPTIONAL): Delayed 1 second(s)

2019-05-27 17:24:56 - [MESSAGE][PASSED] - Delayed 1 second(s)

2019-05-27 17:24:56 - [TEST_STEP][PASSED] - setViewPortSize(1000, 800, OPTIONAL): Viewport is set to new size with width = 1000 and height = 800

2019-05-27 17:24:56 - [MESSAGE][PASSED] - Viewport is set to new size with width = 1000 and height = 800

2019-05-27 17:24:56 - [TEST_STEP][PASSED] - delay(2, OPTIONAL): Delayed 2 second(s)

2019-05-27 17:24:58 - [MESSAGE][PASSED] - Delayed 2 second(s)

2019-05-27 17:24:58 - [TEST_STEP][PASSED] - click(findTestObject("Theme_oR/Page_Ontario Cannabis Store  Ontari/button_Hide bar"), OPTIONAL): Unable to click on object (Root cause: java.lang.IllegalArgumentException: Object is null)

2019-05-27 17:24:58 - [MESSAGE][WARNING] - Test object with id 'Object Repository/Theme_oR/Page_Ontario Cannabis Store  Ontari/button_Hide bar' does not exist

2019-05-27 17:24:58 - [MESSAGE][WARNING] - Test object with id 'Object Repository/' does not exist

2019-05-27 17:24:58 - [MESSAGE][WARNING] - Unable to click on object (Root cause: java.lang.IllegalArgumentException: Object is null)
[[ATTACHMENT|/Users/sumankompelly/Katalon Studio/OCS ( QA- 1.9.1 ) /Reports/QA ( 1.9.1)/HP, PROD , AG,COLL/20190527_170420/1558992298780.png]]

2019-05-27 17:24:58 - [TEST_STEP][PASSED] - delay(2, OPTIONAL): Delayed 2 second(s)

2019-05-27 17:25:00 - [MESSAGE][PASSED] - Delayed 2 second(s)

2019-05-27 17:25:00 - [TEST_STEP][PASSED] - setViewPortSize(360, 800, OPTIONAL): Viewport is set to new size with width = 360 and height = 800

2019-05-27 17:25:00 - [MESSAGE][PASSED] - Viewport is set to new size with width = 360 and height = 800

2019-05-27 17:25:00 - [TEST_STEP][PASSED] - delay(1, OPTIONAL): Delayed 1 second(s)

2019-05-27 17:25:01 - [MESSAGE][PASSED] - Delayed 1 second(s)

2019-05-27 17:25:01 - [TEST_STEP][PASSED] - click(findTestObject("OCS-MOBILE /FAQ page/First accordian - add")): Object: 'Object Repository/OCS-MOBILE /FAQ page/First accordian - add' is clicked on

2019-05-27 17:25:02 - [MESSAGE][PASSED] - Object: 'Object Repository/OCS-MOBILE /FAQ page/First accordian - add' is clicked on

2019-05-27 17:25:02 - [TEST_STEP][PASSED] - delay(1): Delayed 1 second(s)

2019-05-27 17:25:03 - [MESSAGE][PASSED] - Delayed 1 second(s)

2019-05-27 17:25:03 - [TEST_STEP][PASSED] - click(findTestObject("OCS-MOBILE /FAQ page/First accordian - Subtract")): Object: 'Object Repository/OCS-MOBILE /FAQ page/First accordian - Subtract' is clicked on

2019-05-27 17:25:03 - [MESSAGE][PASSED] - Object: 'Object Repository/OCS-MOBILE /FAQ page/First accordian - Subtract' is clicked on

2019-05-27 17:25:03 - [TEST_STEP][PASSED] - delay(1): Delayed 1 second(s)

2019-05-27 17:25:04 - [MESSAGE][PASSED] - Delayed 1 second(s)

2019-05-27 17:25:04 - [TEST_STEP][PASSED] - click(findTestObject("OCS-MOBILE /FAQ page/Second accordian- add")): Object: 'Object Repository/OCS-MOBILE /FAQ page/Second accordian- add' is clicked on

2019-05-27 17:25:04 - [MESSAGE][PASSED] - Object: 'Object Repository/OCS-MOBILE /FAQ page/Second accordian- add' is clicked on

2019-05-27 17:25:04 - [TEST_STEP][PASSED] - delay(1): Delayed 1 second(s)

2019-05-27 17:25:05 - [MESSAGE][PASSED] - Delayed 1 second(s)

2019-05-27 17:25:05 - [TEST_STEP][PASSED] - click(findTestObject("OCS-MOBILE /FAQ page/Second accordian - subtract")): Object: 'Object Repository/OCS-MOBILE /FAQ page/Second accordian - subtract' is clicked on

2019-05-27 17:25:05 - [MESSAGE][PASSED] - Object: 'Object Repository/OCS-MOBILE /FAQ page/Second accordian - subtract' is clicked on

2019-05-27 17:25:05 - [TEST_STEP][PASSED] - delay(1): Delayed 1 second(s)

2019-05-27 17:25:06 - [MESSAGE][PASSED] - Delayed 1 second(s)

2019-05-27 17:25:06 - [TEST_STEP][PASSED] - click(findTestObject("OCS-MOBILE /FAQ page/Load more1")): Object: 'Object Repository/OCS-MOBILE /FAQ page/Load more1' is clicked on

2019-05-27 17:25:07 - [MESSAGE][PASSED] - Object: 'Object Repository/OCS-MOBILE /FAQ page/Load more1' is clicked on

2019-05-27 17:25:07 - [TEST_STEP][PASSED] - delay(1): Delayed 1 second(s)

2019-05-27 17:25:08 - [MESSAGE][PASSED] - Delayed 1 second(s)

2019-05-27 17:25:08 - [TEST_STEP][PASSED] - click(findTestObject("OCS-MOBILE /FAQ page/Loadmore2")): Object: 'Object Repository/OCS-MOBILE /FAQ page/Loadmore2' is clicked on

2019-05-27 17:25:08 - [MESSAGE][PASSED] - Object: 'Object Repository/OCS-MOBILE /FAQ page/Loadmore2' is clicked on

2019-05-27 17:25:08 - [TEST_STEP][PASSED] - delay(1): Delayed 1 second(s)

2019-05-27 17:25:09 - [MESSAGE][PASSED] - Delayed 1 second(s)

2019-05-27 17:25:09 - [TEST_STEP][PASSED] - click(findTestObject("OCS-MOBILE /FAQ page/Loadmore3")): Object: 'Object Repository/OCS-MOBILE /FAQ page/Loadmore3' is clicked on

2019-05-27 17:25:09 - [MESSAGE][PASSED] - Object: 'Object Repository/OCS-MOBILE /FAQ page/Loadmore3' is clicked on

2019-05-27 17:25:09 - [TEST_STEP][PASSED] - delay(1): Delayed 1 second(s)

2019-05-27 17:25:10 - [MESSAGE][PASSED] - Delayed 1 second(s)

2019-05-27 17:25:10 - [TEST_STEP][PASSED] - click(findTestObject("OCS-MOBILE /FAQ page/Learn about cannabis")): Object: 'Object Repository/OCS-MOBILE /FAQ page/Learn about cannabis' is clicked on

2019-05-27 17:25:14 - [MESSAGE][PASSED] - Object: 'Object Repository/OCS-MOBILE /FAQ page/Learn about cannabis' is clicked on

2019-05-27 17:25:14 - [TEST_STEP][PASSED] - delay(1): Delayed 1 second(s)

2019-05-27 17:25:15 - [MESSAGE][PASSED] - Delayed 1 second(s)

2019-05-27 17:25:15 - [TEST_STEP][PASSED] - back(): Navigate back successfully

2019-05-27 17:25:16 - [MESSAGE][PASSED] - Navigate back successfully

2019-05-27 17:25:16 - [TEST_STEP][PASSED] - delay(1): Delayed 1 second(s)

2019-05-27 17:25:17 - [MESSAGE][PASSED] - Delayed 1 second(s)

2019-05-27 17:25:17 - [TEST_STEP][PASSED] - setViewPortSize(1000, 800, OPTIONAL): Viewport is set to new size with width = 1000 and height = 800

2019-05-27 17:25:18 - [MESSAGE][PASSED] - Viewport is set to new size with width = 1000 and height = 800

2019-05-27 17:25:18 - [TEST_STEP][PASSED] - delay(2, OPTIONAL): Delayed 2 second(s)

2019-05-27 17:25:20 - [MESSAGE][PASSED] - Delayed 2 second(s)

2019-05-27 17:25:20 - [TEST_STEP][PASSED] - click(findTestObject("Theme_oR/Page_Ontario Cannabis Store  Ontari/button_Hide bar"), OPTIONAL): Unable to click on object (Root cause: java.lang.IllegalArgumentException: Object is null)

2019-05-27 17:25:20 - [MESSAGE][WARNING] - Test object with id 'Object Repository/Theme_oR/Page_Ontario Cannabis Store  Ontari/button_Hide bar' does not exist

2019-05-27 17:25:20 - [MESSAGE][WARNING] - Test object with id 'Object Repository/' does not exist

2019-05-27 17:25:20 - [MESSAGE][WARNING] - Unable to click on object (Root cause: java.lang.IllegalArgumentException: Object is null)
[[ATTACHMENT|/Users/sumankompelly/Katalon Studio/OCS ( QA- 1.9.1 ) /Reports/QA ( 1.9.1)/HP, PROD , AG,COLL/20190527_170420/1558992320028.png]]

2019-05-27 17:25:20 - [TEST_STEP][PASSED] - delay(2, OPTIONAL): Delayed 2 second(s)

2019-05-27 17:25:22 - [MESSAGE][PASSED] - Delayed 2 second(s)

2019-05-27 17:25:22 - [TEST_STEP][PASSED] - setViewPortSize(360, 800, OPTIONAL): Viewport is set to new size with width = 360 and height = 800

2019-05-27 17:25:22 - [MESSAGE][PASSED] - Viewport is set to new size with width = 360 and height = 800

2019-05-27 17:25:22 - [TEST_STEP][PASSED] - delay(1, OPTIONAL): Delayed 1 second(s)

2019-05-27 17:25:23 - [MESSAGE][PASSED] - Delayed 1 second(s)

2019-05-27 17:25:23 - [TEST_STEP][PASSED] - executeJavaScript("var previewBar = document.getElementById("preview-bar-iframe"); previewBar.style.display = "none";", []): Execute JavaScript 'var previewBar = document.getElementById("preview-bar-iframe"); previewBar.style.display = "none";' successfully

2019-05-27 17:25:23 - [MESSAGE][PASSED] - Execute JavaScript 'var previewBar = document.getElementById("preview-bar-iframe"); previewBar.style.display = "none";' successfully

2019-05-27 17:25:23 - [TEST_STEP][PASSED] - click(findTestObject("OCS-MOBILE /FAQ page/Loadmore4")): Object: 'Object Repository/OCS-MOBILE /FAQ page/Loadmore4' is clicked on

2019-05-27 17:25:23 - [MESSAGE][PASSED] - Object: 'Object Repository/OCS-MOBILE /FAQ page/Loadmore4' is clicked on

2019-05-27 17:25:23 - [TEST_STEP][PASSED] - delay(2, OPTIONAL): Delayed 2 second(s)

2019-05-27 17:25:25 - [MESSAGE][PASSED] - Delayed 2 second(s)

2019-05-27 17:25:25 - [TEST_STEP][PASSED] - setViewPortSize(1000, 800, OPTIONAL): Viewport is set to new size with width = 1000 and height = 800

2019-05-27 17:25:25 - [MESSAGE][PASSED] - Viewport is set to new size with width = 1000 and height = 800

2019-05-27 17:25:25 - [TEST_STEP][PASSED] - delay(2, OPTIONAL): Delayed 2 second(s)

2019-05-27 17:25:27 - [MESSAGE][PASSED] - Delayed 2 second(s)

2019-05-27 17:25:27 - [TEST_STEP][PASSED] - click(findTestObject("Theme_oR/Page_Ontario Cannabis Store  Ontari/button_Hide bar"), OPTIONAL): Unable to click on object (Root cause: java.lang.IllegalArgumentException: Object is null)

2019-05-27 17:25:27 - [MESSAGE][WARNING] - Test object with id 'Object Repository/Theme_oR/Page_Ontario Cannabis Store  Ontari/button_Hide bar' does not exist

2019-05-27 17:25:27 - [MESSAGE][WARNING] - Test object with id 'Object Repository/' does not exist

2019-05-27 17:25:27 - [MESSAGE][WARNING] - Unable to click on object (Root cause: java.lang.IllegalArgumentException: Object is null)
[[ATTACHMENT|/Users/sumankompelly/Katalon Studio/OCS ( QA- 1.9.1 ) /Reports/QA ( 1.9.1)/HP, PROD , AG,COLL/20190527_170420/1558992327606.png]]

2019-05-27 17:25:27 - [TEST_STEP][PASSED] - delay(2, OPTIONAL): Delayed 2 second(s)

2019-05-27 17:25:29 - [MESSAGE][PASSED] - Delayed 2 second(s)

2019-05-27 17:25:29 - [TEST_STEP][PASSED] - setViewPortSize(360, 800, OPTIONAL): Viewport is set to new size with width = 360 and height = 800

2019-05-27 17:25:29 - [MESSAGE][PASSED] - Viewport is set to new size with width = 360 and height = 800

2019-05-27 17:25:29 - [TEST_STEP][PASSED] - delay(1, OPTIONAL): Delayed 1 second(s)

2019-05-27 17:25:30 - [MESSAGE][PASSED] - Delayed 1 second(s)

2019-05-27 17:25:30 - [TEST_STEP][PASSED] - click(findTestObject("OCS-MOBILE /FAQ page/Learn about OCS")): Object: 'Object Repository/OCS-MOBILE /FAQ page/Learn about OCS' is clicked on

2019-05-27 17:25:33 - [MESSAGE][PASSED] - Object: 'Object Repository/OCS-MOBILE /FAQ page/Learn about OCS' is clicked on

2019-05-27 17:25:33 - [TEST_STEP][PASSED] - back(): Navigate back successfully

2019-05-27 17:25:35 - [MESSAGE][PASSED] - Navigate back successfully

2019-05-27 17:25:35 - [TEST_STEP][PASSED] - delay(2, OPTIONAL): Delayed 2 second(s)

2019-05-27 17:25:37 - [MESSAGE][PASSED] - Delayed 2 second(s)

2019-05-27 17:25:37 - [TEST_STEP][PASSED] - setViewPortSize(1000, 800, OPTIONAL): Viewport is set to new size with width = 1000 and height = 800

2019-05-27 17:25:37 - [MESSAGE][PASSED] - Viewport is set to new size with width = 1000 and height = 800

2019-05-27 17:25:37 - [TEST_STEP][PASSED] - delay(2, OPTIONAL): Delayed 2 second(s)

2019-05-27 17:25:39 - [MESSAGE][PASSED] - Delayed 2 second(s)

2019-05-27 17:25:39 - [TEST_STEP][PASSED] - click(findTestObject("Theme_oR/Page_Ontario Cannabis Store  Ontari/button_Hide bar"), OPTIONAL): Unable to click on object (Root cause: java.lang.IllegalArgumentException: Object is null)

2019-05-27 17:25:39 - [MESSAGE][WARNING] - Test object with id 'Object Repository/Theme_oR/Page_Ontario Cannabis Store  Ontari/button_Hide bar' does not exist

2019-05-27 17:25:39 - [MESSAGE][WARNING] - Test object with id 'Object Repository/' does not exist

2019-05-27 17:25:39 - [MESSAGE][WARNING] - Unable to click on object (Root cause: java.lang.IllegalArgumentException: Object is null)
[[ATTACHMENT|/Users/sumankompelly/Katalon Studio/OCS ( QA- 1.9.1 ) /Reports/QA ( 1.9.1)/HP, PROD , AG,COLL/20190527_170420/1558992339646.png]]

2019-05-27 17:25:39 - [TEST_STEP][PASSED] - delay(2, OPTIONAL): Delayed 2 second(s)

2019-05-27 17:25:41 - [MESSAGE][PASSED] - Delayed 2 second(s)

2019-05-27 17:25:41 - [TEST_STEP][PASSED] - setViewPortSize(360, 800, OPTIONAL): Viewport is set to new size with width = 360 and height = 800

2019-05-27 17:25:41 - [MESSAGE][PASSED] - Viewport is set to new size with width = 360 and height = 800

2019-05-27 17:25:41 - [TEST_STEP][PASSED] - delay(1, OPTIONAL): Delayed 1 second(s)

2019-05-27 17:25:42 - [MESSAGE][PASSED] - Delayed 1 second(s)

2019-05-27 17:25:42 - [TEST_STEP][PASSED] - executeJavaScript("var previewBar = document.getElementById("preview-bar-iframe"); previewBar.style.display = "none";", []): Execute JavaScript 'var previewBar = document.getElementById("preview-bar-iframe"); previewBar.style.display = "none";' successfully

2019-05-27 17:25:42 - [MESSAGE][PASSED] - Execute JavaScript 'var previewBar = document.getElementById("preview-bar-iframe"); previewBar.style.display = "none";' successfully

2019-05-27 17:25:42 - [TEST_STEP][PASSED] - click(findTestObject("OCS-MOBILE /FAQ page/Choose cannabis products")): Object: 'Object Repository/OCS-MOBILE /FAQ page/Choose cannabis products' is clicked on

2019-05-27 17:25:45 - [MESSAGE][PASSED] - Object: 'Object Repository/OCS-MOBILE /FAQ page/Choose cannabis products' is clicked on

2019-05-27 17:25:45 - [TEST_STEP][PASSED] - back(): Navigate back successfully

2019-05-27 17:25:47 - [MESSAGE][PASSED] - Navigate back successfully

2019-05-27 17:25:47 - [TEST_STEP][PASSED] - executeJavaScript("var previewBar = document.getElementById("preview-bar-iframe"); previewBar.style.display = "none";", []): Execute JavaScript 'var previewBar = document.getElementById("preview-bar-iframe"); previewBar.style.display = "none";' successfully

2019-05-27 17:25:47 - [MESSAGE][PASSED] - Execute JavaScript 'var previewBar = document.getElementById("preview-bar-iframe"); previewBar.style.display = "none";' successfully

2019-05-27 17:25:47 - [TEST_STEP][PASSED] - click(findTestObject("OCS-MOBILE /Age gate and burger menu/Burger menu - English")): Object: 'Object Repository/OCS-MOBILE /Age gate and burger menu/Burger menu - English' is clicked on

2019-05-27 17:25:47 - [MESSAGE][PASSED] - Object: 'Object Repository/OCS-MOBILE /Age gate and burger menu/Burger menu - English' is clicked on

2019-05-27 17:25:47 - [TEST_STEP][PASSED] - delay(1, OPTIONAL): Delayed 1 second(s)

2019-05-27 17:25:48 - [MESSAGE][PASSED] - Delayed 1 second(s)

2019-05-27 17:25:48 - [TEST_STEP][FAILED] - click(findTestObject("OCS-MOBILE /FAQ page/FAQ")): click(findTestObject("OCS-MOBILE /FAQ page/FAQ")) FAILED.
Reason:
com.kms.katalon.core.exception.StepFailedException: Unable to click on object 'Object Repository/OCS-MOBILE /FAQ page/FAQ' (Root cause: org.openqa.selenium.ElementNotInteractableException: Element <i class="icon icon--forward"> could not be scrolled into view
Build info: version: '3.7.1', revision: '8a0099a', time: '2017-11-06T21:07:36.161Z'
System info: host: 'sumans-MacBook-Pro.local', ip: 'fe80:0:0:0:1c60:f35:3790:b4fa%en0', os.name: 'Mac OS X', os.arch: 'x86_64', os.version: '10.13.6', java.version: '1.8.0_181'
Driver info: com.kms.katalon.core.webui.driver.firefox.CGeckoDriver
Capabilities {acceptInsecureCerts: true, browserName: firefox, browserVersion: 67.0, javascriptEnabled: true, moz:accessibilityChecks: false, moz:buildID: 20190516215225, moz:geckodriverVersion: 0.23.0, moz:headless: false, moz:processID: 1817, moz:profile: /var/folders/1t/c55l8xzs6gq..., moz:shutdownTimeout: 60000, moz:useNonSpecCompliantPointerOrigin: false, moz:webdriverClick: true, pageLoadStrategy: normal, platform: MAC, platformName: MAC, platformVersion: 17.7.0, proxy: Proxy(direct), rotatable: false, setWindowRect: true, strictFileInteractability: false, timeouts: {implicit: 0, pageLoad: 300000, script: 30000}, unhandledPromptBehavior: dismiss and notify}
Session ID: fa195ee1-b0ac-cb46-afa1-95a1c9dee8d0)
	at com.kms.katalon.core.keyword.internal.KeywordMain.stepFailed(KeywordMain.groovy:36)
	at com.kms.katalon.core.webui.keyword.internal.WebUIKeywordMain.stepFailed(WebUIKeywordMain.groovy:65)
	at com.kms.katalon.core.webui.keyword.internal.WebUIKeywordMain.runKeyword(WebUIKeywordMain.groovy:27)
	at com.kms.katalon.core.webui.keyword.builtin.ClickKeyword.click(ClickKeyword.groovy:86)
	at com.kms.katalon.core.webui.keyword.builtin.ClickKeyword.execute(ClickKeyword.groovy:67)
	at com.kms.katalon.core.keyword.internal.KeywordExecutor.executeKeywordForPlatform(KeywordExecutor.groovy:53)
	at com.kms.katalon.core.webui.keyword.WebUiBuiltInKeywords.click(WebUiBuiltInKeywords.groovy:616)
	at com.kms.katalon.core.webui.keyword.WebUiBuiltInKeywords$click$3.call(Unknown Source)
	at HP -Burger menu-FAQ.run(HP -Burger menu-FAQ:163)
	at com.kms.katalon.core.main.ScriptEngine.run(ScriptEngine.java:194)
	at com.kms.katalon.core.main.ScriptEngine.runScriptAsRawText(ScriptEngine.java:119)
	at com.kms.katalon.core.main.TestCaseExecutor.runScript(TestCaseExecutor.java:328)
	at com.kms.katalon.core.main.TestCaseExecutor.doExecute(TestCaseExecutor.java:319)
	at com.kms.katalon.core.main.TestCaseExecutor.processExecutionPhase(TestCaseExecutor.java:298)
	at com.kms.katalon.core.main.TestCaseExecutor.accessMainPhase(TestCaseExecutor.java:290)
	at com.kms.katalon.core.main.TestCaseExecutor.execute(TestCaseExecutor.java:224)
	at com.kms.katalon.core.main.TestSuiteExecutor.accessTestCaseMainPhase(TestSuiteExecutor.java:129)
	at com.kms.katalon.core.main.TestSuiteExecutor.accessTestSuiteMainPhase(TestSuiteExecutor.java:112)
	at com.kms.katalon.core.main.TestSuiteExecutor.execute(TestSuiteExecutor.java:81)
	at com.kms.katalon.core.main.TestCaseMain.startTestSuite(TestCaseMain.java:149)
	at com.kms.katalon.core.main.TestCaseMain$startTestSuite$0.call(Unknown Source)
	at TempTestSuite1558991060376.run(TempTestSuite1558991060376.groovy:36)


2019-05-27 17:25:48 - [MESSAGE][FAILED] - Unable to click on object 'Object Repository/OCS-MOBILE /FAQ page/FAQ' (Root cause: org.openqa.selenium.ElementNotInteractableException: Element <i class="icon icon--forward"> could not be scrolled into view
Build info: version: '3.7.1', revision: '8a0099a', time: '2017-11-06T21:07:36.161Z'
System info: host: 'sumans-MacBook-Pro.local', ip: 'fe80:0:0:0:1c60:f35:3790:b4fa%en0', os.name: 'Mac OS X', os.arch: 'x86_64', os.version: '10.13.6', java.version: '1.8.0_181'
Driver info: com.kms.katalon.core.webui.driver.firefox.CGeckoDriver
Capabilities {acceptInsecureCerts: true, browserName: firefox, browserVersion: 67.0, javascriptEnabled: true, moz:accessibilityChecks: false, moz:buildID: 20190516215225, moz:geckodriverVersion: 0.23.0, moz:headless: false, moz:processID: 1817, moz:profile: /var/folders/1t/c55l8xzs6gq..., moz:shutdownTimeout: 60000, moz:useNonSpecCompliantPointerOrigin: false, moz:webdriverClick: true, pageLoadStrategy: normal, platform: MAC, platformName: MAC, platformVersion: 17.7.0, proxy: Proxy(direct), rotatable: false, setWindowRect: true, strictFileInteractability: false, timeouts: {implicit: 0, pageLoad: 300000, script: 30000}, unhandledPromptBehavior: dismiss and notify}
Session ID: fa195ee1-b0ac-cb46-afa1-95a1c9dee8d0)
[[ATTACHMENT|/Users/sumankompelly/Katalon Studio/OCS ( QA- 1.9.1 ) /Reports/QA ( 1.9.1)/HP, PROD , AG,COLL/20190527_170420/1558992348652.png]]

2019-05-27 17:25:48 - [MESSAGE][FAILED] - click(findTestObject("OCS-MOBILE /FAQ page/FAQ")) FAILED.
Reason:
com.kms.katalon.core.exception.StepFailedException: Unable to click on object 'Object Repository/OCS-MOBILE /FAQ page/FAQ' (Root cause: org.openqa.selenium.ElementNotInteractableException: Element <i class="icon icon--forward"> could not be scrolled into view
Build info: version: '3.7.1', revision: '8a0099a', time: '2017-11-06T21:07:36.161Z'
System info: host: 'sumans-MacBook-Pro.local', ip: 'fe80:0:0:0:1c60:f35:3790:b4fa%en0', os.name: 'Mac OS X', os.arch: 'x86_64', os.version: '10.13.6', java.version: '1.8.0_181'
Driver info: com.kms.katalon.core.webui.driver.firefox.CGeckoDriver
Capabilities {acceptInsecureCerts: true, browserName: firefox, browserVersion: 67.0, javascriptEnabled: true, moz:accessibilityChecks: false, moz:buildID: 20190516215225, moz:geckodriverVersion: 0.23.0, moz:headless: false, moz:processID: 1817, moz:profile: /var/folders/1t/c55l8xzs6gq..., moz:shutdownTimeout: 60000, moz:useNonSpecCompliantPointerOrigin: false, moz:webdriverClick: true, pageLoadStrategy: normal, platform: MAC, platformName: MAC, platformVersion: 17.7.0, proxy: Proxy(direct), rotatable: false, setWindowRect: true, strictFileInteractability: false, timeouts: {implicit: 0, pageLoad: 300000, script: 30000}, unhandledPromptBehavior: dismiss and notify}
Session ID: fa195ee1-b0ac-cb46-afa1-95a1c9dee8d0)
	at com.kms.katalon.core.keyword.internal.KeywordMain.stepFailed(KeywordMain.groovy:36)
	at com.kms.katalon.core.webui.keyword.internal.WebUIKeywordMain.stepFailed(WebUIKeywordMain.groovy:65)
	at com.kms.katalon.core.webui.keyword.internal.WebUIKeywordMain.runKeyword(WebUIKeywordMain.groovy:27)
	at com.kms.katalon.core.webui.keyword.builtin.ClickKeyword.click(ClickKeyword.groovy:86)
	at com.kms.katalon.core.webui.keyword.builtin.ClickKeyword.execute(ClickKeyword.groovy:67)
	at com.kms.katalon.core.keyword.internal.KeywordExecutor.executeKeywordForPlatform(KeywordExecutor.groovy:53)
	at com.kms.katalon.core.webui.keyword.WebUiBuiltInKeywords.click(WebUiBuiltInKeywords.groovy:616)
	at com.kms.katalon.core.webui.keyword.WebUiBuiltInKeywords$click$3.call(Unknown Source)
	at HP -Burger menu-FAQ.run(HP -Burger menu-FAQ:163)
	at com.kms.katalon.core.main.ScriptEngine.run(ScriptEngine.java:194)
	at com.kms.katalon.core.main.ScriptEngine.runScriptAsRawText(ScriptEngine.java:119)
	at com.kms.katalon.core.main.TestCaseExecutor.runScript(TestCaseExecutor.java:328)
	at com.kms.katalon.core.main.TestCaseExecutor.doExecute(TestCaseExecutor.java:319)
	at com.kms.katalon.core.main.TestCaseExecutor.processExecutionPhase(TestCaseExecutor.java:298)
	at com.kms.katalon.core.main.TestCaseExecutor.accessMainPhase(TestCaseExecutor.java:290)
	at com.kms.katalon.core.main.TestCaseExecutor.execute(TestCaseExecutor.java:224)
	at com.kms.katalon.core.main.TestSuiteExecutor.accessTestCaseMainPhase(TestSuiteExecutor.java:129)
	at com.kms.katalon.core.main.TestSuiteExecutor.accessTestSuiteMainPhase(TestSuiteExecutor.java:112)
	at com.kms.katalon.core.main.TestSuiteExecutor.execute(TestSuiteExecutor.java:81)
	at com.kms.katalon.core.main.TestCaseMain.startTestSuite(TestCaseMain.java:149)
	at com.kms.katalon.core.main.TestCaseMain$startTestSuite$0.call(Unknown Source)
	at TempTestSuite1558991060376.run(TempTestSuite1558991060376.groovy:36)]]></system-out>
         <system-err><![CDATA[2019-05-27 17:24:19 - [TEST_CASE][FAILED] - Test Cases/OCS - MOBILE/OCS- HOME PAGE/HP -Burger menu-FAQ: Test Cases/OCS - MOBILE/OCS- HOME PAGE/HP -Burger menu-FAQ FAILED.
Reason:
com.kms.katalon.core.exception.StepFailedException: Unable to click on object 'Object Repository/OCS-MOBILE /FAQ page/FAQ' (Root cause: org.openqa.selenium.ElementNotInteractableException: Element <i class="icon icon--forward"> could not be scrolled into view
Build info: version: '3.7.1', revision: '8a0099a', time: '2017-11-06T21:07:36.161Z'
System info: host: 'sumans-MacBook-Pro.local', ip: 'fe80:0:0:0:1c60:f35:3790:b4fa%en0', os.name: 'Mac OS X', os.arch: 'x86_64', os.version: '10.13.6', java.version: '1.8.0_181'
Driver info: com.kms.katalon.core.webui.driver.firefox.CGeckoDriver
Capabilities {acceptInsecureCerts: true, browserName: firefox, browserVersion: 67.0, javascriptEnabled: true, moz:accessibilityChecks: false, moz:buildID: 20190516215225, moz:geckodriverVersion: 0.23.0, moz:headless: false, moz:processID: 1817, moz:profile: /var/folders/1t/c55l8xzs6gq..., moz:shutdownTimeout: 60000, moz:useNonSpecCompliantPointerOrigin: false, moz:webdriverClick: true, pageLoadStrategy: normal, platform: MAC, platformName: MAC, platformVersion: 17.7.0, proxy: Proxy(direct), rotatable: false, setWindowRect: true, strictFileInteractability: false, timeouts: {implicit: 0, pageLoad: 300000, script: 30000}, unhandledPromptBehavior: dismiss and notify}
Session ID: fa195ee1-b0ac-cb46-afa1-95a1c9dee8d0)
	at com.kms.katalon.core.keyword.internal.KeywordMain.stepFailed(KeywordMain.groovy:36)
	at com.kms.katalon.core.webui.keyword.internal.WebUIKeywordMain.stepFailed(WebUIKeywordMain.groovy:65)
	at com.kms.katalon.core.webui.keyword.internal.WebUIKeywordMain.runKeyword(WebUIKeywordMain.groovy:27)
	at com.kms.katalon.core.webui.keyword.builtin.ClickKeyword.click(ClickKeyword.groovy:86)
	at com.kms.katalon.core.webui.keyword.builtin.ClickKeyword.execute(ClickKeyword.groovy:67)
	at com.kms.katalon.core.keyword.internal.KeywordExecutor.executeKeywordForPlatform(KeywordExecutor.groovy:53)
	at com.kms.katalon.core.webui.keyword.WebUiBuiltInKeywords.click(WebUiBuiltInKeywords.groovy:616)
	at com.kms.katalon.core.webui.keyword.WebUiBuiltInKeywords$click$3.call(Unknown Source)
	at HP -Burger menu-FAQ.run(HP -Burger menu-FAQ:163)
	at com.kms.katalon.core.main.ScriptEngine.run(ScriptEngine.java:194)
	at com.kms.katalon.core.main.ScriptEngine.runScriptAsRawText(ScriptEngine.java:119)
	at com.kms.katalon.core.main.TestCaseExecutor.runScript(TestCaseExecutor.java:328)
	at com.kms.katalon.core.main.TestCaseExecutor.doExecute(TestCaseExecutor.java:319)
	at com.kms.katalon.core.main.TestCaseExecutor.processExecutionPhase(TestCaseExecutor.java:298)
	at com.kms.katalon.core.main.TestCaseExecutor.accessMainPhase(TestCaseExecutor.java:290)
	at com.kms.katalon.core.main.TestCaseExecutor.execute(TestCaseExecutor.java:224)
	at com.kms.katalon.core.main.TestSuiteExecutor.accessTestCaseMainPhase(TestSuiteExecutor.java:129)
	at com.kms.katalon.core.main.TestSuiteExecutor.accessTestSuiteMainPhase(TestSuiteExecutor.java:112)
	at com.kms.katalon.core.main.TestSuiteExecutor.execute(TestSuiteExecutor.java:81)
	at com.kms.katalon.core.main.TestCaseMain.startTestSuite(TestCaseMain.java:149)
	at com.kms.katalon.core.main.TestCaseMain$startTestSuite$0.call(Unknown Source)
	at TempTestSuite1558991060376.run(TempTestSuite1558991060376.groovy:36)]]></system-err>
      </testcase>
      <testcase name="Test Cases/OCS - MOBILE/OCS- HOME PAGE/HP- Burger menu- Learn" classname="Test Cases/OCS - MOBILE/OCS- HOME PAGE/HP- Burger menu- Learn" status="PASSED">
         <system-out><![CDATA[2019-05-27 17:25:48 - [TEST_CASE][PASSED] - Test Cases/OCS - MOBILE/OCS- HOME PAGE/HP- Burger menu- Learn: Test Cases/OCS - MOBILE/OCS- HOME PAGE/HP- Burger menu- Learn

2019-05-27 17:25:48 - [TEST_STEP][PASSED] - callTestCase(findTestCase("OCS - MOBILE/CALL - AGE GATE"), [:], STOP_ON_FAILURE): Call Test Case 'Test Cases/OCS - MOBILE/CALL - AGE GATE' successfully

2019-05-27 17:25:48 - [TEST_CASE][PASSED] - Test Cases/OCS - MOBILE/CALL - AGE GATE: Test Cases/OCS - MOBILE/CALL - AGE GATE

2019-05-27 17:25:48 - [TEST_STEP][PASSED] - openBrowser(""): Browser is opened with url: ''

2019-05-27 17:25:48 - [MESSAGE][WARNING] - A browser is already opened. Closing browser and opening a new one

2019-05-27 17:25:49 - [MESSAGE][INFO] - Starting 'Firefox' driver

2019-05-27 17:25:51 - [MESSAGE][PASSED] - Browser is opened with url: ''

2019-05-27 17:25:51 - [TEST_STEP][PASSED] - navigateToUrl("https://ocs.ca/?fts=0&preview_theme_id=53376026444"): Navigate to 'https://ocs.ca/?fts=0&preview_theme_id=53376026444' successfully

2019-05-27 17:26:00 - [MESSAGE][PASSED] - Navigate to 'https://ocs.ca/?fts=0&preview_theme_id=53376026444' successfully

2019-05-27 17:26:00 - [TEST_STEP][NOT_RUN] - executeJavaScript("var previewBar = document.getElementById("preview-bar-iframe"); previewBar.style.display = "none";", []): NOT_RUN: executeJavaScript("var previewBar = document.getElementById("preview-bar-iframe"); previewBar.style.display = "none";", [])

2019-05-27 17:26:00 - [MESSAGE][NOT_RUN] - NOT_RUN: executeJavaScript("var previewBar = document.getElementById("preview-bar-iframe"); previewBar.style.display = "none";", [])

2019-05-27 17:26:00 - [TEST_STEP][PASSED] - setViewPortSize(360, 800): Viewport is set to new size with width = 360 and height = 800

2019-05-27 17:26:00 - [MESSAGE][PASSED] - Viewport is set to new size with width = 360 and height = 800

2019-05-27 17:26:00 - [TEST_STEP][PASSED] - delay(4): Delayed 4 second(s)

2019-05-27 17:26:04 - [MESSAGE][PASSED] - Delayed 4 second(s)

2019-05-27 17:26:04 - [TEST_STEP][PASSED] - selectOptionByValue(findTestObject("OCS-MOBILE /Age gate and burger menu/Date"), "12", true): All options with value '12' are selected in object 'Object Repository/OCS-MOBILE /Age gate and burger menu/Date'  using regular expression

2019-05-27 17:26:05 - [MESSAGE][PASSED] - All options with value '12' are selected in object 'Object Repository/OCS-MOBILE /Age gate and burger menu/Date'  using regular expression

2019-05-27 17:26:05 - [TEST_STEP][PASSED] - selectOptionByValue(findTestObject("OCS-MOBILE /Age gate and burger menu/month"), "6", true): All options with value '6' are selected in object 'Object Repository/OCS-MOBILE /Age gate and burger menu/month'  using regular expression

2019-05-27 17:26:05 - [MESSAGE][PASSED] - All options with value '6' are selected in object 'Object Repository/OCS-MOBILE /Age gate and burger menu/month'  using regular expression

2019-05-27 17:26:05 - [TEST_STEP][PASSED] - delay(2): Delayed 2 second(s)

2019-05-27 17:26:07 - [MESSAGE][PASSED] - Delayed 2 second(s)

2019-05-27 17:26:07 - [TEST_STEP][PASSED] - selectOptionByValue(findTestObject("OCS-MOBILE /Age gate and burger menu/Year Dropdown"), "1990", true): All options with value '1990' are selected in object 'Object Repository/OCS-MOBILE /Age gate and burger menu/Year Dropdown'  using regular expression

2019-05-27 17:26:08 - [MESSAGE][PASSED] - All options with value '1990' are selected in object 'Object Repository/OCS-MOBILE /Age gate and burger menu/Year Dropdown'  using regular expression

2019-05-27 17:26:08 - [TEST_STEP][PASSED] - click(findTestObject("OCS-MOBILE /Age gate and burger menu/button_Verify")): Object: 'Object Repository/OCS-MOBILE /Age gate and burger menu/button_Verify' is clicked on

2019-05-27 17:26:09 - [MESSAGE][PASSED] - Object: 'Object Repository/OCS-MOBILE /Age gate and burger menu/button_Verify' is clicked on

2019-05-27 17:26:09 - [TEST_STEP][PASSED] - click(findTestObject("OCS-MOBILE /Age gate and burger menu/Checkbox_CONFIRM AND ACKNOWLEDGE")): Object: 'Object Repository/OCS-MOBILE /Age gate and burger menu/Checkbox_CONFIRM AND ACKNOWLEDGE' is clicked on

2019-05-27 17:26:09 - [MESSAGE][PASSED] - Object: 'Object Repository/OCS-MOBILE /Age gate and burger menu/Checkbox_CONFIRM AND ACKNOWLEDGE' is clicked on

2019-05-27 17:26:09 - [TEST_STEP][PASSED] - click(findTestObject("OCS-MOBILE /Age gate and burger menu/button_CONFIRM")): Object: 'Object Repository/OCS-MOBILE /Age gate and burger menu/button_CONFIRM' is clicked on

2019-05-27 17:26:09 - [MESSAGE][PASSED] - Object: 'Object Repository/OCS-MOBILE /Age gate and burger menu/button_CONFIRM' is clicked on

2019-05-27 17:26:09 - [TEST_STEP][PASSED] - click(findTestObject("OCS-MOBILE /Age gate and burger menu/button_Start Browsing")): Object: 'Object Repository/OCS-MOBILE /Age gate and burger menu/button_Start Browsing' is clicked on

2019-05-27 17:26:09 - [MESSAGE][PASSED] - Object: 'Object Repository/OCS-MOBILE /Age gate and burger menu/button_Start Browsing' is clicked on

2019-05-27 17:26:09 - [MESSAGE][PASSED] - Call Test Case 'Test Cases/OCS - MOBILE/CALL - AGE GATE' successfully

2019-05-27 17:26:09 - [TEST_STEP][PASSED] - delay(2): Delayed 2 second(s)

2019-05-27 17:26:12 - [MESSAGE][PASSED] - Delayed 2 second(s)

2019-05-27 17:26:12 - [TEST_STEP][PASSED] - click(findTestObject("OCS-MOBILE /Age gate and burger menu/Burger menu - English"), CONTINUE_ON_FAILURE): Object: 'Object Repository/OCS-MOBILE /Age gate and burger menu/Burger menu - English' is clicked on

2019-05-27 17:26:12 - [MESSAGE][PASSED] - Object: 'Object Repository/OCS-MOBILE /Age gate and burger menu/Burger menu - English' is clicked on

2019-05-27 17:26:12 - [TEST_STEP][PASSED] - delay(2, CONTINUE_ON_FAILURE): Delayed 2 second(s)

2019-05-27 17:26:14 - [MESSAGE][PASSED] - Delayed 2 second(s)

2019-05-27 17:26:14 - [TEST_STEP][PASSED] - click(findTestObject("OCS-MOBILE /LEARN page/Learn chevron")): Object: 'Object Repository/OCS-MOBILE /LEARN page/Learn chevron' is clicked on

2019-05-27 17:26:14 - [MESSAGE][PASSED] - Object: 'Object Repository/OCS-MOBILE /LEARN page/Learn chevron' is clicked on

2019-05-27 17:26:14 - [TEST_STEP][PASSED] - delay(2): Delayed 2 second(s)

2019-05-27 17:26:16 - [MESSAGE][PASSED] - Delayed 2 second(s)

2019-05-27 17:26:16 - [TEST_STEP][PASSED] - click(findTestObject("OCS-MOBILE /LEARN page/How Cannabis Works plus accordian")): Object: 'Object Repository/OCS-MOBILE /LEARN page/How Cannabis Works plus accordian' is clicked on

2019-05-27 17:26:16 - [MESSAGE][PASSED] - Object: 'Object Repository/OCS-MOBILE /LEARN page/How Cannabis Works plus accordian' is clicked on

2019-05-27 17:26:16 - [TEST_STEP][PASSED] - click(findTestObject("OCS-MOBILE /LEARN page/How Cannabis Works Subtract accordian")): Object: 'Object Repository/OCS-MOBILE /LEARN page/How Cannabis Works Subtract accordian' is clicked on

2019-05-27 17:26:17 - [MESSAGE][PASSED] - Object: 'Object Repository/OCS-MOBILE /LEARN page/How Cannabis Works Subtract accordian' is clicked on

2019-05-27 17:26:17 - [TEST_STEP][PASSED] - click(findTestObject("OCS-MOBILE /LEARN page/How Cannabis Works plus accordian")): Object: 'Object Repository/OCS-MOBILE /LEARN page/How Cannabis Works plus accordian' is clicked on

2019-05-27 17:26:17 - [MESSAGE][PASSED] - Object: 'Object Repository/OCS-MOBILE /LEARN page/How Cannabis Works plus accordian' is clicked on

2019-05-27 17:26:17 - [TEST_STEP][PASSED] - click(findTestObject("OCS-MOBILE /LEARN page/The Effects of Cannabis Chevron")): Object: 'Object Repository/OCS-MOBILE /LEARN page/The Effects of Cannabis Chevron' is clicked on

2019-05-27 17:26:21 - [MESSAGE][PASSED] - Object: 'Object Repository/OCS-MOBILE /LEARN page/The Effects of Cannabis Chevron' is clicked on

2019-05-27 17:26:21 - [TEST_STEP][PASSED] - verifyTextPresent("The Effects of Cannabis", true): Text 'The Effects of Cannabis' is present on page  using regular expression

2019-05-27 17:26:22 - [MESSAGE][PASSED] - Text 'The Effects of Cannabis' is present on page  using regular expression

2019-05-27 17:26:22 - [TEST_STEP][PASSED] - delay(2): Delayed 2 second(s)

2019-05-27 17:26:24 - [MESSAGE][PASSED] - Delayed 2 second(s)

2019-05-27 17:26:24 - [TEST_STEP][PASSED] - click(findTestObject("OCS-MOBILE /Age gate and burger menu/Burger menu - English"), CONTINUE_ON_FAILURE): Object: 'Object Repository/OCS-MOBILE /Age gate and burger menu/Burger menu - English' is clicked on

2019-05-27 17:26:24 - [MESSAGE][PASSED] - Object: 'Object Repository/OCS-MOBILE /Age gate and burger menu/Burger menu - English' is clicked on

2019-05-27 17:26:24 - [TEST_STEP][PASSED] - delay(2, CONTINUE_ON_FAILURE): Delayed 2 second(s)

2019-05-27 17:26:26 - [MESSAGE][PASSED] - Delayed 2 second(s)

2019-05-27 17:26:26 - [TEST_STEP][PASSED] - click(findTestObject("OCS-MOBILE /LEARN page/Learn chevron")): Object: 'Object Repository/OCS-MOBILE /LEARN page/Learn chevron' is clicked on

2019-05-27 17:26:26 - [MESSAGE][PASSED] - Object: 'Object Repository/OCS-MOBILE /LEARN page/Learn chevron' is clicked on

2019-05-27 17:26:26 - [TEST_STEP][PASSED] - delay(2): Delayed 2 second(s)

2019-05-27 17:26:28 - [MESSAGE][PASSED] - Delayed 2 second(s)

2019-05-27 17:26:28 - [TEST_STEP][PASSED] - click(findTestObject("OCS-MOBILE /LEARN page/How Cannabis Works plus accordian")): Object: 'Object Repository/OCS-MOBILE /LEARN page/How Cannabis Works plus accordian' is clicked on

2019-05-27 17:26:28 - [MESSAGE][PASSED] - Object: 'Object Repository/OCS-MOBILE /LEARN page/How Cannabis Works plus accordian' is clicked on

2019-05-27 17:26:28 - [TEST_STEP][PASSED] - delay(1): Delayed 1 second(s)

2019-05-27 17:26:29 - [MESSAGE][PASSED] - Delayed 1 second(s)

2019-05-27 17:26:29 - [TEST_STEP][PASSED] - click(findTestObject("OCS-MOBILE /LEARN page/Endocannabinoids chevron")): Object: 'Object Repository/OCS-MOBILE /LEARN page/Endocannabinoids chevron' is clicked on

2019-05-27 17:26:33 - [MESSAGE][PASSED] - Object: 'Object Repository/OCS-MOBILE /LEARN page/Endocannabinoids chevron' is clicked on

2019-05-27 17:26:33 - [TEST_STEP][PASSED] - verifyTextPresent("The Endocannabinoid System", true): Text 'The Endocannabinoid System' is present on page  using regular expression

2019-05-27 17:26:34 - [MESSAGE][PASSED] - Text 'The Endocannabinoid System' is present on page  using regular expression

2019-05-27 17:26:34 - [TEST_STEP][PASSED] - delay(2): Delayed 2 second(s)

2019-05-27 17:26:36 - [MESSAGE][PASSED] - Delayed 2 second(s)

2019-05-27 17:26:36 - [TEST_STEP][PASSED] - click(findTestObject("OCS-MOBILE /Age gate and burger menu/Burger menu - English"), CONTINUE_ON_FAILURE): Object: 'Object Repository/OCS-MOBILE /Age gate and burger menu/Burger menu - English' is clicked on

2019-05-27 17:26:36 - [MESSAGE][PASSED] - Object: 'Object Repository/OCS-MOBILE /Age gate and burger menu/Burger menu - English' is clicked on

2019-05-27 17:26:36 - [TEST_STEP][PASSED] - delay(2, CONTINUE_ON_FAILURE): Delayed 2 second(s)

2019-05-27 17:26:38 - [MESSAGE][PASSED] - Delayed 2 second(s)

2019-05-27 17:26:38 - [TEST_STEP][PASSED] - click(findTestObject("OCS-MOBILE /LEARN page/Learn chevron")): Object: 'Object Repository/OCS-MOBILE /LEARN page/Learn chevron' is clicked on

2019-05-27 17:26:38 - [MESSAGE][PASSED] - Object: 'Object Repository/OCS-MOBILE /LEARN page/Learn chevron' is clicked on

2019-05-27 17:26:38 - [TEST_STEP][PASSED] - delay(2): Delayed 2 second(s)

2019-05-27 17:26:40 - [MESSAGE][PASSED] - Delayed 2 second(s)

2019-05-27 17:26:40 - [TEST_STEP][PASSED] - click(findTestObject("OCS-MOBILE /LEARN page/How Cannabis Works plus accordian")): Object: 'Object Repository/OCS-MOBILE /LEARN page/How Cannabis Works plus accordian' is clicked on

2019-05-27 17:26:41 - [MESSAGE][PASSED] - Object: 'Object Repository/OCS-MOBILE /LEARN page/How Cannabis Works plus accordian' is clicked on

2019-05-27 17:26:41 - [TEST_STEP][PASSED] - delay(1): Delayed 1 second(s)

2019-05-27 17:26:42 - [MESSAGE][PASSED] - Delayed 1 second(s)

2019-05-27 17:26:42 - [TEST_STEP][PASSED] - click(findTestObject("OCS-MOBILE /LEARN page/Read More -1")): Object: 'Object Repository/OCS-MOBILE /LEARN page/Read More -1' is clicked on

2019-05-27 17:26:45 - [MESSAGE][PASSED] - Object: 'Object Repository/OCS-MOBILE /LEARN page/Read More -1' is clicked on

2019-05-27 17:26:45 - [TEST_STEP][PASSED] - verifyTextPresent("The human reaction to cannabis.", false): Text 'The human reaction to cannabis.' is present on page 

2019-05-27 17:26:45 - [MESSAGE][PASSED] - Text 'The human reaction to cannabis.' is present on page 

2019-05-27 17:26:45 - [TEST_STEP][PASSED] - delay(2): Delayed 2 second(s)

2019-05-27 17:26:47 - [MESSAGE][PASSED] - Delayed 2 second(s)

2019-05-27 17:26:47 - [TEST_STEP][PASSED] - click(findTestObject("OCS-MOBILE /Age gate and burger menu/Burger menu - English"), CONTINUE_ON_FAILURE): Object: 'Object Repository/OCS-MOBILE /Age gate and burger menu/Burger menu - English' is clicked on

2019-05-27 17:26:48 - [MESSAGE][PASSED] - Object: 'Object Repository/OCS-MOBILE /Age gate and burger menu/Burger menu - English' is clicked on

2019-05-27 17:26:48 - [TEST_STEP][PASSED] - delay(2, CONTINUE_ON_FAILURE): Delayed 2 second(s)

2019-05-27 17:26:50 - [MESSAGE][PASSED] - Delayed 2 second(s)

2019-05-27 17:26:50 - [TEST_STEP][PASSED] - click(findTestObject("OCS-MOBILE /LEARN page/Learn chevron")): Object: 'Object Repository/OCS-MOBILE /LEARN page/Learn chevron' is clicked on

2019-05-27 17:26:50 - [MESSAGE][PASSED] - Object: 'Object Repository/OCS-MOBILE /LEARN page/Learn chevron' is clicked on

2019-05-27 17:26:50 - [TEST_STEP][PASSED] - delay(2): Delayed 2 second(s)

2019-05-27 17:26:52 - [MESSAGE][PASSED] - Delayed 2 second(s)

2019-05-27 17:26:52 - [TEST_STEP][PASSED] - click(findTestObject("OCS-MOBILE /LEARN page/Cannabis Anatomy plus accordian")): Object: 'Object Repository/OCS-MOBILE /LEARN page/Cannabis Anatomy plus accordian' is clicked on

2019-05-27 17:26:52 - [MESSAGE][PASSED] - Object: 'Object Repository/OCS-MOBILE /LEARN page/Cannabis Anatomy plus accordian' is clicked on

2019-05-27 17:26:52 - [TEST_STEP][PASSED] - click(findTestObject("OCS-MOBILE /LEARN page/Cannabis Anatomy subtract accordian")): Object: 'Object Repository/OCS-MOBILE /LEARN page/Cannabis Anatomy subtract accordian' is clicked on

2019-05-27 17:26:53 - [MESSAGE][PASSED] - Object: 'Object Repository/OCS-MOBILE /LEARN page/Cannabis Anatomy subtract accordian' is clicked on

2019-05-27 17:26:53 - [TEST_STEP][PASSED] - click(findTestObject("OCS-MOBILE /LEARN page/Cannabis Anatomy plus accordian")): Object: 'Object Repository/OCS-MOBILE /LEARN page/Cannabis Anatomy plus accordian' is clicked on

2019-05-27 17:26:53 - [MESSAGE][PASSED] - Object: 'Object Repository/OCS-MOBILE /LEARN page/Cannabis Anatomy plus accordian' is clicked on

2019-05-27 17:26:53 - [TEST_STEP][PASSED] - click(findTestObject("OCS-MOBILE /LEARN page/CBD Chevron")): Object: 'Object Repository/OCS-MOBILE /LEARN page/CBD Chevron' is clicked on

2019-05-27 17:26:56 - [MESSAGE][PASSED] - Object: 'Object Repository/OCS-MOBILE /LEARN page/CBD Chevron' is clicked on

2019-05-27 17:26:56 - [TEST_STEP][PASSED] - delay(2): Delayed 2 second(s)

2019-05-27 17:26:58 - [MESSAGE][PASSED] - Delayed 2 second(s)

2019-05-27 17:26:58 - [TEST_STEP][PASSED] - verifyTextPresent("CANNABIS ANATOMY", false, CONTINUE_ON_FAILURE): Text 'CANNABIS ANATOMY' is present on page 

2019-05-27 17:26:58 - [MESSAGE][PASSED] - Text 'CANNABIS ANATOMY' is present on page 

2019-05-27 17:26:58 - [TEST_STEP][PASSED] - delay(2): Delayed 2 second(s)

2019-05-27 17:27:00 - [MESSAGE][PASSED] - Delayed 2 second(s)

2019-05-27 17:27:00 - [TEST_STEP][PASSED] - click(findTestObject("OCS-MOBILE /Age gate and burger menu/Burger menu - English"), CONTINUE_ON_FAILURE): Object: 'Object Repository/OCS-MOBILE /Age gate and burger menu/Burger menu - English' is clicked on

2019-05-27 17:27:00 - [MESSAGE][PASSED] - Object: 'Object Repository/OCS-MOBILE /Age gate and burger menu/Burger menu - English' is clicked on

2019-05-27 17:27:00 - [TEST_STEP][PASSED] - delay(2, CONTINUE_ON_FAILURE): Delayed 2 second(s)

2019-05-27 17:27:02 - [MESSAGE][PASSED] - Delayed 2 second(s)

2019-05-27 17:27:02 - [TEST_STEP][PASSED] - click(findTestObject("OCS-MOBILE /LEARN page/Learn chevron")): Object: 'Object Repository/OCS-MOBILE /LEARN page/Learn chevron' is clicked on

2019-05-27 17:27:03 - [MESSAGE][PASSED] - Object: 'Object Repository/OCS-MOBILE /LEARN page/Learn chevron' is clicked on

2019-05-27 17:27:03 - [TEST_STEP][PASSED] - delay(2): Delayed 2 second(s)

2019-05-27 17:27:05 - [MESSAGE][PASSED] - Delayed 2 second(s)

2019-05-27 17:27:05 - [TEST_STEP][PASSED] - click(findTestObject("OCS-MOBILE /LEARN page/Cannabis Anatomy plus accordian")): Object: 'Object Repository/OCS-MOBILE /LEARN page/Cannabis Anatomy plus accordian' is clicked on

2019-05-27 17:27:05 - [MESSAGE][PASSED] - Object: 'Object Repository/OCS-MOBILE /LEARN page/Cannabis Anatomy plus accordian' is clicked on

2019-05-27 17:27:05 - [TEST_STEP][PASSED] - delay(1): Delayed 1 second(s)

2019-05-27 17:27:06 - [MESSAGE][PASSED] - Delayed 1 second(s)

2019-05-27 17:27:06 - [TEST_STEP][PASSED] - click(findTestObject("OCS-MOBILE /LEARN page/Terpenes chevron")): Object: 'Object Repository/OCS-MOBILE /LEARN page/Terpenes chevron' is clicked on

2019-05-27 17:27:10 - [MESSAGE][PASSED] - Object: 'Object Repository/OCS-MOBILE /LEARN page/Terpenes chevron' is clicked on

2019-05-27 17:27:10 - [TEST_STEP][NOT_RUN] - click(findTestObject("Learn_spy/Page_Ontario Cannabis Store  Ontari/h3_Learn")): NOT_RUN: click(findTestObject("Learn_spy/Page_Ontario Cannabis Store  Ontari/h3_Learn"))

2019-05-27 17:27:10 - [MESSAGE][NOT_RUN] - NOT_RUN: click(findTestObject("Learn_spy/Page_Ontario Cannabis Store  Ontari/h3_Learn"))

2019-05-27 17:27:10 - [TEST_STEP][NOT_RUN] - click(findTestObject("Object Repository/Learn_OR/Page_The Effects of Cannabis  Ontar/a_Read More")): NOT_RUN: click(findTestObject("Object Repository/Learn_OR/Page_The Effects of Cannabis  Ontar/a_Read More"))

2019-05-27 17:27:10 - [MESSAGE][NOT_RUN] - NOT_RUN: click(findTestObject("Object Repository/Learn_OR/Page_The Effects of Cannabis  Ontar/a_Read More"))

2019-05-27 17:27:10 - [TEST_STEP][PASSED] - verifyTextPresent("Terpenes give cannabis strains their unique aromas.", true): Text 'Terpenes give cannabis strains their unique aromas.' is present on page  using regular expression

2019-05-27 17:27:10 - [MESSAGE][PASSED] - Text 'Terpenes give cannabis strains their unique aromas.' is present on page  using regular expression

2019-05-27 17:27:10 - [TEST_STEP][NOT_RUN] - click(findTestObject("Learn_spy/Page_Ontario Cannabis Store  Ontari/h3_Learn")): NOT_RUN: click(findTestObject("Learn_spy/Page_Ontario Cannabis Store  Ontari/h3_Learn"))

2019-05-27 17:27:10 - [MESSAGE][NOT_RUN] - NOT_RUN: click(findTestObject("Learn_spy/Page_Ontario Cannabis Store  Ontari/h3_Learn"))

2019-05-27 17:27:10 - [TEST_STEP][NOT_RUN] - click(findTestObject("Object Repository/Learn_OR/Page_How Cannabis Works  Ontario Ca/span_Cannabis Anatomy")): NOT_RUN: click(findTestObject("Object Repository/Learn_OR/Page_How Cannabis Works  Ontario Ca/span_Cannabis Anatomy"))

2019-05-27 17:27:10 - [MESSAGE][NOT_RUN] - NOT_RUN: click(findTestObject("Object Repository/Learn_OR/Page_How Cannabis Works  Ontario Ca/span_Cannabis Anatomy"))

2019-05-27 17:27:10 - [TEST_STEP][NOT_RUN] - click(findTestObject("Learn_spy/Page_Ontario Cannabis Store  Ontari/h3_Learn")): NOT_RUN: click(findTestObject("Learn_spy/Page_Ontario Cannabis Store  Ontari/h3_Learn"))

2019-05-27 17:27:10 - [MESSAGE][NOT_RUN] - NOT_RUN: click(findTestObject("Learn_spy/Page_Ontario Cannabis Store  Ontari/h3_Learn"))

2019-05-27 17:27:10 - [TEST_STEP][NOT_RUN] - verifyTextPresent("Terpenes give cannabis strains their unique aromas.", true): NOT_RUN: verifyTextPresent("Terpenes give cannabis strains their unique aromas.", true)

2019-05-27 17:27:10 - [MESSAGE][NOT_RUN] - NOT_RUN: verifyTextPresent("Terpenes give cannabis strains their unique aromas.", true)

2019-05-27 17:27:10 - [TEST_STEP][PASSED] - delay(2): Delayed 2 second(s)

2019-05-27 17:27:12 - [MESSAGE][PASSED] - Delayed 2 second(s)

2019-05-27 17:27:12 - [TEST_STEP][PASSED] - click(findTestObject("OCS-MOBILE /Age gate and burger menu/Burger menu - English"), CONTINUE_ON_FAILURE): Object: 'Object Repository/OCS-MOBILE /Age gate and burger menu/Burger menu - English' is clicked on

2019-05-27 17:27:12 - [MESSAGE][PASSED] - Object: 'Object Repository/OCS-MOBILE /Age gate and burger menu/Burger menu - English' is clicked on

2019-05-27 17:27:12 - [TEST_STEP][PASSED] - delay(2, CONTINUE_ON_FAILURE): Delayed 2 second(s)

2019-05-27 17:27:14 - [MESSAGE][PASSED] - Delayed 2 second(s)

2019-05-27 17:27:14 - [TEST_STEP][PASSED] - click(findTestObject("OCS-MOBILE /LEARN page/Learn chevron")): Object: 'Object Repository/OCS-MOBILE /LEARN page/Learn chevron' is clicked on

2019-05-27 17:27:15 - [MESSAGE][PASSED] - Object: 'Object Repository/OCS-MOBILE /LEARN page/Learn chevron' is clicked on

2019-05-27 17:27:15 - [TEST_STEP][PASSED] - delay(2): Delayed 2 second(s)

2019-05-27 17:27:17 - [MESSAGE][PASSED] - Delayed 2 second(s)

2019-05-27 17:27:17 - [TEST_STEP][PASSED] - click(findTestObject("OCS-MOBILE /LEARN page/Cannabis Anatomy plus accordian")): Object: 'Object Repository/OCS-MOBILE /LEARN page/Cannabis Anatomy plus accordian' is clicked on

2019-05-27 17:27:17 - [MESSAGE][PASSED] - Object: 'Object Repository/OCS-MOBILE /LEARN page/Cannabis Anatomy plus accordian' is clicked on

2019-05-27 17:27:17 - [TEST_STEP][PASSED] - delay(1): Delayed 1 second(s)

2019-05-27 17:27:18 - [MESSAGE][PASSED] - Delayed 1 second(s)

2019-05-27 17:27:18 - [TEST_STEP][PASSED] - click(findTestObject("OCS-MOBILE /LEARN page/THC chevron")): Object: 'Object Repository/OCS-MOBILE /LEARN page/THC chevron' is clicked on

2019-05-27 17:27:19 - [MESSAGE][PASSED] - Object: 'Object Repository/OCS-MOBILE /LEARN page/THC chevron' is clicked on

2019-05-27 17:27:19 - [TEST_STEP][PASSED] - verifyTextPresent("THC is the component in cannabis that is primarily responsible for its intoxicating, psychoactive effects.", true): Text 'THC is the component in cannabis that is primarily responsible for its intoxicating, psychoactive effects.' is present on page  using regular expression

2019-05-27 17:27:20 - [MESSAGE][PASSED] - Text 'THC is the component in cannabis that is primarily responsible for its intoxicating, psychoactive effects.' is present on page  using regular expression

2019-05-27 17:27:20 - [TEST_STEP][PASSED] - delay(2): Delayed 2 second(s)

2019-05-27 17:27:22 - [MESSAGE][PASSED] - Delayed 2 second(s)

2019-05-27 17:27:22 - [TEST_STEP][PASSED] - click(findTestObject("OCS-MOBILE /Age gate and burger menu/Burger menu - English"), CONTINUE_ON_FAILURE): Object: 'Object Repository/OCS-MOBILE /Age gate and burger menu/Burger menu - English' is clicked on

2019-05-27 17:27:22 - [MESSAGE][PASSED] - Object: 'Object Repository/OCS-MOBILE /Age gate and burger menu/Burger menu - English' is clicked on

2019-05-27 17:27:22 - [TEST_STEP][PASSED] - delay(2, CONTINUE_ON_FAILURE): Delayed 2 second(s)

2019-05-27 17:27:24 - [MESSAGE][PASSED] - Delayed 2 second(s)

2019-05-27 17:27:24 - [TEST_STEP][PASSED] - click(findTestObject("OCS-MOBILE /LEARN page/Learn chevron")): Object: 'Object Repository/OCS-MOBILE /LEARN page/Learn chevron' is clicked on

2019-05-27 17:27:24 - [MESSAGE][PASSED] - Object: 'Object Repository/OCS-MOBILE /LEARN page/Learn chevron' is clicked on

2019-05-27 17:27:24 - [TEST_STEP][PASSED] - delay(2): Delayed 2 second(s)

2019-05-27 17:27:26 - [MESSAGE][PASSED] - Delayed 2 second(s)

2019-05-27 17:27:26 - [TEST_STEP][PASSED] - click(findTestObject("OCS-MOBILE /LEARN page/Cannabis Anatomy plus accordian")): Object: 'Object Repository/OCS-MOBILE /LEARN page/Cannabis Anatomy plus accordian' is clicked on

2019-05-27 17:27:27 - [MESSAGE][PASSED] - Object: 'Object Repository/OCS-MOBILE /LEARN page/Cannabis Anatomy plus accordian' is clicked on

2019-05-27 17:27:27 - [TEST_STEP][PASSED] - delay(1): Delayed 1 second(s)

2019-05-27 17:27:28 - [MESSAGE][PASSED] - Delayed 1 second(s)

2019-05-27 17:27:28 - [TEST_STEP][PASSED] - click(findTestObject("OCS-MOBILE /LEARN page/Read More -2")): Object: 'Object Repository/OCS-MOBILE /LEARN page/Read More -2' is clicked on

2019-05-27 17:27:30 - [MESSAGE][PASSED] - Object: 'Object Repository/OCS-MOBILE /LEARN page/Read More -2' is clicked on

2019-05-27 17:27:30 - [TEST_STEP][PASSED] - verifyTextPresent("The components of a complex plant.", true): Text 'The components of a complex plant.' is present on page  using regular expression

2019-05-27 17:27:31 - [MESSAGE][PASSED] - Text 'The components of a complex plant.' is present on page  using regular expression

2019-05-27 17:27:31 - [TEST_STEP][PASSED] - delay(2): Delayed 2 second(s)

2019-05-27 17:27:33 - [MESSAGE][PASSED] - Delayed 2 second(s)

2019-05-27 17:27:33 - [TEST_STEP][PASSED] - click(findTestObject("OCS-MOBILE /Age gate and burger menu/Burger menu - English"), CONTINUE_ON_FAILURE): Object: 'Object Repository/OCS-MOBILE /Age gate and burger menu/Burger menu - English' is clicked on

2019-05-27 17:27:33 - [MESSAGE][PASSED] - Object: 'Object Repository/OCS-MOBILE /Age gate and burger menu/Burger menu - English' is clicked on

2019-05-27 17:27:33 - [TEST_STEP][PASSED] - delay(2, CONTINUE_ON_FAILURE): Delayed 2 second(s)

2019-05-27 17:27:35 - [MESSAGE][PASSED] - Delayed 2 second(s)

2019-05-27 17:27:35 - [TEST_STEP][PASSED] - click(findTestObject("OCS-MOBILE /LEARN page/Learn chevron")): Object: 'Object Repository/OCS-MOBILE /LEARN page/Learn chevron' is clicked on

2019-05-27 17:27:35 - [MESSAGE][PASSED] - Object: 'Object Repository/OCS-MOBILE /LEARN page/Learn chevron' is clicked on

2019-05-27 17:27:35 - [TEST_STEP][PASSED] - delay(2): Delayed 2 second(s)

2019-05-27 17:27:37 - [MESSAGE][PASSED] - Delayed 2 second(s)

2019-05-27 17:27:37 - [TEST_STEP][PASSED] - click(findTestObject("OCS-MOBILE /LEARN page/Cannabis Consumption plus accordian")): Object: 'Object Repository/OCS-MOBILE /LEARN page/Cannabis Consumption plus accordian' is clicked on

2019-05-27 17:27:37 - [MESSAGE][PASSED] - Object: 'Object Repository/OCS-MOBILE /LEARN page/Cannabis Consumption plus accordian' is clicked on

2019-05-27 17:27:37 - [TEST_STEP][PASSED] - delay(1): Delayed 1 second(s)

2019-05-27 17:27:38 - [MESSAGE][PASSED] - Delayed 1 second(s)

2019-05-27 17:27:38 - [TEST_STEP][PASSED] - click(findTestObject("OCS-MOBILE /LEARN page/Cannabis Consumption subtract accordian")): Object: 'Object Repository/OCS-MOBILE /LEARN page/Cannabis Consumption subtract accordian' is clicked on

2019-05-27 17:27:39 - [MESSAGE][PASSED] - Object: 'Object Repository/OCS-MOBILE /LEARN page/Cannabis Consumption subtract accordian' is clicked on

2019-05-27 17:27:39 - [TEST_STEP][PASSED] - click(findTestObject("OCS-MOBILE /LEARN page/Cannabis Consumption plus accordian")): Object: 'Object Repository/OCS-MOBILE /LEARN page/Cannabis Consumption plus accordian' is clicked on

2019-05-27 17:27:39 - [MESSAGE][PASSED] - Object: 'Object Repository/OCS-MOBILE /LEARN page/Cannabis Consumption plus accordian' is clicked on

2019-05-27 17:27:39 - [TEST_STEP][PASSED] - delay(1): Delayed 1 second(s)

2019-05-27 17:27:40 - [MESSAGE][PASSED] - Delayed 1 second(s)

2019-05-27 17:27:40 - [TEST_STEP][PASSED] - click(findTestObject("OCS-MOBILE /LEARN page/Cooking with cannabis - chevron")): Object: 'Object Repository/OCS-MOBILE /LEARN page/Cooking with cannabis - chevron' is clicked on

2019-05-27 17:27:43 - [MESSAGE][PASSED] - Object: 'Object Repository/OCS-MOBILE /LEARN page/Cooking with cannabis - chevron' is clicked on

2019-05-27 17:27:43 - [TEST_STEP][PASSED] - verifyTextPresent("Cannabis-infused foods are becoming more common, and careful preparation is required to avoid overconsumption.", true): Text 'Cannabis-infused foods are becoming more common, and careful preparation is required to avoid overconsumption.' is present on page  using regular expression

2019-05-27 17:27:43 - [MESSAGE][PASSED] - Text 'Cannabis-infused foods are becoming more common, and careful preparation is required to avoid overconsumption.' is present on page  using regular expression

2019-05-27 17:27:43 - [TEST_STEP][PASSED] - delay(2): Delayed 2 second(s)

2019-05-27 17:27:45 - [MESSAGE][PASSED] - Delayed 2 second(s)

2019-05-27 17:27:45 - [TEST_STEP][PASSED] - click(findTestObject("OCS-MOBILE /Age gate and burger menu/Burger menu - English"), CONTINUE_ON_FAILURE): Object: 'Object Repository/OCS-MOBILE /Age gate and burger menu/Burger menu - English' is clicked on

2019-05-27 17:27:46 - [MESSAGE][PASSED] - Object: 'Object Repository/OCS-MOBILE /Age gate and burger menu/Burger menu - English' is clicked on

2019-05-27 17:27:46 - [TEST_STEP][PASSED] - delay(2, CONTINUE_ON_FAILURE): Delayed 2 second(s)

2019-05-27 17:27:48 - [MESSAGE][PASSED] - Delayed 2 second(s)

2019-05-27 17:27:48 - [TEST_STEP][PASSED] - click(findTestObject("OCS-MOBILE /LEARN page/Learn chevron")): Object: 'Object Repository/OCS-MOBILE /LEARN page/Learn chevron' is clicked on

2019-05-27 17:27:48 - [MESSAGE][PASSED] - Object: 'Object Repository/OCS-MOBILE /LEARN page/Learn chevron' is clicked on

2019-05-27 17:27:48 - [TEST_STEP][PASSED] - delay(2): Delayed 2 second(s)

2019-05-27 17:27:50 - [MESSAGE][PASSED] - Delayed 2 second(s)

2019-05-27 17:27:50 - [TEST_STEP][PASSED] - click(findTestObject("OCS-MOBILE /LEARN page/Cannabis Consumption plus accordian")): Object: 'Object Repository/OCS-MOBILE /LEARN page/Cannabis Consumption plus accordian' is clicked on

2019-05-27 17:27:50 - [MESSAGE][PASSED] - Object: 'Object Repository/OCS-MOBILE /LEARN page/Cannabis Consumption plus accordian' is clicked on

2019-05-27 17:27:50 - [TEST_STEP][PASSED] - delay(1): Delayed 1 second(s)

2019-05-27 17:27:51 - [MESSAGE][PASSED] - Delayed 1 second(s)

2019-05-27 17:27:51 - [TEST_STEP][PASSED] - click(findTestObject("OCS-MOBILE /LEARN page/storing cannabis - chevron")): Object: 'Object Repository/OCS-MOBILE /LEARN page/storing cannabis - chevron' is clicked on

2019-05-27 17:27:54 - [MESSAGE][PASSED] - Object: 'Object Repository/OCS-MOBILE /LEARN page/storing cannabis - chevron' is clicked on

2019-05-27 17:27:54 - [TEST_STEP][PASSED] - verifyTextPresent("How to keep your family safe and your cannabis from spoiling.", true): Text 'How to keep your family safe and your cannabis from spoiling.' is present on page  using regular expression

2019-05-27 17:27:54 - [MESSAGE][PASSED] - Text 'How to keep your family safe and your cannabis from spoiling.' is present on page  using regular expression

2019-05-27 17:27:54 - [TEST_STEP][PASSED] - delay(2): Delayed 2 second(s)

2019-05-27 17:27:56 - [MESSAGE][PASSED] - Delayed 2 second(s)

2019-05-27 17:27:56 - [TEST_STEP][PASSED] - click(findTestObject("OCS-MOBILE /Age gate and burger menu/Burger menu - English"), CONTINUE_ON_FAILURE): Object: 'Object Repository/OCS-MOBILE /Age gate and burger menu/Burger menu - English' is clicked on

2019-05-27 17:27:56 - [MESSAGE][PASSED] - Object: 'Object Repository/OCS-MOBILE /Age gate and burger menu/Burger menu - English' is clicked on

2019-05-27 17:27:56 - [TEST_STEP][PASSED] - delay(2, CONTINUE_ON_FAILURE): Delayed 2 second(s)

2019-05-27 17:27:58 - [MESSAGE][PASSED] - Delayed 2 second(s)

2019-05-27 17:27:58 - [TEST_STEP][PASSED] - click(findTestObject("OCS-MOBILE /LEARN page/Learn chevron")): Object: 'Object Repository/OCS-MOBILE /LEARN page/Learn chevron' is clicked on

2019-05-27 17:27:59 - [MESSAGE][PASSED] - Object: 'Object Repository/OCS-MOBILE /LEARN page/Learn chevron' is clicked on

2019-05-27 17:27:59 - [TEST_STEP][PASSED] - delay(2): Delayed 2 second(s)

2019-05-27 17:28:01 - [MESSAGE][PASSED] - Delayed 2 second(s)

2019-05-27 17:28:01 - [TEST_STEP][PASSED] - click(findTestObject("OCS-MOBILE /LEARN page/Cannabis Consumption plus accordian")): Object: 'Object Repository/OCS-MOBILE /LEARN page/Cannabis Consumption plus accordian' is clicked on

2019-05-27 17:28:01 - [MESSAGE][PASSED] - Object: 'Object Repository/OCS-MOBILE /LEARN page/Cannabis Consumption plus accordian' is clicked on

2019-05-27 17:28:01 - [TEST_STEP][PASSED] - delay(1): Delayed 1 second(s)

2019-05-27 17:28:02 - [MESSAGE][PASSED] - Delayed 1 second(s)

2019-05-27 17:28:02 - [TEST_STEP][PASSED] - click(findTestObject("OCS-MOBILE /LEARN page/Growing cannabis - chevron")): Object: 'Object Repository/OCS-MOBILE /LEARN page/Growing cannabis - chevron' is clicked on

2019-05-27 17:28:05 - [MESSAGE][PASSED] - Object: 'Object Repository/OCS-MOBILE /LEARN page/Growing cannabis - chevron' is clicked on

2019-05-27 17:28:05 - [TEST_STEP][PASSED] - verifyTextPresent("It is legal in Ontario to own and grow up to 4 cannabis plants in your own residential dwelling. Get beginner growing tips here.", true): Text 'It is legal in Ontario to own and grow up to 4 cannabis plants in your own residential dwelling. Get beginner growing tips here.' is present on page  using regular expression

2019-05-27 17:28:05 - [MESSAGE][PASSED] - Text 'It is legal in Ontario to own and grow up to 4 cannabis plants in your own residential dwelling. Get beginner growing tips here.' is present on page  using regular expression

2019-05-27 17:28:05 - [TEST_STEP][PASSED] - delay(2): Delayed 2 second(s)

2019-05-27 17:28:07 - [MESSAGE][PASSED] - Delayed 2 second(s)

2019-05-27 17:28:07 - [TEST_STEP][PASSED] - click(findTestObject("OCS-MOBILE /Age gate and burger menu/Burger menu - English"), CONTINUE_ON_FAILURE): Object: 'Object Repository/OCS-MOBILE /Age gate and burger menu/Burger menu - English' is clicked on

2019-05-27 17:28:07 - [MESSAGE][PASSED] - Object: 'Object Repository/OCS-MOBILE /Age gate and burger menu/Burger menu - English' is clicked on

2019-05-27 17:28:07 - [TEST_STEP][PASSED] - delay(2, CONTINUE_ON_FAILURE): Delayed 2 second(s)

2019-05-27 17:28:09 - [MESSAGE][PASSED] - Delayed 2 second(s)

2019-05-27 17:28:09 - [TEST_STEP][PASSED] - click(findTestObject("OCS-MOBILE /LEARN page/Learn chevron")): Object: 'Object Repository/OCS-MOBILE /LEARN page/Learn chevron' is clicked on

2019-05-27 17:28:10 - [MESSAGE][PASSED] - Object: 'Object Repository/OCS-MOBILE /LEARN page/Learn chevron' is clicked on

2019-05-27 17:28:10 - [TEST_STEP][PASSED] - delay(2): Delayed 2 second(s)

2019-05-27 17:28:12 - [MESSAGE][PASSED] - Delayed 2 second(s)

2019-05-27 17:28:12 - [TEST_STEP][PASSED] - click(findTestObject("OCS-MOBILE /LEARN page/Cannabis Consumption plus accordian")): Object: 'Object Repository/OCS-MOBILE /LEARN page/Cannabis Consumption plus accordian' is clicked on

2019-05-27 17:28:12 - [MESSAGE][PASSED] - Object: 'Object Repository/OCS-MOBILE /LEARN page/Cannabis Consumption plus accordian' is clicked on

2019-05-27 17:28:12 - [TEST_STEP][PASSED] - delay(1): Delayed 1 second(s)

2019-05-27 17:28:13 - [MESSAGE][PASSED] - Delayed 1 second(s)

2019-05-27 17:28:13 - [TEST_STEP][PASSED] - click(findTestObject("OCS-MOBILE /LEARN page/Read More -3")): Object: 'Object Repository/OCS-MOBILE /LEARN page/Read More -3' is clicked on

2019-05-27 17:28:14 - [MESSAGE][PASSED] - Object: 'Object Repository/OCS-MOBILE /LEARN page/Read More -3' is clicked on

2019-05-27 17:28:14 - [TEST_STEP][PASSED] - delay(2): Delayed 2 second(s)

2019-05-27 17:28:16 - [MESSAGE][PASSED] - Delayed 2 second(s)

2019-05-27 17:28:16 - [TEST_STEP][PASSED] - click(findTestObject("OCS-MOBILE /Age gate and burger menu/Burger menu - English"), CONTINUE_ON_FAILURE): Object: 'Object Repository/OCS-MOBILE /Age gate and burger menu/Burger menu - English' is clicked on

2019-05-27 17:28:16 - [MESSAGE][PASSED] - Object: 'Object Repository/OCS-MOBILE /Age gate and burger menu/Burger menu - English' is clicked on

2019-05-27 17:28:16 - [TEST_STEP][PASSED] - delay(2, CONTINUE_ON_FAILURE): Delayed 2 second(s)

2019-05-27 17:28:18 - [MESSAGE][PASSED] - Delayed 2 second(s)

2019-05-27 17:28:18 - [TEST_STEP][PASSED] - click(findTestObject("OCS-MOBILE /LEARN page/Learn chevron")): Object: 'Object Repository/OCS-MOBILE /LEARN page/Learn chevron' is clicked on

2019-05-27 17:28:19 - [MESSAGE][PASSED] - Object: 'Object Repository/OCS-MOBILE /LEARN page/Learn chevron' is clicked on

2019-05-27 17:28:19 - [TEST_STEP][PASSED] - delay(2): Delayed 2 second(s)

2019-05-27 17:28:21 - [MESSAGE][PASSED] - Delayed 2 second(s)

2019-05-27 17:28:21 - [TEST_STEP][NOT_RUN] - click(findTestObject("OCS-MOBILE /LEARN page/Cannabis Consumption plus accordian")): NOT_RUN: click(findTestObject("OCS-MOBILE /LEARN page/Cannabis Consumption plus accordian"))

2019-05-27 17:28:21 - [MESSAGE][NOT_RUN] - NOT_RUN: click(findTestObject("OCS-MOBILE /LEARN page/Cannabis Consumption plus accordian"))

2019-05-27 17:28:21 - [TEST_STEP][NOT_RUN] - click(findTestObject("Object Repository/Learn_OR/Page_Methods of Consumption  Ontari/li_LearnLearnHow Cannabis Work")): NOT_RUN: click(findTestObject("Object Repository/Learn_OR/Page_Methods of Consumption  Ontari/li_LearnLearnHow Cannabis Work"))

2019-05-27 17:28:21 - [MESSAGE][NOT_RUN] - NOT_RUN: click(findTestObject("Object Repository/Learn_OR/Page_Methods of Consumption  Ontari/li_LearnLearnHow Cannabis Work"))

2019-05-27 17:28:21 - [TEST_STEP][NOT_RUN] - verifyTextPresent("The Endocannabinoid System", true): NOT_RUN: verifyTextPresent("The Endocannabinoid System", true)

2019-05-27 17:28:21 - [MESSAGE][NOT_RUN] - NOT_RUN: verifyTextPresent("The Endocannabinoid System", true)

2019-05-27 17:28:21 - [TEST_STEP][PASSED] - click(findTestObject("OCS-MOBILE /LEARN page/How to Choose Cannabis Products plus accordian")): Object: 'Object Repository/OCS-MOBILE /LEARN page/How to Choose Cannabis Products plus accordian' is clicked on

2019-05-27 17:28:21 - [MESSAGE][PASSED] - Object: 'Object Repository/OCS-MOBILE /LEARN page/How to Choose Cannabis Products plus accordian' is clicked on

2019-05-27 17:28:21 - [TEST_STEP][PASSED] - click(findTestObject("OCS-MOBILE /LEARN page/How to Choose Cannabis Products subtract accordian")): Object: 'Object Repository/OCS-MOBILE /LEARN page/How to Choose Cannabis Products subtract accordian' is clicked on

2019-05-27 17:28:21 - [MESSAGE][PASSED] - Object: 'Object Repository/OCS-MOBILE /LEARN page/How to Choose Cannabis Products subtract accordian' is clicked on

2019-05-27 17:28:21 - [TEST_STEP][PASSED] - click(findTestObject("OCS-MOBILE /LEARN page/How to Choose Cannabis Products plus accordian")): Object: 'Object Repository/OCS-MOBILE /LEARN page/How to Choose Cannabis Products plus accordian' is clicked on

2019-05-27 17:28:21 - [MESSAGE][PASSED] - Object: 'Object Repository/OCS-MOBILE /LEARN page/How to Choose Cannabis Products plus accordian' is clicked on

2019-05-27 17:28:21 - [TEST_STEP][PASSED] - delay(1): Delayed 1 second(s)

2019-05-27 17:28:22 - [MESSAGE][PASSED] - Delayed 1 second(s)

2019-05-27 17:28:22 - [TEST_STEP][PASSED] - click(findTestObject("OCS-MOBILE /LEARN page/Reading a product label - chevron")): Object: 'Object Repository/OCS-MOBILE /LEARN page/Reading a product label - chevron' is clicked on

2019-05-27 17:28:26 - [MESSAGE][PASSED] - Object: 'Object Repository/OCS-MOBILE /LEARN page/Reading a product label - chevron' is clicked on

2019-05-27 17:28:26 - [TEST_STEP][PASSED] - delay(2): Delayed 2 second(s)

2019-05-27 17:28:28 - [MESSAGE][PASSED] - Delayed 2 second(s)

2019-05-27 17:28:28 - [TEST_STEP][PASSED] - click(findTestObject("OCS-MOBILE /Age gate and burger menu/Burger menu - English"), CONTINUE_ON_FAILURE): Object: 'Object Repository/OCS-MOBILE /Age gate and burger menu/Burger menu - English' is clicked on

2019-05-27 17:28:28 - [MESSAGE][PASSED] - Object: 'Object Repository/OCS-MOBILE /Age gate and burger menu/Burger menu - English' is clicked on

2019-05-27 17:28:28 - [TEST_STEP][PASSED] - delay(2, CONTINUE_ON_FAILURE): Delayed 2 second(s)

2019-05-27 17:28:30 - [MESSAGE][PASSED] - Delayed 2 second(s)

2019-05-27 17:28:30 - [TEST_STEP][PASSED] - click(findTestObject("OCS-MOBILE /LEARN page/Learn chevron")): Object: 'Object Repository/OCS-MOBILE /LEARN page/Learn chevron' is clicked on

2019-05-27 17:28:30 - [MESSAGE][PASSED] - Object: 'Object Repository/OCS-MOBILE /LEARN page/Learn chevron' is clicked on

2019-05-27 17:28:30 - [TEST_STEP][PASSED] - delay(2): Delayed 2 second(s)

2019-05-27 17:28:32 - [MESSAGE][PASSED] - Delayed 2 second(s)

2019-05-27 17:28:32 - [TEST_STEP][PASSED] - click(findTestObject("OCS-MOBILE /LEARN page/How to Choose Cannabis Products plus accordian")): Object: 'Object Repository/OCS-MOBILE /LEARN page/How to Choose Cannabis Products plus accordian' is clicked on

2019-05-27 17:28:32 - [MESSAGE][PASSED] - Object: 'Object Repository/OCS-MOBILE /LEARN page/How to Choose Cannabis Products plus accordian' is clicked on

2019-05-27 17:28:32 - [TEST_STEP][PASSED] - delay(1): Delayed 1 second(s)

2019-05-27 17:28:33 - [MESSAGE][PASSED] - Delayed 1 second(s)

2019-05-27 17:28:33 - [TEST_STEP][PASSED] - click(findTestObject("OCS-MOBILE /LEARN page/cannabinoid content - chveron")): Object: 'Object Repository/OCS-MOBILE /LEARN page/cannabinoid content - chveron' is clicked on

2019-05-27 17:28:36 - [MESSAGE][PASSED] - Object: 'Object Repository/OCS-MOBILE /LEARN page/cannabinoid content - chveron' is clicked on

2019-05-27 17:28:36 - [TEST_STEP][PASSED] - verifyTextPresent("Understanding Cannabinoid Content on Product Labels", true): Text 'Understanding Cannabinoid Content on Product Labels' is present on page  using regular expression

2019-05-27 17:28:37 - [MESSAGE][PASSED] - Text 'Understanding Cannabinoid Content on Product Labels' is present on page  using regular expression

2019-05-27 17:28:37 - [TEST_STEP][PASSED] - delay(2): Delayed 2 second(s)

2019-05-27 17:28:39 - [MESSAGE][PASSED] - Delayed 2 second(s)

2019-05-27 17:28:39 - [TEST_STEP][PASSED] - click(findTestObject("OCS-MOBILE /Age gate and burger menu/Burger menu - English"), CONTINUE_ON_FAILURE): Object: 'Object Repository/OCS-MOBILE /Age gate and burger menu/Burger menu - English' is clicked on

2019-05-27 17:28:39 - [MESSAGE][PASSED] - Object: 'Object Repository/OCS-MOBILE /Age gate and burger menu/Burger menu - English' is clicked on

2019-05-27 17:28:39 - [TEST_STEP][PASSED] - delay(2, CONTINUE_ON_FAILURE): Delayed 2 second(s)

2019-05-27 17:28:41 - [MESSAGE][PASSED] - Delayed 2 second(s)

2019-05-27 17:28:41 - [TEST_STEP][PASSED] - click(findTestObject("OCS-MOBILE /LEARN page/Learn chevron")): Object: 'Object Repository/OCS-MOBILE /LEARN page/Learn chevron' is clicked on

2019-05-27 17:28:41 - [MESSAGE][PASSED] - Object: 'Object Repository/OCS-MOBILE /LEARN page/Learn chevron' is clicked on

2019-05-27 17:28:41 - [TEST_STEP][PASSED] - delay(2): Delayed 2 second(s)

2019-05-27 17:28:43 - [MESSAGE][PASSED] - Delayed 2 second(s)

2019-05-27 17:28:43 - [TEST_STEP][PASSED] - click(findTestObject("OCS-MOBILE /LEARN page/How to Choose Cannabis Products plus accordian")): Object: 'Object Repository/OCS-MOBILE /LEARN page/How to Choose Cannabis Products plus accordian' is clicked on

2019-05-27 17:28:43 - [MESSAGE][PASSED] - Object: 'Object Repository/OCS-MOBILE /LEARN page/How to Choose Cannabis Products plus accordian' is clicked on

2019-05-27 17:28:43 - [TEST_STEP][PASSED] - delay(1): Delayed 1 second(s)

2019-05-27 17:28:44 - [MESSAGE][PASSED] - Delayed 1 second(s)

2019-05-27 17:28:44 - [TEST_STEP][PASSED] - click(findTestObject("OCS-MOBILE /LEARN page/Factors in Choosing Canna - chevron")): Object: 'Object Repository/OCS-MOBILE /LEARN page/Factors in Choosing Canna - chevron' is clicked on

2019-05-27 17:28:46 - [MESSAGE][PASSED] - Object: 'Object Repository/OCS-MOBILE /LEARN page/Factors in Choosing Canna - chevron' is clicked on

2019-05-27 17:28:46 - [TEST_STEP][PASSED] - verifyTextPresent("Six things to know before deciding to consume cannabis.", true): Text 'Six things to know before deciding to consume cannabis.' is present on page  using regular expression

2019-05-27 17:28:46 - [MESSAGE][PASSED] - Text 'Six things to know before deciding to consume cannabis.' is present on page  using regular expression

2019-05-27 17:28:46 - [TEST_STEP][PASSED] - delay(2): Delayed 2 second(s)

2019-05-27 17:28:48 - [MESSAGE][PASSED] - Delayed 2 second(s)

2019-05-27 17:28:48 - [TEST_STEP][PASSED] - click(findTestObject("OCS-MOBILE /Age gate and burger menu/Burger menu - English"), CONTINUE_ON_FAILURE): Object: 'Object Repository/OCS-MOBILE /Age gate and burger menu/Burger menu - English' is clicked on

2019-05-27 17:28:48 - [MESSAGE][PASSED] - Object: 'Object Repository/OCS-MOBILE /Age gate and burger menu/Burger menu - English' is clicked on

2019-05-27 17:28:48 - [TEST_STEP][PASSED] - delay(2, CONTINUE_ON_FAILURE): Delayed 2 second(s)

2019-05-27 17:28:50 - [MESSAGE][PASSED] - Delayed 2 second(s)

2019-05-27 17:28:50 - [TEST_STEP][PASSED] - click(findTestObject("OCS-MOBILE /LEARN page/Learn chevron")): Object: 'Object Repository/OCS-MOBILE /LEARN page/Learn chevron' is clicked on

2019-05-27 17:28:51 - [MESSAGE][PASSED] - Object: 'Object Repository/OCS-MOBILE /LEARN page/Learn chevron' is clicked on

2019-05-27 17:28:51 - [TEST_STEP][PASSED] - delay(2): Delayed 2 second(s)

2019-05-27 17:28:53 - [MESSAGE][PASSED] - Delayed 2 second(s)

2019-05-27 17:28:53 - [TEST_STEP][PASSED] - click(findTestObject("OCS-MOBILE /LEARN page/How to Choose Cannabis Products plus accordian")): Object: 'Object Repository/OCS-MOBILE /LEARN page/How to Choose Cannabis Products plus accordian' is clicked on

2019-05-27 17:28:53 - [MESSAGE][PASSED] - Object: 'Object Repository/OCS-MOBILE /LEARN page/How to Choose Cannabis Products plus accordian' is clicked on

2019-05-27 17:28:53 - [TEST_STEP][PASSED] - delay(1): Delayed 1 second(s)

2019-05-27 17:28:54 - [MESSAGE][PASSED] - Delayed 1 second(s)

2019-05-27 17:28:54 - [TEST_STEP][PASSED] - click(findTestObject("OCS-MOBILE /LEARN page/Read More -5")): Object: 'Object Repository/OCS-MOBILE /LEARN page/Read More -5' is clicked on

2019-05-27 17:28:57 - [MESSAGE][PASSED] - Object: 'Object Repository/OCS-MOBILE /LEARN page/Read More -5' is clicked on

2019-05-27 17:28:57 - [TEST_STEP][PASSED] - delay(2): Delayed 2 second(s)

2019-05-27 17:28:59 - [MESSAGE][PASSED] - Delayed 2 second(s)

2019-05-27 17:28:59 - [TEST_STEP][PASSED] - click(findTestObject("OCS-MOBILE /Age gate and burger menu/Burger menu - English"), CONTINUE_ON_FAILURE): Object: 'Object Repository/OCS-MOBILE /Age gate and burger menu/Burger menu - English' is clicked on

2019-05-27 17:28:59 - [MESSAGE][PASSED] - Object: 'Object Repository/OCS-MOBILE /Age gate and burger menu/Burger menu - English' is clicked on

2019-05-27 17:28:59 - [TEST_STEP][PASSED] - delay(2, CONTINUE_ON_FAILURE): Delayed 2 second(s)

2019-05-27 17:29:01 - [MESSAGE][PASSED] - Delayed 2 second(s)

2019-05-27 17:29:01 - [TEST_STEP][PASSED] - click(findTestObject("OCS-MOBILE /LEARN page/Learn chevron")): Object: 'Object Repository/OCS-MOBILE /LEARN page/Learn chevron' is clicked on

2019-05-27 17:29:01 - [MESSAGE][PASSED] - Object: 'Object Repository/OCS-MOBILE /LEARN page/Learn chevron' is clicked on

2019-05-27 17:29:01 - [TEST_STEP][PASSED] - delay(2): Delayed 2 second(s)

2019-05-27 17:29:03 - [MESSAGE][PASSED] - Delayed 2 second(s)

2019-05-27 17:29:03 - [TEST_STEP][PASSED] - click(findTestObject("OCS-MOBILE /LEARN page/Buying Cannabis at OCS plus accordian")): Object: 'Object Repository/OCS-MOBILE /LEARN page/Buying Cannabis at OCS plus accordian' is clicked on

2019-05-27 17:29:03 - [MESSAGE][PASSED] - Object: 'Object Repository/OCS-MOBILE /LEARN page/Buying Cannabis at OCS plus accordian' is clicked on

2019-05-27 17:29:03 - [TEST_STEP][PASSED] - click(findTestObject("OCS-MOBILE /LEARN page/Buying Cannabis at OCS subtract accordian")): Object: 'Object Repository/OCS-MOBILE /LEARN page/Buying Cannabis at OCS subtract accordian' is clicked on

2019-05-27 17:29:04 - [MESSAGE][PASSED] - Object: 'Object Repository/OCS-MOBILE /LEARN page/Buying Cannabis at OCS subtract accordian' is clicked on

2019-05-27 17:29:04 - [TEST_STEP][PASSED] - click(findTestObject("OCS-MOBILE /LEARN page/Buying Cannabis at OCS plus accordian")): Object: 'Object Repository/OCS-MOBILE /LEARN page/Buying Cannabis at OCS plus accordian' is clicked on

2019-05-27 17:29:04 - [MESSAGE][PASSED] - Object: 'Object Repository/OCS-MOBILE /LEARN page/Buying Cannabis at OCS plus accordian' is clicked on

2019-05-27 17:29:04 - [TEST_STEP][PASSED] - delay(1): Delayed 1 second(s)

2019-05-27 17:29:05 - [MESSAGE][PASSED] - Delayed 1 second(s)

2019-05-27 17:29:05 - [TEST_STEP][PASSED] - click(findTestObject("OCS-MOBILE /LEARN page/Why Legal Cannabis Costs more - chevron")): Object: 'Object Repository/OCS-MOBILE /LEARN page/Why Legal Cannabis Costs more - chevron' is clicked on

2019-05-27 17:29:06 - [MESSAGE][PASSED] - Object: 'Object Repository/OCS-MOBILE /LEARN page/Why Legal Cannabis Costs more - chevron' is clicked on

2019-05-27 17:29:06 - [TEST_STEP][PASSED] - verifyTextPresent("Four Reasons Why Legal Cannabis Costs More", true): Text 'Four Reasons Why Legal Cannabis Costs More' is present on page  using regular expression

2019-05-27 17:29:06 - [MESSAGE][PASSED] - Text 'Four Reasons Why Legal Cannabis Costs More' is present on page  using regular expression

2019-05-27 17:29:06 - [TEST_STEP][PASSED] - delay(2): Delayed 2 second(s)

2019-05-27 17:29:08 - [MESSAGE][PASSED] - Delayed 2 second(s)

2019-05-27 17:29:08 - [TEST_STEP][PASSED] - click(findTestObject("OCS-MOBILE /Age gate and burger menu/Burger menu - English"), CONTINUE_ON_FAILURE): Object: 'Object Repository/OCS-MOBILE /Age gate and burger menu/Burger menu - English' is clicked on

2019-05-27 17:29:09 - [MESSAGE][PASSED] - Object: 'Object Repository/OCS-MOBILE /Age gate and burger menu/Burger menu - English' is clicked on

2019-05-27 17:29:09 - [TEST_STEP][PASSED] - delay(2, CONTINUE_ON_FAILURE): Delayed 2 second(s)

2019-05-27 17:29:11 - [MESSAGE][PASSED] - Delayed 2 second(s)

2019-05-27 17:29:11 - [TEST_STEP][PASSED] - click(findTestObject("OCS-MOBILE /LEARN page/Learn chevron")): Object: 'Object Repository/OCS-MOBILE /LEARN page/Learn chevron' is clicked on

2019-05-27 17:29:11 - [MESSAGE][PASSED] - Object: 'Object Repository/OCS-MOBILE /LEARN page/Learn chevron' is clicked on

2019-05-27 17:29:11 - [TEST_STEP][PASSED] - delay(2): Delayed 2 second(s)

2019-05-27 17:29:13 - [MESSAGE][PASSED] - Delayed 2 second(s)

2019-05-27 17:29:13 - [TEST_STEP][PASSED] - click(findTestObject("OCS-MOBILE /LEARN page/Buying Cannabis at OCS plus accordian")): Object: 'Object Repository/OCS-MOBILE /LEARN page/Buying Cannabis at OCS plus accordian' is clicked on

2019-05-27 17:29:13 - [MESSAGE][PASSED] - Object: 'Object Repository/OCS-MOBILE /LEARN page/Buying Cannabis at OCS plus accordian' is clicked on

2019-05-27 17:29:13 - [TEST_STEP][PASSED] - delay(1): Delayed 1 second(s)

2019-05-27 17:29:14 - [MESSAGE][PASSED] - Delayed 1 second(s)

2019-05-27 17:29:14 - [TEST_STEP][PASSED] - click(findTestObject("OCS-MOBILE /LEARN page/why trust us - chevron")): Object: 'Object Repository/OCS-MOBILE /LEARN page/why trust us - chevron' is clicked on

2019-05-27 17:29:17 - [MESSAGE][PASSED] - Object: 'Object Repository/OCS-MOBILE /LEARN page/why trust us - chevron' is clicked on

2019-05-27 17:29:17 - [TEST_STEP][PASSED] - verifyTextPresent("Legal products and reliable information.", true): Text 'Legal products and reliable information.' is present on page  using regular expression

2019-05-27 17:29:17 - [MESSAGE][PASSED] - Text 'Legal products and reliable information.' is present on page  using regular expression

2019-05-27 17:29:17 - [TEST_STEP][PASSED] - delay(2): Delayed 2 second(s)

2019-05-27 17:29:19 - [MESSAGE][PASSED] - Delayed 2 second(s)

2019-05-27 17:29:19 - [TEST_STEP][PASSED] - click(findTestObject("OCS-MOBILE /Age gate and burger menu/Burger menu - English"), CONTINUE_ON_FAILURE): Object: 'Object Repository/OCS-MOBILE /Age gate and burger menu/Burger menu - English' is clicked on

2019-05-27 17:29:19 - [MESSAGE][PASSED] - Object: 'Object Repository/OCS-MOBILE /Age gate and burger menu/Burger menu - English' is clicked on

2019-05-27 17:29:19 - [TEST_STEP][PASSED] - delay(2, CONTINUE_ON_FAILURE): Delayed 2 second(s)

2019-05-27 17:29:21 - [MESSAGE][PASSED] - Delayed 2 second(s)

2019-05-27 17:29:21 - [TEST_STEP][PASSED] - click(findTestObject("OCS-MOBILE /LEARN page/Learn chevron")): Object: 'Object Repository/OCS-MOBILE /LEARN page/Learn chevron' is clicked on

2019-05-27 17:29:22 - [MESSAGE][PASSED] - Object: 'Object Repository/OCS-MOBILE /LEARN page/Learn chevron' is clicked on

2019-05-27 17:29:22 - [TEST_STEP][PASSED] - delay(2): Delayed 2 second(s)

2019-05-27 17:29:24 - [MESSAGE][PASSED] - Delayed 2 second(s)

2019-05-27 17:29:24 - [TEST_STEP][PASSED] - click(findTestObject("OCS-MOBILE /LEARN page/Buying Cannabis at OCS plus accordian")): Object: 'Object Repository/OCS-MOBILE /LEARN page/Buying Cannabis at OCS plus accordian' is clicked on

2019-05-27 17:29:24 - [MESSAGE][PASSED] - Object: 'Object Repository/OCS-MOBILE /LEARN page/Buying Cannabis at OCS plus accordian' is clicked on

2019-05-27 17:29:24 - [TEST_STEP][PASSED] - delay(1): Delayed 1 second(s)

2019-05-27 17:29:25 - [MESSAGE][PASSED] - Delayed 1 second(s)

2019-05-27 17:29:25 - [TEST_STEP][PASSED] - click(findTestObject("OCS-MOBILE /LEARN page/about buying cannabis - chveron")): Object: 'Object Repository/OCS-MOBILE /LEARN page/about buying cannabis - chveron' is clicked on

2019-05-27 17:29:31 - [MESSAGE][PASSED] - Object: 'Object Repository/OCS-MOBILE /LEARN page/about buying cannabis - chveron' is clicked on

2019-05-27 17:29:31 - [TEST_STEP][PASSED] - delay(2): Delayed 2 second(s)

2019-05-27 17:29:33 - [MESSAGE][PASSED] - Delayed 2 second(s)

2019-05-27 17:29:33 - [TEST_STEP][PASSED] - verifyTextPresent("These facts are good to know before making a cannabis purchase.", true): Text 'These facts are good to know before making a cannabis purchase.' is present on page  using regular expression

2019-05-27 17:29:33 - [MESSAGE][PASSED] - Text 'These facts are good to know before making a cannabis purchase.' is present on page  using regular expression

2019-05-27 17:29:33 - [TEST_STEP][PASSED] - delay(2): Delayed 2 second(s)

2019-05-27 17:29:35 - [MESSAGE][PASSED] - Delayed 2 second(s)

2019-05-27 17:29:35 - [TEST_STEP][PASSED] - click(findTestObject("OCS-MOBILE /Age gate and burger menu/Burger menu - English"), CONTINUE_ON_FAILURE): Object: 'Object Repository/OCS-MOBILE /Age gate and burger menu/Burger menu - English' is clicked on

2019-05-27 17:29:35 - [MESSAGE][PASSED] - Object: 'Object Repository/OCS-MOBILE /Age gate and burger menu/Burger menu - English' is clicked on

2019-05-27 17:29:35 - [TEST_STEP][PASSED] - delay(2, CONTINUE_ON_FAILURE): Delayed 2 second(s)

2019-05-27 17:29:37 - [MESSAGE][PASSED] - Delayed 2 second(s)

2019-05-27 17:29:37 - [TEST_STEP][PASSED] - click(findTestObject("OCS-MOBILE /LEARN page/Learn chevron")): Object: 'Object Repository/OCS-MOBILE /LEARN page/Learn chevron' is clicked on

2019-05-27 17:29:38 - [MESSAGE][PASSED] - Object: 'Object Repository/OCS-MOBILE /LEARN page/Learn chevron' is clicked on

2019-05-27 17:29:38 - [TEST_STEP][PASSED] - delay(2): Delayed 2 second(s)

2019-05-27 17:29:40 - [MESSAGE][PASSED] - Delayed 2 second(s)

2019-05-27 17:29:40 - [TEST_STEP][PASSED] - click(findTestObject("OCS-MOBILE /LEARN page/Buying Cannabis at OCS plus accordian")): Object: 'Object Repository/OCS-MOBILE /LEARN page/Buying Cannabis at OCS plus accordian' is clicked on

2019-05-27 17:29:40 - [MESSAGE][PASSED] - Object: 'Object Repository/OCS-MOBILE /LEARN page/Buying Cannabis at OCS plus accordian' is clicked on

2019-05-27 17:29:40 - [TEST_STEP][PASSED] - delay(1): Delayed 1 second(s)

2019-05-27 17:29:41 - [MESSAGE][PASSED] - Delayed 1 second(s)

2019-05-27 17:29:41 - [TEST_STEP][PASSED] - click(findTestObject("OCS-MOBILE /LEARN page/Read More -6")): Object: 'Object Repository/OCS-MOBILE /LEARN page/Read More -6' is clicked on

2019-05-27 17:29:44 - [MESSAGE][PASSED] - Object: 'Object Repository/OCS-MOBILE /LEARN page/Read More -6' is clicked on

2019-05-27 17:29:44 - [TEST_STEP][PASSED] - delay(1): Delayed 1 second(s)

2019-05-27 17:29:45 - [MESSAGE][PASSED] - Delayed 1 second(s)

2019-05-27 17:29:45 - [TEST_STEP][PASSED] - verifyTextPresent("How and why to shop with us.", true): Text 'How and why to shop with us.' is present on page  using regular expression

2019-05-27 17:29:45 - [MESSAGE][PASSED] - Text 'How and why to shop with us.' is present on page  using regular expression

2019-05-27 17:29:45 - [TEST_STEP][PASSED] - delay(2): Delayed 2 second(s)

2019-05-27 17:29:47 - [MESSAGE][PASSED] - Delayed 2 second(s)

2019-05-27 17:29:47 - [TEST_STEP][PASSED] - click(findTestObject("OCS-MOBILE /Age gate and burger menu/Burger menu - English"), CONTINUE_ON_FAILURE): Object: 'Object Repository/OCS-MOBILE /Age gate and burger menu/Burger menu - English' is clicked on

2019-05-27 17:29:48 - [MESSAGE][PASSED] - Object: 'Object Repository/OCS-MOBILE /Age gate and burger menu/Burger menu - English' is clicked on

2019-05-27 17:29:48 - [TEST_STEP][PASSED] - delay(2, CONTINUE_ON_FAILURE): Delayed 2 second(s)

2019-05-27 17:29:50 - [MESSAGE][PASSED] - Delayed 2 second(s)

2019-05-27 17:29:50 - [TEST_STEP][PASSED] - click(findTestObject("OCS-MOBILE /LEARN page/Learn chevron")): Object: 'Object Repository/OCS-MOBILE /LEARN page/Learn chevron' is clicked on

2019-05-27 17:29:50 - [MESSAGE][PASSED] - Object: 'Object Repository/OCS-MOBILE /LEARN page/Learn chevron' is clicked on

2019-05-27 17:29:50 - [TEST_STEP][PASSED] - delay(2): Delayed 2 second(s)

2019-05-27 17:29:52 - [MESSAGE][PASSED] - Delayed 2 second(s)

2019-05-27 17:29:52 - [TEST_STEP][PASSED] - click(findTestObject("OCS-MOBILE /LEARN page/Whats Legal plus accordian")): Object: 'Object Repository/OCS-MOBILE /LEARN page/Whats Legal plus accordian' is clicked on

2019-05-27 17:29:52 - [MESSAGE][PASSED] - Object: 'Object Repository/OCS-MOBILE /LEARN page/Whats Legal plus accordian' is clicked on

2019-05-27 17:29:52 - [TEST_STEP][PASSED] - click(findTestObject("OCS-MOBILE /LEARN page/Whats Legal subtract accordian")): Object: 'Object Repository/OCS-MOBILE /LEARN page/Whats Legal subtract accordian' is clicked on

2019-05-27 17:29:53 - [MESSAGE][PASSED] - Object: 'Object Repository/OCS-MOBILE /LEARN page/Whats Legal subtract accordian' is clicked on

2019-05-27 17:29:53 - [TEST_STEP][PASSED] - click(findTestObject("OCS-MOBILE /LEARN page/Whats Legal plus accordian")): Object: 'Object Repository/OCS-MOBILE /LEARN page/Whats Legal plus accordian' is clicked on

2019-05-27 17:29:53 - [MESSAGE][PASSED] - Object: 'Object Repository/OCS-MOBILE /LEARN page/Whats Legal plus accordian' is clicked on

2019-05-27 17:29:53 - [TEST_STEP][PASSED] - delay(1): Delayed 1 second(s)

2019-05-27 17:29:54 - [MESSAGE][PASSED] - Delayed 1 second(s)

2019-05-27 17:29:54 - [TEST_STEP][PASSED] - click(findTestObject("OCS-MOBILE /LEARN page/History -part 1 - chveron")): Object: 'Object Repository/OCS-MOBILE /LEARN page/History -part 1 - chveron' is clicked on

2019-05-27 17:29:57 - [MESSAGE][PASSED] - Object: 'Object Repository/OCS-MOBILE /LEARN page/History -part 1 - chveron' is clicked on

2019-05-27 17:29:57 - [TEST_STEP][PASSED] - verifyTextPresent("A Brief History of Cannabis - Part 1", true): Text 'A Brief History of Cannabis - Part 1' is present on page  using regular expression

2019-05-27 17:29:58 - [MESSAGE][PASSED] - Text 'A Brief History of Cannabis - Part 1' is present on page  using regular expression

2019-05-27 17:29:58 - [TEST_STEP][PASSED] - delay(2): Delayed 2 second(s)

2019-05-27 17:30:00 - [MESSAGE][PASSED] - Delayed 2 second(s)

2019-05-27 17:30:00 - [TEST_STEP][PASSED] - click(findTestObject("OCS-MOBILE /Age gate and burger menu/Burger menu - English"), CONTINUE_ON_FAILURE): Object: 'Object Repository/OCS-MOBILE /Age gate and burger menu/Burger menu - English' is clicked on

2019-05-27 17:30:00 - [MESSAGE][PASSED] - Object: 'Object Repository/OCS-MOBILE /Age gate and burger menu/Burger menu - English' is clicked on

2019-05-27 17:30:00 - [TEST_STEP][PASSED] - delay(2, CONTINUE_ON_FAILURE): Delayed 2 second(s)

2019-05-27 17:30:02 - [MESSAGE][PASSED] - Delayed 2 second(s)

2019-05-27 17:30:02 - [TEST_STEP][PASSED] - click(findTestObject("OCS-MOBILE /LEARN page/Learn chevron")): Object: 'Object Repository/OCS-MOBILE /LEARN page/Learn chevron' is clicked on

2019-05-27 17:30:02 - [MESSAGE][PASSED] - Object: 'Object Repository/OCS-MOBILE /LEARN page/Learn chevron' is clicked on

2019-05-27 17:30:02 - [TEST_STEP][PASSED] - delay(2): Delayed 2 second(s)

2019-05-27 17:30:04 - [MESSAGE][PASSED] - Delayed 2 second(s)

2019-05-27 17:30:04 - [TEST_STEP][PASSED] - click(findTestObject("OCS-MOBILE /LEARN page/Whats Legal plus accordian")): Object: 'Object Repository/OCS-MOBILE /LEARN page/Whats Legal plus accordian' is clicked on

2019-05-27 17:30:05 - [MESSAGE][PASSED] - Object: 'Object Repository/OCS-MOBILE /LEARN page/Whats Legal plus accordian' is clicked on

2019-05-27 17:30:05 - [TEST_STEP][PASSED] - delay(1): Delayed 1 second(s)

2019-05-27 17:30:06 - [MESSAGE][PASSED] - Delayed 1 second(s)

2019-05-27 17:30:06 - [TEST_STEP][PASSED] - click(findTestObject("OCS-MOBILE /LEARN page/History -part 2 - chveron")): Object: 'Object Repository/OCS-MOBILE /LEARN page/History -part 2 - chveron' is clicked on

2019-05-27 17:30:07 - [MESSAGE][PASSED] - Object: 'Object Repository/OCS-MOBILE /LEARN page/History -part 2 - chveron' is clicked on

2019-05-27 17:30:07 - [TEST_STEP][PASSED] - verifyTextPresent("A Brief History of Cannabis - Part 2", true): Text 'A Brief History of Cannabis - Part 2' is present on page  using regular expression

2019-05-27 17:30:07 - [MESSAGE][PASSED] - Text 'A Brief History of Cannabis - Part 2' is present on page  using regular expression

2019-05-27 17:30:07 - [TEST_STEP][PASSED] - delay(2): Delayed 2 second(s)

2019-05-27 17:30:09 - [MESSAGE][PASSED] - Delayed 2 second(s)

2019-05-27 17:30:09 - [TEST_STEP][PASSED] - click(findTestObject("OCS-MOBILE /Age gate and burger menu/Burger menu - English"), CONTINUE_ON_FAILURE): Object: 'Object Repository/OCS-MOBILE /Age gate and burger menu/Burger menu - English' is clicked on

2019-05-27 17:30:10 - [MESSAGE][PASSED] - Object: 'Object Repository/OCS-MOBILE /Age gate and burger menu/Burger menu - English' is clicked on

2019-05-27 17:30:10 - [TEST_STEP][PASSED] - delay(2, CONTINUE_ON_FAILURE): Delayed 2 second(s)

2019-05-27 17:30:12 - [MESSAGE][PASSED] - Delayed 2 second(s)

2019-05-27 17:30:12 - [TEST_STEP][PASSED] - click(findTestObject("OCS-MOBILE /LEARN page/Learn chevron")): Object: 'Object Repository/OCS-MOBILE /LEARN page/Learn chevron' is clicked on

2019-05-27 17:30:12 - [MESSAGE][PASSED] - Object: 'Object Repository/OCS-MOBILE /LEARN page/Learn chevron' is clicked on

2019-05-27 17:30:12 - [TEST_STEP][PASSED] - delay(1): Delayed 1 second(s)

2019-05-27 17:30:13 - [MESSAGE][PASSED] - Delayed 1 second(s)

2019-05-27 17:30:13 - [TEST_STEP][PASSED] - click(findTestObject("OCS-MOBILE /LEARN page/Whats Legal plus accordian")): Object: 'Object Repository/OCS-MOBILE /LEARN page/Whats Legal plus accordian' is clicked on

2019-05-27 17:30:13 - [MESSAGE][PASSED] - Object: 'Object Repository/OCS-MOBILE /LEARN page/Whats Legal plus accordian' is clicked on

2019-05-27 17:30:13 - [TEST_STEP][PASSED] - delay(1): Delayed 1 second(s)

2019-05-27 17:30:14 - [MESSAGE][PASSED] - Delayed 1 second(s)

2019-05-27 17:30:14 - [TEST_STEP][PASSED] - click(findTestObject("OCS-MOBILE /LEARN page/Legal Use of Cannabis in ontario - chevron")): Object: 'Object Repository/OCS-MOBILE /LEARN page/Legal Use of Cannabis in ontario - chevron' is clicked on

2019-05-27 17:30:18 - [MESSAGE][PASSED] - Object: 'Object Repository/OCS-MOBILE /LEARN page/Legal Use of Cannabis in ontario - chevron' is clicked on

2019-05-27 17:30:18 - [TEST_STEP][PASSED] - verifyTextPresent("What you need to know before your start shopping.", true): Text 'What you need to know before your start shopping.' is present on page  using regular expression

2019-05-27 17:30:18 - [MESSAGE][PASSED] - Text 'What you need to know before your start shopping.' is present on page  using regular expression

2019-05-27 17:30:18 - [TEST_STEP][PASSED] - delay(2): Delayed 2 second(s)

2019-05-27 17:30:20 - [MESSAGE][PASSED] - Delayed 2 second(s)

2019-05-27 17:30:20 - [TEST_STEP][PASSED] - click(findTestObject("OCS-MOBILE /Age gate and burger menu/Burger menu - English"), CONTINUE_ON_FAILURE): Object: 'Object Repository/OCS-MOBILE /Age gate and burger menu/Burger menu - English' is clicked on

2019-05-27 17:30:20 - [MESSAGE][PASSED] - Object: 'Object Repository/OCS-MOBILE /Age gate and burger menu/Burger menu - English' is clicked on

2019-05-27 17:30:20 - [TEST_STEP][PASSED] - delay(2, CONTINUE_ON_FAILURE): Delayed 2 second(s)

2019-05-27 17:30:22 - [MESSAGE][PASSED] - Delayed 2 second(s)

2019-05-27 17:30:22 - [TEST_STEP][PASSED] - click(findTestObject("OCS-MOBILE /LEARN page/Learn chevron")): Object: 'Object Repository/OCS-MOBILE /LEARN page/Learn chevron' is clicked on

2019-05-27 17:30:22 - [MESSAGE][PASSED] - Object: 'Object Repository/OCS-MOBILE /LEARN page/Learn chevron' is clicked on

2019-05-27 17:30:22 - [TEST_STEP][PASSED] - delay(1): Delayed 1 second(s)

2019-05-27 17:30:23 - [MESSAGE][PASSED] - Delayed 1 second(s)

2019-05-27 17:30:23 - [TEST_STEP][PASSED] - click(findTestObject("OCS-MOBILE /LEARN page/Whats Legal plus accordian")): Object: 'Object Repository/OCS-MOBILE /LEARN page/Whats Legal plus accordian' is clicked on

2019-05-27 17:30:24 - [MESSAGE][PASSED] - Object: 'Object Repository/OCS-MOBILE /LEARN page/Whats Legal plus accordian' is clicked on

2019-05-27 17:30:24 - [TEST_STEP][PASSED] - delay(2): Delayed 2 second(s)

2019-05-27 17:30:26 - [MESSAGE][PASSED] - Delayed 2 second(s)

2019-05-27 17:30:26 - [TEST_STEP][PASSED] - click(findTestObject("OCS-MOBILE /LEARN page/Read More -4")): Object: 'Object Repository/OCS-MOBILE /LEARN page/Read More -4' is clicked on

2019-05-27 17:30:29 - [MESSAGE][PASSED] - Object: 'Object Repository/OCS-MOBILE /LEARN page/Read More -4' is clicked on

2019-05-27 17:30:29 - [TEST_STEP][PASSED] - verifyTextPresent("Learn about cannabis laws.", true): Text 'Learn about cannabis laws.' is present on page  using regular expression

2019-05-27 17:30:29 - [MESSAGE][PASSED] - Text 'Learn about cannabis laws.' is present on page  using regular expression

2019-05-27 17:30:29 - [TEST_STEP][PASSED] - delay(2): Delayed 2 second(s)

2019-05-27 17:30:31 - [MESSAGE][PASSED] - Delayed 2 second(s)

2019-05-27 17:30:31 - [TEST_STEP][PASSED] - click(findTestObject("OCS-MOBILE /Age gate and burger menu/Burger menu - English"), CONTINUE_ON_FAILURE): Object: 'Object Repository/OCS-MOBILE /Age gate and burger menu/Burger menu - English' is clicked on

2019-05-27 17:30:32 - [MESSAGE][PASSED] - Object: 'Object Repository/OCS-MOBILE /Age gate and burger menu/Burger menu - English' is clicked on

2019-05-27 17:30:32 - [TEST_STEP][PASSED] - delay(2, CONTINUE_ON_FAILURE): Delayed 2 second(s)

2019-05-27 17:30:34 - [MESSAGE][PASSED] - Delayed 2 second(s)

2019-05-27 17:30:34 - [TEST_STEP][PASSED] - click(findTestObject("OCS-MOBILE /LEARN page/Learn chevron")): Object: 'Object Repository/OCS-MOBILE /LEARN page/Learn chevron' is clicked on

2019-05-27 17:30:34 - [MESSAGE][PASSED] - Object: 'Object Repository/OCS-MOBILE /LEARN page/Learn chevron' is clicked on

2019-05-27 17:30:34 - [TEST_STEP][PASSED] - delay(1): Delayed 1 second(s)

2019-05-27 17:30:35 - [MESSAGE][PASSED] - Delayed 1 second(s)

2019-05-27 17:30:35 - [TEST_STEP][PASSED] - click(findTestObject("OCS-MOBILE /LEARN page/see the learn section button")): Object: 'Object Repository/OCS-MOBILE /LEARN page/see the learn section button' is clicked on

2019-05-27 17:30:38 - [MESSAGE][PASSED] - Object: 'Object Repository/OCS-MOBILE /LEARN page/see the learn section button' is clicked on

2019-05-27 17:30:38 - [TEST_STEP][PASSED] - verifyTextPresent("Learn about cannabis laws.", true): Text 'Learn about cannabis laws.' is present on page  using regular expression

2019-05-27 17:30:38 - [MESSAGE][PASSED] - Text 'Learn about cannabis laws.' is present on page  using regular expression

2019-05-27 17:30:38 - [TEST_STEP][PASSED] - delay(2): Delayed 2 second(s)

2019-05-27 17:30:40 - [MESSAGE][PASSED] - Delayed 2 second(s)

2019-05-27 17:30:40 - [TEST_STEP][PASSED] - click(findTestObject("OCS-MOBILE /Age gate and burger menu/Burger menu - English"), CONTINUE_ON_FAILURE): Object: 'Object Repository/OCS-MOBILE /Age gate and burger menu/Burger menu - English' is clicked on

2019-05-27 17:30:41 - [MESSAGE][PASSED] - Object: 'Object Repository/OCS-MOBILE /Age gate and burger menu/Burger menu - English' is clicked on

2019-05-27 17:30:41 - [TEST_STEP][PASSED] - delay(2, CONTINUE_ON_FAILURE): Delayed 2 second(s)

2019-05-27 17:30:43 - [MESSAGE][PASSED] - Delayed 2 second(s)

2019-05-27 17:30:43 - [TEST_STEP][PASSED] - click(findTestObject("OCS-MOBILE /LEARN page/Learn chevron")): Object: 'Object Repository/OCS-MOBILE /LEARN page/Learn chevron' is clicked on

2019-05-27 17:30:43 - [MESSAGE][PASSED] - Object: 'Object Repository/OCS-MOBILE /LEARN page/Learn chevron' is clicked on

2019-05-27 17:30:43 - [TEST_STEP][PASSED] - delay(1): Delayed 1 second(s)

2019-05-27 17:30:44 - [MESSAGE][PASSED] - Delayed 1 second(s)

2019-05-27 17:30:44 - [TEST_STEP][PASSED] - click(findTestObject("OCS-MOBILE /LEARN page/a brief history of cannabis")): Object: 'Object Repository/OCS-MOBILE /LEARN page/a brief history of cannabis' is clicked on

2019-05-27 17:30:47 - [MESSAGE][PASSED] - Object: 'Object Repository/OCS-MOBILE /LEARN page/a brief history of cannabis' is clicked on

2019-05-27 17:30:47 - [TEST_STEP][PASSED] - verifyTextPresent("A Brief History of Cannabis - Part 1", true): Text 'A Brief History of Cannabis - Part 1' is present on page  using regular expression

2019-05-27 17:30:48 - [MESSAGE][PASSED] - Text 'A Brief History of Cannabis - Part 1' is present on page  using regular expression

2019-05-27 17:30:48 - [TEST_STEP][PASSED] - delay(2): Delayed 2 second(s)

2019-05-27 17:30:50 - [MESSAGE][PASSED] - Delayed 2 second(s)

2019-05-27 17:30:50 - [TEST_STEP][PASSED] - click(findTestObject("OCS-MOBILE /Age gate and burger menu/Burger menu - English"), CONTINUE_ON_FAILURE): Object: 'Object Repository/OCS-MOBILE /Age gate and burger menu/Burger menu - English' is clicked on

2019-05-27 17:30:50 - [MESSAGE][PASSED] - Object: 'Object Repository/OCS-MOBILE /Age gate and burger menu/Burger menu - English' is clicked on

2019-05-27 17:30:50 - [TEST_STEP][PASSED] - delay(2, CONTINUE_ON_FAILURE): Delayed 2 second(s)

2019-05-27 17:30:52 - [MESSAGE][PASSED] - Delayed 2 second(s)

2019-05-27 17:30:52 - [TEST_STEP][PASSED] - click(findTestObject("OCS-MOBILE /LEARN page/Learn chevron")): Object: 'Object Repository/OCS-MOBILE /LEARN page/Learn chevron' is clicked on

2019-05-27 17:30:52 - [MESSAGE][PASSED] - Object: 'Object Repository/OCS-MOBILE /LEARN page/Learn chevron' is clicked on

2019-05-27 17:30:52 - [TEST_STEP][PASSED] - delay(1, OPTIONAL): Delayed 1 second(s)

2019-05-27 17:30:53 - [MESSAGE][PASSED] - Delayed 1 second(s)

2019-05-27 17:30:53 - [TEST_STEP][PASSED] - executeJavaScript("var previewBar = document.getElementById("preview-bar-iframe"); previewBar.style.display = "none";", []): Execute JavaScript 'var previewBar = document.getElementById("preview-bar-iframe"); previewBar.style.display = "none";' successfully

2019-05-27 17:30:53 - [MESSAGE][PASSED] - Execute JavaScript 'var previewBar = document.getElementById("preview-bar-iframe"); previewBar.style.display = "none";' successfully

2019-05-27 17:30:53 - [TEST_STEP][PASSED] - click(findTestObject("OCS-MOBILE /LEARN page/see our FAQ")): Object: 'Object Repository/OCS-MOBILE /LEARN page/see our FAQ' is clicked on

2019-05-27 17:30:55 - [MESSAGE][PASSED] - Object: 'Object Repository/OCS-MOBILE /LEARN page/see our FAQ' is clicked on

2019-05-27 17:30:55 - [TEST_STEP][PASSED] - verifyTextPresent("Legal Use of Cannabis in Ontario", true, OPTIONAL): Text 'Legal Use of Cannabis in Ontario' is not present on page  using regular expression

2019-05-27 17:30:56 - [MESSAGE][WARNING] - Text 'Legal Use of Cannabis in Ontario' is not present on page  using regular expression

2019-05-27 17:30:56 - [TEST_STEP][PASSED] - delay(2): Delayed 2 second(s)

2019-05-27 17:30:58 - [MESSAGE][PASSED] - Delayed 2 second(s)

2019-05-27 17:30:58 - [TEST_STEP][PASSED] - click(findTestObject("OCS-MOBILE /Age gate and burger menu/Burger menu - English"), CONTINUE_ON_FAILURE): Object: 'Object Repository/OCS-MOBILE /Age gate and burger menu/Burger menu - English' is clicked on

2019-05-27 17:30:58 - [MESSAGE][PASSED] - Object: 'Object Repository/OCS-MOBILE /Age gate and burger menu/Burger menu - English' is clicked on

2019-05-27 17:30:58 - [TEST_STEP][PASSED] - delay(2, CONTINUE_ON_FAILURE): Delayed 2 second(s)

2019-05-27 17:31:00 - [MESSAGE][PASSED] - Delayed 2 second(s)

2019-05-27 17:31:00 - [TEST_STEP][PASSED] - click(findTestObject("OCS-MOBILE /LEARN page/Learn chevron")): Object: 'Object Repository/OCS-MOBILE /LEARN page/Learn chevron' is clicked on

2019-05-27 17:31:01 - [MESSAGE][PASSED] - Object: 'Object Repository/OCS-MOBILE /LEARN page/Learn chevron' is clicked on

2019-05-27 17:31:01 - [TEST_STEP][PASSED] - delay(1, OPTIONAL): Delayed 1 second(s)

2019-05-27 17:31:02 - [MESSAGE][PASSED] - Delayed 1 second(s)

2019-05-27 17:31:02 - [TEST_STEP][PASSED] - executeJavaScript("var previewBar = document.getElementById("preview-bar-iframe"); previewBar.style.display = "none";", []): Execute JavaScript 'var previewBar = document.getElementById("preview-bar-iframe"); previewBar.style.display = "none";' successfully

2019-05-27 17:31:02 - [MESSAGE][PASSED] - Execute JavaScript 'var previewBar = document.getElementById("preview-bar-iframe"); previewBar.style.display = "none";' successfully

2019-05-27 17:31:02 - [TEST_STEP][PASSED] - click(findTestObject("OCS-MOBILE /LEARN page/SEE OUR GLOSSARY")): Object: 'Object Repository/OCS-MOBILE /LEARN page/SEE OUR GLOSSARY' is clicked on

2019-05-27 17:31:05 - [MESSAGE][PASSED] - Object: 'Object Repository/OCS-MOBILE /LEARN page/SEE OUR GLOSSARY' is clicked on]]></system-out>
         <system-err><![CDATA[]]></system-err>
      </testcase>
      <system-out><![CDATA[2019-05-27 17:04:22 - [TEST_SUITE][FAILED] - HP, PROD , AG,COLL: Test Cases/OCS - MOBILE/OCS-COLLECTION PAGE/Sort FAILED.
Reason:
com.kms.katalon.core.exception.StepFailedException: Unable to click on object 'Object Repository/OCS-MOBILE /Collection page/sort option' (Root cause: org.openqa.selenium.ElementNotInteractableException: Element <i class="icon--sort"> could not be scrolled into view
Build info: version: '3.7.1', revision: '8a0099a', time: '2017-11-06T21:07:36.161Z'
System info: host: 'sumans-MacBook-Pro.local', ip: 'fe80:0:0:0:1c60:f35:3790:b4fa%en0', os.name: 'Mac OS X', os.arch: 'x86_64', os.version: '10.13.6', java.version: '1.8.0_181'
Driver info: com.kms.katalon.core.webui.driver.firefox.CGeckoDriver
Capabilities {acceptInsecureCerts: true, browserName: firefox, browserVersion: 67.0, javascriptEnabled: true, moz:accessibilityChecks: false, moz:buildID: 20190516215225, moz:geckodriverVersion: 0.23.0, moz:headless: false, moz:processID: 1702, moz:profile: /var/folders/1t/c55l8xzs6gq..., moz:shutdownTimeout: 60000, moz:useNonSpecCompliantPointerOrigin: false, moz:webdriverClick: true, pageLoadStrategy: normal, platform: MAC, platformName: MAC, platformVersion: 17.7.0, proxy: Proxy(direct), rotatable: false, setWindowRect: true, strictFileInteractability: false, timeouts: {implicit: 0, pageLoad: 300000, script: 30000}, unhandledPromptBehavior: dismiss and notify}
Session ID: 04ff1b94-d62e-7b4f-8e9f-3c4d7ce5e021)
	at com.kms.katalon.core.keyword.internal.KeywordMain.stepFailed(KeywordMain.groovy:36)
	at com.kms.katalon.core.webui.keyword.internal.WebUIKeywordMain.stepFailed(WebUIKeywordMain.groovy:65)
	at com.kms.katalon.core.webui.keyword.internal.WebUIKeywordMain.runKeyword(WebUIKeywordMain.groovy:27)
	at com.kms.katalon.core.webui.keyword.builtin.ClickKeyword.click(ClickKeyword.groovy:86)
	at com.kms.katalon.core.webui.keyword.builtin.ClickKeyword.execute(ClickKeyword.groovy:67)
	at com.kms.katalon.core.keyword.internal.KeywordExecutor.executeKeywordForPlatform(KeywordExecutor.groovy:53)
	at com.kms.katalon.core.webui.keyword.WebUiBuiltInKeywords.click(WebUiBuiltInKeywords.groovy:616)
	at com.kms.katalon.core.webui.keyword.WebUiBuiltInKeywords$click$3.call(Unknown Source)
	at Sort.run(Sort:78)
	at com.kms.katalon.core.main.ScriptEngine.run(ScriptEngine.java:194)
	at com.kms.katalon.core.main.ScriptEngine.runScriptAsRawText(ScriptEngine.java:119)
	at com.kms.katalon.core.main.TestCaseExecutor.runScript(TestCaseExecutor.java:328)
	at com.kms.katalon.core.main.TestCaseExecutor.doExecute(TestCaseExecutor.java:319)
	at com.kms.katalon.core.main.TestCaseExecutor.processExecutionPhase(TestCaseExecutor.java:298)
	at com.kms.katalon.core.main.TestCaseExecutor.accessMainPhase(TestCaseExecutor.java:290)
	at com.kms.katalon.core.main.TestCaseExecutor.execute(TestCaseExecutor.java:224)
	at com.kms.katalon.core.main.TestSuiteExecutor.accessTestCaseMainPhase(TestSuiteExecutor.java:129)
	at com.kms.katalon.core.main.TestSuiteExecutor.accessTestSuiteMainPhase(TestSuiteExecutor.java:112)
	at com.kms.katalon.core.main.TestSuiteExecutor.execute(TestSuiteExecutor.java:81)
	at com.kms.katalon.core.main.TestCaseMain.startTestSuite(TestCaseMain.java:149)
	at com.kms.katalon.core.main.TestCaseMain$startTestSuite$0.call(Unknown Source)
	at TempTestSuite1558991060376.run(TempTestSuite1558991060376.groovy:36)]]></system-out>
      <system-err><![CDATA[2019-05-27 17:04:22 - [TEST_SUITE][FAILED] - HP, PROD , AG,COLL: Test Cases/OCS - MOBILE/OCS-COLLECTION PAGE/Sort FAILED.
Reason:
com.kms.katalon.core.exception.StepFailedException: Unable to click on object 'Object Repository/OCS-MOBILE /Collection page/sort option' (Root cause: org.openqa.selenium.ElementNotInteractableException: Element <i class="icon--sort"> could not be scrolled into view
Build info: version: '3.7.1', revision: '8a0099a', time: '2017-11-06T21:07:36.161Z'
System info: host: 'sumans-MacBook-Pro.local', ip: 'fe80:0:0:0:1c60:f35:3790:b4fa%en0', os.name: 'Mac OS X', os.arch: 'x86_64', os.version: '10.13.6', java.version: '1.8.0_181'
Driver info: com.kms.katalon.core.webui.driver.firefox.CGeckoDriver
Capabilities {acceptInsecureCerts: true, browserName: firefox, browserVersion: 67.0, javascriptEnabled: true, moz:accessibilityChecks: false, moz:buildID: 20190516215225, moz:geckodriverVersion: 0.23.0, moz:headless: false, moz:processID: 1702, moz:profile: /var/folders/1t/c55l8xzs6gq..., moz:shutdownTimeout: 60000, moz:useNonSpecCompliantPointerOrigin: false, moz:webdriverClick: true, pageLoadStrategy: normal, platform: MAC, platformName: MAC, platformVersion: 17.7.0, proxy: Proxy(direct), rotatable: false, setWindowRect: true, strictFileInteractability: false, timeouts: {implicit: 0, pageLoad: 300000, script: 30000}, unhandledPromptBehavior: dismiss and notify}
Session ID: 04ff1b94-d62e-7b4f-8e9f-3c4d7ce5e021)
	at com.kms.katalon.core.keyword.internal.KeywordMain.stepFailed(KeywordMain.groovy:36)
	at com.kms.katalon.core.webui.keyword.internal.WebUIKeywordMain.stepFailed(WebUIKeywordMain.groovy:65)
	at com.kms.katalon.core.webui.keyword.internal.WebUIKeywordMain.runKeyword(WebUIKeywordMain.groovy:27)
	at com.kms.katalon.core.webui.keyword.builtin.ClickKeyword.click(ClickKeyword.groovy:86)
	at com.kms.katalon.core.webui.keyword.builtin.ClickKeyword.execute(ClickKeyword.groovy:67)
	at com.kms.katalon.core.keyword.internal.KeywordExecutor.executeKeywordForPlatform(KeywordExecutor.groovy:53)
	at com.kms.katalon.core.webui.keyword.WebUiBuiltInKeywords.click(WebUiBuiltInKeywords.groovy:616)
	at com.kms.katalon.core.webui.keyword.WebUiBuiltInKeywords$click$3.call(Unknown Source)
	at Sort.run(Sort:78)
	at com.kms.katalon.core.main.ScriptEngine.run(ScriptEngine.java:194)
	at com.kms.katalon.core.main.ScriptEngine.runScriptAsRawText(ScriptEngine.java:119)
	at com.kms.katalon.core.main.TestCaseExecutor.runScript(TestCaseExecutor.java:328)
	at com.kms.katalon.core.main.TestCaseExecutor.doExecute(TestCaseExecutor.java:319)
	at com.kms.katalon.core.main.TestCaseExecutor.processExecutionPhase(TestCaseExecutor.java:298)
	at com.kms.katalon.core.main.TestCaseExecutor.accessMainPhase(TestCaseExecutor.java:290)
	at com.kms.katalon.core.main.TestCaseExecutor.execute(TestCaseExecutor.java:224)
	at com.kms.katalon.core.main.TestSuiteExecutor.accessTestCaseMainPhase(TestSuiteExecutor.java:129)
	at com.kms.katalon.core.main.TestSuiteExecutor.accessTestSuiteMainPhase(TestSuiteExecutor.java:112)
	at com.kms.katalon.core.main.TestSuiteExecutor.execute(TestSuiteExecutor.java:81)
	at com.kms.katalon.core.main.TestCaseMain.startTestSuite(TestCaseMain.java:149)
	at com.kms.katalon.core.main.TestCaseMain$startTestSuite$0.call(Unknown Source)
	at TempTestSuite1558991060376.run(TempTestSuite1558991060376.groovy:36)]]></system-err>
   </testsuite>
</testsuites>
