<?xml version="1.0" encoding="UTF-8"?>
<testsuites name="OCS- 1.10.1" time="1077" tests="5" failures="34" errors="0">
   <testsuite name="OCS- 1.10.1" tests="5" failures="34" errors="0" time="1077" timestamp="2019-06-17 16:08:57" hostname="sumankompelly - 10.0.126.233" id="Test Suites/OCS- 1.10.1">
      <properties>
         <property name="deviceName" value=""/>
         <property name="devicePlatform" value=""/>
         <property name="logFolder" value="/Users/sumankompelly/Relative xpath-Mobile/Reports/OCS- 1.10.1/20190617_160855"/>
         <property name="logFiles" value="/Users/sumankompelly/Relative xpath-Mobile/Reports/OCS- 1.10.1/20190617_160855/execution0.log"/>
         <property name="attachments" value="/Users/sumankompelly/Relative xpath-Mobile/Reports/OCS- 1.10.1/20190617_160855/1560802163429.png, /Users/sumankompelly/Relative xpath-Mobile/Reports/OCS- 1.10.1/20190617_160855/1560802186217.png, /Users/sumankompelly/Relative xpath-Mobile/Reports/OCS- 1.10.1/20190617_160855/1560802216325.png, /Users/sumankompelly/Relative xpath-Mobile/Reports/OCS- 1.10.1/20190617_160855/1560802243814.png, /Users/sumankompelly/Relative xpath-Mobile/Reports/OCS- 1.10.1/20190617_160855/1560802266520.png, /Users/sumankompelly/Relative xpath-Mobile/Reports/OCS- 1.10.1/20190617_160855/1560802312171.png, /Users/sumankompelly/Relative xpath-Mobile/Reports/OCS- 1.10.1/20190617_160855/1560802334749.png, /Users/sumankompelly/Relative xpath-Mobile/Reports/OCS- 1.10.1/20190617_160855/1560802357434.png, /Users/sumankompelly/Relative xpath-Mobile/Reports/OCS- 1.10.1/20190617_160855/1560802383467.png, /Users/sumankompelly/Relative xpath-Mobile/Reports/OCS- 1.10.1/20190617_160855/1560802406373.png, /Users/sumankompelly/Relative xpath-Mobile/Reports/OCS- 1.10.1/20190617_160855/1560802431559.png, /Users/sumankompelly/Relative xpath-Mobile/Reports/OCS- 1.10.1/20190617_160855/1560802456983.png, /Users/sumankompelly/Relative xpath-Mobile/Reports/OCS- 1.10.1/20190617_160855/1560802579349.png, /Users/sumankompelly/Relative xpath-Mobile/Reports/OCS- 1.10.1/20190617_160855/1560802706946.png, /Users/sumankompelly/Relative xpath-Mobile/Reports/OCS- 1.10.1/20190617_160855/1560802726771.png, /Users/sumankompelly/Relative xpath-Mobile/Reports/OCS- 1.10.1/20190617_160855/1560802746222.png, /Users/sumankompelly/Relative xpath-Mobile/Reports/OCS- 1.10.1/20190617_160855/1560802749746.png, /Users/sumankompelly/Relative xpath-Mobile/Reports/OCS- 1.10.1/20190617_160855/1560802770733.png, /Users/sumankompelly/Relative xpath-Mobile/Reports/OCS- 1.10.1/20190617_160855/1560802774245.png, /Users/sumankompelly/Relative xpath-Mobile/Reports/OCS- 1.10.1/20190617_160855/1560802806230.png, /Users/sumankompelly/Relative xpath-Mobile/Reports/OCS- 1.10.1/20190617_160855/1560802811816.png, /Users/sumankompelly/Relative xpath-Mobile/Reports/OCS- 1.10.1/20190617_160855/1560802833963.png, /Users/sumankompelly/Relative xpath-Mobile/Reports/OCS- 1.10.1/20190617_160855/1560802856982.png, /Users/sumankompelly/Relative xpath-Mobile/Reports/OCS- 1.10.1/20190617_160855/1560802882392.png, /Users/sumankompelly/Relative xpath-Mobile/Reports/OCS- 1.10.1/20190617_160855/1560802910768.png, /Users/sumankompelly/Relative xpath-Mobile/Reports/OCS- 1.10.1/20190617_160855/1560802932794.png, /Users/sumankompelly/Relative xpath-Mobile/Reports/OCS- 1.10.1/20190617_160855/1560802958036.png, /Users/sumankompelly/Relative xpath-Mobile/Reports/OCS- 1.10.1/20190617_160855/1560802981136.png, /Users/sumankompelly/Relative xpath-Mobile/Reports/OCS- 1.10.1/20190617_160855/1560803004976.png, /Users/sumankompelly/Relative xpath-Mobile/Reports/OCS- 1.10.1/20190617_160855/1560803028776.png, /Users/sumankompelly/Relative xpath-Mobile/Reports/OCS- 1.10.1/20190617_160855/1560803053455.png, /Users/sumankompelly/Relative xpath-Mobile/Reports/OCS- 1.10.1/20190617_160855/1560803077688.png, /Users/sumankompelly/Relative xpath-Mobile/Reports/OCS- 1.10.1/20190617_160855/1560803147960.png, /Users/sumankompelly/Relative xpath-Mobile/Reports/OCS- 1.10.1/20190617_160855/1560803170117.png, /Users/sumankompelly/Relative xpath-Mobile/Reports/OCS- 1.10.1/20190617_160855/1560803193309.png, /Users/sumankompelly/Relative xpath-Mobile/Reports/OCS- 1.10.1/20190617_160855/1560803214510.png"/>
         <property name="hostName" value="sumankompelly - 10.0.126.233"/>
         <property name="os" value="Mac OS X 64bit"/>
         <property name="katalonVersion" value="5.10.1.1"/>
         <property name="browser" value="Chrome 75.0.3770.90"/>
         <property name="hostAddress" value="10.0.126.233"/>
         <property name="sessionId" value="b5c7bf714730c57c530affd275b9fa54"/>
         <property name="seleniumVersion" value="3.7.1"/>
         <property name="proxyInformation" value="ProxyInformation{proxyOption=NO_PROXY, proxyServerType=HTTP, password=, proxyServerAddress=, proxyServerPort=0}"/>
         <property name="platform" value="Mac OS X"/>
      </properties>
      <testcase name="Test Cases/OCS - MOBILE/OCS- CRITICAL PATH/Cart flyout- increase qty" classname="Test Cases/OCS - MOBILE/OCS- CRITICAL PATH/Cart flyout- increase qty" status="FAILED">
         <failure type="FAILED" message="Test Cases/OCS - MOBILE/OCS- CRITICAL PATH/Cart flyout- increase qty FAILED.
Reason:
com.kms.katalon.core.exception.StepFailedException: Unable to click on object 'Object Repository/OCS-MOBILE /Age gate and burger menu/Dried Flower_Plus icon' (Root cause: org.openqa.selenium.WebDriverException: unknown error: Element &lt;i class=&quot;icon icon--plus menu__tier-three__link--icon&quot;>&lt;/i> is not clickable at point (462, 120). Other element would receive the click: &lt;ul class=&quot;menu__learn-more--mobile only-mobile-tablet&quot;>...&lt;/ul>
  (Session info: chrome=75.0.3770.90)
  (Driver info: chromedriver=2.43.600229 (3fae4d0cda5334b4f533bede5a4787f7b832d052),platform=Mac OS X 10.13.6 x86_64) (WARNING: The server did not provide any stacktrace information)
Command duration or timeout: 0 milliseconds
Build info: version: '3.7.1', revision: '8a0099a', time: '2017-11-06T21:07:36.161Z'
System info: host: 'sumans-MacBook-Pro.local', ip: 'fe80:0:0:0:10f0:11f1:8277:c429%en0', os.name: 'Mac OS X', os.arch: 'x86_64', os.version: '10.13.6', java.version: '1.8.0_181'
Driver info: com.kms.katalon.selenium.driver.CChromeDriver
Capabilities {acceptInsecureCerts: false, acceptSslCerts: false, applicationCacheEnabled: false, browserConnectionEnabled: false, browserName: chrome, chrome: {chromedriverVersion: 2.43.600229 (3fae4d0cda5334..., userDataDir: /var/folders/1t/c55l8xzs6gq...}, cssSelectorsEnabled: true, databaseEnabled: false, goog:chromeOptions: {debuggerAddress: localhost:57987}, handlesAlerts: true, hasTouchScreen: false, javascriptEnabled: true, locationContextEnabled: true, mobileEmulationEnabled: false, nativeEvents: true, networkConnectionEnabled: false, pageLoadStrategy: normal, platform: MAC, platformName: MAC, rotatable: false, setWindowRect: true, takesHeapSnapshot: true, takesScreenshot: true, unexpectedAlertBehaviour: , unhandledPromptBehavior: , version: 75.0.3770.90, webStorageEnabled: true}
Session ID: 3bc0de64dcc063eace333df7b1905cd1)
	at com.kms.katalon.core.keyword.internal.KeywordMain.stepFailed(KeywordMain.groovy:36)
	at com.kms.katalon.core.webui.keyword.internal.WebUIKeywordMain.stepFailed(WebUIKeywordMain.groovy:65)
	at com.kms.katalon.core.webui.keyword.internal.WebUIKeywordMain.runKeyword(WebUIKeywordMain.groovy:27)
	at com.kms.katalon.core.webui.keyword.builtin.ClickKeyword.click(ClickKeyword.groovy:86)
	at com.kms.katalon.core.webui.keyword.builtin.ClickKeyword.execute(ClickKeyword.groovy:67)
	at com.kms.katalon.core.keyword.internal.KeywordExecutor.executeKeywordForPlatform(KeywordExecutor.groovy:53)
	at com.kms.katalon.core.webui.keyword.WebUiBuiltInKeywords.click(WebUiBuiltInKeywords.groovy:616)
	at com.kms.katalon.core.webui.keyword.WebUiBuiltInKeywords$click$4.call(Unknown Source)
	at Cart flyout- increase qty.run(Cart flyout- increase qty:28)
	at com.kms.katalon.core.main.ScriptEngine.run(ScriptEngine.java:194)
	at com.kms.katalon.core.main.ScriptEngine.runScriptAsRawText(ScriptEngine.java:119)
	at com.kms.katalon.core.main.TestCaseExecutor.runScript(TestCaseExecutor.java:328)
	at com.kms.katalon.core.main.TestCaseExecutor.doExecute(TestCaseExecutor.java:319)
	at com.kms.katalon.core.main.TestCaseExecutor.processExecutionPhase(TestCaseExecutor.java:298)
	at com.kms.katalon.core.main.TestCaseExecutor.accessMainPhase(TestCaseExecutor.java:290)
	at com.kms.katalon.core.main.TestCaseExecutor.execute(TestCaseExecutor.java:224)
	at com.kms.katalon.core.main.TestSuiteExecutor.accessTestCaseMainPhase(TestSuiteExecutor.java:129)
	at com.kms.katalon.core.main.TestSuiteExecutor.accessTestSuiteMainPhase(TestSuiteExecutor.java:112)
	at com.kms.katalon.core.main.TestSuiteExecutor.execute(TestSuiteExecutor.java:81)
	at com.kms.katalon.core.main.TestCaseMain.startTestSuite(TestCaseMain.java:149)
	at com.kms.katalon.core.main.TestCaseMain$startTestSuite$0.call(Unknown Source)
	at TempTestSuite1560802135767.run(TempTestSuite1560802135767.groovy:36)
"/>
         <system-out><![CDATA[2019-06-17 16:08:57 - [TEST_CASE][FAILED] - Test Cases/OCS - MOBILE/OCS- CRITICAL PATH/Cart flyout- increase qty: Test Cases/OCS - MOBILE/OCS- CRITICAL PATH/Cart flyout- increase qty FAILED.
Reason:
com.kms.katalon.core.exception.StepFailedException: Unable to click on object 'Object Repository/OCS-MOBILE /Age gate and burger menu/Dried Flower_Plus icon' (Root cause: org.openqa.selenium.WebDriverException: unknown error: Element <i class="icon icon--plus menu__tier-three__link--icon"></i> is not clickable at point (462, 120). Other element would receive the click: <ul class="menu__learn-more--mobile only-mobile-tablet">...</ul>
  (Session info: chrome=75.0.3770.90)
  (Driver info: chromedriver=2.43.600229 (3fae4d0cda5334b4f533bede5a4787f7b832d052),platform=Mac OS X 10.13.6 x86_64) (WARNING: The server did not provide any stacktrace information)
Command duration or timeout: 0 milliseconds
Build info: version: '3.7.1', revision: '8a0099a', time: '2017-11-06T21:07:36.161Z'
System info: host: 'sumans-MacBook-Pro.local', ip: 'fe80:0:0:0:10f0:11f1:8277:c429%en0', os.name: 'Mac OS X', os.arch: 'x86_64', os.version: '10.13.6', java.version: '1.8.0_181'
Driver info: com.kms.katalon.selenium.driver.CChromeDriver
Capabilities {acceptInsecureCerts: false, acceptSslCerts: false, applicationCacheEnabled: false, browserConnectionEnabled: false, browserName: chrome, chrome: {chromedriverVersion: 2.43.600229 (3fae4d0cda5334..., userDataDir: /var/folders/1t/c55l8xzs6gq...}, cssSelectorsEnabled: true, databaseEnabled: false, goog:chromeOptions: {debuggerAddress: localhost:57987}, handlesAlerts: true, hasTouchScreen: false, javascriptEnabled: true, locationContextEnabled: true, mobileEmulationEnabled: false, nativeEvents: true, networkConnectionEnabled: false, pageLoadStrategy: normal, platform: MAC, platformName: MAC, rotatable: false, setWindowRect: true, takesHeapSnapshot: true, takesScreenshot: true, unexpectedAlertBehaviour: , unhandledPromptBehavior: , version: 75.0.3770.90, webStorageEnabled: true}
Session ID: 3bc0de64dcc063eace333df7b1905cd1)
	at com.kms.katalon.core.keyword.internal.KeywordMain.stepFailed(KeywordMain.groovy:36)
	at com.kms.katalon.core.webui.keyword.internal.WebUIKeywordMain.stepFailed(WebUIKeywordMain.groovy:65)
	at com.kms.katalon.core.webui.keyword.internal.WebUIKeywordMain.runKeyword(WebUIKeywordMain.groovy:27)
	at com.kms.katalon.core.webui.keyword.builtin.ClickKeyword.click(ClickKeyword.groovy:86)
	at com.kms.katalon.core.webui.keyword.builtin.ClickKeyword.execute(ClickKeyword.groovy:67)
	at com.kms.katalon.core.keyword.internal.KeywordExecutor.executeKeywordForPlatform(KeywordExecutor.groovy:53)
	at com.kms.katalon.core.webui.keyword.WebUiBuiltInKeywords.click(WebUiBuiltInKeywords.groovy:616)
	at com.kms.katalon.core.webui.keyword.WebUiBuiltInKeywords$click$4.call(Unknown Source)
	at Cart flyout- increase qty.run(Cart flyout- increase qty:28)
	at com.kms.katalon.core.main.ScriptEngine.run(ScriptEngine.java:194)
	at com.kms.katalon.core.main.ScriptEngine.runScriptAsRawText(ScriptEngine.java:119)
	at com.kms.katalon.core.main.TestCaseExecutor.runScript(TestCaseExecutor.java:328)
	at com.kms.katalon.core.main.TestCaseExecutor.doExecute(TestCaseExecutor.java:319)
	at com.kms.katalon.core.main.TestCaseExecutor.processExecutionPhase(TestCaseExecutor.java:298)
	at com.kms.katalon.core.main.TestCaseExecutor.accessMainPhase(TestCaseExecutor.java:290)
	at com.kms.katalon.core.main.TestCaseExecutor.execute(TestCaseExecutor.java:224)
	at com.kms.katalon.core.main.TestSuiteExecutor.accessTestCaseMainPhase(TestSuiteExecutor.java:129)
	at com.kms.katalon.core.main.TestSuiteExecutor.accessTestSuiteMainPhase(TestSuiteExecutor.java:112)
	at com.kms.katalon.core.main.TestSuiteExecutor.execute(TestSuiteExecutor.java:81)
	at com.kms.katalon.core.main.TestCaseMain.startTestSuite(TestCaseMain.java:149)
	at com.kms.katalon.core.main.TestCaseMain$startTestSuite$0.call(Unknown Source)
	at TempTestSuite1560802135767.run(TempTestSuite1560802135767.groovy:36)


2019-06-17 16:08:58 - [TEST_STEP][PASSED] - callTestCase(findTestCase("OCS - MOBILE/CALL - AGE GATE"), [:], STOP_ON_FAILURE): Call Test Case 'Test Cases/OCS - MOBILE/CALL - AGE GATE' successfully

2019-06-17 16:08:58 - [TEST_CASE][PASSED] - Test Cases/OCS - MOBILE/CALL - AGE GATE: Test Cases/OCS - MOBILE/CALL - AGE GATE

2019-06-17 16:08:58 - [TEST_STEP][PASSED] - openBrowser(""): Browser is opened with url: ''

2019-06-17 16:08:59 - [MESSAGE][INFO] - Starting 'Chrome' driver

2019-06-17 16:08:59 - [MESSAGE][INFO] - Action delay is set to 0 seconds

2019-06-17 16:09:01 - [MESSAGE][PASSED] - Browser is opened with url: ''

2019-06-17 16:09:01 - [TEST_STEP][PASSED] - navigateToUrl("https://ocs.ca/?fts=0&preview_theme_id=72920106828"): Navigate to 'https://ocs.ca/?fts=0&preview_theme_id=72920106828' successfully

2019-06-17 16:09:05 - [MESSAGE][PASSED] - Navigate to 'https://ocs.ca/?fts=0&preview_theme_id=72920106828' successfully

2019-06-17 16:09:05 - [TEST_STEP][PASSED] - executeJavaScript("var previewBar = document.getElementById("preview-bar-iframe"); previewBar.style.display = "none";", []): Execute JavaScript 'var previewBar = document.getElementById("preview-bar-iframe"); previewBar.style.display = "none";' successfully

2019-06-17 16:09:05 - [MESSAGE][PASSED] - Execute JavaScript 'var previewBar = document.getElementById("preview-bar-iframe"); previewBar.style.display = "none";' successfully

2019-06-17 16:09:05 - [TEST_STEP][PASSED] - setViewPortSize(360, 800): Viewport is set to new size with width = 360 and height = 800

2019-06-17 16:09:06 - [MESSAGE][PASSED] - Viewport is set to new size with width = 360 and height = 800

2019-06-17 16:09:06 - [TEST_STEP][PASSED] - delay(4): Delayed 4 second(s)

2019-06-17 16:09:10 - [MESSAGE][PASSED] - Delayed 4 second(s)

2019-06-17 16:09:10 - [TEST_STEP][PASSED] - selectOptionByValue(findTestObject("OCS-MOBILE /Age gate and burger menu/Date"), "12", true): All options with value '12' are selected in object 'Object Repository/OCS-MOBILE /Age gate and burger menu/Date'  using regular expression

2019-06-17 16:09:10 - [MESSAGE][PASSED] - All options with value '12' are selected in object 'Object Repository/OCS-MOBILE /Age gate and burger menu/Date'  using regular expression

2019-06-17 16:09:10 - [TEST_STEP][PASSED] - selectOptionByValue(findTestObject("OCS-MOBILE /Age gate and burger menu/month"), "6", true): All options with value '6' are selected in object 'Object Repository/OCS-MOBILE /Age gate and burger menu/month'  using regular expression

2019-06-17 16:09:10 - [MESSAGE][PASSED] - All options with value '6' are selected in object 'Object Repository/OCS-MOBILE /Age gate and burger menu/month'  using regular expression

2019-06-17 16:09:10 - [TEST_STEP][PASSED] - delay(2): Delayed 2 second(s)

2019-06-17 16:09:12 - [MESSAGE][PASSED] - Delayed 2 second(s)

2019-06-17 16:09:12 - [TEST_STEP][PASSED] - selectOptionByValue(findTestObject("OCS-MOBILE /Age gate and burger menu/Year Dropdown"), "1990", true): All options with value '1990' are selected in object 'Object Repository/OCS-MOBILE /Age gate and burger menu/Year Dropdown'  using regular expression

2019-06-17 16:09:13 - [MESSAGE][PASSED] - All options with value '1990' are selected in object 'Object Repository/OCS-MOBILE /Age gate and burger menu/Year Dropdown'  using regular expression

2019-06-17 16:09:13 - [TEST_STEP][PASSED] - click(findTestObject("OCS-MOBILE /Age gate and Mega menu/button_Verify")): Object: 'Object Repository/OCS-MOBILE /Age gate and Mega menu/button_Verify' is clicked on

2019-06-17 16:09:13 - [MESSAGE][PASSED] - Object: 'Object Repository/OCS-MOBILE /Age gate and Mega menu/button_Verify' is clicked on

2019-06-17 16:09:13 - [TEST_STEP][PASSED] - click(findTestObject("OCS-MOBILE /Age gate and Mega menu/Checkbox_CONFIRM AND ACKNOWLEDGE")): Object: 'Object Repository/OCS-MOBILE /Age gate and Mega menu/Checkbox_CONFIRM AND ACKNOWLEDGE' is clicked on

2019-06-17 16:09:13 - [MESSAGE][PASSED] - Object: 'Object Repository/OCS-MOBILE /Age gate and Mega menu/Checkbox_CONFIRM AND ACKNOWLEDGE' is clicked on

2019-06-17 16:09:13 - [TEST_STEP][PASSED] - click(findTestObject("OCS-MOBILE /Age gate and Mega menu/button_CONFIRM")): Object: 'Object Repository/OCS-MOBILE /Age gate and Mega menu/button_CONFIRM' is clicked on

2019-06-17 16:09:14 - [MESSAGE][PASSED] - Object: 'Object Repository/OCS-MOBILE /Age gate and Mega menu/button_CONFIRM' is clicked on

2019-06-17 16:09:14 - [TEST_STEP][PASSED] - click(findTestObject("OCS-MOBILE /Age gate and Mega menu/button_Start Browsing")): Object: 'Object Repository/OCS-MOBILE /Age gate and Mega menu/button_Start Browsing' is clicked on

2019-06-17 16:09:14 - [MESSAGE][PASSED] - Object: 'Object Repository/OCS-MOBILE /Age gate and Mega menu/button_Start Browsing' is clicked on

2019-06-17 16:09:14 - [TEST_STEP][PASSED] - refresh(): Refresh successfully

2019-06-17 16:09:17 - [MESSAGE][PASSED] - Refresh successfully

2019-06-17 16:09:17 - [MESSAGE][PASSED] - Call Test Case 'Test Cases/OCS - MOBILE/CALL - AGE GATE' successfully

2019-06-17 16:09:17 - [TEST_STEP][PASSED] - delay(2): Delayed 2 second(s)

2019-06-17 16:09:19 - [MESSAGE][PASSED] - Delayed 2 second(s)

2019-06-17 16:09:19 - [TEST_STEP][PASSED] - click(findTestObject("OCS-MOBILE /Age gate and burger menu/Burger menu - English")): Object: 'Object Repository/OCS-MOBILE /Age gate and burger menu/Burger menu - English' is clicked on

2019-06-17 16:09:19 - [MESSAGE][PASSED] - Object: 'Object Repository/OCS-MOBILE /Age gate and burger menu/Burger menu - English' is clicked on

2019-06-17 16:09:19 - [TEST_STEP][PASSED] - delay(2): Delayed 2 second(s)

2019-06-17 16:09:21 - [MESSAGE][PASSED] - Delayed 2 second(s)

2019-06-17 16:09:21 - [TEST_STEP][PASSED] - click(findTestObject("OCS-MOBILE /Age gate and burger menu/Chevron_Cannabis")): Object: 'Object Repository/OCS-MOBILE /Age gate and burger menu/Chevron_Cannabis' is clicked on

2019-06-17 16:09:21 - [MESSAGE][PASSED] - Object: 'Object Repository/OCS-MOBILE /Age gate and burger menu/Chevron_Cannabis' is clicked on

2019-06-17 16:09:21 - [TEST_STEP][PASSED] - delay(2): Delayed 2 second(s)

2019-06-17 16:09:23 - [MESSAGE][PASSED] - Delayed 2 second(s)

2019-06-17 16:09:23 - [TEST_STEP][FAILED] - click(findTestObject("OCS-MOBILE /Age gate and burger menu/Dried Flower_Plus icon")): click(findTestObject("OCS-MOBILE /Age gate and burger menu/Dried Flower_Plus icon")) FAILED.
Reason:
com.kms.katalon.core.exception.StepFailedException: Unable to click on object 'Object Repository/OCS-MOBILE /Age gate and burger menu/Dried Flower_Plus icon' (Root cause: org.openqa.selenium.WebDriverException: unknown error: Element <i class="icon icon--plus menu__tier-three__link--icon"></i> is not clickable at point (462, 120). Other element would receive the click: <ul class="menu__learn-more--mobile only-mobile-tablet">...</ul>
  (Session info: chrome=75.0.3770.90)
  (Driver info: chromedriver=2.43.600229 (3fae4d0cda5334b4f533bede5a4787f7b832d052),platform=Mac OS X 10.13.6 x86_64) (WARNING: The server did not provide any stacktrace information)
Command duration or timeout: 0 milliseconds
Build info: version: '3.7.1', revision: '8a0099a', time: '2017-11-06T21:07:36.161Z'
System info: host: 'sumans-MacBook-Pro.local', ip: 'fe80:0:0:0:10f0:11f1:8277:c429%en0', os.name: 'Mac OS X', os.arch: 'x86_64', os.version: '10.13.6', java.version: '1.8.0_181'
Driver info: com.kms.katalon.selenium.driver.CChromeDriver
Capabilities {acceptInsecureCerts: false, acceptSslCerts: false, applicationCacheEnabled: false, browserConnectionEnabled: false, browserName: chrome, chrome: {chromedriverVersion: 2.43.600229 (3fae4d0cda5334..., userDataDir: /var/folders/1t/c55l8xzs6gq...}, cssSelectorsEnabled: true, databaseEnabled: false, goog:chromeOptions: {debuggerAddress: localhost:57987}, handlesAlerts: true, hasTouchScreen: false, javascriptEnabled: true, locationContextEnabled: true, mobileEmulationEnabled: false, nativeEvents: true, networkConnectionEnabled: false, pageLoadStrategy: normal, platform: MAC, platformName: MAC, rotatable: false, setWindowRect: true, takesHeapSnapshot: true, takesScreenshot: true, unexpectedAlertBehaviour: , unhandledPromptBehavior: , version: 75.0.3770.90, webStorageEnabled: true}
Session ID: 3bc0de64dcc063eace333df7b1905cd1)
	at com.kms.katalon.core.keyword.internal.KeywordMain.stepFailed(KeywordMain.groovy:36)
	at com.kms.katalon.core.webui.keyword.internal.WebUIKeywordMain.stepFailed(WebUIKeywordMain.groovy:65)
	at com.kms.katalon.core.webui.keyword.internal.WebUIKeywordMain.runKeyword(WebUIKeywordMain.groovy:27)
	at com.kms.katalon.core.webui.keyword.builtin.ClickKeyword.click(ClickKeyword.groovy:86)
	at com.kms.katalon.core.webui.keyword.builtin.ClickKeyword.execute(ClickKeyword.groovy:67)
	at com.kms.katalon.core.keyword.internal.KeywordExecutor.executeKeywordForPlatform(KeywordExecutor.groovy:53)
	at com.kms.katalon.core.webui.keyword.WebUiBuiltInKeywords.click(WebUiBuiltInKeywords.groovy:616)
	at com.kms.katalon.core.webui.keyword.WebUiBuiltInKeywords$click$4.call(Unknown Source)
	at Cart flyout- increase qty.run(Cart flyout- increase qty:28)
	at com.kms.katalon.core.main.ScriptEngine.run(ScriptEngine.java:194)
	at com.kms.katalon.core.main.ScriptEngine.runScriptAsRawText(ScriptEngine.java:119)
	at com.kms.katalon.core.main.TestCaseExecutor.runScript(TestCaseExecutor.java:328)
	at com.kms.katalon.core.main.TestCaseExecutor.doExecute(TestCaseExecutor.java:319)
	at com.kms.katalon.core.main.TestCaseExecutor.processExecutionPhase(TestCaseExecutor.java:298)
	at com.kms.katalon.core.main.TestCaseExecutor.accessMainPhase(TestCaseExecutor.java:290)
	at com.kms.katalon.core.main.TestCaseExecutor.execute(TestCaseExecutor.java:224)
	at com.kms.katalon.core.main.TestSuiteExecutor.accessTestCaseMainPhase(TestSuiteExecutor.java:129)
	at com.kms.katalon.core.main.TestSuiteExecutor.accessTestSuiteMainPhase(TestSuiteExecutor.java:112)
	at com.kms.katalon.core.main.TestSuiteExecutor.execute(TestSuiteExecutor.java:81)
	at com.kms.katalon.core.main.TestCaseMain.startTestSuite(TestCaseMain.java:149)
	at com.kms.katalon.core.main.TestCaseMain$startTestSuite$0.call(Unknown Source)
	at TempTestSuite1560802135767.run(TempTestSuite1560802135767.groovy:36)


2019-06-17 16:09:23 - [MESSAGE][FAILED] - Unable to click on object 'Object Repository/OCS-MOBILE /Age gate and burger menu/Dried Flower_Plus icon' (Root cause: org.openqa.selenium.WebDriverException: unknown error: Element <i class="icon icon--plus menu__tier-three__link--icon"></i> is not clickable at point (462, 120). Other element would receive the click: <ul class="menu__learn-more--mobile only-mobile-tablet">...</ul>
  (Session info: chrome=75.0.3770.90)
  (Driver info: chromedriver=2.43.600229 (3fae4d0cda5334b4f533bede5a4787f7b832d052),platform=Mac OS X 10.13.6 x86_64) (WARNING: The server did not provide any stacktrace information)
Command duration or timeout: 0 milliseconds
Build info: version: '3.7.1', revision: '8a0099a', time: '2017-11-06T21:07:36.161Z'
System info: host: 'sumans-MacBook-Pro.local', ip: 'fe80:0:0:0:10f0:11f1:8277:c429%en0', os.name: 'Mac OS X', os.arch: 'x86_64', os.version: '10.13.6', java.version: '1.8.0_181'
Driver info: com.kms.katalon.selenium.driver.CChromeDriver
Capabilities {acceptInsecureCerts: false, acceptSslCerts: false, applicationCacheEnabled: false, browserConnectionEnabled: false, browserName: chrome, chrome: {chromedriverVersion: 2.43.600229 (3fae4d0cda5334..., userDataDir: /var/folders/1t/c55l8xzs6gq...}, cssSelectorsEnabled: true, databaseEnabled: false, goog:chromeOptions: {debuggerAddress: localhost:57987}, handlesAlerts: true, hasTouchScreen: false, javascriptEnabled: true, locationContextEnabled: true, mobileEmulationEnabled: false, nativeEvents: true, networkConnectionEnabled: false, pageLoadStrategy: normal, platform: MAC, platformName: MAC, rotatable: false, setWindowRect: true, takesHeapSnapshot: true, takesScreenshot: true, unexpectedAlertBehaviour: , unhandledPromptBehavior: , version: 75.0.3770.90, webStorageEnabled: true}
Session ID: 3bc0de64dcc063eace333df7b1905cd1)
[[ATTACHMENT|/Users/sumankompelly/Relative xpath-Mobile/Reports/OCS- 1.10.1/20190617_160855/1560802163429.png]]

2019-06-17 16:09:23 - [MESSAGE][FAILED] - click(findTestObject("OCS-MOBILE /Age gate and burger menu/Dried Flower_Plus icon")) FAILED.
Reason:
com.kms.katalon.core.exception.StepFailedException: Unable to click on object 'Object Repository/OCS-MOBILE /Age gate and burger menu/Dried Flower_Plus icon' (Root cause: org.openqa.selenium.WebDriverException: unknown error: Element <i class="icon icon--plus menu__tier-three__link--icon"></i> is not clickable at point (462, 120). Other element would receive the click: <ul class="menu__learn-more--mobile only-mobile-tablet">...</ul>
  (Session info: chrome=75.0.3770.90)
  (Driver info: chromedriver=2.43.600229 (3fae4d0cda5334b4f533bede5a4787f7b832d052),platform=Mac OS X 10.13.6 x86_64) (WARNING: The server did not provide any stacktrace information)
Command duration or timeout: 0 milliseconds
Build info: version: '3.7.1', revision: '8a0099a', time: '2017-11-06T21:07:36.161Z'
System info: host: 'sumans-MacBook-Pro.local', ip: 'fe80:0:0:0:10f0:11f1:8277:c429%en0', os.name: 'Mac OS X', os.arch: 'x86_64', os.version: '10.13.6', java.version: '1.8.0_181'
Driver info: com.kms.katalon.selenium.driver.CChromeDriver
Capabilities {acceptInsecureCerts: false, acceptSslCerts: false, applicationCacheEnabled: false, browserConnectionEnabled: false, browserName: chrome, chrome: {chromedriverVersion: 2.43.600229 (3fae4d0cda5334..., userDataDir: /var/folders/1t/c55l8xzs6gq...}, cssSelectorsEnabled: true, databaseEnabled: false, goog:chromeOptions: {debuggerAddress: localhost:57987}, handlesAlerts: true, hasTouchScreen: false, javascriptEnabled: true, locationContextEnabled: true, mobileEmulationEnabled: false, nativeEvents: true, networkConnectionEnabled: false, pageLoadStrategy: normal, platform: MAC, platformName: MAC, rotatable: false, setWindowRect: true, takesHeapSnapshot: true, takesScreenshot: true, unexpectedAlertBehaviour: , unhandledPromptBehavior: , version: 75.0.3770.90, webStorageEnabled: true}
Session ID: 3bc0de64dcc063eace333df7b1905cd1)
	at com.kms.katalon.core.keyword.internal.KeywordMain.stepFailed(KeywordMain.groovy:36)
	at com.kms.katalon.core.webui.keyword.internal.WebUIKeywordMain.stepFailed(WebUIKeywordMain.groovy:65)
	at com.kms.katalon.core.webui.keyword.internal.WebUIKeywordMain.runKeyword(WebUIKeywordMain.groovy:27)
	at com.kms.katalon.core.webui.keyword.builtin.ClickKeyword.click(ClickKeyword.groovy:86)
	at com.kms.katalon.core.webui.keyword.builtin.ClickKeyword.execute(ClickKeyword.groovy:67)
	at com.kms.katalon.core.keyword.internal.KeywordExecutor.executeKeywordForPlatform(KeywordExecutor.groovy:53)
	at com.kms.katalon.core.webui.keyword.WebUiBuiltInKeywords.click(WebUiBuiltInKeywords.groovy:616)
	at com.kms.katalon.core.webui.keyword.WebUiBuiltInKeywords$click$4.call(Unknown Source)
	at Cart flyout- increase qty.run(Cart flyout- increase qty:28)
	at com.kms.katalon.core.main.ScriptEngine.run(ScriptEngine.java:194)
	at com.kms.katalon.core.main.ScriptEngine.runScriptAsRawText(ScriptEngine.java:119)
	at com.kms.katalon.core.main.TestCaseExecutor.runScript(TestCaseExecutor.java:328)
	at com.kms.katalon.core.main.TestCaseExecutor.doExecute(TestCaseExecutor.java:319)
	at com.kms.katalon.core.main.TestCaseExecutor.processExecutionPhase(TestCaseExecutor.java:298)
	at com.kms.katalon.core.main.TestCaseExecutor.accessMainPhase(TestCaseExecutor.java:290)
	at com.kms.katalon.core.main.TestCaseExecutor.execute(TestCaseExecutor.java:224)
	at com.kms.katalon.core.main.TestSuiteExecutor.accessTestCaseMainPhase(TestSuiteExecutor.java:129)
	at com.kms.katalon.core.main.TestSuiteExecutor.accessTestSuiteMainPhase(TestSuiteExecutor.java:112)
	at com.kms.katalon.core.main.TestSuiteExecutor.execute(TestSuiteExecutor.java:81)
	at com.kms.katalon.core.main.TestCaseMain.startTestSuite(TestCaseMain.java:149)
	at com.kms.katalon.core.main.TestCaseMain$startTestSuite$0.call(Unknown Source)
	at TempTestSuite1560802135767.run(TempTestSuite1560802135767.groovy:36)]]></system-out>
         <system-err><![CDATA[2019-06-17 16:08:57 - [TEST_CASE][FAILED] - Test Cases/OCS - MOBILE/OCS- CRITICAL PATH/Cart flyout- increase qty: Test Cases/OCS - MOBILE/OCS- CRITICAL PATH/Cart flyout- increase qty FAILED.
Reason:
com.kms.katalon.core.exception.StepFailedException: Unable to click on object 'Object Repository/OCS-MOBILE /Age gate and burger menu/Dried Flower_Plus icon' (Root cause: org.openqa.selenium.WebDriverException: unknown error: Element <i class="icon icon--plus menu__tier-three__link--icon"></i> is not clickable at point (462, 120). Other element would receive the click: <ul class="menu__learn-more--mobile only-mobile-tablet">...</ul>
  (Session info: chrome=75.0.3770.90)
  (Driver info: chromedriver=2.43.600229 (3fae4d0cda5334b4f533bede5a4787f7b832d052),platform=Mac OS X 10.13.6 x86_64) (WARNING: The server did not provide any stacktrace information)
Command duration or timeout: 0 milliseconds
Build info: version: '3.7.1', revision: '8a0099a', time: '2017-11-06T21:07:36.161Z'
System info: host: 'sumans-MacBook-Pro.local', ip: 'fe80:0:0:0:10f0:11f1:8277:c429%en0', os.name: 'Mac OS X', os.arch: 'x86_64', os.version: '10.13.6', java.version: '1.8.0_181'
Driver info: com.kms.katalon.selenium.driver.CChromeDriver
Capabilities {acceptInsecureCerts: false, acceptSslCerts: false, applicationCacheEnabled: false, browserConnectionEnabled: false, browserName: chrome, chrome: {chromedriverVersion: 2.43.600229 (3fae4d0cda5334..., userDataDir: /var/folders/1t/c55l8xzs6gq...}, cssSelectorsEnabled: true, databaseEnabled: false, goog:chromeOptions: {debuggerAddress: localhost:57987}, handlesAlerts: true, hasTouchScreen: false, javascriptEnabled: true, locationContextEnabled: true, mobileEmulationEnabled: false, nativeEvents: true, networkConnectionEnabled: false, pageLoadStrategy: normal, platform: MAC, platformName: MAC, rotatable: false, setWindowRect: true, takesHeapSnapshot: true, takesScreenshot: true, unexpectedAlertBehaviour: , unhandledPromptBehavior: , version: 75.0.3770.90, webStorageEnabled: true}
Session ID: 3bc0de64dcc063eace333df7b1905cd1)
	at com.kms.katalon.core.keyword.internal.KeywordMain.stepFailed(KeywordMain.groovy:36)
	at com.kms.katalon.core.webui.keyword.internal.WebUIKeywordMain.stepFailed(WebUIKeywordMain.groovy:65)
	at com.kms.katalon.core.webui.keyword.internal.WebUIKeywordMain.runKeyword(WebUIKeywordMain.groovy:27)
	at com.kms.katalon.core.webui.keyword.builtin.ClickKeyword.click(ClickKeyword.groovy:86)
	at com.kms.katalon.core.webui.keyword.builtin.ClickKeyword.execute(ClickKeyword.groovy:67)
	at com.kms.katalon.core.keyword.internal.KeywordExecutor.executeKeywordForPlatform(KeywordExecutor.groovy:53)
	at com.kms.katalon.core.webui.keyword.WebUiBuiltInKeywords.click(WebUiBuiltInKeywords.groovy:616)
	at com.kms.katalon.core.webui.keyword.WebUiBuiltInKeywords$click$4.call(Unknown Source)
	at Cart flyout- increase qty.run(Cart flyout- increase qty:28)
	at com.kms.katalon.core.main.ScriptEngine.run(ScriptEngine.java:194)
	at com.kms.katalon.core.main.ScriptEngine.runScriptAsRawText(ScriptEngine.java:119)
	at com.kms.katalon.core.main.TestCaseExecutor.runScript(TestCaseExecutor.java:328)
	at com.kms.katalon.core.main.TestCaseExecutor.doExecute(TestCaseExecutor.java:319)
	at com.kms.katalon.core.main.TestCaseExecutor.processExecutionPhase(TestCaseExecutor.java:298)
	at com.kms.katalon.core.main.TestCaseExecutor.accessMainPhase(TestCaseExecutor.java:290)
	at com.kms.katalon.core.main.TestCaseExecutor.execute(TestCaseExecutor.java:224)
	at com.kms.katalon.core.main.TestSuiteExecutor.accessTestCaseMainPhase(TestSuiteExecutor.java:129)
	at com.kms.katalon.core.main.TestSuiteExecutor.accessTestSuiteMainPhase(TestSuiteExecutor.java:112)
	at com.kms.katalon.core.main.TestSuiteExecutor.execute(TestSuiteExecutor.java:81)
	at com.kms.katalon.core.main.TestCaseMain.startTestSuite(TestCaseMain.java:149)
	at com.kms.katalon.core.main.TestCaseMain$startTestSuite$0.call(Unknown Source)
	at TempTestSuite1560802135767.run(TempTestSuite1560802135767.groovy:36)]]></system-err>
      </testcase>
      <testcase name="Test Cases/OCS - MOBILE/OCS- CRITICAL PATH/Cart flyout- decrease qty" classname="Test Cases/OCS - MOBILE/OCS- CRITICAL PATH/Cart flyout- decrease qty" status="FAILED">
         <failure type="FAILED" message="Test Cases/OCS - MOBILE/OCS- CRITICAL PATH/Cart flyout- decrease qty FAILED.
Reason:
com.kms.katalon.core.exception.StepFailedException: Unable to click on object 'Object Repository/OCS-MOBILE /Age gate and burger menu/Dried Flower_Plus icon' (Root cause: org.openqa.selenium.WebDriverException: unknown error: Element &lt;i class=&quot;icon icon--plus menu__tier-three__link--icon&quot;>&lt;/i> is not clickable at point (462, 120). Other element would receive the click: &lt;ul class=&quot;menu__learn-more--mobile only-mobile-tablet&quot;>...&lt;/ul>
  (Session info: chrome=75.0.3770.90)
  (Driver info: chromedriver=2.43.600229 (3fae4d0cda5334b4f533bede5a4787f7b832d052),platform=Mac OS X 10.13.6 x86_64) (WARNING: The server did not provide any stacktrace information)
Command duration or timeout: 0 milliseconds
Build info: version: '3.7.1', revision: '8a0099a', time: '2017-11-06T21:07:36.161Z'
System info: host: 'sumans-MacBook-Pro.local', ip: 'fe80:0:0:0:10f0:11f1:8277:c429%en0', os.name: 'Mac OS X', os.arch: 'x86_64', os.version: '10.13.6', java.version: '1.8.0_181'
Driver info: com.kms.katalon.selenium.driver.CChromeDriver
Capabilities {acceptInsecureCerts: false, acceptSslCerts: false, applicationCacheEnabled: false, browserConnectionEnabled: false, browserName: chrome, chrome: {chromedriverVersion: 2.43.600229 (3fae4d0cda5334..., userDataDir: /var/folders/1t/c55l8xzs6gq...}, cssSelectorsEnabled: true, databaseEnabled: false, goog:chromeOptions: {debuggerAddress: localhost:58130}, handlesAlerts: true, hasTouchScreen: false, javascriptEnabled: true, locationContextEnabled: true, mobileEmulationEnabled: false, nativeEvents: true, networkConnectionEnabled: false, pageLoadStrategy: normal, platform: MAC, platformName: MAC, rotatable: false, setWindowRect: true, takesHeapSnapshot: true, takesScreenshot: true, unexpectedAlertBehaviour: , unhandledPromptBehavior: , version: 75.0.3770.90, webStorageEnabled: true}
Session ID: 5f41e20bd7106a091340b36912f8de8e)
	at com.kms.katalon.core.keyword.internal.KeywordMain.stepFailed(KeywordMain.groovy:36)
	at com.kms.katalon.core.webui.keyword.internal.WebUIKeywordMain.stepFailed(WebUIKeywordMain.groovy:65)
	at com.kms.katalon.core.webui.keyword.internal.WebUIKeywordMain.runKeyword(WebUIKeywordMain.groovy:27)
	at com.kms.katalon.core.webui.keyword.builtin.ClickKeyword.click(ClickKeyword.groovy:86)
	at com.kms.katalon.core.webui.keyword.builtin.ClickKeyword.execute(ClickKeyword.groovy:67)
	at com.kms.katalon.core.keyword.internal.KeywordExecutor.executeKeywordForPlatform(KeywordExecutor.groovy:53)
	at com.kms.katalon.core.webui.keyword.WebUiBuiltInKeywords.click(WebUiBuiltInKeywords.groovy:616)
	at com.kms.katalon.core.webui.keyword.WebUiBuiltInKeywords$click$4.call(Unknown Source)
	at Cart flyout- decrease qty.run(Cart flyout- decrease qty:28)
	at com.kms.katalon.core.main.ScriptEngine.run(ScriptEngine.java:194)
	at com.kms.katalon.core.main.ScriptEngine.runScriptAsRawText(ScriptEngine.java:119)
	at com.kms.katalon.core.main.TestCaseExecutor.runScript(TestCaseExecutor.java:328)
	at com.kms.katalon.core.main.TestCaseExecutor.doExecute(TestCaseExecutor.java:319)
	at com.kms.katalon.core.main.TestCaseExecutor.processExecutionPhase(TestCaseExecutor.java:298)
	at com.kms.katalon.core.main.TestCaseExecutor.accessMainPhase(TestCaseExecutor.java:290)
	at com.kms.katalon.core.main.TestCaseExecutor.execute(TestCaseExecutor.java:224)
	at com.kms.katalon.core.main.TestSuiteExecutor.accessTestCaseMainPhase(TestSuiteExecutor.java:129)
	at com.kms.katalon.core.main.TestSuiteExecutor.accessTestSuiteMainPhase(TestSuiteExecutor.java:112)
	at com.kms.katalon.core.main.TestSuiteExecutor.execute(TestSuiteExecutor.java:81)
	at com.kms.katalon.core.main.TestCaseMain.startTestSuite(TestCaseMain.java:149)
	at com.kms.katalon.core.main.TestCaseMain$startTestSuite$0.call(Unknown Source)
	at TempTestSuite1560802135767.run(TempTestSuite1560802135767.groovy:36)
"/>
         <system-out><![CDATA[2019-06-17 16:09:23 - [TEST_CASE][FAILED] - Test Cases/OCS - MOBILE/OCS- CRITICAL PATH/Cart flyout- decrease qty: Test Cases/OCS - MOBILE/OCS- CRITICAL PATH/Cart flyout- decrease qty FAILED.
Reason:
com.kms.katalon.core.exception.StepFailedException: Unable to click on object 'Object Repository/OCS-MOBILE /Age gate and burger menu/Dried Flower_Plus icon' (Root cause: org.openqa.selenium.WebDriverException: unknown error: Element <i class="icon icon--plus menu__tier-three__link--icon"></i> is not clickable at point (462, 120). Other element would receive the click: <ul class="menu__learn-more--mobile only-mobile-tablet">...</ul>
  (Session info: chrome=75.0.3770.90)
  (Driver info: chromedriver=2.43.600229 (3fae4d0cda5334b4f533bede5a4787f7b832d052),platform=Mac OS X 10.13.6 x86_64) (WARNING: The server did not provide any stacktrace information)
Command duration or timeout: 0 milliseconds
Build info: version: '3.7.1', revision: '8a0099a', time: '2017-11-06T21:07:36.161Z'
System info: host: 'sumans-MacBook-Pro.local', ip: 'fe80:0:0:0:10f0:11f1:8277:c429%en0', os.name: 'Mac OS X', os.arch: 'x86_64', os.version: '10.13.6', java.version: '1.8.0_181'
Driver info: com.kms.katalon.selenium.driver.CChromeDriver
Capabilities {acceptInsecureCerts: false, acceptSslCerts: false, applicationCacheEnabled: false, browserConnectionEnabled: false, browserName: chrome, chrome: {chromedriverVersion: 2.43.600229 (3fae4d0cda5334..., userDataDir: /var/folders/1t/c55l8xzs6gq...}, cssSelectorsEnabled: true, databaseEnabled: false, goog:chromeOptions: {debuggerAddress: localhost:58130}, handlesAlerts: true, hasTouchScreen: false, javascriptEnabled: true, locationContextEnabled: true, mobileEmulationEnabled: false, nativeEvents: true, networkConnectionEnabled: false, pageLoadStrategy: normal, platform: MAC, platformName: MAC, rotatable: false, setWindowRect: true, takesHeapSnapshot: true, takesScreenshot: true, unexpectedAlertBehaviour: , unhandledPromptBehavior: , version: 75.0.3770.90, webStorageEnabled: true}
Session ID: 5f41e20bd7106a091340b36912f8de8e)
	at com.kms.katalon.core.keyword.internal.KeywordMain.stepFailed(KeywordMain.groovy:36)
	at com.kms.katalon.core.webui.keyword.internal.WebUIKeywordMain.stepFailed(WebUIKeywordMain.groovy:65)
	at com.kms.katalon.core.webui.keyword.internal.WebUIKeywordMain.runKeyword(WebUIKeywordMain.groovy:27)
	at com.kms.katalon.core.webui.keyword.builtin.ClickKeyword.click(ClickKeyword.groovy:86)
	at com.kms.katalon.core.webui.keyword.builtin.ClickKeyword.execute(ClickKeyword.groovy:67)
	at com.kms.katalon.core.keyword.internal.KeywordExecutor.executeKeywordForPlatform(KeywordExecutor.groovy:53)
	at com.kms.katalon.core.webui.keyword.WebUiBuiltInKeywords.click(WebUiBuiltInKeywords.groovy:616)
	at com.kms.katalon.core.webui.keyword.WebUiBuiltInKeywords$click$4.call(Unknown Source)
	at Cart flyout- decrease qty.run(Cart flyout- decrease qty:28)
	at com.kms.katalon.core.main.ScriptEngine.run(ScriptEngine.java:194)
	at com.kms.katalon.core.main.ScriptEngine.runScriptAsRawText(ScriptEngine.java:119)
	at com.kms.katalon.core.main.TestCaseExecutor.runScript(TestCaseExecutor.java:328)
	at com.kms.katalon.core.main.TestCaseExecutor.doExecute(TestCaseExecutor.java:319)
	at com.kms.katalon.core.main.TestCaseExecutor.processExecutionPhase(TestCaseExecutor.java:298)
	at com.kms.katalon.core.main.TestCaseExecutor.accessMainPhase(TestCaseExecutor.java:290)
	at com.kms.katalon.core.main.TestCaseExecutor.execute(TestCaseExecutor.java:224)
	at com.kms.katalon.core.main.TestSuiteExecutor.accessTestCaseMainPhase(TestSuiteExecutor.java:129)
	at com.kms.katalon.core.main.TestSuiteExecutor.accessTestSuiteMainPhase(TestSuiteExecutor.java:112)
	at com.kms.katalon.core.main.TestSuiteExecutor.execute(TestSuiteExecutor.java:81)
	at com.kms.katalon.core.main.TestCaseMain.startTestSuite(TestCaseMain.java:149)
	at com.kms.katalon.core.main.TestCaseMain$startTestSuite$0.call(Unknown Source)
	at TempTestSuite1560802135767.run(TempTestSuite1560802135767.groovy:36)


2019-06-17 16:09:23 - [TEST_STEP][PASSED] - callTestCase(findTestCase("OCS - MOBILE/CALL - AGE GATE"), [:], STOP_ON_FAILURE): Call Test Case 'Test Cases/OCS - MOBILE/CALL - AGE GATE' successfully

2019-06-17 16:09:23 - [TEST_CASE][PASSED] - Test Cases/OCS - MOBILE/CALL - AGE GATE: Test Cases/OCS - MOBILE/CALL - AGE GATE

2019-06-17 16:09:23 - [TEST_STEP][PASSED] - openBrowser(""): Browser is opened with url: ''

2019-06-17 16:09:23 - [MESSAGE][WARNING] - A browser is already opened. Closing browser and opening a new one

2019-06-17 16:09:24 - [MESSAGE][INFO] - Starting 'Chrome' driver

2019-06-17 16:09:25 - [MESSAGE][PASSED] - Browser is opened with url: ''

2019-06-17 16:09:25 - [TEST_STEP][PASSED] - navigateToUrl("https://ocs.ca/?fts=0&preview_theme_id=72920106828"): Navigate to 'https://ocs.ca/?fts=0&preview_theme_id=72920106828' successfully

2019-06-17 16:09:30 - [MESSAGE][PASSED] - Navigate to 'https://ocs.ca/?fts=0&preview_theme_id=72920106828' successfully

2019-06-17 16:09:30 - [TEST_STEP][PASSED] - executeJavaScript("var previewBar = document.getElementById("preview-bar-iframe"); previewBar.style.display = "none";", []): Execute JavaScript 'var previewBar = document.getElementById("preview-bar-iframe"); previewBar.style.display = "none";' successfully

2019-06-17 16:09:30 - [MESSAGE][PASSED] - Execute JavaScript 'var previewBar = document.getElementById("preview-bar-iframe"); previewBar.style.display = "none";' successfully

2019-06-17 16:09:30 - [TEST_STEP][PASSED] - setViewPortSize(360, 800): Viewport is set to new size with width = 360 and height = 800

2019-06-17 16:09:30 - [MESSAGE][PASSED] - Viewport is set to new size with width = 360 and height = 800

2019-06-17 16:09:30 - [TEST_STEP][PASSED] - delay(4): Delayed 4 second(s)

2019-06-17 16:09:34 - [MESSAGE][PASSED] - Delayed 4 second(s)

2019-06-17 16:09:34 - [TEST_STEP][PASSED] - selectOptionByValue(findTestObject("OCS-MOBILE /Age gate and burger menu/Date"), "12", true): All options with value '12' are selected in object 'Object Repository/OCS-MOBILE /Age gate and burger menu/Date'  using regular expression

2019-06-17 16:09:34 - [MESSAGE][PASSED] - All options with value '12' are selected in object 'Object Repository/OCS-MOBILE /Age gate and burger menu/Date'  using regular expression

2019-06-17 16:09:34 - [TEST_STEP][PASSED] - selectOptionByValue(findTestObject("OCS-MOBILE /Age gate and burger menu/month"), "6", true): All options with value '6' are selected in object 'Object Repository/OCS-MOBILE /Age gate and burger menu/month'  using regular expression

2019-06-17 16:09:34 - [MESSAGE][PASSED] - All options with value '6' are selected in object 'Object Repository/OCS-MOBILE /Age gate and burger menu/month'  using regular expression

2019-06-17 16:09:34 - [TEST_STEP][PASSED] - delay(2): Delayed 2 second(s)

2019-06-17 16:09:36 - [MESSAGE][PASSED] - Delayed 2 second(s)

2019-06-17 16:09:36 - [TEST_STEP][PASSED] - selectOptionByValue(findTestObject("OCS-MOBILE /Age gate and burger menu/Year Dropdown"), "1990", true): All options with value '1990' are selected in object 'Object Repository/OCS-MOBILE /Age gate and burger menu/Year Dropdown'  using regular expression

2019-06-17 16:09:38 - [MESSAGE][PASSED] - All options with value '1990' are selected in object 'Object Repository/OCS-MOBILE /Age gate and burger menu/Year Dropdown'  using regular expression

2019-06-17 16:09:38 - [TEST_STEP][PASSED] - click(findTestObject("OCS-MOBILE /Age gate and Mega menu/button_Verify")): Object: 'Object Repository/OCS-MOBILE /Age gate and Mega menu/button_Verify' is clicked on

2019-06-17 16:09:38 - [MESSAGE][PASSED] - Object: 'Object Repository/OCS-MOBILE /Age gate and Mega menu/button_Verify' is clicked on

2019-06-17 16:09:38 - [TEST_STEP][PASSED] - click(findTestObject("OCS-MOBILE /Age gate and Mega menu/Checkbox_CONFIRM AND ACKNOWLEDGE")): Object: 'Object Repository/OCS-MOBILE /Age gate and Mega menu/Checkbox_CONFIRM AND ACKNOWLEDGE' is clicked on

2019-06-17 16:09:38 - [MESSAGE][PASSED] - Object: 'Object Repository/OCS-MOBILE /Age gate and Mega menu/Checkbox_CONFIRM AND ACKNOWLEDGE' is clicked on

2019-06-17 16:09:38 - [TEST_STEP][PASSED] - click(findTestObject("OCS-MOBILE /Age gate and Mega menu/button_CONFIRM")): Object: 'Object Repository/OCS-MOBILE /Age gate and Mega menu/button_CONFIRM' is clicked on

2019-06-17 16:09:38 - [MESSAGE][PASSED] - Object: 'Object Repository/OCS-MOBILE /Age gate and Mega menu/button_CONFIRM' is clicked on

2019-06-17 16:09:38 - [TEST_STEP][PASSED] - click(findTestObject("OCS-MOBILE /Age gate and Mega menu/button_Start Browsing")): Object: 'Object Repository/OCS-MOBILE /Age gate and Mega menu/button_Start Browsing' is clicked on

2019-06-17 16:09:38 - [MESSAGE][PASSED] - Object: 'Object Repository/OCS-MOBILE /Age gate and Mega menu/button_Start Browsing' is clicked on

2019-06-17 16:09:38 - [TEST_STEP][PASSED] - refresh(): Refresh successfully

2019-06-17 16:09:38 - [MESSAGE][PASSED] - Refresh successfully

2019-06-17 16:09:38 - [MESSAGE][PASSED] - Call Test Case 'Test Cases/OCS - MOBILE/CALL - AGE GATE' successfully

2019-06-17 16:09:38 - [TEST_STEP][PASSED] - delay(2): Delayed 2 second(s)

2019-06-17 16:09:40 - [MESSAGE][PASSED] - Delayed 2 second(s)

2019-06-17 16:09:40 - [TEST_STEP][PASSED] - click(findTestObject("OCS-MOBILE /Age gate and burger menu/Burger menu - English")): Object: 'Object Repository/OCS-MOBILE /Age gate and burger menu/Burger menu - English' is clicked on

2019-06-17 16:09:42 - [MESSAGE][PASSED] - Object: 'Object Repository/OCS-MOBILE /Age gate and burger menu/Burger menu - English' is clicked on

2019-06-17 16:09:42 - [TEST_STEP][PASSED] - delay(2): Delayed 2 second(s)

2019-06-17 16:09:44 - [MESSAGE][PASSED] - Delayed 2 second(s)

2019-06-17 16:09:44 - [TEST_STEP][PASSED] - click(findTestObject("OCS-MOBILE /Age gate and burger menu/Chevron_Cannabis")): Object: 'Object Repository/OCS-MOBILE /Age gate and burger menu/Chevron_Cannabis' is clicked on

2019-06-17 16:09:44 - [MESSAGE][PASSED] - Object: 'Object Repository/OCS-MOBILE /Age gate and burger menu/Chevron_Cannabis' is clicked on

2019-06-17 16:09:44 - [TEST_STEP][PASSED] - delay(2): Delayed 2 second(s)

2019-06-17 16:09:46 - [MESSAGE][PASSED] - Delayed 2 second(s)

2019-06-17 16:09:46 - [TEST_STEP][FAILED] - click(findTestObject("OCS-MOBILE /Age gate and burger menu/Dried Flower_Plus icon")): click(findTestObject("OCS-MOBILE /Age gate and burger menu/Dried Flower_Plus icon")) FAILED.
Reason:
com.kms.katalon.core.exception.StepFailedException: Unable to click on object 'Object Repository/OCS-MOBILE /Age gate and burger menu/Dried Flower_Plus icon' (Root cause: org.openqa.selenium.WebDriverException: unknown error: Element <i class="icon icon--plus menu__tier-three__link--icon"></i> is not clickable at point (462, 120). Other element would receive the click: <ul class="menu__learn-more--mobile only-mobile-tablet">...</ul>
  (Session info: chrome=75.0.3770.90)
  (Driver info: chromedriver=2.43.600229 (3fae4d0cda5334b4f533bede5a4787f7b832d052),platform=Mac OS X 10.13.6 x86_64) (WARNING: The server did not provide any stacktrace information)
Command duration or timeout: 0 milliseconds
Build info: version: '3.7.1', revision: '8a0099a', time: '2017-11-06T21:07:36.161Z'
System info: host: 'sumans-MacBook-Pro.local', ip: 'fe80:0:0:0:10f0:11f1:8277:c429%en0', os.name: 'Mac OS X', os.arch: 'x86_64', os.version: '10.13.6', java.version: '1.8.0_181'
Driver info: com.kms.katalon.selenium.driver.CChromeDriver
Capabilities {acceptInsecureCerts: false, acceptSslCerts: false, applicationCacheEnabled: false, browserConnectionEnabled: false, browserName: chrome, chrome: {chromedriverVersion: 2.43.600229 (3fae4d0cda5334..., userDataDir: /var/folders/1t/c55l8xzs6gq...}, cssSelectorsEnabled: true, databaseEnabled: false, goog:chromeOptions: {debuggerAddress: localhost:58130}, handlesAlerts: true, hasTouchScreen: false, javascriptEnabled: true, locationContextEnabled: true, mobileEmulationEnabled: false, nativeEvents: true, networkConnectionEnabled: false, pageLoadStrategy: normal, platform: MAC, platformName: MAC, rotatable: false, setWindowRect: true, takesHeapSnapshot: true, takesScreenshot: true, unexpectedAlertBehaviour: , unhandledPromptBehavior: , version: 75.0.3770.90, webStorageEnabled: true}
Session ID: 5f41e20bd7106a091340b36912f8de8e)
	at com.kms.katalon.core.keyword.internal.KeywordMain.stepFailed(KeywordMain.groovy:36)
	at com.kms.katalon.core.webui.keyword.internal.WebUIKeywordMain.stepFailed(WebUIKeywordMain.groovy:65)
	at com.kms.katalon.core.webui.keyword.internal.WebUIKeywordMain.runKeyword(WebUIKeywordMain.groovy:27)
	at com.kms.katalon.core.webui.keyword.builtin.ClickKeyword.click(ClickKeyword.groovy:86)
	at com.kms.katalon.core.webui.keyword.builtin.ClickKeyword.execute(ClickKeyword.groovy:67)
	at com.kms.katalon.core.keyword.internal.KeywordExecutor.executeKeywordForPlatform(KeywordExecutor.groovy:53)
	at com.kms.katalon.core.webui.keyword.WebUiBuiltInKeywords.click(WebUiBuiltInKeywords.groovy:616)
	at com.kms.katalon.core.webui.keyword.WebUiBuiltInKeywords$click$4.call(Unknown Source)
	at Cart flyout- decrease qty.run(Cart flyout- decrease qty:28)
	at com.kms.katalon.core.main.ScriptEngine.run(ScriptEngine.java:194)
	at com.kms.katalon.core.main.ScriptEngine.runScriptAsRawText(ScriptEngine.java:119)
	at com.kms.katalon.core.main.TestCaseExecutor.runScript(TestCaseExecutor.java:328)
	at com.kms.katalon.core.main.TestCaseExecutor.doExecute(TestCaseExecutor.java:319)
	at com.kms.katalon.core.main.TestCaseExecutor.processExecutionPhase(TestCaseExecutor.java:298)
	at com.kms.katalon.core.main.TestCaseExecutor.accessMainPhase(TestCaseExecutor.java:290)
	at com.kms.katalon.core.main.TestCaseExecutor.execute(TestCaseExecutor.java:224)
	at com.kms.katalon.core.main.TestSuiteExecutor.accessTestCaseMainPhase(TestSuiteExecutor.java:129)
	at com.kms.katalon.core.main.TestSuiteExecutor.accessTestSuiteMainPhase(TestSuiteExecutor.java:112)
	at com.kms.katalon.core.main.TestSuiteExecutor.execute(TestSuiteExecutor.java:81)
	at com.kms.katalon.core.main.TestCaseMain.startTestSuite(TestCaseMain.java:149)
	at com.kms.katalon.core.main.TestCaseMain$startTestSuite$0.call(Unknown Source)
	at TempTestSuite1560802135767.run(TempTestSuite1560802135767.groovy:36)


2019-06-17 16:09:46 - [MESSAGE][FAILED] - Unable to click on object 'Object Repository/OCS-MOBILE /Age gate and burger menu/Dried Flower_Plus icon' (Root cause: org.openqa.selenium.WebDriverException: unknown error: Element <i class="icon icon--plus menu__tier-three__link--icon"></i> is not clickable at point (462, 120). Other element would receive the click: <ul class="menu__learn-more--mobile only-mobile-tablet">...</ul>
  (Session info: chrome=75.0.3770.90)
  (Driver info: chromedriver=2.43.600229 (3fae4d0cda5334b4f533bede5a4787f7b832d052),platform=Mac OS X 10.13.6 x86_64) (WARNING: The server did not provide any stacktrace information)
Command duration or timeout: 0 milliseconds
Build info: version: '3.7.1', revision: '8a0099a', time: '2017-11-06T21:07:36.161Z'
System info: host: 'sumans-MacBook-Pro.local', ip: 'fe80:0:0:0:10f0:11f1:8277:c429%en0', os.name: 'Mac OS X', os.arch: 'x86_64', os.version: '10.13.6', java.version: '1.8.0_181'
Driver info: com.kms.katalon.selenium.driver.CChromeDriver
Capabilities {acceptInsecureCerts: false, acceptSslCerts: false, applicationCacheEnabled: false, browserConnectionEnabled: false, browserName: chrome, chrome: {chromedriverVersion: 2.43.600229 (3fae4d0cda5334..., userDataDir: /var/folders/1t/c55l8xzs6gq...}, cssSelectorsEnabled: true, databaseEnabled: false, goog:chromeOptions: {debuggerAddress: localhost:58130}, handlesAlerts: true, hasTouchScreen: false, javascriptEnabled: true, locationContextEnabled: true, mobileEmulationEnabled: false, nativeEvents: true, networkConnectionEnabled: false, pageLoadStrategy: normal, platform: MAC, platformName: MAC, rotatable: false, setWindowRect: true, takesHeapSnapshot: true, takesScreenshot: true, unexpectedAlertBehaviour: , unhandledPromptBehavior: , version: 75.0.3770.90, webStorageEnabled: true}
Session ID: 5f41e20bd7106a091340b36912f8de8e)
[[ATTACHMENT|/Users/sumankompelly/Relative xpath-Mobile/Reports/OCS- 1.10.1/20190617_160855/1560802186217.png]]

2019-06-17 16:09:46 - [MESSAGE][FAILED] - click(findTestObject("OCS-MOBILE /Age gate and burger menu/Dried Flower_Plus icon")) FAILED.
Reason:
com.kms.katalon.core.exception.StepFailedException: Unable to click on object 'Object Repository/OCS-MOBILE /Age gate and burger menu/Dried Flower_Plus icon' (Root cause: org.openqa.selenium.WebDriverException: unknown error: Element <i class="icon icon--plus menu__tier-three__link--icon"></i> is not clickable at point (462, 120). Other element would receive the click: <ul class="menu__learn-more--mobile only-mobile-tablet">...</ul>
  (Session info: chrome=75.0.3770.90)
  (Driver info: chromedriver=2.43.600229 (3fae4d0cda5334b4f533bede5a4787f7b832d052),platform=Mac OS X 10.13.6 x86_64) (WARNING: The server did not provide any stacktrace information)
Command duration or timeout: 0 milliseconds
Build info: version: '3.7.1', revision: '8a0099a', time: '2017-11-06T21:07:36.161Z'
System info: host: 'sumans-MacBook-Pro.local', ip: 'fe80:0:0:0:10f0:11f1:8277:c429%en0', os.name: 'Mac OS X', os.arch: 'x86_64', os.version: '10.13.6', java.version: '1.8.0_181'
Driver info: com.kms.katalon.selenium.driver.CChromeDriver
Capabilities {acceptInsecureCerts: false, acceptSslCerts: false, applicationCacheEnabled: false, browserConnectionEnabled: false, browserName: chrome, chrome: {chromedriverVersion: 2.43.600229 (3fae4d0cda5334..., userDataDir: /var/folders/1t/c55l8xzs6gq...}, cssSelectorsEnabled: true, databaseEnabled: false, goog:chromeOptions: {debuggerAddress: localhost:58130}, handlesAlerts: true, hasTouchScreen: false, javascriptEnabled: true, locationContextEnabled: true, mobileEmulationEnabled: false, nativeEvents: true, networkConnectionEnabled: false, pageLoadStrategy: normal, platform: MAC, platformName: MAC, rotatable: false, setWindowRect: true, takesHeapSnapshot: true, takesScreenshot: true, unexpectedAlertBehaviour: , unhandledPromptBehavior: , version: 75.0.3770.90, webStorageEnabled: true}
Session ID: 5f41e20bd7106a091340b36912f8de8e)
	at com.kms.katalon.core.keyword.internal.KeywordMain.stepFailed(KeywordMain.groovy:36)
	at com.kms.katalon.core.webui.keyword.internal.WebUIKeywordMain.stepFailed(WebUIKeywordMain.groovy:65)
	at com.kms.katalon.core.webui.keyword.internal.WebUIKeywordMain.runKeyword(WebUIKeywordMain.groovy:27)
	at com.kms.katalon.core.webui.keyword.builtin.ClickKeyword.click(ClickKeyword.groovy:86)
	at com.kms.katalon.core.webui.keyword.builtin.ClickKeyword.execute(ClickKeyword.groovy:67)
	at com.kms.katalon.core.keyword.internal.KeywordExecutor.executeKeywordForPlatform(KeywordExecutor.groovy:53)
	at com.kms.katalon.core.webui.keyword.WebUiBuiltInKeywords.click(WebUiBuiltInKeywords.groovy:616)
	at com.kms.katalon.core.webui.keyword.WebUiBuiltInKeywords$click$4.call(Unknown Source)
	at Cart flyout- decrease qty.run(Cart flyout- decrease qty:28)
	at com.kms.katalon.core.main.ScriptEngine.run(ScriptEngine.java:194)
	at com.kms.katalon.core.main.ScriptEngine.runScriptAsRawText(ScriptEngine.java:119)
	at com.kms.katalon.core.main.TestCaseExecutor.runScript(TestCaseExecutor.java:328)
	at com.kms.katalon.core.main.TestCaseExecutor.doExecute(TestCaseExecutor.java:319)
	at com.kms.katalon.core.main.TestCaseExecutor.processExecutionPhase(TestCaseExecutor.java:298)
	at com.kms.katalon.core.main.TestCaseExecutor.accessMainPhase(TestCaseExecutor.java:290)
	at com.kms.katalon.core.main.TestCaseExecutor.execute(TestCaseExecutor.java:224)
	at com.kms.katalon.core.main.TestSuiteExecutor.accessTestCaseMainPhase(TestSuiteExecutor.java:129)
	at com.kms.katalon.core.main.TestSuiteExecutor.accessTestSuiteMainPhase(TestSuiteExecutor.java:112)
	at com.kms.katalon.core.main.TestSuiteExecutor.execute(TestSuiteExecutor.java:81)
	at com.kms.katalon.core.main.TestCaseMain.startTestSuite(TestCaseMain.java:149)
	at com.kms.katalon.core.main.TestCaseMain$startTestSuite$0.call(Unknown Source)
	at TempTestSuite1560802135767.run(TempTestSuite1560802135767.groovy:36)]]></system-out>
         <system-err><![CDATA[2019-06-17 16:09:23 - [TEST_CASE][FAILED] - Test Cases/OCS - MOBILE/OCS- CRITICAL PATH/Cart flyout- decrease qty: Test Cases/OCS - MOBILE/OCS- CRITICAL PATH/Cart flyout- decrease qty FAILED.
Reason:
com.kms.katalon.core.exception.StepFailedException: Unable to click on object 'Object Repository/OCS-MOBILE /Age gate and burger menu/Dried Flower_Plus icon' (Root cause: org.openqa.selenium.WebDriverException: unknown error: Element <i class="icon icon--plus menu__tier-three__link--icon"></i> is not clickable at point (462, 120). Other element would receive the click: <ul class="menu__learn-more--mobile only-mobile-tablet">...</ul>
  (Session info: chrome=75.0.3770.90)
  (Driver info: chromedriver=2.43.600229 (3fae4d0cda5334b4f533bede5a4787f7b832d052),platform=Mac OS X 10.13.6 x86_64) (WARNING: The server did not provide any stacktrace information)
Command duration or timeout: 0 milliseconds
Build info: version: '3.7.1', revision: '8a0099a', time: '2017-11-06T21:07:36.161Z'
System info: host: 'sumans-MacBook-Pro.local', ip: 'fe80:0:0:0:10f0:11f1:8277:c429%en0', os.name: 'Mac OS X', os.arch: 'x86_64', os.version: '10.13.6', java.version: '1.8.0_181'
Driver info: com.kms.katalon.selenium.driver.CChromeDriver
Capabilities {acceptInsecureCerts: false, acceptSslCerts: false, applicationCacheEnabled: false, browserConnectionEnabled: false, browserName: chrome, chrome: {chromedriverVersion: 2.43.600229 (3fae4d0cda5334..., userDataDir: /var/folders/1t/c55l8xzs6gq...}, cssSelectorsEnabled: true, databaseEnabled: false, goog:chromeOptions: {debuggerAddress: localhost:58130}, handlesAlerts: true, hasTouchScreen: false, javascriptEnabled: true, locationContextEnabled: true, mobileEmulationEnabled: false, nativeEvents: true, networkConnectionEnabled: false, pageLoadStrategy: normal, platform: MAC, platformName: MAC, rotatable: false, setWindowRect: true, takesHeapSnapshot: true, takesScreenshot: true, unexpectedAlertBehaviour: , unhandledPromptBehavior: , version: 75.0.3770.90, webStorageEnabled: true}
Session ID: 5f41e20bd7106a091340b36912f8de8e)
	at com.kms.katalon.core.keyword.internal.KeywordMain.stepFailed(KeywordMain.groovy:36)
	at com.kms.katalon.core.webui.keyword.internal.WebUIKeywordMain.stepFailed(WebUIKeywordMain.groovy:65)
	at com.kms.katalon.core.webui.keyword.internal.WebUIKeywordMain.runKeyword(WebUIKeywordMain.groovy:27)
	at com.kms.katalon.core.webui.keyword.builtin.ClickKeyword.click(ClickKeyword.groovy:86)
	at com.kms.katalon.core.webui.keyword.builtin.ClickKeyword.execute(ClickKeyword.groovy:67)
	at com.kms.katalon.core.keyword.internal.KeywordExecutor.executeKeywordForPlatform(KeywordExecutor.groovy:53)
	at com.kms.katalon.core.webui.keyword.WebUiBuiltInKeywords.click(WebUiBuiltInKeywords.groovy:616)
	at com.kms.katalon.core.webui.keyword.WebUiBuiltInKeywords$click$4.call(Unknown Source)
	at Cart flyout- decrease qty.run(Cart flyout- decrease qty:28)
	at com.kms.katalon.core.main.ScriptEngine.run(ScriptEngine.java:194)
	at com.kms.katalon.core.main.ScriptEngine.runScriptAsRawText(ScriptEngine.java:119)
	at com.kms.katalon.core.main.TestCaseExecutor.runScript(TestCaseExecutor.java:328)
	at com.kms.katalon.core.main.TestCaseExecutor.doExecute(TestCaseExecutor.java:319)
	at com.kms.katalon.core.main.TestCaseExecutor.processExecutionPhase(TestCaseExecutor.java:298)
	at com.kms.katalon.core.main.TestCaseExecutor.accessMainPhase(TestCaseExecutor.java:290)
	at com.kms.katalon.core.main.TestCaseExecutor.execute(TestCaseExecutor.java:224)
	at com.kms.katalon.core.main.TestSuiteExecutor.accessTestCaseMainPhase(TestSuiteExecutor.java:129)
	at com.kms.katalon.core.main.TestSuiteExecutor.accessTestSuiteMainPhase(TestSuiteExecutor.java:112)
	at com.kms.katalon.core.main.TestSuiteExecutor.execute(TestSuiteExecutor.java:81)
	at com.kms.katalon.core.main.TestCaseMain.startTestSuite(TestCaseMain.java:149)
	at com.kms.katalon.core.main.TestCaseMain$startTestSuite$0.call(Unknown Source)
	at TempTestSuite1560802135767.run(TempTestSuite1560802135767.groovy:36)]]></system-err>
      </testcase>
      <testcase name="Test Cases/OCS - MOBILE/OCS- CRITICAL PATH/Checkout- Payment" classname="Test Cases/OCS - MOBILE/OCS- CRITICAL PATH/Checkout- Payment" status="FAILED">
         <failure type="FAILED" message="Test Cases/OCS - MOBILE/OCS- CRITICAL PATH/Checkout- Payment FAILED.
Reason:
com.kms.katalon.core.exception.StepFailedException: Unable to click on object 'Object Repository/OCS-MOBILE /Age gate and burger menu/Dried Flower_Plus icon' (Root cause: org.openqa.selenium.WebDriverException: unknown error: Element &lt;i class=&quot;icon icon--plus menu__tier-three__link--icon&quot;>&lt;/i> is not clickable at point (462, 120). Other element would receive the click: &lt;ul class=&quot;menu__learn-more--mobile only-mobile-tablet&quot;>...&lt;/ul>
  (Session info: chrome=75.0.3770.90)
  (Driver info: chromedriver=2.43.600229 (3fae4d0cda5334b4f533bede5a4787f7b832d052),platform=Mac OS X 10.13.6 x86_64) (WARNING: The server did not provide any stacktrace information)
Command duration or timeout: 0 milliseconds
Build info: version: '3.7.1', revision: '8a0099a', time: '2017-11-06T21:07:36.161Z'
System info: host: 'sumans-MacBook-Pro.local', ip: 'fe80:0:0:0:10f0:11f1:8277:c429%en0', os.name: 'Mac OS X', os.arch: 'x86_64', os.version: '10.13.6', java.version: '1.8.0_181'
Driver info: com.kms.katalon.selenium.driver.CChromeDriver
Capabilities {acceptInsecureCerts: false, acceptSslCerts: false, applicationCacheEnabled: false, browserConnectionEnabled: false, browserName: chrome, chrome: {chromedriverVersion: 2.43.600229 (3fae4d0cda5334..., userDataDir: /var/folders/1t/c55l8xzs6gq...}, cssSelectorsEnabled: true, databaseEnabled: false, goog:chromeOptions: {debuggerAddress: localhost:58265}, handlesAlerts: true, hasTouchScreen: false, javascriptEnabled: true, locationContextEnabled: true, mobileEmulationEnabled: false, nativeEvents: true, networkConnectionEnabled: false, pageLoadStrategy: normal, platform: MAC, platformName: MAC, rotatable: false, setWindowRect: true, takesHeapSnapshot: true, takesScreenshot: true, unexpectedAlertBehaviour: , unhandledPromptBehavior: , version: 75.0.3770.90, webStorageEnabled: true}
Session ID: 7ecb1683250cf82caceef55525431abf)
	at com.kms.katalon.core.keyword.internal.KeywordMain.stepFailed(KeywordMain.groovy:36)
	at com.kms.katalon.core.webui.keyword.internal.WebUIKeywordMain.stepFailed(WebUIKeywordMain.groovy:65)
	at com.kms.katalon.core.webui.keyword.internal.WebUIKeywordMain.runKeyword(WebUIKeywordMain.groovy:27)
	at com.kms.katalon.core.webui.keyword.builtin.ClickKeyword.click(ClickKeyword.groovy:86)
	at com.kms.katalon.core.webui.keyword.builtin.ClickKeyword.execute(ClickKeyword.groovy:67)
	at com.kms.katalon.core.keyword.internal.KeywordExecutor.executeKeywordForPlatform(KeywordExecutor.groovy:53)
	at com.kms.katalon.core.webui.keyword.WebUiBuiltInKeywords.click(WebUiBuiltInKeywords.groovy:616)
	at com.kms.katalon.core.webui.keyword.WebUiBuiltInKeywords$click$4.call(Unknown Source)
	at Checkout- Payment.run(Checkout- Payment:30)
	at com.kms.katalon.core.main.ScriptEngine.run(ScriptEngine.java:194)
	at com.kms.katalon.core.main.ScriptEngine.runScriptAsRawText(ScriptEngine.java:119)
	at com.kms.katalon.core.main.TestCaseExecutor.runScript(TestCaseExecutor.java:328)
	at com.kms.katalon.core.main.TestCaseExecutor.doExecute(TestCaseExecutor.java:319)
	at com.kms.katalon.core.main.TestCaseExecutor.processExecutionPhase(TestCaseExecutor.java:298)
	at com.kms.katalon.core.main.TestCaseExecutor.accessMainPhase(TestCaseExecutor.java:290)
	at com.kms.katalon.core.main.TestCaseExecutor.execute(TestCaseExecutor.java:224)
	at com.kms.katalon.core.main.TestSuiteExecutor.accessTestCaseMainPhase(TestSuiteExecutor.java:129)
	at com.kms.katalon.core.main.TestSuiteExecutor.accessTestSuiteMainPhase(TestSuiteExecutor.java:112)
	at com.kms.katalon.core.main.TestSuiteExecutor.execute(TestSuiteExecutor.java:81)
	at com.kms.katalon.core.main.TestCaseMain.startTestSuite(TestCaseMain.java:149)
	at com.kms.katalon.core.main.TestCaseMain$startTestSuite$0.call(Unknown Source)
	at TempTestSuite1560802135767.run(TempTestSuite1560802135767.groovy:36)
"/>
         <system-out><![CDATA[2019-06-17 16:09:46 - [TEST_CASE][FAILED] - Test Cases/OCS - MOBILE/OCS- CRITICAL PATH/Checkout- Payment: Test Cases/OCS - MOBILE/OCS- CRITICAL PATH/Checkout- Payment FAILED.
Reason:
com.kms.katalon.core.exception.StepFailedException: Unable to click on object 'Object Repository/OCS-MOBILE /Age gate and burger menu/Dried Flower_Plus icon' (Root cause: org.openqa.selenium.WebDriverException: unknown error: Element <i class="icon icon--plus menu__tier-three__link--icon"></i> is not clickable at point (462, 120). Other element would receive the click: <ul class="menu__learn-more--mobile only-mobile-tablet">...</ul>
  (Session info: chrome=75.0.3770.90)
  (Driver info: chromedriver=2.43.600229 (3fae4d0cda5334b4f533bede5a4787f7b832d052),platform=Mac OS X 10.13.6 x86_64) (WARNING: The server did not provide any stacktrace information)
Command duration or timeout: 0 milliseconds
Build info: version: '3.7.1', revision: '8a0099a', time: '2017-11-06T21:07:36.161Z'
System info: host: 'sumans-MacBook-Pro.local', ip: 'fe80:0:0:0:10f0:11f1:8277:c429%en0', os.name: 'Mac OS X', os.arch: 'x86_64', os.version: '10.13.6', java.version: '1.8.0_181'
Driver info: com.kms.katalon.selenium.driver.CChromeDriver
Capabilities {acceptInsecureCerts: false, acceptSslCerts: false, applicationCacheEnabled: false, browserConnectionEnabled: false, browserName: chrome, chrome: {chromedriverVersion: 2.43.600229 (3fae4d0cda5334..., userDataDir: /var/folders/1t/c55l8xzs6gq...}, cssSelectorsEnabled: true, databaseEnabled: false, goog:chromeOptions: {debuggerAddress: localhost:58265}, handlesAlerts: true, hasTouchScreen: false, javascriptEnabled: true, locationContextEnabled: true, mobileEmulationEnabled: false, nativeEvents: true, networkConnectionEnabled: false, pageLoadStrategy: normal, platform: MAC, platformName: MAC, rotatable: false, setWindowRect: true, takesHeapSnapshot: true, takesScreenshot: true, unexpectedAlertBehaviour: , unhandledPromptBehavior: , version: 75.0.3770.90, webStorageEnabled: true}
Session ID: 7ecb1683250cf82caceef55525431abf)
	at com.kms.katalon.core.keyword.internal.KeywordMain.stepFailed(KeywordMain.groovy:36)
	at com.kms.katalon.core.webui.keyword.internal.WebUIKeywordMain.stepFailed(WebUIKeywordMain.groovy:65)
	at com.kms.katalon.core.webui.keyword.internal.WebUIKeywordMain.runKeyword(WebUIKeywordMain.groovy:27)
	at com.kms.katalon.core.webui.keyword.builtin.ClickKeyword.click(ClickKeyword.groovy:86)
	at com.kms.katalon.core.webui.keyword.builtin.ClickKeyword.execute(ClickKeyword.groovy:67)
	at com.kms.katalon.core.keyword.internal.KeywordExecutor.executeKeywordForPlatform(KeywordExecutor.groovy:53)
	at com.kms.katalon.core.webui.keyword.WebUiBuiltInKeywords.click(WebUiBuiltInKeywords.groovy:616)
	at com.kms.katalon.core.webui.keyword.WebUiBuiltInKeywords$click$4.call(Unknown Source)
	at Checkout- Payment.run(Checkout- Payment:30)
	at com.kms.katalon.core.main.ScriptEngine.run(ScriptEngine.java:194)
	at com.kms.katalon.core.main.ScriptEngine.runScriptAsRawText(ScriptEngine.java:119)
	at com.kms.katalon.core.main.TestCaseExecutor.runScript(TestCaseExecutor.java:328)
	at com.kms.katalon.core.main.TestCaseExecutor.doExecute(TestCaseExecutor.java:319)
	at com.kms.katalon.core.main.TestCaseExecutor.processExecutionPhase(TestCaseExecutor.java:298)
	at com.kms.katalon.core.main.TestCaseExecutor.accessMainPhase(TestCaseExecutor.java:290)
	at com.kms.katalon.core.main.TestCaseExecutor.execute(TestCaseExecutor.java:224)
	at com.kms.katalon.core.main.TestSuiteExecutor.accessTestCaseMainPhase(TestSuiteExecutor.java:129)
	at com.kms.katalon.core.main.TestSuiteExecutor.accessTestSuiteMainPhase(TestSuiteExecutor.java:112)
	at com.kms.katalon.core.main.TestSuiteExecutor.execute(TestSuiteExecutor.java:81)
	at com.kms.katalon.core.main.TestCaseMain.startTestSuite(TestCaseMain.java:149)
	at com.kms.katalon.core.main.TestCaseMain$startTestSuite$0.call(Unknown Source)
	at TempTestSuite1560802135767.run(TempTestSuite1560802135767.groovy:36)


2019-06-17 16:09:47 - [TEST_STEP][PASSED] - callTestCase(findTestCase("OCS - MOBILE/CALL - AGE GATE"), [:], STOP_ON_FAILURE): Call Test Case 'Test Cases/OCS - MOBILE/CALL - AGE GATE' successfully

2019-06-17 16:09:47 - [TEST_CASE][PASSED] - Test Cases/OCS - MOBILE/CALL - AGE GATE: Test Cases/OCS - MOBILE/CALL - AGE GATE

2019-06-17 16:09:47 - [TEST_STEP][PASSED] - openBrowser(""): Browser is opened with url: ''

2019-06-17 16:09:47 - [MESSAGE][WARNING] - A browser is already opened. Closing browser and opening a new one

2019-06-17 16:09:47 - [MESSAGE][INFO] - Starting 'Chrome' driver

2019-06-17 16:09:48 - [MESSAGE][PASSED] - Browser is opened with url: ''

2019-06-17 16:09:48 - [TEST_STEP][PASSED] - navigateToUrl("https://ocs.ca/?fts=0&preview_theme_id=72920106828"): Navigate to 'https://ocs.ca/?fts=0&preview_theme_id=72920106828' successfully

2019-06-17 16:09:56 - [MESSAGE][PASSED] - Navigate to 'https://ocs.ca/?fts=0&preview_theme_id=72920106828' successfully

2019-06-17 16:09:56 - [TEST_STEP][PASSED] - executeJavaScript("var previewBar = document.getElementById("preview-bar-iframe"); previewBar.style.display = "none";", []): Execute JavaScript 'var previewBar = document.getElementById("preview-bar-iframe"); previewBar.style.display = "none";' successfully

2019-06-17 16:09:56 - [MESSAGE][PASSED] - Execute JavaScript 'var previewBar = document.getElementById("preview-bar-iframe"); previewBar.style.display = "none";' successfully

2019-06-17 16:09:56 - [TEST_STEP][PASSED] - setViewPortSize(360, 800): Viewport is set to new size with width = 360 and height = 800

2019-06-17 16:09:56 - [MESSAGE][PASSED] - Viewport is set to new size with width = 360 and height = 800

2019-06-17 16:09:56 - [TEST_STEP][PASSED] - delay(4): Delayed 4 second(s)

2019-06-17 16:10:00 - [MESSAGE][PASSED] - Delayed 4 second(s)

2019-06-17 16:10:00 - [TEST_STEP][PASSED] - selectOptionByValue(findTestObject("OCS-MOBILE /Age gate and burger menu/Date"), "12", true): All options with value '12' are selected in object 'Object Repository/OCS-MOBILE /Age gate and burger menu/Date'  using regular expression

2019-06-17 16:10:00 - [MESSAGE][PASSED] - All options with value '12' are selected in object 'Object Repository/OCS-MOBILE /Age gate and burger menu/Date'  using regular expression

2019-06-17 16:10:00 - [TEST_STEP][PASSED] - selectOptionByValue(findTestObject("OCS-MOBILE /Age gate and burger menu/month"), "6", true): All options with value '6' are selected in object 'Object Repository/OCS-MOBILE /Age gate and burger menu/month'  using regular expression

2019-06-17 16:10:01 - [MESSAGE][PASSED] - All options with value '6' are selected in object 'Object Repository/OCS-MOBILE /Age gate and burger menu/month'  using regular expression

2019-06-17 16:10:01 - [TEST_STEP][PASSED] - delay(2): Delayed 2 second(s)

2019-06-17 16:10:03 - [MESSAGE][PASSED] - Delayed 2 second(s)

2019-06-17 16:10:03 - [TEST_STEP][PASSED] - selectOptionByValue(findTestObject("OCS-MOBILE /Age gate and burger menu/Year Dropdown"), "1990", true): All options with value '1990' are selected in object 'Object Repository/OCS-MOBILE /Age gate and burger menu/Year Dropdown'  using regular expression

2019-06-17 16:10:04 - [MESSAGE][PASSED] - All options with value '1990' are selected in object 'Object Repository/OCS-MOBILE /Age gate and burger menu/Year Dropdown'  using regular expression

2019-06-17 16:10:04 - [TEST_STEP][PASSED] - click(findTestObject("OCS-MOBILE /Age gate and Mega menu/button_Verify")): Object: 'Object Repository/OCS-MOBILE /Age gate and Mega menu/button_Verify' is clicked on

2019-06-17 16:10:04 - [MESSAGE][PASSED] - Object: 'Object Repository/OCS-MOBILE /Age gate and Mega menu/button_Verify' is clicked on

2019-06-17 16:10:04 - [TEST_STEP][PASSED] - click(findTestObject("OCS-MOBILE /Age gate and Mega menu/Checkbox_CONFIRM AND ACKNOWLEDGE")): Object: 'Object Repository/OCS-MOBILE /Age gate and Mega menu/Checkbox_CONFIRM AND ACKNOWLEDGE' is clicked on

2019-06-17 16:10:04 - [MESSAGE][PASSED] - Object: 'Object Repository/OCS-MOBILE /Age gate and Mega menu/Checkbox_CONFIRM AND ACKNOWLEDGE' is clicked on

2019-06-17 16:10:04 - [TEST_STEP][PASSED] - click(findTestObject("OCS-MOBILE /Age gate and Mega menu/button_CONFIRM")): Object: 'Object Repository/OCS-MOBILE /Age gate and Mega menu/button_CONFIRM' is clicked on

2019-06-17 16:10:04 - [MESSAGE][PASSED] - Object: 'Object Repository/OCS-MOBILE /Age gate and Mega menu/button_CONFIRM' is clicked on

2019-06-17 16:10:04 - [TEST_STEP][PASSED] - click(findTestObject("OCS-MOBILE /Age gate and Mega menu/button_Start Browsing")): Object: 'Object Repository/OCS-MOBILE /Age gate and Mega menu/button_Start Browsing' is clicked on

2019-06-17 16:10:04 - [MESSAGE][PASSED] - Object: 'Object Repository/OCS-MOBILE /Age gate and Mega menu/button_Start Browsing' is clicked on

2019-06-17 16:10:04 - [TEST_STEP][PASSED] - refresh(): Refresh successfully

2019-06-17 16:10:04 - [MESSAGE][PASSED] - Refresh successfully

2019-06-17 16:10:04 - [MESSAGE][PASSED] - Call Test Case 'Test Cases/OCS - MOBILE/CALL - AGE GATE' successfully

2019-06-17 16:10:04 - [TEST_STEP][PASSED] - delay(2): Delayed 2 second(s)

2019-06-17 16:10:06 - [MESSAGE][PASSED] - Delayed 2 second(s)

2019-06-17 16:10:06 - [TEST_STEP][PASSED] - refresh(): Refresh successfully

2019-06-17 16:10:08 - [MESSAGE][PASSED] - Refresh successfully

2019-06-17 16:10:08 - [TEST_STEP][PASSED] - click(findTestObject("OCS-MOBILE /Age gate and burger menu/Burger menu - English")): Object: 'Object Repository/OCS-MOBILE /Age gate and burger menu/Burger menu - English' is clicked on

2019-06-17 16:10:12 - [MESSAGE][PASSED] - Object: 'Object Repository/OCS-MOBILE /Age gate and burger menu/Burger menu - English' is clicked on

2019-06-17 16:10:12 - [TEST_STEP][PASSED] - delay(2): Delayed 2 second(s)

2019-06-17 16:10:14 - [MESSAGE][PASSED] - Delayed 2 second(s)

2019-06-17 16:10:14 - [TEST_STEP][PASSED] - click(findTestObject("OCS-MOBILE /Age gate and burger menu/Chevron_Cannabis")): Object: 'Object Repository/OCS-MOBILE /Age gate and burger menu/Chevron_Cannabis' is clicked on

2019-06-17 16:10:14 - [MESSAGE][PASSED] - Object: 'Object Repository/OCS-MOBILE /Age gate and burger menu/Chevron_Cannabis' is clicked on

2019-06-17 16:10:14 - [TEST_STEP][PASSED] - delay(2): Delayed 2 second(s)

2019-06-17 16:10:16 - [MESSAGE][PASSED] - Delayed 2 second(s)

2019-06-17 16:10:16 - [TEST_STEP][FAILED] - click(findTestObject("OCS-MOBILE /Age gate and burger menu/Dried Flower_Plus icon")): click(findTestObject("OCS-MOBILE /Age gate and burger menu/Dried Flower_Plus icon")) FAILED.
Reason:
com.kms.katalon.core.exception.StepFailedException: Unable to click on object 'Object Repository/OCS-MOBILE /Age gate and burger menu/Dried Flower_Plus icon' (Root cause: org.openqa.selenium.WebDriverException: unknown error: Element <i class="icon icon--plus menu__tier-three__link--icon"></i> is not clickable at point (462, 120). Other element would receive the click: <ul class="menu__learn-more--mobile only-mobile-tablet">...</ul>
  (Session info: chrome=75.0.3770.90)
  (Driver info: chromedriver=2.43.600229 (3fae4d0cda5334b4f533bede5a4787f7b832d052),platform=Mac OS X 10.13.6 x86_64) (WARNING: The server did not provide any stacktrace information)
Command duration or timeout: 0 milliseconds
Build info: version: '3.7.1', revision: '8a0099a', time: '2017-11-06T21:07:36.161Z'
System info: host: 'sumans-MacBook-Pro.local', ip: 'fe80:0:0:0:10f0:11f1:8277:c429%en0', os.name: 'Mac OS X', os.arch: 'x86_64', os.version: '10.13.6', java.version: '1.8.0_181'
Driver info: com.kms.katalon.selenium.driver.CChromeDriver
Capabilities {acceptInsecureCerts: false, acceptSslCerts: false, applicationCacheEnabled: false, browserConnectionEnabled: false, browserName: chrome, chrome: {chromedriverVersion: 2.43.600229 (3fae4d0cda5334..., userDataDir: /var/folders/1t/c55l8xzs6gq...}, cssSelectorsEnabled: true, databaseEnabled: false, goog:chromeOptions: {debuggerAddress: localhost:58265}, handlesAlerts: true, hasTouchScreen: false, javascriptEnabled: true, locationContextEnabled: true, mobileEmulationEnabled: false, nativeEvents: true, networkConnectionEnabled: false, pageLoadStrategy: normal, platform: MAC, platformName: MAC, rotatable: false, setWindowRect: true, takesHeapSnapshot: true, takesScreenshot: true, unexpectedAlertBehaviour: , unhandledPromptBehavior: , version: 75.0.3770.90, webStorageEnabled: true}
Session ID: 7ecb1683250cf82caceef55525431abf)
	at com.kms.katalon.core.keyword.internal.KeywordMain.stepFailed(KeywordMain.groovy:36)
	at com.kms.katalon.core.webui.keyword.internal.WebUIKeywordMain.stepFailed(WebUIKeywordMain.groovy:65)
	at com.kms.katalon.core.webui.keyword.internal.WebUIKeywordMain.runKeyword(WebUIKeywordMain.groovy:27)
	at com.kms.katalon.core.webui.keyword.builtin.ClickKeyword.click(ClickKeyword.groovy:86)
	at com.kms.katalon.core.webui.keyword.builtin.ClickKeyword.execute(ClickKeyword.groovy:67)
	at com.kms.katalon.core.keyword.internal.KeywordExecutor.executeKeywordForPlatform(KeywordExecutor.groovy:53)
	at com.kms.katalon.core.webui.keyword.WebUiBuiltInKeywords.click(WebUiBuiltInKeywords.groovy:616)
	at com.kms.katalon.core.webui.keyword.WebUiBuiltInKeywords$click$4.call(Unknown Source)
	at Checkout- Payment.run(Checkout- Payment:30)
	at com.kms.katalon.core.main.ScriptEngine.run(ScriptEngine.java:194)
	at com.kms.katalon.core.main.ScriptEngine.runScriptAsRawText(ScriptEngine.java:119)
	at com.kms.katalon.core.main.TestCaseExecutor.runScript(TestCaseExecutor.java:328)
	at com.kms.katalon.core.main.TestCaseExecutor.doExecute(TestCaseExecutor.java:319)
	at com.kms.katalon.core.main.TestCaseExecutor.processExecutionPhase(TestCaseExecutor.java:298)
	at com.kms.katalon.core.main.TestCaseExecutor.accessMainPhase(TestCaseExecutor.java:290)
	at com.kms.katalon.core.main.TestCaseExecutor.execute(TestCaseExecutor.java:224)
	at com.kms.katalon.core.main.TestSuiteExecutor.accessTestCaseMainPhase(TestSuiteExecutor.java:129)
	at com.kms.katalon.core.main.TestSuiteExecutor.accessTestSuiteMainPhase(TestSuiteExecutor.java:112)
	at com.kms.katalon.core.main.TestSuiteExecutor.execute(TestSuiteExecutor.java:81)
	at com.kms.katalon.core.main.TestCaseMain.startTestSuite(TestCaseMain.java:149)
	at com.kms.katalon.core.main.TestCaseMain$startTestSuite$0.call(Unknown Source)
	at TempTestSuite1560802135767.run(TempTestSuite1560802135767.groovy:36)


2019-06-17 16:10:16 - [MESSAGE][FAILED] - Unable to click on object 'Object Repository/OCS-MOBILE /Age gate and burger menu/Dried Flower_Plus icon' (Root cause: org.openqa.selenium.WebDriverException: unknown error: Element <i class="icon icon--plus menu__tier-three__link--icon"></i> is not clickable at point (462, 120). Other element would receive the click: <ul class="menu__learn-more--mobile only-mobile-tablet">...</ul>
  (Session info: chrome=75.0.3770.90)
  (Driver info: chromedriver=2.43.600229 (3fae4d0cda5334b4f533bede5a4787f7b832d052),platform=Mac OS X 10.13.6 x86_64) (WARNING: The server did not provide any stacktrace information)
Command duration or timeout: 0 milliseconds
Build info: version: '3.7.1', revision: '8a0099a', time: '2017-11-06T21:07:36.161Z'
System info: host: 'sumans-MacBook-Pro.local', ip: 'fe80:0:0:0:10f0:11f1:8277:c429%en0', os.name: 'Mac OS X', os.arch: 'x86_64', os.version: '10.13.6', java.version: '1.8.0_181'
Driver info: com.kms.katalon.selenium.driver.CChromeDriver
Capabilities {acceptInsecureCerts: false, acceptSslCerts: false, applicationCacheEnabled: false, browserConnectionEnabled: false, browserName: chrome, chrome: {chromedriverVersion: 2.43.600229 (3fae4d0cda5334..., userDataDir: /var/folders/1t/c55l8xzs6gq...}, cssSelectorsEnabled: true, databaseEnabled: false, goog:chromeOptions: {debuggerAddress: localhost:58265}, handlesAlerts: true, hasTouchScreen: false, javascriptEnabled: true, locationContextEnabled: true, mobileEmulationEnabled: false, nativeEvents: true, networkConnectionEnabled: false, pageLoadStrategy: normal, platform: MAC, platformName: MAC, rotatable: false, setWindowRect: true, takesHeapSnapshot: true, takesScreenshot: true, unexpectedAlertBehaviour: , unhandledPromptBehavior: , version: 75.0.3770.90, webStorageEnabled: true}
Session ID: 7ecb1683250cf82caceef55525431abf)
[[ATTACHMENT|/Users/sumankompelly/Relative xpath-Mobile/Reports/OCS- 1.10.1/20190617_160855/1560802216325.png]]

2019-06-17 16:10:16 - [MESSAGE][FAILED] - click(findTestObject("OCS-MOBILE /Age gate and burger menu/Dried Flower_Plus icon")) FAILED.
Reason:
com.kms.katalon.core.exception.StepFailedException: Unable to click on object 'Object Repository/OCS-MOBILE /Age gate and burger menu/Dried Flower_Plus icon' (Root cause: org.openqa.selenium.WebDriverException: unknown error: Element <i class="icon icon--plus menu__tier-three__link--icon"></i> is not clickable at point (462, 120). Other element would receive the click: <ul class="menu__learn-more--mobile only-mobile-tablet">...</ul>
  (Session info: chrome=75.0.3770.90)
  (Driver info: chromedriver=2.43.600229 (3fae4d0cda5334b4f533bede5a4787f7b832d052),platform=Mac OS X 10.13.6 x86_64) (WARNING: The server did not provide any stacktrace information)
Command duration or timeout: 0 milliseconds
Build info: version: '3.7.1', revision: '8a0099a', time: '2017-11-06T21:07:36.161Z'
System info: host: 'sumans-MacBook-Pro.local', ip: 'fe80:0:0:0:10f0:11f1:8277:c429%en0', os.name: 'Mac OS X', os.arch: 'x86_64', os.version: '10.13.6', java.version: '1.8.0_181'
Driver info: com.kms.katalon.selenium.driver.CChromeDriver
Capabilities {acceptInsecureCerts: false, acceptSslCerts: false, applicationCacheEnabled: false, browserConnectionEnabled: false, browserName: chrome, chrome: {chromedriverVersion: 2.43.600229 (3fae4d0cda5334..., userDataDir: /var/folders/1t/c55l8xzs6gq...}, cssSelectorsEnabled: true, databaseEnabled: false, goog:chromeOptions: {debuggerAddress: localhost:58265}, handlesAlerts: true, hasTouchScreen: false, javascriptEnabled: true, locationContextEnabled: true, mobileEmulationEnabled: false, nativeEvents: true, networkConnectionEnabled: false, pageLoadStrategy: normal, platform: MAC, platformName: MAC, rotatable: false, setWindowRect: true, takesHeapSnapshot: true, takesScreenshot: true, unexpectedAlertBehaviour: , unhandledPromptBehavior: , version: 75.0.3770.90, webStorageEnabled: true}
Session ID: 7ecb1683250cf82caceef55525431abf)
	at com.kms.katalon.core.keyword.internal.KeywordMain.stepFailed(KeywordMain.groovy:36)
	at com.kms.katalon.core.webui.keyword.internal.WebUIKeywordMain.stepFailed(WebUIKeywordMain.groovy:65)
	at com.kms.katalon.core.webui.keyword.internal.WebUIKeywordMain.runKeyword(WebUIKeywordMain.groovy:27)
	at com.kms.katalon.core.webui.keyword.builtin.ClickKeyword.click(ClickKeyword.groovy:86)
	at com.kms.katalon.core.webui.keyword.builtin.ClickKeyword.execute(ClickKeyword.groovy:67)
	at com.kms.katalon.core.keyword.internal.KeywordExecutor.executeKeywordForPlatform(KeywordExecutor.groovy:53)
	at com.kms.katalon.core.webui.keyword.WebUiBuiltInKeywords.click(WebUiBuiltInKeywords.groovy:616)
	at com.kms.katalon.core.webui.keyword.WebUiBuiltInKeywords$click$4.call(Unknown Source)
	at Checkout- Payment.run(Checkout- Payment:30)
	at com.kms.katalon.core.main.ScriptEngine.run(ScriptEngine.java:194)
	at com.kms.katalon.core.main.ScriptEngine.runScriptAsRawText(ScriptEngine.java:119)
	at com.kms.katalon.core.main.TestCaseExecutor.runScript(TestCaseExecutor.java:328)
	at com.kms.katalon.core.main.TestCaseExecutor.doExecute(TestCaseExecutor.java:319)
	at com.kms.katalon.core.main.TestCaseExecutor.processExecutionPhase(TestCaseExecutor.java:298)
	at com.kms.katalon.core.main.TestCaseExecutor.accessMainPhase(TestCaseExecutor.java:290)
	at com.kms.katalon.core.main.TestCaseExecutor.execute(TestCaseExecutor.java:224)
	at com.kms.katalon.core.main.TestSuiteExecutor.accessTestCaseMainPhase(TestSuiteExecutor.java:129)
	at com.kms.katalon.core.main.TestSuiteExecutor.accessTestSuiteMainPhase(TestSuiteExecutor.java:112)
	at com.kms.katalon.core.main.TestSuiteExecutor.execute(TestSuiteExecutor.java:81)
	at com.kms.katalon.core.main.TestCaseMain.startTestSuite(TestCaseMain.java:149)
	at com.kms.katalon.core.main.TestCaseMain$startTestSuite$0.call(Unknown Source)
	at TempTestSuite1560802135767.run(TempTestSuite1560802135767.groovy:36)]]></system-out>
         <system-err><![CDATA[2019-06-17 16:09:46 - [TEST_CASE][FAILED] - Test Cases/OCS - MOBILE/OCS- CRITICAL PATH/Checkout- Payment: Test Cases/OCS - MOBILE/OCS- CRITICAL PATH/Checkout- Payment FAILED.
Reason:
com.kms.katalon.core.exception.StepFailedException: Unable to click on object 'Object Repository/OCS-MOBILE /Age gate and burger menu/Dried Flower_Plus icon' (Root cause: org.openqa.selenium.WebDriverException: unknown error: Element <i class="icon icon--plus menu__tier-three__link--icon"></i> is not clickable at point (462, 120). Other element would receive the click: <ul class="menu__learn-more--mobile only-mobile-tablet">...</ul>
  (Session info: chrome=75.0.3770.90)
  (Driver info: chromedriver=2.43.600229 (3fae4d0cda5334b4f533bede5a4787f7b832d052),platform=Mac OS X 10.13.6 x86_64) (WARNING: The server did not provide any stacktrace information)
Command duration or timeout: 0 milliseconds
Build info: version: '3.7.1', revision: '8a0099a', time: '2017-11-06T21:07:36.161Z'
System info: host: 'sumans-MacBook-Pro.local', ip: 'fe80:0:0:0:10f0:11f1:8277:c429%en0', os.name: 'Mac OS X', os.arch: 'x86_64', os.version: '10.13.6', java.version: '1.8.0_181'
Driver info: com.kms.katalon.selenium.driver.CChromeDriver
Capabilities {acceptInsecureCerts: false, acceptSslCerts: false, applicationCacheEnabled: false, browserConnectionEnabled: false, browserName: chrome, chrome: {chromedriverVersion: 2.43.600229 (3fae4d0cda5334..., userDataDir: /var/folders/1t/c55l8xzs6gq...}, cssSelectorsEnabled: true, databaseEnabled: false, goog:chromeOptions: {debuggerAddress: localhost:58265}, handlesAlerts: true, hasTouchScreen: false, javascriptEnabled: true, locationContextEnabled: true, mobileEmulationEnabled: false, nativeEvents: true, networkConnectionEnabled: false, pageLoadStrategy: normal, platform: MAC, platformName: MAC, rotatable: false, setWindowRect: true, takesHeapSnapshot: true, takesScreenshot: true, unexpectedAlertBehaviour: , unhandledPromptBehavior: , version: 75.0.3770.90, webStorageEnabled: true}
Session ID: 7ecb1683250cf82caceef55525431abf)
	at com.kms.katalon.core.keyword.internal.KeywordMain.stepFailed(KeywordMain.groovy:36)
	at com.kms.katalon.core.webui.keyword.internal.WebUIKeywordMain.stepFailed(WebUIKeywordMain.groovy:65)
	at com.kms.katalon.core.webui.keyword.internal.WebUIKeywordMain.runKeyword(WebUIKeywordMain.groovy:27)
	at com.kms.katalon.core.webui.keyword.builtin.ClickKeyword.click(ClickKeyword.groovy:86)
	at com.kms.katalon.core.webui.keyword.builtin.ClickKeyword.execute(ClickKeyword.groovy:67)
	at com.kms.katalon.core.keyword.internal.KeywordExecutor.executeKeywordForPlatform(KeywordExecutor.groovy:53)
	at com.kms.katalon.core.webui.keyword.WebUiBuiltInKeywords.click(WebUiBuiltInKeywords.groovy:616)
	at com.kms.katalon.core.webui.keyword.WebUiBuiltInKeywords$click$4.call(Unknown Source)
	at Checkout- Payment.run(Checkout- Payment:30)
	at com.kms.katalon.core.main.ScriptEngine.run(ScriptEngine.java:194)
	at com.kms.katalon.core.main.ScriptEngine.runScriptAsRawText(ScriptEngine.java:119)
	at com.kms.katalon.core.main.TestCaseExecutor.runScript(TestCaseExecutor.java:328)
	at com.kms.katalon.core.main.TestCaseExecutor.doExecute(TestCaseExecutor.java:319)
	at com.kms.katalon.core.main.TestCaseExecutor.processExecutionPhase(TestCaseExecutor.java:298)
	at com.kms.katalon.core.main.TestCaseExecutor.accessMainPhase(TestCaseExecutor.java:290)
	at com.kms.katalon.core.main.TestCaseExecutor.execute(TestCaseExecutor.java:224)
	at com.kms.katalon.core.main.TestSuiteExecutor.accessTestCaseMainPhase(TestSuiteExecutor.java:129)
	at com.kms.katalon.core.main.TestSuiteExecutor.accessTestSuiteMainPhase(TestSuiteExecutor.java:112)
	at com.kms.katalon.core.main.TestSuiteExecutor.execute(TestSuiteExecutor.java:81)
	at com.kms.katalon.core.main.TestCaseMain.startTestSuite(TestCaseMain.java:149)
	at com.kms.katalon.core.main.TestCaseMain$startTestSuite$0.call(Unknown Source)
	at TempTestSuite1560802135767.run(TempTestSuite1560802135767.groovy:36)]]></system-err>
      </testcase>
      <testcase name="Test Cases/OCS - MOBILE/OCS- CRITICAL PATH/Checkout - customer information page" classname="Test Cases/OCS - MOBILE/OCS- CRITICAL PATH/Checkout - customer information page" status="FAILED">
         <failure type="FAILED" message="Test Cases/OCS - MOBILE/OCS- CRITICAL PATH/Checkout - customer information page FAILED.
Reason:
com.kms.katalon.core.exception.StepFailedException: Unable to click on object 'Object Repository/OCS-MOBILE /Age gate and burger menu/Dried Flower_Plus icon' (Root cause: org.openqa.selenium.WebDriverException: unknown error: Element &lt;i class=&quot;icon icon--plus menu__tier-three__link--icon&quot;>&lt;/i> is not clickable at point (462, 120). Other element would receive the click: &lt;ul class=&quot;menu__learn-more--mobile only-mobile-tablet&quot;>...&lt;/ul>
  (Session info: chrome=75.0.3770.90)
  (Driver info: chromedriver=2.43.600229 (3fae4d0cda5334b4f533bede5a4787f7b832d052),platform=Mac OS X 10.13.6 x86_64) (WARNING: The server did not provide any stacktrace information)
Command duration or timeout: 0 milliseconds
Build info: version: '3.7.1', revision: '8a0099a', time: '2017-11-06T21:07:36.161Z'
System info: host: 'sumans-MacBook-Pro.local', ip: 'fe80:0:0:0:10f0:11f1:8277:c429%en0', os.name: 'Mac OS X', os.arch: 'x86_64', os.version: '10.13.6', java.version: '1.8.0_181'
Driver info: com.kms.katalon.selenium.driver.CChromeDriver
Capabilities {acceptInsecureCerts: false, acceptSslCerts: false, applicationCacheEnabled: false, browserConnectionEnabled: false, browserName: chrome, chrome: {chromedriverVersion: 2.43.600229 (3fae4d0cda5334..., userDataDir: /var/folders/1t/c55l8xzs6gq...}, cssSelectorsEnabled: true, databaseEnabled: false, goog:chromeOptions: {debuggerAddress: localhost:58430}, handlesAlerts: true, hasTouchScreen: false, javascriptEnabled: true, locationContextEnabled: true, mobileEmulationEnabled: false, nativeEvents: true, networkConnectionEnabled: false, pageLoadStrategy: normal, platform: MAC, platformName: MAC, rotatable: false, setWindowRect: true, takesHeapSnapshot: true, takesScreenshot: true, unexpectedAlertBehaviour: , unhandledPromptBehavior: , version: 75.0.3770.90, webStorageEnabled: true}
Session ID: 48f41829a5125f835f874b41c652d420)
	at com.kms.katalon.core.keyword.internal.KeywordMain.stepFailed(KeywordMain.groovy:36)
	at com.kms.katalon.core.webui.keyword.internal.WebUIKeywordMain.stepFailed(WebUIKeywordMain.groovy:65)
	at com.kms.katalon.core.webui.keyword.internal.WebUIKeywordMain.runKeyword(WebUIKeywordMain.groovy:27)
	at com.kms.katalon.core.webui.keyword.builtin.ClickKeyword.click(ClickKeyword.groovy:86)
	at com.kms.katalon.core.webui.keyword.builtin.ClickKeyword.execute(ClickKeyword.groovy:67)
	at com.kms.katalon.core.keyword.internal.KeywordExecutor.executeKeywordForPlatform(KeywordExecutor.groovy:53)
	at com.kms.katalon.core.webui.keyword.WebUiBuiltInKeywords.click(WebUiBuiltInKeywords.groovy:616)
	at com.kms.katalon.core.webui.keyword.WebUiBuiltInKeywords$click$4.call(Unknown Source)
	at Checkout - customer information page.run(Checkout - customer information page:30)
	at com.kms.katalon.core.main.ScriptEngine.run(ScriptEngine.java:194)
	at com.kms.katalon.core.main.ScriptEngine.runScriptAsRawText(ScriptEngine.java:119)
	at com.kms.katalon.core.main.TestCaseExecutor.runScript(TestCaseExecutor.java:328)
	at com.kms.katalon.core.main.TestCaseExecutor.doExecute(TestCaseExecutor.java:319)
	at com.kms.katalon.core.main.TestCaseExecutor.processExecutionPhase(TestCaseExecutor.java:298)
	at com.kms.katalon.core.main.TestCaseExecutor.accessMainPhase(TestCaseExecutor.java:290)
	at com.kms.katalon.core.main.TestCaseExecutor.execute(TestCaseExecutor.java:224)
	at com.kms.katalon.core.main.TestSuiteExecutor.accessTestCaseMainPhase(TestSuiteExecutor.java:129)
	at com.kms.katalon.core.main.TestSuiteExecutor.accessTestSuiteMainPhase(TestSuiteExecutor.java:112)
	at com.kms.katalon.core.main.TestSuiteExecutor.execute(TestSuiteExecutor.java:81)
	at com.kms.katalon.core.main.TestCaseMain.startTestSuite(TestCaseMain.java:149)
	at com.kms.katalon.core.main.TestCaseMain$startTestSuite$0.call(Unknown Source)
	at TempTestSuite1560802135767.run(TempTestSuite1560802135767.groovy:36)
"/>
         <system-out><![CDATA[2019-06-17 16:10:16 - [TEST_CASE][FAILED] - Test Cases/OCS - MOBILE/OCS- CRITICAL PATH/Checkout - customer information page: Test Cases/OCS - MOBILE/OCS- CRITICAL PATH/Checkout - customer information page FAILED.
Reason:
com.kms.katalon.core.exception.StepFailedException: Unable to click on object 'Object Repository/OCS-MOBILE /Age gate and burger menu/Dried Flower_Plus icon' (Root cause: org.openqa.selenium.WebDriverException: unknown error: Element <i class="icon icon--plus menu__tier-three__link--icon"></i> is not clickable at point (462, 120). Other element would receive the click: <ul class="menu__learn-more--mobile only-mobile-tablet">...</ul>
  (Session info: chrome=75.0.3770.90)
  (Driver info: chromedriver=2.43.600229 (3fae4d0cda5334b4f533bede5a4787f7b832d052),platform=Mac OS X 10.13.6 x86_64) (WARNING: The server did not provide any stacktrace information)
Command duration or timeout: 0 milliseconds
Build info: version: '3.7.1', revision: '8a0099a', time: '2017-11-06T21:07:36.161Z'
System info: host: 'sumans-MacBook-Pro.local', ip: 'fe80:0:0:0:10f0:11f1:8277:c429%en0', os.name: 'Mac OS X', os.arch: 'x86_64', os.version: '10.13.6', java.version: '1.8.0_181'
Driver info: com.kms.katalon.selenium.driver.CChromeDriver
Capabilities {acceptInsecureCerts: false, acceptSslCerts: false, applicationCacheEnabled: false, browserConnectionEnabled: false, browserName: chrome, chrome: {chromedriverVersion: 2.43.600229 (3fae4d0cda5334..., userDataDir: /var/folders/1t/c55l8xzs6gq...}, cssSelectorsEnabled: true, databaseEnabled: false, goog:chromeOptions: {debuggerAddress: localhost:58430}, handlesAlerts: true, hasTouchScreen: false, javascriptEnabled: true, locationContextEnabled: true, mobileEmulationEnabled: false, nativeEvents: true, networkConnectionEnabled: false, pageLoadStrategy: normal, platform: MAC, platformName: MAC, rotatable: false, setWindowRect: true, takesHeapSnapshot: true, takesScreenshot: true, unexpectedAlertBehaviour: , unhandledPromptBehavior: , version: 75.0.3770.90, webStorageEnabled: true}
Session ID: 48f41829a5125f835f874b41c652d420)
	at com.kms.katalon.core.keyword.internal.KeywordMain.stepFailed(KeywordMain.groovy:36)
	at com.kms.katalon.core.webui.keyword.internal.WebUIKeywordMain.stepFailed(WebUIKeywordMain.groovy:65)
	at com.kms.katalon.core.webui.keyword.internal.WebUIKeywordMain.runKeyword(WebUIKeywordMain.groovy:27)
	at com.kms.katalon.core.webui.keyword.builtin.ClickKeyword.click(ClickKeyword.groovy:86)
	at com.kms.katalon.core.webui.keyword.builtin.ClickKeyword.execute(ClickKeyword.groovy:67)
	at com.kms.katalon.core.keyword.internal.KeywordExecutor.executeKeywordForPlatform(KeywordExecutor.groovy:53)
	at com.kms.katalon.core.webui.keyword.WebUiBuiltInKeywords.click(WebUiBuiltInKeywords.groovy:616)
	at com.kms.katalon.core.webui.keyword.WebUiBuiltInKeywords$click$4.call(Unknown Source)
	at Checkout - customer information page.run(Checkout - customer information page:30)
	at com.kms.katalon.core.main.ScriptEngine.run(ScriptEngine.java:194)
	at com.kms.katalon.core.main.ScriptEngine.runScriptAsRawText(ScriptEngine.java:119)
	at com.kms.katalon.core.main.TestCaseExecutor.runScript(TestCaseExecutor.java:328)
	at com.kms.katalon.core.main.TestCaseExecutor.doExecute(TestCaseExecutor.java:319)
	at com.kms.katalon.core.main.TestCaseExecutor.processExecutionPhase(TestCaseExecutor.java:298)
	at com.kms.katalon.core.main.TestCaseExecutor.accessMainPhase(TestCaseExecutor.java:290)
	at com.kms.katalon.core.main.TestCaseExecutor.execute(TestCaseExecutor.java:224)
	at com.kms.katalon.core.main.TestSuiteExecutor.accessTestCaseMainPhase(TestSuiteExecutor.java:129)
	at com.kms.katalon.core.main.TestSuiteExecutor.accessTestSuiteMainPhase(TestSuiteExecutor.java:112)
	at com.kms.katalon.core.main.TestSuiteExecutor.execute(TestSuiteExecutor.java:81)
	at com.kms.katalon.core.main.TestCaseMain.startTestSuite(TestCaseMain.java:149)
	at com.kms.katalon.core.main.TestCaseMain$startTestSuite$0.call(Unknown Source)
	at TempTestSuite1560802135767.run(TempTestSuite1560802135767.groovy:36)


2019-06-17 16:10:16 - [TEST_STEP][PASSED] - callTestCase(findTestCase("OCS - MOBILE/CALL - AGE GATE"), [:], STOP_ON_FAILURE): Call Test Case 'Test Cases/OCS - MOBILE/CALL - AGE GATE' successfully

2019-06-17 16:10:16 - [TEST_CASE][PASSED] - Test Cases/OCS - MOBILE/CALL - AGE GATE: Test Cases/OCS - MOBILE/CALL - AGE GATE

2019-06-17 16:10:16 - [TEST_STEP][PASSED] - openBrowser(""): Browser is opened with url: ''

2019-06-17 16:10:16 - [MESSAGE][WARNING] - A browser is already opened. Closing browser and opening a new one

2019-06-17 16:10:17 - [MESSAGE][INFO] - Starting 'Chrome' driver

2019-06-17 16:10:18 - [MESSAGE][PASSED] - Browser is opened with url: ''

2019-06-17 16:10:18 - [TEST_STEP][PASSED] - navigateToUrl("https://ocs.ca/?fts=0&preview_theme_id=72920106828"): Navigate to 'https://ocs.ca/?fts=0&preview_theme_id=72920106828' successfully

2019-06-17 16:10:24 - [MESSAGE][PASSED] - Navigate to 'https://ocs.ca/?fts=0&preview_theme_id=72920106828' successfully

2019-06-17 16:10:24 - [TEST_STEP][PASSED] - executeJavaScript("var previewBar = document.getElementById("preview-bar-iframe"); previewBar.style.display = "none";", []): Execute JavaScript 'var previewBar = document.getElementById("preview-bar-iframe"); previewBar.style.display = "none";' successfully

2019-06-17 16:10:24 - [MESSAGE][PASSED] - Execute JavaScript 'var previewBar = document.getElementById("preview-bar-iframe"); previewBar.style.display = "none";' successfully

2019-06-17 16:10:24 - [TEST_STEP][PASSED] - setViewPortSize(360, 800): Viewport is set to new size with width = 360 and height = 800

2019-06-17 16:10:24 - [MESSAGE][PASSED] - Viewport is set to new size with width = 360 and height = 800

2019-06-17 16:10:24 - [TEST_STEP][PASSED] - delay(4): Delayed 4 second(s)

2019-06-17 16:10:28 - [MESSAGE][PASSED] - Delayed 4 second(s)

2019-06-17 16:10:28 - [TEST_STEP][PASSED] - selectOptionByValue(findTestObject("OCS-MOBILE /Age gate and burger menu/Date"), "12", true): All options with value '12' are selected in object 'Object Repository/OCS-MOBILE /Age gate and burger menu/Date'  using regular expression

2019-06-17 16:10:28 - [MESSAGE][PASSED] - All options with value '12' are selected in object 'Object Repository/OCS-MOBILE /Age gate and burger menu/Date'  using regular expression

2019-06-17 16:10:28 - [TEST_STEP][PASSED] - selectOptionByValue(findTestObject("OCS-MOBILE /Age gate and burger menu/month"), "6", true): All options with value '6' are selected in object 'Object Repository/OCS-MOBILE /Age gate and burger menu/month'  using regular expression

2019-06-17 16:10:28 - [MESSAGE][PASSED] - All options with value '6' are selected in object 'Object Repository/OCS-MOBILE /Age gate and burger menu/month'  using regular expression

2019-06-17 16:10:28 - [TEST_STEP][PASSED] - delay(2): Delayed 2 second(s)

2019-06-17 16:10:30 - [MESSAGE][PASSED] - Delayed 2 second(s)

2019-06-17 16:10:30 - [TEST_STEP][PASSED] - selectOptionByValue(findTestObject("OCS-MOBILE /Age gate and burger menu/Year Dropdown"), "1990", true): All options with value '1990' are selected in object 'Object Repository/OCS-MOBILE /Age gate and burger menu/Year Dropdown'  using regular expression

2019-06-17 16:10:31 - [MESSAGE][PASSED] - All options with value '1990' are selected in object 'Object Repository/OCS-MOBILE /Age gate and burger menu/Year Dropdown'  using regular expression

2019-06-17 16:10:31 - [TEST_STEP][PASSED] - click(findTestObject("OCS-MOBILE /Age gate and Mega menu/button_Verify")): Object: 'Object Repository/OCS-MOBILE /Age gate and Mega menu/button_Verify' is clicked on

2019-06-17 16:10:31 - [MESSAGE][PASSED] - Object: 'Object Repository/OCS-MOBILE /Age gate and Mega menu/button_Verify' is clicked on

2019-06-17 16:10:31 - [TEST_STEP][PASSED] - click(findTestObject("OCS-MOBILE /Age gate and Mega menu/Checkbox_CONFIRM AND ACKNOWLEDGE")): Object: 'Object Repository/OCS-MOBILE /Age gate and Mega menu/Checkbox_CONFIRM AND ACKNOWLEDGE' is clicked on

2019-06-17 16:10:32 - [MESSAGE][PASSED] - Object: 'Object Repository/OCS-MOBILE /Age gate and Mega menu/Checkbox_CONFIRM AND ACKNOWLEDGE' is clicked on

2019-06-17 16:10:32 - [TEST_STEP][PASSED] - click(findTestObject("OCS-MOBILE /Age gate and Mega menu/button_CONFIRM")): Object: 'Object Repository/OCS-MOBILE /Age gate and Mega menu/button_CONFIRM' is clicked on

2019-06-17 16:10:32 - [MESSAGE][PASSED] - Object: 'Object Repository/OCS-MOBILE /Age gate and Mega menu/button_CONFIRM' is clicked on

2019-06-17 16:10:32 - [TEST_STEP][PASSED] - click(findTestObject("OCS-MOBILE /Age gate and Mega menu/button_Start Browsing")): Object: 'Object Repository/OCS-MOBILE /Age gate and Mega menu/button_Start Browsing' is clicked on

2019-06-17 16:10:32 - [MESSAGE][PASSED] - Object: 'Object Repository/OCS-MOBILE /Age gate and Mega menu/button_Start Browsing' is clicked on

2019-06-17 16:10:32 - [TEST_STEP][PASSED] - refresh(): Refresh successfully

2019-06-17 16:10:32 - [MESSAGE][PASSED] - Refresh successfully

2019-06-17 16:10:32 - [MESSAGE][PASSED] - Call Test Case 'Test Cases/OCS - MOBILE/CALL - AGE GATE' successfully

2019-06-17 16:10:32 - [TEST_STEP][PASSED] - delay(2): Delayed 2 second(s)

2019-06-17 16:10:34 - [MESSAGE][PASSED] - Delayed 2 second(s)

2019-06-17 16:10:34 - [TEST_STEP][PASSED] - refresh(): Refresh successfully

2019-06-17 16:10:36 - [MESSAGE][PASSED] - Refresh successfully

2019-06-17 16:10:36 - [TEST_STEP][PASSED] - click(findTestObject("OCS-MOBILE /Age gate and burger menu/Burger menu - English")): Object: 'Object Repository/OCS-MOBILE /Age gate and burger menu/Burger menu - English' is clicked on

2019-06-17 16:10:39 - [MESSAGE][PASSED] - Object: 'Object Repository/OCS-MOBILE /Age gate and burger menu/Burger menu - English' is clicked on

2019-06-17 16:10:39 - [TEST_STEP][PASSED] - delay(2): Delayed 2 second(s)

2019-06-17 16:10:41 - [MESSAGE][PASSED] - Delayed 2 second(s)

2019-06-17 16:10:41 - [TEST_STEP][PASSED] - click(findTestObject("OCS-MOBILE /Age gate and burger menu/Chevron_Cannabis")): Object: 'Object Repository/OCS-MOBILE /Age gate and burger menu/Chevron_Cannabis' is clicked on

2019-06-17 16:10:41 - [MESSAGE][PASSED] - Object: 'Object Repository/OCS-MOBILE /Age gate and burger menu/Chevron_Cannabis' is clicked on

2019-06-17 16:10:41 - [TEST_STEP][PASSED] - delay(2): Delayed 2 second(s)

2019-06-17 16:10:43 - [MESSAGE][PASSED] - Delayed 2 second(s)

2019-06-17 16:10:43 - [TEST_STEP][FAILED] - click(findTestObject("OCS-MOBILE /Age gate and burger menu/Dried Flower_Plus icon")): click(findTestObject("OCS-MOBILE /Age gate and burger menu/Dried Flower_Plus icon")) FAILED.
Reason:
com.kms.katalon.core.exception.StepFailedException: Unable to click on object 'Object Repository/OCS-MOBILE /Age gate and burger menu/Dried Flower_Plus icon' (Root cause: org.openqa.selenium.WebDriverException: unknown error: Element <i class="icon icon--plus menu__tier-three__link--icon"></i> is not clickable at point (462, 120). Other element would receive the click: <ul class="menu__learn-more--mobile only-mobile-tablet">...</ul>
  (Session info: chrome=75.0.3770.90)
  (Driver info: chromedriver=2.43.600229 (3fae4d0cda5334b4f533bede5a4787f7b832d052),platform=Mac OS X 10.13.6 x86_64) (WARNING: The server did not provide any stacktrace information)
Command duration or timeout: 0 milliseconds
Build info: version: '3.7.1', revision: '8a0099a', time: '2017-11-06T21:07:36.161Z'
System info: host: 'sumans-MacBook-Pro.local', ip: 'fe80:0:0:0:10f0:11f1:8277:c429%en0', os.name: 'Mac OS X', os.arch: 'x86_64', os.version: '10.13.6', java.version: '1.8.0_181'
Driver info: com.kms.katalon.selenium.driver.CChromeDriver
Capabilities {acceptInsecureCerts: false, acceptSslCerts: false, applicationCacheEnabled: false, browserConnectionEnabled: false, browserName: chrome, chrome: {chromedriverVersion: 2.43.600229 (3fae4d0cda5334..., userDataDir: /var/folders/1t/c55l8xzs6gq...}, cssSelectorsEnabled: true, databaseEnabled: false, goog:chromeOptions: {debuggerAddress: localhost:58430}, handlesAlerts: true, hasTouchScreen: false, javascriptEnabled: true, locationContextEnabled: true, mobileEmulationEnabled: false, nativeEvents: true, networkConnectionEnabled: false, pageLoadStrategy: normal, platform: MAC, platformName: MAC, rotatable: false, setWindowRect: true, takesHeapSnapshot: true, takesScreenshot: true, unexpectedAlertBehaviour: , unhandledPromptBehavior: , version: 75.0.3770.90, webStorageEnabled: true}
Session ID: 48f41829a5125f835f874b41c652d420)
	at com.kms.katalon.core.keyword.internal.KeywordMain.stepFailed(KeywordMain.groovy:36)
	at com.kms.katalon.core.webui.keyword.internal.WebUIKeywordMain.stepFailed(WebUIKeywordMain.groovy:65)
	at com.kms.katalon.core.webui.keyword.internal.WebUIKeywordMain.runKeyword(WebUIKeywordMain.groovy:27)
	at com.kms.katalon.core.webui.keyword.builtin.ClickKeyword.click(ClickKeyword.groovy:86)
	at com.kms.katalon.core.webui.keyword.builtin.ClickKeyword.execute(ClickKeyword.groovy:67)
	at com.kms.katalon.core.keyword.internal.KeywordExecutor.executeKeywordForPlatform(KeywordExecutor.groovy:53)
	at com.kms.katalon.core.webui.keyword.WebUiBuiltInKeywords.click(WebUiBuiltInKeywords.groovy:616)
	at com.kms.katalon.core.webui.keyword.WebUiBuiltInKeywords$click$4.call(Unknown Source)
	at Checkout - customer information page.run(Checkout - customer information page:30)
	at com.kms.katalon.core.main.ScriptEngine.run(ScriptEngine.java:194)
	at com.kms.katalon.core.main.ScriptEngine.runScriptAsRawText(ScriptEngine.java:119)
	at com.kms.katalon.core.main.TestCaseExecutor.runScript(TestCaseExecutor.java:328)
	at com.kms.katalon.core.main.TestCaseExecutor.doExecute(TestCaseExecutor.java:319)
	at com.kms.katalon.core.main.TestCaseExecutor.processExecutionPhase(TestCaseExecutor.java:298)
	at com.kms.katalon.core.main.TestCaseExecutor.accessMainPhase(TestCaseExecutor.java:290)
	at com.kms.katalon.core.main.TestCaseExecutor.execute(TestCaseExecutor.java:224)
	at com.kms.katalon.core.main.TestSuiteExecutor.accessTestCaseMainPhase(TestSuiteExecutor.java:129)
	at com.kms.katalon.core.main.TestSuiteExecutor.accessTestSuiteMainPhase(TestSuiteExecutor.java:112)
	at com.kms.katalon.core.main.TestSuiteExecutor.execute(TestSuiteExecutor.java:81)
	at com.kms.katalon.core.main.TestCaseMain.startTestSuite(TestCaseMain.java:149)
	at com.kms.katalon.core.main.TestCaseMain$startTestSuite$0.call(Unknown Source)
	at TempTestSuite1560802135767.run(TempTestSuite1560802135767.groovy:36)


2019-06-17 16:10:44 - [MESSAGE][FAILED] - Unable to click on object 'Object Repository/OCS-MOBILE /Age gate and burger menu/Dried Flower_Plus icon' (Root cause: org.openqa.selenium.WebDriverException: unknown error: Element <i class="icon icon--plus menu__tier-three__link--icon"></i> is not clickable at point (462, 120). Other element would receive the click: <ul class="menu__learn-more--mobile only-mobile-tablet">...</ul>
  (Session info: chrome=75.0.3770.90)
  (Driver info: chromedriver=2.43.600229 (3fae4d0cda5334b4f533bede5a4787f7b832d052),platform=Mac OS X 10.13.6 x86_64) (WARNING: The server did not provide any stacktrace information)
Command duration or timeout: 0 milliseconds
Build info: version: '3.7.1', revision: '8a0099a', time: '2017-11-06T21:07:36.161Z'
System info: host: 'sumans-MacBook-Pro.local', ip: 'fe80:0:0:0:10f0:11f1:8277:c429%en0', os.name: 'Mac OS X', os.arch: 'x86_64', os.version: '10.13.6', java.version: '1.8.0_181'
Driver info: com.kms.katalon.selenium.driver.CChromeDriver
Capabilities {acceptInsecureCerts: false, acceptSslCerts: false, applicationCacheEnabled: false, browserConnectionEnabled: false, browserName: chrome, chrome: {chromedriverVersion: 2.43.600229 (3fae4d0cda5334..., userDataDir: /var/folders/1t/c55l8xzs6gq...}, cssSelectorsEnabled: true, databaseEnabled: false, goog:chromeOptions: {debuggerAddress: localhost:58430}, handlesAlerts: true, hasTouchScreen: false, javascriptEnabled: true, locationContextEnabled: true, mobileEmulationEnabled: false, nativeEvents: true, networkConnectionEnabled: false, pageLoadStrategy: normal, platform: MAC, platformName: MAC, rotatable: false, setWindowRect: true, takesHeapSnapshot: true, takesScreenshot: true, unexpectedAlertBehaviour: , unhandledPromptBehavior: , version: 75.0.3770.90, webStorageEnabled: true}
Session ID: 48f41829a5125f835f874b41c652d420)
[[ATTACHMENT|/Users/sumankompelly/Relative xpath-Mobile/Reports/OCS- 1.10.1/20190617_160855/1560802243814.png]]

2019-06-17 16:10:44 - [MESSAGE][FAILED] - click(findTestObject("OCS-MOBILE /Age gate and burger menu/Dried Flower_Plus icon")) FAILED.
Reason:
com.kms.katalon.core.exception.StepFailedException: Unable to click on object 'Object Repository/OCS-MOBILE /Age gate and burger menu/Dried Flower_Plus icon' (Root cause: org.openqa.selenium.WebDriverException: unknown error: Element <i class="icon icon--plus menu__tier-three__link--icon"></i> is not clickable at point (462, 120). Other element would receive the click: <ul class="menu__learn-more--mobile only-mobile-tablet">...</ul>
  (Session info: chrome=75.0.3770.90)
  (Driver info: chromedriver=2.43.600229 (3fae4d0cda5334b4f533bede5a4787f7b832d052),platform=Mac OS X 10.13.6 x86_64) (WARNING: The server did not provide any stacktrace information)
Command duration or timeout: 0 milliseconds
Build info: version: '3.7.1', revision: '8a0099a', time: '2017-11-06T21:07:36.161Z'
System info: host: 'sumans-MacBook-Pro.local', ip: 'fe80:0:0:0:10f0:11f1:8277:c429%en0', os.name: 'Mac OS X', os.arch: 'x86_64', os.version: '10.13.6', java.version: '1.8.0_181'
Driver info: com.kms.katalon.selenium.driver.CChromeDriver
Capabilities {acceptInsecureCerts: false, acceptSslCerts: false, applicationCacheEnabled: false, browserConnectionEnabled: false, browserName: chrome, chrome: {chromedriverVersion: 2.43.600229 (3fae4d0cda5334..., userDataDir: /var/folders/1t/c55l8xzs6gq...}, cssSelectorsEnabled: true, databaseEnabled: false, goog:chromeOptions: {debuggerAddress: localhost:58430}, handlesAlerts: true, hasTouchScreen: false, javascriptEnabled: true, locationContextEnabled: true, mobileEmulationEnabled: false, nativeEvents: true, networkConnectionEnabled: false, pageLoadStrategy: normal, platform: MAC, platformName: MAC, rotatable: false, setWindowRect: true, takesHeapSnapshot: true, takesScreenshot: true, unexpectedAlertBehaviour: , unhandledPromptBehavior: , version: 75.0.3770.90, webStorageEnabled: true}
Session ID: 48f41829a5125f835f874b41c652d420)
	at com.kms.katalon.core.keyword.internal.KeywordMain.stepFailed(KeywordMain.groovy:36)
	at com.kms.katalon.core.webui.keyword.internal.WebUIKeywordMain.stepFailed(WebUIKeywordMain.groovy:65)
	at com.kms.katalon.core.webui.keyword.internal.WebUIKeywordMain.runKeyword(WebUIKeywordMain.groovy:27)
	at com.kms.katalon.core.webui.keyword.builtin.ClickKeyword.click(ClickKeyword.groovy:86)
	at com.kms.katalon.core.webui.keyword.builtin.ClickKeyword.execute(ClickKeyword.groovy:67)
	at com.kms.katalon.core.keyword.internal.KeywordExecutor.executeKeywordForPlatform(KeywordExecutor.groovy:53)
	at com.kms.katalon.core.webui.keyword.WebUiBuiltInKeywords.click(WebUiBuiltInKeywords.groovy:616)
	at com.kms.katalon.core.webui.keyword.WebUiBuiltInKeywords$click$4.call(Unknown Source)
	at Checkout - customer information page.run(Checkout - customer information page:30)
	at com.kms.katalon.core.main.ScriptEngine.run(ScriptEngine.java:194)
	at com.kms.katalon.core.main.ScriptEngine.runScriptAsRawText(ScriptEngine.java:119)
	at com.kms.katalon.core.main.TestCaseExecutor.runScript(TestCaseExecutor.java:328)
	at com.kms.katalon.core.main.TestCaseExecutor.doExecute(TestCaseExecutor.java:319)
	at com.kms.katalon.core.main.TestCaseExecutor.processExecutionPhase(TestCaseExecutor.java:298)
	at com.kms.katalon.core.main.TestCaseExecutor.accessMainPhase(TestCaseExecutor.java:290)
	at com.kms.katalon.core.main.TestCaseExecutor.execute(TestCaseExecutor.java:224)
	at com.kms.katalon.core.main.TestSuiteExecutor.accessTestCaseMainPhase(TestSuiteExecutor.java:129)
	at com.kms.katalon.core.main.TestSuiteExecutor.accessTestSuiteMainPhase(TestSuiteExecutor.java:112)
	at com.kms.katalon.core.main.TestSuiteExecutor.execute(TestSuiteExecutor.java:81)
	at com.kms.katalon.core.main.TestCaseMain.startTestSuite(TestCaseMain.java:149)
	at com.kms.katalon.core.main.TestCaseMain$startTestSuite$0.call(Unknown Source)
	at TempTestSuite1560802135767.run(TempTestSuite1560802135767.groovy:36)]]></system-out>
         <system-err><![CDATA[2019-06-17 16:10:16 - [TEST_CASE][FAILED] - Test Cases/OCS - MOBILE/OCS- CRITICAL PATH/Checkout - customer information page: Test Cases/OCS - MOBILE/OCS- CRITICAL PATH/Checkout - customer information page FAILED.
Reason:
com.kms.katalon.core.exception.StepFailedException: Unable to click on object 'Object Repository/OCS-MOBILE /Age gate and burger menu/Dried Flower_Plus icon' (Root cause: org.openqa.selenium.WebDriverException: unknown error: Element <i class="icon icon--plus menu__tier-three__link--icon"></i> is not clickable at point (462, 120). Other element would receive the click: <ul class="menu__learn-more--mobile only-mobile-tablet">...</ul>
  (Session info: chrome=75.0.3770.90)
  (Driver info: chromedriver=2.43.600229 (3fae4d0cda5334b4f533bede5a4787f7b832d052),platform=Mac OS X 10.13.6 x86_64) (WARNING: The server did not provide any stacktrace information)
Command duration or timeout: 0 milliseconds
Build info: version: '3.7.1', revision: '8a0099a', time: '2017-11-06T21:07:36.161Z'
System info: host: 'sumans-MacBook-Pro.local', ip: 'fe80:0:0:0:10f0:11f1:8277:c429%en0', os.name: 'Mac OS X', os.arch: 'x86_64', os.version: '10.13.6', java.version: '1.8.0_181'
Driver info: com.kms.katalon.selenium.driver.CChromeDriver
Capabilities {acceptInsecureCerts: false, acceptSslCerts: false, applicationCacheEnabled: false, browserConnectionEnabled: false, browserName: chrome, chrome: {chromedriverVersion: 2.43.600229 (3fae4d0cda5334..., userDataDir: /var/folders/1t/c55l8xzs6gq...}, cssSelectorsEnabled: true, databaseEnabled: false, goog:chromeOptions: {debuggerAddress: localhost:58430}, handlesAlerts: true, hasTouchScreen: false, javascriptEnabled: true, locationContextEnabled: true, mobileEmulationEnabled: false, nativeEvents: true, networkConnectionEnabled: false, pageLoadStrategy: normal, platform: MAC, platformName: MAC, rotatable: false, setWindowRect: true, takesHeapSnapshot: true, takesScreenshot: true, unexpectedAlertBehaviour: , unhandledPromptBehavior: , version: 75.0.3770.90, webStorageEnabled: true}
Session ID: 48f41829a5125f835f874b41c652d420)
	at com.kms.katalon.core.keyword.internal.KeywordMain.stepFailed(KeywordMain.groovy:36)
	at com.kms.katalon.core.webui.keyword.internal.WebUIKeywordMain.stepFailed(WebUIKeywordMain.groovy:65)
	at com.kms.katalon.core.webui.keyword.internal.WebUIKeywordMain.runKeyword(WebUIKeywordMain.groovy:27)
	at com.kms.katalon.core.webui.keyword.builtin.ClickKeyword.click(ClickKeyword.groovy:86)
	at com.kms.katalon.core.webui.keyword.builtin.ClickKeyword.execute(ClickKeyword.groovy:67)
	at com.kms.katalon.core.keyword.internal.KeywordExecutor.executeKeywordForPlatform(KeywordExecutor.groovy:53)
	at com.kms.katalon.core.webui.keyword.WebUiBuiltInKeywords.click(WebUiBuiltInKeywords.groovy:616)
	at com.kms.katalon.core.webui.keyword.WebUiBuiltInKeywords$click$4.call(Unknown Source)
	at Checkout - customer information page.run(Checkout - customer information page:30)
	at com.kms.katalon.core.main.ScriptEngine.run(ScriptEngine.java:194)
	at com.kms.katalon.core.main.ScriptEngine.runScriptAsRawText(ScriptEngine.java:119)
	at com.kms.katalon.core.main.TestCaseExecutor.runScript(TestCaseExecutor.java:328)
	at com.kms.katalon.core.main.TestCaseExecutor.doExecute(TestCaseExecutor.java:319)
	at com.kms.katalon.core.main.TestCaseExecutor.processExecutionPhase(TestCaseExecutor.java:298)
	at com.kms.katalon.core.main.TestCaseExecutor.accessMainPhase(TestCaseExecutor.java:290)
	at com.kms.katalon.core.main.TestCaseExecutor.execute(TestCaseExecutor.java:224)
	at com.kms.katalon.core.main.TestSuiteExecutor.accessTestCaseMainPhase(TestSuiteExecutor.java:129)
	at com.kms.katalon.core.main.TestSuiteExecutor.accessTestSuiteMainPhase(TestSuiteExecutor.java:112)
	at com.kms.katalon.core.main.TestSuiteExecutor.execute(TestSuiteExecutor.java:81)
	at com.kms.katalon.core.main.TestCaseMain.startTestSuite(TestCaseMain.java:149)
	at com.kms.katalon.core.main.TestCaseMain$startTestSuite$0.call(Unknown Source)
	at TempTestSuite1560802135767.run(TempTestSuite1560802135767.groovy:36)]]></system-err>
      </testcase>
      <testcase name="Test Cases/OCS - MOBILE/OCS- CRITICAL PATH/Cart flyout-tooltips" classname="Test Cases/OCS - MOBILE/OCS- CRITICAL PATH/Cart flyout-tooltips" status="FAILED">
         <failure type="FAILED" message="Test Cases/OCS - MOBILE/OCS- CRITICAL PATH/Cart flyout-tooltips FAILED.
Reason:
com.kms.katalon.core.exception.StepFailedException: Unable to click on object 'Object Repository/OCS-MOBILE /Age gate and burger menu/Dried Flower_Plus icon' (Root cause: org.openqa.selenium.WebDriverException: unknown error: Element &lt;i class=&quot;icon icon--plus menu__tier-three__link--icon&quot;>&lt;/i> is not clickable at point (462, 120). Other element would receive the click: &lt;ul class=&quot;menu__learn-more--mobile only-mobile-tablet&quot;>...&lt;/ul>
  (Session info: chrome=75.0.3770.90)
  (Driver info: chromedriver=2.43.600229 (3fae4d0cda5334b4f533bede5a4787f7b832d052),platform=Mac OS X 10.13.6 x86_64) (WARNING: The server did not provide any stacktrace information)
Command duration or timeout: 0 milliseconds
Build info: version: '3.7.1', revision: '8a0099a', time: '2017-11-06T21:07:36.161Z'
System info: host: 'sumans-MacBook-Pro.local', ip: 'fe80:0:0:0:10f0:11f1:8277:c429%en0', os.name: 'Mac OS X', os.arch: 'x86_64', os.version: '10.13.6', java.version: '1.8.0_181'
Driver info: com.kms.katalon.selenium.driver.CChromeDriver
Capabilities {acceptInsecureCerts: false, acceptSslCerts: false, applicationCacheEnabled: false, browserConnectionEnabled: false, browserName: chrome, chrome: {chromedriverVersion: 2.43.600229 (3fae4d0cda5334..., userDataDir: /var/folders/1t/c55l8xzs6gq...}, cssSelectorsEnabled: true, databaseEnabled: false, goog:chromeOptions: {debuggerAddress: localhost:58580}, handlesAlerts: true, hasTouchScreen: false, javascriptEnabled: true, locationContextEnabled: true, mobileEmulationEnabled: false, nativeEvents: true, networkConnectionEnabled: false, pageLoadStrategy: normal, platform: MAC, platformName: MAC, rotatable: false, setWindowRect: true, takesHeapSnapshot: true, takesScreenshot: true, unexpectedAlertBehaviour: , unhandledPromptBehavior: , version: 75.0.3770.90, webStorageEnabled: true}
Session ID: 856089eb92a80d7422e83da7c23b12cb)
	at com.kms.katalon.core.keyword.internal.KeywordMain.stepFailed(KeywordMain.groovy:36)
	at com.kms.katalon.core.webui.keyword.internal.WebUIKeywordMain.stepFailed(WebUIKeywordMain.groovy:65)
	at com.kms.katalon.core.webui.keyword.internal.WebUIKeywordMain.runKeyword(WebUIKeywordMain.groovy:27)
	at com.kms.katalon.core.webui.keyword.builtin.ClickKeyword.click(ClickKeyword.groovy:86)
	at com.kms.katalon.core.webui.keyword.builtin.ClickKeyword.execute(ClickKeyword.groovy:67)
	at com.kms.katalon.core.keyword.internal.KeywordExecutor.executeKeywordForPlatform(KeywordExecutor.groovy:53)
	at com.kms.katalon.core.webui.keyword.WebUiBuiltInKeywords.click(WebUiBuiltInKeywords.groovy:616)
	at com.kms.katalon.core.webui.keyword.WebUiBuiltInKeywords$click$4.call(Unknown Source)
	at Cart flyout-tooltips.run(Cart flyout-tooltips:28)
	at com.kms.katalon.core.main.ScriptEngine.run(ScriptEngine.java:194)
	at com.kms.katalon.core.main.ScriptEngine.runScriptAsRawText(ScriptEngine.java:119)
	at com.kms.katalon.core.main.TestCaseExecutor.runScript(TestCaseExecutor.java:328)
	at com.kms.katalon.core.main.TestCaseExecutor.doExecute(TestCaseExecutor.java:319)
	at com.kms.katalon.core.main.TestCaseExecutor.processExecutionPhase(TestCaseExecutor.java:298)
	at com.kms.katalon.core.main.TestCaseExecutor.accessMainPhase(TestCaseExecutor.java:290)
	at com.kms.katalon.core.main.TestCaseExecutor.execute(TestCaseExecutor.java:224)
	at com.kms.katalon.core.main.TestSuiteExecutor.accessTestCaseMainPhase(TestSuiteExecutor.java:129)
	at com.kms.katalon.core.main.TestSuiteExecutor.accessTestSuiteMainPhase(TestSuiteExecutor.java:112)
	at com.kms.katalon.core.main.TestSuiteExecutor.execute(TestSuiteExecutor.java:81)
	at com.kms.katalon.core.main.TestCaseMain.startTestSuite(TestCaseMain.java:149)
	at com.kms.katalon.core.main.TestCaseMain$startTestSuite$0.call(Unknown Source)
	at TempTestSuite1560802135767.run(TempTestSuite1560802135767.groovy:36)
"/>
         <system-out><![CDATA[2019-06-17 16:10:44 - [TEST_CASE][FAILED] - Test Cases/OCS - MOBILE/OCS- CRITICAL PATH/Cart flyout-tooltips: Test Cases/OCS - MOBILE/OCS- CRITICAL PATH/Cart flyout-tooltips FAILED.
Reason:
com.kms.katalon.core.exception.StepFailedException: Unable to click on object 'Object Repository/OCS-MOBILE /Age gate and burger menu/Dried Flower_Plus icon' (Root cause: org.openqa.selenium.WebDriverException: unknown error: Element <i class="icon icon--plus menu__tier-three__link--icon"></i> is not clickable at point (462, 120). Other element would receive the click: <ul class="menu__learn-more--mobile only-mobile-tablet">...</ul>
  (Session info: chrome=75.0.3770.90)
  (Driver info: chromedriver=2.43.600229 (3fae4d0cda5334b4f533bede5a4787f7b832d052),platform=Mac OS X 10.13.6 x86_64) (WARNING: The server did not provide any stacktrace information)
Command duration or timeout: 0 milliseconds
Build info: version: '3.7.1', revision: '8a0099a', time: '2017-11-06T21:07:36.161Z'
System info: host: 'sumans-MacBook-Pro.local', ip: 'fe80:0:0:0:10f0:11f1:8277:c429%en0', os.name: 'Mac OS X', os.arch: 'x86_64', os.version: '10.13.6', java.version: '1.8.0_181'
Driver info: com.kms.katalon.selenium.driver.CChromeDriver
Capabilities {acceptInsecureCerts: false, acceptSslCerts: false, applicationCacheEnabled: false, browserConnectionEnabled: false, browserName: chrome, chrome: {chromedriverVersion: 2.43.600229 (3fae4d0cda5334..., userDataDir: /var/folders/1t/c55l8xzs6gq...}, cssSelectorsEnabled: true, databaseEnabled: false, goog:chromeOptions: {debuggerAddress: localhost:58580}, handlesAlerts: true, hasTouchScreen: false, javascriptEnabled: true, locationContextEnabled: true, mobileEmulationEnabled: false, nativeEvents: true, networkConnectionEnabled: false, pageLoadStrategy: normal, platform: MAC, platformName: MAC, rotatable: false, setWindowRect: true, takesHeapSnapshot: true, takesScreenshot: true, unexpectedAlertBehaviour: , unhandledPromptBehavior: , version: 75.0.3770.90, webStorageEnabled: true}
Session ID: 856089eb92a80d7422e83da7c23b12cb)
	at com.kms.katalon.core.keyword.internal.KeywordMain.stepFailed(KeywordMain.groovy:36)
	at com.kms.katalon.core.webui.keyword.internal.WebUIKeywordMain.stepFailed(WebUIKeywordMain.groovy:65)
	at com.kms.katalon.core.webui.keyword.internal.WebUIKeywordMain.runKeyword(WebUIKeywordMain.groovy:27)
	at com.kms.katalon.core.webui.keyword.builtin.ClickKeyword.click(ClickKeyword.groovy:86)
	at com.kms.katalon.core.webui.keyword.builtin.ClickKeyword.execute(ClickKeyword.groovy:67)
	at com.kms.katalon.core.keyword.internal.KeywordExecutor.executeKeywordForPlatform(KeywordExecutor.groovy:53)
	at com.kms.katalon.core.webui.keyword.WebUiBuiltInKeywords.click(WebUiBuiltInKeywords.groovy:616)
	at com.kms.katalon.core.webui.keyword.WebUiBuiltInKeywords$click$4.call(Unknown Source)
	at Cart flyout-tooltips.run(Cart flyout-tooltips:28)
	at com.kms.katalon.core.main.ScriptEngine.run(ScriptEngine.java:194)
	at com.kms.katalon.core.main.ScriptEngine.runScriptAsRawText(ScriptEngine.java:119)
	at com.kms.katalon.core.main.TestCaseExecutor.runScript(TestCaseExecutor.java:328)
	at com.kms.katalon.core.main.TestCaseExecutor.doExecute(TestCaseExecutor.java:319)
	at com.kms.katalon.core.main.TestCaseExecutor.processExecutionPhase(TestCaseExecutor.java:298)
	at com.kms.katalon.core.main.TestCaseExecutor.accessMainPhase(TestCaseExecutor.java:290)
	at com.kms.katalon.core.main.TestCaseExecutor.execute(TestCaseExecutor.java:224)
	at com.kms.katalon.core.main.TestSuiteExecutor.accessTestCaseMainPhase(TestSuiteExecutor.java:129)
	at com.kms.katalon.core.main.TestSuiteExecutor.accessTestSuiteMainPhase(TestSuiteExecutor.java:112)
	at com.kms.katalon.core.main.TestSuiteExecutor.execute(TestSuiteExecutor.java:81)
	at com.kms.katalon.core.main.TestCaseMain.startTestSuite(TestCaseMain.java:149)
	at com.kms.katalon.core.main.TestCaseMain$startTestSuite$0.call(Unknown Source)
	at TempTestSuite1560802135767.run(TempTestSuite1560802135767.groovy:36)


2019-06-17 16:10:44 - [TEST_STEP][PASSED] - callTestCase(findTestCase("OCS - MOBILE/CALL - AGE GATE"), [:], STOP_ON_FAILURE): Call Test Case 'Test Cases/OCS - MOBILE/CALL - AGE GATE' successfully

2019-06-17 16:10:44 - [TEST_CASE][PASSED] - Test Cases/OCS - MOBILE/CALL - AGE GATE: Test Cases/OCS - MOBILE/CALL - AGE GATE

2019-06-17 16:10:44 - [TEST_STEP][PASSED] - openBrowser(""): Browser is opened with url: ''

2019-06-17 16:10:44 - [MESSAGE][WARNING] - A browser is already opened. Closing browser and opening a new one

2019-06-17 16:10:44 - [MESSAGE][INFO] - Starting 'Chrome' driver

2019-06-17 16:10:45 - [MESSAGE][PASSED] - Browser is opened with url: ''

2019-06-17 16:10:45 - [TEST_STEP][PASSED] - navigateToUrl("https://ocs.ca/?fts=0&preview_theme_id=72920106828"): Navigate to 'https://ocs.ca/?fts=0&preview_theme_id=72920106828' successfully

2019-06-17 16:10:50 - [MESSAGE][PASSED] - Navigate to 'https://ocs.ca/?fts=0&preview_theme_id=72920106828' successfully

2019-06-17 16:10:50 - [TEST_STEP][PASSED] - executeJavaScript("var previewBar = document.getElementById("preview-bar-iframe"); previewBar.style.display = "none";", []): Execute JavaScript 'var previewBar = document.getElementById("preview-bar-iframe"); previewBar.style.display = "none";' successfully

2019-06-17 16:10:50 - [MESSAGE][PASSED] - Execute JavaScript 'var previewBar = document.getElementById("preview-bar-iframe"); previewBar.style.display = "none";' successfully

2019-06-17 16:10:50 - [TEST_STEP][PASSED] - setViewPortSize(360, 800): Viewport is set to new size with width = 360 and height = 800

2019-06-17 16:10:50 - [MESSAGE][PASSED] - Viewport is set to new size with width = 360 and height = 800

2019-06-17 16:10:50 - [TEST_STEP][PASSED] - delay(4): Delayed 4 second(s)

2019-06-17 16:10:54 - [MESSAGE][PASSED] - Delayed 4 second(s)

2019-06-17 16:10:54 - [TEST_STEP][PASSED] - selectOptionByValue(findTestObject("OCS-MOBILE /Age gate and burger menu/Date"), "12", true): All options with value '12' are selected in object 'Object Repository/OCS-MOBILE /Age gate and burger menu/Date'  using regular expression

2019-06-17 16:10:55 - [MESSAGE][PASSED] - All options with value '12' are selected in object 'Object Repository/OCS-MOBILE /Age gate and burger menu/Date'  using regular expression

2019-06-17 16:10:55 - [TEST_STEP][PASSED] - selectOptionByValue(findTestObject("OCS-MOBILE /Age gate and burger menu/month"), "6", true): All options with value '6' are selected in object 'Object Repository/OCS-MOBILE /Age gate and burger menu/month'  using regular expression

2019-06-17 16:10:55 - [MESSAGE][PASSED] - All options with value '6' are selected in object 'Object Repository/OCS-MOBILE /Age gate and burger menu/month'  using regular expression

2019-06-17 16:10:55 - [TEST_STEP][PASSED] - delay(2): Delayed 2 second(s)

2019-06-17 16:10:57 - [MESSAGE][PASSED] - Delayed 2 second(s)

2019-06-17 16:10:57 - [TEST_STEP][PASSED] - selectOptionByValue(findTestObject("OCS-MOBILE /Age gate and burger menu/Year Dropdown"), "1990", true): All options with value '1990' are selected in object 'Object Repository/OCS-MOBILE /Age gate and burger menu/Year Dropdown'  using regular expression

2019-06-17 16:10:58 - [MESSAGE][PASSED] - All options with value '1990' are selected in object 'Object Repository/OCS-MOBILE /Age gate and burger menu/Year Dropdown'  using regular expression

2019-06-17 16:10:58 - [TEST_STEP][PASSED] - click(findTestObject("OCS-MOBILE /Age gate and Mega menu/button_Verify")): Object: 'Object Repository/OCS-MOBILE /Age gate and Mega menu/button_Verify' is clicked on

2019-06-17 16:10:58 - [MESSAGE][PASSED] - Object: 'Object Repository/OCS-MOBILE /Age gate and Mega menu/button_Verify' is clicked on

2019-06-17 16:10:58 - [TEST_STEP][PASSED] - click(findTestObject("OCS-MOBILE /Age gate and Mega menu/Checkbox_CONFIRM AND ACKNOWLEDGE")): Object: 'Object Repository/OCS-MOBILE /Age gate and Mega menu/Checkbox_CONFIRM AND ACKNOWLEDGE' is clicked on

2019-06-17 16:10:58 - [MESSAGE][PASSED] - Object: 'Object Repository/OCS-MOBILE /Age gate and Mega menu/Checkbox_CONFIRM AND ACKNOWLEDGE' is clicked on

2019-06-17 16:10:58 - [TEST_STEP][PASSED] - click(findTestObject("OCS-MOBILE /Age gate and Mega menu/button_CONFIRM")): Object: 'Object Repository/OCS-MOBILE /Age gate and Mega menu/button_CONFIRM' is clicked on

2019-06-17 16:10:58 - [MESSAGE][PASSED] - Object: 'Object Repository/OCS-MOBILE /Age gate and Mega menu/button_CONFIRM' is clicked on

2019-06-17 16:10:58 - [TEST_STEP][PASSED] - click(findTestObject("OCS-MOBILE /Age gate and Mega menu/button_Start Browsing")): Object: 'Object Repository/OCS-MOBILE /Age gate and Mega menu/button_Start Browsing' is clicked on

2019-06-17 16:10:59 - [MESSAGE][PASSED] - Object: 'Object Repository/OCS-MOBILE /Age gate and Mega menu/button_Start Browsing' is clicked on

2019-06-17 16:10:59 - [TEST_STEP][PASSED] - refresh(): Refresh successfully

2019-06-17 16:10:59 - [MESSAGE][PASSED] - Refresh successfully

2019-06-17 16:10:59 - [MESSAGE][PASSED] - Call Test Case 'Test Cases/OCS - MOBILE/CALL - AGE GATE' successfully

2019-06-17 16:10:59 - [TEST_STEP][PASSED] - delay(2): Delayed 2 second(s)

2019-06-17 16:11:01 - [MESSAGE][PASSED] - Delayed 2 second(s)

2019-06-17 16:11:01 - [TEST_STEP][PASSED] - click(findTestObject("OCS-MOBILE /Age gate and burger menu/Burger menu - English")): Object: 'Object Repository/OCS-MOBILE /Age gate and burger menu/Burger menu - English' is clicked on

2019-06-17 16:11:02 - [MESSAGE][PASSED] - Object: 'Object Repository/OCS-MOBILE /Age gate and burger menu/Burger menu - English' is clicked on

2019-06-17 16:11:02 - [TEST_STEP][PASSED] - delay(2): Delayed 2 second(s)

2019-06-17 16:11:04 - [MESSAGE][PASSED] - Delayed 2 second(s)

2019-06-17 16:11:04 - [TEST_STEP][PASSED] - click(findTestObject("OCS-MOBILE /Age gate and burger menu/Chevron_Cannabis")): Object: 'Object Repository/OCS-MOBILE /Age gate and burger menu/Chevron_Cannabis' is clicked on

2019-06-17 16:11:04 - [MESSAGE][PASSED] - Object: 'Object Repository/OCS-MOBILE /Age gate and burger menu/Chevron_Cannabis' is clicked on

2019-06-17 16:11:04 - [TEST_STEP][PASSED] - delay(2): Delayed 2 second(s)

2019-06-17 16:11:06 - [MESSAGE][PASSED] - Delayed 2 second(s)

2019-06-17 16:11:06 - [TEST_STEP][FAILED] - click(findTestObject("OCS-MOBILE /Age gate and burger menu/Dried Flower_Plus icon")): click(findTestObject("OCS-MOBILE /Age gate and burger menu/Dried Flower_Plus icon")) FAILED.
Reason:
com.kms.katalon.core.exception.StepFailedException: Unable to click on object 'Object Repository/OCS-MOBILE /Age gate and burger menu/Dried Flower_Plus icon' (Root cause: org.openqa.selenium.WebDriverException: unknown error: Element <i class="icon icon--plus menu__tier-three__link--icon"></i> is not clickable at point (462, 120). Other element would receive the click: <ul class="menu__learn-more--mobile only-mobile-tablet">...</ul>
  (Session info: chrome=75.0.3770.90)
  (Driver info: chromedriver=2.43.600229 (3fae4d0cda5334b4f533bede5a4787f7b832d052),platform=Mac OS X 10.13.6 x86_64) (WARNING: The server did not provide any stacktrace information)
Command duration or timeout: 0 milliseconds
Build info: version: '3.7.1', revision: '8a0099a', time: '2017-11-06T21:07:36.161Z'
System info: host: 'sumans-MacBook-Pro.local', ip: 'fe80:0:0:0:10f0:11f1:8277:c429%en0', os.name: 'Mac OS X', os.arch: 'x86_64', os.version: '10.13.6', java.version: '1.8.0_181'
Driver info: com.kms.katalon.selenium.driver.CChromeDriver
Capabilities {acceptInsecureCerts: false, acceptSslCerts: false, applicationCacheEnabled: false, browserConnectionEnabled: false, browserName: chrome, chrome: {chromedriverVersion: 2.43.600229 (3fae4d0cda5334..., userDataDir: /var/folders/1t/c55l8xzs6gq...}, cssSelectorsEnabled: true, databaseEnabled: false, goog:chromeOptions: {debuggerAddress: localhost:58580}, handlesAlerts: true, hasTouchScreen: false, javascriptEnabled: true, locationContextEnabled: true, mobileEmulationEnabled: false, nativeEvents: true, networkConnectionEnabled: false, pageLoadStrategy: normal, platform: MAC, platformName: MAC, rotatable: false, setWindowRect: true, takesHeapSnapshot: true, takesScreenshot: true, unexpectedAlertBehaviour: , unhandledPromptBehavior: , version: 75.0.3770.90, webStorageEnabled: true}
Session ID: 856089eb92a80d7422e83da7c23b12cb)
	at com.kms.katalon.core.keyword.internal.KeywordMain.stepFailed(KeywordMain.groovy:36)
	at com.kms.katalon.core.webui.keyword.internal.WebUIKeywordMain.stepFailed(WebUIKeywordMain.groovy:65)
	at com.kms.katalon.core.webui.keyword.internal.WebUIKeywordMain.runKeyword(WebUIKeywordMain.groovy:27)
	at com.kms.katalon.core.webui.keyword.builtin.ClickKeyword.click(ClickKeyword.groovy:86)
	at com.kms.katalon.core.webui.keyword.builtin.ClickKeyword.execute(ClickKeyword.groovy:67)
	at com.kms.katalon.core.keyword.internal.KeywordExecutor.executeKeywordForPlatform(KeywordExecutor.groovy:53)
	at com.kms.katalon.core.webui.keyword.WebUiBuiltInKeywords.click(WebUiBuiltInKeywords.groovy:616)
	at com.kms.katalon.core.webui.keyword.WebUiBuiltInKeywords$click$4.call(Unknown Source)
	at Cart flyout-tooltips.run(Cart flyout-tooltips:28)
	at com.kms.katalon.core.main.ScriptEngine.run(ScriptEngine.java:194)
	at com.kms.katalon.core.main.ScriptEngine.runScriptAsRawText(ScriptEngine.java:119)
	at com.kms.katalon.core.main.TestCaseExecutor.runScript(TestCaseExecutor.java:328)
	at com.kms.katalon.core.main.TestCaseExecutor.doExecute(TestCaseExecutor.java:319)
	at com.kms.katalon.core.main.TestCaseExecutor.processExecutionPhase(TestCaseExecutor.java:298)
	at com.kms.katalon.core.main.TestCaseExecutor.accessMainPhase(TestCaseExecutor.java:290)
	at com.kms.katalon.core.main.TestCaseExecutor.execute(TestCaseExecutor.java:224)
	at com.kms.katalon.core.main.TestSuiteExecutor.accessTestCaseMainPhase(TestSuiteExecutor.java:129)
	at com.kms.katalon.core.main.TestSuiteExecutor.accessTestSuiteMainPhase(TestSuiteExecutor.java:112)
	at com.kms.katalon.core.main.TestSuiteExecutor.execute(TestSuiteExecutor.java:81)
	at com.kms.katalon.core.main.TestCaseMain.startTestSuite(TestCaseMain.java:149)
	at com.kms.katalon.core.main.TestCaseMain$startTestSuite$0.call(Unknown Source)
	at TempTestSuite1560802135767.run(TempTestSuite1560802135767.groovy:36)


2019-06-17 16:11:06 - [MESSAGE][FAILED] - Unable to click on object 'Object Repository/OCS-MOBILE /Age gate and burger menu/Dried Flower_Plus icon' (Root cause: org.openqa.selenium.WebDriverException: unknown error: Element <i class="icon icon--plus menu__tier-three__link--icon"></i> is not clickable at point (462, 120). Other element would receive the click: <ul class="menu__learn-more--mobile only-mobile-tablet">...</ul>
  (Session info: chrome=75.0.3770.90)
  (Driver info: chromedriver=2.43.600229 (3fae4d0cda5334b4f533bede5a4787f7b832d052),platform=Mac OS X 10.13.6 x86_64) (WARNING: The server did not provide any stacktrace information)
Command duration or timeout: 0 milliseconds
Build info: version: '3.7.1', revision: '8a0099a', time: '2017-11-06T21:07:36.161Z'
System info: host: 'sumans-MacBook-Pro.local', ip: 'fe80:0:0:0:10f0:11f1:8277:c429%en0', os.name: 'Mac OS X', os.arch: 'x86_64', os.version: '10.13.6', java.version: '1.8.0_181'
Driver info: com.kms.katalon.selenium.driver.CChromeDriver
Capabilities {acceptInsecureCerts: false, acceptSslCerts: false, applicationCacheEnabled: false, browserConnectionEnabled: false, browserName: chrome, chrome: {chromedriverVersion: 2.43.600229 (3fae4d0cda5334..., userDataDir: /var/folders/1t/c55l8xzs6gq...}, cssSelectorsEnabled: true, databaseEnabled: false, goog:chromeOptions: {debuggerAddress: localhost:58580}, handlesAlerts: true, hasTouchScreen: false, javascriptEnabled: true, locationContextEnabled: true, mobileEmulationEnabled: false, nativeEvents: true, networkConnectionEnabled: false, pageLoadStrategy: normal, platform: MAC, platformName: MAC, rotatable: false, setWindowRect: true, takesHeapSnapshot: true, takesScreenshot: true, unexpectedAlertBehaviour: , unhandledPromptBehavior: , version: 75.0.3770.90, webStorageEnabled: true}
Session ID: 856089eb92a80d7422e83da7c23b12cb)
[[ATTACHMENT|/Users/sumankompelly/Relative xpath-Mobile/Reports/OCS- 1.10.1/20190617_160855/1560802266520.png]]

2019-06-17 16:11:06 - [MESSAGE][FAILED] - click(findTestObject("OCS-MOBILE /Age gate and burger menu/Dried Flower_Plus icon")) FAILED.
Reason:
com.kms.katalon.core.exception.StepFailedException: Unable to click on object 'Object Repository/OCS-MOBILE /Age gate and burger menu/Dried Flower_Plus icon' (Root cause: org.openqa.selenium.WebDriverException: unknown error: Element <i class="icon icon--plus menu__tier-three__link--icon"></i> is not clickable at point (462, 120). Other element would receive the click: <ul class="menu__learn-more--mobile only-mobile-tablet">...</ul>
  (Session info: chrome=75.0.3770.90)
  (Driver info: chromedriver=2.43.600229 (3fae4d0cda5334b4f533bede5a4787f7b832d052),platform=Mac OS X 10.13.6 x86_64) (WARNING: The server did not provide any stacktrace information)
Command duration or timeout: 0 milliseconds
Build info: version: '3.7.1', revision: '8a0099a', time: '2017-11-06T21:07:36.161Z'
System info: host: 'sumans-MacBook-Pro.local', ip: 'fe80:0:0:0:10f0:11f1:8277:c429%en0', os.name: 'Mac OS X', os.arch: 'x86_64', os.version: '10.13.6', java.version: '1.8.0_181'
Driver info: com.kms.katalon.selenium.driver.CChromeDriver
Capabilities {acceptInsecureCerts: false, acceptSslCerts: false, applicationCacheEnabled: false, browserConnectionEnabled: false, browserName: chrome, chrome: {chromedriverVersion: 2.43.600229 (3fae4d0cda5334..., userDataDir: /var/folders/1t/c55l8xzs6gq...}, cssSelectorsEnabled: true, databaseEnabled: false, goog:chromeOptions: {debuggerAddress: localhost:58580}, handlesAlerts: true, hasTouchScreen: false, javascriptEnabled: true, locationContextEnabled: true, mobileEmulationEnabled: false, nativeEvents: true, networkConnectionEnabled: false, pageLoadStrategy: normal, platform: MAC, platformName: MAC, rotatable: false, setWindowRect: true, takesHeapSnapshot: true, takesScreenshot: true, unexpectedAlertBehaviour: , unhandledPromptBehavior: , version: 75.0.3770.90, webStorageEnabled: true}
Session ID: 856089eb92a80d7422e83da7c23b12cb)
	at com.kms.katalon.core.keyword.internal.KeywordMain.stepFailed(KeywordMain.groovy:36)
	at com.kms.katalon.core.webui.keyword.internal.WebUIKeywordMain.stepFailed(WebUIKeywordMain.groovy:65)
	at com.kms.katalon.core.webui.keyword.internal.WebUIKeywordMain.runKeyword(WebUIKeywordMain.groovy:27)
	at com.kms.katalon.core.webui.keyword.builtin.ClickKeyword.click(ClickKeyword.groovy:86)
	at com.kms.katalon.core.webui.keyword.builtin.ClickKeyword.execute(ClickKeyword.groovy:67)
	at com.kms.katalon.core.keyword.internal.KeywordExecutor.executeKeywordForPlatform(KeywordExecutor.groovy:53)
	at com.kms.katalon.core.webui.keyword.WebUiBuiltInKeywords.click(WebUiBuiltInKeywords.groovy:616)
	at com.kms.katalon.core.webui.keyword.WebUiBuiltInKeywords$click$4.call(Unknown Source)
	at Cart flyout-tooltips.run(Cart flyout-tooltips:28)
	at com.kms.katalon.core.main.ScriptEngine.run(ScriptEngine.java:194)
	at com.kms.katalon.core.main.ScriptEngine.runScriptAsRawText(ScriptEngine.java:119)
	at com.kms.katalon.core.main.TestCaseExecutor.runScript(TestCaseExecutor.java:328)
	at com.kms.katalon.core.main.TestCaseExecutor.doExecute(TestCaseExecutor.java:319)
	at com.kms.katalon.core.main.TestCaseExecutor.processExecutionPhase(TestCaseExecutor.java:298)
	at com.kms.katalon.core.main.TestCaseExecutor.accessMainPhase(TestCaseExecutor.java:290)
	at com.kms.katalon.core.main.TestCaseExecutor.execute(TestCaseExecutor.java:224)
	at com.kms.katalon.core.main.TestSuiteExecutor.accessTestCaseMainPhase(TestSuiteExecutor.java:129)
	at com.kms.katalon.core.main.TestSuiteExecutor.accessTestSuiteMainPhase(TestSuiteExecutor.java:112)
	at com.kms.katalon.core.main.TestSuiteExecutor.execute(TestSuiteExecutor.java:81)
	at com.kms.katalon.core.main.TestCaseMain.startTestSuite(TestCaseMain.java:149)
	at com.kms.katalon.core.main.TestCaseMain$startTestSuite$0.call(Unknown Source)
	at TempTestSuite1560802135767.run(TempTestSuite1560802135767.groovy:36)]]></system-out>
         <system-err><![CDATA[2019-06-17 16:10:44 - [TEST_CASE][FAILED] - Test Cases/OCS - MOBILE/OCS- CRITICAL PATH/Cart flyout-tooltips: Test Cases/OCS - MOBILE/OCS- CRITICAL PATH/Cart flyout-tooltips FAILED.
Reason:
com.kms.katalon.core.exception.StepFailedException: Unable to click on object 'Object Repository/OCS-MOBILE /Age gate and burger menu/Dried Flower_Plus icon' (Root cause: org.openqa.selenium.WebDriverException: unknown error: Element <i class="icon icon--plus menu__tier-three__link--icon"></i> is not clickable at point (462, 120). Other element would receive the click: <ul class="menu__learn-more--mobile only-mobile-tablet">...</ul>
  (Session info: chrome=75.0.3770.90)
  (Driver info: chromedriver=2.43.600229 (3fae4d0cda5334b4f533bede5a4787f7b832d052),platform=Mac OS X 10.13.6 x86_64) (WARNING: The server did not provide any stacktrace information)
Command duration or timeout: 0 milliseconds
Build info: version: '3.7.1', revision: '8a0099a', time: '2017-11-06T21:07:36.161Z'
System info: host: 'sumans-MacBook-Pro.local', ip: 'fe80:0:0:0:10f0:11f1:8277:c429%en0', os.name: 'Mac OS X', os.arch: 'x86_64', os.version: '10.13.6', java.version: '1.8.0_181'
Driver info: com.kms.katalon.selenium.driver.CChromeDriver
Capabilities {acceptInsecureCerts: false, acceptSslCerts: false, applicationCacheEnabled: false, browserConnectionEnabled: false, browserName: chrome, chrome: {chromedriverVersion: 2.43.600229 (3fae4d0cda5334..., userDataDir: /var/folders/1t/c55l8xzs6gq...}, cssSelectorsEnabled: true, databaseEnabled: false, goog:chromeOptions: {debuggerAddress: localhost:58580}, handlesAlerts: true, hasTouchScreen: false, javascriptEnabled: true, locationContextEnabled: true, mobileEmulationEnabled: false, nativeEvents: true, networkConnectionEnabled: false, pageLoadStrategy: normal, platform: MAC, platformName: MAC, rotatable: false, setWindowRect: true, takesHeapSnapshot: true, takesScreenshot: true, unexpectedAlertBehaviour: , unhandledPromptBehavior: , version: 75.0.3770.90, webStorageEnabled: true}
Session ID: 856089eb92a80d7422e83da7c23b12cb)
	at com.kms.katalon.core.keyword.internal.KeywordMain.stepFailed(KeywordMain.groovy:36)
	at com.kms.katalon.core.webui.keyword.internal.WebUIKeywordMain.stepFailed(WebUIKeywordMain.groovy:65)
	at com.kms.katalon.core.webui.keyword.internal.WebUIKeywordMain.runKeyword(WebUIKeywordMain.groovy:27)
	at com.kms.katalon.core.webui.keyword.builtin.ClickKeyword.click(ClickKeyword.groovy:86)
	at com.kms.katalon.core.webui.keyword.builtin.ClickKeyword.execute(ClickKeyword.groovy:67)
	at com.kms.katalon.core.keyword.internal.KeywordExecutor.executeKeywordForPlatform(KeywordExecutor.groovy:53)
	at com.kms.katalon.core.webui.keyword.WebUiBuiltInKeywords.click(WebUiBuiltInKeywords.groovy:616)
	at com.kms.katalon.core.webui.keyword.WebUiBuiltInKeywords$click$4.call(Unknown Source)
	at Cart flyout-tooltips.run(Cart flyout-tooltips:28)
	at com.kms.katalon.core.main.ScriptEngine.run(ScriptEngine.java:194)
	at com.kms.katalon.core.main.ScriptEngine.runScriptAsRawText(ScriptEngine.java:119)
	at com.kms.katalon.core.main.TestCaseExecutor.runScript(TestCaseExecutor.java:328)
	at com.kms.katalon.core.main.TestCaseExecutor.doExecute(TestCaseExecutor.java:319)
	at com.kms.katalon.core.main.TestCaseExecutor.processExecutionPhase(TestCaseExecutor.java:298)
	at com.kms.katalon.core.main.TestCaseExecutor.accessMainPhase(TestCaseExecutor.java:290)
	at com.kms.katalon.core.main.TestCaseExecutor.execute(TestCaseExecutor.java:224)
	at com.kms.katalon.core.main.TestSuiteExecutor.accessTestCaseMainPhase(TestSuiteExecutor.java:129)
	at com.kms.katalon.core.main.TestSuiteExecutor.accessTestSuiteMainPhase(TestSuiteExecutor.java:112)
	at com.kms.katalon.core.main.TestSuiteExecutor.execute(TestSuiteExecutor.java:81)
	at com.kms.katalon.core.main.TestCaseMain.startTestSuite(TestCaseMain.java:149)
	at com.kms.katalon.core.main.TestCaseMain$startTestSuite$0.call(Unknown Source)
	at TempTestSuite1560802135767.run(TempTestSuite1560802135767.groovy:36)]]></system-err>
      </testcase>
      <testcase name="Test Cases/OCS - MOBILE/OCS- CRITICAL PATH/Cart" classname="Test Cases/OCS - MOBILE/OCS- CRITICAL PATH/Cart" status="FAILED">
         <failure type="FAILED" message="Test Cases/OCS - MOBILE/OCS- CRITICAL PATH/Cart FAILED.
Reason:
com.kms.katalon.core.exception.StepFailedException: Unable to click on object 'Object Repository/OCS-MOBILE /Age gate and burger menu/button_Verify' (Root cause: com.kms.katalon.core.webui.exception.WebElementNotFoundException: Web element with id: 'Object Repository/OCS-MOBILE /Age gate and burger menu/button_Verify' located by 'By.xpath: /html/body/div/div[1]/section/div/section/div/div[2]/form/fieldset/p[2]/button[count(. | //button[@type = 'submit']) = count(//button[@type = 'submit'])]' not found)
	at com.kms.katalon.core.keyword.internal.KeywordMain.stepFailed(KeywordMain.groovy:36)
	at com.kms.katalon.core.webui.keyword.internal.WebUIKeywordMain.stepFailed(WebUIKeywordMain.groovy:65)
	at com.kms.katalon.core.webui.keyword.internal.WebUIKeywordMain.runKeyword(WebUIKeywordMain.groovy:27)
	at com.kms.katalon.core.webui.keyword.builtin.ClickKeyword.click(ClickKeyword.groovy:86)
	at com.kms.katalon.core.webui.keyword.builtin.ClickKeyword.execute(ClickKeyword.groovy:67)
	at com.kms.katalon.core.keyword.internal.KeywordExecutor.executeKeywordForPlatform(KeywordExecutor.groovy:53)
	at com.kms.katalon.core.webui.keyword.WebUiBuiltInKeywords.click(WebUiBuiltInKeywords.groovy:616)
	at com.kms.katalon.core.webui.keyword.WebUiBuiltInKeywords$click$4.call(Unknown Source)
	at CALL- SWATCH- NO INVENTORY.run(CALL- SWATCH- NO INVENTORY:35)
	at com.kms.katalon.core.main.ScriptEngine.run(ScriptEngine.java:194)
	at com.kms.katalon.core.main.ScriptEngine.runScriptAsRawText(ScriptEngine.java:119)
	at com.kms.katalon.core.main.TestCaseExecutor.runScript(TestCaseExecutor.java:328)
	at com.kms.katalon.core.main.TestCaseExecutor.doExecute(TestCaseExecutor.java:319)
	at com.kms.katalon.core.main.TestCaseExecutor.processExecutionPhase(TestCaseExecutor.java:298)
	at com.kms.katalon.core.main.TestCaseExecutor.accessMainPhase(TestCaseExecutor.java:290)
	at com.kms.katalon.core.main.TestCaseExecutor.execute(TestCaseExecutor.java:224)
	at com.kms.katalon.core.main.TestCaseMain.runTestCase(TestCaseMain.java:106)
	at com.kms.katalon.core.keyword.builtin.CallTestCaseKeyword$_callTestCase_closure1.doCall(CallTestCaseKeyword.groovy:59)
	at com.kms.katalon.core.keyword.builtin.CallTestCaseKeyword$_callTestCase_closure1.call(CallTestCaseKeyword.groovy)
	at com.kms.katalon.core.keyword.internal.KeywordMain.runKeyword(KeywordMain.groovy:54)
	at com.kms.katalon.core.keyword.builtin.CallTestCaseKeyword.callTestCase(CallTestCaseKeyword.groovy:80)
	at com.kms.katalon.core.keyword.builtin.CallTestCaseKeyword.execute(CallTestCaseKeyword.groovy:44)
	at com.kms.katalon.core.keyword.internal.KeywordExecutor.executeKeywordForPlatform(KeywordExecutor.groovy:53)
	at com.kms.katalon.core.keyword.BuiltinKeywords.callTestCase(BuiltinKeywords.groovy:334)
	at Cart.run(Cart:16)
	at com.kms.katalon.core.main.ScriptEngine.run(ScriptEngine.java:194)
	at com.kms.katalon.core.main.ScriptEngine.runScriptAsRawText(ScriptEngine.java:119)
	at com.kms.katalon.core.main.TestCaseExecutor.runScript(TestCaseExecutor.java:328)
	at com.kms.katalon.core.main.TestCaseExecutor.doExecute(TestCaseExecutor.java:319)
	at com.kms.katalon.core.main.TestCaseExecutor.processExecutionPhase(TestCaseExecutor.java:298)
	at com.kms.katalon.core.main.TestCaseExecutor.accessMainPhase(TestCaseExecutor.java:290)
	at com.kms.katalon.core.main.TestCaseExecutor.execute(TestCaseExecutor.java:224)
	at com.kms.katalon.core.main.TestSuiteExecutor.accessTestCaseMainPhase(TestSuiteExecutor.java:129)
	at com.kms.katalon.core.main.TestSuiteExecutor.accessTestSuiteMainPhase(TestSuiteExecutor.java:112)
	at com.kms.katalon.core.main.TestSuiteExecutor.execute(TestSuiteExecutor.java:81)
	at com.kms.katalon.core.main.TestCaseMain.startTestSuite(TestCaseMain.java:149)
	at com.kms.katalon.core.main.TestCaseMain$startTestSuite$0.call(Unknown Source)
	at TempTestSuite1560802135767.run(TempTestSuite1560802135767.groovy:36)
"/>
         <system-out><![CDATA[2019-06-17 16:11:06 - [TEST_CASE][FAILED] - Test Cases/OCS - MOBILE/OCS- CRITICAL PATH/Cart: Test Cases/OCS - MOBILE/OCS- CRITICAL PATH/Cart FAILED.
Reason:
com.kms.katalon.core.exception.StepFailedException: Unable to click on object 'Object Repository/OCS-MOBILE /Age gate and burger menu/button_Verify' (Root cause: com.kms.katalon.core.webui.exception.WebElementNotFoundException: Web element with id: 'Object Repository/OCS-MOBILE /Age gate and burger menu/button_Verify' located by 'By.xpath: /html/body/div/div[1]/section/div/section/div/div[2]/form/fieldset/p[2]/button[count(. | //button[@type = 'submit']) = count(//button[@type = 'submit'])]' not found)
	at com.kms.katalon.core.keyword.internal.KeywordMain.stepFailed(KeywordMain.groovy:36)
	at com.kms.katalon.core.webui.keyword.internal.WebUIKeywordMain.stepFailed(WebUIKeywordMain.groovy:65)
	at com.kms.katalon.core.webui.keyword.internal.WebUIKeywordMain.runKeyword(WebUIKeywordMain.groovy:27)
	at com.kms.katalon.core.webui.keyword.builtin.ClickKeyword.click(ClickKeyword.groovy:86)
	at com.kms.katalon.core.webui.keyword.builtin.ClickKeyword.execute(ClickKeyword.groovy:67)
	at com.kms.katalon.core.keyword.internal.KeywordExecutor.executeKeywordForPlatform(KeywordExecutor.groovy:53)
	at com.kms.katalon.core.webui.keyword.WebUiBuiltInKeywords.click(WebUiBuiltInKeywords.groovy:616)
	at com.kms.katalon.core.webui.keyword.WebUiBuiltInKeywords$click$4.call(Unknown Source)
	at CALL- SWATCH- NO INVENTORY.run(CALL- SWATCH- NO INVENTORY:35)
	at com.kms.katalon.core.main.ScriptEngine.run(ScriptEngine.java:194)
	at com.kms.katalon.core.main.ScriptEngine.runScriptAsRawText(ScriptEngine.java:119)
	at com.kms.katalon.core.main.TestCaseExecutor.runScript(TestCaseExecutor.java:328)
	at com.kms.katalon.core.main.TestCaseExecutor.doExecute(TestCaseExecutor.java:319)
	at com.kms.katalon.core.main.TestCaseExecutor.processExecutionPhase(TestCaseExecutor.java:298)
	at com.kms.katalon.core.main.TestCaseExecutor.accessMainPhase(TestCaseExecutor.java:290)
	at com.kms.katalon.core.main.TestCaseExecutor.execute(TestCaseExecutor.java:224)
	at com.kms.katalon.core.main.TestCaseMain.runTestCase(TestCaseMain.java:106)
	at com.kms.katalon.core.keyword.builtin.CallTestCaseKeyword$_callTestCase_closure1.doCall(CallTestCaseKeyword.groovy:59)
	at com.kms.katalon.core.keyword.builtin.CallTestCaseKeyword$_callTestCase_closure1.call(CallTestCaseKeyword.groovy)
	at com.kms.katalon.core.keyword.internal.KeywordMain.runKeyword(KeywordMain.groovy:54)
	at com.kms.katalon.core.keyword.builtin.CallTestCaseKeyword.callTestCase(CallTestCaseKeyword.groovy:80)
	at com.kms.katalon.core.keyword.builtin.CallTestCaseKeyword.execute(CallTestCaseKeyword.groovy:44)
	at com.kms.katalon.core.keyword.internal.KeywordExecutor.executeKeywordForPlatform(KeywordExecutor.groovy:53)
	at com.kms.katalon.core.keyword.BuiltinKeywords.callTestCase(BuiltinKeywords.groovy:334)
	at Cart.run(Cart:16)
	at com.kms.katalon.core.main.ScriptEngine.run(ScriptEngine.java:194)
	at com.kms.katalon.core.main.ScriptEngine.runScriptAsRawText(ScriptEngine.java:119)
	at com.kms.katalon.core.main.TestCaseExecutor.runScript(TestCaseExecutor.java:328)
	at com.kms.katalon.core.main.TestCaseExecutor.doExecute(TestCaseExecutor.java:319)
	at com.kms.katalon.core.main.TestCaseExecutor.processExecutionPhase(TestCaseExecutor.java:298)
	at com.kms.katalon.core.main.TestCaseExecutor.accessMainPhase(TestCaseExecutor.java:290)
	at com.kms.katalon.core.main.TestCaseExecutor.execute(TestCaseExecutor.java:224)
	at com.kms.katalon.core.main.TestSuiteExecutor.accessTestCaseMainPhase(TestSuiteExecutor.java:129)
	at com.kms.katalon.core.main.TestSuiteExecutor.accessTestSuiteMainPhase(TestSuiteExecutor.java:112)
	at com.kms.katalon.core.main.TestSuiteExecutor.execute(TestSuiteExecutor.java:81)
	at com.kms.katalon.core.main.TestCaseMain.startTestSuite(TestCaseMain.java:149)
	at com.kms.katalon.core.main.TestCaseMain$startTestSuite$0.call(Unknown Source)
	at TempTestSuite1560802135767.run(TempTestSuite1560802135767.groovy:36)


2019-06-17 16:11:07 - [TEST_STEP][FAILED] - callTestCase(findTestCase("OCS - MOBILE/CALL- SWATCH- NO INVENTORY"), [:], STOP_ON_FAILURE): callTestCase(findTestCase("OCS - MOBILE/CALL- SWATCH- NO INVENTORY"), [:], STOP_ON_FAILURE) FAILED.
Reason:
com.kms.katalon.core.exception.StepFailedException: Unable to click on object 'Object Repository/OCS-MOBILE /Age gate and burger menu/button_Verify' (Root cause: com.kms.katalon.core.webui.exception.WebElementNotFoundException: Web element with id: 'Object Repository/OCS-MOBILE /Age gate and burger menu/button_Verify' located by 'By.xpath: /html/body/div/div[1]/section/div/section/div/div[2]/form/fieldset/p[2]/button[count(. | //button[@type = 'submit']) = count(//button[@type = 'submit'])]' not found)
	at com.kms.katalon.core.keyword.internal.KeywordMain.stepFailed(KeywordMain.groovy:36)
	at com.kms.katalon.core.webui.keyword.internal.WebUIKeywordMain.stepFailed(WebUIKeywordMain.groovy:65)
	at com.kms.katalon.core.webui.keyword.internal.WebUIKeywordMain.runKeyword(WebUIKeywordMain.groovy:27)
	at com.kms.katalon.core.webui.keyword.builtin.ClickKeyword.click(ClickKeyword.groovy:86)
	at com.kms.katalon.core.webui.keyword.builtin.ClickKeyword.execute(ClickKeyword.groovy:67)
	at com.kms.katalon.core.keyword.internal.KeywordExecutor.executeKeywordForPlatform(KeywordExecutor.groovy:53)
	at com.kms.katalon.core.webui.keyword.WebUiBuiltInKeywords.click(WebUiBuiltInKeywords.groovy:616)
	at com.kms.katalon.core.webui.keyword.WebUiBuiltInKeywords$click$4.call(Unknown Source)
	at CALL- SWATCH- NO INVENTORY.run(CALL- SWATCH- NO INVENTORY:35)
	at com.kms.katalon.core.main.ScriptEngine.run(ScriptEngine.java:194)
	at com.kms.katalon.core.main.ScriptEngine.runScriptAsRawText(ScriptEngine.java:119)
	at com.kms.katalon.core.main.TestCaseExecutor.runScript(TestCaseExecutor.java:328)
	at com.kms.katalon.core.main.TestCaseExecutor.doExecute(TestCaseExecutor.java:319)
	at com.kms.katalon.core.main.TestCaseExecutor.processExecutionPhase(TestCaseExecutor.java:298)
	at com.kms.katalon.core.main.TestCaseExecutor.accessMainPhase(TestCaseExecutor.java:290)
	at com.kms.katalon.core.main.TestCaseExecutor.execute(TestCaseExecutor.java:224)
	at com.kms.katalon.core.main.TestCaseMain.runTestCase(TestCaseMain.java:106)
	at com.kms.katalon.core.keyword.builtin.CallTestCaseKeyword$_callTestCase_closure1.doCall(CallTestCaseKeyword.groovy:59)
	at com.kms.katalon.core.keyword.builtin.CallTestCaseKeyword$_callTestCase_closure1.call(CallTestCaseKeyword.groovy)
	at com.kms.katalon.core.keyword.internal.KeywordMain.runKeyword(KeywordMain.groovy:54)
	at com.kms.katalon.core.keyword.builtin.CallTestCaseKeyword.callTestCase(CallTestCaseKeyword.groovy:80)
	at com.kms.katalon.core.keyword.builtin.CallTestCaseKeyword.execute(CallTestCaseKeyword.groovy:44)
	at com.kms.katalon.core.keyword.internal.KeywordExecutor.executeKeywordForPlatform(KeywordExecutor.groovy:53)
	at com.kms.katalon.core.keyword.BuiltinKeywords.callTestCase(BuiltinKeywords.groovy:334)
	at Cart.run(Cart:16)
	at com.kms.katalon.core.main.ScriptEngine.run(ScriptEngine.java:194)
	at com.kms.katalon.core.main.ScriptEngine.runScriptAsRawText(ScriptEngine.java:119)
	at com.kms.katalon.core.main.TestCaseExecutor.runScript(TestCaseExecutor.java:328)
	at com.kms.katalon.core.main.TestCaseExecutor.doExecute(TestCaseExecutor.java:319)
	at com.kms.katalon.core.main.TestCaseExecutor.processExecutionPhase(TestCaseExecutor.java:298)
	at com.kms.katalon.core.main.TestCaseExecutor.accessMainPhase(TestCaseExecutor.java:290)
	at com.kms.katalon.core.main.TestCaseExecutor.execute(TestCaseExecutor.java:224)
	at com.kms.katalon.core.main.TestSuiteExecutor.accessTestCaseMainPhase(TestSuiteExecutor.java:129)
	at com.kms.katalon.core.main.TestSuiteExecutor.accessTestSuiteMainPhase(TestSuiteExecutor.java:112)
	at com.kms.katalon.core.main.TestSuiteExecutor.execute(TestSuiteExecutor.java:81)
	at com.kms.katalon.core.main.TestCaseMain.startTestSuite(TestCaseMain.java:149)
	at com.kms.katalon.core.main.TestCaseMain$startTestSuite$0.call(Unknown Source)
	at TempTestSuite1560802135767.run(TempTestSuite1560802135767.groovy:36)


2019-06-17 16:11:07 - [TEST_CASE][FAILED] - Test Cases/OCS - MOBILE/CALL- SWATCH- NO INVENTORY: Test Cases/OCS - MOBILE/CALL- SWATCH- NO INVENTORY FAILED.
Reason:
com.kms.katalon.core.exception.StepFailedException: Unable to click on object 'Object Repository/OCS-MOBILE /Age gate and burger menu/button_Verify' (Root cause: com.kms.katalon.core.webui.exception.WebElementNotFoundException: Web element with id: 'Object Repository/OCS-MOBILE /Age gate and burger menu/button_Verify' located by 'By.xpath: /html/body/div/div[1]/section/div/section/div/div[2]/form/fieldset/p[2]/button[count(. | //button[@type = 'submit']) = count(//button[@type = 'submit'])]' not found)
	at com.kms.katalon.core.keyword.internal.KeywordMain.stepFailed(KeywordMain.groovy:36)
	at com.kms.katalon.core.webui.keyword.internal.WebUIKeywordMain.stepFailed(WebUIKeywordMain.groovy:65)
	at com.kms.katalon.core.webui.keyword.internal.WebUIKeywordMain.runKeyword(WebUIKeywordMain.groovy:27)
	at com.kms.katalon.core.webui.keyword.builtin.ClickKeyword.click(ClickKeyword.groovy:86)
	at com.kms.katalon.core.webui.keyword.builtin.ClickKeyword.execute(ClickKeyword.groovy:67)
	at com.kms.katalon.core.keyword.internal.KeywordExecutor.executeKeywordForPlatform(KeywordExecutor.groovy:53)
	at com.kms.katalon.core.webui.keyword.WebUiBuiltInKeywords.click(WebUiBuiltInKeywords.groovy:616)
	at com.kms.katalon.core.webui.keyword.WebUiBuiltInKeywords$click$4.call(Unknown Source)
	at CALL- SWATCH- NO INVENTORY.run(CALL- SWATCH- NO INVENTORY:35)
	at com.kms.katalon.core.main.ScriptEngine.run(ScriptEngine.java:194)
	at com.kms.katalon.core.main.ScriptEngine.runScriptAsRawText(ScriptEngine.java:119)
	at com.kms.katalon.core.main.TestCaseExecutor.runScript(TestCaseExecutor.java:328)
	at com.kms.katalon.core.main.TestCaseExecutor.doExecute(TestCaseExecutor.java:319)
	at com.kms.katalon.core.main.TestCaseExecutor.processExecutionPhase(TestCaseExecutor.java:298)
	at com.kms.katalon.core.main.TestCaseExecutor.accessMainPhase(TestCaseExecutor.java:290)
	at com.kms.katalon.core.main.TestCaseExecutor.execute(TestCaseExecutor.java:224)
	at com.kms.katalon.core.main.TestCaseMain.runTestCase(TestCaseMain.java:106)
	at com.kms.katalon.core.keyword.builtin.CallTestCaseKeyword$_callTestCase_closure1.doCall(CallTestCaseKeyword.groovy:59)
	at com.kms.katalon.core.keyword.builtin.CallTestCaseKeyword$_callTestCase_closure1.call(CallTestCaseKeyword.groovy)
	at com.kms.katalon.core.keyword.internal.KeywordMain.runKeyword(KeywordMain.groovy:54)
	at com.kms.katalon.core.keyword.builtin.CallTestCaseKeyword.callTestCase(CallTestCaseKeyword.groovy:80)
	at com.kms.katalon.core.keyword.builtin.CallTestCaseKeyword.execute(CallTestCaseKeyword.groovy:44)
	at com.kms.katalon.core.keyword.internal.KeywordExecutor.executeKeywordForPlatform(KeywordExecutor.groovy:53)
	at com.kms.katalon.core.keyword.BuiltinKeywords.callTestCase(BuiltinKeywords.groovy:334)
	at Cart.run(Cart:16)
	at com.kms.katalon.core.main.ScriptEngine.run(ScriptEngine.java:194)
	at com.kms.katalon.core.main.ScriptEngine.runScriptAsRawText(ScriptEngine.java:119)
	at com.kms.katalon.core.main.TestCaseExecutor.runScript(TestCaseExecutor.java:328)
	at com.kms.katalon.core.main.TestCaseExecutor.doExecute(TestCaseExecutor.java:319)
	at com.kms.katalon.core.main.TestCaseExecutor.processExecutionPhase(TestCaseExecutor.java:298)
	at com.kms.katalon.core.main.TestCaseExecutor.accessMainPhase(TestCaseExecutor.java:290)
	at com.kms.katalon.core.main.TestCaseExecutor.execute(TestCaseExecutor.java:224)
	at com.kms.katalon.core.main.TestSuiteExecutor.accessTestCaseMainPhase(TestSuiteExecutor.java:129)
	at com.kms.katalon.core.main.TestSuiteExecutor.accessTestSuiteMainPhase(TestSuiteExecutor.java:112)
	at com.kms.katalon.core.main.TestSuiteExecutor.execute(TestSuiteExecutor.java:81)
	at com.kms.katalon.core.main.TestCaseMain.startTestSuite(TestCaseMain.java:149)
	at com.kms.katalon.core.main.TestCaseMain$startTestSuite$0.call(Unknown Source)
	at TempTestSuite1560802135767.run(TempTestSuite1560802135767.groovy:36)


2019-06-17 16:11:07 - [TEST_STEP][PASSED] - openBrowser(""): Browser is opened with url: ''

2019-06-17 16:11:07 - [MESSAGE][WARNING] - A browser is already opened. Closing browser and opening a new one

2019-06-17 16:11:07 - [MESSAGE][INFO] - Starting 'Chrome' driver

2019-06-17 16:11:08 - [MESSAGE][PASSED] - Browser is opened with url: ''

2019-06-17 16:11:08 - [TEST_STEP][PASSED] - navigateToUrl("https://ocs.ca/?fts=0&preview_theme_id=72920106828"): Navigate to 'https://ocs.ca/?fts=0&preview_theme_id=72920106828' successfully

2019-06-17 16:11:13 - [MESSAGE][PASSED] - Navigate to 'https://ocs.ca/?fts=0&preview_theme_id=72920106828' successfully

2019-06-17 16:11:13 - [TEST_STEP][PASSED] - executeJavaScript("var previewBar = document.getElementById("preview-bar-iframe"); previewBar.style.display = "none";", []): Execute JavaScript 'var previewBar = document.getElementById("preview-bar-iframe"); previewBar.style.display = "none";' successfully

2019-06-17 16:11:13 - [MESSAGE][PASSED] - Execute JavaScript 'var previewBar = document.getElementById("preview-bar-iframe"); previewBar.style.display = "none";' successfully

2019-06-17 16:11:13 - [TEST_STEP][PASSED] - setViewPortSize(360, 800): Viewport is set to new size with width = 360 and height = 800

2019-06-17 16:11:13 - [MESSAGE][PASSED] - Viewport is set to new size with width = 360 and height = 800

2019-06-17 16:11:13 - [TEST_STEP][PASSED] - delay(4): Delayed 4 second(s)

2019-06-17 16:11:17 - [MESSAGE][PASSED] - Delayed 4 second(s)

2019-06-17 16:11:17 - [TEST_STEP][PASSED] - selectOptionByValue(findTestObject("OCS-MOBILE /Age gate and burger menu/Date"), "12", true): All options with value '12' are selected in object 'Object Repository/OCS-MOBILE /Age gate and burger menu/Date'  using regular expression

2019-06-17 16:11:18 - [MESSAGE][PASSED] - All options with value '12' are selected in object 'Object Repository/OCS-MOBILE /Age gate and burger menu/Date'  using regular expression

2019-06-17 16:11:18 - [TEST_STEP][PASSED] - selectOptionByValue(findTestObject("OCS-MOBILE /Age gate and burger menu/month"), "6", true): All options with value '6' are selected in object 'Object Repository/OCS-MOBILE /Age gate and burger menu/month'  using regular expression

2019-06-17 16:11:18 - [MESSAGE][PASSED] - All options with value '6' are selected in object 'Object Repository/OCS-MOBILE /Age gate and burger menu/month'  using regular expression

2019-06-17 16:11:18 - [TEST_STEP][PASSED] - delay(2): Delayed 2 second(s)

2019-06-17 16:11:20 - [MESSAGE][PASSED] - Delayed 2 second(s)

2019-06-17 16:11:20 - [TEST_STEP][PASSED] - selectOptionByValue(findTestObject("OCS-MOBILE /Age gate and burger menu/Year Dropdown"), "1990", true): All options with value '1990' are selected in object 'Object Repository/OCS-MOBILE /Age gate and burger menu/Year Dropdown'  using regular expression

2019-06-17 16:11:21 - [MESSAGE][PASSED] - All options with value '1990' are selected in object 'Object Repository/OCS-MOBILE /Age gate and burger menu/Year Dropdown'  using regular expression

2019-06-17 16:11:21 - [TEST_STEP][FAILED] - click(findTestObject("OCS-MOBILE /Age gate and burger menu/button_Verify")): click(findTestObject("OCS-MOBILE /Age gate and burger menu/button_Verify")) FAILED.
Reason:
com.kms.katalon.core.exception.StepFailedException: Unable to click on object 'Object Repository/OCS-MOBILE /Age gate and burger menu/button_Verify' (Root cause: com.kms.katalon.core.webui.exception.WebElementNotFoundException: Web element with id: 'Object Repository/OCS-MOBILE /Age gate and burger menu/button_Verify' located by 'By.xpath: /html/body/div/div[1]/section/div/section/div/div[2]/form/fieldset/p[2]/button[count(. | //button[@type = 'submit']) = count(//button[@type = 'submit'])]' not found)
	at com.kms.katalon.core.keyword.internal.KeywordMain.stepFailed(KeywordMain.groovy:36)
	at com.kms.katalon.core.webui.keyword.internal.WebUIKeywordMain.stepFailed(WebUIKeywordMain.groovy:65)
	at com.kms.katalon.core.webui.keyword.internal.WebUIKeywordMain.runKeyword(WebUIKeywordMain.groovy:27)
	at com.kms.katalon.core.webui.keyword.builtin.ClickKeyword.click(ClickKeyword.groovy:86)
	at com.kms.katalon.core.webui.keyword.builtin.ClickKeyword.execute(ClickKeyword.groovy:67)
	at com.kms.katalon.core.keyword.internal.KeywordExecutor.executeKeywordForPlatform(KeywordExecutor.groovy:53)
	at com.kms.katalon.core.webui.keyword.WebUiBuiltInKeywords.click(WebUiBuiltInKeywords.groovy:616)
	at com.kms.katalon.core.webui.keyword.WebUiBuiltInKeywords$click$4.call(Unknown Source)
	at CALL- SWATCH- NO INVENTORY.run(CALL- SWATCH- NO INVENTORY:35)
	at com.kms.katalon.core.main.ScriptEngine.run(ScriptEngine.java:194)
	at com.kms.katalon.core.main.ScriptEngine.runScriptAsRawText(ScriptEngine.java:119)
	at com.kms.katalon.core.main.TestCaseExecutor.runScript(TestCaseExecutor.java:328)
	at com.kms.katalon.core.main.TestCaseExecutor.doExecute(TestCaseExecutor.java:319)
	at com.kms.katalon.core.main.TestCaseExecutor.processExecutionPhase(TestCaseExecutor.java:298)
	at com.kms.katalon.core.main.TestCaseExecutor.accessMainPhase(TestCaseExecutor.java:290)
	at com.kms.katalon.core.main.TestCaseExecutor.execute(TestCaseExecutor.java:224)
	at com.kms.katalon.core.main.TestCaseMain.runTestCase(TestCaseMain.java:106)
	at com.kms.katalon.core.keyword.builtin.CallTestCaseKeyword$_callTestCase_closure1.doCall(CallTestCaseKeyword.groovy:59)
	at com.kms.katalon.core.keyword.builtin.CallTestCaseKeyword$_callTestCase_closure1.call(CallTestCaseKeyword.groovy)
	at com.kms.katalon.core.keyword.internal.KeywordMain.runKeyword(KeywordMain.groovy:54)
	at com.kms.katalon.core.keyword.builtin.CallTestCaseKeyword.callTestCase(CallTestCaseKeyword.groovy:80)
	at com.kms.katalon.core.keyword.builtin.CallTestCaseKeyword.execute(CallTestCaseKeyword.groovy:44)
	at com.kms.katalon.core.keyword.internal.KeywordExecutor.executeKeywordForPlatform(KeywordExecutor.groovy:53)
	at com.kms.katalon.core.keyword.BuiltinKeywords.callTestCase(BuiltinKeywords.groovy:334)
	at Cart.run(Cart:16)
	at com.kms.katalon.core.main.ScriptEngine.run(ScriptEngine.java:194)
	at com.kms.katalon.core.main.ScriptEngine.runScriptAsRawText(ScriptEngine.java:119)
	at com.kms.katalon.core.main.TestCaseExecutor.runScript(TestCaseExecutor.java:328)
	at com.kms.katalon.core.main.TestCaseExecutor.doExecute(TestCaseExecutor.java:319)
	at com.kms.katalon.core.main.TestCaseExecutor.processExecutionPhase(TestCaseExecutor.java:298)
	at com.kms.katalon.core.main.TestCaseExecutor.accessMainPhase(TestCaseExecutor.java:290)
	at com.kms.katalon.core.main.TestCaseExecutor.execute(TestCaseExecutor.java:224)
	at com.kms.katalon.core.main.TestSuiteExecutor.accessTestCaseMainPhase(TestSuiteExecutor.java:129)
	at com.kms.katalon.core.main.TestSuiteExecutor.accessTestSuiteMainPhase(TestSuiteExecutor.java:112)
	at com.kms.katalon.core.main.TestSuiteExecutor.execute(TestSuiteExecutor.java:81)
	at com.kms.katalon.core.main.TestCaseMain.startTestSuite(TestCaseMain.java:149)
	at com.kms.katalon.core.main.TestCaseMain$startTestSuite$0.call(Unknown Source)
	at TempTestSuite1560802135767.run(TempTestSuite1560802135767.groovy:36)


2019-06-17 16:11:52 - [MESSAGE][INFO] - Unable to find the element located by 'By.xpath: /html/body/div/div[1]/section/div/section/div/div[2]/form/fieldset/p[2]/button[count(. | //button[@type = 'submit']) = count(//button[@type = 'submit'])]'. Please recheck the objects properties to make sure the desired element is located. 

2019-06-17 16:11:52 - [MESSAGE][FAILED] - Unable to click on object 'Object Repository/OCS-MOBILE /Age gate and burger menu/button_Verify' (Root cause: com.kms.katalon.core.webui.exception.WebElementNotFoundException: Web element with id: 'Object Repository/OCS-MOBILE /Age gate and burger menu/button_Verify' located by 'By.xpath: /html/body/div/div[1]/section/div/section/div/div[2]/form/fieldset/p[2]/button[count(. | //button[@type = 'submit']) = count(//button[@type = 'submit'])]' not found)
[[ATTACHMENT|/Users/sumankompelly/Relative xpath-Mobile/Reports/OCS- 1.10.1/20190617_160855/1560802312171.png]]

2019-06-17 16:11:52 - [MESSAGE][FAILED] - click(findTestObject("OCS-MOBILE /Age gate and burger menu/button_Verify")) FAILED.
Reason:
com.kms.katalon.core.exception.StepFailedException: Unable to click on object 'Object Repository/OCS-MOBILE /Age gate and burger menu/button_Verify' (Root cause: com.kms.katalon.core.webui.exception.WebElementNotFoundException: Web element with id: 'Object Repository/OCS-MOBILE /Age gate and burger menu/button_Verify' located by 'By.xpath: /html/body/div/div[1]/section/div/section/div/div[2]/form/fieldset/p[2]/button[count(. | //button[@type = 'submit']) = count(//button[@type = 'submit'])]' not found)
	at com.kms.katalon.core.keyword.internal.KeywordMain.stepFailed(KeywordMain.groovy:36)
	at com.kms.katalon.core.webui.keyword.internal.WebUIKeywordMain.stepFailed(WebUIKeywordMain.groovy:65)
	at com.kms.katalon.core.webui.keyword.internal.WebUIKeywordMain.runKeyword(WebUIKeywordMain.groovy:27)
	at com.kms.katalon.core.webui.keyword.builtin.ClickKeyword.click(ClickKeyword.groovy:86)
	at com.kms.katalon.core.webui.keyword.builtin.ClickKeyword.execute(ClickKeyword.groovy:67)
	at com.kms.katalon.core.keyword.internal.KeywordExecutor.executeKeywordForPlatform(KeywordExecutor.groovy:53)
	at com.kms.katalon.core.webui.keyword.WebUiBuiltInKeywords.click(WebUiBuiltInKeywords.groovy:616)
	at com.kms.katalon.core.webui.keyword.WebUiBuiltInKeywords$click$4.call(Unknown Source)
	at CALL- SWATCH- NO INVENTORY.run(CALL- SWATCH- NO INVENTORY:35)
	at com.kms.katalon.core.main.ScriptEngine.run(ScriptEngine.java:194)
	at com.kms.katalon.core.main.ScriptEngine.runScriptAsRawText(ScriptEngine.java:119)
	at com.kms.katalon.core.main.TestCaseExecutor.runScript(TestCaseExecutor.java:328)
	at com.kms.katalon.core.main.TestCaseExecutor.doExecute(TestCaseExecutor.java:319)
	at com.kms.katalon.core.main.TestCaseExecutor.processExecutionPhase(TestCaseExecutor.java:298)
	at com.kms.katalon.core.main.TestCaseExecutor.accessMainPhase(TestCaseExecutor.java:290)
	at com.kms.katalon.core.main.TestCaseExecutor.execute(TestCaseExecutor.java:224)
	at com.kms.katalon.core.main.TestCaseMain.runTestCase(TestCaseMain.java:106)
	at com.kms.katalon.core.keyword.builtin.CallTestCaseKeyword$_callTestCase_closure1.doCall(CallTestCaseKeyword.groovy:59)
	at com.kms.katalon.core.keyword.builtin.CallTestCaseKeyword$_callTestCase_closure1.call(CallTestCaseKeyword.groovy)
	at com.kms.katalon.core.keyword.internal.KeywordMain.runKeyword(KeywordMain.groovy:54)
	at com.kms.katalon.core.keyword.builtin.CallTestCaseKeyword.callTestCase(CallTestCaseKeyword.groovy:80)
	at com.kms.katalon.core.keyword.builtin.CallTestCaseKeyword.execute(CallTestCaseKeyword.groovy:44)
	at com.kms.katalon.core.keyword.internal.KeywordExecutor.executeKeywordForPlatform(KeywordExecutor.groovy:53)
	at com.kms.katalon.core.keyword.BuiltinKeywords.callTestCase(BuiltinKeywords.groovy:334)
	at Cart.run(Cart:16)
	at com.kms.katalon.core.main.ScriptEngine.run(ScriptEngine.java:194)
	at com.kms.katalon.core.main.ScriptEngine.runScriptAsRawText(ScriptEngine.java:119)
	at com.kms.katalon.core.main.TestCaseExecutor.runScript(TestCaseExecutor.java:328)
	at com.kms.katalon.core.main.TestCaseExecutor.doExecute(TestCaseExecutor.java:319)
	at com.kms.katalon.core.main.TestCaseExecutor.processExecutionPhase(TestCaseExecutor.java:298)
	at com.kms.katalon.core.main.TestCaseExecutor.accessMainPhase(TestCaseExecutor.java:290)
	at com.kms.katalon.core.main.TestCaseExecutor.execute(TestCaseExecutor.java:224)
	at com.kms.katalon.core.main.TestSuiteExecutor.accessTestCaseMainPhase(TestSuiteExecutor.java:129)
	at com.kms.katalon.core.main.TestSuiteExecutor.accessTestSuiteMainPhase(TestSuiteExecutor.java:112)
	at com.kms.katalon.core.main.TestSuiteExecutor.execute(TestSuiteExecutor.java:81)
	at com.kms.katalon.core.main.TestCaseMain.startTestSuite(TestCaseMain.java:149)
	at com.kms.katalon.core.main.TestCaseMain$startTestSuite$0.call(Unknown Source)
	at TempTestSuite1560802135767.run(TempTestSuite1560802135767.groovy:36)


2019-06-17 16:11:52 - [MESSAGE][FAILED] - Unable to call Test Case 'Test Cases/OCS - MOBILE/CALL- SWATCH- NO INVENTORY' (Root cause: com.kms.katalon.core.exception.StepFailedException: Call Test Case 'Test Cases/OCS - MOBILE/CALL- SWATCH- NO INVENTORY' failed)

2019-06-17 16:11:52 - [MESSAGE][FAILED] - callTestCase(findTestCase("OCS - MOBILE/CALL- SWATCH- NO INVENTORY"), [:], STOP_ON_FAILURE) FAILED.
Reason:
com.kms.katalon.core.exception.StepFailedException: Unable to click on object 'Object Repository/OCS-MOBILE /Age gate and burger menu/button_Verify' (Root cause: com.kms.katalon.core.webui.exception.WebElementNotFoundException: Web element with id: 'Object Repository/OCS-MOBILE /Age gate and burger menu/button_Verify' located by 'By.xpath: /html/body/div/div[1]/section/div/section/div/div[2]/form/fieldset/p[2]/button[count(. | //button[@type = 'submit']) = count(//button[@type = 'submit'])]' not found)
	at com.kms.katalon.core.keyword.internal.KeywordMain.stepFailed(KeywordMain.groovy:36)
	at com.kms.katalon.core.webui.keyword.internal.WebUIKeywordMain.stepFailed(WebUIKeywordMain.groovy:65)
	at com.kms.katalon.core.webui.keyword.internal.WebUIKeywordMain.runKeyword(WebUIKeywordMain.groovy:27)
	at com.kms.katalon.core.webui.keyword.builtin.ClickKeyword.click(ClickKeyword.groovy:86)
	at com.kms.katalon.core.webui.keyword.builtin.ClickKeyword.execute(ClickKeyword.groovy:67)
	at com.kms.katalon.core.keyword.internal.KeywordExecutor.executeKeywordForPlatform(KeywordExecutor.groovy:53)
	at com.kms.katalon.core.webui.keyword.WebUiBuiltInKeywords.click(WebUiBuiltInKeywords.groovy:616)
	at com.kms.katalon.core.webui.keyword.WebUiBuiltInKeywords$click$4.call(Unknown Source)
	at CALL- SWATCH- NO INVENTORY.run(CALL- SWATCH- NO INVENTORY:35)
	at com.kms.katalon.core.main.ScriptEngine.run(ScriptEngine.java:194)
	at com.kms.katalon.core.main.ScriptEngine.runScriptAsRawText(ScriptEngine.java:119)
	at com.kms.katalon.core.main.TestCaseExecutor.runScript(TestCaseExecutor.java:328)
	at com.kms.katalon.core.main.TestCaseExecutor.doExecute(TestCaseExecutor.java:319)
	at com.kms.katalon.core.main.TestCaseExecutor.processExecutionPhase(TestCaseExecutor.java:298)
	at com.kms.katalon.core.main.TestCaseExecutor.accessMainPhase(TestCaseExecutor.java:290)
	at com.kms.katalon.core.main.TestCaseExecutor.execute(TestCaseExecutor.java:224)
	at com.kms.katalon.core.main.TestCaseMain.runTestCase(TestCaseMain.java:106)
	at com.kms.katalon.core.keyword.builtin.CallTestCaseKeyword$_callTestCase_closure1.doCall(CallTestCaseKeyword.groovy:59)
	at com.kms.katalon.core.keyword.builtin.CallTestCaseKeyword$_callTestCase_closure1.call(CallTestCaseKeyword.groovy)
	at com.kms.katalon.core.keyword.internal.KeywordMain.runKeyword(KeywordMain.groovy:54)
	at com.kms.katalon.core.keyword.builtin.CallTestCaseKeyword.callTestCase(CallTestCaseKeyword.groovy:80)
	at com.kms.katalon.core.keyword.builtin.CallTestCaseKeyword.execute(CallTestCaseKeyword.groovy:44)
	at com.kms.katalon.core.keyword.internal.KeywordExecutor.executeKeywordForPlatform(KeywordExecutor.groovy:53)
	at com.kms.katalon.core.keyword.BuiltinKeywords.callTestCase(BuiltinKeywords.groovy:334)
	at Cart.run(Cart:16)
	at com.kms.katalon.core.main.ScriptEngine.run(ScriptEngine.java:194)
	at com.kms.katalon.core.main.ScriptEngine.runScriptAsRawText(ScriptEngine.java:119)
	at com.kms.katalon.core.main.TestCaseExecutor.runScript(TestCaseExecutor.java:328)
	at com.kms.katalon.core.main.TestCaseExecutor.doExecute(TestCaseExecutor.java:319)
	at com.kms.katalon.core.main.TestCaseExecutor.processExecutionPhase(TestCaseExecutor.java:298)
	at com.kms.katalon.core.main.TestCaseExecutor.accessMainPhase(TestCaseExecutor.java:290)
	at com.kms.katalon.core.main.TestCaseExecutor.execute(TestCaseExecutor.java:224)
	at com.kms.katalon.core.main.TestSuiteExecutor.accessTestCaseMainPhase(TestSuiteExecutor.java:129)
	at com.kms.katalon.core.main.TestSuiteExecutor.accessTestSuiteMainPhase(TestSuiteExecutor.java:112)
	at com.kms.katalon.core.main.TestSuiteExecutor.execute(TestSuiteExecutor.java:81)
	at com.kms.katalon.core.main.TestCaseMain.startTestSuite(TestCaseMain.java:149)
	at com.kms.katalon.core.main.TestCaseMain$startTestSuite$0.call(Unknown Source)
	at TempTestSuite1560802135767.run(TempTestSuite1560802135767.groovy:36)]]></system-out>
         <system-err><![CDATA[2019-06-17 16:11:06 - [TEST_CASE][FAILED] - Test Cases/OCS - MOBILE/OCS- CRITICAL PATH/Cart: Test Cases/OCS - MOBILE/OCS- CRITICAL PATH/Cart FAILED.
Reason:
com.kms.katalon.core.exception.StepFailedException: Unable to click on object 'Object Repository/OCS-MOBILE /Age gate and burger menu/button_Verify' (Root cause: com.kms.katalon.core.webui.exception.WebElementNotFoundException: Web element with id: 'Object Repository/OCS-MOBILE /Age gate and burger menu/button_Verify' located by 'By.xpath: /html/body/div/div[1]/section/div/section/div/div[2]/form/fieldset/p[2]/button[count(. | //button[@type = 'submit']) = count(//button[@type = 'submit'])]' not found)
	at com.kms.katalon.core.keyword.internal.KeywordMain.stepFailed(KeywordMain.groovy:36)
	at com.kms.katalon.core.webui.keyword.internal.WebUIKeywordMain.stepFailed(WebUIKeywordMain.groovy:65)
	at com.kms.katalon.core.webui.keyword.internal.WebUIKeywordMain.runKeyword(WebUIKeywordMain.groovy:27)
	at com.kms.katalon.core.webui.keyword.builtin.ClickKeyword.click(ClickKeyword.groovy:86)
	at com.kms.katalon.core.webui.keyword.builtin.ClickKeyword.execute(ClickKeyword.groovy:67)
	at com.kms.katalon.core.keyword.internal.KeywordExecutor.executeKeywordForPlatform(KeywordExecutor.groovy:53)
	at com.kms.katalon.core.webui.keyword.WebUiBuiltInKeywords.click(WebUiBuiltInKeywords.groovy:616)
	at com.kms.katalon.core.webui.keyword.WebUiBuiltInKeywords$click$4.call(Unknown Source)
	at CALL- SWATCH- NO INVENTORY.run(CALL- SWATCH- NO INVENTORY:35)
	at com.kms.katalon.core.main.ScriptEngine.run(ScriptEngine.java:194)
	at com.kms.katalon.core.main.ScriptEngine.runScriptAsRawText(ScriptEngine.java:119)
	at com.kms.katalon.core.main.TestCaseExecutor.runScript(TestCaseExecutor.java:328)
	at com.kms.katalon.core.main.TestCaseExecutor.doExecute(TestCaseExecutor.java:319)
	at com.kms.katalon.core.main.TestCaseExecutor.processExecutionPhase(TestCaseExecutor.java:298)
	at com.kms.katalon.core.main.TestCaseExecutor.accessMainPhase(TestCaseExecutor.java:290)
	at com.kms.katalon.core.main.TestCaseExecutor.execute(TestCaseExecutor.java:224)
	at com.kms.katalon.core.main.TestCaseMain.runTestCase(TestCaseMain.java:106)
	at com.kms.katalon.core.keyword.builtin.CallTestCaseKeyword$_callTestCase_closure1.doCall(CallTestCaseKeyword.groovy:59)
	at com.kms.katalon.core.keyword.builtin.CallTestCaseKeyword$_callTestCase_closure1.call(CallTestCaseKeyword.groovy)
	at com.kms.katalon.core.keyword.internal.KeywordMain.runKeyword(KeywordMain.groovy:54)
	at com.kms.katalon.core.keyword.builtin.CallTestCaseKeyword.callTestCase(CallTestCaseKeyword.groovy:80)
	at com.kms.katalon.core.keyword.builtin.CallTestCaseKeyword.execute(CallTestCaseKeyword.groovy:44)
	at com.kms.katalon.core.keyword.internal.KeywordExecutor.executeKeywordForPlatform(KeywordExecutor.groovy:53)
	at com.kms.katalon.core.keyword.BuiltinKeywords.callTestCase(BuiltinKeywords.groovy:334)
	at Cart.run(Cart:16)
	at com.kms.katalon.core.main.ScriptEngine.run(ScriptEngine.java:194)
	at com.kms.katalon.core.main.ScriptEngine.runScriptAsRawText(ScriptEngine.java:119)
	at com.kms.katalon.core.main.TestCaseExecutor.runScript(TestCaseExecutor.java:328)
	at com.kms.katalon.core.main.TestCaseExecutor.doExecute(TestCaseExecutor.java:319)
	at com.kms.katalon.core.main.TestCaseExecutor.processExecutionPhase(TestCaseExecutor.java:298)
	at com.kms.katalon.core.main.TestCaseExecutor.accessMainPhase(TestCaseExecutor.java:290)
	at com.kms.katalon.core.main.TestCaseExecutor.execute(TestCaseExecutor.java:224)
	at com.kms.katalon.core.main.TestSuiteExecutor.accessTestCaseMainPhase(TestSuiteExecutor.java:129)
	at com.kms.katalon.core.main.TestSuiteExecutor.accessTestSuiteMainPhase(TestSuiteExecutor.java:112)
	at com.kms.katalon.core.main.TestSuiteExecutor.execute(TestSuiteExecutor.java:81)
	at com.kms.katalon.core.main.TestCaseMain.startTestSuite(TestCaseMain.java:149)
	at com.kms.katalon.core.main.TestCaseMain$startTestSuite$0.call(Unknown Source)
	at TempTestSuite1560802135767.run(TempTestSuite1560802135767.groovy:36)]]></system-err>
      </testcase>
      <testcase name="Test Cases/OCS - MOBILE/OCS- CRITICAL PATH/cart flyout- accessories" classname="Test Cases/OCS - MOBILE/OCS- CRITICAL PATH/cart flyout- accessories" status="FAILED">
         <failure type="FAILED" message="Test Cases/OCS - MOBILE/OCS- CRITICAL PATH/cart flyout- accessories FAILED.
Reason:
com.kms.katalon.core.exception.StepFailedException: Unable to click on object 'Object Repository/OCS-MOBILE /Age gate and burger menu/Dried Flower_Plus icon' (Root cause: org.openqa.selenium.WebDriverException: unknown error: Element &lt;i class=&quot;icon icon--plus menu__tier-three__link--icon&quot;>&lt;/i> is not clickable at point (462, 120). Other element would receive the click: &lt;ul class=&quot;menu__learn-more--mobile only-mobile-tablet&quot;>...&lt;/ul>
  (Session info: chrome=75.0.3770.90)
  (Driver info: chromedriver=2.43.600229 (3fae4d0cda5334b4f533bede5a4787f7b832d052),platform=Mac OS X 10.13.6 x86_64) (WARNING: The server did not provide any stacktrace information)
Command duration or timeout: 0 milliseconds
Build info: version: '3.7.1', revision: '8a0099a', time: '2017-11-06T21:07:36.161Z'
System info: host: 'sumans-MacBook-Pro.local', ip: 'fe80:0:0:0:10f0:11f1:8277:c429%en0', os.name: 'Mac OS X', os.arch: 'x86_64', os.version: '10.13.6', java.version: '1.8.0_181'
Driver info: com.kms.katalon.selenium.driver.CChromeDriver
Capabilities {acceptInsecureCerts: false, acceptSslCerts: false, applicationCacheEnabled: false, browserConnectionEnabled: false, browserName: chrome, chrome: {chromedriverVersion: 2.43.600229 (3fae4d0cda5334..., userDataDir: /var/folders/1t/c55l8xzs6gq...}, cssSelectorsEnabled: true, databaseEnabled: false, goog:chromeOptions: {debuggerAddress: localhost:58940}, handlesAlerts: true, hasTouchScreen: false, javascriptEnabled: true, locationContextEnabled: true, mobileEmulationEnabled: false, nativeEvents: true, networkConnectionEnabled: false, pageLoadStrategy: normal, platform: MAC, platformName: MAC, rotatable: false, setWindowRect: true, takesHeapSnapshot: true, takesScreenshot: true, unexpectedAlertBehaviour: , unhandledPromptBehavior: , version: 75.0.3770.90, webStorageEnabled: true}
Session ID: 8186c9a8289b0ab85d8032462e7b7104)
	at com.kms.katalon.core.keyword.internal.KeywordMain.stepFailed(KeywordMain.groovy:36)
	at com.kms.katalon.core.webui.keyword.internal.WebUIKeywordMain.stepFailed(WebUIKeywordMain.groovy:65)
	at com.kms.katalon.core.webui.keyword.internal.WebUIKeywordMain.runKeyword(WebUIKeywordMain.groovy:27)
	at com.kms.katalon.core.webui.keyword.builtin.ClickKeyword.click(ClickKeyword.groovy:86)
	at com.kms.katalon.core.webui.keyword.builtin.ClickKeyword.execute(ClickKeyword.groovy:67)
	at com.kms.katalon.core.keyword.internal.KeywordExecutor.executeKeywordForPlatform(KeywordExecutor.groovy:53)
	at com.kms.katalon.core.webui.keyword.WebUiBuiltInKeywords.click(WebUiBuiltInKeywords.groovy:616)
	at com.kms.katalon.core.webui.keyword.WebUiBuiltInKeywords$click$4.call(Unknown Source)
	at cart flyout- accessories.run(cart flyout- accessories:28)
	at com.kms.katalon.core.main.ScriptEngine.run(ScriptEngine.java:194)
	at com.kms.katalon.core.main.ScriptEngine.runScriptAsRawText(ScriptEngine.java:119)
	at com.kms.katalon.core.main.TestCaseExecutor.runScript(TestCaseExecutor.java:328)
	at com.kms.katalon.core.main.TestCaseExecutor.doExecute(TestCaseExecutor.java:319)
	at com.kms.katalon.core.main.TestCaseExecutor.processExecutionPhase(TestCaseExecutor.java:298)
	at com.kms.katalon.core.main.TestCaseExecutor.accessMainPhase(TestCaseExecutor.java:290)
	at com.kms.katalon.core.main.TestCaseExecutor.execute(TestCaseExecutor.java:224)
	at com.kms.katalon.core.main.TestSuiteExecutor.accessTestCaseMainPhase(TestSuiteExecutor.java:129)
	at com.kms.katalon.core.main.TestSuiteExecutor.accessTestSuiteMainPhase(TestSuiteExecutor.java:112)
	at com.kms.katalon.core.main.TestSuiteExecutor.execute(TestSuiteExecutor.java:81)
	at com.kms.katalon.core.main.TestCaseMain.startTestSuite(TestCaseMain.java:149)
	at com.kms.katalon.core.main.TestCaseMain$startTestSuite$0.call(Unknown Source)
	at TempTestSuite1560802135767.run(TempTestSuite1560802135767.groovy:36)
"/>
         <system-out><![CDATA[2019-06-17 16:11:52 - [TEST_CASE][FAILED] - Test Cases/OCS - MOBILE/OCS- CRITICAL PATH/cart flyout- accessories: Test Cases/OCS - MOBILE/OCS- CRITICAL PATH/cart flyout- accessories FAILED.
Reason:
com.kms.katalon.core.exception.StepFailedException: Unable to click on object 'Object Repository/OCS-MOBILE /Age gate and burger menu/Dried Flower_Plus icon' (Root cause: org.openqa.selenium.WebDriverException: unknown error: Element <i class="icon icon--plus menu__tier-three__link--icon"></i> is not clickable at point (462, 120). Other element would receive the click: <ul class="menu__learn-more--mobile only-mobile-tablet">...</ul>
  (Session info: chrome=75.0.3770.90)
  (Driver info: chromedriver=2.43.600229 (3fae4d0cda5334b4f533bede5a4787f7b832d052),platform=Mac OS X 10.13.6 x86_64) (WARNING: The server did not provide any stacktrace information)
Command duration or timeout: 0 milliseconds
Build info: version: '3.7.1', revision: '8a0099a', time: '2017-11-06T21:07:36.161Z'
System info: host: 'sumans-MacBook-Pro.local', ip: 'fe80:0:0:0:10f0:11f1:8277:c429%en0', os.name: 'Mac OS X', os.arch: 'x86_64', os.version: '10.13.6', java.version: '1.8.0_181'
Driver info: com.kms.katalon.selenium.driver.CChromeDriver
Capabilities {acceptInsecureCerts: false, acceptSslCerts: false, applicationCacheEnabled: false, browserConnectionEnabled: false, browserName: chrome, chrome: {chromedriverVersion: 2.43.600229 (3fae4d0cda5334..., userDataDir: /var/folders/1t/c55l8xzs6gq...}, cssSelectorsEnabled: true, databaseEnabled: false, goog:chromeOptions: {debuggerAddress: localhost:58940}, handlesAlerts: true, hasTouchScreen: false, javascriptEnabled: true, locationContextEnabled: true, mobileEmulationEnabled: false, nativeEvents: true, networkConnectionEnabled: false, pageLoadStrategy: normal, platform: MAC, platformName: MAC, rotatable: false, setWindowRect: true, takesHeapSnapshot: true, takesScreenshot: true, unexpectedAlertBehaviour: , unhandledPromptBehavior: , version: 75.0.3770.90, webStorageEnabled: true}
Session ID: 8186c9a8289b0ab85d8032462e7b7104)
	at com.kms.katalon.core.keyword.internal.KeywordMain.stepFailed(KeywordMain.groovy:36)
	at com.kms.katalon.core.webui.keyword.internal.WebUIKeywordMain.stepFailed(WebUIKeywordMain.groovy:65)
	at com.kms.katalon.core.webui.keyword.internal.WebUIKeywordMain.runKeyword(WebUIKeywordMain.groovy:27)
	at com.kms.katalon.core.webui.keyword.builtin.ClickKeyword.click(ClickKeyword.groovy:86)
	at com.kms.katalon.core.webui.keyword.builtin.ClickKeyword.execute(ClickKeyword.groovy:67)
	at com.kms.katalon.core.keyword.internal.KeywordExecutor.executeKeywordForPlatform(KeywordExecutor.groovy:53)
	at com.kms.katalon.core.webui.keyword.WebUiBuiltInKeywords.click(WebUiBuiltInKeywords.groovy:616)
	at com.kms.katalon.core.webui.keyword.WebUiBuiltInKeywords$click$4.call(Unknown Source)
	at cart flyout- accessories.run(cart flyout- accessories:28)
	at com.kms.katalon.core.main.ScriptEngine.run(ScriptEngine.java:194)
	at com.kms.katalon.core.main.ScriptEngine.runScriptAsRawText(ScriptEngine.java:119)
	at com.kms.katalon.core.main.TestCaseExecutor.runScript(TestCaseExecutor.java:328)
	at com.kms.katalon.core.main.TestCaseExecutor.doExecute(TestCaseExecutor.java:319)
	at com.kms.katalon.core.main.TestCaseExecutor.processExecutionPhase(TestCaseExecutor.java:298)
	at com.kms.katalon.core.main.TestCaseExecutor.accessMainPhase(TestCaseExecutor.java:290)
	at com.kms.katalon.core.main.TestCaseExecutor.execute(TestCaseExecutor.java:224)
	at com.kms.katalon.core.main.TestSuiteExecutor.accessTestCaseMainPhase(TestSuiteExecutor.java:129)
	at com.kms.katalon.core.main.TestSuiteExecutor.accessTestSuiteMainPhase(TestSuiteExecutor.java:112)
	at com.kms.katalon.core.main.TestSuiteExecutor.execute(TestSuiteExecutor.java:81)
	at com.kms.katalon.core.main.TestCaseMain.startTestSuite(TestCaseMain.java:149)
	at com.kms.katalon.core.main.TestCaseMain$startTestSuite$0.call(Unknown Source)
	at TempTestSuite1560802135767.run(TempTestSuite1560802135767.groovy:36)


2019-06-17 16:11:52 - [TEST_STEP][PASSED] - callTestCase(findTestCase("OCS - MOBILE/CALL - AGE GATE"), [:], STOP_ON_FAILURE): Call Test Case 'Test Cases/OCS - MOBILE/CALL - AGE GATE' successfully

2019-06-17 16:11:52 - [TEST_CASE][PASSED] - Test Cases/OCS - MOBILE/CALL - AGE GATE: Test Cases/OCS - MOBILE/CALL - AGE GATE

2019-06-17 16:11:52 - [TEST_STEP][PASSED] - openBrowser(""): Browser is opened with url: ''

2019-06-17 16:11:52 - [MESSAGE][WARNING] - A browser is already opened. Closing browser and opening a new one

2019-06-17 16:11:52 - [MESSAGE][INFO] - Starting 'Chrome' driver

2019-06-17 16:11:54 - [MESSAGE][PASSED] - Browser is opened with url: ''

2019-06-17 16:11:54 - [TEST_STEP][PASSED] - navigateToUrl("https://ocs.ca/?fts=0&preview_theme_id=72920106828"): Navigate to 'https://ocs.ca/?fts=0&preview_theme_id=72920106828' successfully

2019-06-17 16:11:59 - [MESSAGE][PASSED] - Navigate to 'https://ocs.ca/?fts=0&preview_theme_id=72920106828' successfully

2019-06-17 16:11:59 - [TEST_STEP][PASSED] - executeJavaScript("var previewBar = document.getElementById("preview-bar-iframe"); previewBar.style.display = "none";", []): Execute JavaScript 'var previewBar = document.getElementById("preview-bar-iframe"); previewBar.style.display = "none";' successfully

2019-06-17 16:11:59 - [MESSAGE][PASSED] - Execute JavaScript 'var previewBar = document.getElementById("preview-bar-iframe"); previewBar.style.display = "none";' successfully

2019-06-17 16:11:59 - [TEST_STEP][PASSED] - setViewPortSize(360, 800): Viewport is set to new size with width = 360 and height = 800

2019-06-17 16:11:59 - [MESSAGE][PASSED] - Viewport is set to new size with width = 360 and height = 800

2019-06-17 16:11:59 - [TEST_STEP][PASSED] - delay(4): Delayed 4 second(s)

2019-06-17 16:12:03 - [MESSAGE][PASSED] - Delayed 4 second(s)

2019-06-17 16:12:03 - [TEST_STEP][PASSED] - selectOptionByValue(findTestObject("OCS-MOBILE /Age gate and burger menu/Date"), "12", true): All options with value '12' are selected in object 'Object Repository/OCS-MOBILE /Age gate and burger menu/Date'  using regular expression

2019-06-17 16:12:03 - [MESSAGE][PASSED] - All options with value '12' are selected in object 'Object Repository/OCS-MOBILE /Age gate and burger menu/Date'  using regular expression

2019-06-17 16:12:03 - [TEST_STEP][PASSED] - selectOptionByValue(findTestObject("OCS-MOBILE /Age gate and burger menu/month"), "6", true): All options with value '6' are selected in object 'Object Repository/OCS-MOBILE /Age gate and burger menu/month'  using regular expression

2019-06-17 16:12:03 - [MESSAGE][PASSED] - All options with value '6' are selected in object 'Object Repository/OCS-MOBILE /Age gate and burger menu/month'  using regular expression

2019-06-17 16:12:03 - [TEST_STEP][PASSED] - delay(2): Delayed 2 second(s)

2019-06-17 16:12:05 - [MESSAGE][PASSED] - Delayed 2 second(s)

2019-06-17 16:12:05 - [TEST_STEP][PASSED] - selectOptionByValue(findTestObject("OCS-MOBILE /Age gate and burger menu/Year Dropdown"), "1990", true): All options with value '1990' are selected in object 'Object Repository/OCS-MOBILE /Age gate and burger menu/Year Dropdown'  using regular expression

2019-06-17 16:12:06 - [MESSAGE][PASSED] - All options with value '1990' are selected in object 'Object Repository/OCS-MOBILE /Age gate and burger menu/Year Dropdown'  using regular expression

2019-06-17 16:12:06 - [TEST_STEP][PASSED] - click(findTestObject("OCS-MOBILE /Age gate and Mega menu/button_Verify")): Object: 'Object Repository/OCS-MOBILE /Age gate and Mega menu/button_Verify' is clicked on

2019-06-17 16:12:06 - [MESSAGE][PASSED] - Object: 'Object Repository/OCS-MOBILE /Age gate and Mega menu/button_Verify' is clicked on

2019-06-17 16:12:06 - [TEST_STEP][PASSED] - click(findTestObject("OCS-MOBILE /Age gate and Mega menu/Checkbox_CONFIRM AND ACKNOWLEDGE")): Object: 'Object Repository/OCS-MOBILE /Age gate and Mega menu/Checkbox_CONFIRM AND ACKNOWLEDGE' is clicked on

2019-06-17 16:12:07 - [MESSAGE][PASSED] - Object: 'Object Repository/OCS-MOBILE /Age gate and Mega menu/Checkbox_CONFIRM AND ACKNOWLEDGE' is clicked on

2019-06-17 16:12:07 - [TEST_STEP][PASSED] - click(findTestObject("OCS-MOBILE /Age gate and Mega menu/button_CONFIRM")): Object: 'Object Repository/OCS-MOBILE /Age gate and Mega menu/button_CONFIRM' is clicked on

2019-06-17 16:12:07 - [MESSAGE][PASSED] - Object: 'Object Repository/OCS-MOBILE /Age gate and Mega menu/button_CONFIRM' is clicked on

2019-06-17 16:12:07 - [TEST_STEP][PASSED] - click(findTestObject("OCS-MOBILE /Age gate and Mega menu/button_Start Browsing")): Object: 'Object Repository/OCS-MOBILE /Age gate and Mega menu/button_Start Browsing' is clicked on

2019-06-17 16:12:07 - [MESSAGE][PASSED] - Object: 'Object Repository/OCS-MOBILE /Age gate and Mega menu/button_Start Browsing' is clicked on

2019-06-17 16:12:07 - [TEST_STEP][PASSED] - refresh(): Refresh successfully

2019-06-17 16:12:07 - [MESSAGE][PASSED] - Refresh successfully

2019-06-17 16:12:07 - [MESSAGE][PASSED] - Call Test Case 'Test Cases/OCS - MOBILE/CALL - AGE GATE' successfully

2019-06-17 16:12:07 - [TEST_STEP][PASSED] - delay(2): Delayed 2 second(s)

2019-06-17 16:12:09 - [MESSAGE][PASSED] - Delayed 2 second(s)

2019-06-17 16:12:09 - [TEST_STEP][PASSED] - click(findTestObject("OCS-MOBILE /Age gate and burger menu/Burger menu - English")): Object: 'Object Repository/OCS-MOBILE /Age gate and burger menu/Burger menu - English' is clicked on

2019-06-17 16:12:10 - [MESSAGE][PASSED] - Object: 'Object Repository/OCS-MOBILE /Age gate and burger menu/Burger menu - English' is clicked on

2019-06-17 16:12:10 - [TEST_STEP][PASSED] - delay(2): Delayed 2 second(s)

2019-06-17 16:12:12 - [MESSAGE][PASSED] - Delayed 2 second(s)

2019-06-17 16:12:12 - [TEST_STEP][PASSED] - click(findTestObject("OCS-MOBILE /Age gate and burger menu/Chevron_Cannabis")): Object: 'Object Repository/OCS-MOBILE /Age gate and burger menu/Chevron_Cannabis' is clicked on

2019-06-17 16:12:12 - [MESSAGE][PASSED] - Object: 'Object Repository/OCS-MOBILE /Age gate and burger menu/Chevron_Cannabis' is clicked on

2019-06-17 16:12:12 - [TEST_STEP][PASSED] - delay(2): Delayed 2 second(s)

2019-06-17 16:12:14 - [MESSAGE][PASSED] - Delayed 2 second(s)

2019-06-17 16:12:14 - [TEST_STEP][FAILED] - click(findTestObject("OCS-MOBILE /Age gate and burger menu/Dried Flower_Plus icon")): click(findTestObject("OCS-MOBILE /Age gate and burger menu/Dried Flower_Plus icon")) FAILED.
Reason:
com.kms.katalon.core.exception.StepFailedException: Unable to click on object 'Object Repository/OCS-MOBILE /Age gate and burger menu/Dried Flower_Plus icon' (Root cause: org.openqa.selenium.WebDriverException: unknown error: Element <i class="icon icon--plus menu__tier-three__link--icon"></i> is not clickable at point (462, 120). Other element would receive the click: <ul class="menu__learn-more--mobile only-mobile-tablet">...</ul>
  (Session info: chrome=75.0.3770.90)
  (Driver info: chromedriver=2.43.600229 (3fae4d0cda5334b4f533bede5a4787f7b832d052),platform=Mac OS X 10.13.6 x86_64) (WARNING: The server did not provide any stacktrace information)
Command duration or timeout: 0 milliseconds
Build info: version: '3.7.1', revision: '8a0099a', time: '2017-11-06T21:07:36.161Z'
System info: host: 'sumans-MacBook-Pro.local', ip: 'fe80:0:0:0:10f0:11f1:8277:c429%en0', os.name: 'Mac OS X', os.arch: 'x86_64', os.version: '10.13.6', java.version: '1.8.0_181'
Driver info: com.kms.katalon.selenium.driver.CChromeDriver
Capabilities {acceptInsecureCerts: false, acceptSslCerts: false, applicationCacheEnabled: false, browserConnectionEnabled: false, browserName: chrome, chrome: {chromedriverVersion: 2.43.600229 (3fae4d0cda5334..., userDataDir: /var/folders/1t/c55l8xzs6gq...}, cssSelectorsEnabled: true, databaseEnabled: false, goog:chromeOptions: {debuggerAddress: localhost:58940}, handlesAlerts: true, hasTouchScreen: false, javascriptEnabled: true, locationContextEnabled: true, mobileEmulationEnabled: false, nativeEvents: true, networkConnectionEnabled: false, pageLoadStrategy: normal, platform: MAC, platformName: MAC, rotatable: false, setWindowRect: true, takesHeapSnapshot: true, takesScreenshot: true, unexpectedAlertBehaviour: , unhandledPromptBehavior: , version: 75.0.3770.90, webStorageEnabled: true}
Session ID: 8186c9a8289b0ab85d8032462e7b7104)
	at com.kms.katalon.core.keyword.internal.KeywordMain.stepFailed(KeywordMain.groovy:36)
	at com.kms.katalon.core.webui.keyword.internal.WebUIKeywordMain.stepFailed(WebUIKeywordMain.groovy:65)
	at com.kms.katalon.core.webui.keyword.internal.WebUIKeywordMain.runKeyword(WebUIKeywordMain.groovy:27)
	at com.kms.katalon.core.webui.keyword.builtin.ClickKeyword.click(ClickKeyword.groovy:86)
	at com.kms.katalon.core.webui.keyword.builtin.ClickKeyword.execute(ClickKeyword.groovy:67)
	at com.kms.katalon.core.keyword.internal.KeywordExecutor.executeKeywordForPlatform(KeywordExecutor.groovy:53)
	at com.kms.katalon.core.webui.keyword.WebUiBuiltInKeywords.click(WebUiBuiltInKeywords.groovy:616)
	at com.kms.katalon.core.webui.keyword.WebUiBuiltInKeywords$click$4.call(Unknown Source)
	at cart flyout- accessories.run(cart flyout- accessories:28)
	at com.kms.katalon.core.main.ScriptEngine.run(ScriptEngine.java:194)
	at com.kms.katalon.core.main.ScriptEngine.runScriptAsRawText(ScriptEngine.java:119)
	at com.kms.katalon.core.main.TestCaseExecutor.runScript(TestCaseExecutor.java:328)
	at com.kms.katalon.core.main.TestCaseExecutor.doExecute(TestCaseExecutor.java:319)
	at com.kms.katalon.core.main.TestCaseExecutor.processExecutionPhase(TestCaseExecutor.java:298)
	at com.kms.katalon.core.main.TestCaseExecutor.accessMainPhase(TestCaseExecutor.java:290)
	at com.kms.katalon.core.main.TestCaseExecutor.execute(TestCaseExecutor.java:224)
	at com.kms.katalon.core.main.TestSuiteExecutor.accessTestCaseMainPhase(TestSuiteExecutor.java:129)
	at com.kms.katalon.core.main.TestSuiteExecutor.accessTestSuiteMainPhase(TestSuiteExecutor.java:112)
	at com.kms.katalon.core.main.TestSuiteExecutor.execute(TestSuiteExecutor.java:81)
	at com.kms.katalon.core.main.TestCaseMain.startTestSuite(TestCaseMain.java:149)
	at com.kms.katalon.core.main.TestCaseMain$startTestSuite$0.call(Unknown Source)
	at TempTestSuite1560802135767.run(TempTestSuite1560802135767.groovy:36)


2019-06-17 16:12:15 - [MESSAGE][FAILED] - Unable to click on object 'Object Repository/OCS-MOBILE /Age gate and burger menu/Dried Flower_Plus icon' (Root cause: org.openqa.selenium.WebDriverException: unknown error: Element <i class="icon icon--plus menu__tier-three__link--icon"></i> is not clickable at point (462, 120). Other element would receive the click: <ul class="menu__learn-more--mobile only-mobile-tablet">...</ul>
  (Session info: chrome=75.0.3770.90)
  (Driver info: chromedriver=2.43.600229 (3fae4d0cda5334b4f533bede5a4787f7b832d052),platform=Mac OS X 10.13.6 x86_64) (WARNING: The server did not provide any stacktrace information)
Command duration or timeout: 0 milliseconds
Build info: version: '3.7.1', revision: '8a0099a', time: '2017-11-06T21:07:36.161Z'
System info: host: 'sumans-MacBook-Pro.local', ip: 'fe80:0:0:0:10f0:11f1:8277:c429%en0', os.name: 'Mac OS X', os.arch: 'x86_64', os.version: '10.13.6', java.version: '1.8.0_181'
Driver info: com.kms.katalon.selenium.driver.CChromeDriver
Capabilities {acceptInsecureCerts: false, acceptSslCerts: false, applicationCacheEnabled: false, browserConnectionEnabled: false, browserName: chrome, chrome: {chromedriverVersion: 2.43.600229 (3fae4d0cda5334..., userDataDir: /var/folders/1t/c55l8xzs6gq...}, cssSelectorsEnabled: true, databaseEnabled: false, goog:chromeOptions: {debuggerAddress: localhost:58940}, handlesAlerts: true, hasTouchScreen: false, javascriptEnabled: true, locationContextEnabled: true, mobileEmulationEnabled: false, nativeEvents: true, networkConnectionEnabled: false, pageLoadStrategy: normal, platform: MAC, platformName: MAC, rotatable: false, setWindowRect: true, takesHeapSnapshot: true, takesScreenshot: true, unexpectedAlertBehaviour: , unhandledPromptBehavior: , version: 75.0.3770.90, webStorageEnabled: true}
Session ID: 8186c9a8289b0ab85d8032462e7b7104)
[[ATTACHMENT|/Users/sumankompelly/Relative xpath-Mobile/Reports/OCS- 1.10.1/20190617_160855/1560802334749.png]]

2019-06-17 16:12:15 - [MESSAGE][FAILED] - click(findTestObject("OCS-MOBILE /Age gate and burger menu/Dried Flower_Plus icon")) FAILED.
Reason:
com.kms.katalon.core.exception.StepFailedException: Unable to click on object 'Object Repository/OCS-MOBILE /Age gate and burger menu/Dried Flower_Plus icon' (Root cause: org.openqa.selenium.WebDriverException: unknown error: Element <i class="icon icon--plus menu__tier-three__link--icon"></i> is not clickable at point (462, 120). Other element would receive the click: <ul class="menu__learn-more--mobile only-mobile-tablet">...</ul>
  (Session info: chrome=75.0.3770.90)
  (Driver info: chromedriver=2.43.600229 (3fae4d0cda5334b4f533bede5a4787f7b832d052),platform=Mac OS X 10.13.6 x86_64) (WARNING: The server did not provide any stacktrace information)
Command duration or timeout: 0 milliseconds
Build info: version: '3.7.1', revision: '8a0099a', time: '2017-11-06T21:07:36.161Z'
System info: host: 'sumans-MacBook-Pro.local', ip: 'fe80:0:0:0:10f0:11f1:8277:c429%en0', os.name: 'Mac OS X', os.arch: 'x86_64', os.version: '10.13.6', java.version: '1.8.0_181'
Driver info: com.kms.katalon.selenium.driver.CChromeDriver
Capabilities {acceptInsecureCerts: false, acceptSslCerts: false, applicationCacheEnabled: false, browserConnectionEnabled: false, browserName: chrome, chrome: {chromedriverVersion: 2.43.600229 (3fae4d0cda5334..., userDataDir: /var/folders/1t/c55l8xzs6gq...}, cssSelectorsEnabled: true, databaseEnabled: false, goog:chromeOptions: {debuggerAddress: localhost:58940}, handlesAlerts: true, hasTouchScreen: false, javascriptEnabled: true, locationContextEnabled: true, mobileEmulationEnabled: false, nativeEvents: true, networkConnectionEnabled: false, pageLoadStrategy: normal, platform: MAC, platformName: MAC, rotatable: false, setWindowRect: true, takesHeapSnapshot: true, takesScreenshot: true, unexpectedAlertBehaviour: , unhandledPromptBehavior: , version: 75.0.3770.90, webStorageEnabled: true}
Session ID: 8186c9a8289b0ab85d8032462e7b7104)
	at com.kms.katalon.core.keyword.internal.KeywordMain.stepFailed(KeywordMain.groovy:36)
	at com.kms.katalon.core.webui.keyword.internal.WebUIKeywordMain.stepFailed(WebUIKeywordMain.groovy:65)
	at com.kms.katalon.core.webui.keyword.internal.WebUIKeywordMain.runKeyword(WebUIKeywordMain.groovy:27)
	at com.kms.katalon.core.webui.keyword.builtin.ClickKeyword.click(ClickKeyword.groovy:86)
	at com.kms.katalon.core.webui.keyword.builtin.ClickKeyword.execute(ClickKeyword.groovy:67)
	at com.kms.katalon.core.keyword.internal.KeywordExecutor.executeKeywordForPlatform(KeywordExecutor.groovy:53)
	at com.kms.katalon.core.webui.keyword.WebUiBuiltInKeywords.click(WebUiBuiltInKeywords.groovy:616)
	at com.kms.katalon.core.webui.keyword.WebUiBuiltInKeywords$click$4.call(Unknown Source)
	at cart flyout- accessories.run(cart flyout- accessories:28)
	at com.kms.katalon.core.main.ScriptEngine.run(ScriptEngine.java:194)
	at com.kms.katalon.core.main.ScriptEngine.runScriptAsRawText(ScriptEngine.java:119)
	at com.kms.katalon.core.main.TestCaseExecutor.runScript(TestCaseExecutor.java:328)
	at com.kms.katalon.core.main.TestCaseExecutor.doExecute(TestCaseExecutor.java:319)
	at com.kms.katalon.core.main.TestCaseExecutor.processExecutionPhase(TestCaseExecutor.java:298)
	at com.kms.katalon.core.main.TestCaseExecutor.accessMainPhase(TestCaseExecutor.java:290)
	at com.kms.katalon.core.main.TestCaseExecutor.execute(TestCaseExecutor.java:224)
	at com.kms.katalon.core.main.TestSuiteExecutor.accessTestCaseMainPhase(TestSuiteExecutor.java:129)
	at com.kms.katalon.core.main.TestSuiteExecutor.accessTestSuiteMainPhase(TestSuiteExecutor.java:112)
	at com.kms.katalon.core.main.TestSuiteExecutor.execute(TestSuiteExecutor.java:81)
	at com.kms.katalon.core.main.TestCaseMain.startTestSuite(TestCaseMain.java:149)
	at com.kms.katalon.core.main.TestCaseMain$startTestSuite$0.call(Unknown Source)
	at TempTestSuite1560802135767.run(TempTestSuite1560802135767.groovy:36)]]></system-out>
         <system-err><![CDATA[2019-06-17 16:11:52 - [TEST_CASE][FAILED] - Test Cases/OCS - MOBILE/OCS- CRITICAL PATH/cart flyout- accessories: Test Cases/OCS - MOBILE/OCS- CRITICAL PATH/cart flyout- accessories FAILED.
Reason:
com.kms.katalon.core.exception.StepFailedException: Unable to click on object 'Object Repository/OCS-MOBILE /Age gate and burger menu/Dried Flower_Plus icon' (Root cause: org.openqa.selenium.WebDriverException: unknown error: Element <i class="icon icon--plus menu__tier-three__link--icon"></i> is not clickable at point (462, 120). Other element would receive the click: <ul class="menu__learn-more--mobile only-mobile-tablet">...</ul>
  (Session info: chrome=75.0.3770.90)
  (Driver info: chromedriver=2.43.600229 (3fae4d0cda5334b4f533bede5a4787f7b832d052),platform=Mac OS X 10.13.6 x86_64) (WARNING: The server did not provide any stacktrace information)
Command duration or timeout: 0 milliseconds
Build info: version: '3.7.1', revision: '8a0099a', time: '2017-11-06T21:07:36.161Z'
System info: host: 'sumans-MacBook-Pro.local', ip: 'fe80:0:0:0:10f0:11f1:8277:c429%en0', os.name: 'Mac OS X', os.arch: 'x86_64', os.version: '10.13.6', java.version: '1.8.0_181'
Driver info: com.kms.katalon.selenium.driver.CChromeDriver
Capabilities {acceptInsecureCerts: false, acceptSslCerts: false, applicationCacheEnabled: false, browserConnectionEnabled: false, browserName: chrome, chrome: {chromedriverVersion: 2.43.600229 (3fae4d0cda5334..., userDataDir: /var/folders/1t/c55l8xzs6gq...}, cssSelectorsEnabled: true, databaseEnabled: false, goog:chromeOptions: {debuggerAddress: localhost:58940}, handlesAlerts: true, hasTouchScreen: false, javascriptEnabled: true, locationContextEnabled: true, mobileEmulationEnabled: false, nativeEvents: true, networkConnectionEnabled: false, pageLoadStrategy: normal, platform: MAC, platformName: MAC, rotatable: false, setWindowRect: true, takesHeapSnapshot: true, takesScreenshot: true, unexpectedAlertBehaviour: , unhandledPromptBehavior: , version: 75.0.3770.90, webStorageEnabled: true}
Session ID: 8186c9a8289b0ab85d8032462e7b7104)
	at com.kms.katalon.core.keyword.internal.KeywordMain.stepFailed(KeywordMain.groovy:36)
	at com.kms.katalon.core.webui.keyword.internal.WebUIKeywordMain.stepFailed(WebUIKeywordMain.groovy:65)
	at com.kms.katalon.core.webui.keyword.internal.WebUIKeywordMain.runKeyword(WebUIKeywordMain.groovy:27)
	at com.kms.katalon.core.webui.keyword.builtin.ClickKeyword.click(ClickKeyword.groovy:86)
	at com.kms.katalon.core.webui.keyword.builtin.ClickKeyword.execute(ClickKeyword.groovy:67)
	at com.kms.katalon.core.keyword.internal.KeywordExecutor.executeKeywordForPlatform(KeywordExecutor.groovy:53)
	at com.kms.katalon.core.webui.keyword.WebUiBuiltInKeywords.click(WebUiBuiltInKeywords.groovy:616)
	at com.kms.katalon.core.webui.keyword.WebUiBuiltInKeywords$click$4.call(Unknown Source)
	at cart flyout- accessories.run(cart flyout- accessories:28)
	at com.kms.katalon.core.main.ScriptEngine.run(ScriptEngine.java:194)
	at com.kms.katalon.core.main.ScriptEngine.runScriptAsRawText(ScriptEngine.java:119)
	at com.kms.katalon.core.main.TestCaseExecutor.runScript(TestCaseExecutor.java:328)
	at com.kms.katalon.core.main.TestCaseExecutor.doExecute(TestCaseExecutor.java:319)
	at com.kms.katalon.core.main.TestCaseExecutor.processExecutionPhase(TestCaseExecutor.java:298)
	at com.kms.katalon.core.main.TestCaseExecutor.accessMainPhase(TestCaseExecutor.java:290)
	at com.kms.katalon.core.main.TestCaseExecutor.execute(TestCaseExecutor.java:224)
	at com.kms.katalon.core.main.TestSuiteExecutor.accessTestCaseMainPhase(TestSuiteExecutor.java:129)
	at com.kms.katalon.core.main.TestSuiteExecutor.accessTestSuiteMainPhase(TestSuiteExecutor.java:112)
	at com.kms.katalon.core.main.TestSuiteExecutor.execute(TestSuiteExecutor.java:81)
	at com.kms.katalon.core.main.TestCaseMain.startTestSuite(TestCaseMain.java:149)
	at com.kms.katalon.core.main.TestCaseMain$startTestSuite$0.call(Unknown Source)
	at TempTestSuite1560802135767.run(TempTestSuite1560802135767.groovy:36)]]></system-err>
      </testcase>
      <testcase name="Test Cases/OCS - MOBILE/OCS- CRITICAL PATH/Cart flyout-price comparison" classname="Test Cases/OCS - MOBILE/OCS- CRITICAL PATH/Cart flyout-price comparison" status="FAILED">
         <failure type="FAILED" message="Test Cases/OCS - MOBILE/OCS- CRITICAL PATH/Cart flyout-price comparison FAILED.
Reason:
com.kms.katalon.core.exception.StepFailedException: Unable to click on object 'Object Repository/OCS-MOBILE /Age gate and burger menu/Dried Flower_Plus icon' (Root cause: org.openqa.selenium.WebDriverException: unknown error: Element &lt;i class=&quot;icon icon--plus menu__tier-three__link--icon&quot;>&lt;/i> is not clickable at point (462, 120). Other element would receive the click: &lt;ul class=&quot;menu__learn-more--mobile only-mobile-tablet&quot;>...&lt;/ul>
  (Session info: chrome=75.0.3770.90)
  (Driver info: chromedriver=2.43.600229 (3fae4d0cda5334b4f533bede5a4787f7b832d052),platform=Mac OS X 10.13.6 x86_64) (WARNING: The server did not provide any stacktrace information)
Command duration or timeout: 0 milliseconds
Build info: version: '3.7.1', revision: '8a0099a', time: '2017-11-06T21:07:36.161Z'
System info: host: 'sumans-MacBook-Pro.local', ip: 'fe80:0:0:0:10f0:11f1:8277:c429%en0', os.name: 'Mac OS X', os.arch: 'x86_64', os.version: '10.13.6', java.version: '1.8.0_181'
Driver info: com.kms.katalon.selenium.driver.CChromeDriver
Capabilities {acceptInsecureCerts: false, acceptSslCerts: false, applicationCacheEnabled: false, browserConnectionEnabled: false, browserName: chrome, chrome: {chromedriverVersion: 2.43.600229 (3fae4d0cda5334..., userDataDir: /var/folders/1t/c55l8xzs6gq...}, cssSelectorsEnabled: true, databaseEnabled: false, goog:chromeOptions: {debuggerAddress: localhost:59076}, handlesAlerts: true, hasTouchScreen: false, javascriptEnabled: true, locationContextEnabled: true, mobileEmulationEnabled: false, nativeEvents: true, networkConnectionEnabled: false, pageLoadStrategy: normal, platform: MAC, platformName: MAC, rotatable: false, setWindowRect: true, takesHeapSnapshot: true, takesScreenshot: true, unexpectedAlertBehaviour: , unhandledPromptBehavior: , version: 75.0.3770.90, webStorageEnabled: true}
Session ID: 6d495bda650210e4718011d90ff71218)
	at com.kms.katalon.core.keyword.internal.KeywordMain.stepFailed(KeywordMain.groovy:36)
	at com.kms.katalon.core.webui.keyword.internal.WebUIKeywordMain.stepFailed(WebUIKeywordMain.groovy:65)
	at com.kms.katalon.core.webui.keyword.internal.WebUIKeywordMain.runKeyword(WebUIKeywordMain.groovy:27)
	at com.kms.katalon.core.webui.keyword.builtin.ClickKeyword.click(ClickKeyword.groovy:86)
	at com.kms.katalon.core.webui.keyword.builtin.ClickKeyword.execute(ClickKeyword.groovy:67)
	at com.kms.katalon.core.keyword.internal.KeywordExecutor.executeKeywordForPlatform(KeywordExecutor.groovy:53)
	at com.kms.katalon.core.webui.keyword.WebUiBuiltInKeywords.click(WebUiBuiltInKeywords.groovy:616)
	at com.kms.katalon.core.webui.keyword.WebUiBuiltInKeywords$click$4.call(Unknown Source)
	at Cart flyout-price comparison.run(Cart flyout-price comparison:28)
	at com.kms.katalon.core.main.ScriptEngine.run(ScriptEngine.java:194)
	at com.kms.katalon.core.main.ScriptEngine.runScriptAsRawText(ScriptEngine.java:119)
	at com.kms.katalon.core.main.TestCaseExecutor.runScript(TestCaseExecutor.java:328)
	at com.kms.katalon.core.main.TestCaseExecutor.doExecute(TestCaseExecutor.java:319)
	at com.kms.katalon.core.main.TestCaseExecutor.processExecutionPhase(TestCaseExecutor.java:298)
	at com.kms.katalon.core.main.TestCaseExecutor.accessMainPhase(TestCaseExecutor.java:290)
	at com.kms.katalon.core.main.TestCaseExecutor.execute(TestCaseExecutor.java:224)
	at com.kms.katalon.core.main.TestSuiteExecutor.accessTestCaseMainPhase(TestSuiteExecutor.java:129)
	at com.kms.katalon.core.main.TestSuiteExecutor.accessTestSuiteMainPhase(TestSuiteExecutor.java:112)
	at com.kms.katalon.core.main.TestSuiteExecutor.execute(TestSuiteExecutor.java:81)
	at com.kms.katalon.core.main.TestCaseMain.startTestSuite(TestCaseMain.java:149)
	at com.kms.katalon.core.main.TestCaseMain$startTestSuite$0.call(Unknown Source)
	at TempTestSuite1560802135767.run(TempTestSuite1560802135767.groovy:36)
"/>
         <system-out><![CDATA[2019-06-17 16:12:15 - [TEST_CASE][FAILED] - Test Cases/OCS - MOBILE/OCS- CRITICAL PATH/Cart flyout-price comparison: Test Cases/OCS - MOBILE/OCS- CRITICAL PATH/Cart flyout-price comparison FAILED.
Reason:
com.kms.katalon.core.exception.StepFailedException: Unable to click on object 'Object Repository/OCS-MOBILE /Age gate and burger menu/Dried Flower_Plus icon' (Root cause: org.openqa.selenium.WebDriverException: unknown error: Element <i class="icon icon--plus menu__tier-three__link--icon"></i> is not clickable at point (462, 120). Other element would receive the click: <ul class="menu__learn-more--mobile only-mobile-tablet">...</ul>
  (Session info: chrome=75.0.3770.90)
  (Driver info: chromedriver=2.43.600229 (3fae4d0cda5334b4f533bede5a4787f7b832d052),platform=Mac OS X 10.13.6 x86_64) (WARNING: The server did not provide any stacktrace information)
Command duration or timeout: 0 milliseconds
Build info: version: '3.7.1', revision: '8a0099a', time: '2017-11-06T21:07:36.161Z'
System info: host: 'sumans-MacBook-Pro.local', ip: 'fe80:0:0:0:10f0:11f1:8277:c429%en0', os.name: 'Mac OS X', os.arch: 'x86_64', os.version: '10.13.6', java.version: '1.8.0_181'
Driver info: com.kms.katalon.selenium.driver.CChromeDriver
Capabilities {acceptInsecureCerts: false, acceptSslCerts: false, applicationCacheEnabled: false, browserConnectionEnabled: false, browserName: chrome, chrome: {chromedriverVersion: 2.43.600229 (3fae4d0cda5334..., userDataDir: /var/folders/1t/c55l8xzs6gq...}, cssSelectorsEnabled: true, databaseEnabled: false, goog:chromeOptions: {debuggerAddress: localhost:59076}, handlesAlerts: true, hasTouchScreen: false, javascriptEnabled: true, locationContextEnabled: true, mobileEmulationEnabled: false, nativeEvents: true, networkConnectionEnabled: false, pageLoadStrategy: normal, platform: MAC, platformName: MAC, rotatable: false, setWindowRect: true, takesHeapSnapshot: true, takesScreenshot: true, unexpectedAlertBehaviour: , unhandledPromptBehavior: , version: 75.0.3770.90, webStorageEnabled: true}
Session ID: 6d495bda650210e4718011d90ff71218)
	at com.kms.katalon.core.keyword.internal.KeywordMain.stepFailed(KeywordMain.groovy:36)
	at com.kms.katalon.core.webui.keyword.internal.WebUIKeywordMain.stepFailed(WebUIKeywordMain.groovy:65)
	at com.kms.katalon.core.webui.keyword.internal.WebUIKeywordMain.runKeyword(WebUIKeywordMain.groovy:27)
	at com.kms.katalon.core.webui.keyword.builtin.ClickKeyword.click(ClickKeyword.groovy:86)
	at com.kms.katalon.core.webui.keyword.builtin.ClickKeyword.execute(ClickKeyword.groovy:67)
	at com.kms.katalon.core.keyword.internal.KeywordExecutor.executeKeywordForPlatform(KeywordExecutor.groovy:53)
	at com.kms.katalon.core.webui.keyword.WebUiBuiltInKeywords.click(WebUiBuiltInKeywords.groovy:616)
	at com.kms.katalon.core.webui.keyword.WebUiBuiltInKeywords$click$4.call(Unknown Source)
	at Cart flyout-price comparison.run(Cart flyout-price comparison:28)
	at com.kms.katalon.core.main.ScriptEngine.run(ScriptEngine.java:194)
	at com.kms.katalon.core.main.ScriptEngine.runScriptAsRawText(ScriptEngine.java:119)
	at com.kms.katalon.core.main.TestCaseExecutor.runScript(TestCaseExecutor.java:328)
	at com.kms.katalon.core.main.TestCaseExecutor.doExecute(TestCaseExecutor.java:319)
	at com.kms.katalon.core.main.TestCaseExecutor.processExecutionPhase(TestCaseExecutor.java:298)
	at com.kms.katalon.core.main.TestCaseExecutor.accessMainPhase(TestCaseExecutor.java:290)
	at com.kms.katalon.core.main.TestCaseExecutor.execute(TestCaseExecutor.java:224)
	at com.kms.katalon.core.main.TestSuiteExecutor.accessTestCaseMainPhase(TestSuiteExecutor.java:129)
	at com.kms.katalon.core.main.TestSuiteExecutor.accessTestSuiteMainPhase(TestSuiteExecutor.java:112)
	at com.kms.katalon.core.main.TestSuiteExecutor.execute(TestSuiteExecutor.java:81)
	at com.kms.katalon.core.main.TestCaseMain.startTestSuite(TestCaseMain.java:149)
	at com.kms.katalon.core.main.TestCaseMain$startTestSuite$0.call(Unknown Source)
	at TempTestSuite1560802135767.run(TempTestSuite1560802135767.groovy:36)


2019-06-17 16:12:15 - [TEST_STEP][PASSED] - callTestCase(findTestCase("OCS - MOBILE/CALL - AGE GATE"), [:], STOP_ON_FAILURE): Call Test Case 'Test Cases/OCS - MOBILE/CALL - AGE GATE' successfully

2019-06-17 16:12:15 - [TEST_CASE][PASSED] - Test Cases/OCS - MOBILE/CALL - AGE GATE: Test Cases/OCS - MOBILE/CALL - AGE GATE

2019-06-17 16:12:15 - [TEST_STEP][PASSED] - openBrowser(""): Browser is opened with url: ''

2019-06-17 16:12:15 - [MESSAGE][WARNING] - A browser is already opened. Closing browser and opening a new one

2019-06-17 16:12:15 - [MESSAGE][INFO] - Starting 'Chrome' driver

2019-06-17 16:12:16 - [MESSAGE][PASSED] - Browser is opened with url: ''

2019-06-17 16:12:16 - [TEST_STEP][PASSED] - navigateToUrl("https://ocs.ca/?fts=0&preview_theme_id=72920106828"): Navigate to 'https://ocs.ca/?fts=0&preview_theme_id=72920106828' successfully

2019-06-17 16:12:21 - [MESSAGE][PASSED] - Navigate to 'https://ocs.ca/?fts=0&preview_theme_id=72920106828' successfully

2019-06-17 16:12:21 - [TEST_STEP][PASSED] - executeJavaScript("var previewBar = document.getElementById("preview-bar-iframe"); previewBar.style.display = "none";", []): Execute JavaScript 'var previewBar = document.getElementById("preview-bar-iframe"); previewBar.style.display = "none";' successfully

2019-06-17 16:12:21 - [MESSAGE][PASSED] - Execute JavaScript 'var previewBar = document.getElementById("preview-bar-iframe"); previewBar.style.display = "none";' successfully

2019-06-17 16:12:21 - [TEST_STEP][PASSED] - setViewPortSize(360, 800): Viewport is set to new size with width = 360 and height = 800

2019-06-17 16:12:21 - [MESSAGE][PASSED] - Viewport is set to new size with width = 360 and height = 800

2019-06-17 16:12:21 - [TEST_STEP][PASSED] - delay(4): Delayed 4 second(s)

2019-06-17 16:12:25 - [MESSAGE][PASSED] - Delayed 4 second(s)

2019-06-17 16:12:25 - [TEST_STEP][PASSED] - selectOptionByValue(findTestObject("OCS-MOBILE /Age gate and burger menu/Date"), "12", true): All options with value '12' are selected in object 'Object Repository/OCS-MOBILE /Age gate and burger menu/Date'  using regular expression

2019-06-17 16:12:25 - [MESSAGE][PASSED] - All options with value '12' are selected in object 'Object Repository/OCS-MOBILE /Age gate and burger menu/Date'  using regular expression

2019-06-17 16:12:25 - [TEST_STEP][PASSED] - selectOptionByValue(findTestObject("OCS-MOBILE /Age gate and burger menu/month"), "6", true): All options with value '6' are selected in object 'Object Repository/OCS-MOBILE /Age gate and burger menu/month'  using regular expression

2019-06-17 16:12:26 - [MESSAGE][PASSED] - All options with value '6' are selected in object 'Object Repository/OCS-MOBILE /Age gate and burger menu/month'  using regular expression

2019-06-17 16:12:26 - [TEST_STEP][PASSED] - delay(2): Delayed 2 second(s)

2019-06-17 16:12:28 - [MESSAGE][PASSED] - Delayed 2 second(s)

2019-06-17 16:12:28 - [TEST_STEP][PASSED] - selectOptionByValue(findTestObject("OCS-MOBILE /Age gate and burger menu/Year Dropdown"), "1990", true): All options with value '1990' are selected in object 'Object Repository/OCS-MOBILE /Age gate and burger menu/Year Dropdown'  using regular expression

2019-06-17 16:12:29 - [MESSAGE][PASSED] - All options with value '1990' are selected in object 'Object Repository/OCS-MOBILE /Age gate and burger menu/Year Dropdown'  using regular expression

2019-06-17 16:12:29 - [TEST_STEP][PASSED] - click(findTestObject("OCS-MOBILE /Age gate and Mega menu/button_Verify")): Object: 'Object Repository/OCS-MOBILE /Age gate and Mega menu/button_Verify' is clicked on

2019-06-17 16:12:29 - [MESSAGE][PASSED] - Object: 'Object Repository/OCS-MOBILE /Age gate and Mega menu/button_Verify' is clicked on

2019-06-17 16:12:29 - [TEST_STEP][PASSED] - click(findTestObject("OCS-MOBILE /Age gate and Mega menu/Checkbox_CONFIRM AND ACKNOWLEDGE")): Object: 'Object Repository/OCS-MOBILE /Age gate and Mega menu/Checkbox_CONFIRM AND ACKNOWLEDGE' is clicked on

2019-06-17 16:12:29 - [MESSAGE][PASSED] - Object: 'Object Repository/OCS-MOBILE /Age gate and Mega menu/Checkbox_CONFIRM AND ACKNOWLEDGE' is clicked on

2019-06-17 16:12:29 - [TEST_STEP][PASSED] - click(findTestObject("OCS-MOBILE /Age gate and Mega menu/button_CONFIRM")): Object: 'Object Repository/OCS-MOBILE /Age gate and Mega menu/button_CONFIRM' is clicked on

2019-06-17 16:12:29 - [MESSAGE][PASSED] - Object: 'Object Repository/OCS-MOBILE /Age gate and Mega menu/button_CONFIRM' is clicked on

2019-06-17 16:12:29 - [TEST_STEP][PASSED] - click(findTestObject("OCS-MOBILE /Age gate and Mega menu/button_Start Browsing")): Object: 'Object Repository/OCS-MOBILE /Age gate and Mega menu/button_Start Browsing' is clicked on

2019-06-17 16:12:29 - [MESSAGE][PASSED] - Object: 'Object Repository/OCS-MOBILE /Age gate and Mega menu/button_Start Browsing' is clicked on

2019-06-17 16:12:29 - [TEST_STEP][PASSED] - refresh(): Refresh successfully

2019-06-17 16:12:29 - [MESSAGE][PASSED] - Refresh successfully

2019-06-17 16:12:29 - [MESSAGE][PASSED] - Call Test Case 'Test Cases/OCS - MOBILE/CALL - AGE GATE' successfully

2019-06-17 16:12:29 - [TEST_STEP][PASSED] - delay(2): Delayed 2 second(s)

2019-06-17 16:12:31 - [MESSAGE][PASSED] - Delayed 2 second(s)

2019-06-17 16:12:31 - [TEST_STEP][PASSED] - click(findTestObject("OCS-MOBILE /Age gate and burger menu/Burger menu - English")): Object: 'Object Repository/OCS-MOBILE /Age gate and burger menu/Burger menu - English' is clicked on

2019-06-17 16:12:33 - [MESSAGE][PASSED] - Object: 'Object Repository/OCS-MOBILE /Age gate and burger menu/Burger menu - English' is clicked on

2019-06-17 16:12:33 - [TEST_STEP][PASSED] - delay(2): Delayed 2 second(s)

2019-06-17 16:12:35 - [MESSAGE][PASSED] - Delayed 2 second(s)

2019-06-17 16:12:35 - [TEST_STEP][PASSED] - click(findTestObject("OCS-MOBILE /Age gate and burger menu/Chevron_Cannabis")): Object: 'Object Repository/OCS-MOBILE /Age gate and burger menu/Chevron_Cannabis' is clicked on

2019-06-17 16:12:35 - [MESSAGE][PASSED] - Object: 'Object Repository/OCS-MOBILE /Age gate and burger menu/Chevron_Cannabis' is clicked on

2019-06-17 16:12:35 - [TEST_STEP][PASSED] - delay(2): Delayed 2 second(s)

2019-06-17 16:12:37 - [MESSAGE][PASSED] - Delayed 2 second(s)

2019-06-17 16:12:37 - [TEST_STEP][FAILED] - click(findTestObject("OCS-MOBILE /Age gate and burger menu/Dried Flower_Plus icon")): click(findTestObject("OCS-MOBILE /Age gate and burger menu/Dried Flower_Plus icon")) FAILED.
Reason:
com.kms.katalon.core.exception.StepFailedException: Unable to click on object 'Object Repository/OCS-MOBILE /Age gate and burger menu/Dried Flower_Plus icon' (Root cause: org.openqa.selenium.WebDriverException: unknown error: Element <i class="icon icon--plus menu__tier-three__link--icon"></i> is not clickable at point (462, 120). Other element would receive the click: <ul class="menu__learn-more--mobile only-mobile-tablet">...</ul>
  (Session info: chrome=75.0.3770.90)
  (Driver info: chromedriver=2.43.600229 (3fae4d0cda5334b4f533bede5a4787f7b832d052),platform=Mac OS X 10.13.6 x86_64) (WARNING: The server did not provide any stacktrace information)
Command duration or timeout: 0 milliseconds
Build info: version: '3.7.1', revision: '8a0099a', time: '2017-11-06T21:07:36.161Z'
System info: host: 'sumans-MacBook-Pro.local', ip: 'fe80:0:0:0:10f0:11f1:8277:c429%en0', os.name: 'Mac OS X', os.arch: 'x86_64', os.version: '10.13.6', java.version: '1.8.0_181'
Driver info: com.kms.katalon.selenium.driver.CChromeDriver
Capabilities {acceptInsecureCerts: false, acceptSslCerts: false, applicationCacheEnabled: false, browserConnectionEnabled: false, browserName: chrome, chrome: {chromedriverVersion: 2.43.600229 (3fae4d0cda5334..., userDataDir: /var/folders/1t/c55l8xzs6gq...}, cssSelectorsEnabled: true, databaseEnabled: false, goog:chromeOptions: {debuggerAddress: localhost:59076}, handlesAlerts: true, hasTouchScreen: false, javascriptEnabled: true, locationContextEnabled: true, mobileEmulationEnabled: false, nativeEvents: true, networkConnectionEnabled: false, pageLoadStrategy: normal, platform: MAC, platformName: MAC, rotatable: false, setWindowRect: true, takesHeapSnapshot: true, takesScreenshot: true, unexpectedAlertBehaviour: , unhandledPromptBehavior: , version: 75.0.3770.90, webStorageEnabled: true}
Session ID: 6d495bda650210e4718011d90ff71218)
	at com.kms.katalon.core.keyword.internal.KeywordMain.stepFailed(KeywordMain.groovy:36)
	at com.kms.katalon.core.webui.keyword.internal.WebUIKeywordMain.stepFailed(WebUIKeywordMain.groovy:65)
	at com.kms.katalon.core.webui.keyword.internal.WebUIKeywordMain.runKeyword(WebUIKeywordMain.groovy:27)
	at com.kms.katalon.core.webui.keyword.builtin.ClickKeyword.click(ClickKeyword.groovy:86)
	at com.kms.katalon.core.webui.keyword.builtin.ClickKeyword.execute(ClickKeyword.groovy:67)
	at com.kms.katalon.core.keyword.internal.KeywordExecutor.executeKeywordForPlatform(KeywordExecutor.groovy:53)
	at com.kms.katalon.core.webui.keyword.WebUiBuiltInKeywords.click(WebUiBuiltInKeywords.groovy:616)
	at com.kms.katalon.core.webui.keyword.WebUiBuiltInKeywords$click$4.call(Unknown Source)
	at Cart flyout-price comparison.run(Cart flyout-price comparison:28)
	at com.kms.katalon.core.main.ScriptEngine.run(ScriptEngine.java:194)
	at com.kms.katalon.core.main.ScriptEngine.runScriptAsRawText(ScriptEngine.java:119)
	at com.kms.katalon.core.main.TestCaseExecutor.runScript(TestCaseExecutor.java:328)
	at com.kms.katalon.core.main.TestCaseExecutor.doExecute(TestCaseExecutor.java:319)
	at com.kms.katalon.core.main.TestCaseExecutor.processExecutionPhase(TestCaseExecutor.java:298)
	at com.kms.katalon.core.main.TestCaseExecutor.accessMainPhase(TestCaseExecutor.java:290)
	at com.kms.katalon.core.main.TestCaseExecutor.execute(TestCaseExecutor.java:224)
	at com.kms.katalon.core.main.TestSuiteExecutor.accessTestCaseMainPhase(TestSuiteExecutor.java:129)
	at com.kms.katalon.core.main.TestSuiteExecutor.accessTestSuiteMainPhase(TestSuiteExecutor.java:112)
	at com.kms.katalon.core.main.TestSuiteExecutor.execute(TestSuiteExecutor.java:81)
	at com.kms.katalon.core.main.TestCaseMain.startTestSuite(TestCaseMain.java:149)
	at com.kms.katalon.core.main.TestCaseMain$startTestSuite$0.call(Unknown Source)
	at TempTestSuite1560802135767.run(TempTestSuite1560802135767.groovy:36)


2019-06-17 16:12:37 - [MESSAGE][FAILED] - Unable to click on object 'Object Repository/OCS-MOBILE /Age gate and burger menu/Dried Flower_Plus icon' (Root cause: org.openqa.selenium.WebDriverException: unknown error: Element <i class="icon icon--plus menu__tier-three__link--icon"></i> is not clickable at point (462, 120). Other element would receive the click: <ul class="menu__learn-more--mobile only-mobile-tablet">...</ul>
  (Session info: chrome=75.0.3770.90)
  (Driver info: chromedriver=2.43.600229 (3fae4d0cda5334b4f533bede5a4787f7b832d052),platform=Mac OS X 10.13.6 x86_64) (WARNING: The server did not provide any stacktrace information)
Command duration or timeout: 0 milliseconds
Build info: version: '3.7.1', revision: '8a0099a', time: '2017-11-06T21:07:36.161Z'
System info: host: 'sumans-MacBook-Pro.local', ip: 'fe80:0:0:0:10f0:11f1:8277:c429%en0', os.name: 'Mac OS X', os.arch: 'x86_64', os.version: '10.13.6', java.version: '1.8.0_181'
Driver info: com.kms.katalon.selenium.driver.CChromeDriver
Capabilities {acceptInsecureCerts: false, acceptSslCerts: false, applicationCacheEnabled: false, browserConnectionEnabled: false, browserName: chrome, chrome: {chromedriverVersion: 2.43.600229 (3fae4d0cda5334..., userDataDir: /var/folders/1t/c55l8xzs6gq...}, cssSelectorsEnabled: true, databaseEnabled: false, goog:chromeOptions: {debuggerAddress: localhost:59076}, handlesAlerts: true, hasTouchScreen: false, javascriptEnabled: true, locationContextEnabled: true, mobileEmulationEnabled: false, nativeEvents: true, networkConnectionEnabled: false, pageLoadStrategy: normal, platform: MAC, platformName: MAC, rotatable: false, setWindowRect: true, takesHeapSnapshot: true, takesScreenshot: true, unexpectedAlertBehaviour: , unhandledPromptBehavior: , version: 75.0.3770.90, webStorageEnabled: true}
Session ID: 6d495bda650210e4718011d90ff71218)
[[ATTACHMENT|/Users/sumankompelly/Relative xpath-Mobile/Reports/OCS- 1.10.1/20190617_160855/1560802357434.png]]

2019-06-17 16:12:37 - [MESSAGE][FAILED] - click(findTestObject("OCS-MOBILE /Age gate and burger menu/Dried Flower_Plus icon")) FAILED.
Reason:
com.kms.katalon.core.exception.StepFailedException: Unable to click on object 'Object Repository/OCS-MOBILE /Age gate and burger menu/Dried Flower_Plus icon' (Root cause: org.openqa.selenium.WebDriverException: unknown error: Element <i class="icon icon--plus menu__tier-three__link--icon"></i> is not clickable at point (462, 120). Other element would receive the click: <ul class="menu__learn-more--mobile only-mobile-tablet">...</ul>
  (Session info: chrome=75.0.3770.90)
  (Driver info: chromedriver=2.43.600229 (3fae4d0cda5334b4f533bede5a4787f7b832d052),platform=Mac OS X 10.13.6 x86_64) (WARNING: The server did not provide any stacktrace information)
Command duration or timeout: 0 milliseconds
Build info: version: '3.7.1', revision: '8a0099a', time: '2017-11-06T21:07:36.161Z'
System info: host: 'sumans-MacBook-Pro.local', ip: 'fe80:0:0:0:10f0:11f1:8277:c429%en0', os.name: 'Mac OS X', os.arch: 'x86_64', os.version: '10.13.6', java.version: '1.8.0_181'
Driver info: com.kms.katalon.selenium.driver.CChromeDriver
Capabilities {acceptInsecureCerts: false, acceptSslCerts: false, applicationCacheEnabled: false, browserConnectionEnabled: false, browserName: chrome, chrome: {chromedriverVersion: 2.43.600229 (3fae4d0cda5334..., userDataDir: /var/folders/1t/c55l8xzs6gq...}, cssSelectorsEnabled: true, databaseEnabled: false, goog:chromeOptions: {debuggerAddress: localhost:59076}, handlesAlerts: true, hasTouchScreen: false, javascriptEnabled: true, locationContextEnabled: true, mobileEmulationEnabled: false, nativeEvents: true, networkConnectionEnabled: false, pageLoadStrategy: normal, platform: MAC, platformName: MAC, rotatable: false, setWindowRect: true, takesHeapSnapshot: true, takesScreenshot: true, unexpectedAlertBehaviour: , unhandledPromptBehavior: , version: 75.0.3770.90, webStorageEnabled: true}
Session ID: 6d495bda650210e4718011d90ff71218)
	at com.kms.katalon.core.keyword.internal.KeywordMain.stepFailed(KeywordMain.groovy:36)
	at com.kms.katalon.core.webui.keyword.internal.WebUIKeywordMain.stepFailed(WebUIKeywordMain.groovy:65)
	at com.kms.katalon.core.webui.keyword.internal.WebUIKeywordMain.runKeyword(WebUIKeywordMain.groovy:27)
	at com.kms.katalon.core.webui.keyword.builtin.ClickKeyword.click(ClickKeyword.groovy:86)
	at com.kms.katalon.core.webui.keyword.builtin.ClickKeyword.execute(ClickKeyword.groovy:67)
	at com.kms.katalon.core.keyword.internal.KeywordExecutor.executeKeywordForPlatform(KeywordExecutor.groovy:53)
	at com.kms.katalon.core.webui.keyword.WebUiBuiltInKeywords.click(WebUiBuiltInKeywords.groovy:616)
	at com.kms.katalon.core.webui.keyword.WebUiBuiltInKeywords$click$4.call(Unknown Source)
	at Cart flyout-price comparison.run(Cart flyout-price comparison:28)
	at com.kms.katalon.core.main.ScriptEngine.run(ScriptEngine.java:194)
	at com.kms.katalon.core.main.ScriptEngine.runScriptAsRawText(ScriptEngine.java:119)
	at com.kms.katalon.core.main.TestCaseExecutor.runScript(TestCaseExecutor.java:328)
	at com.kms.katalon.core.main.TestCaseExecutor.doExecute(TestCaseExecutor.java:319)
	at com.kms.katalon.core.main.TestCaseExecutor.processExecutionPhase(TestCaseExecutor.java:298)
	at com.kms.katalon.core.main.TestCaseExecutor.accessMainPhase(TestCaseExecutor.java:290)
	at com.kms.katalon.core.main.TestCaseExecutor.execute(TestCaseExecutor.java:224)
	at com.kms.katalon.core.main.TestSuiteExecutor.accessTestCaseMainPhase(TestSuiteExecutor.java:129)
	at com.kms.katalon.core.main.TestSuiteExecutor.accessTestSuiteMainPhase(TestSuiteExecutor.java:112)
	at com.kms.katalon.core.main.TestSuiteExecutor.execute(TestSuiteExecutor.java:81)
	at com.kms.katalon.core.main.TestCaseMain.startTestSuite(TestCaseMain.java:149)
	at com.kms.katalon.core.main.TestCaseMain$startTestSuite$0.call(Unknown Source)
	at TempTestSuite1560802135767.run(TempTestSuite1560802135767.groovy:36)]]></system-out>
         <system-err><![CDATA[2019-06-17 16:12:15 - [TEST_CASE][FAILED] - Test Cases/OCS - MOBILE/OCS- CRITICAL PATH/Cart flyout-price comparison: Test Cases/OCS - MOBILE/OCS- CRITICAL PATH/Cart flyout-price comparison FAILED.
Reason:
com.kms.katalon.core.exception.StepFailedException: Unable to click on object 'Object Repository/OCS-MOBILE /Age gate and burger menu/Dried Flower_Plus icon' (Root cause: org.openqa.selenium.WebDriverException: unknown error: Element <i class="icon icon--plus menu__tier-three__link--icon"></i> is not clickable at point (462, 120). Other element would receive the click: <ul class="menu__learn-more--mobile only-mobile-tablet">...</ul>
  (Session info: chrome=75.0.3770.90)
  (Driver info: chromedriver=2.43.600229 (3fae4d0cda5334b4f533bede5a4787f7b832d052),platform=Mac OS X 10.13.6 x86_64) (WARNING: The server did not provide any stacktrace information)
Command duration or timeout: 0 milliseconds
Build info: version: '3.7.1', revision: '8a0099a', time: '2017-11-06T21:07:36.161Z'
System info: host: 'sumans-MacBook-Pro.local', ip: 'fe80:0:0:0:10f0:11f1:8277:c429%en0', os.name: 'Mac OS X', os.arch: 'x86_64', os.version: '10.13.6', java.version: '1.8.0_181'
Driver info: com.kms.katalon.selenium.driver.CChromeDriver
Capabilities {acceptInsecureCerts: false, acceptSslCerts: false, applicationCacheEnabled: false, browserConnectionEnabled: false, browserName: chrome, chrome: {chromedriverVersion: 2.43.600229 (3fae4d0cda5334..., userDataDir: /var/folders/1t/c55l8xzs6gq...}, cssSelectorsEnabled: true, databaseEnabled: false, goog:chromeOptions: {debuggerAddress: localhost:59076}, handlesAlerts: true, hasTouchScreen: false, javascriptEnabled: true, locationContextEnabled: true, mobileEmulationEnabled: false, nativeEvents: true, networkConnectionEnabled: false, pageLoadStrategy: normal, platform: MAC, platformName: MAC, rotatable: false, setWindowRect: true, takesHeapSnapshot: true, takesScreenshot: true, unexpectedAlertBehaviour: , unhandledPromptBehavior: , version: 75.0.3770.90, webStorageEnabled: true}
Session ID: 6d495bda650210e4718011d90ff71218)
	at com.kms.katalon.core.keyword.internal.KeywordMain.stepFailed(KeywordMain.groovy:36)
	at com.kms.katalon.core.webui.keyword.internal.WebUIKeywordMain.stepFailed(WebUIKeywordMain.groovy:65)
	at com.kms.katalon.core.webui.keyword.internal.WebUIKeywordMain.runKeyword(WebUIKeywordMain.groovy:27)
	at com.kms.katalon.core.webui.keyword.builtin.ClickKeyword.click(ClickKeyword.groovy:86)
	at com.kms.katalon.core.webui.keyword.builtin.ClickKeyword.execute(ClickKeyword.groovy:67)
	at com.kms.katalon.core.keyword.internal.KeywordExecutor.executeKeywordForPlatform(KeywordExecutor.groovy:53)
	at com.kms.katalon.core.webui.keyword.WebUiBuiltInKeywords.click(WebUiBuiltInKeywords.groovy:616)
	at com.kms.katalon.core.webui.keyword.WebUiBuiltInKeywords$click$4.call(Unknown Source)
	at Cart flyout-price comparison.run(Cart flyout-price comparison:28)
	at com.kms.katalon.core.main.ScriptEngine.run(ScriptEngine.java:194)
	at com.kms.katalon.core.main.ScriptEngine.runScriptAsRawText(ScriptEngine.java:119)
	at com.kms.katalon.core.main.TestCaseExecutor.runScript(TestCaseExecutor.java:328)
	at com.kms.katalon.core.main.TestCaseExecutor.doExecute(TestCaseExecutor.java:319)
	at com.kms.katalon.core.main.TestCaseExecutor.processExecutionPhase(TestCaseExecutor.java:298)
	at com.kms.katalon.core.main.TestCaseExecutor.accessMainPhase(TestCaseExecutor.java:290)
	at com.kms.katalon.core.main.TestCaseExecutor.execute(TestCaseExecutor.java:224)
	at com.kms.katalon.core.main.TestSuiteExecutor.accessTestCaseMainPhase(TestSuiteExecutor.java:129)
	at com.kms.katalon.core.main.TestSuiteExecutor.accessTestSuiteMainPhase(TestSuiteExecutor.java:112)
	at com.kms.katalon.core.main.TestSuiteExecutor.execute(TestSuiteExecutor.java:81)
	at com.kms.katalon.core.main.TestCaseMain.startTestSuite(TestCaseMain.java:149)
	at com.kms.katalon.core.main.TestCaseMain$startTestSuite$0.call(Unknown Source)
	at TempTestSuite1560802135767.run(TempTestSuite1560802135767.groovy:36)]]></system-err>
      </testcase>
      <testcase name="Test Cases/OCS - MOBILE/OCS- CRITICAL PATH/Checkout - Shipping" classname="Test Cases/OCS - MOBILE/OCS- CRITICAL PATH/Checkout - Shipping" status="FAILED">
         <failure type="FAILED" message="Test Cases/OCS - MOBILE/OCS- CRITICAL PATH/Checkout - Shipping FAILED.
Reason:
com.kms.katalon.core.exception.StepFailedException: Unable to click on object 'Object Repository/OCS-MOBILE /Age gate and burger menu/Dried Flower_Plus icon' (Root cause: org.openqa.selenium.WebDriverException: unknown error: Element &lt;i class=&quot;icon icon--plus menu__tier-three__link--icon&quot;>&lt;/i> is not clickable at point (462, 120). Other element would receive the click: &lt;ul class=&quot;menu__learn-more--mobile only-mobile-tablet&quot;>...&lt;/ul>
  (Session info: chrome=75.0.3770.90)
  (Driver info: chromedriver=2.43.600229 (3fae4d0cda5334b4f533bede5a4787f7b832d052),platform=Mac OS X 10.13.6 x86_64) (WARNING: The server did not provide any stacktrace information)
Command duration or timeout: 0 milliseconds
Build info: version: '3.7.1', revision: '8a0099a', time: '2017-11-06T21:07:36.161Z'
System info: host: 'sumans-MacBook-Pro.local', ip: 'fe80:0:0:0:10f0:11f1:8277:c429%en0', os.name: 'Mac OS X', os.arch: 'x86_64', os.version: '10.13.6', java.version: '1.8.0_181'
Driver info: com.kms.katalon.selenium.driver.CChromeDriver
Capabilities {acceptInsecureCerts: false, acceptSslCerts: false, applicationCacheEnabled: false, browserConnectionEnabled: false, browserName: chrome, chrome: {chromedriverVersion: 2.43.600229 (3fae4d0cda5334..., userDataDir: /var/folders/1t/c55l8xzs6gq...}, cssSelectorsEnabled: true, databaseEnabled: false, goog:chromeOptions: {debuggerAddress: localhost:59212}, handlesAlerts: true, hasTouchScreen: false, javascriptEnabled: true, locationContextEnabled: true, mobileEmulationEnabled: false, nativeEvents: true, networkConnectionEnabled: false, pageLoadStrategy: normal, platform: MAC, platformName: MAC, rotatable: false, setWindowRect: true, takesHeapSnapshot: true, takesScreenshot: true, unexpectedAlertBehaviour: , unhandledPromptBehavior: , version: 75.0.3770.90, webStorageEnabled: true}
Session ID: b5f67d4c37ed6008651988716869c1e0)
	at com.kms.katalon.core.keyword.internal.KeywordMain.stepFailed(KeywordMain.groovy:36)
	at com.kms.katalon.core.webui.keyword.internal.WebUIKeywordMain.stepFailed(WebUIKeywordMain.groovy:65)
	at com.kms.katalon.core.webui.keyword.internal.WebUIKeywordMain.runKeyword(WebUIKeywordMain.groovy:27)
	at com.kms.katalon.core.webui.keyword.builtin.ClickKeyword.click(ClickKeyword.groovy:86)
	at com.kms.katalon.core.webui.keyword.builtin.ClickKeyword.execute(ClickKeyword.groovy:67)
	at com.kms.katalon.core.keyword.internal.KeywordExecutor.executeKeywordForPlatform(KeywordExecutor.groovy:53)
	at com.kms.katalon.core.webui.keyword.WebUiBuiltInKeywords.click(WebUiBuiltInKeywords.groovy:616)
	at com.kms.katalon.core.webui.keyword.WebUiBuiltInKeywords$click$4.call(Unknown Source)
	at Checkout - Shipping.run(Checkout - Shipping:30)
	at com.kms.katalon.core.main.ScriptEngine.run(ScriptEngine.java:194)
	at com.kms.katalon.core.main.ScriptEngine.runScriptAsRawText(ScriptEngine.java:119)
	at com.kms.katalon.core.main.TestCaseExecutor.runScript(TestCaseExecutor.java:328)
	at com.kms.katalon.core.main.TestCaseExecutor.doExecute(TestCaseExecutor.java:319)
	at com.kms.katalon.core.main.TestCaseExecutor.processExecutionPhase(TestCaseExecutor.java:298)
	at com.kms.katalon.core.main.TestCaseExecutor.accessMainPhase(TestCaseExecutor.java:290)
	at com.kms.katalon.core.main.TestCaseExecutor.execute(TestCaseExecutor.java:224)
	at com.kms.katalon.core.main.TestSuiteExecutor.accessTestCaseMainPhase(TestSuiteExecutor.java:129)
	at com.kms.katalon.core.main.TestSuiteExecutor.accessTestSuiteMainPhase(TestSuiteExecutor.java:112)
	at com.kms.katalon.core.main.TestSuiteExecutor.execute(TestSuiteExecutor.java:81)
	at com.kms.katalon.core.main.TestCaseMain.startTestSuite(TestCaseMain.java:149)
	at com.kms.katalon.core.main.TestCaseMain$startTestSuite$0.call(Unknown Source)
	at TempTestSuite1560802135767.run(TempTestSuite1560802135767.groovy:36)
"/>
         <system-out><![CDATA[2019-06-17 16:12:37 - [TEST_CASE][FAILED] - Test Cases/OCS - MOBILE/OCS- CRITICAL PATH/Checkout - Shipping: Test Cases/OCS - MOBILE/OCS- CRITICAL PATH/Checkout - Shipping FAILED.
Reason:
com.kms.katalon.core.exception.StepFailedException: Unable to click on object 'Object Repository/OCS-MOBILE /Age gate and burger menu/Dried Flower_Plus icon' (Root cause: org.openqa.selenium.WebDriverException: unknown error: Element <i class="icon icon--plus menu__tier-three__link--icon"></i> is not clickable at point (462, 120). Other element would receive the click: <ul class="menu__learn-more--mobile only-mobile-tablet">...</ul>
  (Session info: chrome=75.0.3770.90)
  (Driver info: chromedriver=2.43.600229 (3fae4d0cda5334b4f533bede5a4787f7b832d052),platform=Mac OS X 10.13.6 x86_64) (WARNING: The server did not provide any stacktrace information)
Command duration or timeout: 0 milliseconds
Build info: version: '3.7.1', revision: '8a0099a', time: '2017-11-06T21:07:36.161Z'
System info: host: 'sumans-MacBook-Pro.local', ip: 'fe80:0:0:0:10f0:11f1:8277:c429%en0', os.name: 'Mac OS X', os.arch: 'x86_64', os.version: '10.13.6', java.version: '1.8.0_181'
Driver info: com.kms.katalon.selenium.driver.CChromeDriver
Capabilities {acceptInsecureCerts: false, acceptSslCerts: false, applicationCacheEnabled: false, browserConnectionEnabled: false, browserName: chrome, chrome: {chromedriverVersion: 2.43.600229 (3fae4d0cda5334..., userDataDir: /var/folders/1t/c55l8xzs6gq...}, cssSelectorsEnabled: true, databaseEnabled: false, goog:chromeOptions: {debuggerAddress: localhost:59212}, handlesAlerts: true, hasTouchScreen: false, javascriptEnabled: true, locationContextEnabled: true, mobileEmulationEnabled: false, nativeEvents: true, networkConnectionEnabled: false, pageLoadStrategy: normal, platform: MAC, platformName: MAC, rotatable: false, setWindowRect: true, takesHeapSnapshot: true, takesScreenshot: true, unexpectedAlertBehaviour: , unhandledPromptBehavior: , version: 75.0.3770.90, webStorageEnabled: true}
Session ID: b5f67d4c37ed6008651988716869c1e0)
	at com.kms.katalon.core.keyword.internal.KeywordMain.stepFailed(KeywordMain.groovy:36)
	at com.kms.katalon.core.webui.keyword.internal.WebUIKeywordMain.stepFailed(WebUIKeywordMain.groovy:65)
	at com.kms.katalon.core.webui.keyword.internal.WebUIKeywordMain.runKeyword(WebUIKeywordMain.groovy:27)
	at com.kms.katalon.core.webui.keyword.builtin.ClickKeyword.click(ClickKeyword.groovy:86)
	at com.kms.katalon.core.webui.keyword.builtin.ClickKeyword.execute(ClickKeyword.groovy:67)
	at com.kms.katalon.core.keyword.internal.KeywordExecutor.executeKeywordForPlatform(KeywordExecutor.groovy:53)
	at com.kms.katalon.core.webui.keyword.WebUiBuiltInKeywords.click(WebUiBuiltInKeywords.groovy:616)
	at com.kms.katalon.core.webui.keyword.WebUiBuiltInKeywords$click$4.call(Unknown Source)
	at Checkout - Shipping.run(Checkout - Shipping:30)
	at com.kms.katalon.core.main.ScriptEngine.run(ScriptEngine.java:194)
	at com.kms.katalon.core.main.ScriptEngine.runScriptAsRawText(ScriptEngine.java:119)
	at com.kms.katalon.core.main.TestCaseExecutor.runScript(TestCaseExecutor.java:328)
	at com.kms.katalon.core.main.TestCaseExecutor.doExecute(TestCaseExecutor.java:319)
	at com.kms.katalon.core.main.TestCaseExecutor.processExecutionPhase(TestCaseExecutor.java:298)
	at com.kms.katalon.core.main.TestCaseExecutor.accessMainPhase(TestCaseExecutor.java:290)
	at com.kms.katalon.core.main.TestCaseExecutor.execute(TestCaseExecutor.java:224)
	at com.kms.katalon.core.main.TestSuiteExecutor.accessTestCaseMainPhase(TestSuiteExecutor.java:129)
	at com.kms.katalon.core.main.TestSuiteExecutor.accessTestSuiteMainPhase(TestSuiteExecutor.java:112)
	at com.kms.katalon.core.main.TestSuiteExecutor.execute(TestSuiteExecutor.java:81)
	at com.kms.katalon.core.main.TestCaseMain.startTestSuite(TestCaseMain.java:149)
	at com.kms.katalon.core.main.TestCaseMain$startTestSuite$0.call(Unknown Source)
	at TempTestSuite1560802135767.run(TempTestSuite1560802135767.groovy:36)


2019-06-17 16:12:37 - [TEST_STEP][PASSED] - callTestCase(findTestCase("OCS - MOBILE/CALL - AGE GATE"), [:], STOP_ON_FAILURE): Call Test Case 'Test Cases/OCS - MOBILE/CALL - AGE GATE' successfully

2019-06-17 16:12:38 - [TEST_CASE][PASSED] - Test Cases/OCS - MOBILE/CALL - AGE GATE: Test Cases/OCS - MOBILE/CALL - AGE GATE

2019-06-17 16:12:38 - [TEST_STEP][PASSED] - openBrowser(""): Browser is opened with url: ''

2019-06-17 16:12:38 - [MESSAGE][WARNING] - A browser is already opened. Closing browser and opening a new one

2019-06-17 16:12:38 - [MESSAGE][INFO] - Starting 'Chrome' driver

2019-06-17 16:12:39 - [MESSAGE][PASSED] - Browser is opened with url: ''

2019-06-17 16:12:39 - [TEST_STEP][PASSED] - navigateToUrl("https://ocs.ca/?fts=0&preview_theme_id=72920106828"): Navigate to 'https://ocs.ca/?fts=0&preview_theme_id=72920106828' successfully

2019-06-17 16:12:43 - [MESSAGE][PASSED] - Navigate to 'https://ocs.ca/?fts=0&preview_theme_id=72920106828' successfully

2019-06-17 16:12:43 - [TEST_STEP][PASSED] - executeJavaScript("var previewBar = document.getElementById("preview-bar-iframe"); previewBar.style.display = "none";", []): Execute JavaScript 'var previewBar = document.getElementById("preview-bar-iframe"); previewBar.style.display = "none";' successfully

2019-06-17 16:12:43 - [MESSAGE][PASSED] - Execute JavaScript 'var previewBar = document.getElementById("preview-bar-iframe"); previewBar.style.display = "none";' successfully

2019-06-17 16:12:43 - [TEST_STEP][PASSED] - setViewPortSize(360, 800): Viewport is set to new size with width = 360 and height = 800

2019-06-17 16:12:43 - [MESSAGE][PASSED] - Viewport is set to new size with width = 360 and height = 800

2019-06-17 16:12:43 - [TEST_STEP][PASSED] - delay(4): Delayed 4 second(s)

2019-06-17 16:12:47 - [MESSAGE][PASSED] - Delayed 4 second(s)

2019-06-17 16:12:47 - [TEST_STEP][PASSED] - selectOptionByValue(findTestObject("OCS-MOBILE /Age gate and burger menu/Date"), "12", true): All options with value '12' are selected in object 'Object Repository/OCS-MOBILE /Age gate and burger menu/Date'  using regular expression

2019-06-17 16:12:48 - [MESSAGE][PASSED] - All options with value '12' are selected in object 'Object Repository/OCS-MOBILE /Age gate and burger menu/Date'  using regular expression

2019-06-17 16:12:48 - [TEST_STEP][PASSED] - selectOptionByValue(findTestObject("OCS-MOBILE /Age gate and burger menu/month"), "6", true): All options with value '6' are selected in object 'Object Repository/OCS-MOBILE /Age gate and burger menu/month'  using regular expression

2019-06-17 16:12:48 - [MESSAGE][PASSED] - All options with value '6' are selected in object 'Object Repository/OCS-MOBILE /Age gate and burger menu/month'  using regular expression

2019-06-17 16:12:48 - [TEST_STEP][PASSED] - delay(2): Delayed 2 second(s)

2019-06-17 16:12:50 - [MESSAGE][PASSED] - Delayed 2 second(s)

2019-06-17 16:12:50 - [TEST_STEP][PASSED] - selectOptionByValue(findTestObject("OCS-MOBILE /Age gate and burger menu/Year Dropdown"), "1990", true): All options with value '1990' are selected in object 'Object Repository/OCS-MOBILE /Age gate and burger menu/Year Dropdown'  using regular expression

2019-06-17 16:12:51 - [MESSAGE][PASSED] - All options with value '1990' are selected in object 'Object Repository/OCS-MOBILE /Age gate and burger menu/Year Dropdown'  using regular expression

2019-06-17 16:12:51 - [TEST_STEP][PASSED] - click(findTestObject("OCS-MOBILE /Age gate and Mega menu/button_Verify")): Object: 'Object Repository/OCS-MOBILE /Age gate and Mega menu/button_Verify' is clicked on

2019-06-17 16:12:51 - [MESSAGE][PASSED] - Object: 'Object Repository/OCS-MOBILE /Age gate and Mega menu/button_Verify' is clicked on

2019-06-17 16:12:51 - [TEST_STEP][PASSED] - click(findTestObject("OCS-MOBILE /Age gate and Mega menu/Checkbox_CONFIRM AND ACKNOWLEDGE")): Object: 'Object Repository/OCS-MOBILE /Age gate and Mega menu/Checkbox_CONFIRM AND ACKNOWLEDGE' is clicked on

2019-06-17 16:12:51 - [MESSAGE][PASSED] - Object: 'Object Repository/OCS-MOBILE /Age gate and Mega menu/Checkbox_CONFIRM AND ACKNOWLEDGE' is clicked on

2019-06-17 16:12:51 - [TEST_STEP][PASSED] - click(findTestObject("OCS-MOBILE /Age gate and Mega menu/button_CONFIRM")): Object: 'Object Repository/OCS-MOBILE /Age gate and Mega menu/button_CONFIRM' is clicked on

2019-06-17 16:12:51 - [MESSAGE][PASSED] - Object: 'Object Repository/OCS-MOBILE /Age gate and Mega menu/button_CONFIRM' is clicked on

2019-06-17 16:12:51 - [TEST_STEP][PASSED] - click(findTestObject("OCS-MOBILE /Age gate and Mega menu/button_Start Browsing")): Object: 'Object Repository/OCS-MOBILE /Age gate and Mega menu/button_Start Browsing' is clicked on

2019-06-17 16:12:51 - [MESSAGE][PASSED] - Object: 'Object Repository/OCS-MOBILE /Age gate and Mega menu/button_Start Browsing' is clicked on

2019-06-17 16:12:51 - [TEST_STEP][PASSED] - refresh(): Refresh successfully

2019-06-17 16:12:51 - [MESSAGE][PASSED] - Refresh successfully

2019-06-17 16:12:51 - [MESSAGE][PASSED] - Call Test Case 'Test Cases/OCS - MOBILE/CALL - AGE GATE' successfully

2019-06-17 16:12:51 - [TEST_STEP][PASSED] - delay(2): Delayed 2 second(s)

2019-06-17 16:12:53 - [MESSAGE][PASSED] - Delayed 2 second(s)

2019-06-17 16:12:53 - [TEST_STEP][PASSED] - refresh(): Refresh successfully

2019-06-17 16:12:59 - [MESSAGE][PASSED] - Refresh successfully

2019-06-17 16:12:59 - [TEST_STEP][PASSED] - click(findTestObject("OCS-MOBILE /Age gate and burger menu/Burger menu - English")): Object: 'Object Repository/OCS-MOBILE /Age gate and burger menu/Burger menu - English' is clicked on

2019-06-17 16:12:59 - [MESSAGE][PASSED] - Object: 'Object Repository/OCS-MOBILE /Age gate and burger menu/Burger menu - English' is clicked on

2019-06-17 16:12:59 - [TEST_STEP][PASSED] - delay(2): Delayed 2 second(s)

2019-06-17 16:13:01 - [MESSAGE][PASSED] - Delayed 2 second(s)

2019-06-17 16:13:01 - [TEST_STEP][PASSED] - click(findTestObject("OCS-MOBILE /Age gate and burger menu/Chevron_Cannabis")): Object: 'Object Repository/OCS-MOBILE /Age gate and burger menu/Chevron_Cannabis' is clicked on

2019-06-17 16:13:01 - [MESSAGE][PASSED] - Object: 'Object Repository/OCS-MOBILE /Age gate and burger menu/Chevron_Cannabis' is clicked on

2019-06-17 16:13:01 - [TEST_STEP][PASSED] - delay(2): Delayed 2 second(s)

2019-06-17 16:13:03 - [MESSAGE][PASSED] - Delayed 2 second(s)

2019-06-17 16:13:03 - [TEST_STEP][FAILED] - click(findTestObject("OCS-MOBILE /Age gate and burger menu/Dried Flower_Plus icon")): click(findTestObject("OCS-MOBILE /Age gate and burger menu/Dried Flower_Plus icon")) FAILED.
Reason:
com.kms.katalon.core.exception.StepFailedException: Unable to click on object 'Object Repository/OCS-MOBILE /Age gate and burger menu/Dried Flower_Plus icon' (Root cause: org.openqa.selenium.WebDriverException: unknown error: Element <i class="icon icon--plus menu__tier-three__link--icon"></i> is not clickable at point (462, 120). Other element would receive the click: <ul class="menu__learn-more--mobile only-mobile-tablet">...</ul>
  (Session info: chrome=75.0.3770.90)
  (Driver info: chromedriver=2.43.600229 (3fae4d0cda5334b4f533bede5a4787f7b832d052),platform=Mac OS X 10.13.6 x86_64) (WARNING: The server did not provide any stacktrace information)
Command duration or timeout: 0 milliseconds
Build info: version: '3.7.1', revision: '8a0099a', time: '2017-11-06T21:07:36.161Z'
System info: host: 'sumans-MacBook-Pro.local', ip: 'fe80:0:0:0:10f0:11f1:8277:c429%en0', os.name: 'Mac OS X', os.arch: 'x86_64', os.version: '10.13.6', java.version: '1.8.0_181'
Driver info: com.kms.katalon.selenium.driver.CChromeDriver
Capabilities {acceptInsecureCerts: false, acceptSslCerts: false, applicationCacheEnabled: false, browserConnectionEnabled: false, browserName: chrome, chrome: {chromedriverVersion: 2.43.600229 (3fae4d0cda5334..., userDataDir: /var/folders/1t/c55l8xzs6gq...}, cssSelectorsEnabled: true, databaseEnabled: false, goog:chromeOptions: {debuggerAddress: localhost:59212}, handlesAlerts: true, hasTouchScreen: false, javascriptEnabled: true, locationContextEnabled: true, mobileEmulationEnabled: false, nativeEvents: true, networkConnectionEnabled: false, pageLoadStrategy: normal, platform: MAC, platformName: MAC, rotatable: false, setWindowRect: true, takesHeapSnapshot: true, takesScreenshot: true, unexpectedAlertBehaviour: , unhandledPromptBehavior: , version: 75.0.3770.90, webStorageEnabled: true}
Session ID: b5f67d4c37ed6008651988716869c1e0)
	at com.kms.katalon.core.keyword.internal.KeywordMain.stepFailed(KeywordMain.groovy:36)
	at com.kms.katalon.core.webui.keyword.internal.WebUIKeywordMain.stepFailed(WebUIKeywordMain.groovy:65)
	at com.kms.katalon.core.webui.keyword.internal.WebUIKeywordMain.runKeyword(WebUIKeywordMain.groovy:27)
	at com.kms.katalon.core.webui.keyword.builtin.ClickKeyword.click(ClickKeyword.groovy:86)
	at com.kms.katalon.core.webui.keyword.builtin.ClickKeyword.execute(ClickKeyword.groovy:67)
	at com.kms.katalon.core.keyword.internal.KeywordExecutor.executeKeywordForPlatform(KeywordExecutor.groovy:53)
	at com.kms.katalon.core.webui.keyword.WebUiBuiltInKeywords.click(WebUiBuiltInKeywords.groovy:616)
	at com.kms.katalon.core.webui.keyword.WebUiBuiltInKeywords$click$4.call(Unknown Source)
	at Checkout - Shipping.run(Checkout - Shipping:30)
	at com.kms.katalon.core.main.ScriptEngine.run(ScriptEngine.java:194)
	at com.kms.katalon.core.main.ScriptEngine.runScriptAsRawText(ScriptEngine.java:119)
	at com.kms.katalon.core.main.TestCaseExecutor.runScript(TestCaseExecutor.java:328)
	at com.kms.katalon.core.main.TestCaseExecutor.doExecute(TestCaseExecutor.java:319)
	at com.kms.katalon.core.main.TestCaseExecutor.processExecutionPhase(TestCaseExecutor.java:298)
	at com.kms.katalon.core.main.TestCaseExecutor.accessMainPhase(TestCaseExecutor.java:290)
	at com.kms.katalon.core.main.TestCaseExecutor.execute(TestCaseExecutor.java:224)
	at com.kms.katalon.core.main.TestSuiteExecutor.accessTestCaseMainPhase(TestSuiteExecutor.java:129)
	at com.kms.katalon.core.main.TestSuiteExecutor.accessTestSuiteMainPhase(TestSuiteExecutor.java:112)
	at com.kms.katalon.core.main.TestSuiteExecutor.execute(TestSuiteExecutor.java:81)
	at com.kms.katalon.core.main.TestCaseMain.startTestSuite(TestCaseMain.java:149)
	at com.kms.katalon.core.main.TestCaseMain$startTestSuite$0.call(Unknown Source)
	at TempTestSuite1560802135767.run(TempTestSuite1560802135767.groovy:36)


2019-06-17 16:13:03 - [MESSAGE][FAILED] - Unable to click on object 'Object Repository/OCS-MOBILE /Age gate and burger menu/Dried Flower_Plus icon' (Root cause: org.openqa.selenium.WebDriverException: unknown error: Element <i class="icon icon--plus menu__tier-three__link--icon"></i> is not clickable at point (462, 120). Other element would receive the click: <ul class="menu__learn-more--mobile only-mobile-tablet">...</ul>
  (Session info: chrome=75.0.3770.90)
  (Driver info: chromedriver=2.43.600229 (3fae4d0cda5334b4f533bede5a4787f7b832d052),platform=Mac OS X 10.13.6 x86_64) (WARNING: The server did not provide any stacktrace information)
Command duration or timeout: 0 milliseconds
Build info: version: '3.7.1', revision: '8a0099a', time: '2017-11-06T21:07:36.161Z'
System info: host: 'sumans-MacBook-Pro.local', ip: 'fe80:0:0:0:10f0:11f1:8277:c429%en0', os.name: 'Mac OS X', os.arch: 'x86_64', os.version: '10.13.6', java.version: '1.8.0_181'
Driver info: com.kms.katalon.selenium.driver.CChromeDriver
Capabilities {acceptInsecureCerts: false, acceptSslCerts: false, applicationCacheEnabled: false, browserConnectionEnabled: false, browserName: chrome, chrome: {chromedriverVersion: 2.43.600229 (3fae4d0cda5334..., userDataDir: /var/folders/1t/c55l8xzs6gq...}, cssSelectorsEnabled: true, databaseEnabled: false, goog:chromeOptions: {debuggerAddress: localhost:59212}, handlesAlerts: true, hasTouchScreen: false, javascriptEnabled: true, locationContextEnabled: true, mobileEmulationEnabled: false, nativeEvents: true, networkConnectionEnabled: false, pageLoadStrategy: normal, platform: MAC, platformName: MAC, rotatable: false, setWindowRect: true, takesHeapSnapshot: true, takesScreenshot: true, unexpectedAlertBehaviour: , unhandledPromptBehavior: , version: 75.0.3770.90, webStorageEnabled: true}
Session ID: b5f67d4c37ed6008651988716869c1e0)
[[ATTACHMENT|/Users/sumankompelly/Relative xpath-Mobile/Reports/OCS- 1.10.1/20190617_160855/1560802383467.png]]

2019-06-17 16:13:03 - [MESSAGE][FAILED] - click(findTestObject("OCS-MOBILE /Age gate and burger menu/Dried Flower_Plus icon")) FAILED.
Reason:
com.kms.katalon.core.exception.StepFailedException: Unable to click on object 'Object Repository/OCS-MOBILE /Age gate and burger menu/Dried Flower_Plus icon' (Root cause: org.openqa.selenium.WebDriverException: unknown error: Element <i class="icon icon--plus menu__tier-three__link--icon"></i> is not clickable at point (462, 120). Other element would receive the click: <ul class="menu__learn-more--mobile only-mobile-tablet">...</ul>
  (Session info: chrome=75.0.3770.90)
  (Driver info: chromedriver=2.43.600229 (3fae4d0cda5334b4f533bede5a4787f7b832d052),platform=Mac OS X 10.13.6 x86_64) (WARNING: The server did not provide any stacktrace information)
Command duration or timeout: 0 milliseconds
Build info: version: '3.7.1', revision: '8a0099a', time: '2017-11-06T21:07:36.161Z'
System info: host: 'sumans-MacBook-Pro.local', ip: 'fe80:0:0:0:10f0:11f1:8277:c429%en0', os.name: 'Mac OS X', os.arch: 'x86_64', os.version: '10.13.6', java.version: '1.8.0_181'
Driver info: com.kms.katalon.selenium.driver.CChromeDriver
Capabilities {acceptInsecureCerts: false, acceptSslCerts: false, applicationCacheEnabled: false, browserConnectionEnabled: false, browserName: chrome, chrome: {chromedriverVersion: 2.43.600229 (3fae4d0cda5334..., userDataDir: /var/folders/1t/c55l8xzs6gq...}, cssSelectorsEnabled: true, databaseEnabled: false, goog:chromeOptions: {debuggerAddress: localhost:59212}, handlesAlerts: true, hasTouchScreen: false, javascriptEnabled: true, locationContextEnabled: true, mobileEmulationEnabled: false, nativeEvents: true, networkConnectionEnabled: false, pageLoadStrategy: normal, platform: MAC, platformName: MAC, rotatable: false, setWindowRect: true, takesHeapSnapshot: true, takesScreenshot: true, unexpectedAlertBehaviour: , unhandledPromptBehavior: , version: 75.0.3770.90, webStorageEnabled: true}
Session ID: b5f67d4c37ed6008651988716869c1e0)
	at com.kms.katalon.core.keyword.internal.KeywordMain.stepFailed(KeywordMain.groovy:36)
	at com.kms.katalon.core.webui.keyword.internal.WebUIKeywordMain.stepFailed(WebUIKeywordMain.groovy:65)
	at com.kms.katalon.core.webui.keyword.internal.WebUIKeywordMain.runKeyword(WebUIKeywordMain.groovy:27)
	at com.kms.katalon.core.webui.keyword.builtin.ClickKeyword.click(ClickKeyword.groovy:86)
	at com.kms.katalon.core.webui.keyword.builtin.ClickKeyword.execute(ClickKeyword.groovy:67)
	at com.kms.katalon.core.keyword.internal.KeywordExecutor.executeKeywordForPlatform(KeywordExecutor.groovy:53)
	at com.kms.katalon.core.webui.keyword.WebUiBuiltInKeywords.click(WebUiBuiltInKeywords.groovy:616)
	at com.kms.katalon.core.webui.keyword.WebUiBuiltInKeywords$click$4.call(Unknown Source)
	at Checkout - Shipping.run(Checkout - Shipping:30)
	at com.kms.katalon.core.main.ScriptEngine.run(ScriptEngine.java:194)
	at com.kms.katalon.core.main.ScriptEngine.runScriptAsRawText(ScriptEngine.java:119)
	at com.kms.katalon.core.main.TestCaseExecutor.runScript(TestCaseExecutor.java:328)
	at com.kms.katalon.core.main.TestCaseExecutor.doExecute(TestCaseExecutor.java:319)
	at com.kms.katalon.core.main.TestCaseExecutor.processExecutionPhase(TestCaseExecutor.java:298)
	at com.kms.katalon.core.main.TestCaseExecutor.accessMainPhase(TestCaseExecutor.java:290)
	at com.kms.katalon.core.main.TestCaseExecutor.execute(TestCaseExecutor.java:224)
	at com.kms.katalon.core.main.TestSuiteExecutor.accessTestCaseMainPhase(TestSuiteExecutor.java:129)
	at com.kms.katalon.core.main.TestSuiteExecutor.accessTestSuiteMainPhase(TestSuiteExecutor.java:112)
	at com.kms.katalon.core.main.TestSuiteExecutor.execute(TestSuiteExecutor.java:81)
	at com.kms.katalon.core.main.TestCaseMain.startTestSuite(TestCaseMain.java:149)
	at com.kms.katalon.core.main.TestCaseMain$startTestSuite$0.call(Unknown Source)
	at TempTestSuite1560802135767.run(TempTestSuite1560802135767.groovy:36)]]></system-out>
         <system-err><![CDATA[2019-06-17 16:12:37 - [TEST_CASE][FAILED] - Test Cases/OCS - MOBILE/OCS- CRITICAL PATH/Checkout - Shipping: Test Cases/OCS - MOBILE/OCS- CRITICAL PATH/Checkout - Shipping FAILED.
Reason:
com.kms.katalon.core.exception.StepFailedException: Unable to click on object 'Object Repository/OCS-MOBILE /Age gate and burger menu/Dried Flower_Plus icon' (Root cause: org.openqa.selenium.WebDriverException: unknown error: Element <i class="icon icon--plus menu__tier-three__link--icon"></i> is not clickable at point (462, 120). Other element would receive the click: <ul class="menu__learn-more--mobile only-mobile-tablet">...</ul>
  (Session info: chrome=75.0.3770.90)
  (Driver info: chromedriver=2.43.600229 (3fae4d0cda5334b4f533bede5a4787f7b832d052),platform=Mac OS X 10.13.6 x86_64) (WARNING: The server did not provide any stacktrace information)
Command duration or timeout: 0 milliseconds
Build info: version: '3.7.1', revision: '8a0099a', time: '2017-11-06T21:07:36.161Z'
System info: host: 'sumans-MacBook-Pro.local', ip: 'fe80:0:0:0:10f0:11f1:8277:c429%en0', os.name: 'Mac OS X', os.arch: 'x86_64', os.version: '10.13.6', java.version: '1.8.0_181'
Driver info: com.kms.katalon.selenium.driver.CChromeDriver
Capabilities {acceptInsecureCerts: false, acceptSslCerts: false, applicationCacheEnabled: false, browserConnectionEnabled: false, browserName: chrome, chrome: {chromedriverVersion: 2.43.600229 (3fae4d0cda5334..., userDataDir: /var/folders/1t/c55l8xzs6gq...}, cssSelectorsEnabled: true, databaseEnabled: false, goog:chromeOptions: {debuggerAddress: localhost:59212}, handlesAlerts: true, hasTouchScreen: false, javascriptEnabled: true, locationContextEnabled: true, mobileEmulationEnabled: false, nativeEvents: true, networkConnectionEnabled: false, pageLoadStrategy: normal, platform: MAC, platformName: MAC, rotatable: false, setWindowRect: true, takesHeapSnapshot: true, takesScreenshot: true, unexpectedAlertBehaviour: , unhandledPromptBehavior: , version: 75.0.3770.90, webStorageEnabled: true}
Session ID: b5f67d4c37ed6008651988716869c1e0)
	at com.kms.katalon.core.keyword.internal.KeywordMain.stepFailed(KeywordMain.groovy:36)
	at com.kms.katalon.core.webui.keyword.internal.WebUIKeywordMain.stepFailed(WebUIKeywordMain.groovy:65)
	at com.kms.katalon.core.webui.keyword.internal.WebUIKeywordMain.runKeyword(WebUIKeywordMain.groovy:27)
	at com.kms.katalon.core.webui.keyword.builtin.ClickKeyword.click(ClickKeyword.groovy:86)
	at com.kms.katalon.core.webui.keyword.builtin.ClickKeyword.execute(ClickKeyword.groovy:67)
	at com.kms.katalon.core.keyword.internal.KeywordExecutor.executeKeywordForPlatform(KeywordExecutor.groovy:53)
	at com.kms.katalon.core.webui.keyword.WebUiBuiltInKeywords.click(WebUiBuiltInKeywords.groovy:616)
	at com.kms.katalon.core.webui.keyword.WebUiBuiltInKeywords$click$4.call(Unknown Source)
	at Checkout - Shipping.run(Checkout - Shipping:30)
	at com.kms.katalon.core.main.ScriptEngine.run(ScriptEngine.java:194)
	at com.kms.katalon.core.main.ScriptEngine.runScriptAsRawText(ScriptEngine.java:119)
	at com.kms.katalon.core.main.TestCaseExecutor.runScript(TestCaseExecutor.java:328)
	at com.kms.katalon.core.main.TestCaseExecutor.doExecute(TestCaseExecutor.java:319)
	at com.kms.katalon.core.main.TestCaseExecutor.processExecutionPhase(TestCaseExecutor.java:298)
	at com.kms.katalon.core.main.TestCaseExecutor.accessMainPhase(TestCaseExecutor.java:290)
	at com.kms.katalon.core.main.TestCaseExecutor.execute(TestCaseExecutor.java:224)
	at com.kms.katalon.core.main.TestSuiteExecutor.accessTestCaseMainPhase(TestSuiteExecutor.java:129)
	at com.kms.katalon.core.main.TestSuiteExecutor.accessTestSuiteMainPhase(TestSuiteExecutor.java:112)
	at com.kms.katalon.core.main.TestSuiteExecutor.execute(TestSuiteExecutor.java:81)
	at com.kms.katalon.core.main.TestCaseMain.startTestSuite(TestCaseMain.java:149)
	at com.kms.katalon.core.main.TestCaseMain$startTestSuite$0.call(Unknown Source)
	at TempTestSuite1560802135767.run(TempTestSuite1560802135767.groovy:36)]]></system-err>
      </testcase>
      <testcase name="Test Cases/OCS - MOBILE/OCS- CRITICAL PATH/Cart page- decrease qty" classname="Test Cases/OCS - MOBILE/OCS- CRITICAL PATH/Cart page- decrease qty" status="FAILED">
         <failure type="FAILED" message="Test Cases/OCS - MOBILE/OCS- CRITICAL PATH/Cart page- decrease qty FAILED.
Reason:
com.kms.katalon.core.exception.StepFailedException: Unable to click on object 'Object Repository/OCS-MOBILE /Age gate and burger menu/Dried Flower_Plus icon' (Root cause: org.openqa.selenium.WebDriverException: unknown error: Element &lt;i class=&quot;icon icon--plus menu__tier-three__link--icon&quot;>&lt;/i> is not clickable at point (462, 120). Other element would receive the click: &lt;ul class=&quot;menu__learn-more--mobile only-mobile-tablet&quot;>...&lt;/ul>
  (Session info: chrome=75.0.3770.90)
  (Driver info: chromedriver=2.43.600229 (3fae4d0cda5334b4f533bede5a4787f7b832d052),platform=Mac OS X 10.13.6 x86_64) (WARNING: The server did not provide any stacktrace information)
Command duration or timeout: 0 milliseconds
Build info: version: '3.7.1', revision: '8a0099a', time: '2017-11-06T21:07:36.161Z'
System info: host: 'sumans-MacBook-Pro.local', ip: 'fe80:0:0:0:10f0:11f1:8277:c429%en0', os.name: 'Mac OS X', os.arch: 'x86_64', os.version: '10.13.6', java.version: '1.8.0_181'
Driver info: com.kms.katalon.selenium.driver.CChromeDriver
Capabilities {acceptInsecureCerts: false, acceptSslCerts: false, applicationCacheEnabled: false, browserConnectionEnabled: false, browserName: chrome, chrome: {chromedriverVersion: 2.43.600229 (3fae4d0cda5334..., userDataDir: /var/folders/1t/c55l8xzs6gq...}, cssSelectorsEnabled: true, databaseEnabled: false, goog:chromeOptions: {debuggerAddress: localhost:59364}, handlesAlerts: true, hasTouchScreen: false, javascriptEnabled: true, locationContextEnabled: true, mobileEmulationEnabled: false, nativeEvents: true, networkConnectionEnabled: false, pageLoadStrategy: normal, platform: MAC, platformName: MAC, rotatable: false, setWindowRect: true, takesHeapSnapshot: true, takesScreenshot: true, unexpectedAlertBehaviour: , unhandledPromptBehavior: , version: 75.0.3770.90, webStorageEnabled: true}
Session ID: 0388eef5bad43452e8a0700e72b91cb4)
	at com.kms.katalon.core.keyword.internal.KeywordMain.stepFailed(KeywordMain.groovy:36)
	at com.kms.katalon.core.webui.keyword.internal.WebUIKeywordMain.stepFailed(WebUIKeywordMain.groovy:65)
	at com.kms.katalon.core.webui.keyword.internal.WebUIKeywordMain.runKeyword(WebUIKeywordMain.groovy:27)
	at com.kms.katalon.core.webui.keyword.builtin.ClickKeyword.click(ClickKeyword.groovy:86)
	at com.kms.katalon.core.webui.keyword.builtin.ClickKeyword.execute(ClickKeyword.groovy:67)
	at com.kms.katalon.core.keyword.internal.KeywordExecutor.executeKeywordForPlatform(KeywordExecutor.groovy:53)
	at com.kms.katalon.core.webui.keyword.WebUiBuiltInKeywords.click(WebUiBuiltInKeywords.groovy:616)
	at com.kms.katalon.core.webui.keyword.WebUiBuiltInKeywords$click$4.call(Unknown Source)
	at Cart page- decrease qty.run(Cart page- decrease qty:29)
	at com.kms.katalon.core.main.ScriptEngine.run(ScriptEngine.java:194)
	at com.kms.katalon.core.main.ScriptEngine.runScriptAsRawText(ScriptEngine.java:119)
	at com.kms.katalon.core.main.TestCaseExecutor.runScript(TestCaseExecutor.java:328)
	at com.kms.katalon.core.main.TestCaseExecutor.doExecute(TestCaseExecutor.java:319)
	at com.kms.katalon.core.main.TestCaseExecutor.processExecutionPhase(TestCaseExecutor.java:298)
	at com.kms.katalon.core.main.TestCaseExecutor.accessMainPhase(TestCaseExecutor.java:290)
	at com.kms.katalon.core.main.TestCaseExecutor.execute(TestCaseExecutor.java:224)
	at com.kms.katalon.core.main.TestSuiteExecutor.accessTestCaseMainPhase(TestSuiteExecutor.java:129)
	at com.kms.katalon.core.main.TestSuiteExecutor.accessTestSuiteMainPhase(TestSuiteExecutor.java:112)
	at com.kms.katalon.core.main.TestSuiteExecutor.execute(TestSuiteExecutor.java:81)
	at com.kms.katalon.core.main.TestCaseMain.startTestSuite(TestCaseMain.java:149)
	at com.kms.katalon.core.main.TestCaseMain$startTestSuite$0.call(Unknown Source)
	at TempTestSuite1560802135767.run(TempTestSuite1560802135767.groovy:36)
"/>
         <system-out><![CDATA[2019-06-17 16:13:03 - [TEST_CASE][FAILED] - Test Cases/OCS - MOBILE/OCS- CRITICAL PATH/Cart page- decrease qty: Test Cases/OCS - MOBILE/OCS- CRITICAL PATH/Cart page- decrease qty FAILED.
Reason:
com.kms.katalon.core.exception.StepFailedException: Unable to click on object 'Object Repository/OCS-MOBILE /Age gate and burger menu/Dried Flower_Plus icon' (Root cause: org.openqa.selenium.WebDriverException: unknown error: Element <i class="icon icon--plus menu__tier-three__link--icon"></i> is not clickable at point (462, 120). Other element would receive the click: <ul class="menu__learn-more--mobile only-mobile-tablet">...</ul>
  (Session info: chrome=75.0.3770.90)
  (Driver info: chromedriver=2.43.600229 (3fae4d0cda5334b4f533bede5a4787f7b832d052),platform=Mac OS X 10.13.6 x86_64) (WARNING: The server did not provide any stacktrace information)
Command duration or timeout: 0 milliseconds
Build info: version: '3.7.1', revision: '8a0099a', time: '2017-11-06T21:07:36.161Z'
System info: host: 'sumans-MacBook-Pro.local', ip: 'fe80:0:0:0:10f0:11f1:8277:c429%en0', os.name: 'Mac OS X', os.arch: 'x86_64', os.version: '10.13.6', java.version: '1.8.0_181'
Driver info: com.kms.katalon.selenium.driver.CChromeDriver
Capabilities {acceptInsecureCerts: false, acceptSslCerts: false, applicationCacheEnabled: false, browserConnectionEnabled: false, browserName: chrome, chrome: {chromedriverVersion: 2.43.600229 (3fae4d0cda5334..., userDataDir: /var/folders/1t/c55l8xzs6gq...}, cssSelectorsEnabled: true, databaseEnabled: false, goog:chromeOptions: {debuggerAddress: localhost:59364}, handlesAlerts: true, hasTouchScreen: false, javascriptEnabled: true, locationContextEnabled: true, mobileEmulationEnabled: false, nativeEvents: true, networkConnectionEnabled: false, pageLoadStrategy: normal, platform: MAC, platformName: MAC, rotatable: false, setWindowRect: true, takesHeapSnapshot: true, takesScreenshot: true, unexpectedAlertBehaviour: , unhandledPromptBehavior: , version: 75.0.3770.90, webStorageEnabled: true}
Session ID: 0388eef5bad43452e8a0700e72b91cb4)
	at com.kms.katalon.core.keyword.internal.KeywordMain.stepFailed(KeywordMain.groovy:36)
	at com.kms.katalon.core.webui.keyword.internal.WebUIKeywordMain.stepFailed(WebUIKeywordMain.groovy:65)
	at com.kms.katalon.core.webui.keyword.internal.WebUIKeywordMain.runKeyword(WebUIKeywordMain.groovy:27)
	at com.kms.katalon.core.webui.keyword.builtin.ClickKeyword.click(ClickKeyword.groovy:86)
	at com.kms.katalon.core.webui.keyword.builtin.ClickKeyword.execute(ClickKeyword.groovy:67)
	at com.kms.katalon.core.keyword.internal.KeywordExecutor.executeKeywordForPlatform(KeywordExecutor.groovy:53)
	at com.kms.katalon.core.webui.keyword.WebUiBuiltInKeywords.click(WebUiBuiltInKeywords.groovy:616)
	at com.kms.katalon.core.webui.keyword.WebUiBuiltInKeywords$click$4.call(Unknown Source)
	at Cart page- decrease qty.run(Cart page- decrease qty:29)
	at com.kms.katalon.core.main.ScriptEngine.run(ScriptEngine.java:194)
	at com.kms.katalon.core.main.ScriptEngine.runScriptAsRawText(ScriptEngine.java:119)
	at com.kms.katalon.core.main.TestCaseExecutor.runScript(TestCaseExecutor.java:328)
	at com.kms.katalon.core.main.TestCaseExecutor.doExecute(TestCaseExecutor.java:319)
	at com.kms.katalon.core.main.TestCaseExecutor.processExecutionPhase(TestCaseExecutor.java:298)
	at com.kms.katalon.core.main.TestCaseExecutor.accessMainPhase(TestCaseExecutor.java:290)
	at com.kms.katalon.core.main.TestCaseExecutor.execute(TestCaseExecutor.java:224)
	at com.kms.katalon.core.main.TestSuiteExecutor.accessTestCaseMainPhase(TestSuiteExecutor.java:129)
	at com.kms.katalon.core.main.TestSuiteExecutor.accessTestSuiteMainPhase(TestSuiteExecutor.java:112)
	at com.kms.katalon.core.main.TestSuiteExecutor.execute(TestSuiteExecutor.java:81)
	at com.kms.katalon.core.main.TestCaseMain.startTestSuite(TestCaseMain.java:149)
	at com.kms.katalon.core.main.TestCaseMain$startTestSuite$0.call(Unknown Source)
	at TempTestSuite1560802135767.run(TempTestSuite1560802135767.groovy:36)


2019-06-17 16:13:04 - [TEST_STEP][PASSED] - callTestCase(findTestCase("OCS - MOBILE/CALL - AGE GATE"), [:], STOP_ON_FAILURE): Call Test Case 'Test Cases/OCS - MOBILE/CALL - AGE GATE' successfully

2019-06-17 16:13:04 - [TEST_CASE][PASSED] - Test Cases/OCS - MOBILE/CALL - AGE GATE: Test Cases/OCS - MOBILE/CALL - AGE GATE

2019-06-17 16:13:04 - [TEST_STEP][PASSED] - openBrowser(""): Browser is opened with url: ''

2019-06-17 16:13:04 - [MESSAGE][WARNING] - A browser is already opened. Closing browser and opening a new one

2019-06-17 16:13:04 - [MESSAGE][INFO] - Starting 'Chrome' driver

2019-06-17 16:13:05 - [MESSAGE][PASSED] - Browser is opened with url: ''

2019-06-17 16:13:05 - [TEST_STEP][PASSED] - navigateToUrl("https://ocs.ca/?fts=0&preview_theme_id=72920106828"): Navigate to 'https://ocs.ca/?fts=0&preview_theme_id=72920106828' successfully

2019-06-17 16:13:10 - [MESSAGE][PASSED] - Navigate to 'https://ocs.ca/?fts=0&preview_theme_id=72920106828' successfully

2019-06-17 16:13:10 - [TEST_STEP][PASSED] - executeJavaScript("var previewBar = document.getElementById("preview-bar-iframe"); previewBar.style.display = "none";", []): Execute JavaScript 'var previewBar = document.getElementById("preview-bar-iframe"); previewBar.style.display = "none";' successfully

2019-06-17 16:13:10 - [MESSAGE][PASSED] - Execute JavaScript 'var previewBar = document.getElementById("preview-bar-iframe"); previewBar.style.display = "none";' successfully

2019-06-17 16:13:10 - [TEST_STEP][PASSED] - setViewPortSize(360, 800): Viewport is set to new size with width = 360 and height = 800

2019-06-17 16:13:10 - [MESSAGE][PASSED] - Viewport is set to new size with width = 360 and height = 800

2019-06-17 16:13:10 - [TEST_STEP][PASSED] - delay(4): Delayed 4 second(s)

2019-06-17 16:13:14 - [MESSAGE][PASSED] - Delayed 4 second(s)

2019-06-17 16:13:14 - [TEST_STEP][PASSED] - selectOptionByValue(findTestObject("OCS-MOBILE /Age gate and burger menu/Date"), "12", true): All options with value '12' are selected in object 'Object Repository/OCS-MOBILE /Age gate and burger menu/Date'  using regular expression

2019-06-17 16:13:14 - [MESSAGE][PASSED] - All options with value '12' are selected in object 'Object Repository/OCS-MOBILE /Age gate and burger menu/Date'  using regular expression

2019-06-17 16:13:14 - [TEST_STEP][PASSED] - selectOptionByValue(findTestObject("OCS-MOBILE /Age gate and burger menu/month"), "6", true): All options with value '6' are selected in object 'Object Repository/OCS-MOBILE /Age gate and burger menu/month'  using regular expression

2019-06-17 16:13:14 - [MESSAGE][PASSED] - All options with value '6' are selected in object 'Object Repository/OCS-MOBILE /Age gate and burger menu/month'  using regular expression

2019-06-17 16:13:14 - [TEST_STEP][PASSED] - delay(2): Delayed 2 second(s)

2019-06-17 16:13:16 - [MESSAGE][PASSED] - Delayed 2 second(s)

2019-06-17 16:13:16 - [TEST_STEP][PASSED] - selectOptionByValue(findTestObject("OCS-MOBILE /Age gate and burger menu/Year Dropdown"), "1990", true): All options with value '1990' are selected in object 'Object Repository/OCS-MOBILE /Age gate and burger menu/Year Dropdown'  using regular expression

2019-06-17 16:13:17 - [MESSAGE][PASSED] - All options with value '1990' are selected in object 'Object Repository/OCS-MOBILE /Age gate and burger menu/Year Dropdown'  using regular expression

2019-06-17 16:13:17 - [TEST_STEP][PASSED] - click(findTestObject("OCS-MOBILE /Age gate and Mega menu/button_Verify")): Object: 'Object Repository/OCS-MOBILE /Age gate and Mega menu/button_Verify' is clicked on

2019-06-17 16:13:18 - [MESSAGE][PASSED] - Object: 'Object Repository/OCS-MOBILE /Age gate and Mega menu/button_Verify' is clicked on

2019-06-17 16:13:18 - [TEST_STEP][PASSED] - click(findTestObject("OCS-MOBILE /Age gate and Mega menu/Checkbox_CONFIRM AND ACKNOWLEDGE")): Object: 'Object Repository/OCS-MOBILE /Age gate and Mega menu/Checkbox_CONFIRM AND ACKNOWLEDGE' is clicked on

2019-06-17 16:13:18 - [MESSAGE][PASSED] - Object: 'Object Repository/OCS-MOBILE /Age gate and Mega menu/Checkbox_CONFIRM AND ACKNOWLEDGE' is clicked on

2019-06-17 16:13:18 - [TEST_STEP][PASSED] - click(findTestObject("OCS-MOBILE /Age gate and Mega menu/button_CONFIRM")): Object: 'Object Repository/OCS-MOBILE /Age gate and Mega menu/button_CONFIRM' is clicked on

2019-06-17 16:13:18 - [MESSAGE][PASSED] - Object: 'Object Repository/OCS-MOBILE /Age gate and Mega menu/button_CONFIRM' is clicked on

2019-06-17 16:13:18 - [TEST_STEP][PASSED] - click(findTestObject("OCS-MOBILE /Age gate and Mega menu/button_Start Browsing")): Object: 'Object Repository/OCS-MOBILE /Age gate and Mega menu/button_Start Browsing' is clicked on

2019-06-17 16:13:18 - [MESSAGE][PASSED] - Object: 'Object Repository/OCS-MOBILE /Age gate and Mega menu/button_Start Browsing' is clicked on

2019-06-17 16:13:18 - [TEST_STEP][PASSED] - refresh(): Refresh successfully

2019-06-17 16:13:18 - [MESSAGE][PASSED] - Refresh successfully

2019-06-17 16:13:18 - [MESSAGE][PASSED] - Call Test Case 'Test Cases/OCS - MOBILE/CALL - AGE GATE' successfully

2019-06-17 16:13:18 - [TEST_STEP][PASSED] - delay(2): Delayed 2 second(s)

2019-06-17 16:13:20 - [MESSAGE][PASSED] - Delayed 2 second(s)

2019-06-17 16:13:20 - [TEST_STEP][PASSED] - click(findTestObject("OCS-MOBILE /Age gate and burger menu/Burger menu - English")): Object: 'Object Repository/OCS-MOBILE /Age gate and burger menu/Burger menu - English' is clicked on

2019-06-17 16:13:22 - [MESSAGE][PASSED] - Object: 'Object Repository/OCS-MOBILE /Age gate and burger menu/Burger menu - English' is clicked on

2019-06-17 16:13:22 - [TEST_STEP][PASSED] - delay(2): Delayed 2 second(s)

2019-06-17 16:13:24 - [MESSAGE][PASSED] - Delayed 2 second(s)

2019-06-17 16:13:24 - [TEST_STEP][PASSED] - click(findTestObject("OCS-MOBILE /Age gate and burger menu/Chevron_Cannabis")): Object: 'Object Repository/OCS-MOBILE /Age gate and burger menu/Chevron_Cannabis' is clicked on

2019-06-17 16:13:24 - [MESSAGE][PASSED] - Object: 'Object Repository/OCS-MOBILE /Age gate and burger menu/Chevron_Cannabis' is clicked on

2019-06-17 16:13:24 - [TEST_STEP][PASSED] - delay(2): Delayed 2 second(s)

2019-06-17 16:13:26 - [MESSAGE][PASSED] - Delayed 2 second(s)

2019-06-17 16:13:26 - [TEST_STEP][FAILED] - click(findTestObject("OCS-MOBILE /Age gate and burger menu/Dried Flower_Plus icon")): click(findTestObject("OCS-MOBILE /Age gate and burger menu/Dried Flower_Plus icon")) FAILED.
Reason:
com.kms.katalon.core.exception.StepFailedException: Unable to click on object 'Object Repository/OCS-MOBILE /Age gate and burger menu/Dried Flower_Plus icon' (Root cause: org.openqa.selenium.WebDriverException: unknown error: Element <i class="icon icon--plus menu__tier-three__link--icon"></i> is not clickable at point (462, 120). Other element would receive the click: <ul class="menu__learn-more--mobile only-mobile-tablet">...</ul>
  (Session info: chrome=75.0.3770.90)
  (Driver info: chromedriver=2.43.600229 (3fae4d0cda5334b4f533bede5a4787f7b832d052),platform=Mac OS X 10.13.6 x86_64) (WARNING: The server did not provide any stacktrace information)
Command duration or timeout: 0 milliseconds
Build info: version: '3.7.1', revision: '8a0099a', time: '2017-11-06T21:07:36.161Z'
System info: host: 'sumans-MacBook-Pro.local', ip: 'fe80:0:0:0:10f0:11f1:8277:c429%en0', os.name: 'Mac OS X', os.arch: 'x86_64', os.version: '10.13.6', java.version: '1.8.0_181'
Driver info: com.kms.katalon.selenium.driver.CChromeDriver
Capabilities {acceptInsecureCerts: false, acceptSslCerts: false, applicationCacheEnabled: false, browserConnectionEnabled: false, browserName: chrome, chrome: {chromedriverVersion: 2.43.600229 (3fae4d0cda5334..., userDataDir: /var/folders/1t/c55l8xzs6gq...}, cssSelectorsEnabled: true, databaseEnabled: false, goog:chromeOptions: {debuggerAddress: localhost:59364}, handlesAlerts: true, hasTouchScreen: false, javascriptEnabled: true, locationContextEnabled: true, mobileEmulationEnabled: false, nativeEvents: true, networkConnectionEnabled: false, pageLoadStrategy: normal, platform: MAC, platformName: MAC, rotatable: false, setWindowRect: true, takesHeapSnapshot: true, takesScreenshot: true, unexpectedAlertBehaviour: , unhandledPromptBehavior: , version: 75.0.3770.90, webStorageEnabled: true}
Session ID: 0388eef5bad43452e8a0700e72b91cb4)
	at com.kms.katalon.core.keyword.internal.KeywordMain.stepFailed(KeywordMain.groovy:36)
	at com.kms.katalon.core.webui.keyword.internal.WebUIKeywordMain.stepFailed(WebUIKeywordMain.groovy:65)
	at com.kms.katalon.core.webui.keyword.internal.WebUIKeywordMain.runKeyword(WebUIKeywordMain.groovy:27)
	at com.kms.katalon.core.webui.keyword.builtin.ClickKeyword.click(ClickKeyword.groovy:86)
	at com.kms.katalon.core.webui.keyword.builtin.ClickKeyword.execute(ClickKeyword.groovy:67)
	at com.kms.katalon.core.keyword.internal.KeywordExecutor.executeKeywordForPlatform(KeywordExecutor.groovy:53)
	at com.kms.katalon.core.webui.keyword.WebUiBuiltInKeywords.click(WebUiBuiltInKeywords.groovy:616)
	at com.kms.katalon.core.webui.keyword.WebUiBuiltInKeywords$click$4.call(Unknown Source)
	at Cart page- decrease qty.run(Cart page- decrease qty:29)
	at com.kms.katalon.core.main.ScriptEngine.run(ScriptEngine.java:194)
	at com.kms.katalon.core.main.ScriptEngine.runScriptAsRawText(ScriptEngine.java:119)
	at com.kms.katalon.core.main.TestCaseExecutor.runScript(TestCaseExecutor.java:328)
	at com.kms.katalon.core.main.TestCaseExecutor.doExecute(TestCaseExecutor.java:319)
	at com.kms.katalon.core.main.TestCaseExecutor.processExecutionPhase(TestCaseExecutor.java:298)
	at com.kms.katalon.core.main.TestCaseExecutor.accessMainPhase(TestCaseExecutor.java:290)
	at com.kms.katalon.core.main.TestCaseExecutor.execute(TestCaseExecutor.java:224)
	at com.kms.katalon.core.main.TestSuiteExecutor.accessTestCaseMainPhase(TestSuiteExecutor.java:129)
	at com.kms.katalon.core.main.TestSuiteExecutor.accessTestSuiteMainPhase(TestSuiteExecutor.java:112)
	at com.kms.katalon.core.main.TestSuiteExecutor.execute(TestSuiteExecutor.java:81)
	at com.kms.katalon.core.main.TestCaseMain.startTestSuite(TestCaseMain.java:149)
	at com.kms.katalon.core.main.TestCaseMain$startTestSuite$0.call(Unknown Source)
	at TempTestSuite1560802135767.run(TempTestSuite1560802135767.groovy:36)


2019-06-17 16:13:26 - [MESSAGE][FAILED] - Unable to click on object 'Object Repository/OCS-MOBILE /Age gate and burger menu/Dried Flower_Plus icon' (Root cause: org.openqa.selenium.WebDriverException: unknown error: Element <i class="icon icon--plus menu__tier-three__link--icon"></i> is not clickable at point (462, 120). Other element would receive the click: <ul class="menu__learn-more--mobile only-mobile-tablet">...</ul>
  (Session info: chrome=75.0.3770.90)
  (Driver info: chromedriver=2.43.600229 (3fae4d0cda5334b4f533bede5a4787f7b832d052),platform=Mac OS X 10.13.6 x86_64) (WARNING: The server did not provide any stacktrace information)
Command duration or timeout: 0 milliseconds
Build info: version: '3.7.1', revision: '8a0099a', time: '2017-11-06T21:07:36.161Z'
System info: host: 'sumans-MacBook-Pro.local', ip: 'fe80:0:0:0:10f0:11f1:8277:c429%en0', os.name: 'Mac OS X', os.arch: 'x86_64', os.version: '10.13.6', java.version: '1.8.0_181'
Driver info: com.kms.katalon.selenium.driver.CChromeDriver
Capabilities {acceptInsecureCerts: false, acceptSslCerts: false, applicationCacheEnabled: false, browserConnectionEnabled: false, browserName: chrome, chrome: {chromedriverVersion: 2.43.600229 (3fae4d0cda5334..., userDataDir: /var/folders/1t/c55l8xzs6gq...}, cssSelectorsEnabled: true, databaseEnabled: false, goog:chromeOptions: {debuggerAddress: localhost:59364}, handlesAlerts: true, hasTouchScreen: false, javascriptEnabled: true, locationContextEnabled: true, mobileEmulationEnabled: false, nativeEvents: true, networkConnectionEnabled: false, pageLoadStrategy: normal, platform: MAC, platformName: MAC, rotatable: false, setWindowRect: true, takesHeapSnapshot: true, takesScreenshot: true, unexpectedAlertBehaviour: , unhandledPromptBehavior: , version: 75.0.3770.90, webStorageEnabled: true}
Session ID: 0388eef5bad43452e8a0700e72b91cb4)
[[ATTACHMENT|/Users/sumankompelly/Relative xpath-Mobile/Reports/OCS- 1.10.1/20190617_160855/1560802406373.png]]

2019-06-17 16:13:26 - [MESSAGE][FAILED] - click(findTestObject("OCS-MOBILE /Age gate and burger menu/Dried Flower_Plus icon")) FAILED.
Reason:
com.kms.katalon.core.exception.StepFailedException: Unable to click on object 'Object Repository/OCS-MOBILE /Age gate and burger menu/Dried Flower_Plus icon' (Root cause: org.openqa.selenium.WebDriverException: unknown error: Element <i class="icon icon--plus menu__tier-three__link--icon"></i> is not clickable at point (462, 120). Other element would receive the click: <ul class="menu__learn-more--mobile only-mobile-tablet">...</ul>
  (Session info: chrome=75.0.3770.90)
  (Driver info: chromedriver=2.43.600229 (3fae4d0cda5334b4f533bede5a4787f7b832d052),platform=Mac OS X 10.13.6 x86_64) (WARNING: The server did not provide any stacktrace information)
Command duration or timeout: 0 milliseconds
Build info: version: '3.7.1', revision: '8a0099a', time: '2017-11-06T21:07:36.161Z'
System info: host: 'sumans-MacBook-Pro.local', ip: 'fe80:0:0:0:10f0:11f1:8277:c429%en0', os.name: 'Mac OS X', os.arch: 'x86_64', os.version: '10.13.6', java.version: '1.8.0_181'
Driver info: com.kms.katalon.selenium.driver.CChromeDriver
Capabilities {acceptInsecureCerts: false, acceptSslCerts: false, applicationCacheEnabled: false, browserConnectionEnabled: false, browserName: chrome, chrome: {chromedriverVersion: 2.43.600229 (3fae4d0cda5334..., userDataDir: /var/folders/1t/c55l8xzs6gq...}, cssSelectorsEnabled: true, databaseEnabled: false, goog:chromeOptions: {debuggerAddress: localhost:59364}, handlesAlerts: true, hasTouchScreen: false, javascriptEnabled: true, locationContextEnabled: true, mobileEmulationEnabled: false, nativeEvents: true, networkConnectionEnabled: false, pageLoadStrategy: normal, platform: MAC, platformName: MAC, rotatable: false, setWindowRect: true, takesHeapSnapshot: true, takesScreenshot: true, unexpectedAlertBehaviour: , unhandledPromptBehavior: , version: 75.0.3770.90, webStorageEnabled: true}
Session ID: 0388eef5bad43452e8a0700e72b91cb4)
	at com.kms.katalon.core.keyword.internal.KeywordMain.stepFailed(KeywordMain.groovy:36)
	at com.kms.katalon.core.webui.keyword.internal.WebUIKeywordMain.stepFailed(WebUIKeywordMain.groovy:65)
	at com.kms.katalon.core.webui.keyword.internal.WebUIKeywordMain.runKeyword(WebUIKeywordMain.groovy:27)
	at com.kms.katalon.core.webui.keyword.builtin.ClickKeyword.click(ClickKeyword.groovy:86)
	at com.kms.katalon.core.webui.keyword.builtin.ClickKeyword.execute(ClickKeyword.groovy:67)
	at com.kms.katalon.core.keyword.internal.KeywordExecutor.executeKeywordForPlatform(KeywordExecutor.groovy:53)
	at com.kms.katalon.core.webui.keyword.WebUiBuiltInKeywords.click(WebUiBuiltInKeywords.groovy:616)
	at com.kms.katalon.core.webui.keyword.WebUiBuiltInKeywords$click$4.call(Unknown Source)
	at Cart page- decrease qty.run(Cart page- decrease qty:29)
	at com.kms.katalon.core.main.ScriptEngine.run(ScriptEngine.java:194)
	at com.kms.katalon.core.main.ScriptEngine.runScriptAsRawText(ScriptEngine.java:119)
	at com.kms.katalon.core.main.TestCaseExecutor.runScript(TestCaseExecutor.java:328)
	at com.kms.katalon.core.main.TestCaseExecutor.doExecute(TestCaseExecutor.java:319)
	at com.kms.katalon.core.main.TestCaseExecutor.processExecutionPhase(TestCaseExecutor.java:298)
	at com.kms.katalon.core.main.TestCaseExecutor.accessMainPhase(TestCaseExecutor.java:290)
	at com.kms.katalon.core.main.TestCaseExecutor.execute(TestCaseExecutor.java:224)
	at com.kms.katalon.core.main.TestSuiteExecutor.accessTestCaseMainPhase(TestSuiteExecutor.java:129)
	at com.kms.katalon.core.main.TestSuiteExecutor.accessTestSuiteMainPhase(TestSuiteExecutor.java:112)
	at com.kms.katalon.core.main.TestSuiteExecutor.execute(TestSuiteExecutor.java:81)
	at com.kms.katalon.core.main.TestCaseMain.startTestSuite(TestCaseMain.java:149)
	at com.kms.katalon.core.main.TestCaseMain$startTestSuite$0.call(Unknown Source)
	at TempTestSuite1560802135767.run(TempTestSuite1560802135767.groovy:36)]]></system-out>
         <system-err><![CDATA[2019-06-17 16:13:03 - [TEST_CASE][FAILED] - Test Cases/OCS - MOBILE/OCS- CRITICAL PATH/Cart page- decrease qty: Test Cases/OCS - MOBILE/OCS- CRITICAL PATH/Cart page- decrease qty FAILED.
Reason:
com.kms.katalon.core.exception.StepFailedException: Unable to click on object 'Object Repository/OCS-MOBILE /Age gate and burger menu/Dried Flower_Plus icon' (Root cause: org.openqa.selenium.WebDriverException: unknown error: Element <i class="icon icon--plus menu__tier-three__link--icon"></i> is not clickable at point (462, 120). Other element would receive the click: <ul class="menu__learn-more--mobile only-mobile-tablet">...</ul>
  (Session info: chrome=75.0.3770.90)
  (Driver info: chromedriver=2.43.600229 (3fae4d0cda5334b4f533bede5a4787f7b832d052),platform=Mac OS X 10.13.6 x86_64) (WARNING: The server did not provide any stacktrace information)
Command duration or timeout: 0 milliseconds
Build info: version: '3.7.1', revision: '8a0099a', time: '2017-11-06T21:07:36.161Z'
System info: host: 'sumans-MacBook-Pro.local', ip: 'fe80:0:0:0:10f0:11f1:8277:c429%en0', os.name: 'Mac OS X', os.arch: 'x86_64', os.version: '10.13.6', java.version: '1.8.0_181'
Driver info: com.kms.katalon.selenium.driver.CChromeDriver
Capabilities {acceptInsecureCerts: false, acceptSslCerts: false, applicationCacheEnabled: false, browserConnectionEnabled: false, browserName: chrome, chrome: {chromedriverVersion: 2.43.600229 (3fae4d0cda5334..., userDataDir: /var/folders/1t/c55l8xzs6gq...}, cssSelectorsEnabled: true, databaseEnabled: false, goog:chromeOptions: {debuggerAddress: localhost:59364}, handlesAlerts: true, hasTouchScreen: false, javascriptEnabled: true, locationContextEnabled: true, mobileEmulationEnabled: false, nativeEvents: true, networkConnectionEnabled: false, pageLoadStrategy: normal, platform: MAC, platformName: MAC, rotatable: false, setWindowRect: true, takesHeapSnapshot: true, takesScreenshot: true, unexpectedAlertBehaviour: , unhandledPromptBehavior: , version: 75.0.3770.90, webStorageEnabled: true}
Session ID: 0388eef5bad43452e8a0700e72b91cb4)
	at com.kms.katalon.core.keyword.internal.KeywordMain.stepFailed(KeywordMain.groovy:36)
	at com.kms.katalon.core.webui.keyword.internal.WebUIKeywordMain.stepFailed(WebUIKeywordMain.groovy:65)
	at com.kms.katalon.core.webui.keyword.internal.WebUIKeywordMain.runKeyword(WebUIKeywordMain.groovy:27)
	at com.kms.katalon.core.webui.keyword.builtin.ClickKeyword.click(ClickKeyword.groovy:86)
	at com.kms.katalon.core.webui.keyword.builtin.ClickKeyword.execute(ClickKeyword.groovy:67)
	at com.kms.katalon.core.keyword.internal.KeywordExecutor.executeKeywordForPlatform(KeywordExecutor.groovy:53)
	at com.kms.katalon.core.webui.keyword.WebUiBuiltInKeywords.click(WebUiBuiltInKeywords.groovy:616)
	at com.kms.katalon.core.webui.keyword.WebUiBuiltInKeywords$click$4.call(Unknown Source)
	at Cart page- decrease qty.run(Cart page- decrease qty:29)
	at com.kms.katalon.core.main.ScriptEngine.run(ScriptEngine.java:194)
	at com.kms.katalon.core.main.ScriptEngine.runScriptAsRawText(ScriptEngine.java:119)
	at com.kms.katalon.core.main.TestCaseExecutor.runScript(TestCaseExecutor.java:328)
	at com.kms.katalon.core.main.TestCaseExecutor.doExecute(TestCaseExecutor.java:319)
	at com.kms.katalon.core.main.TestCaseExecutor.processExecutionPhase(TestCaseExecutor.java:298)
	at com.kms.katalon.core.main.TestCaseExecutor.accessMainPhase(TestCaseExecutor.java:290)
	at com.kms.katalon.core.main.TestCaseExecutor.execute(TestCaseExecutor.java:224)
	at com.kms.katalon.core.main.TestSuiteExecutor.accessTestCaseMainPhase(TestSuiteExecutor.java:129)
	at com.kms.katalon.core.main.TestSuiteExecutor.accessTestSuiteMainPhase(TestSuiteExecutor.java:112)
	at com.kms.katalon.core.main.TestSuiteExecutor.execute(TestSuiteExecutor.java:81)
	at com.kms.katalon.core.main.TestCaseMain.startTestSuite(TestCaseMain.java:149)
	at com.kms.katalon.core.main.TestCaseMain$startTestSuite$0.call(Unknown Source)
	at TempTestSuite1560802135767.run(TempTestSuite1560802135767.groovy:36)]]></system-err>
      </testcase>
      <testcase name="Test Cases/OCS - MOBILE/OCS- CRITICAL PATH/cart page-increase qty" classname="Test Cases/OCS - MOBILE/OCS- CRITICAL PATH/cart page-increase qty" status="FAILED">
         <failure type="FAILED" message="Test Cases/OCS - MOBILE/OCS- CRITICAL PATH/cart page-increase qty FAILED.
Reason:
com.kms.katalon.core.exception.StepFailedException: Unable to click on object 'Object Repository/OCS-MOBILE /Age gate and burger menu/Dried Flower_Plus icon' (Root cause: org.openqa.selenium.WebDriverException: unknown error: Element &lt;i class=&quot;icon icon--plus menu__tier-three__link--icon&quot;>&lt;/i> is not clickable at point (462, 120). Other element would receive the click: &lt;ul class=&quot;menu__learn-more--mobile only-mobile-tablet&quot;>...&lt;/ul>
  (Session info: chrome=75.0.3770.90)
  (Driver info: chromedriver=2.43.600229 (3fae4d0cda5334b4f533bede5a4787f7b832d052),platform=Mac OS X 10.13.6 x86_64) (WARNING: The server did not provide any stacktrace information)
Command duration or timeout: 0 milliseconds
Build info: version: '3.7.1', revision: '8a0099a', time: '2017-11-06T21:07:36.161Z'
System info: host: 'sumans-MacBook-Pro.local', ip: 'fe80:0:0:0:10f0:11f1:8277:c429%en0', os.name: 'Mac OS X', os.arch: 'x86_64', os.version: '10.13.6', java.version: '1.8.0_181'
Driver info: com.kms.katalon.selenium.driver.CChromeDriver
Capabilities {acceptInsecureCerts: false, acceptSslCerts: false, applicationCacheEnabled: false, browserConnectionEnabled: false, browserName: chrome, chrome: {chromedriverVersion: 2.43.600229 (3fae4d0cda5334..., userDataDir: /var/folders/1t/c55l8xzs6gq...}, cssSelectorsEnabled: true, databaseEnabled: false, goog:chromeOptions: {debuggerAddress: localhost:59499}, handlesAlerts: true, hasTouchScreen: false, javascriptEnabled: true, locationContextEnabled: true, mobileEmulationEnabled: false, nativeEvents: true, networkConnectionEnabled: false, pageLoadStrategy: normal, platform: MAC, platformName: MAC, rotatable: false, setWindowRect: true, takesHeapSnapshot: true, takesScreenshot: true, unexpectedAlertBehaviour: , unhandledPromptBehavior: , version: 75.0.3770.90, webStorageEnabled: true}
Session ID: 0b5bbddc660c0087274d6859069a796f)
	at com.kms.katalon.core.keyword.internal.KeywordMain.stepFailed(KeywordMain.groovy:36)
	at com.kms.katalon.core.webui.keyword.internal.WebUIKeywordMain.stepFailed(WebUIKeywordMain.groovy:65)
	at com.kms.katalon.core.webui.keyword.internal.WebUIKeywordMain.runKeyword(WebUIKeywordMain.groovy:27)
	at com.kms.katalon.core.webui.keyword.builtin.ClickKeyword.click(ClickKeyword.groovy:86)
	at com.kms.katalon.core.webui.keyword.builtin.ClickKeyword.execute(ClickKeyword.groovy:67)
	at com.kms.katalon.core.keyword.internal.KeywordExecutor.executeKeywordForPlatform(KeywordExecutor.groovy:53)
	at com.kms.katalon.core.webui.keyword.WebUiBuiltInKeywords.click(WebUiBuiltInKeywords.groovy:616)
	at com.kms.katalon.core.webui.keyword.WebUiBuiltInKeywords$click$4.call(Unknown Source)
	at cart page-increase qty.run(cart page-increase qty:29)
	at com.kms.katalon.core.main.ScriptEngine.run(ScriptEngine.java:194)
	at com.kms.katalon.core.main.ScriptEngine.runScriptAsRawText(ScriptEngine.java:119)
	at com.kms.katalon.core.main.TestCaseExecutor.runScript(TestCaseExecutor.java:328)
	at com.kms.katalon.core.main.TestCaseExecutor.doExecute(TestCaseExecutor.java:319)
	at com.kms.katalon.core.main.TestCaseExecutor.processExecutionPhase(TestCaseExecutor.java:298)
	at com.kms.katalon.core.main.TestCaseExecutor.accessMainPhase(TestCaseExecutor.java:290)
	at com.kms.katalon.core.main.TestCaseExecutor.execute(TestCaseExecutor.java:224)
	at com.kms.katalon.core.main.TestSuiteExecutor.accessTestCaseMainPhase(TestSuiteExecutor.java:129)
	at com.kms.katalon.core.main.TestSuiteExecutor.accessTestSuiteMainPhase(TestSuiteExecutor.java:112)
	at com.kms.katalon.core.main.TestSuiteExecutor.execute(TestSuiteExecutor.java:81)
	at com.kms.katalon.core.main.TestCaseMain.startTestSuite(TestCaseMain.java:149)
	at com.kms.katalon.core.main.TestCaseMain$startTestSuite$0.call(Unknown Source)
	at TempTestSuite1560802135767.run(TempTestSuite1560802135767.groovy:36)
"/>
         <system-out><![CDATA[2019-06-17 16:13:26 - [TEST_CASE][FAILED] - Test Cases/OCS - MOBILE/OCS- CRITICAL PATH/cart page-increase qty: Test Cases/OCS - MOBILE/OCS- CRITICAL PATH/cart page-increase qty FAILED.
Reason:
com.kms.katalon.core.exception.StepFailedException: Unable to click on object 'Object Repository/OCS-MOBILE /Age gate and burger menu/Dried Flower_Plus icon' (Root cause: org.openqa.selenium.WebDriverException: unknown error: Element <i class="icon icon--plus menu__tier-three__link--icon"></i> is not clickable at point (462, 120). Other element would receive the click: <ul class="menu__learn-more--mobile only-mobile-tablet">...</ul>
  (Session info: chrome=75.0.3770.90)
  (Driver info: chromedriver=2.43.600229 (3fae4d0cda5334b4f533bede5a4787f7b832d052),platform=Mac OS X 10.13.6 x86_64) (WARNING: The server did not provide any stacktrace information)
Command duration or timeout: 0 milliseconds
Build info: version: '3.7.1', revision: '8a0099a', time: '2017-11-06T21:07:36.161Z'
System info: host: 'sumans-MacBook-Pro.local', ip: 'fe80:0:0:0:10f0:11f1:8277:c429%en0', os.name: 'Mac OS X', os.arch: 'x86_64', os.version: '10.13.6', java.version: '1.8.0_181'
Driver info: com.kms.katalon.selenium.driver.CChromeDriver
Capabilities {acceptInsecureCerts: false, acceptSslCerts: false, applicationCacheEnabled: false, browserConnectionEnabled: false, browserName: chrome, chrome: {chromedriverVersion: 2.43.600229 (3fae4d0cda5334..., userDataDir: /var/folders/1t/c55l8xzs6gq...}, cssSelectorsEnabled: true, databaseEnabled: false, goog:chromeOptions: {debuggerAddress: localhost:59499}, handlesAlerts: true, hasTouchScreen: false, javascriptEnabled: true, locationContextEnabled: true, mobileEmulationEnabled: false, nativeEvents: true, networkConnectionEnabled: false, pageLoadStrategy: normal, platform: MAC, platformName: MAC, rotatable: false, setWindowRect: true, takesHeapSnapshot: true, takesScreenshot: true, unexpectedAlertBehaviour: , unhandledPromptBehavior: , version: 75.0.3770.90, webStorageEnabled: true}
Session ID: 0b5bbddc660c0087274d6859069a796f)
	at com.kms.katalon.core.keyword.internal.KeywordMain.stepFailed(KeywordMain.groovy:36)
	at com.kms.katalon.core.webui.keyword.internal.WebUIKeywordMain.stepFailed(WebUIKeywordMain.groovy:65)
	at com.kms.katalon.core.webui.keyword.internal.WebUIKeywordMain.runKeyword(WebUIKeywordMain.groovy:27)
	at com.kms.katalon.core.webui.keyword.builtin.ClickKeyword.click(ClickKeyword.groovy:86)
	at com.kms.katalon.core.webui.keyword.builtin.ClickKeyword.execute(ClickKeyword.groovy:67)
	at com.kms.katalon.core.keyword.internal.KeywordExecutor.executeKeywordForPlatform(KeywordExecutor.groovy:53)
	at com.kms.katalon.core.webui.keyword.WebUiBuiltInKeywords.click(WebUiBuiltInKeywords.groovy:616)
	at com.kms.katalon.core.webui.keyword.WebUiBuiltInKeywords$click$4.call(Unknown Source)
	at cart page-increase qty.run(cart page-increase qty:29)
	at com.kms.katalon.core.main.ScriptEngine.run(ScriptEngine.java:194)
	at com.kms.katalon.core.main.ScriptEngine.runScriptAsRawText(ScriptEngine.java:119)
	at com.kms.katalon.core.main.TestCaseExecutor.runScript(TestCaseExecutor.java:328)
	at com.kms.katalon.core.main.TestCaseExecutor.doExecute(TestCaseExecutor.java:319)
	at com.kms.katalon.core.main.TestCaseExecutor.processExecutionPhase(TestCaseExecutor.java:298)
	at com.kms.katalon.core.main.TestCaseExecutor.accessMainPhase(TestCaseExecutor.java:290)
	at com.kms.katalon.core.main.TestCaseExecutor.execute(TestCaseExecutor.java:224)
	at com.kms.katalon.core.main.TestSuiteExecutor.accessTestCaseMainPhase(TestSuiteExecutor.java:129)
	at com.kms.katalon.core.main.TestSuiteExecutor.accessTestSuiteMainPhase(TestSuiteExecutor.java:112)
	at com.kms.katalon.core.main.TestSuiteExecutor.execute(TestSuiteExecutor.java:81)
	at com.kms.katalon.core.main.TestCaseMain.startTestSuite(TestCaseMain.java:149)
	at com.kms.katalon.core.main.TestCaseMain$startTestSuite$0.call(Unknown Source)
	at TempTestSuite1560802135767.run(TempTestSuite1560802135767.groovy:36)


2019-06-17 16:13:26 - [TEST_STEP][PASSED] - callTestCase(findTestCase("OCS - MOBILE/CALL - AGE GATE"), [:], STOP_ON_FAILURE): Call Test Case 'Test Cases/OCS - MOBILE/CALL - AGE GATE' successfully

2019-06-17 16:13:26 - [TEST_CASE][PASSED] - Test Cases/OCS - MOBILE/CALL - AGE GATE: Test Cases/OCS - MOBILE/CALL - AGE GATE

2019-06-17 16:13:26 - [TEST_STEP][PASSED] - openBrowser(""): Browser is opened with url: ''

2019-06-17 16:13:26 - [MESSAGE][WARNING] - A browser is already opened. Closing browser and opening a new one

2019-06-17 16:13:27 - [MESSAGE][INFO] - Starting 'Chrome' driver

2019-06-17 16:13:28 - [MESSAGE][PASSED] - Browser is opened with url: ''

2019-06-17 16:13:28 - [TEST_STEP][PASSED] - navigateToUrl("https://ocs.ca/?fts=0&preview_theme_id=72920106828"): Navigate to 'https://ocs.ca/?fts=0&preview_theme_id=72920106828' successfully

2019-06-17 16:13:33 - [MESSAGE][PASSED] - Navigate to 'https://ocs.ca/?fts=0&preview_theme_id=72920106828' successfully

2019-06-17 16:13:33 - [TEST_STEP][PASSED] - executeJavaScript("var previewBar = document.getElementById("preview-bar-iframe"); previewBar.style.display = "none";", []): Execute JavaScript 'var previewBar = document.getElementById("preview-bar-iframe"); previewBar.style.display = "none";' successfully

2019-06-17 16:13:33 - [MESSAGE][PASSED] - Execute JavaScript 'var previewBar = document.getElementById("preview-bar-iframe"); previewBar.style.display = "none";' successfully

2019-06-17 16:13:33 - [TEST_STEP][PASSED] - setViewPortSize(360, 800): Viewport is set to new size with width = 360 and height = 800

2019-06-17 16:13:33 - [MESSAGE][PASSED] - Viewport is set to new size with width = 360 and height = 800

2019-06-17 16:13:33 - [TEST_STEP][PASSED] - delay(4): Delayed 4 second(s)

2019-06-17 16:13:37 - [MESSAGE][PASSED] - Delayed 4 second(s)

2019-06-17 16:13:37 - [TEST_STEP][PASSED] - selectOptionByValue(findTestObject("OCS-MOBILE /Age gate and burger menu/Date"), "12", true): All options with value '12' are selected in object 'Object Repository/OCS-MOBILE /Age gate and burger menu/Date'  using regular expression

2019-06-17 16:13:38 - [MESSAGE][PASSED] - All options with value '12' are selected in object 'Object Repository/OCS-MOBILE /Age gate and burger menu/Date'  using regular expression

2019-06-17 16:13:38 - [TEST_STEP][PASSED] - selectOptionByValue(findTestObject("OCS-MOBILE /Age gate and burger menu/month"), "6", true): All options with value '6' are selected in object 'Object Repository/OCS-MOBILE /Age gate and burger menu/month'  using regular expression

2019-06-17 16:13:38 - [MESSAGE][PASSED] - All options with value '6' are selected in object 'Object Repository/OCS-MOBILE /Age gate and burger menu/month'  using regular expression

2019-06-17 16:13:38 - [TEST_STEP][PASSED] - delay(2): Delayed 2 second(s)

2019-06-17 16:13:40 - [MESSAGE][PASSED] - Delayed 2 second(s)

2019-06-17 16:13:40 - [TEST_STEP][PASSED] - selectOptionByValue(findTestObject("OCS-MOBILE /Age gate and burger menu/Year Dropdown"), "1990", true): All options with value '1990' are selected in object 'Object Repository/OCS-MOBILE /Age gate and burger menu/Year Dropdown'  using regular expression

2019-06-17 16:13:41 - [MESSAGE][PASSED] - All options with value '1990' are selected in object 'Object Repository/OCS-MOBILE /Age gate and burger menu/Year Dropdown'  using regular expression

2019-06-17 16:13:41 - [TEST_STEP][PASSED] - click(findTestObject("OCS-MOBILE /Age gate and Mega menu/button_Verify")): Object: 'Object Repository/OCS-MOBILE /Age gate and Mega menu/button_Verify' is clicked on

2019-06-17 16:13:41 - [MESSAGE][PASSED] - Object: 'Object Repository/OCS-MOBILE /Age gate and Mega menu/button_Verify' is clicked on

2019-06-17 16:13:41 - [TEST_STEP][PASSED] - click(findTestObject("OCS-MOBILE /Age gate and Mega menu/Checkbox_CONFIRM AND ACKNOWLEDGE")): Object: 'Object Repository/OCS-MOBILE /Age gate and Mega menu/Checkbox_CONFIRM AND ACKNOWLEDGE' is clicked on

2019-06-17 16:13:41 - [MESSAGE][PASSED] - Object: 'Object Repository/OCS-MOBILE /Age gate and Mega menu/Checkbox_CONFIRM AND ACKNOWLEDGE' is clicked on

2019-06-17 16:13:41 - [TEST_STEP][PASSED] - click(findTestObject("OCS-MOBILE /Age gate and Mega menu/button_CONFIRM")): Object: 'Object Repository/OCS-MOBILE /Age gate and Mega menu/button_CONFIRM' is clicked on

2019-06-17 16:13:41 - [MESSAGE][PASSED] - Object: 'Object Repository/OCS-MOBILE /Age gate and Mega menu/button_CONFIRM' is clicked on

2019-06-17 16:13:41 - [TEST_STEP][PASSED] - click(findTestObject("OCS-MOBILE /Age gate and Mega menu/button_Start Browsing")): Object: 'Object Repository/OCS-MOBILE /Age gate and Mega menu/button_Start Browsing' is clicked on

2019-06-17 16:13:41 - [MESSAGE][PASSED] - Object: 'Object Repository/OCS-MOBILE /Age gate and Mega menu/button_Start Browsing' is clicked on

2019-06-17 16:13:41 - [TEST_STEP][PASSED] - refresh(): Refresh successfully

2019-06-17 16:13:45 - [MESSAGE][PASSED] - Refresh successfully

2019-06-17 16:13:45 - [MESSAGE][PASSED] - Call Test Case 'Test Cases/OCS - MOBILE/CALL - AGE GATE' successfully

2019-06-17 16:13:45 - [TEST_STEP][PASSED] - delay(2): Delayed 2 second(s)

2019-06-17 16:13:47 - [MESSAGE][PASSED] - Delayed 2 second(s)

2019-06-17 16:13:47 - [TEST_STEP][PASSED] - click(findTestObject("OCS-MOBILE /Age gate and burger menu/Burger menu - English")): Object: 'Object Repository/OCS-MOBILE /Age gate and burger menu/Burger menu - English' is clicked on

2019-06-17 16:13:47 - [MESSAGE][PASSED] - Object: 'Object Repository/OCS-MOBILE /Age gate and burger menu/Burger menu - English' is clicked on

2019-06-17 16:13:47 - [TEST_STEP][PASSED] - delay(2): Delayed 2 second(s)

2019-06-17 16:13:49 - [MESSAGE][PASSED] - Delayed 2 second(s)

2019-06-17 16:13:49 - [TEST_STEP][PASSED] - click(findTestObject("OCS-MOBILE /Age gate and burger menu/Chevron_Cannabis")): Object: 'Object Repository/OCS-MOBILE /Age gate and burger menu/Chevron_Cannabis' is clicked on

2019-06-17 16:13:49 - [MESSAGE][PASSED] - Object: 'Object Repository/OCS-MOBILE /Age gate and burger menu/Chevron_Cannabis' is clicked on

2019-06-17 16:13:49 - [TEST_STEP][PASSED] - delay(2): Delayed 2 second(s)

2019-06-17 16:13:51 - [MESSAGE][PASSED] - Delayed 2 second(s)

2019-06-17 16:13:51 - [TEST_STEP][FAILED] - click(findTestObject("OCS-MOBILE /Age gate and burger menu/Dried Flower_Plus icon")): click(findTestObject("OCS-MOBILE /Age gate and burger menu/Dried Flower_Plus icon")) FAILED.
Reason:
com.kms.katalon.core.exception.StepFailedException: Unable to click on object 'Object Repository/OCS-MOBILE /Age gate and burger menu/Dried Flower_Plus icon' (Root cause: org.openqa.selenium.WebDriverException: unknown error: Element <i class="icon icon--plus menu__tier-three__link--icon"></i> is not clickable at point (462, 120). Other element would receive the click: <ul class="menu__learn-more--mobile only-mobile-tablet">...</ul>
  (Session info: chrome=75.0.3770.90)
  (Driver info: chromedriver=2.43.600229 (3fae4d0cda5334b4f533bede5a4787f7b832d052),platform=Mac OS X 10.13.6 x86_64) (WARNING: The server did not provide any stacktrace information)
Command duration or timeout: 0 milliseconds
Build info: version: '3.7.1', revision: '8a0099a', time: '2017-11-06T21:07:36.161Z'
System info: host: 'sumans-MacBook-Pro.local', ip: 'fe80:0:0:0:10f0:11f1:8277:c429%en0', os.name: 'Mac OS X', os.arch: 'x86_64', os.version: '10.13.6', java.version: '1.8.0_181'
Driver info: com.kms.katalon.selenium.driver.CChromeDriver
Capabilities {acceptInsecureCerts: false, acceptSslCerts: false, applicationCacheEnabled: false, browserConnectionEnabled: false, browserName: chrome, chrome: {chromedriverVersion: 2.43.600229 (3fae4d0cda5334..., userDataDir: /var/folders/1t/c55l8xzs6gq...}, cssSelectorsEnabled: true, databaseEnabled: false, goog:chromeOptions: {debuggerAddress: localhost:59499}, handlesAlerts: true, hasTouchScreen: false, javascriptEnabled: true, locationContextEnabled: true, mobileEmulationEnabled: false, nativeEvents: true, networkConnectionEnabled: false, pageLoadStrategy: normal, platform: MAC, platformName: MAC, rotatable: false, setWindowRect: true, takesHeapSnapshot: true, takesScreenshot: true, unexpectedAlertBehaviour: , unhandledPromptBehavior: , version: 75.0.3770.90, webStorageEnabled: true}
Session ID: 0b5bbddc660c0087274d6859069a796f)
	at com.kms.katalon.core.keyword.internal.KeywordMain.stepFailed(KeywordMain.groovy:36)
	at com.kms.katalon.core.webui.keyword.internal.WebUIKeywordMain.stepFailed(WebUIKeywordMain.groovy:65)
	at com.kms.katalon.core.webui.keyword.internal.WebUIKeywordMain.runKeyword(WebUIKeywordMain.groovy:27)
	at com.kms.katalon.core.webui.keyword.builtin.ClickKeyword.click(ClickKeyword.groovy:86)
	at com.kms.katalon.core.webui.keyword.builtin.ClickKeyword.execute(ClickKeyword.groovy:67)
	at com.kms.katalon.core.keyword.internal.KeywordExecutor.executeKeywordForPlatform(KeywordExecutor.groovy:53)
	at com.kms.katalon.core.webui.keyword.WebUiBuiltInKeywords.click(WebUiBuiltInKeywords.groovy:616)
	at com.kms.katalon.core.webui.keyword.WebUiBuiltInKeywords$click$4.call(Unknown Source)
	at cart page-increase qty.run(cart page-increase qty:29)
	at com.kms.katalon.core.main.ScriptEngine.run(ScriptEngine.java:194)
	at com.kms.katalon.core.main.ScriptEngine.runScriptAsRawText(ScriptEngine.java:119)
	at com.kms.katalon.core.main.TestCaseExecutor.runScript(TestCaseExecutor.java:328)
	at com.kms.katalon.core.main.TestCaseExecutor.doExecute(TestCaseExecutor.java:319)
	at com.kms.katalon.core.main.TestCaseExecutor.processExecutionPhase(TestCaseExecutor.java:298)
	at com.kms.katalon.core.main.TestCaseExecutor.accessMainPhase(TestCaseExecutor.java:290)
	at com.kms.katalon.core.main.TestCaseExecutor.execute(TestCaseExecutor.java:224)
	at com.kms.katalon.core.main.TestSuiteExecutor.accessTestCaseMainPhase(TestSuiteExecutor.java:129)
	at com.kms.katalon.core.main.TestSuiteExecutor.accessTestSuiteMainPhase(TestSuiteExecutor.java:112)
	at com.kms.katalon.core.main.TestSuiteExecutor.execute(TestSuiteExecutor.java:81)
	at com.kms.katalon.core.main.TestCaseMain.startTestSuite(TestCaseMain.java:149)
	at com.kms.katalon.core.main.TestCaseMain$startTestSuite$0.call(Unknown Source)
	at TempTestSuite1560802135767.run(TempTestSuite1560802135767.groovy:36)


2019-06-17 16:13:51 - [MESSAGE][FAILED] - Unable to click on object 'Object Repository/OCS-MOBILE /Age gate and burger menu/Dried Flower_Plus icon' (Root cause: org.openqa.selenium.WebDriverException: unknown error: Element <i class="icon icon--plus menu__tier-three__link--icon"></i> is not clickable at point (462, 120). Other element would receive the click: <ul class="menu__learn-more--mobile only-mobile-tablet">...</ul>
  (Session info: chrome=75.0.3770.90)
  (Driver info: chromedriver=2.43.600229 (3fae4d0cda5334b4f533bede5a4787f7b832d052),platform=Mac OS X 10.13.6 x86_64) (WARNING: The server did not provide any stacktrace information)
Command duration or timeout: 0 milliseconds
Build info: version: '3.7.1', revision: '8a0099a', time: '2017-11-06T21:07:36.161Z'
System info: host: 'sumans-MacBook-Pro.local', ip: 'fe80:0:0:0:10f0:11f1:8277:c429%en0', os.name: 'Mac OS X', os.arch: 'x86_64', os.version: '10.13.6', java.version: '1.8.0_181'
Driver info: com.kms.katalon.selenium.driver.CChromeDriver
Capabilities {acceptInsecureCerts: false, acceptSslCerts: false, applicationCacheEnabled: false, browserConnectionEnabled: false, browserName: chrome, chrome: {chromedriverVersion: 2.43.600229 (3fae4d0cda5334..., userDataDir: /var/folders/1t/c55l8xzs6gq...}, cssSelectorsEnabled: true, databaseEnabled: false, goog:chromeOptions: {debuggerAddress: localhost:59499}, handlesAlerts: true, hasTouchScreen: false, javascriptEnabled: true, locationContextEnabled: true, mobileEmulationEnabled: false, nativeEvents: true, networkConnectionEnabled: false, pageLoadStrategy: normal, platform: MAC, platformName: MAC, rotatable: false, setWindowRect: true, takesHeapSnapshot: true, takesScreenshot: true, unexpectedAlertBehaviour: , unhandledPromptBehavior: , version: 75.0.3770.90, webStorageEnabled: true}
Session ID: 0b5bbddc660c0087274d6859069a796f)
[[ATTACHMENT|/Users/sumankompelly/Relative xpath-Mobile/Reports/OCS- 1.10.1/20190617_160855/1560802431559.png]]

2019-06-17 16:13:51 - [MESSAGE][FAILED] - click(findTestObject("OCS-MOBILE /Age gate and burger menu/Dried Flower_Plus icon")) FAILED.
Reason:
com.kms.katalon.core.exception.StepFailedException: Unable to click on object 'Object Repository/OCS-MOBILE /Age gate and burger menu/Dried Flower_Plus icon' (Root cause: org.openqa.selenium.WebDriverException: unknown error: Element <i class="icon icon--plus menu__tier-three__link--icon"></i> is not clickable at point (462, 120). Other element would receive the click: <ul class="menu__learn-more--mobile only-mobile-tablet">...</ul>
  (Session info: chrome=75.0.3770.90)
  (Driver info: chromedriver=2.43.600229 (3fae4d0cda5334b4f533bede5a4787f7b832d052),platform=Mac OS X 10.13.6 x86_64) (WARNING: The server did not provide any stacktrace information)
Command duration or timeout: 0 milliseconds
Build info: version: '3.7.1', revision: '8a0099a', time: '2017-11-06T21:07:36.161Z'
System info: host: 'sumans-MacBook-Pro.local', ip: 'fe80:0:0:0:10f0:11f1:8277:c429%en0', os.name: 'Mac OS X', os.arch: 'x86_64', os.version: '10.13.6', java.version: '1.8.0_181'
Driver info: com.kms.katalon.selenium.driver.CChromeDriver
Capabilities {acceptInsecureCerts: false, acceptSslCerts: false, applicationCacheEnabled: false, browserConnectionEnabled: false, browserName: chrome, chrome: {chromedriverVersion: 2.43.600229 (3fae4d0cda5334..., userDataDir: /var/folders/1t/c55l8xzs6gq...}, cssSelectorsEnabled: true, databaseEnabled: false, goog:chromeOptions: {debuggerAddress: localhost:59499}, handlesAlerts: true, hasTouchScreen: false, javascriptEnabled: true, locationContextEnabled: true, mobileEmulationEnabled: false, nativeEvents: true, networkConnectionEnabled: false, pageLoadStrategy: normal, platform: MAC, platformName: MAC, rotatable: false, setWindowRect: true, takesHeapSnapshot: true, takesScreenshot: true, unexpectedAlertBehaviour: , unhandledPromptBehavior: , version: 75.0.3770.90, webStorageEnabled: true}
Session ID: 0b5bbddc660c0087274d6859069a796f)
	at com.kms.katalon.core.keyword.internal.KeywordMain.stepFailed(KeywordMain.groovy:36)
	at com.kms.katalon.core.webui.keyword.internal.WebUIKeywordMain.stepFailed(WebUIKeywordMain.groovy:65)
	at com.kms.katalon.core.webui.keyword.internal.WebUIKeywordMain.runKeyword(WebUIKeywordMain.groovy:27)
	at com.kms.katalon.core.webui.keyword.builtin.ClickKeyword.click(ClickKeyword.groovy:86)
	at com.kms.katalon.core.webui.keyword.builtin.ClickKeyword.execute(ClickKeyword.groovy:67)
	at com.kms.katalon.core.keyword.internal.KeywordExecutor.executeKeywordForPlatform(KeywordExecutor.groovy:53)
	at com.kms.katalon.core.webui.keyword.WebUiBuiltInKeywords.click(WebUiBuiltInKeywords.groovy:616)
	at com.kms.katalon.core.webui.keyword.WebUiBuiltInKeywords$click$4.call(Unknown Source)
	at cart page-increase qty.run(cart page-increase qty:29)
	at com.kms.katalon.core.main.ScriptEngine.run(ScriptEngine.java:194)
	at com.kms.katalon.core.main.ScriptEngine.runScriptAsRawText(ScriptEngine.java:119)
	at com.kms.katalon.core.main.TestCaseExecutor.runScript(TestCaseExecutor.java:328)
	at com.kms.katalon.core.main.TestCaseExecutor.doExecute(TestCaseExecutor.java:319)
	at com.kms.katalon.core.main.TestCaseExecutor.processExecutionPhase(TestCaseExecutor.java:298)
	at com.kms.katalon.core.main.TestCaseExecutor.accessMainPhase(TestCaseExecutor.java:290)
	at com.kms.katalon.core.main.TestCaseExecutor.execute(TestCaseExecutor.java:224)
	at com.kms.katalon.core.main.TestSuiteExecutor.accessTestCaseMainPhase(TestSuiteExecutor.java:129)
	at com.kms.katalon.core.main.TestSuiteExecutor.accessTestSuiteMainPhase(TestSuiteExecutor.java:112)
	at com.kms.katalon.core.main.TestSuiteExecutor.execute(TestSuiteExecutor.java:81)
	at com.kms.katalon.core.main.TestCaseMain.startTestSuite(TestCaseMain.java:149)
	at com.kms.katalon.core.main.TestCaseMain$startTestSuite$0.call(Unknown Source)
	at TempTestSuite1560802135767.run(TempTestSuite1560802135767.groovy:36)]]></system-out>
         <system-err><![CDATA[2019-06-17 16:13:26 - [TEST_CASE][FAILED] - Test Cases/OCS - MOBILE/OCS- CRITICAL PATH/cart page-increase qty: Test Cases/OCS - MOBILE/OCS- CRITICAL PATH/cart page-increase qty FAILED.
Reason:
com.kms.katalon.core.exception.StepFailedException: Unable to click on object 'Object Repository/OCS-MOBILE /Age gate and burger menu/Dried Flower_Plus icon' (Root cause: org.openqa.selenium.WebDriverException: unknown error: Element <i class="icon icon--plus menu__tier-three__link--icon"></i> is not clickable at point (462, 120). Other element would receive the click: <ul class="menu__learn-more--mobile only-mobile-tablet">...</ul>
  (Session info: chrome=75.0.3770.90)
  (Driver info: chromedriver=2.43.600229 (3fae4d0cda5334b4f533bede5a4787f7b832d052),platform=Mac OS X 10.13.6 x86_64) (WARNING: The server did not provide any stacktrace information)
Command duration or timeout: 0 milliseconds
Build info: version: '3.7.1', revision: '8a0099a', time: '2017-11-06T21:07:36.161Z'
System info: host: 'sumans-MacBook-Pro.local', ip: 'fe80:0:0:0:10f0:11f1:8277:c429%en0', os.name: 'Mac OS X', os.arch: 'x86_64', os.version: '10.13.6', java.version: '1.8.0_181'
Driver info: com.kms.katalon.selenium.driver.CChromeDriver
Capabilities {acceptInsecureCerts: false, acceptSslCerts: false, applicationCacheEnabled: false, browserConnectionEnabled: false, browserName: chrome, chrome: {chromedriverVersion: 2.43.600229 (3fae4d0cda5334..., userDataDir: /var/folders/1t/c55l8xzs6gq...}, cssSelectorsEnabled: true, databaseEnabled: false, goog:chromeOptions: {debuggerAddress: localhost:59499}, handlesAlerts: true, hasTouchScreen: false, javascriptEnabled: true, locationContextEnabled: true, mobileEmulationEnabled: false, nativeEvents: true, networkConnectionEnabled: false, pageLoadStrategy: normal, platform: MAC, platformName: MAC, rotatable: false, setWindowRect: true, takesHeapSnapshot: true, takesScreenshot: true, unexpectedAlertBehaviour: , unhandledPromptBehavior: , version: 75.0.3770.90, webStorageEnabled: true}
Session ID: 0b5bbddc660c0087274d6859069a796f)
	at com.kms.katalon.core.keyword.internal.KeywordMain.stepFailed(KeywordMain.groovy:36)
	at com.kms.katalon.core.webui.keyword.internal.WebUIKeywordMain.stepFailed(WebUIKeywordMain.groovy:65)
	at com.kms.katalon.core.webui.keyword.internal.WebUIKeywordMain.runKeyword(WebUIKeywordMain.groovy:27)
	at com.kms.katalon.core.webui.keyword.builtin.ClickKeyword.click(ClickKeyword.groovy:86)
	at com.kms.katalon.core.webui.keyword.builtin.ClickKeyword.execute(ClickKeyword.groovy:67)
	at com.kms.katalon.core.keyword.internal.KeywordExecutor.executeKeywordForPlatform(KeywordExecutor.groovy:53)
	at com.kms.katalon.core.webui.keyword.WebUiBuiltInKeywords.click(WebUiBuiltInKeywords.groovy:616)
	at com.kms.katalon.core.webui.keyword.WebUiBuiltInKeywords$click$4.call(Unknown Source)
	at cart page-increase qty.run(cart page-increase qty:29)
	at com.kms.katalon.core.main.ScriptEngine.run(ScriptEngine.java:194)
	at com.kms.katalon.core.main.ScriptEngine.runScriptAsRawText(ScriptEngine.java:119)
	at com.kms.katalon.core.main.TestCaseExecutor.runScript(TestCaseExecutor.java:328)
	at com.kms.katalon.core.main.TestCaseExecutor.doExecute(TestCaseExecutor.java:319)
	at com.kms.katalon.core.main.TestCaseExecutor.processExecutionPhase(TestCaseExecutor.java:298)
	at com.kms.katalon.core.main.TestCaseExecutor.accessMainPhase(TestCaseExecutor.java:290)
	at com.kms.katalon.core.main.TestCaseExecutor.execute(TestCaseExecutor.java:224)
	at com.kms.katalon.core.main.TestSuiteExecutor.accessTestCaseMainPhase(TestSuiteExecutor.java:129)
	at com.kms.katalon.core.main.TestSuiteExecutor.accessTestSuiteMainPhase(TestSuiteExecutor.java:112)
	at com.kms.katalon.core.main.TestSuiteExecutor.execute(TestSuiteExecutor.java:81)
	at com.kms.katalon.core.main.TestCaseMain.startTestSuite(TestCaseMain.java:149)
	at com.kms.katalon.core.main.TestCaseMain$startTestSuite$0.call(Unknown Source)
	at TempTestSuite1560802135767.run(TempTestSuite1560802135767.groovy:36)]]></system-err>
      </testcase>
      <testcase name="Test Cases/OCS - MOBILE/OCS- HOME PAGE/Toggling language" classname="Test Cases/OCS - MOBILE/OCS- HOME PAGE/Toggling language" status="FAILED">
         <failure type="FAILED" message="Test Cases/OCS - MOBILE/OCS- HOME PAGE/Toggling language FAILED.
Reason:
com.kms.katalon.core.exception.StepFailedException: Unable to click on object 'Object Repository/OCS-MOBILE /Cart flyout/English dropdown' (Root cause: org.openqa.selenium.ElementNotVisibleException: element not interactable
  (Session info: chrome=75.0.3770.90)
  (Driver info: chromedriver=2.43.600229 (3fae4d0cda5334b4f533bede5a4787f7b832d052),platform=Mac OS X 10.13.6 x86_64) (WARNING: The server did not provide any stacktrace information)
Command duration or timeout: 0 milliseconds
Build info: version: '3.7.1', revision: '8a0099a', time: '2017-11-06T21:07:36.161Z'
System info: host: 'sumans-MacBook-Pro.local', ip: 'fe80:0:0:0:10f0:11f1:8277:c429%en0', os.name: 'Mac OS X', os.arch: 'x86_64', os.version: '10.13.6', java.version: '1.8.0_181'
Driver info: com.kms.katalon.selenium.driver.CChromeDriver
Capabilities {acceptInsecureCerts: false, acceptSslCerts: false, applicationCacheEnabled: false, browserConnectionEnabled: false, browserName: chrome, chrome: {chromedriverVersion: 2.43.600229 (3fae4d0cda5334..., userDataDir: /var/folders/1t/c55l8xzs6gq...}, cssSelectorsEnabled: true, databaseEnabled: false, goog:chromeOptions: {debuggerAddress: localhost:59642}, handlesAlerts: true, hasTouchScreen: false, javascriptEnabled: true, locationContextEnabled: true, mobileEmulationEnabled: false, nativeEvents: true, networkConnectionEnabled: false, pageLoadStrategy: normal, platform: MAC, platformName: MAC, rotatable: false, setWindowRect: true, takesHeapSnapshot: true, takesScreenshot: true, unexpectedAlertBehaviour: , unhandledPromptBehavior: , version: 75.0.3770.90, webStorageEnabled: true}
Session ID: a8b9529b10502b64748c89b972108a9f)
	at com.kms.katalon.core.keyword.internal.KeywordMain.stepFailed(KeywordMain.groovy:36)
	at com.kms.katalon.core.webui.keyword.internal.WebUIKeywordMain.stepFailed(WebUIKeywordMain.groovy:65)
	at com.kms.katalon.core.webui.keyword.internal.WebUIKeywordMain.runKeyword(WebUIKeywordMain.groovy:27)
	at com.kms.katalon.core.webui.keyword.builtin.ClickKeyword.click(ClickKeyword.groovy:86)
	at com.kms.katalon.core.webui.keyword.builtin.ClickKeyword.execute(ClickKeyword.groovy:67)
	at com.kms.katalon.core.keyword.internal.KeywordExecutor.executeKeywordForPlatform(KeywordExecutor.groovy:53)
	at com.kms.katalon.core.webui.keyword.WebUiBuiltInKeywords.click(WebUiBuiltInKeywords.groovy:616)
	at com.kms.katalon.core.webui.keyword.WebUiBuiltInKeywords$click$4.call(Unknown Source)
	at Toggling language.run(Toggling language:26)
	at com.kms.katalon.core.main.ScriptEngine.run(ScriptEngine.java:194)
	at com.kms.katalon.core.main.ScriptEngine.runScriptAsRawText(ScriptEngine.java:119)
	at com.kms.katalon.core.main.TestCaseExecutor.runScript(TestCaseExecutor.java:328)
	at com.kms.katalon.core.main.TestCaseExecutor.doExecute(TestCaseExecutor.java:319)
	at com.kms.katalon.core.main.TestCaseExecutor.processExecutionPhase(TestCaseExecutor.java:298)
	at com.kms.katalon.core.main.TestCaseExecutor.accessMainPhase(TestCaseExecutor.java:290)
	at com.kms.katalon.core.main.TestCaseExecutor.execute(TestCaseExecutor.java:224)
	at com.kms.katalon.core.main.TestSuiteExecutor.accessTestCaseMainPhase(TestSuiteExecutor.java:129)
	at com.kms.katalon.core.main.TestSuiteExecutor.accessTestSuiteMainPhase(TestSuiteExecutor.java:112)
	at com.kms.katalon.core.main.TestSuiteExecutor.execute(TestSuiteExecutor.java:81)
	at com.kms.katalon.core.main.TestCaseMain.startTestSuite(TestCaseMain.java:149)
	at com.kms.katalon.core.main.TestCaseMain$startTestSuite$0.call(Unknown Source)
	at TempTestSuite1560802135767.run(TempTestSuite1560802135767.groovy:36)
"/>
         <system-out><![CDATA[2019-06-17 16:13:51 - [TEST_CASE][FAILED] - Test Cases/OCS - MOBILE/OCS- HOME PAGE/Toggling language: Test Cases/OCS - MOBILE/OCS- HOME PAGE/Toggling language FAILED.
Reason:
com.kms.katalon.core.exception.StepFailedException: Unable to click on object 'Object Repository/OCS-MOBILE /Cart flyout/English dropdown' (Root cause: org.openqa.selenium.ElementNotVisibleException: element not interactable
  (Session info: chrome=75.0.3770.90)
  (Driver info: chromedriver=2.43.600229 (3fae4d0cda5334b4f533bede5a4787f7b832d052),platform=Mac OS X 10.13.6 x86_64) (WARNING: The server did not provide any stacktrace information)
Command duration or timeout: 0 milliseconds
Build info: version: '3.7.1', revision: '8a0099a', time: '2017-11-06T21:07:36.161Z'
System info: host: 'sumans-MacBook-Pro.local', ip: 'fe80:0:0:0:10f0:11f1:8277:c429%en0', os.name: 'Mac OS X', os.arch: 'x86_64', os.version: '10.13.6', java.version: '1.8.0_181'
Driver info: com.kms.katalon.selenium.driver.CChromeDriver
Capabilities {acceptInsecureCerts: false, acceptSslCerts: false, applicationCacheEnabled: false, browserConnectionEnabled: false, browserName: chrome, chrome: {chromedriverVersion: 2.43.600229 (3fae4d0cda5334..., userDataDir: /var/folders/1t/c55l8xzs6gq...}, cssSelectorsEnabled: true, databaseEnabled: false, goog:chromeOptions: {debuggerAddress: localhost:59642}, handlesAlerts: true, hasTouchScreen: false, javascriptEnabled: true, locationContextEnabled: true, mobileEmulationEnabled: false, nativeEvents: true, networkConnectionEnabled: false, pageLoadStrategy: normal, platform: MAC, platformName: MAC, rotatable: false, setWindowRect: true, takesHeapSnapshot: true, takesScreenshot: true, unexpectedAlertBehaviour: , unhandledPromptBehavior: , version: 75.0.3770.90, webStorageEnabled: true}
Session ID: a8b9529b10502b64748c89b972108a9f)
	at com.kms.katalon.core.keyword.internal.KeywordMain.stepFailed(KeywordMain.groovy:36)
	at com.kms.katalon.core.webui.keyword.internal.WebUIKeywordMain.stepFailed(WebUIKeywordMain.groovy:65)
	at com.kms.katalon.core.webui.keyword.internal.WebUIKeywordMain.runKeyword(WebUIKeywordMain.groovy:27)
	at com.kms.katalon.core.webui.keyword.builtin.ClickKeyword.click(ClickKeyword.groovy:86)
	at com.kms.katalon.core.webui.keyword.builtin.ClickKeyword.execute(ClickKeyword.groovy:67)
	at com.kms.katalon.core.keyword.internal.KeywordExecutor.executeKeywordForPlatform(KeywordExecutor.groovy:53)
	at com.kms.katalon.core.webui.keyword.WebUiBuiltInKeywords.click(WebUiBuiltInKeywords.groovy:616)
	at com.kms.katalon.core.webui.keyword.WebUiBuiltInKeywords$click$4.call(Unknown Source)
	at Toggling language.run(Toggling language:26)
	at com.kms.katalon.core.main.ScriptEngine.run(ScriptEngine.java:194)
	at com.kms.katalon.core.main.ScriptEngine.runScriptAsRawText(ScriptEngine.java:119)
	at com.kms.katalon.core.main.TestCaseExecutor.runScript(TestCaseExecutor.java:328)
	at com.kms.katalon.core.main.TestCaseExecutor.doExecute(TestCaseExecutor.java:319)
	at com.kms.katalon.core.main.TestCaseExecutor.processExecutionPhase(TestCaseExecutor.java:298)
	at com.kms.katalon.core.main.TestCaseExecutor.accessMainPhase(TestCaseExecutor.java:290)
	at com.kms.katalon.core.main.TestCaseExecutor.execute(TestCaseExecutor.java:224)
	at com.kms.katalon.core.main.TestSuiteExecutor.accessTestCaseMainPhase(TestSuiteExecutor.java:129)
	at com.kms.katalon.core.main.TestSuiteExecutor.accessTestSuiteMainPhase(TestSuiteExecutor.java:112)
	at com.kms.katalon.core.main.TestSuiteExecutor.execute(TestSuiteExecutor.java:81)
	at com.kms.katalon.core.main.TestCaseMain.startTestSuite(TestCaseMain.java:149)
	at com.kms.katalon.core.main.TestCaseMain$startTestSuite$0.call(Unknown Source)
	at TempTestSuite1560802135767.run(TempTestSuite1560802135767.groovy:36)


2019-06-17 16:13:51 - [TEST_STEP][PASSED] - callTestCase(findTestCase("OCS - MOBILE/CALL - AGE GATE"), [:], STOP_ON_FAILURE): Call Test Case 'Test Cases/OCS - MOBILE/CALL - AGE GATE' successfully

2019-06-17 16:13:52 - [TEST_CASE][PASSED] - Test Cases/OCS - MOBILE/CALL - AGE GATE: Test Cases/OCS - MOBILE/CALL - AGE GATE

2019-06-17 16:13:52 - [TEST_STEP][PASSED] - openBrowser(""): Browser is opened with url: ''

2019-06-17 16:13:52 - [MESSAGE][WARNING] - A browser is already opened. Closing browser and opening a new one

2019-06-17 16:13:52 - [MESSAGE][INFO] - Starting 'Chrome' driver

2019-06-17 16:13:53 - [MESSAGE][PASSED] - Browser is opened with url: ''

2019-06-17 16:13:53 - [TEST_STEP][PASSED] - navigateToUrl("https://ocs.ca/?fts=0&preview_theme_id=72920106828"): Navigate to 'https://ocs.ca/?fts=0&preview_theme_id=72920106828' successfully

2019-06-17 16:13:59 - [MESSAGE][PASSED] - Navigate to 'https://ocs.ca/?fts=0&preview_theme_id=72920106828' successfully

2019-06-17 16:13:59 - [TEST_STEP][PASSED] - executeJavaScript("var previewBar = document.getElementById("preview-bar-iframe"); previewBar.style.display = "none";", []): Execute JavaScript 'var previewBar = document.getElementById("preview-bar-iframe"); previewBar.style.display = "none";' successfully

2019-06-17 16:13:59 - [MESSAGE][PASSED] - Execute JavaScript 'var previewBar = document.getElementById("preview-bar-iframe"); previewBar.style.display = "none";' successfully

2019-06-17 16:13:59 - [TEST_STEP][PASSED] - setViewPortSize(360, 800): Viewport is set to new size with width = 360 and height = 800

2019-06-17 16:13:59 - [MESSAGE][PASSED] - Viewport is set to new size with width = 360 and height = 800

2019-06-17 16:13:59 - [TEST_STEP][PASSED] - delay(4): Delayed 4 second(s)

2019-06-17 16:14:03 - [MESSAGE][PASSED] - Delayed 4 second(s)

2019-06-17 16:14:03 - [TEST_STEP][PASSED] - selectOptionByValue(findTestObject("OCS-MOBILE /Age gate and burger menu/Date"), "12", true): All options with value '12' are selected in object 'Object Repository/OCS-MOBILE /Age gate and burger menu/Date'  using regular expression

2019-06-17 16:14:03 - [MESSAGE][PASSED] - All options with value '12' are selected in object 'Object Repository/OCS-MOBILE /Age gate and burger menu/Date'  using regular expression

2019-06-17 16:14:03 - [TEST_STEP][PASSED] - selectOptionByValue(findTestObject("OCS-MOBILE /Age gate and burger menu/month"), "6", true): All options with value '6' are selected in object 'Object Repository/OCS-MOBILE /Age gate and burger menu/month'  using regular expression

2019-06-17 16:14:03 - [MESSAGE][PASSED] - All options with value '6' are selected in object 'Object Repository/OCS-MOBILE /Age gate and burger menu/month'  using regular expression

2019-06-17 16:14:03 - [TEST_STEP][PASSED] - delay(2): Delayed 2 second(s)

2019-06-17 16:14:05 - [MESSAGE][PASSED] - Delayed 2 second(s)

2019-06-17 16:14:05 - [TEST_STEP][PASSED] - selectOptionByValue(findTestObject("OCS-MOBILE /Age gate and burger menu/Year Dropdown"), "1990", true): All options with value '1990' are selected in object 'Object Repository/OCS-MOBILE /Age gate and burger menu/Year Dropdown'  using regular expression

2019-06-17 16:14:06 - [MESSAGE][PASSED] - All options with value '1990' are selected in object 'Object Repository/OCS-MOBILE /Age gate and burger menu/Year Dropdown'  using regular expression

2019-06-17 16:14:06 - [TEST_STEP][PASSED] - click(findTestObject("OCS-MOBILE /Age gate and Mega menu/button_Verify")): Object: 'Object Repository/OCS-MOBILE /Age gate and Mega menu/button_Verify' is clicked on

2019-06-17 16:14:06 - [MESSAGE][PASSED] - Object: 'Object Repository/OCS-MOBILE /Age gate and Mega menu/button_Verify' is clicked on

2019-06-17 16:14:06 - [TEST_STEP][PASSED] - click(findTestObject("OCS-MOBILE /Age gate and Mega menu/Checkbox_CONFIRM AND ACKNOWLEDGE")): Object: 'Object Repository/OCS-MOBILE /Age gate and Mega menu/Checkbox_CONFIRM AND ACKNOWLEDGE' is clicked on

2019-06-17 16:14:06 - [MESSAGE][PASSED] - Object: 'Object Repository/OCS-MOBILE /Age gate and Mega menu/Checkbox_CONFIRM AND ACKNOWLEDGE' is clicked on

2019-06-17 16:14:06 - [TEST_STEP][PASSED] - click(findTestObject("OCS-MOBILE /Age gate and Mega menu/button_CONFIRM")): Object: 'Object Repository/OCS-MOBILE /Age gate and Mega menu/button_CONFIRM' is clicked on

2019-06-17 16:14:07 - [MESSAGE][PASSED] - Object: 'Object Repository/OCS-MOBILE /Age gate and Mega menu/button_CONFIRM' is clicked on

2019-06-17 16:14:07 - [TEST_STEP][PASSED] - click(findTestObject("OCS-MOBILE /Age gate and Mega menu/button_Start Browsing")): Object: 'Object Repository/OCS-MOBILE /Age gate and Mega menu/button_Start Browsing' is clicked on

2019-06-17 16:14:07 - [MESSAGE][PASSED] - Object: 'Object Repository/OCS-MOBILE /Age gate and Mega menu/button_Start Browsing' is clicked on

2019-06-17 16:14:07 - [TEST_STEP][PASSED] - refresh(): Refresh successfully

2019-06-17 16:14:10 - [MESSAGE][PASSED] - Refresh successfully

2019-06-17 16:14:10 - [MESSAGE][PASSED] - Call Test Case 'Test Cases/OCS - MOBILE/CALL - AGE GATE' successfully

2019-06-17 16:14:10 - [TEST_STEP][PASSED] - delay(2): Delayed 2 second(s)

2019-06-17 16:14:12 - [MESSAGE][PASSED] - Delayed 2 second(s)

2019-06-17 16:14:12 - [TEST_STEP][PASSED] - refresh(): Refresh successfully

2019-06-17 16:14:14 - [MESSAGE][PASSED] - Refresh successfully

2019-06-17 16:14:14 - [TEST_STEP][PASSED] - click(findTestObject("OCS-MOBILE /Age gate and burger menu/Burger menu - English")): Object: 'Object Repository/OCS-MOBILE /Age gate and burger menu/Burger menu - English' is clicked on

2019-06-17 16:14:14 - [MESSAGE][PASSED] - Object: 'Object Repository/OCS-MOBILE /Age gate and burger menu/Burger menu - English' is clicked on

2019-06-17 16:14:14 - [TEST_STEP][PASSED] - delay(2): Delayed 2 second(s)

2019-06-17 16:14:16 - [MESSAGE][PASSED] - Delayed 2 second(s)

2019-06-17 16:14:16 - [TEST_STEP][FAILED] - click(findTestObject("OCS-MOBILE /Cart flyout/English dropdown")): click(findTestObject("OCS-MOBILE /Cart flyout/English dropdown")) FAILED.
Reason:
com.kms.katalon.core.exception.StepFailedException: Unable to click on object 'Object Repository/OCS-MOBILE /Cart flyout/English dropdown' (Root cause: org.openqa.selenium.ElementNotVisibleException: element not interactable
  (Session info: chrome=75.0.3770.90)
  (Driver info: chromedriver=2.43.600229 (3fae4d0cda5334b4f533bede5a4787f7b832d052),platform=Mac OS X 10.13.6 x86_64) (WARNING: The server did not provide any stacktrace information)
Command duration or timeout: 0 milliseconds
Build info: version: '3.7.1', revision: '8a0099a', time: '2017-11-06T21:07:36.161Z'
System info: host: 'sumans-MacBook-Pro.local', ip: 'fe80:0:0:0:10f0:11f1:8277:c429%en0', os.name: 'Mac OS X', os.arch: 'x86_64', os.version: '10.13.6', java.version: '1.8.0_181'
Driver info: com.kms.katalon.selenium.driver.CChromeDriver
Capabilities {acceptInsecureCerts: false, acceptSslCerts: false, applicationCacheEnabled: false, browserConnectionEnabled: false, browserName: chrome, chrome: {chromedriverVersion: 2.43.600229 (3fae4d0cda5334..., userDataDir: /var/folders/1t/c55l8xzs6gq...}, cssSelectorsEnabled: true, databaseEnabled: false, goog:chromeOptions: {debuggerAddress: localhost:59642}, handlesAlerts: true, hasTouchScreen: false, javascriptEnabled: true, locationContextEnabled: true, mobileEmulationEnabled: false, nativeEvents: true, networkConnectionEnabled: false, pageLoadStrategy: normal, platform: MAC, platformName: MAC, rotatable: false, setWindowRect: true, takesHeapSnapshot: true, takesScreenshot: true, unexpectedAlertBehaviour: , unhandledPromptBehavior: , version: 75.0.3770.90, webStorageEnabled: true}
Session ID: a8b9529b10502b64748c89b972108a9f)
	at com.kms.katalon.core.keyword.internal.KeywordMain.stepFailed(KeywordMain.groovy:36)
	at com.kms.katalon.core.webui.keyword.internal.WebUIKeywordMain.stepFailed(WebUIKeywordMain.groovy:65)
	at com.kms.katalon.core.webui.keyword.internal.WebUIKeywordMain.runKeyword(WebUIKeywordMain.groovy:27)
	at com.kms.katalon.core.webui.keyword.builtin.ClickKeyword.click(ClickKeyword.groovy:86)
	at com.kms.katalon.core.webui.keyword.builtin.ClickKeyword.execute(ClickKeyword.groovy:67)
	at com.kms.katalon.core.keyword.internal.KeywordExecutor.executeKeywordForPlatform(KeywordExecutor.groovy:53)
	at com.kms.katalon.core.webui.keyword.WebUiBuiltInKeywords.click(WebUiBuiltInKeywords.groovy:616)
	at com.kms.katalon.core.webui.keyword.WebUiBuiltInKeywords$click$4.call(Unknown Source)
	at Toggling language.run(Toggling language:26)
	at com.kms.katalon.core.main.ScriptEngine.run(ScriptEngine.java:194)
	at com.kms.katalon.core.main.ScriptEngine.runScriptAsRawText(ScriptEngine.java:119)
	at com.kms.katalon.core.main.TestCaseExecutor.runScript(TestCaseExecutor.java:328)
	at com.kms.katalon.core.main.TestCaseExecutor.doExecute(TestCaseExecutor.java:319)
	at com.kms.katalon.core.main.TestCaseExecutor.processExecutionPhase(TestCaseExecutor.java:298)
	at com.kms.katalon.core.main.TestCaseExecutor.accessMainPhase(TestCaseExecutor.java:290)
	at com.kms.katalon.core.main.TestCaseExecutor.execute(TestCaseExecutor.java:224)
	at com.kms.katalon.core.main.TestSuiteExecutor.accessTestCaseMainPhase(TestSuiteExecutor.java:129)
	at com.kms.katalon.core.main.TestSuiteExecutor.accessTestSuiteMainPhase(TestSuiteExecutor.java:112)
	at com.kms.katalon.core.main.TestSuiteExecutor.execute(TestSuiteExecutor.java:81)
	at com.kms.katalon.core.main.TestCaseMain.startTestSuite(TestCaseMain.java:149)
	at com.kms.katalon.core.main.TestCaseMain$startTestSuite$0.call(Unknown Source)
	at TempTestSuite1560802135767.run(TempTestSuite1560802135767.groovy:36)


2019-06-17 16:14:17 - [MESSAGE][FAILED] - Unable to click on object 'Object Repository/OCS-MOBILE /Cart flyout/English dropdown' (Root cause: org.openqa.selenium.ElementNotVisibleException: element not interactable
  (Session info: chrome=75.0.3770.90)
  (Driver info: chromedriver=2.43.600229 (3fae4d0cda5334b4f533bede5a4787f7b832d052),platform=Mac OS X 10.13.6 x86_64) (WARNING: The server did not provide any stacktrace information)
Command duration or timeout: 0 milliseconds
Build info: version: '3.7.1', revision: '8a0099a', time: '2017-11-06T21:07:36.161Z'
System info: host: 'sumans-MacBook-Pro.local', ip: 'fe80:0:0:0:10f0:11f1:8277:c429%en0', os.name: 'Mac OS X', os.arch: 'x86_64', os.version: '10.13.6', java.version: '1.8.0_181'
Driver info: com.kms.katalon.selenium.driver.CChromeDriver
Capabilities {acceptInsecureCerts: false, acceptSslCerts: false, applicationCacheEnabled: false, browserConnectionEnabled: false, browserName: chrome, chrome: {chromedriverVersion: 2.43.600229 (3fae4d0cda5334..., userDataDir: /var/folders/1t/c55l8xzs6gq...}, cssSelectorsEnabled: true, databaseEnabled: false, goog:chromeOptions: {debuggerAddress: localhost:59642}, handlesAlerts: true, hasTouchScreen: false, javascriptEnabled: true, locationContextEnabled: true, mobileEmulationEnabled: false, nativeEvents: true, networkConnectionEnabled: false, pageLoadStrategy: normal, platform: MAC, platformName: MAC, rotatable: false, setWindowRect: true, takesHeapSnapshot: true, takesScreenshot: true, unexpectedAlertBehaviour: , unhandledPromptBehavior: , version: 75.0.3770.90, webStorageEnabled: true}
Session ID: a8b9529b10502b64748c89b972108a9f)
[[ATTACHMENT|/Users/sumankompelly/Relative xpath-Mobile/Reports/OCS- 1.10.1/20190617_160855/1560802456983.png]]

2019-06-17 16:14:17 - [MESSAGE][FAILED] - click(findTestObject("OCS-MOBILE /Cart flyout/English dropdown")) FAILED.
Reason:
com.kms.katalon.core.exception.StepFailedException: Unable to click on object 'Object Repository/OCS-MOBILE /Cart flyout/English dropdown' (Root cause: org.openqa.selenium.ElementNotVisibleException: element not interactable
  (Session info: chrome=75.0.3770.90)
  (Driver info: chromedriver=2.43.600229 (3fae4d0cda5334b4f533bede5a4787f7b832d052),platform=Mac OS X 10.13.6 x86_64) (WARNING: The server did not provide any stacktrace information)
Command duration or timeout: 0 milliseconds
Build info: version: '3.7.1', revision: '8a0099a', time: '2017-11-06T21:07:36.161Z'
System info: host: 'sumans-MacBook-Pro.local', ip: 'fe80:0:0:0:10f0:11f1:8277:c429%en0', os.name: 'Mac OS X', os.arch: 'x86_64', os.version: '10.13.6', java.version: '1.8.0_181'
Driver info: com.kms.katalon.selenium.driver.CChromeDriver
Capabilities {acceptInsecureCerts: false, acceptSslCerts: false, applicationCacheEnabled: false, browserConnectionEnabled: false, browserName: chrome, chrome: {chromedriverVersion: 2.43.600229 (3fae4d0cda5334..., userDataDir: /var/folders/1t/c55l8xzs6gq...}, cssSelectorsEnabled: true, databaseEnabled: false, goog:chromeOptions: {debuggerAddress: localhost:59642}, handlesAlerts: true, hasTouchScreen: false, javascriptEnabled: true, locationContextEnabled: true, mobileEmulationEnabled: false, nativeEvents: true, networkConnectionEnabled: false, pageLoadStrategy: normal, platform: MAC, platformName: MAC, rotatable: false, setWindowRect: true, takesHeapSnapshot: true, takesScreenshot: true, unexpectedAlertBehaviour: , unhandledPromptBehavior: , version: 75.0.3770.90, webStorageEnabled: true}
Session ID: a8b9529b10502b64748c89b972108a9f)
	at com.kms.katalon.core.keyword.internal.KeywordMain.stepFailed(KeywordMain.groovy:36)
	at com.kms.katalon.core.webui.keyword.internal.WebUIKeywordMain.stepFailed(WebUIKeywordMain.groovy:65)
	at com.kms.katalon.core.webui.keyword.internal.WebUIKeywordMain.runKeyword(WebUIKeywordMain.groovy:27)
	at com.kms.katalon.core.webui.keyword.builtin.ClickKeyword.click(ClickKeyword.groovy:86)
	at com.kms.katalon.core.webui.keyword.builtin.ClickKeyword.execute(ClickKeyword.groovy:67)
	at com.kms.katalon.core.keyword.internal.KeywordExecutor.executeKeywordForPlatform(KeywordExecutor.groovy:53)
	at com.kms.katalon.core.webui.keyword.WebUiBuiltInKeywords.click(WebUiBuiltInKeywords.groovy:616)
	at com.kms.katalon.core.webui.keyword.WebUiBuiltInKeywords$click$4.call(Unknown Source)
	at Toggling language.run(Toggling language:26)
	at com.kms.katalon.core.main.ScriptEngine.run(ScriptEngine.java:194)
	at com.kms.katalon.core.main.ScriptEngine.runScriptAsRawText(ScriptEngine.java:119)
	at com.kms.katalon.core.main.TestCaseExecutor.runScript(TestCaseExecutor.java:328)
	at com.kms.katalon.core.main.TestCaseExecutor.doExecute(TestCaseExecutor.java:319)
	at com.kms.katalon.core.main.TestCaseExecutor.processExecutionPhase(TestCaseExecutor.java:298)
	at com.kms.katalon.core.main.TestCaseExecutor.accessMainPhase(TestCaseExecutor.java:290)
	at com.kms.katalon.core.main.TestCaseExecutor.execute(TestCaseExecutor.java:224)
	at com.kms.katalon.core.main.TestSuiteExecutor.accessTestCaseMainPhase(TestSuiteExecutor.java:129)
	at com.kms.katalon.core.main.TestSuiteExecutor.accessTestSuiteMainPhase(TestSuiteExecutor.java:112)
	at com.kms.katalon.core.main.TestSuiteExecutor.execute(TestSuiteExecutor.java:81)
	at com.kms.katalon.core.main.TestCaseMain.startTestSuite(TestCaseMain.java:149)
	at com.kms.katalon.core.main.TestCaseMain$startTestSuite$0.call(Unknown Source)
	at TempTestSuite1560802135767.run(TempTestSuite1560802135767.groovy:36)]]></system-out>
         <system-err><![CDATA[2019-06-17 16:13:51 - [TEST_CASE][FAILED] - Test Cases/OCS - MOBILE/OCS- HOME PAGE/Toggling language: Test Cases/OCS - MOBILE/OCS- HOME PAGE/Toggling language FAILED.
Reason:
com.kms.katalon.core.exception.StepFailedException: Unable to click on object 'Object Repository/OCS-MOBILE /Cart flyout/English dropdown' (Root cause: org.openqa.selenium.ElementNotVisibleException: element not interactable
  (Session info: chrome=75.0.3770.90)
  (Driver info: chromedriver=2.43.600229 (3fae4d0cda5334b4f533bede5a4787f7b832d052),platform=Mac OS X 10.13.6 x86_64) (WARNING: The server did not provide any stacktrace information)
Command duration or timeout: 0 milliseconds
Build info: version: '3.7.1', revision: '8a0099a', time: '2017-11-06T21:07:36.161Z'
System info: host: 'sumans-MacBook-Pro.local', ip: 'fe80:0:0:0:10f0:11f1:8277:c429%en0', os.name: 'Mac OS X', os.arch: 'x86_64', os.version: '10.13.6', java.version: '1.8.0_181'
Driver info: com.kms.katalon.selenium.driver.CChromeDriver
Capabilities {acceptInsecureCerts: false, acceptSslCerts: false, applicationCacheEnabled: false, browserConnectionEnabled: false, browserName: chrome, chrome: {chromedriverVersion: 2.43.600229 (3fae4d0cda5334..., userDataDir: /var/folders/1t/c55l8xzs6gq...}, cssSelectorsEnabled: true, databaseEnabled: false, goog:chromeOptions: {debuggerAddress: localhost:59642}, handlesAlerts: true, hasTouchScreen: false, javascriptEnabled: true, locationContextEnabled: true, mobileEmulationEnabled: false, nativeEvents: true, networkConnectionEnabled: false, pageLoadStrategy: normal, platform: MAC, platformName: MAC, rotatable: false, setWindowRect: true, takesHeapSnapshot: true, takesScreenshot: true, unexpectedAlertBehaviour: , unhandledPromptBehavior: , version: 75.0.3770.90, webStorageEnabled: true}
Session ID: a8b9529b10502b64748c89b972108a9f)
	at com.kms.katalon.core.keyword.internal.KeywordMain.stepFailed(KeywordMain.groovy:36)
	at com.kms.katalon.core.webui.keyword.internal.WebUIKeywordMain.stepFailed(WebUIKeywordMain.groovy:65)
	at com.kms.katalon.core.webui.keyword.internal.WebUIKeywordMain.runKeyword(WebUIKeywordMain.groovy:27)
	at com.kms.katalon.core.webui.keyword.builtin.ClickKeyword.click(ClickKeyword.groovy:86)
	at com.kms.katalon.core.webui.keyword.builtin.ClickKeyword.execute(ClickKeyword.groovy:67)
	at com.kms.katalon.core.keyword.internal.KeywordExecutor.executeKeywordForPlatform(KeywordExecutor.groovy:53)
	at com.kms.katalon.core.webui.keyword.WebUiBuiltInKeywords.click(WebUiBuiltInKeywords.groovy:616)
	at com.kms.katalon.core.webui.keyword.WebUiBuiltInKeywords$click$4.call(Unknown Source)
	at Toggling language.run(Toggling language:26)
	at com.kms.katalon.core.main.ScriptEngine.run(ScriptEngine.java:194)
	at com.kms.katalon.core.main.ScriptEngine.runScriptAsRawText(ScriptEngine.java:119)
	at com.kms.katalon.core.main.TestCaseExecutor.runScript(TestCaseExecutor.java:328)
	at com.kms.katalon.core.main.TestCaseExecutor.doExecute(TestCaseExecutor.java:319)
	at com.kms.katalon.core.main.TestCaseExecutor.processExecutionPhase(TestCaseExecutor.java:298)
	at com.kms.katalon.core.main.TestCaseExecutor.accessMainPhase(TestCaseExecutor.java:290)
	at com.kms.katalon.core.main.TestCaseExecutor.execute(TestCaseExecutor.java:224)
	at com.kms.katalon.core.main.TestSuiteExecutor.accessTestCaseMainPhase(TestSuiteExecutor.java:129)
	at com.kms.katalon.core.main.TestSuiteExecutor.accessTestSuiteMainPhase(TestSuiteExecutor.java:112)
	at com.kms.katalon.core.main.TestSuiteExecutor.execute(TestSuiteExecutor.java:81)
	at com.kms.katalon.core.main.TestCaseMain.startTestSuite(TestCaseMain.java:149)
	at com.kms.katalon.core.main.TestCaseMain$startTestSuite$0.call(Unknown Source)
	at TempTestSuite1560802135767.run(TempTestSuite1560802135767.groovy:36)]]></system-err>
      </testcase>
      <testcase name="Test Cases/OCS - MOBILE/OCS- HOME PAGE/HP-Burger menu-Accessories" classname="Test Cases/OCS - MOBILE/OCS- HOME PAGE/HP-Burger menu-Accessories" status="FAILED">
         <failure type="FAILED" message="Test Cases/OCS - MOBILE/OCS- HOME PAGE/HP-Burger menu-Accessories FAILED.
Reason:
com.kms.katalon.core.exception.StepFailedException: Unable to click on object 'Object Repository/OCS-MOBILE /Accessories page/Shop all acessories' (Root cause: org.openqa.selenium.WebDriverException: unknown error: Element &lt;a href=&quot;/collections/all-accessories&quot; class=&quot;btn btn--primary btn--outline menu__tier-two__btn&quot;>...&lt;/a> is not clickable at point (238, 641). Other element would receive the click: &lt;iframe title=&quot;Preview Bar&quot; id=&quot;preview-bar-iframe&quot; src=&quot;https://ocs.ca/preview_bar&quot; sandbox=&quot;allow-same-origin allow-scripts&quot; style=&quot;position: fixed; bottom: 0px; left: 0px; z-index: 2147483647; width: 100%; border: none; box-shadow: rgba(0, 0, 0, 0.2) 0px -1px 3px; overflow: hidden; transform: translateY(0px); transition: transform 300ms ease 0s; height: 92px;&quot;>&lt;/iframe>
  (Session info: chrome=75.0.3770.90)
  (Driver info: chromedriver=2.43.600229 (3fae4d0cda5334b4f533bede5a4787f7b832d052),platform=Mac OS X 10.13.6 x86_64) (WARNING: The server did not provide any stacktrace information)
Command duration or timeout: 0 milliseconds
Build info: version: '3.7.1', revision: '8a0099a', time: '2017-11-06T21:07:36.161Z'
System info: host: 'sumans-MacBook-Pro.local', ip: 'fe80:0:0:0:10f0:11f1:8277:c429%en0', os.name: 'Mac OS X', os.arch: 'x86_64', os.version: '10.13.6', java.version: '1.8.0_181'
Driver info: com.kms.katalon.selenium.driver.CChromeDriver
Capabilities {acceptInsecureCerts: false, acceptSslCerts: false, applicationCacheEnabled: false, browserConnectionEnabled: false, browserName: chrome, chrome: {chromedriverVersion: 2.43.600229 (3fae4d0cda5334..., userDataDir: /var/folders/1t/c55l8xzs6gq...}, cssSelectorsEnabled: true, databaseEnabled: false, goog:chromeOptions: {debuggerAddress: localhost:59788}, handlesAlerts: true, hasTouchScreen: false, javascriptEnabled: true, locationContextEnabled: true, mobileEmulationEnabled: false, nativeEvents: true, networkConnectionEnabled: false, pageLoadStrategy: normal, platform: MAC, platformName: MAC, rotatable: false, setWindowRect: true, takesHeapSnapshot: true, takesScreenshot: true, unexpectedAlertBehaviour: , unhandledPromptBehavior: , version: 75.0.3770.90, webStorageEnabled: true}
Session ID: 7eae087292aa1cfe4786325b998aa7e5)
	at com.kms.katalon.core.keyword.internal.KeywordMain.stepFailed(KeywordMain.groovy:36)
	at com.kms.katalon.core.webui.keyword.internal.WebUIKeywordMain.stepFailed(WebUIKeywordMain.groovy:65)
	at com.kms.katalon.core.webui.keyword.internal.WebUIKeywordMain.runKeyword(WebUIKeywordMain.groovy:27)
	at com.kms.katalon.core.webui.keyword.builtin.ClickKeyword.click(ClickKeyword.groovy:86)
	at com.kms.katalon.core.webui.keyword.builtin.ClickKeyword.execute(ClickKeyword.groovy:67)
	at com.kms.katalon.core.keyword.internal.KeywordExecutor.executeKeywordForPlatform(KeywordExecutor.groovy:53)
	at com.kms.katalon.core.webui.keyword.WebUiBuiltInKeywords.click(WebUiBuiltInKeywords.groovy:616)
	at com.kms.katalon.core.webui.keyword.WebUiBuiltInKeywords$click$4.call(Unknown Source)
	at HP-Burger menu-Accessories.run(HP-Burger menu-Accessories:346)
	at com.kms.katalon.core.main.ScriptEngine.run(ScriptEngine.java:194)
	at com.kms.katalon.core.main.ScriptEngine.runScriptAsRawText(ScriptEngine.java:119)
	at com.kms.katalon.core.main.TestCaseExecutor.runScript(TestCaseExecutor.java:328)
	at com.kms.katalon.core.main.TestCaseExecutor.doExecute(TestCaseExecutor.java:319)
	at com.kms.katalon.core.main.TestCaseExecutor.processExecutionPhase(TestCaseExecutor.java:298)
	at com.kms.katalon.core.main.TestCaseExecutor.accessMainPhase(TestCaseExecutor.java:290)
	at com.kms.katalon.core.main.TestCaseExecutor.execute(TestCaseExecutor.java:224)
	at com.kms.katalon.core.main.TestSuiteExecutor.accessTestCaseMainPhase(TestSuiteExecutor.java:129)
	at com.kms.katalon.core.main.TestSuiteExecutor.accessTestSuiteMainPhase(TestSuiteExecutor.java:112)
	at com.kms.katalon.core.main.TestSuiteExecutor.execute(TestSuiteExecutor.java:81)
	at com.kms.katalon.core.main.TestCaseMain.startTestSuite(TestCaseMain.java:149)
	at com.kms.katalon.core.main.TestCaseMain$startTestSuite$0.call(Unknown Source)
	at TempTestSuite1560802135767.run(TempTestSuite1560802135767.groovy:36)
"/>
         <system-out><![CDATA[2019-06-17 16:14:17 - [TEST_CASE][FAILED] - Test Cases/OCS - MOBILE/OCS- HOME PAGE/HP-Burger menu-Accessories: Test Cases/OCS - MOBILE/OCS- HOME PAGE/HP-Burger menu-Accessories FAILED.
Reason:
com.kms.katalon.core.exception.StepFailedException: Unable to click on object 'Object Repository/OCS-MOBILE /Accessories page/Shop all acessories' (Root cause: org.openqa.selenium.WebDriverException: unknown error: Element <a href="/collections/all-accessories" class="btn btn--primary btn--outline menu__tier-two__btn">...</a> is not clickable at point (238, 641). Other element would receive the click: <iframe title="Preview Bar" id="preview-bar-iframe" src="https://ocs.ca/preview_bar" sandbox="allow-same-origin allow-scripts" style="position: fixed; bottom: 0px; left: 0px; z-index: 2147483647; width: 100%; border: none; box-shadow: rgba(0, 0, 0, 0.2) 0px -1px 3px; overflow: hidden; transform: translateY(0px); transition: transform 300ms ease 0s; height: 92px;"></iframe>
  (Session info: chrome=75.0.3770.90)
  (Driver info: chromedriver=2.43.600229 (3fae4d0cda5334b4f533bede5a4787f7b832d052),platform=Mac OS X 10.13.6 x86_64) (WARNING: The server did not provide any stacktrace information)
Command duration or timeout: 0 milliseconds
Build info: version: '3.7.1', revision: '8a0099a', time: '2017-11-06T21:07:36.161Z'
System info: host: 'sumans-MacBook-Pro.local', ip: 'fe80:0:0:0:10f0:11f1:8277:c429%en0', os.name: 'Mac OS X', os.arch: 'x86_64', os.version: '10.13.6', java.version: '1.8.0_181'
Driver info: com.kms.katalon.selenium.driver.CChromeDriver
Capabilities {acceptInsecureCerts: false, acceptSslCerts: false, applicationCacheEnabled: false, browserConnectionEnabled: false, browserName: chrome, chrome: {chromedriverVersion: 2.43.600229 (3fae4d0cda5334..., userDataDir: /var/folders/1t/c55l8xzs6gq...}, cssSelectorsEnabled: true, databaseEnabled: false, goog:chromeOptions: {debuggerAddress: localhost:59788}, handlesAlerts: true, hasTouchScreen: false, javascriptEnabled: true, locationContextEnabled: true, mobileEmulationEnabled: false, nativeEvents: true, networkConnectionEnabled: false, pageLoadStrategy: normal, platform: MAC, platformName: MAC, rotatable: false, setWindowRect: true, takesHeapSnapshot: true, takesScreenshot: true, unexpectedAlertBehaviour: , unhandledPromptBehavior: , version: 75.0.3770.90, webStorageEnabled: true}
Session ID: 7eae087292aa1cfe4786325b998aa7e5)
	at com.kms.katalon.core.keyword.internal.KeywordMain.stepFailed(KeywordMain.groovy:36)
	at com.kms.katalon.core.webui.keyword.internal.WebUIKeywordMain.stepFailed(WebUIKeywordMain.groovy:65)
	at com.kms.katalon.core.webui.keyword.internal.WebUIKeywordMain.runKeyword(WebUIKeywordMain.groovy:27)
	at com.kms.katalon.core.webui.keyword.builtin.ClickKeyword.click(ClickKeyword.groovy:86)
	at com.kms.katalon.core.webui.keyword.builtin.ClickKeyword.execute(ClickKeyword.groovy:67)
	at com.kms.katalon.core.keyword.internal.KeywordExecutor.executeKeywordForPlatform(KeywordExecutor.groovy:53)
	at com.kms.katalon.core.webui.keyword.WebUiBuiltInKeywords.click(WebUiBuiltInKeywords.groovy:616)
	at com.kms.katalon.core.webui.keyword.WebUiBuiltInKeywords$click$4.call(Unknown Source)
	at HP-Burger menu-Accessories.run(HP-Burger menu-Accessories:346)
	at com.kms.katalon.core.main.ScriptEngine.run(ScriptEngine.java:194)
	at com.kms.katalon.core.main.ScriptEngine.runScriptAsRawText(ScriptEngine.java:119)
	at com.kms.katalon.core.main.TestCaseExecutor.runScript(TestCaseExecutor.java:328)
	at com.kms.katalon.core.main.TestCaseExecutor.doExecute(TestCaseExecutor.java:319)
	at com.kms.katalon.core.main.TestCaseExecutor.processExecutionPhase(TestCaseExecutor.java:298)
	at com.kms.katalon.core.main.TestCaseExecutor.accessMainPhase(TestCaseExecutor.java:290)
	at com.kms.katalon.core.main.TestCaseExecutor.execute(TestCaseExecutor.java:224)
	at com.kms.katalon.core.main.TestSuiteExecutor.accessTestCaseMainPhase(TestSuiteExecutor.java:129)
	at com.kms.katalon.core.main.TestSuiteExecutor.accessTestSuiteMainPhase(TestSuiteExecutor.java:112)
	at com.kms.katalon.core.main.TestSuiteExecutor.execute(TestSuiteExecutor.java:81)
	at com.kms.katalon.core.main.TestCaseMain.startTestSuite(TestCaseMain.java:149)
	at com.kms.katalon.core.main.TestCaseMain$startTestSuite$0.call(Unknown Source)
	at TempTestSuite1560802135767.run(TempTestSuite1560802135767.groovy:36)


2019-06-17 16:14:17 - [TEST_STEP][PASSED] - callTestCase(findTestCase("OCS - MOBILE/CALL - AGE GATE"), [:], STOP_ON_FAILURE): Call Test Case 'Test Cases/OCS - MOBILE/CALL - AGE GATE' successfully

2019-06-17 16:14:17 - [TEST_CASE][PASSED] - Test Cases/OCS - MOBILE/CALL - AGE GATE: Test Cases/OCS - MOBILE/CALL - AGE GATE

2019-06-17 16:14:17 - [TEST_STEP][PASSED] - openBrowser(""): Browser is opened with url: ''

2019-06-17 16:14:17 - [MESSAGE][WARNING] - A browser is already opened. Closing browser and opening a new one

2019-06-17 16:14:17 - [MESSAGE][INFO] - Starting 'Chrome' driver

2019-06-17 16:14:18 - [MESSAGE][PASSED] - Browser is opened with url: ''

2019-06-17 16:14:18 - [TEST_STEP][PASSED] - navigateToUrl("https://ocs.ca/?fts=0&preview_theme_id=72920106828"): Navigate to 'https://ocs.ca/?fts=0&preview_theme_id=72920106828' successfully

2019-06-17 16:14:23 - [MESSAGE][PASSED] - Navigate to 'https://ocs.ca/?fts=0&preview_theme_id=72920106828' successfully

2019-06-17 16:14:23 - [TEST_STEP][PASSED] - executeJavaScript("var previewBar = document.getElementById("preview-bar-iframe"); previewBar.style.display = "none";", []): Execute JavaScript 'var previewBar = document.getElementById("preview-bar-iframe"); previewBar.style.display = "none";' successfully

2019-06-17 16:14:23 - [MESSAGE][PASSED] - Execute JavaScript 'var previewBar = document.getElementById("preview-bar-iframe"); previewBar.style.display = "none";' successfully

2019-06-17 16:14:23 - [TEST_STEP][PASSED] - setViewPortSize(360, 800): Viewport is set to new size with width = 360 and height = 800

2019-06-17 16:14:23 - [MESSAGE][PASSED] - Viewport is set to new size with width = 360 and height = 800

2019-06-17 16:14:23 - [TEST_STEP][PASSED] - delay(4): Delayed 4 second(s)

2019-06-17 16:14:27 - [MESSAGE][PASSED] - Delayed 4 second(s)

2019-06-17 16:14:27 - [TEST_STEP][PASSED] - selectOptionByValue(findTestObject("OCS-MOBILE /Age gate and burger menu/Date"), "12", true): All options with value '12' are selected in object 'Object Repository/OCS-MOBILE /Age gate and burger menu/Date'  using regular expression

2019-06-17 16:14:27 - [MESSAGE][PASSED] - All options with value '12' are selected in object 'Object Repository/OCS-MOBILE /Age gate and burger menu/Date'  using regular expression

2019-06-17 16:14:27 - [TEST_STEP][PASSED] - selectOptionByValue(findTestObject("OCS-MOBILE /Age gate and burger menu/month"), "6", true): All options with value '6' are selected in object 'Object Repository/OCS-MOBILE /Age gate and burger menu/month'  using regular expression

2019-06-17 16:14:28 - [MESSAGE][PASSED] - All options with value '6' are selected in object 'Object Repository/OCS-MOBILE /Age gate and burger menu/month'  using regular expression

2019-06-17 16:14:28 - [TEST_STEP][PASSED] - delay(2): Delayed 2 second(s)

2019-06-17 16:14:30 - [MESSAGE][PASSED] - Delayed 2 second(s)

2019-06-17 16:14:30 - [TEST_STEP][PASSED] - selectOptionByValue(findTestObject("OCS-MOBILE /Age gate and burger menu/Year Dropdown"), "1990", true): All options with value '1990' are selected in object 'Object Repository/OCS-MOBILE /Age gate and burger menu/Year Dropdown'  using regular expression

2019-06-17 16:14:31 - [MESSAGE][PASSED] - All options with value '1990' are selected in object 'Object Repository/OCS-MOBILE /Age gate and burger menu/Year Dropdown'  using regular expression

2019-06-17 16:14:31 - [TEST_STEP][PASSED] - click(findTestObject("OCS-MOBILE /Age gate and Mega menu/button_Verify")): Object: 'Object Repository/OCS-MOBILE /Age gate and Mega menu/button_Verify' is clicked on

2019-06-17 16:14:31 - [MESSAGE][PASSED] - Object: 'Object Repository/OCS-MOBILE /Age gate and Mega menu/button_Verify' is clicked on

2019-06-17 16:14:31 - [TEST_STEP][PASSED] - click(findTestObject("OCS-MOBILE /Age gate and Mega menu/Checkbox_CONFIRM AND ACKNOWLEDGE")): Object: 'Object Repository/OCS-MOBILE /Age gate and Mega menu/Checkbox_CONFIRM AND ACKNOWLEDGE' is clicked on

2019-06-17 16:14:31 - [MESSAGE][PASSED] - Object: 'Object Repository/OCS-MOBILE /Age gate and Mega menu/Checkbox_CONFIRM AND ACKNOWLEDGE' is clicked on

2019-06-17 16:14:31 - [TEST_STEP][PASSED] - click(findTestObject("OCS-MOBILE /Age gate and Mega menu/button_CONFIRM")): Object: 'Object Repository/OCS-MOBILE /Age gate and Mega menu/button_CONFIRM' is clicked on

2019-06-17 16:14:31 - [MESSAGE][PASSED] - Object: 'Object Repository/OCS-MOBILE /Age gate and Mega menu/button_CONFIRM' is clicked on

2019-06-17 16:14:31 - [TEST_STEP][PASSED] - click(findTestObject("OCS-MOBILE /Age gate and Mega menu/button_Start Browsing")): Object: 'Object Repository/OCS-MOBILE /Age gate and Mega menu/button_Start Browsing' is clicked on

2019-06-17 16:14:31 - [MESSAGE][PASSED] - Object: 'Object Repository/OCS-MOBILE /Age gate and Mega menu/button_Start Browsing' is clicked on

2019-06-17 16:14:31 - [TEST_STEP][PASSED] - refresh(): Refresh successfully

2019-06-17 16:14:34 - [MESSAGE][PASSED] - Refresh successfully

2019-06-17 16:14:34 - [MESSAGE][PASSED] - Call Test Case 'Test Cases/OCS - MOBILE/CALL - AGE GATE' successfully

2019-06-17 16:14:34 - [TEST_STEP][PASSED] - delay(2, CONTINUE_ON_FAILURE): Delayed 2 second(s)

2019-06-17 16:14:36 - [MESSAGE][PASSED] - Delayed 2 second(s)

2019-06-17 16:14:36 - [TEST_STEP][PASSED] - click(findTestObject("OCS-MOBILE /Age gate and burger menu/Burger menu - English"), CONTINUE_ON_FAILURE): Object: 'Object Repository/OCS-MOBILE /Age gate and burger menu/Burger menu - English' is clicked on

2019-06-17 16:14:36 - [MESSAGE][PASSED] - Object: 'Object Repository/OCS-MOBILE /Age gate and burger menu/Burger menu - English' is clicked on

2019-06-17 16:14:36 - [TEST_STEP][PASSED] - delay(2, CONTINUE_ON_FAILURE): Delayed 2 second(s)

2019-06-17 16:14:38 - [MESSAGE][PASSED] - Delayed 2 second(s)

2019-06-17 16:14:38 - [TEST_STEP][PASSED] - click(findTestObject("OCS-MOBILE /Accessories page/accessories Chevron"), STOP_ON_FAILURE): Object: 'Object Repository/OCS-MOBILE /Accessories page/accessories Chevron' is clicked on

2019-06-17 16:14:38 - [MESSAGE][PASSED] - Object: 'Object Repository/OCS-MOBILE /Accessories page/accessories Chevron' is clicked on

2019-06-17 16:14:38 - [TEST_STEP][PASSED] - delay(1, CONTINUE_ON_FAILURE): Delayed 1 second(s)

2019-06-17 16:14:39 - [MESSAGE][PASSED] - Delayed 1 second(s)

2019-06-17 16:14:39 - [TEST_STEP][PASSED] - click(findTestObject("OCS-MOBILE /Accessories page/Vaporizers"), CONTINUE_ON_FAILURE): Object: 'Object Repository/OCS-MOBILE /Accessories page/Vaporizers' is clicked on

2019-06-17 16:14:41 - [MESSAGE][PASSED] - Object: 'Object Repository/OCS-MOBILE /Accessories page/Vaporizers' is clicked on

2019-06-17 16:14:41 - [TEST_STEP][PASSED] - delay(1, CONTINUE_ON_FAILURE): Delayed 1 second(s)

2019-06-17 16:14:42 - [MESSAGE][PASSED] - Delayed 1 second(s)

2019-06-17 16:14:42 - [TEST_STEP][PASSED] - a = getWindowTitle(CONTINUE_ON_FAILURE): Current window's title is: 'Vaporizers | Ontario Cannabis Store'

2019-06-17 16:14:42 - [MESSAGE][PASSED] - Current window's title is: 'Vaporizers | Ontario Cannabis Store'

2019-06-17 16:14:42 - [TEST_STEP][PASSED] - comment(a): Vaporizers | Ontario Cannabis Store

2019-06-17 16:14:42 - [MESSAGE][INFO] - Vaporizers | Ontario Cannabis Store

2019-06-17 16:14:42 - [TEST_STEP][PASSED] - b = "Vaporizers | Ontario Cannabis Store": null

2019-06-17 16:14:42 - [TEST_STEP][PASSED] - comment(b): Vaporizers | Ontario Cannabis Store

2019-06-17 16:14:42 - [MESSAGE][INFO] - Vaporizers | Ontario Cannabis Store

2019-06-17 16:14:42 - [TEST_STEP][PASSED] - if (a == b): correct window page 

2019-06-17 16:14:42 - [TEST_STEP][PASSED] - comment("correct window page "): correct window page 

2019-06-17 16:14:42 - [MESSAGE][INFO] - correct window page 

2019-06-17 16:14:42 - [TEST_STEP][PASSED] - delay(1, CONTINUE_ON_FAILURE): Delayed 1 second(s)

2019-06-17 16:14:43 - [MESSAGE][PASSED] - Delayed 1 second(s)

2019-06-17 16:14:43 - [TEST_STEP][PASSED] - click(findTestObject("OCS-MOBILE /Age gate and burger menu/Burger menu - English"), CONTINUE_ON_FAILURE): Object: 'Object Repository/OCS-MOBILE /Age gate and burger menu/Burger menu - English' is clicked on

2019-06-17 16:14:43 - [MESSAGE][PASSED] - Object: 'Object Repository/OCS-MOBILE /Age gate and burger menu/Burger menu - English' is clicked on

2019-06-17 16:14:43 - [TEST_STEP][PASSED] - delay(2, CONTINUE_ON_FAILURE): Delayed 2 second(s)

2019-06-17 16:14:45 - [MESSAGE][PASSED] - Delayed 2 second(s)

2019-06-17 16:14:45 - [TEST_STEP][PASSED] - click(findTestObject("OCS-MOBILE /Accessories page/accessories Chevron"), CONTINUE_ON_FAILURE): Object: 'Object Repository/OCS-MOBILE /Accessories page/accessories Chevron' is clicked on

2019-06-17 16:14:45 - [MESSAGE][PASSED] - Object: 'Object Repository/OCS-MOBILE /Accessories page/accessories Chevron' is clicked on

2019-06-17 16:14:45 - [TEST_STEP][PASSED] - delay(1, CONTINUE_ON_FAILURE): Delayed 1 second(s)

2019-06-17 16:14:46 - [MESSAGE][PASSED] - Delayed 1 second(s)

2019-06-17 16:14:46 - [TEST_STEP][PASSED] - click(findTestObject("OCS-MOBILE /Accessories page/Bongs - water pipes"), CONTINUE_ON_FAILURE): Object: 'Object Repository/OCS-MOBILE /Accessories page/Bongs - water pipes' is clicked on

2019-06-17 16:14:48 - [MESSAGE][PASSED] - Object: 'Object Repository/OCS-MOBILE /Accessories page/Bongs - water pipes' is clicked on

2019-06-17 16:14:48 - [TEST_STEP][PASSED] - delay(1, CONTINUE_ON_FAILURE): Delayed 1 second(s)

2019-06-17 16:14:49 - [MESSAGE][PASSED] - Delayed 1 second(s)

2019-06-17 16:14:49 - [TEST_STEP][PASSED] - a1 = getWindowTitle(CONTINUE_ON_FAILURE): Current window's title is: 'Bongs & Water Pipes | Ontario Cannabis Store'

2019-06-17 16:14:49 - [MESSAGE][PASSED] - Current window's title is: 'Bongs & Water Pipes | Ontario Cannabis Store'

2019-06-17 16:14:49 - [TEST_STEP][PASSED] - comment(a1): Bongs & Water Pipes | Ontario Cannabis Store

2019-06-17 16:14:49 - [MESSAGE][INFO] - Bongs & Water Pipes | Ontario Cannabis Store

2019-06-17 16:14:49 - [TEST_STEP][PASSED] - b1 = "Bongs & Water Pipes | Ontario Cannabis Store": null

2019-06-17 16:14:49 - [TEST_STEP][PASSED] - comment(b1): Bongs & Water Pipes | Ontario Cannabis Store

2019-06-17 16:14:49 - [MESSAGE][INFO] - Bongs & Water Pipes | Ontario Cannabis Store

2019-06-17 16:14:49 - [TEST_STEP][PASSED] - if (a1 == b1): correct window page 

2019-06-17 16:14:49 - [TEST_STEP][PASSED] - comment("correct window page "): correct window page 

2019-06-17 16:14:49 - [MESSAGE][INFO] - correct window page 

2019-06-17 16:14:49 - [TEST_STEP][PASSED] - delay(1, CONTINUE_ON_FAILURE): Delayed 1 second(s)

2019-06-17 16:14:50 - [MESSAGE][PASSED] - Delayed 1 second(s)

2019-06-17 16:14:50 - [TEST_STEP][PASSED] - click(findTestObject("OCS-MOBILE /Age gate and burger menu/Burger menu - English"), CONTINUE_ON_FAILURE): Object: 'Object Repository/OCS-MOBILE /Age gate and burger menu/Burger menu - English' is clicked on

2019-06-17 16:14:50 - [MESSAGE][PASSED] - Object: 'Object Repository/OCS-MOBILE /Age gate and burger menu/Burger menu - English' is clicked on

2019-06-17 16:14:50 - [TEST_STEP][PASSED] - delay(2, CONTINUE_ON_FAILURE): Delayed 2 second(s)

2019-06-17 16:14:52 - [MESSAGE][PASSED] - Delayed 2 second(s)

2019-06-17 16:14:52 - [TEST_STEP][PASSED] - click(findTestObject("OCS-MOBILE /Accessories page/accessories Chevron"), CONTINUE_ON_FAILURE): Object: 'Object Repository/OCS-MOBILE /Accessories page/accessories Chevron' is clicked on

2019-06-17 16:14:53 - [MESSAGE][PASSED] - Object: 'Object Repository/OCS-MOBILE /Accessories page/accessories Chevron' is clicked on

2019-06-17 16:14:53 - [TEST_STEP][PASSED] - delay(1, CONTINUE_ON_FAILURE): Delayed 1 second(s)

2019-06-17 16:14:54 - [MESSAGE][PASSED] - Delayed 1 second(s)

2019-06-17 16:14:54 - [TEST_STEP][PASSED] - click(findTestObject("OCS-MOBILE /Accessories page/Handheld pipes"), CONTINUE_ON_FAILURE): Object: 'Object Repository/OCS-MOBILE /Accessories page/Handheld pipes' is clicked on

2019-06-17 16:14:56 - [MESSAGE][PASSED] - Object: 'Object Repository/OCS-MOBILE /Accessories page/Handheld pipes' is clicked on

2019-06-17 16:14:56 - [TEST_STEP][PASSED] - delay(1, CONTINUE_ON_FAILURE): Delayed 1 second(s)

2019-06-17 16:14:57 - [MESSAGE][PASSED] - Delayed 1 second(s)

2019-06-17 16:14:57 - [TEST_STEP][PASSED] - a11 = getWindowTitle(CONTINUE_ON_FAILURE): Current window's title is: 'Handheld Pipes | Ontario Cannabis Store'

2019-06-17 16:14:57 - [MESSAGE][PASSED] - Current window's title is: 'Handheld Pipes | Ontario Cannabis Store'

2019-06-17 16:14:57 - [TEST_STEP][PASSED] - comment(a11): Handheld Pipes | Ontario Cannabis Store

2019-06-17 16:14:57 - [MESSAGE][INFO] - Handheld Pipes | Ontario Cannabis Store

2019-06-17 16:14:57 - [TEST_STEP][PASSED] - b11 = "Handheld Pipes | Ontario Cannabis Store": null

2019-06-17 16:14:57 - [TEST_STEP][PASSED] - comment(b11): Handheld Pipes | Ontario Cannabis Store

2019-06-17 16:14:57 - [MESSAGE][INFO] - Handheld Pipes | Ontario Cannabis Store

2019-06-17 16:14:57 - [TEST_STEP][PASSED] - if (a11 == b11): correct window page 

2019-06-17 16:14:57 - [TEST_STEP][PASSED] - comment("correct window page "): correct window page 

2019-06-17 16:14:57 - [MESSAGE][INFO] - correct window page 

2019-06-17 16:14:57 - [TEST_STEP][PASSED] - delay(1, CONTINUE_ON_FAILURE): Delayed 1 second(s)

2019-06-17 16:14:58 - [MESSAGE][PASSED] - Delayed 1 second(s)

2019-06-17 16:14:58 - [TEST_STEP][PASSED] - click(findTestObject("OCS-MOBILE /Age gate and burger menu/Burger menu - English"), CONTINUE_ON_FAILURE): Object: 'Object Repository/OCS-MOBILE /Age gate and burger menu/Burger menu - English' is clicked on

2019-06-17 16:14:58 - [MESSAGE][PASSED] - Object: 'Object Repository/OCS-MOBILE /Age gate and burger menu/Burger menu - English' is clicked on

2019-06-17 16:14:58 - [TEST_STEP][PASSED] - delay(2, CONTINUE_ON_FAILURE): Delayed 2 second(s)

2019-06-17 16:15:00 - [MESSAGE][PASSED] - Delayed 2 second(s)

2019-06-17 16:15:00 - [TEST_STEP][PASSED] - click(findTestObject("OCS-MOBILE /Accessories page/accessories chevron"), CONTINUE_ON_FAILURE): Object: 'Object Repository/OCS-MOBILE /Accessories page/accessories chevron' is clicked on

2019-06-17 16:15:00 - [MESSAGE][PASSED] - Object: 'Object Repository/OCS-MOBILE /Accessories page/accessories chevron' is clicked on

2019-06-17 16:15:00 - [TEST_STEP][PASSED] - delay(1, CONTINUE_ON_FAILURE): Delayed 1 second(s)

2019-06-17 16:15:01 - [MESSAGE][PASSED] - Delayed 1 second(s)

2019-06-17 16:15:01 - [TEST_STEP][PASSED] - click(findTestObject("OCS-MOBILE /Accessories page/Papers -filters"), CONTINUE_ON_FAILURE): Object: 'Object Repository/OCS-MOBILE /Accessories page/Papers -filters' is clicked on

2019-06-17 16:15:03 - [MESSAGE][PASSED] - Object: 'Object Repository/OCS-MOBILE /Accessories page/Papers -filters' is clicked on

2019-06-17 16:15:03 - [TEST_STEP][PASSED] - delay(1, CONTINUE_ON_FAILURE): Delayed 1 second(s)

2019-06-17 16:15:04 - [MESSAGE][PASSED] - Delayed 1 second(s)

2019-06-17 16:15:04 - [TEST_STEP][PASSED] - a111 = getWindowTitle(CONTINUE_ON_FAILURE): Current window's title is: 'Papers & Filters | Ontario Cannabis Store'

2019-06-17 16:15:04 - [MESSAGE][PASSED] - Current window's title is: 'Papers & Filters | Ontario Cannabis Store'

2019-06-17 16:15:04 - [TEST_STEP][PASSED] - comment(a111): Papers & Filters | Ontario Cannabis Store

2019-06-17 16:15:04 - [MESSAGE][INFO] - Papers & Filters | Ontario Cannabis Store

2019-06-17 16:15:04 - [TEST_STEP][PASSED] - b111 = "Papers & Filters | Ontario Cannabis Store": null

2019-06-17 16:15:04 - [TEST_STEP][PASSED] - comment(b111): Papers & Filters | Ontario Cannabis Store

2019-06-17 16:15:04 - [MESSAGE][INFO] - Papers & Filters | Ontario Cannabis Store

2019-06-17 16:15:04 - [TEST_STEP][PASSED] - if (a111 == b111): correct window page 

2019-06-17 16:15:04 - [TEST_STEP][PASSED] - comment("correct window page "): correct window page 

2019-06-17 16:15:04 - [MESSAGE][INFO] - correct window page 

2019-06-17 16:15:04 - [TEST_STEP][PASSED] - delay(1, CONTINUE_ON_FAILURE): Delayed 1 second(s)

2019-06-17 16:15:05 - [MESSAGE][PASSED] - Delayed 1 second(s)

2019-06-17 16:15:05 - [TEST_STEP][PASSED] - click(findTestObject("OCS-MOBILE /Age gate and burger menu/Burger menu - English"), CONTINUE_ON_FAILURE): Object: 'Object Repository/OCS-MOBILE /Age gate and burger menu/Burger menu - English' is clicked on

2019-06-17 16:15:05 - [MESSAGE][PASSED] - Object: 'Object Repository/OCS-MOBILE /Age gate and burger menu/Burger menu - English' is clicked on

2019-06-17 16:15:05 - [TEST_STEP][PASSED] - delay(2, CONTINUE_ON_FAILURE): Delayed 2 second(s)

2019-06-17 16:15:07 - [MESSAGE][PASSED] - Delayed 2 second(s)

2019-06-17 16:15:07 - [TEST_STEP][PASSED] - click(findTestObject("OCS-MOBILE /Accessories page/accessories Chevron"), CONTINUE_ON_FAILURE): Object: 'Object Repository/OCS-MOBILE /Accessories page/accessories Chevron' is clicked on

2019-06-17 16:15:07 - [MESSAGE][PASSED] - Object: 'Object Repository/OCS-MOBILE /Accessories page/accessories Chevron' is clicked on

2019-06-17 16:15:07 - [TEST_STEP][PASSED] - delay(1, CONTINUE_ON_FAILURE): Delayed 1 second(s)

2019-06-17 16:15:08 - [MESSAGE][PASSED] - Delayed 1 second(s)

2019-06-17 16:15:08 - [TEST_STEP][PASSED] - click(findTestObject("OCS-MOBILE /Accessories page/Grinders"), CONTINUE_ON_FAILURE): Object: 'Object Repository/OCS-MOBILE /Accessories page/Grinders' is clicked on

2019-06-17 16:15:10 - [MESSAGE][PASSED] - Object: 'Object Repository/OCS-MOBILE /Accessories page/Grinders' is clicked on

2019-06-17 16:15:10 - [TEST_STEP][PASSED] - delay(1, CONTINUE_ON_FAILURE): Delayed 1 second(s)

2019-06-17 16:15:11 - [MESSAGE][PASSED] - Delayed 1 second(s)

2019-06-17 16:15:11 - [TEST_STEP][PASSED] - a1111 = getWindowTitle(CONTINUE_ON_FAILURE): Current window's title is: 'Grinders | Ontario Cannabis Store'

2019-06-17 16:15:11 - [MESSAGE][PASSED] - Current window's title is: 'Grinders | Ontario Cannabis Store'

2019-06-17 16:15:11 - [TEST_STEP][PASSED] - comment(a1111): Grinders | Ontario Cannabis Store

2019-06-17 16:15:11 - [MESSAGE][INFO] - Grinders | Ontario Cannabis Store

2019-06-17 16:15:11 - [TEST_STEP][PASSED] - b1111 = "Grinders | Ontario Cannabis Store": null

2019-06-17 16:15:11 - [TEST_STEP][PASSED] - comment(b1111): Grinders | Ontario Cannabis Store

2019-06-17 16:15:11 - [MESSAGE][INFO] - Grinders | Ontario Cannabis Store

2019-06-17 16:15:11 - [TEST_STEP][PASSED] - if (a1111 == b1111): correct window page 

2019-06-17 16:15:11 - [TEST_STEP][PASSED] - comment("correct window page "): correct window page 

2019-06-17 16:15:11 - [MESSAGE][INFO] - correct window page 

2019-06-17 16:15:11 - [TEST_STEP][PASSED] - delay(1, CONTINUE_ON_FAILURE): Delayed 1 second(s)

2019-06-17 16:15:12 - [MESSAGE][PASSED] - Delayed 1 second(s)

2019-06-17 16:15:12 - [TEST_STEP][PASSED] - click(findTestObject("OCS-MOBILE /Age gate and burger menu/Burger menu - English"), CONTINUE_ON_FAILURE): Object: 'Object Repository/OCS-MOBILE /Age gate and burger menu/Burger menu - English' is clicked on

2019-06-17 16:15:12 - [MESSAGE][PASSED] - Object: 'Object Repository/OCS-MOBILE /Age gate and burger menu/Burger menu - English' is clicked on

2019-06-17 16:15:12 - [TEST_STEP][PASSED] - delay(2, CONTINUE_ON_FAILURE): Delayed 2 second(s)

2019-06-17 16:15:14 - [MESSAGE][PASSED] - Delayed 2 second(s)

2019-06-17 16:15:14 - [TEST_STEP][PASSED] - click(findTestObject("OCS-MOBILE /Accessories page/accessories chevron"), CONTINUE_ON_FAILURE): Object: 'Object Repository/OCS-MOBILE /Accessories page/accessories chevron' is clicked on

2019-06-17 16:15:14 - [MESSAGE][PASSED] - Object: 'Object Repository/OCS-MOBILE /Accessories page/accessories chevron' is clicked on

2019-06-17 16:15:14 - [TEST_STEP][PASSED] - delay(1, CONTINUE_ON_FAILURE): Delayed 1 second(s)

2019-06-17 16:15:15 - [MESSAGE][PASSED] - Delayed 1 second(s)

2019-06-17 16:15:15 - [TEST_STEP][PASSED] - click(findTestObject("OCS-MOBILE /Accessories page/Tools -kits"), CONTINUE_ON_FAILURE): Object: 'Object Repository/OCS-MOBILE /Accessories page/Tools -kits' is clicked on

2019-06-17 16:15:17 - [MESSAGE][PASSED] - Object: 'Object Repository/OCS-MOBILE /Accessories page/Tools -kits' is clicked on

2019-06-17 16:15:17 - [TEST_STEP][PASSED] - delay(1, CONTINUE_ON_FAILURE): Delayed 1 second(s)

2019-06-17 16:15:18 - [MESSAGE][PASSED] - Delayed 1 second(s)

2019-06-17 16:15:18 - [TEST_STEP][PASSED] - a11111 = getWindowTitle(CONTINUE_ON_FAILURE): Current window's title is: 'Multi-Tools & Kits | Ontario Cannabis Store'

2019-06-17 16:15:18 - [MESSAGE][PASSED] - Current window's title is: 'Multi-Tools & Kits | Ontario Cannabis Store'

2019-06-17 16:15:18 - [TEST_STEP][PASSED] - comment(a11111): Multi-Tools & Kits | Ontario Cannabis Store

2019-06-17 16:15:18 - [MESSAGE][INFO] - Multi-Tools & Kits | Ontario Cannabis Store

2019-06-17 16:15:18 - [TEST_STEP][PASSED] - b11111 = "Multi-Tools & Kits | Ontario Cannabis Store": null

2019-06-17 16:15:18 - [TEST_STEP][PASSED] - comment(b11111): Multi-Tools & Kits | Ontario Cannabis Store

2019-06-17 16:15:18 - [MESSAGE][INFO] - Multi-Tools & Kits | Ontario Cannabis Store

2019-06-17 16:15:18 - [TEST_STEP][PASSED] - if (a11111 == b11111): correct window page 

2019-06-17 16:15:18 - [TEST_STEP][PASSED] - comment("correct window page "): correct window page 

2019-06-17 16:15:18 - [MESSAGE][INFO] - correct window page 

2019-06-17 16:15:18 - [TEST_STEP][PASSED] - delay(1, CONTINUE_ON_FAILURE): Delayed 1 second(s)

2019-06-17 16:15:19 - [MESSAGE][PASSED] - Delayed 1 second(s)

2019-06-17 16:15:19 - [TEST_STEP][PASSED] - click(findTestObject("OCS-MOBILE /Age gate and burger menu/Burger menu - English"), CONTINUE_ON_FAILURE): Object: 'Object Repository/OCS-MOBILE /Age gate and burger menu/Burger menu - English' is clicked on

2019-06-17 16:15:19 - [MESSAGE][PASSED] - Object: 'Object Repository/OCS-MOBILE /Age gate and burger menu/Burger menu - English' is clicked on

2019-06-17 16:15:19 - [TEST_STEP][PASSED] - delay(2, CONTINUE_ON_FAILURE): Delayed 2 second(s)

2019-06-17 16:15:21 - [MESSAGE][PASSED] - Delayed 2 second(s)

2019-06-17 16:15:21 - [TEST_STEP][PASSED] - click(findTestObject("OCS-MOBILE /Accessories page/accessories chevron"), CONTINUE_ON_FAILURE): Object: 'Object Repository/OCS-MOBILE /Accessories page/accessories chevron' is clicked on

2019-06-17 16:15:21 - [MESSAGE][PASSED] - Object: 'Object Repository/OCS-MOBILE /Accessories page/accessories chevron' is clicked on

2019-06-17 16:15:21 - [TEST_STEP][PASSED] - delay(1, CONTINUE_ON_FAILURE): Delayed 1 second(s)

2019-06-17 16:15:22 - [MESSAGE][PASSED] - Delayed 1 second(s)

2019-06-17 16:15:22 - [TEST_STEP][PASSED] - click(findTestObject("OCS-MOBILE /Accessories page/Cleaning supplies"), CONTINUE_ON_FAILURE): Object: 'Object Repository/OCS-MOBILE /Accessories page/Cleaning supplies' is clicked on

2019-06-17 16:15:27 - [MESSAGE][PASSED] - Object: 'Object Repository/OCS-MOBILE /Accessories page/Cleaning supplies' is clicked on

2019-06-17 16:15:27 - [TEST_STEP][PASSED] - delay(1, CONTINUE_ON_FAILURE): Delayed 1 second(s)

2019-06-17 16:15:28 - [MESSAGE][PASSED] - Delayed 1 second(s)

2019-06-17 16:15:28 - [TEST_STEP][PASSED] - a12 = getWindowTitle(CONTINUE_ON_FAILURE): Current window's title is: 'Cleaning Supplies | Ontario Cannabis Store'

2019-06-17 16:15:28 - [MESSAGE][PASSED] - Current window's title is: 'Cleaning Supplies | Ontario Cannabis Store'

2019-06-17 16:15:28 - [TEST_STEP][PASSED] - comment(a12): Cleaning Supplies | Ontario Cannabis Store

2019-06-17 16:15:28 - [MESSAGE][INFO] - Cleaning Supplies | Ontario Cannabis Store

2019-06-17 16:15:28 - [TEST_STEP][PASSED] - b12 = "Cleaning Supplies | Ontario Cannabis Store": null

2019-06-17 16:15:28 - [TEST_STEP][PASSED] - comment(b12): Cleaning Supplies | Ontario Cannabis Store

2019-06-17 16:15:28 - [MESSAGE][INFO] - Cleaning Supplies | Ontario Cannabis Store

2019-06-17 16:15:28 - [TEST_STEP][PASSED] - if (a12 == b12): correct window page 

2019-06-17 16:15:28 - [TEST_STEP][PASSED] - comment("correct window page "): correct window page 

2019-06-17 16:15:28 - [MESSAGE][INFO] - correct window page 

2019-06-17 16:15:28 - [TEST_STEP][PASSED] - delay(1, CONTINUE_ON_FAILURE): Delayed 1 second(s)

2019-06-17 16:15:29 - [MESSAGE][PASSED] - Delayed 1 second(s)

2019-06-17 16:15:29 - [TEST_STEP][PASSED] - click(findTestObject("OCS-MOBILE /Age gate and burger menu/Burger menu - English"), CONTINUE_ON_FAILURE): Object: 'Object Repository/OCS-MOBILE /Age gate and burger menu/Burger menu - English' is clicked on

2019-06-17 16:15:29 - [MESSAGE][PASSED] - Object: 'Object Repository/OCS-MOBILE /Age gate and burger menu/Burger menu - English' is clicked on

2019-06-17 16:15:29 - [TEST_STEP][PASSED] - delay(2, CONTINUE_ON_FAILURE): Delayed 2 second(s)

2019-06-17 16:15:31 - [MESSAGE][PASSED] - Delayed 2 second(s)

2019-06-17 16:15:31 - [TEST_STEP][PASSED] - click(findTestObject("OCS-MOBILE /Accessories page/accessories chevron"), CONTINUE_ON_FAILURE): Object: 'Object Repository/OCS-MOBILE /Accessories page/accessories chevron' is clicked on

2019-06-17 16:15:31 - [MESSAGE][PASSED] - Object: 'Object Repository/OCS-MOBILE /Accessories page/accessories chevron' is clicked on

2019-06-17 16:15:31 - [TEST_STEP][PASSED] - delay(1, CONTINUE_ON_FAILURE): Delayed 1 second(s)

2019-06-17 16:15:32 - [MESSAGE][PASSED] - Delayed 1 second(s)

2019-06-17 16:15:32 - [TEST_STEP][PASSED] - click(findTestObject("OCS-MOBILE /Accessories page/Storage"), CONTINUE_ON_FAILURE): Object: 'Object Repository/OCS-MOBILE /Accessories page/Storage' is clicked on

2019-06-17 16:15:36 - [MESSAGE][PASSED] - Object: 'Object Repository/OCS-MOBILE /Accessories page/Storage' is clicked on

2019-06-17 16:15:36 - [TEST_STEP][PASSED] - delay(1, CONTINUE_ON_FAILURE): Delayed 1 second(s)

2019-06-17 16:15:37 - [MESSAGE][PASSED] - Delayed 1 second(s)

2019-06-17 16:15:37 - [TEST_STEP][PASSED] - a13 = getWindowTitle(CONTINUE_ON_FAILURE): Current window's title is: 'Storage | Ontario Cannabis Store'

2019-06-17 16:15:37 - [MESSAGE][PASSED] - Current window's title is: 'Storage | Ontario Cannabis Store'

2019-06-17 16:15:37 - [TEST_STEP][PASSED] - comment(a13): Storage | Ontario Cannabis Store

2019-06-17 16:15:37 - [MESSAGE][INFO] - Storage | Ontario Cannabis Store

2019-06-17 16:15:37 - [TEST_STEP][PASSED] - b13 = "Storage | Ontario Cannabis Store": null

2019-06-17 16:15:37 - [TEST_STEP][PASSED] - comment(b): Vaporizers | Ontario Cannabis Store

2019-06-17 16:15:37 - [MESSAGE][INFO] - Vaporizers | Ontario Cannabis Store

2019-06-17 16:15:37 - [TEST_STEP][PASSED] - if (a13 == b13): correct window page 

2019-06-17 16:15:37 - [TEST_STEP][PASSED] - comment("correct window page "): correct window page 

2019-06-17 16:15:37 - [MESSAGE][INFO] - correct window page 

2019-06-17 16:15:37 - [TEST_STEP][PASSED] - delay(1, CONTINUE_ON_FAILURE): Delayed 1 second(s)

2019-06-17 16:15:38 - [MESSAGE][PASSED] - Delayed 1 second(s)

2019-06-17 16:15:38 - [TEST_STEP][PASSED] - click(findTestObject("OCS-MOBILE /Age gate and burger menu/Burger menu - English"), CONTINUE_ON_FAILURE): Object: 'Object Repository/OCS-MOBILE /Age gate and burger menu/Burger menu - English' is clicked on

2019-06-17 16:15:38 - [MESSAGE][PASSED] - Object: 'Object Repository/OCS-MOBILE /Age gate and burger menu/Burger menu - English' is clicked on

2019-06-17 16:15:38 - [TEST_STEP][PASSED] - delay(2, CONTINUE_ON_FAILURE): Delayed 2 second(s)

2019-06-17 16:15:40 - [MESSAGE][PASSED] - Delayed 2 second(s)

2019-06-17 16:15:40 - [TEST_STEP][PASSED] - click(findTestObject("OCS-MOBILE /Accessories page/accessories chevron"), CONTINUE_ON_FAILURE): Object: 'Object Repository/OCS-MOBILE /Accessories page/accessories chevron' is clicked on

2019-06-17 16:15:40 - [MESSAGE][PASSED] - Object: 'Object Repository/OCS-MOBILE /Accessories page/accessories chevron' is clicked on

2019-06-17 16:15:40 - [TEST_STEP][PASSED] - delay(1, CONTINUE_ON_FAILURE): Delayed 1 second(s)

2019-06-17 16:15:41 - [MESSAGE][PASSED] - Delayed 1 second(s)

2019-06-17 16:15:41 - [TEST_STEP][PASSED] - click(findTestObject("OCS-MOBILE /Accessories page/Trays"), CONTINUE_ON_FAILURE): Object: 'Object Repository/OCS-MOBILE /Accessories page/Trays' is clicked on

2019-06-17 16:15:45 - [MESSAGE][PASSED] - Object: 'Object Repository/OCS-MOBILE /Accessories page/Trays' is clicked on

2019-06-17 16:15:45 - [TEST_STEP][PASSED] - delay(1, CONTINUE_ON_FAILURE): Delayed 1 second(s)

2019-06-17 16:15:46 - [MESSAGE][PASSED] - Delayed 1 second(s)

2019-06-17 16:15:46 - [TEST_STEP][PASSED] - a14 = getWindowTitle(CONTINUE_ON_FAILURE): Current window's title is: 'Trays | Ontario Cannabis Store'

2019-06-17 16:15:46 - [MESSAGE][PASSED] - Current window's title is: 'Trays | Ontario Cannabis Store'

2019-06-17 16:15:46 - [TEST_STEP][PASSED] - comment(a14): Trays | Ontario Cannabis Store

2019-06-17 16:15:46 - [MESSAGE][INFO] - Trays | Ontario Cannabis Store

2019-06-17 16:15:46 - [TEST_STEP][PASSED] - b14 = "Trays | Ontario Cannabis Store": null

2019-06-17 16:15:46 - [TEST_STEP][PASSED] - comment(b14): Trays | Ontario Cannabis Store

2019-06-17 16:15:46 - [MESSAGE][INFO] - Trays | Ontario Cannabis Store

2019-06-17 16:15:46 - [TEST_STEP][PASSED] - if (a14 == b14): correct window page 

2019-06-17 16:15:46 - [TEST_STEP][PASSED] - comment("correct window page "): correct window page 

2019-06-17 16:15:46 - [MESSAGE][INFO] - correct window page 

2019-06-17 16:15:46 - [TEST_STEP][PASSED] - delay(1, CONTINUE_ON_FAILURE): Delayed 1 second(s)

2019-06-17 16:15:47 - [MESSAGE][PASSED] - Delayed 1 second(s)

2019-06-17 16:15:47 - [TEST_STEP][PASSED] - click(findTestObject("OCS-MOBILE /Age gate and burger menu/Burger menu - English"), CONTINUE_ON_FAILURE): Object: 'Object Repository/OCS-MOBILE /Age gate and burger menu/Burger menu - English' is clicked on

2019-06-17 16:15:47 - [MESSAGE][PASSED] - Object: 'Object Repository/OCS-MOBILE /Age gate and burger menu/Burger menu - English' is clicked on

2019-06-17 16:15:47 - [TEST_STEP][PASSED] - delay(2, CONTINUE_ON_FAILURE): Delayed 2 second(s)

2019-06-17 16:15:49 - [MESSAGE][PASSED] - Delayed 2 second(s)

2019-06-17 16:15:49 - [TEST_STEP][PASSED] - click(findTestObject("OCS-MOBILE /Accessories page/accessories chevron"), CONTINUE_ON_FAILURE): Object: 'Object Repository/OCS-MOBILE /Accessories page/accessories chevron' is clicked on

2019-06-17 16:15:49 - [MESSAGE][PASSED] - Object: 'Object Repository/OCS-MOBILE /Accessories page/accessories chevron' is clicked on

2019-06-17 16:15:49 - [TEST_STEP][PASSED] - delay(1, CONTINUE_ON_FAILURE): Delayed 1 second(s)

2019-06-17 16:15:50 - [MESSAGE][PASSED] - Delayed 1 second(s)

2019-06-17 16:15:50 - [TEST_STEP][PASSED] - click(findTestObject("OCS-MOBILE /Accessories page/Infusers"), CONTINUE_ON_FAILURE): Object: 'Object Repository/OCS-MOBILE /Accessories page/Infusers' is clicked on

2019-06-17 16:15:54 - [MESSAGE][PASSED] - Object: 'Object Repository/OCS-MOBILE /Accessories page/Infusers' is clicked on

2019-06-17 16:15:54 - [TEST_STEP][PASSED] - delay(1, CONTINUE_ON_FAILURE): Delayed 1 second(s)

2019-06-17 16:15:55 - [MESSAGE][PASSED] - Delayed 1 second(s)

2019-06-17 16:15:55 - [TEST_STEP][PASSED] - a15 = getWindowTitle(CONTINUE_ON_FAILURE): Current window's title is: 'Infusers | Ontario Cannabis Store'

2019-06-17 16:15:55 - [MESSAGE][PASSED] - Current window's title is: 'Infusers | Ontario Cannabis Store'

2019-06-17 16:15:55 - [TEST_STEP][PASSED] - comment(a15): Infusers | Ontario Cannabis Store

2019-06-17 16:15:55 - [MESSAGE][INFO] - Infusers | Ontario Cannabis Store

2019-06-17 16:15:55 - [TEST_STEP][PASSED] - b15 = "Infusers | Ontario Cannabis Store": null

2019-06-17 16:15:55 - [TEST_STEP][PASSED] - comment(b15): Infusers | Ontario Cannabis Store

2019-06-17 16:15:55 - [MESSAGE][INFO] - Infusers | Ontario Cannabis Store

2019-06-17 16:15:55 - [TEST_STEP][PASSED] - if (a15 == b15): correct window page 

2019-06-17 16:15:55 - [TEST_STEP][PASSED] - comment("correct window page "): correct window page 

2019-06-17 16:15:55 - [MESSAGE][INFO] - correct window page 

2019-06-17 16:15:55 - [TEST_STEP][PASSED] - delay(1, CONTINUE_ON_FAILURE): Delayed 1 second(s)

2019-06-17 16:15:56 - [MESSAGE][PASSED] - Delayed 1 second(s)

2019-06-17 16:15:56 - [TEST_STEP][PASSED] - click(findTestObject("OCS-MOBILE /Age gate and burger menu/Burger menu - English"), CONTINUE_ON_FAILURE): Object: 'Object Repository/OCS-MOBILE /Age gate and burger menu/Burger menu - English' is clicked on

2019-06-17 16:15:56 - [MESSAGE][PASSED] - Object: 'Object Repository/OCS-MOBILE /Age gate and burger menu/Burger menu - English' is clicked on

2019-06-17 16:15:56 - [TEST_STEP][PASSED] - delay(2, CONTINUE_ON_FAILURE): Delayed 2 second(s)

2019-06-17 16:15:58 - [MESSAGE][PASSED] - Delayed 2 second(s)

2019-06-17 16:15:58 - [TEST_STEP][PASSED] - click(findTestObject("OCS-MOBILE /Accessories page/accessories chevron"), CONTINUE_ON_FAILURE): Object: 'Object Repository/OCS-MOBILE /Accessories page/accessories chevron' is clicked on

2019-06-17 16:15:58 - [MESSAGE][PASSED] - Object: 'Object Repository/OCS-MOBILE /Accessories page/accessories chevron' is clicked on

2019-06-17 16:15:58 - [TEST_STEP][PASSED] - delay(1, CONTINUE_ON_FAILURE): Delayed 1 second(s)

2019-06-17 16:15:59 - [MESSAGE][PASSED] - Delayed 1 second(s)

2019-06-17 16:15:59 - [TEST_STEP][NOT_RUN] - executeJavaScript("var previewBar = document.getElementById("preview-bar-iframe"); previewBar.style.display = "none";", []): NOT_RUN: executeJavaScript("var previewBar = document.getElementById("preview-bar-iframe"); previewBar.style.display = "none";", [])

2019-06-17 16:15:59 - [MESSAGE][NOT_RUN] - NOT_RUN: executeJavaScript("var previewBar = document.getElementById("preview-bar-iframe"); previewBar.style.display = "none";", [])

2019-06-17 16:15:59 - [TEST_STEP][PASSED] - delay(1, CONTINUE_ON_FAILURE): Delayed 1 second(s)

2019-06-17 16:16:00 - [MESSAGE][PASSED] - Delayed 1 second(s)

2019-06-17 16:16:00 - [TEST_STEP][PASSED] - click(findTestObject("OCS-MOBILE /Accessories page/new accessories")): Object: 'Object Repository/OCS-MOBILE /Accessories page/new accessories' is clicked on

2019-06-17 16:16:04 - [MESSAGE][PASSED] - Object: 'Object Repository/OCS-MOBILE /Accessories page/new accessories' is clicked on

2019-06-17 16:16:04 - [TEST_STEP][PASSED] - delay(1, OPTIONAL): Delayed 1 second(s)

2019-06-17 16:16:05 - [MESSAGE][PASSED] - Delayed 1 second(s)

2019-06-17 16:16:05 - [TEST_STEP][PASSED] - click(findTestObject("OCS-MOBILE /Age gate and burger menu/Burger menu - English"), CONTINUE_ON_FAILURE): Object: 'Object Repository/OCS-MOBILE /Age gate and burger menu/Burger menu - English' is clicked on

2019-06-17 16:16:05 - [MESSAGE][PASSED] - Object: 'Object Repository/OCS-MOBILE /Age gate and burger menu/Burger menu - English' is clicked on

2019-06-17 16:16:05 - [TEST_STEP][PASSED] - delay(2, CONTINUE_ON_FAILURE): Delayed 2 second(s)

2019-06-17 16:16:07 - [MESSAGE][PASSED] - Delayed 2 second(s)

2019-06-17 16:16:07 - [TEST_STEP][PASSED] - click(findTestObject("OCS-MOBILE /Accessories page/accessories chevron"), CONTINUE_ON_FAILURE): Object: 'Object Repository/OCS-MOBILE /Accessories page/accessories chevron' is clicked on

2019-06-17 16:16:08 - [MESSAGE][PASSED] - Object: 'Object Repository/OCS-MOBILE /Accessories page/accessories chevron' is clicked on

2019-06-17 16:16:08 - [TEST_STEP][PASSED] - delay(1, CONTINUE_ON_FAILURE): Delayed 1 second(s)

2019-06-17 16:16:09 - [MESSAGE][PASSED] - Delayed 1 second(s)

2019-06-17 16:16:09 - [TEST_STEP][NOT_RUN] - executeJavaScript("var previewBar = document.getElementById("preview-bar-iframe"); previewBar.style.display = "none";", []): NOT_RUN: executeJavaScript("var previewBar = document.getElementById("preview-bar-iframe"); previewBar.style.display = "none";", [])

2019-06-17 16:16:09 - [MESSAGE][NOT_RUN] - NOT_RUN: executeJavaScript("var previewBar = document.getElementById("preview-bar-iframe"); previewBar.style.display = "none";", [])

2019-06-17 16:16:09 - [TEST_STEP][PASSED] - click(findTestObject("OCS-MOBILE /Accessories page/Travel storage")): Object: 'Object Repository/OCS-MOBILE /Accessories page/Travel storage' is clicked on

2019-06-17 16:16:13 - [MESSAGE][PASSED] - Object: 'Object Repository/OCS-MOBILE /Accessories page/Travel storage' is clicked on

2019-06-17 16:16:13 - [TEST_STEP][PASSED] - delay(1, CONTINUE_ON_FAILURE): Delayed 1 second(s)

2019-06-17 16:16:14 - [MESSAGE][PASSED] - Delayed 1 second(s)

2019-06-17 16:16:14 - [TEST_STEP][PASSED] - click(findTestObject("OCS-MOBILE /Age gate and burger menu/Burger menu - English"), CONTINUE_ON_FAILURE): Object: 'Object Repository/OCS-MOBILE /Age gate and burger menu/Burger menu - English' is clicked on

2019-06-17 16:16:14 - [MESSAGE][PASSED] - Object: 'Object Repository/OCS-MOBILE /Age gate and burger menu/Burger menu - English' is clicked on

2019-06-17 16:16:14 - [TEST_STEP][PASSED] - delay(2, CONTINUE_ON_FAILURE): Delayed 2 second(s)

2019-06-17 16:16:16 - [MESSAGE][PASSED] - Delayed 2 second(s)

2019-06-17 16:16:16 - [TEST_STEP][PASSED] - click(findTestObject("OCS-MOBILE /Accessories page/accessories chevron"), CONTINUE_ON_FAILURE): Object: 'Object Repository/OCS-MOBILE /Accessories page/accessories chevron' is clicked on

2019-06-17 16:16:16 - [MESSAGE][PASSED] - Object: 'Object Repository/OCS-MOBILE /Accessories page/accessories chevron' is clicked on

2019-06-17 16:16:16 - [TEST_STEP][PASSED] - delay(1, OPTIONAL): Delayed 1 second(s)

2019-06-17 16:16:17 - [MESSAGE][PASSED] - Delayed 1 second(s)

2019-06-17 16:16:17 - [TEST_STEP][NOT_RUN] - executeJavaScript("var previewBar = document.getElementById("preview-bar-iframe"); previewBar.style.display = "none";", []): NOT_RUN: executeJavaScript("var previewBar = document.getElementById("preview-bar-iframe"); previewBar.style.display = "none";", [])

2019-06-17 16:16:17 - [MESSAGE][NOT_RUN] - NOT_RUN: executeJavaScript("var previewBar = document.getElementById("preview-bar-iframe"); previewBar.style.display = "none";", [])

2019-06-17 16:16:17 - [TEST_STEP][PASSED] - delay(2, CONTINUE_ON_FAILURE): Delayed 2 second(s)

2019-06-17 16:16:19 - [MESSAGE][PASSED] - Delayed 2 second(s)

2019-06-17 16:16:19 - [TEST_STEP][FAILED] - click(findTestObject("OCS-MOBILE /Accessories page/Shop all acessories")): click(findTestObject("OCS-MOBILE /Accessories page/Shop all acessories")) FAILED.
Reason:
com.kms.katalon.core.exception.StepFailedException: Unable to click on object 'Object Repository/OCS-MOBILE /Accessories page/Shop all acessories' (Root cause: org.openqa.selenium.WebDriverException: unknown error: Element <a href="/collections/all-accessories" class="btn btn--primary btn--outline menu__tier-two__btn">...</a> is not clickable at point (238, 641). Other element would receive the click: <iframe title="Preview Bar" id="preview-bar-iframe" src="https://ocs.ca/preview_bar" sandbox="allow-same-origin allow-scripts" style="position: fixed; bottom: 0px; left: 0px; z-index: 2147483647; width: 100%; border: none; box-shadow: rgba(0, 0, 0, 0.2) 0px -1px 3px; overflow: hidden; transform: translateY(0px); transition: transform 300ms ease 0s; height: 92px;"></iframe>
  (Session info: chrome=75.0.3770.90)
  (Driver info: chromedriver=2.43.600229 (3fae4d0cda5334b4f533bede5a4787f7b832d052),platform=Mac OS X 10.13.6 x86_64) (WARNING: The server did not provide any stacktrace information)
Command duration or timeout: 0 milliseconds
Build info: version: '3.7.1', revision: '8a0099a', time: '2017-11-06T21:07:36.161Z'
System info: host: 'sumans-MacBook-Pro.local', ip: 'fe80:0:0:0:10f0:11f1:8277:c429%en0', os.name: 'Mac OS X', os.arch: 'x86_64', os.version: '10.13.6', java.version: '1.8.0_181'
Driver info: com.kms.katalon.selenium.driver.CChromeDriver
Capabilities {acceptInsecureCerts: false, acceptSslCerts: false, applicationCacheEnabled: false, browserConnectionEnabled: false, browserName: chrome, chrome: {chromedriverVersion: 2.43.600229 (3fae4d0cda5334..., userDataDir: /var/folders/1t/c55l8xzs6gq...}, cssSelectorsEnabled: true, databaseEnabled: false, goog:chromeOptions: {debuggerAddress: localhost:59788}, handlesAlerts: true, hasTouchScreen: false, javascriptEnabled: true, locationContextEnabled: true, mobileEmulationEnabled: false, nativeEvents: true, networkConnectionEnabled: false, pageLoadStrategy: normal, platform: MAC, platformName: MAC, rotatable: false, setWindowRect: true, takesHeapSnapshot: true, takesScreenshot: true, unexpectedAlertBehaviour: , unhandledPromptBehavior: , version: 75.0.3770.90, webStorageEnabled: true}
Session ID: 7eae087292aa1cfe4786325b998aa7e5)
	at com.kms.katalon.core.keyword.internal.KeywordMain.stepFailed(KeywordMain.groovy:36)
	at com.kms.katalon.core.webui.keyword.internal.WebUIKeywordMain.stepFailed(WebUIKeywordMain.groovy:65)
	at com.kms.katalon.core.webui.keyword.internal.WebUIKeywordMain.runKeyword(WebUIKeywordMain.groovy:27)
	at com.kms.katalon.core.webui.keyword.builtin.ClickKeyword.click(ClickKeyword.groovy:86)
	at com.kms.katalon.core.webui.keyword.builtin.ClickKeyword.execute(ClickKeyword.groovy:67)
	at com.kms.katalon.core.keyword.internal.KeywordExecutor.executeKeywordForPlatform(KeywordExecutor.groovy:53)
	at com.kms.katalon.core.webui.keyword.WebUiBuiltInKeywords.click(WebUiBuiltInKeywords.groovy:616)
	at com.kms.katalon.core.webui.keyword.WebUiBuiltInKeywords$click$4.call(Unknown Source)
	at HP-Burger menu-Accessories.run(HP-Burger menu-Accessories:346)
	at com.kms.katalon.core.main.ScriptEngine.run(ScriptEngine.java:194)
	at com.kms.katalon.core.main.ScriptEngine.runScriptAsRawText(ScriptEngine.java:119)
	at com.kms.katalon.core.main.TestCaseExecutor.runScript(TestCaseExecutor.java:328)
	at com.kms.katalon.core.main.TestCaseExecutor.doExecute(TestCaseExecutor.java:319)
	at com.kms.katalon.core.main.TestCaseExecutor.processExecutionPhase(TestCaseExecutor.java:298)
	at com.kms.katalon.core.main.TestCaseExecutor.accessMainPhase(TestCaseExecutor.java:290)
	at com.kms.katalon.core.main.TestCaseExecutor.execute(TestCaseExecutor.java:224)
	at com.kms.katalon.core.main.TestSuiteExecutor.accessTestCaseMainPhase(TestSuiteExecutor.java:129)
	at com.kms.katalon.core.main.TestSuiteExecutor.accessTestSuiteMainPhase(TestSuiteExecutor.java:112)
	at com.kms.katalon.core.main.TestSuiteExecutor.execute(TestSuiteExecutor.java:81)
	at com.kms.katalon.core.main.TestCaseMain.startTestSuite(TestCaseMain.java:149)
	at com.kms.katalon.core.main.TestCaseMain$startTestSuite$0.call(Unknown Source)
	at TempTestSuite1560802135767.run(TempTestSuite1560802135767.groovy:36)


2019-06-17 16:16:19 - [MESSAGE][FAILED] - Unable to click on object 'Object Repository/OCS-MOBILE /Accessories page/Shop all acessories' (Root cause: org.openqa.selenium.WebDriverException: unknown error: Element <a href="/collections/all-accessories" class="btn btn--primary btn--outline menu__tier-two__btn">...</a> is not clickable at point (238, 641). Other element would receive the click: <iframe title="Preview Bar" id="preview-bar-iframe" src="https://ocs.ca/preview_bar" sandbox="allow-same-origin allow-scripts" style="position: fixed; bottom: 0px; left: 0px; z-index: 2147483647; width: 100%; border: none; box-shadow: rgba(0, 0, 0, 0.2) 0px -1px 3px; overflow: hidden; transform: translateY(0px); transition: transform 300ms ease 0s; height: 92px;"></iframe>
  (Session info: chrome=75.0.3770.90)
  (Driver info: chromedriver=2.43.600229 (3fae4d0cda5334b4f533bede5a4787f7b832d052),platform=Mac OS X 10.13.6 x86_64) (WARNING: The server did not provide any stacktrace information)
Command duration or timeout: 0 milliseconds
Build info: version: '3.7.1', revision: '8a0099a', time: '2017-11-06T21:07:36.161Z'
System info: host: 'sumans-MacBook-Pro.local', ip: 'fe80:0:0:0:10f0:11f1:8277:c429%en0', os.name: 'Mac OS X', os.arch: 'x86_64', os.version: '10.13.6', java.version: '1.8.0_181'
Driver info: com.kms.katalon.selenium.driver.CChromeDriver
Capabilities {acceptInsecureCerts: false, acceptSslCerts: false, applicationCacheEnabled: false, browserConnectionEnabled: false, browserName: chrome, chrome: {chromedriverVersion: 2.43.600229 (3fae4d0cda5334..., userDataDir: /var/folders/1t/c55l8xzs6gq...}, cssSelectorsEnabled: true, databaseEnabled: false, goog:chromeOptions: {debuggerAddress: localhost:59788}, handlesAlerts: true, hasTouchScreen: false, javascriptEnabled: true, locationContextEnabled: true, mobileEmulationEnabled: false, nativeEvents: true, networkConnectionEnabled: false, pageLoadStrategy: normal, platform: MAC, platformName: MAC, rotatable: false, setWindowRect: true, takesHeapSnapshot: true, takesScreenshot: true, unexpectedAlertBehaviour: , unhandledPromptBehavior: , version: 75.0.3770.90, webStorageEnabled: true}
Session ID: 7eae087292aa1cfe4786325b998aa7e5)
[[ATTACHMENT|/Users/sumankompelly/Relative xpath-Mobile/Reports/OCS- 1.10.1/20190617_160855/1560802579349.png]]

2019-06-17 16:16:19 - [MESSAGE][FAILED] - click(findTestObject("OCS-MOBILE /Accessories page/Shop all acessories")) FAILED.
Reason:
com.kms.katalon.core.exception.StepFailedException: Unable to click on object 'Object Repository/OCS-MOBILE /Accessories page/Shop all acessories' (Root cause: org.openqa.selenium.WebDriverException: unknown error: Element <a href="/collections/all-accessories" class="btn btn--primary btn--outline menu__tier-two__btn">...</a> is not clickable at point (238, 641). Other element would receive the click: <iframe title="Preview Bar" id="preview-bar-iframe" src="https://ocs.ca/preview_bar" sandbox="allow-same-origin allow-scripts" style="position: fixed; bottom: 0px; left: 0px; z-index: 2147483647; width: 100%; border: none; box-shadow: rgba(0, 0, 0, 0.2) 0px -1px 3px; overflow: hidden; transform: translateY(0px); transition: transform 300ms ease 0s; height: 92px;"></iframe>
  (Session info: chrome=75.0.3770.90)
  (Driver info: chromedriver=2.43.600229 (3fae4d0cda5334b4f533bede5a4787f7b832d052),platform=Mac OS X 10.13.6 x86_64) (WARNING: The server did not provide any stacktrace information)
Command duration or timeout: 0 milliseconds
Build info: version: '3.7.1', revision: '8a0099a', time: '2017-11-06T21:07:36.161Z'
System info: host: 'sumans-MacBook-Pro.local', ip: 'fe80:0:0:0:10f0:11f1:8277:c429%en0', os.name: 'Mac OS X', os.arch: 'x86_64', os.version: '10.13.6', java.version: '1.8.0_181'
Driver info: com.kms.katalon.selenium.driver.CChromeDriver
Capabilities {acceptInsecureCerts: false, acceptSslCerts: false, applicationCacheEnabled: false, browserConnectionEnabled: false, browserName: chrome, chrome: {chromedriverVersion: 2.43.600229 (3fae4d0cda5334..., userDataDir: /var/folders/1t/c55l8xzs6gq...}, cssSelectorsEnabled: true, databaseEnabled: false, goog:chromeOptions: {debuggerAddress: localhost:59788}, handlesAlerts: true, hasTouchScreen: false, javascriptEnabled: true, locationContextEnabled: true, mobileEmulationEnabled: false, nativeEvents: true, networkConnectionEnabled: false, pageLoadStrategy: normal, platform: MAC, platformName: MAC, rotatable: false, setWindowRect: true, takesHeapSnapshot: true, takesScreenshot: true, unexpectedAlertBehaviour: , unhandledPromptBehavior: , version: 75.0.3770.90, webStorageEnabled: true}
Session ID: 7eae087292aa1cfe4786325b998aa7e5)
	at com.kms.katalon.core.keyword.internal.KeywordMain.stepFailed(KeywordMain.groovy:36)
	at com.kms.katalon.core.webui.keyword.internal.WebUIKeywordMain.stepFailed(WebUIKeywordMain.groovy:65)
	at com.kms.katalon.core.webui.keyword.internal.WebUIKeywordMain.runKeyword(WebUIKeywordMain.groovy:27)
	at com.kms.katalon.core.webui.keyword.builtin.ClickKeyword.click(ClickKeyword.groovy:86)
	at com.kms.katalon.core.webui.keyword.builtin.ClickKeyword.execute(ClickKeyword.groovy:67)
	at com.kms.katalon.core.keyword.internal.KeywordExecutor.executeKeywordForPlatform(KeywordExecutor.groovy:53)
	at com.kms.katalon.core.webui.keyword.WebUiBuiltInKeywords.click(WebUiBuiltInKeywords.groovy:616)
	at com.kms.katalon.core.webui.keyword.WebUiBuiltInKeywords$click$4.call(Unknown Source)
	at HP-Burger menu-Accessories.run(HP-Burger menu-Accessories:346)
	at com.kms.katalon.core.main.ScriptEngine.run(ScriptEngine.java:194)
	at com.kms.katalon.core.main.ScriptEngine.runScriptAsRawText(ScriptEngine.java:119)
	at com.kms.katalon.core.main.TestCaseExecutor.runScript(TestCaseExecutor.java:328)
	at com.kms.katalon.core.main.TestCaseExecutor.doExecute(TestCaseExecutor.java:319)
	at com.kms.katalon.core.main.TestCaseExecutor.processExecutionPhase(TestCaseExecutor.java:298)
	at com.kms.katalon.core.main.TestCaseExecutor.accessMainPhase(TestCaseExecutor.java:290)
	at com.kms.katalon.core.main.TestCaseExecutor.execute(TestCaseExecutor.java:224)
	at com.kms.katalon.core.main.TestSuiteExecutor.accessTestCaseMainPhase(TestSuiteExecutor.java:129)
	at com.kms.katalon.core.main.TestSuiteExecutor.accessTestSuiteMainPhase(TestSuiteExecutor.java:112)
	at com.kms.katalon.core.main.TestSuiteExecutor.execute(TestSuiteExecutor.java:81)
	at com.kms.katalon.core.main.TestCaseMain.startTestSuite(TestCaseMain.java:149)
	at com.kms.katalon.core.main.TestCaseMain$startTestSuite$0.call(Unknown Source)
	at TempTestSuite1560802135767.run(TempTestSuite1560802135767.groovy:36)]]></system-out>
         <system-err><![CDATA[2019-06-17 16:14:17 - [TEST_CASE][FAILED] - Test Cases/OCS - MOBILE/OCS- HOME PAGE/HP-Burger menu-Accessories: Test Cases/OCS - MOBILE/OCS- HOME PAGE/HP-Burger menu-Accessories FAILED.
Reason:
com.kms.katalon.core.exception.StepFailedException: Unable to click on object 'Object Repository/OCS-MOBILE /Accessories page/Shop all acessories' (Root cause: org.openqa.selenium.WebDriverException: unknown error: Element <a href="/collections/all-accessories" class="btn btn--primary btn--outline menu__tier-two__btn">...</a> is not clickable at point (238, 641). Other element would receive the click: <iframe title="Preview Bar" id="preview-bar-iframe" src="https://ocs.ca/preview_bar" sandbox="allow-same-origin allow-scripts" style="position: fixed; bottom: 0px; left: 0px; z-index: 2147483647; width: 100%; border: none; box-shadow: rgba(0, 0, 0, 0.2) 0px -1px 3px; overflow: hidden; transform: translateY(0px); transition: transform 300ms ease 0s; height: 92px;"></iframe>
  (Session info: chrome=75.0.3770.90)
  (Driver info: chromedriver=2.43.600229 (3fae4d0cda5334b4f533bede5a4787f7b832d052),platform=Mac OS X 10.13.6 x86_64) (WARNING: The server did not provide any stacktrace information)
Command duration or timeout: 0 milliseconds
Build info: version: '3.7.1', revision: '8a0099a', time: '2017-11-06T21:07:36.161Z'
System info: host: 'sumans-MacBook-Pro.local', ip: 'fe80:0:0:0:10f0:11f1:8277:c429%en0', os.name: 'Mac OS X', os.arch: 'x86_64', os.version: '10.13.6', java.version: '1.8.0_181'
Driver info: com.kms.katalon.selenium.driver.CChromeDriver
Capabilities {acceptInsecureCerts: false, acceptSslCerts: false, applicationCacheEnabled: false, browserConnectionEnabled: false, browserName: chrome, chrome: {chromedriverVersion: 2.43.600229 (3fae4d0cda5334..., userDataDir: /var/folders/1t/c55l8xzs6gq...}, cssSelectorsEnabled: true, databaseEnabled: false, goog:chromeOptions: {debuggerAddress: localhost:59788}, handlesAlerts: true, hasTouchScreen: false, javascriptEnabled: true, locationContextEnabled: true, mobileEmulationEnabled: false, nativeEvents: true, networkConnectionEnabled: false, pageLoadStrategy: normal, platform: MAC, platformName: MAC, rotatable: false, setWindowRect: true, takesHeapSnapshot: true, takesScreenshot: true, unexpectedAlertBehaviour: , unhandledPromptBehavior: , version: 75.0.3770.90, webStorageEnabled: true}
Session ID: 7eae087292aa1cfe4786325b998aa7e5)
	at com.kms.katalon.core.keyword.internal.KeywordMain.stepFailed(KeywordMain.groovy:36)
	at com.kms.katalon.core.webui.keyword.internal.WebUIKeywordMain.stepFailed(WebUIKeywordMain.groovy:65)
	at com.kms.katalon.core.webui.keyword.internal.WebUIKeywordMain.runKeyword(WebUIKeywordMain.groovy:27)
	at com.kms.katalon.core.webui.keyword.builtin.ClickKeyword.click(ClickKeyword.groovy:86)
	at com.kms.katalon.core.webui.keyword.builtin.ClickKeyword.execute(ClickKeyword.groovy:67)
	at com.kms.katalon.core.keyword.internal.KeywordExecutor.executeKeywordForPlatform(KeywordExecutor.groovy:53)
	at com.kms.katalon.core.webui.keyword.WebUiBuiltInKeywords.click(WebUiBuiltInKeywords.groovy:616)
	at com.kms.katalon.core.webui.keyword.WebUiBuiltInKeywords$click$4.call(Unknown Source)
	at HP-Burger menu-Accessories.run(HP-Burger menu-Accessories:346)
	at com.kms.katalon.core.main.ScriptEngine.run(ScriptEngine.java:194)
	at com.kms.katalon.core.main.ScriptEngine.runScriptAsRawText(ScriptEngine.java:119)
	at com.kms.katalon.core.main.TestCaseExecutor.runScript(TestCaseExecutor.java:328)
	at com.kms.katalon.core.main.TestCaseExecutor.doExecute(TestCaseExecutor.java:319)
	at com.kms.katalon.core.main.TestCaseExecutor.processExecutionPhase(TestCaseExecutor.java:298)
	at com.kms.katalon.core.main.TestCaseExecutor.accessMainPhase(TestCaseExecutor.java:290)
	at com.kms.katalon.core.main.TestCaseExecutor.execute(TestCaseExecutor.java:224)
	at com.kms.katalon.core.main.TestSuiteExecutor.accessTestCaseMainPhase(TestSuiteExecutor.java:129)
	at com.kms.katalon.core.main.TestSuiteExecutor.accessTestSuiteMainPhase(TestSuiteExecutor.java:112)
	at com.kms.katalon.core.main.TestSuiteExecutor.execute(TestSuiteExecutor.java:81)
	at com.kms.katalon.core.main.TestCaseMain.startTestSuite(TestCaseMain.java:149)
	at com.kms.katalon.core.main.TestCaseMain$startTestSuite$0.call(Unknown Source)
	at TempTestSuite1560802135767.run(TempTestSuite1560802135767.groovy:36)]]></system-err>
      </testcase>
      <testcase name="Test Cases/OCS - MOBILE/OCS- HOME PAGE/Announcement" classname="Test Cases/OCS - MOBILE/OCS- HOME PAGE/Announcement" status="FAILED">
         <failure type="FAILED" message="Test Cases/OCS - MOBILE/OCS- HOME PAGE/Announcement FAILED.
Reason:
com.kms.katalon.core.exception.StepFailedException: Text 'Due to holiday closures within the Canada Post network for Victoria Day, please expect some order delivery delays.' is not present on page 
	at com.kms.katalon.core.keyword.internal.KeywordMain.stepFailed(KeywordMain.groovy:32)
	at com.kms.katalon.core.webui.keyword.internal.WebUIKeywordMain.stepFailed(WebUIKeywordMain.groovy:65)
	at com.kms.katalon.core.webui.keyword.builtin.VerifyTextPresentKeyword$_verifyTextPresent_closure1.doCall(VerifyTextPresentKeyword.groovy:79)
	at com.kms.katalon.core.webui.keyword.builtin.VerifyTextPresentKeyword$_verifyTextPresent_closure1.call(VerifyTextPresentKeyword.groovy)
	at com.kms.katalon.core.webui.keyword.internal.WebUIKeywordMain.runKeyword(WebUIKeywordMain.groovy:21)
	at com.kms.katalon.core.webui.keyword.builtin.VerifyTextPresentKeyword.verifyTextPresent(VerifyTextPresentKeyword.groovy:83)
	at com.kms.katalon.core.webui.keyword.builtin.VerifyTextPresentKeyword.execute(VerifyTextPresentKeyword.groovy:68)
	at com.kms.katalon.core.keyword.internal.KeywordExecutor.executeKeywordForPlatform(KeywordExecutor.groovy:53)
	at com.kms.katalon.core.webui.keyword.WebUiBuiltInKeywords.verifyTextPresent(WebUiBuiltInKeywords.groovy:1677)
	at com.kms.katalon.core.webui.keyword.WebUiBuiltInKeywords$verifyTextPresent$8.call(Unknown Source)
	at Announcement.run(Announcement:18)
	at com.kms.katalon.core.main.ScriptEngine.run(ScriptEngine.java:194)
	at com.kms.katalon.core.main.ScriptEngine.runScriptAsRawText(ScriptEngine.java:119)
	at com.kms.katalon.core.main.TestCaseExecutor.runScript(TestCaseExecutor.java:328)
	at com.kms.katalon.core.main.TestCaseExecutor.doExecute(TestCaseExecutor.java:319)
	at com.kms.katalon.core.main.TestCaseExecutor.processExecutionPhase(TestCaseExecutor.java:298)
	at com.kms.katalon.core.main.TestCaseExecutor.accessMainPhase(TestCaseExecutor.java:290)
	at com.kms.katalon.core.main.TestCaseExecutor.execute(TestCaseExecutor.java:224)
	at com.kms.katalon.core.main.TestSuiteExecutor.accessTestCaseMainPhase(TestSuiteExecutor.java:129)
	at com.kms.katalon.core.main.TestSuiteExecutor.accessTestSuiteMainPhase(TestSuiteExecutor.java:112)
	at com.kms.katalon.core.main.TestSuiteExecutor.execute(TestSuiteExecutor.java:81)
	at com.kms.katalon.core.main.TestCaseMain.startTestSuite(TestCaseMain.java:149)
	at com.kms.katalon.core.main.TestCaseMain$startTestSuite$0.call(Unknown Source)
	at TempTestSuite1560802135767.run(TempTestSuite1560802135767.groovy:36)
"/>
         <system-out><![CDATA[2019-06-17 16:16:19 - [TEST_CASE][FAILED] - Test Cases/OCS - MOBILE/OCS- HOME PAGE/Announcement: Test Cases/OCS - MOBILE/OCS- HOME PAGE/Announcement FAILED.
Reason:
com.kms.katalon.core.exception.StepFailedException: Text 'Due to holiday closures within the Canada Post network for Victoria Day, please expect some order delivery delays.' is not present on page 
	at com.kms.katalon.core.keyword.internal.KeywordMain.stepFailed(KeywordMain.groovy:32)
	at com.kms.katalon.core.webui.keyword.internal.WebUIKeywordMain.stepFailed(WebUIKeywordMain.groovy:65)
	at com.kms.katalon.core.webui.keyword.builtin.VerifyTextPresentKeyword$_verifyTextPresent_closure1.doCall(VerifyTextPresentKeyword.groovy:79)
	at com.kms.katalon.core.webui.keyword.builtin.VerifyTextPresentKeyword$_verifyTextPresent_closure1.call(VerifyTextPresentKeyword.groovy)
	at com.kms.katalon.core.webui.keyword.internal.WebUIKeywordMain.runKeyword(WebUIKeywordMain.groovy:21)
	at com.kms.katalon.core.webui.keyword.builtin.VerifyTextPresentKeyword.verifyTextPresent(VerifyTextPresentKeyword.groovy:83)
	at com.kms.katalon.core.webui.keyword.builtin.VerifyTextPresentKeyword.execute(VerifyTextPresentKeyword.groovy:68)
	at com.kms.katalon.core.keyword.internal.KeywordExecutor.executeKeywordForPlatform(KeywordExecutor.groovy:53)
	at com.kms.katalon.core.webui.keyword.WebUiBuiltInKeywords.verifyTextPresent(WebUiBuiltInKeywords.groovy:1677)
	at com.kms.katalon.core.webui.keyword.WebUiBuiltInKeywords$verifyTextPresent$8.call(Unknown Source)
	at Announcement.run(Announcement:18)
	at com.kms.katalon.core.main.ScriptEngine.run(ScriptEngine.java:194)
	at com.kms.katalon.core.main.ScriptEngine.runScriptAsRawText(ScriptEngine.java:119)
	at com.kms.katalon.core.main.TestCaseExecutor.runScript(TestCaseExecutor.java:328)
	at com.kms.katalon.core.main.TestCaseExecutor.doExecute(TestCaseExecutor.java:319)
	at com.kms.katalon.core.main.TestCaseExecutor.processExecutionPhase(TestCaseExecutor.java:298)
	at com.kms.katalon.core.main.TestCaseExecutor.accessMainPhase(TestCaseExecutor.java:290)
	at com.kms.katalon.core.main.TestCaseExecutor.execute(TestCaseExecutor.java:224)
	at com.kms.katalon.core.main.TestSuiteExecutor.accessTestCaseMainPhase(TestSuiteExecutor.java:129)
	at com.kms.katalon.core.main.TestSuiteExecutor.accessTestSuiteMainPhase(TestSuiteExecutor.java:112)
	at com.kms.katalon.core.main.TestSuiteExecutor.execute(TestSuiteExecutor.java:81)
	at com.kms.katalon.core.main.TestCaseMain.startTestSuite(TestCaseMain.java:149)
	at com.kms.katalon.core.main.TestCaseMain$startTestSuite$0.call(Unknown Source)
	at TempTestSuite1560802135767.run(TempTestSuite1560802135767.groovy:36)


2019-06-17 16:16:19 - [TEST_STEP][PASSED] - callTestCase(findTestCase("OCS - MOBILE/CALL - AGE GATE"), [:], STOP_ON_FAILURE): Call Test Case 'Test Cases/OCS - MOBILE/CALL - AGE GATE' successfully

2019-06-17 16:16:19 - [TEST_CASE][PASSED] - Test Cases/OCS - MOBILE/CALL - AGE GATE: Test Cases/OCS - MOBILE/CALL - AGE GATE

2019-06-17 16:16:19 - [TEST_STEP][PASSED] - openBrowser(""): Browser is opened with url: ''

2019-06-17 16:16:19 - [MESSAGE][WARNING] - A browser is already opened. Closing browser and opening a new one

2019-06-17 16:16:20 - [MESSAGE][INFO] - Starting 'Chrome' driver

2019-06-17 16:16:21 - [MESSAGE][PASSED] - Browser is opened with url: ''

2019-06-17 16:16:21 - [TEST_STEP][PASSED] - navigateToUrl("https://ocs.ca/?fts=0&preview_theme_id=72920106828"): Navigate to 'https://ocs.ca/?fts=0&preview_theme_id=72920106828' successfully

2019-06-17 16:16:27 - [MESSAGE][PASSED] - Navigate to 'https://ocs.ca/?fts=0&preview_theme_id=72920106828' successfully

2019-06-17 16:16:27 - [TEST_STEP][PASSED] - executeJavaScript("var previewBar = document.getElementById("preview-bar-iframe"); previewBar.style.display = "none";", []): Execute JavaScript 'var previewBar = document.getElementById("preview-bar-iframe"); previewBar.style.display = "none";' successfully

2019-06-17 16:16:27 - [MESSAGE][PASSED] - Execute JavaScript 'var previewBar = document.getElementById("preview-bar-iframe"); previewBar.style.display = "none";' successfully

2019-06-17 16:16:27 - [TEST_STEP][PASSED] - setViewPortSize(360, 800): Viewport is set to new size with width = 360 and height = 800

2019-06-17 16:16:27 - [MESSAGE][PASSED] - Viewport is set to new size with width = 360 and height = 800

2019-06-17 16:16:27 - [TEST_STEP][PASSED] - delay(4): Delayed 4 second(s)

2019-06-17 16:16:31 - [MESSAGE][PASSED] - Delayed 4 second(s)

2019-06-17 16:16:31 - [TEST_STEP][PASSED] - selectOptionByValue(findTestObject("OCS-MOBILE /Age gate and burger menu/Date"), "12", true): All options with value '12' are selected in object 'Object Repository/OCS-MOBILE /Age gate and burger menu/Date'  using regular expression

2019-06-17 16:16:31 - [MESSAGE][PASSED] - All options with value '12' are selected in object 'Object Repository/OCS-MOBILE /Age gate and burger menu/Date'  using regular expression

2019-06-17 16:16:31 - [TEST_STEP][PASSED] - selectOptionByValue(findTestObject("OCS-MOBILE /Age gate and burger menu/month"), "6", true): All options with value '6' are selected in object 'Object Repository/OCS-MOBILE /Age gate and burger menu/month'  using regular expression

2019-06-17 16:16:32 - [MESSAGE][PASSED] - All options with value '6' are selected in object 'Object Repository/OCS-MOBILE /Age gate and burger menu/month'  using regular expression

2019-06-17 16:16:32 - [TEST_STEP][PASSED] - delay(2): Delayed 2 second(s)

2019-06-17 16:16:34 - [MESSAGE][PASSED] - Delayed 2 second(s)

2019-06-17 16:16:34 - [TEST_STEP][PASSED] - selectOptionByValue(findTestObject("OCS-MOBILE /Age gate and burger menu/Year Dropdown"), "1990", true): All options with value '1990' are selected in object 'Object Repository/OCS-MOBILE /Age gate and burger menu/Year Dropdown'  using regular expression

2019-06-17 16:16:35 - [MESSAGE][PASSED] - All options with value '1990' are selected in object 'Object Repository/OCS-MOBILE /Age gate and burger menu/Year Dropdown'  using regular expression

2019-06-17 16:16:35 - [TEST_STEP][PASSED] - click(findTestObject("OCS-MOBILE /Age gate and Mega menu/button_Verify")): Object: 'Object Repository/OCS-MOBILE /Age gate and Mega menu/button_Verify' is clicked on

2019-06-17 16:16:35 - [MESSAGE][PASSED] - Object: 'Object Repository/OCS-MOBILE /Age gate and Mega menu/button_Verify' is clicked on

2019-06-17 16:16:35 - [TEST_STEP][PASSED] - click(findTestObject("OCS-MOBILE /Age gate and Mega menu/Checkbox_CONFIRM AND ACKNOWLEDGE")): Object: 'Object Repository/OCS-MOBILE /Age gate and Mega menu/Checkbox_CONFIRM AND ACKNOWLEDGE' is clicked on

2019-06-17 16:16:35 - [MESSAGE][PASSED] - Object: 'Object Repository/OCS-MOBILE /Age gate and Mega menu/Checkbox_CONFIRM AND ACKNOWLEDGE' is clicked on

2019-06-17 16:16:35 - [TEST_STEP][PASSED] - click(findTestObject("OCS-MOBILE /Age gate and Mega menu/button_CONFIRM")): Object: 'Object Repository/OCS-MOBILE /Age gate and Mega menu/button_CONFIRM' is clicked on

2019-06-17 16:16:35 - [MESSAGE][PASSED] - Object: 'Object Repository/OCS-MOBILE /Age gate and Mega menu/button_CONFIRM' is clicked on

2019-06-17 16:16:35 - [TEST_STEP][PASSED] - click(findTestObject("OCS-MOBILE /Age gate and Mega menu/button_Start Browsing")): Object: 'Object Repository/OCS-MOBILE /Age gate and Mega menu/button_Start Browsing' is clicked on

2019-06-17 16:16:35 - [MESSAGE][PASSED] - Object: 'Object Repository/OCS-MOBILE /Age gate and Mega menu/button_Start Browsing' is clicked on

2019-06-17 16:16:35 - [TEST_STEP][PASSED] - refresh(): Refresh successfully

2019-06-17 16:16:35 - [MESSAGE][PASSED] - Refresh successfully

2019-06-17 16:16:35 - [MESSAGE][PASSED] - Call Test Case 'Test Cases/OCS - MOBILE/CALL - AGE GATE' successfully

2019-06-17 16:16:35 - [TEST_STEP][FAILED] - flag = verifyTextPresent("Due to holiday closures within the Canada Post network for Victoria Day, please expect some order delivery delays.", false, CONTINUE_ON_FAILURE): Text 'Due to holiday closures within the Canada Post network for Victoria Day, please expect some order delivery delays.' is not present on page 

2019-06-17 16:16:40 - [MESSAGE][FAILED] - Text 'Due to holiday closures within the Canada Post network for Victoria Day, please expect some order delivery delays.' is not present on page 

2019-06-17 16:16:40 - [TEST_STEP][PASSED] - delay(2): Delayed 2 second(s)

2019-06-17 16:16:42 - [MESSAGE][PASSED] - Delayed 2 second(s)

2019-06-17 16:16:42 - [TEST_STEP][PASSED] - comment("flag =" + flag): flag =false

2019-06-17 16:16:42 - [MESSAGE][INFO] - flag =false

2019-06-17 16:16:42 - [TEST_STEP][FAILED] - if (flag == false): if (flag == false) FAILED.
Reason:
com.kms.katalon.core.exception.StepFailedException: Text 'Due to holiday closures within the Canada Post network for Victoria Day, please expect some order delivery delays.' is not present on page 
	at com.kms.katalon.core.keyword.internal.KeywordMain.stepFailed(KeywordMain.groovy:32)
	at com.kms.katalon.core.webui.keyword.internal.WebUIKeywordMain.stepFailed(WebUIKeywordMain.groovy:65)
	at com.kms.katalon.core.webui.keyword.builtin.VerifyTextPresentKeyword$_verifyTextPresent_closure1.doCall(VerifyTextPresentKeyword.groovy:79)
	at com.kms.katalon.core.webui.keyword.builtin.VerifyTextPresentKeyword$_verifyTextPresent_closure1.call(VerifyTextPresentKeyword.groovy)
	at com.kms.katalon.core.webui.keyword.internal.WebUIKeywordMain.runKeyword(WebUIKeywordMain.groovy:21)
	at com.kms.katalon.core.webui.keyword.builtin.VerifyTextPresentKeyword.verifyTextPresent(VerifyTextPresentKeyword.groovy:83)
	at com.kms.katalon.core.webui.keyword.builtin.VerifyTextPresentKeyword.execute(VerifyTextPresentKeyword.groovy:68)
	at com.kms.katalon.core.keyword.internal.KeywordExecutor.executeKeywordForPlatform(KeywordExecutor.groovy:53)
	at com.kms.katalon.core.webui.keyword.WebUiBuiltInKeywords.verifyTextPresent(WebUiBuiltInKeywords.groovy:1677)
	at com.kms.katalon.core.webui.keyword.WebUiBuiltInKeywords$verifyTextPresent$8.call(Unknown Source)
	at Announcement.run(Announcement:18)
	at com.kms.katalon.core.main.ScriptEngine.run(ScriptEngine.java:194)
	at com.kms.katalon.core.main.ScriptEngine.runScriptAsRawText(ScriptEngine.java:119)
	at com.kms.katalon.core.main.TestCaseExecutor.runScript(TestCaseExecutor.java:328)
	at com.kms.katalon.core.main.TestCaseExecutor.doExecute(TestCaseExecutor.java:319)
	at com.kms.katalon.core.main.TestCaseExecutor.processExecutionPhase(TestCaseExecutor.java:298)
	at com.kms.katalon.core.main.TestCaseExecutor.accessMainPhase(TestCaseExecutor.java:290)
	at com.kms.katalon.core.main.TestCaseExecutor.execute(TestCaseExecutor.java:224)
	at com.kms.katalon.core.main.TestSuiteExecutor.accessTestCaseMainPhase(TestSuiteExecutor.java:129)
	at com.kms.katalon.core.main.TestSuiteExecutor.accessTestSuiteMainPhase(TestSuiteExecutor.java:112)
	at com.kms.katalon.core.main.TestSuiteExecutor.execute(TestSuiteExecutor.java:81)
	at com.kms.katalon.core.main.TestCaseMain.startTestSuite(TestCaseMain.java:149)
	at com.kms.katalon.core.main.TestCaseMain$startTestSuite$0.call(Unknown Source)
	at TempTestSuite1560802135767.run(TempTestSuite1560802135767.groovy:36)


2019-06-17 16:16:42 - [TEST_STEP][FAILED] - comment(" there is no  announcment "): if (flag == false) FAILED.
Reason:
com.kms.katalon.core.exception.StepFailedException: Text 'Due to holiday closures within the Canada Post network for Victoria Day, please expect some order delivery delays.' is not present on page 
	at com.kms.katalon.core.keyword.internal.KeywordMain.stepFailed(KeywordMain.groovy:32)
	at com.kms.katalon.core.webui.keyword.internal.WebUIKeywordMain.stepFailed(WebUIKeywordMain.groovy:65)
	at com.kms.katalon.core.webui.keyword.builtin.VerifyTextPresentKeyword$_verifyTextPresent_closure1.doCall(VerifyTextPresentKeyword.groovy:79)
	at com.kms.katalon.core.webui.keyword.builtin.VerifyTextPresentKeyword$_verifyTextPresent_closure1.call(VerifyTextPresentKeyword.groovy)
	at com.kms.katalon.core.webui.keyword.internal.WebUIKeywordMain.runKeyword(WebUIKeywordMain.groovy:21)
	at com.kms.katalon.core.webui.keyword.builtin.VerifyTextPresentKeyword.verifyTextPresent(VerifyTextPresentKeyword.groovy:83)
	at com.kms.katalon.core.webui.keyword.builtin.VerifyTextPresentKeyword.execute(VerifyTextPresentKeyword.groovy:68)
	at com.kms.katalon.core.keyword.internal.KeywordExecutor.executeKeywordForPlatform(KeywordExecutor.groovy:53)
	at com.kms.katalon.core.webui.keyword.WebUiBuiltInKeywords.verifyTextPresent(WebUiBuiltInKeywords.groovy:1677)
	at com.kms.katalon.core.webui.keyword.WebUiBuiltInKeywords$verifyTextPresent$8.call(Unknown Source)
	at Announcement.run(Announcement:18)
	at com.kms.katalon.core.main.ScriptEngine.run(ScriptEngine.java:194)
	at com.kms.katalon.core.main.ScriptEngine.runScriptAsRawText(ScriptEngine.java:119)
	at com.kms.katalon.core.main.TestCaseExecutor.runScript(TestCaseExecutor.java:328)
	at com.kms.katalon.core.main.TestCaseExecutor.doExecute(TestCaseExecutor.java:319)
	at com.kms.katalon.core.main.TestCaseExecutor.processExecutionPhase(TestCaseExecutor.java:298)
	at com.kms.katalon.core.main.TestCaseExecutor.accessMainPhase(TestCaseExecutor.java:290)
	at com.kms.katalon.core.main.TestCaseExecutor.execute(TestCaseExecutor.java:224)
	at com.kms.katalon.core.main.TestSuiteExecutor.accessTestCaseMainPhase(TestSuiteExecutor.java:129)
	at com.kms.katalon.core.main.TestSuiteExecutor.accessTestSuiteMainPhase(TestSuiteExecutor.java:112)
	at com.kms.katalon.core.main.TestSuiteExecutor.execute(TestSuiteExecutor.java:81)
	at com.kms.katalon.core.main.TestCaseMain.startTestSuite(TestCaseMain.java:149)
	at com.kms.katalon.core.main.TestCaseMain$startTestSuite$0.call(Unknown Source)
	at TempTestSuite1560802135767.run(TempTestSuite1560802135767.groovy:36)


2019-06-17 16:16:42 - [MESSAGE][INFO] -  there is no  announcment 

2019-06-17 16:16:42 - [MESSAGE][FAILED] - if (flag == false) FAILED.
Reason:
com.kms.katalon.core.exception.StepFailedException: Text 'Due to holiday closures within the Canada Post network for Victoria Day, please expect some order delivery delays.' is not present on page 
	at com.kms.katalon.core.keyword.internal.KeywordMain.stepFailed(KeywordMain.groovy:32)
	at com.kms.katalon.core.webui.keyword.internal.WebUIKeywordMain.stepFailed(WebUIKeywordMain.groovy:65)
	at com.kms.katalon.core.webui.keyword.builtin.VerifyTextPresentKeyword$_verifyTextPresent_closure1.doCall(VerifyTextPresentKeyword.groovy:79)
	at com.kms.katalon.core.webui.keyword.builtin.VerifyTextPresentKeyword$_verifyTextPresent_closure1.call(VerifyTextPresentKeyword.groovy)
	at com.kms.katalon.core.webui.keyword.internal.WebUIKeywordMain.runKeyword(WebUIKeywordMain.groovy:21)
	at com.kms.katalon.core.webui.keyword.builtin.VerifyTextPresentKeyword.verifyTextPresent(VerifyTextPresentKeyword.groovy:83)
	at com.kms.katalon.core.webui.keyword.builtin.VerifyTextPresentKeyword.execute(VerifyTextPresentKeyword.groovy:68)
	at com.kms.katalon.core.keyword.internal.KeywordExecutor.executeKeywordForPlatform(KeywordExecutor.groovy:53)
	at com.kms.katalon.core.webui.keyword.WebUiBuiltInKeywords.verifyTextPresent(WebUiBuiltInKeywords.groovy:1677)
	at com.kms.katalon.core.webui.keyword.WebUiBuiltInKeywords$verifyTextPresent$8.call(Unknown Source)
	at Announcement.run(Announcement:18)
	at com.kms.katalon.core.main.ScriptEngine.run(ScriptEngine.java:194)
	at com.kms.katalon.core.main.ScriptEngine.runScriptAsRawText(ScriptEngine.java:119)
	at com.kms.katalon.core.main.TestCaseExecutor.runScript(TestCaseExecutor.java:328)
	at com.kms.katalon.core.main.TestCaseExecutor.doExecute(TestCaseExecutor.java:319)
	at com.kms.katalon.core.main.TestCaseExecutor.processExecutionPhase(TestCaseExecutor.java:298)
	at com.kms.katalon.core.main.TestCaseExecutor.accessMainPhase(TestCaseExecutor.java:290)
	at com.kms.katalon.core.main.TestCaseExecutor.execute(TestCaseExecutor.java:224)
	at com.kms.katalon.core.main.TestSuiteExecutor.accessTestCaseMainPhase(TestSuiteExecutor.java:129)
	at com.kms.katalon.core.main.TestSuiteExecutor.accessTestSuiteMainPhase(TestSuiteExecutor.java:112)
	at com.kms.katalon.core.main.TestSuiteExecutor.execute(TestSuiteExecutor.java:81)
	at com.kms.katalon.core.main.TestCaseMain.startTestSuite(TestCaseMain.java:149)
	at com.kms.katalon.core.main.TestCaseMain$startTestSuite$0.call(Unknown Source)
	at TempTestSuite1560802135767.run(TempTestSuite1560802135767.groovy:36)]]></system-out>
         <system-err><![CDATA[2019-06-17 16:16:19 - [TEST_CASE][FAILED] - Test Cases/OCS - MOBILE/OCS- HOME PAGE/Announcement: Test Cases/OCS - MOBILE/OCS- HOME PAGE/Announcement FAILED.
Reason:
com.kms.katalon.core.exception.StepFailedException: Text 'Due to holiday closures within the Canada Post network for Victoria Day, please expect some order delivery delays.' is not present on page 
	at com.kms.katalon.core.keyword.internal.KeywordMain.stepFailed(KeywordMain.groovy:32)
	at com.kms.katalon.core.webui.keyword.internal.WebUIKeywordMain.stepFailed(WebUIKeywordMain.groovy:65)
	at com.kms.katalon.core.webui.keyword.builtin.VerifyTextPresentKeyword$_verifyTextPresent_closure1.doCall(VerifyTextPresentKeyword.groovy:79)
	at com.kms.katalon.core.webui.keyword.builtin.VerifyTextPresentKeyword$_verifyTextPresent_closure1.call(VerifyTextPresentKeyword.groovy)
	at com.kms.katalon.core.webui.keyword.internal.WebUIKeywordMain.runKeyword(WebUIKeywordMain.groovy:21)
	at com.kms.katalon.core.webui.keyword.builtin.VerifyTextPresentKeyword.verifyTextPresent(VerifyTextPresentKeyword.groovy:83)
	at com.kms.katalon.core.webui.keyword.builtin.VerifyTextPresentKeyword.execute(VerifyTextPresentKeyword.groovy:68)
	at com.kms.katalon.core.keyword.internal.KeywordExecutor.executeKeywordForPlatform(KeywordExecutor.groovy:53)
	at com.kms.katalon.core.webui.keyword.WebUiBuiltInKeywords.verifyTextPresent(WebUiBuiltInKeywords.groovy:1677)
	at com.kms.katalon.core.webui.keyword.WebUiBuiltInKeywords$verifyTextPresent$8.call(Unknown Source)
	at Announcement.run(Announcement:18)
	at com.kms.katalon.core.main.ScriptEngine.run(ScriptEngine.java:194)
	at com.kms.katalon.core.main.ScriptEngine.runScriptAsRawText(ScriptEngine.java:119)
	at com.kms.katalon.core.main.TestCaseExecutor.runScript(TestCaseExecutor.java:328)
	at com.kms.katalon.core.main.TestCaseExecutor.doExecute(TestCaseExecutor.java:319)
	at com.kms.katalon.core.main.TestCaseExecutor.processExecutionPhase(TestCaseExecutor.java:298)
	at com.kms.katalon.core.main.TestCaseExecutor.accessMainPhase(TestCaseExecutor.java:290)
	at com.kms.katalon.core.main.TestCaseExecutor.execute(TestCaseExecutor.java:224)
	at com.kms.katalon.core.main.TestSuiteExecutor.accessTestCaseMainPhase(TestSuiteExecutor.java:129)
	at com.kms.katalon.core.main.TestSuiteExecutor.accessTestSuiteMainPhase(TestSuiteExecutor.java:112)
	at com.kms.katalon.core.main.TestSuiteExecutor.execute(TestSuiteExecutor.java:81)
	at com.kms.katalon.core.main.TestCaseMain.startTestSuite(TestCaseMain.java:149)
	at com.kms.katalon.core.main.TestCaseMain$startTestSuite$0.call(Unknown Source)
	at TempTestSuite1560802135767.run(TempTestSuite1560802135767.groovy:36)]]></system-err>
      </testcase>
      <testcase name="Test Cases/OCS - MOBILE/OCS- HOME PAGE/cart flyout" classname="Test Cases/OCS - MOBILE/OCS- HOME PAGE/cart flyout" status="PASSED">
         <system-out><![CDATA[2019-06-17 16:16:42 - [TEST_CASE][PASSED] - Test Cases/OCS - MOBILE/OCS- HOME PAGE/cart flyout: Test Cases/OCS - MOBILE/OCS- HOME PAGE/cart flyout

2019-06-17 16:16:42 - [TEST_STEP][PASSED] - callTestCase(findTestCase("OCS - MOBILE/CALL - AGE GATE"), [:], STOP_ON_FAILURE): Call Test Case 'Test Cases/OCS - MOBILE/CALL - AGE GATE' successfully

2019-06-17 16:16:42 - [TEST_CASE][PASSED] - Test Cases/OCS - MOBILE/CALL - AGE GATE: Test Cases/OCS - MOBILE/CALL - AGE GATE

2019-06-17 16:16:42 - [TEST_STEP][PASSED] - openBrowser(""): Browser is opened with url: ''

2019-06-17 16:16:42 - [MESSAGE][WARNING] - A browser is already opened. Closing browser and opening a new one

2019-06-17 16:16:43 - [MESSAGE][INFO] - Starting 'Chrome' driver

2019-06-17 16:16:44 - [MESSAGE][PASSED] - Browser is opened with url: ''

2019-06-17 16:16:44 - [TEST_STEP][PASSED] - navigateToUrl("https://ocs.ca/?fts=0&preview_theme_id=72920106828"): Navigate to 'https://ocs.ca/?fts=0&preview_theme_id=72920106828' successfully

2019-06-17 16:16:50 - [MESSAGE][PASSED] - Navigate to 'https://ocs.ca/?fts=0&preview_theme_id=72920106828' successfully

2019-06-17 16:16:50 - [TEST_STEP][PASSED] - executeJavaScript("var previewBar = document.getElementById("preview-bar-iframe"); previewBar.style.display = "none";", []): Execute JavaScript 'var previewBar = document.getElementById("preview-bar-iframe"); previewBar.style.display = "none";' successfully

2019-06-17 16:16:50 - [MESSAGE][PASSED] - Execute JavaScript 'var previewBar = document.getElementById("preview-bar-iframe"); previewBar.style.display = "none";' successfully

2019-06-17 16:16:50 - [TEST_STEP][PASSED] - setViewPortSize(360, 800): Viewport is set to new size with width = 360 and height = 800

2019-06-17 16:16:50 - [MESSAGE][PASSED] - Viewport is set to new size with width = 360 and height = 800

2019-06-17 16:16:50 - [TEST_STEP][PASSED] - delay(4): Delayed 4 second(s)

2019-06-17 16:16:54 - [MESSAGE][PASSED] - Delayed 4 second(s)

2019-06-17 16:16:54 - [TEST_STEP][PASSED] - selectOptionByValue(findTestObject("OCS-MOBILE /Age gate and burger menu/Date"), "12", true): All options with value '12' are selected in object 'Object Repository/OCS-MOBILE /Age gate and burger menu/Date'  using regular expression

2019-06-17 16:16:54 - [MESSAGE][PASSED] - All options with value '12' are selected in object 'Object Repository/OCS-MOBILE /Age gate and burger menu/Date'  using regular expression

2019-06-17 16:16:54 - [TEST_STEP][PASSED] - selectOptionByValue(findTestObject("OCS-MOBILE /Age gate and burger menu/month"), "6", true): All options with value '6' are selected in object 'Object Repository/OCS-MOBILE /Age gate and burger menu/month'  using regular expression

2019-06-17 16:16:54 - [MESSAGE][PASSED] - All options with value '6' are selected in object 'Object Repository/OCS-MOBILE /Age gate and burger menu/month'  using regular expression

2019-06-17 16:16:54 - [TEST_STEP][PASSED] - delay(2): Delayed 2 second(s)

2019-06-17 16:16:56 - [MESSAGE][PASSED] - Delayed 2 second(s)

2019-06-17 16:16:56 - [TEST_STEP][PASSED] - selectOptionByValue(findTestObject("OCS-MOBILE /Age gate and burger menu/Year Dropdown"), "1990", true): All options with value '1990' are selected in object 'Object Repository/OCS-MOBILE /Age gate and burger menu/Year Dropdown'  using regular expression

2019-06-17 16:16:57 - [MESSAGE][PASSED] - All options with value '1990' are selected in object 'Object Repository/OCS-MOBILE /Age gate and burger menu/Year Dropdown'  using regular expression

2019-06-17 16:16:57 - [TEST_STEP][PASSED] - click(findTestObject("OCS-MOBILE /Age gate and Mega menu/button_Verify")): Object: 'Object Repository/OCS-MOBILE /Age gate and Mega menu/button_Verify' is clicked on

2019-06-17 16:16:58 - [MESSAGE][PASSED] - Object: 'Object Repository/OCS-MOBILE /Age gate and Mega menu/button_Verify' is clicked on

2019-06-17 16:16:58 - [TEST_STEP][PASSED] - click(findTestObject("OCS-MOBILE /Age gate and Mega menu/Checkbox_CONFIRM AND ACKNOWLEDGE")): Object: 'Object Repository/OCS-MOBILE /Age gate and Mega menu/Checkbox_CONFIRM AND ACKNOWLEDGE' is clicked on

2019-06-17 16:16:58 - [MESSAGE][PASSED] - Object: 'Object Repository/OCS-MOBILE /Age gate and Mega menu/Checkbox_CONFIRM AND ACKNOWLEDGE' is clicked on

2019-06-17 16:16:58 - [TEST_STEP][PASSED] - click(findTestObject("OCS-MOBILE /Age gate and Mega menu/button_CONFIRM")): Object: 'Object Repository/OCS-MOBILE /Age gate and Mega menu/button_CONFIRM' is clicked on

2019-06-17 16:16:58 - [MESSAGE][PASSED] - Object: 'Object Repository/OCS-MOBILE /Age gate and Mega menu/button_CONFIRM' is clicked on

2019-06-17 16:16:58 - [TEST_STEP][PASSED] - click(findTestObject("OCS-MOBILE /Age gate and Mega menu/button_Start Browsing")): Object: 'Object Repository/OCS-MOBILE /Age gate and Mega menu/button_Start Browsing' is clicked on

2019-06-17 16:16:58 - [MESSAGE][PASSED] - Object: 'Object Repository/OCS-MOBILE /Age gate and Mega menu/button_Start Browsing' is clicked on

2019-06-17 16:16:58 - [TEST_STEP][PASSED] - refresh(): Refresh successfully

2019-06-17 16:16:58 - [MESSAGE][PASSED] - Refresh successfully

2019-06-17 16:16:58 - [MESSAGE][PASSED] - Call Test Case 'Test Cases/OCS - MOBILE/CALL - AGE GATE' successfully

2019-06-17 16:16:58 - [TEST_STEP][PASSED] - delay(2): Delayed 2 second(s)

2019-06-17 16:17:00 - [MESSAGE][PASSED] - Delayed 2 second(s)

2019-06-17 16:17:00 - [TEST_STEP][PASSED] - click(findTestObject("OCS-MOBILE /Home - page/Cart icon -bag")): Object: 'Object Repository/OCS-MOBILE /Home - page/Cart icon -bag' is clicked on

2019-06-17 16:17:03 - [MESSAGE][PASSED] - Object: 'Object Repository/OCS-MOBILE /Home - page/Cart icon -bag' is clicked on

2019-06-17 16:17:03 - [TEST_STEP][PASSED] - delay(3): Delayed 3 second(s)

2019-06-17 16:17:06 - [MESSAGE][PASSED] - Delayed 3 second(s)

2019-06-17 16:17:06 - [TEST_STEP][PASSED] - verifyTextPresent("Bag", false, OPTIONAL): Text 'Bag' is present on page 

2019-06-17 16:17:06 - [MESSAGE][PASSED] - Text 'Bag' is present on page 

2019-06-17 16:17:06 - [TEST_STEP][PASSED] - if (true):  cart flyout opened 

2019-06-17 16:17:06 - [TEST_STEP][PASSED] - comment(" cart flyout opened "):  cart flyout opened 

2019-06-17 16:17:06 - [MESSAGE][INFO] -  cart flyout opened 

2019-06-17 16:17:06 - [TEST_STEP][PASSED] - delay(5): Delayed 5 second(s)

2019-06-17 16:17:11 - [MESSAGE][PASSED] - Delayed 5 second(s)

2019-06-17 16:17:11 - [TEST_STEP][PASSED] - click(findTestObject("OCS-MOBILE /Home - page/Collapse cart flyout")): Object: 'Object Repository/OCS-MOBILE /Home - page/Collapse cart flyout' is clicked on

2019-06-17 16:17:11 - [MESSAGE][PASSED] - Object: 'Object Repository/OCS-MOBILE /Home - page/Collapse cart flyout' is clicked on

2019-06-17 16:17:11 - [TEST_STEP][PASSED] - verifyTextPresent("Bag", false, OPTIONAL): Text 'Bag' is present on page 

2019-06-17 16:17:11 - [MESSAGE][PASSED] - Text 'Bag' is present on page 

2019-06-17 16:17:11 - [TEST_STEP][PASSED] - if (true):  cart flyout closed 

2019-06-17 16:17:11 - [TEST_STEP][PASSED] - comment(" cart flyout closed "):  cart flyout closed 

2019-06-17 16:17:11 - [MESSAGE][INFO] -  cart flyout closed]]></system-out>
         <system-err><![CDATA[]]></system-err>
      </testcase>
      <testcase name="Test Cases/OCS - MOBILE/OCS- HOME PAGE/Retail stores link" classname="Test Cases/OCS - MOBILE/OCS- HOME PAGE/Retail stores link" status="PASSED">
         <system-out><![CDATA[2019-06-17 16:17:11 - [TEST_CASE][PASSED] - Test Cases/OCS - MOBILE/OCS- HOME PAGE/Retail stores link: Test Cases/OCS - MOBILE/OCS- HOME PAGE/Retail stores link

2019-06-17 16:17:12 - [TEST_STEP][PASSED] - callTestCase(findTestCase("OCS - MOBILE/CALL - AGE GATE"), [:], STOP_ON_FAILURE): Call Test Case 'Test Cases/OCS - MOBILE/CALL - AGE GATE' successfully

2019-06-17 16:17:12 - [TEST_CASE][PASSED] - Test Cases/OCS - MOBILE/CALL - AGE GATE: Test Cases/OCS - MOBILE/CALL - AGE GATE

2019-06-17 16:17:12 - [TEST_STEP][PASSED] - openBrowser(""): Browser is opened with url: ''

2019-06-17 16:17:12 - [MESSAGE][WARNING] - A browser is already opened. Closing browser and opening a new one

2019-06-17 16:17:12 - [MESSAGE][INFO] - Starting 'Chrome' driver

2019-06-17 16:17:13 - [MESSAGE][PASSED] - Browser is opened with url: ''

2019-06-17 16:17:13 - [TEST_STEP][PASSED] - navigateToUrl("https://ocs.ca/?fts=0&preview_theme_id=72920106828"): Navigate to 'https://ocs.ca/?fts=0&preview_theme_id=72920106828' successfully

2019-06-17 16:17:20 - [MESSAGE][PASSED] - Navigate to 'https://ocs.ca/?fts=0&preview_theme_id=72920106828' successfully

2019-06-17 16:17:20 - [TEST_STEP][PASSED] - executeJavaScript("var previewBar = document.getElementById("preview-bar-iframe"); previewBar.style.display = "none";", []): Execute JavaScript 'var previewBar = document.getElementById("preview-bar-iframe"); previewBar.style.display = "none";' successfully

2019-06-17 16:17:20 - [MESSAGE][PASSED] - Execute JavaScript 'var previewBar = document.getElementById("preview-bar-iframe"); previewBar.style.display = "none";' successfully

2019-06-17 16:17:20 - [TEST_STEP][PASSED] - setViewPortSize(360, 800): Viewport is set to new size with width = 360 and height = 800

2019-06-17 16:17:20 - [MESSAGE][PASSED] - Viewport is set to new size with width = 360 and height = 800

2019-06-17 16:17:20 - [TEST_STEP][PASSED] - delay(4): Delayed 4 second(s)

2019-06-17 16:17:24 - [MESSAGE][PASSED] - Delayed 4 second(s)

2019-06-17 16:17:24 - [TEST_STEP][PASSED] - selectOptionByValue(findTestObject("OCS-MOBILE /Age gate and burger menu/Date"), "12", true): All options with value '12' are selected in object 'Object Repository/OCS-MOBILE /Age gate and burger menu/Date'  using regular expression

2019-06-17 16:17:24 - [MESSAGE][PASSED] - All options with value '12' are selected in object 'Object Repository/OCS-MOBILE /Age gate and burger menu/Date'  using regular expression

2019-06-17 16:17:24 - [TEST_STEP][PASSED] - selectOptionByValue(findTestObject("OCS-MOBILE /Age gate and burger menu/month"), "6", true): All options with value '6' are selected in object 'Object Repository/OCS-MOBILE /Age gate and burger menu/month'  using regular expression

2019-06-17 16:17:24 - [MESSAGE][PASSED] - All options with value '6' are selected in object 'Object Repository/OCS-MOBILE /Age gate and burger menu/month'  using regular expression

2019-06-17 16:17:24 - [TEST_STEP][PASSED] - delay(2): Delayed 2 second(s)

2019-06-17 16:17:26 - [MESSAGE][PASSED] - Delayed 2 second(s)

2019-06-17 16:17:26 - [TEST_STEP][PASSED] - selectOptionByValue(findTestObject("OCS-MOBILE /Age gate and burger menu/Year Dropdown"), "1990", true): All options with value '1990' are selected in object 'Object Repository/OCS-MOBILE /Age gate and burger menu/Year Dropdown'  using regular expression

2019-06-17 16:17:27 - [MESSAGE][PASSED] - All options with value '1990' are selected in object 'Object Repository/OCS-MOBILE /Age gate and burger menu/Year Dropdown'  using regular expression

2019-06-17 16:17:27 - [TEST_STEP][PASSED] - click(findTestObject("OCS-MOBILE /Age gate and Mega menu/button_Verify")): Object: 'Object Repository/OCS-MOBILE /Age gate and Mega menu/button_Verify' is clicked on

2019-06-17 16:17:28 - [MESSAGE][PASSED] - Object: 'Object Repository/OCS-MOBILE /Age gate and Mega menu/button_Verify' is clicked on

2019-06-17 16:17:28 - [TEST_STEP][PASSED] - click(findTestObject("OCS-MOBILE /Age gate and Mega menu/Checkbox_CONFIRM AND ACKNOWLEDGE")): Object: 'Object Repository/OCS-MOBILE /Age gate and Mega menu/Checkbox_CONFIRM AND ACKNOWLEDGE' is clicked on

2019-06-17 16:17:28 - [MESSAGE][PASSED] - Object: 'Object Repository/OCS-MOBILE /Age gate and Mega menu/Checkbox_CONFIRM AND ACKNOWLEDGE' is clicked on

2019-06-17 16:17:28 - [TEST_STEP][PASSED] - click(findTestObject("OCS-MOBILE /Age gate and Mega menu/button_CONFIRM")): Object: 'Object Repository/OCS-MOBILE /Age gate and Mega menu/button_CONFIRM' is clicked on

2019-06-17 16:17:28 - [MESSAGE][PASSED] - Object: 'Object Repository/OCS-MOBILE /Age gate and Mega menu/button_CONFIRM' is clicked on

2019-06-17 16:17:28 - [TEST_STEP][PASSED] - click(findTestObject("OCS-MOBILE /Age gate and Mega menu/button_Start Browsing")): Object: 'Object Repository/OCS-MOBILE /Age gate and Mega menu/button_Start Browsing' is clicked on

2019-06-17 16:17:28 - [MESSAGE][PASSED] - Object: 'Object Repository/OCS-MOBILE /Age gate and Mega menu/button_Start Browsing' is clicked on

2019-06-17 16:17:28 - [TEST_STEP][PASSED] - refresh(): Refresh successfully

2019-06-17 16:17:28 - [MESSAGE][PASSED] - Refresh successfully

2019-06-17 16:17:28 - [MESSAGE][PASSED] - Call Test Case 'Test Cases/OCS - MOBILE/CALL - AGE GATE' successfully

2019-06-17 16:17:28 - [TEST_STEP][PASSED] - delay(2): Delayed 2 second(s)

2019-06-17 16:17:30 - [MESSAGE][PASSED] - Delayed 2 second(s)

2019-06-17 16:17:30 - [TEST_STEP][PASSED] - flag = verifyElementPresent(findTestObject("OCS-MOBILE /Home - page/Retail stores link"), 0, CONTINUE_ON_FAILURE): Object 'Object Repository/OCS-MOBILE /Home - page/Retail stores link' is present

2019-06-17 16:17:30 - [MESSAGE][WARNING] - Timeout '0' is invalid. Using default page load timeout: '30'

2019-06-17 16:17:32 - [MESSAGE][PASSED] - Object 'Object Repository/OCS-MOBILE /Home - page/Retail stores link' is present

2019-06-17 16:17:32 - [TEST_STEP][PASSED] - comment("flag=" + flag): flag=true

2019-06-17 16:17:32 - [MESSAGE][INFO] - flag=true

2019-06-17 16:17:32 - [TEST_STEP][PASSED] - if (flag == true): Object: 'Object Repository/OCS-MOBILE /Home - page/Retail stores link' is clicked on

2019-06-17 16:17:32 - [TEST_STEP][PASSED] - delay(2): Delayed 2 second(s)

2019-06-17 16:17:34 - [MESSAGE][PASSED] - Delayed 2 second(s)

2019-06-17 16:17:34 - [TEST_STEP][PASSED] - click(findTestObject("OCS-MOBILE /Home - page/Retail stores link")): Object: 'Object Repository/OCS-MOBILE /Home - page/Retail stores link' is clicked on

2019-06-17 16:17:35 - [MESSAGE][PASSED] - Object: 'Object Repository/OCS-MOBILE /Home - page/Retail stores link' is clicked on]]></system-out>
         <system-err><![CDATA[]]></system-err>
      </testcase>
      <testcase name="Test Cases/OCS - MOBILE/OCS- HOME PAGE/Screen reader link" classname="Test Cases/OCS - MOBILE/OCS- HOME PAGE/Screen reader link" status="PASSED">
         <system-out><![CDATA[2019-06-17 16:17:35 - [TEST_CASE][PASSED] - Test Cases/OCS - MOBILE/OCS- HOME PAGE/Screen reader link: Test Cases/OCS - MOBILE/OCS- HOME PAGE/Screen reader link

2019-06-17 16:17:35 - [TEST_STEP][PASSED] - callTestCase(findTestCase("OCS - MOBILE/CALL - AGE GATE"), [:], STOP_ON_FAILURE): Call Test Case 'Test Cases/OCS - MOBILE/CALL - AGE GATE' successfully

2019-06-17 16:17:35 - [TEST_CASE][PASSED] - Test Cases/OCS - MOBILE/CALL - AGE GATE: Test Cases/OCS - MOBILE/CALL - AGE GATE

2019-06-17 16:17:35 - [TEST_STEP][PASSED] - openBrowser(""): Browser is opened with url: ''

2019-06-17 16:17:35 - [MESSAGE][WARNING] - A browser is already opened. Closing browser and opening a new one

2019-06-17 16:17:35 - [MESSAGE][INFO] - Starting 'Chrome' driver

2019-06-17 16:17:36 - [MESSAGE][PASSED] - Browser is opened with url: ''

2019-06-17 16:17:36 - [TEST_STEP][PASSED] - navigateToUrl("https://ocs.ca/?fts=0&preview_theme_id=72920106828"): Navigate to 'https://ocs.ca/?fts=0&preview_theme_id=72920106828' successfully

2019-06-17 16:17:43 - [MESSAGE][PASSED] - Navigate to 'https://ocs.ca/?fts=0&preview_theme_id=72920106828' successfully

2019-06-17 16:17:43 - [TEST_STEP][PASSED] - executeJavaScript("var previewBar = document.getElementById("preview-bar-iframe"); previewBar.style.display = "none";", []): Execute JavaScript 'var previewBar = document.getElementById("preview-bar-iframe"); previewBar.style.display = "none";' successfully

2019-06-17 16:17:43 - [MESSAGE][PASSED] - Execute JavaScript 'var previewBar = document.getElementById("preview-bar-iframe"); previewBar.style.display = "none";' successfully

2019-06-17 16:17:43 - [TEST_STEP][PASSED] - setViewPortSize(360, 800): Viewport is set to new size with width = 360 and height = 800

2019-06-17 16:17:43 - [MESSAGE][PASSED] - Viewport is set to new size with width = 360 and height = 800

2019-06-17 16:17:43 - [TEST_STEP][PASSED] - delay(4): Delayed 4 second(s)

2019-06-17 16:17:47 - [MESSAGE][PASSED] - Delayed 4 second(s)

2019-06-17 16:17:47 - [TEST_STEP][PASSED] - selectOptionByValue(findTestObject("OCS-MOBILE /Age gate and burger menu/Date"), "12", true): All options with value '12' are selected in object 'Object Repository/OCS-MOBILE /Age gate and burger menu/Date'  using regular expression

2019-06-17 16:17:47 - [MESSAGE][PASSED] - All options with value '12' are selected in object 'Object Repository/OCS-MOBILE /Age gate and burger menu/Date'  using regular expression

2019-06-17 16:17:47 - [TEST_STEP][PASSED] - selectOptionByValue(findTestObject("OCS-MOBILE /Age gate and burger menu/month"), "6", true): All options with value '6' are selected in object 'Object Repository/OCS-MOBILE /Age gate and burger menu/month'  using regular expression

2019-06-17 16:17:48 - [MESSAGE][PASSED] - All options with value '6' are selected in object 'Object Repository/OCS-MOBILE /Age gate and burger menu/month'  using regular expression

2019-06-17 16:17:48 - [TEST_STEP][PASSED] - delay(2): Delayed 2 second(s)

2019-06-17 16:17:50 - [MESSAGE][PASSED] - Delayed 2 second(s)

2019-06-17 16:17:50 - [TEST_STEP][PASSED] - selectOptionByValue(findTestObject("OCS-MOBILE /Age gate and burger menu/Year Dropdown"), "1990", true): All options with value '1990' are selected in object 'Object Repository/OCS-MOBILE /Age gate and burger menu/Year Dropdown'  using regular expression

2019-06-17 16:17:51 - [MESSAGE][PASSED] - All options with value '1990' are selected in object 'Object Repository/OCS-MOBILE /Age gate and burger menu/Year Dropdown'  using regular expression

2019-06-17 16:17:51 - [TEST_STEP][PASSED] - click(findTestObject("OCS-MOBILE /Age gate and Mega menu/button_Verify")): Object: 'Object Repository/OCS-MOBILE /Age gate and Mega menu/button_Verify' is clicked on

2019-06-17 16:17:51 - [MESSAGE][PASSED] - Object: 'Object Repository/OCS-MOBILE /Age gate and Mega menu/button_Verify' is clicked on

2019-06-17 16:17:51 - [TEST_STEP][PASSED] - click(findTestObject("OCS-MOBILE /Age gate and Mega menu/Checkbox_CONFIRM AND ACKNOWLEDGE")): Object: 'Object Repository/OCS-MOBILE /Age gate and Mega menu/Checkbox_CONFIRM AND ACKNOWLEDGE' is clicked on

2019-06-17 16:17:51 - [MESSAGE][PASSED] - Object: 'Object Repository/OCS-MOBILE /Age gate and Mega menu/Checkbox_CONFIRM AND ACKNOWLEDGE' is clicked on

2019-06-17 16:17:51 - [TEST_STEP][PASSED] - click(findTestObject("OCS-MOBILE /Age gate and Mega menu/button_CONFIRM")): Object: 'Object Repository/OCS-MOBILE /Age gate and Mega menu/button_CONFIRM' is clicked on

2019-06-17 16:17:51 - [MESSAGE][PASSED] - Object: 'Object Repository/OCS-MOBILE /Age gate and Mega menu/button_CONFIRM' is clicked on

2019-06-17 16:17:51 - [TEST_STEP][PASSED] - click(findTestObject("OCS-MOBILE /Age gate and Mega menu/button_Start Browsing")): Object: 'Object Repository/OCS-MOBILE /Age gate and Mega menu/button_Start Browsing' is clicked on

2019-06-17 16:17:51 - [MESSAGE][PASSED] - Object: 'Object Repository/OCS-MOBILE /Age gate and Mega menu/button_Start Browsing' is clicked on

2019-06-17 16:17:51 - [TEST_STEP][PASSED] - refresh(): Refresh successfully

2019-06-17 16:17:51 - [MESSAGE][PASSED] - Refresh successfully

2019-06-17 16:17:51 - [MESSAGE][PASSED] - Call Test Case 'Test Cases/OCS - MOBILE/CALL - AGE GATE' successfully

2019-06-17 16:17:51 - [TEST_STEP][PASSED] - delay(2): Delayed 2 second(s)

2019-06-17 16:17:53 - [MESSAGE][PASSED] - Delayed 2 second(s)

2019-06-17 16:17:53 - [TEST_STEP][PASSED] - click(findTestObject("OCS-MOBILE /Home - page/Screen readers link")): Object: 'Object Repository/OCS-MOBILE /Home - page/Screen readers link' is clicked on

2019-06-17 16:18:02 - [MESSAGE][PASSED] - Object: 'Object Repository/OCS-MOBILE /Home - page/Screen readers link' is clicked on

2019-06-17 16:18:02 - [TEST_STEP][PASSED] - flag = verifyTextPresent("Accessibility at the Ontario Cannabis Store (OCS)", false): Text 'Accessibility at the Ontario Cannabis Store (OCS)' is present on page 

2019-06-17 16:18:02 - [MESSAGE][PASSED] - Text 'Accessibility at the Ontario Cannabis Store (OCS)' is present on page 

2019-06-17 16:18:02 - [TEST_STEP][PASSED] - comment("flag =" + flag): flag =true

2019-06-17 16:18:02 - [MESSAGE][INFO] - flag =true

2019-06-17 16:18:02 - [TEST_STEP][PASSED] - if (flag == false): null

2019-06-17 16:18:02 - [TEST_STEP][PASSED] - else:  naviagtion is  on right page

2019-06-17 16:18:02 - [TEST_STEP][PASSED] - comment(" naviagtion is  on right page"):  naviagtion is  on right page

2019-06-17 16:18:02 - [MESSAGE][INFO] -  naviagtion is  on right page]]></system-out>
         <system-err><![CDATA[]]></system-err>
      </testcase>
      <testcase name="Test Cases/OCS - MOBILE/OCS- HOME PAGE/HP-Burger menu -cannabis" classname="Test Cases/OCS - MOBILE/OCS- HOME PAGE/HP-Burger menu -cannabis" status="FAILED">
         <failure type="FAILED" message="Test Cases/OCS - MOBILE/OCS- HOME PAGE/HP-Burger menu -cannabis FAILED.
Reason:
com.kms.katalon.core.exception.StepFailedException: Unable to click on object 'Object Repository/OCS-MOBILE /Cannabis page/Dried flower' (Root cause: org.openqa.selenium.WebDriverException: unknown error: Element &lt;span>...&lt;/span> is not clickable at point (55, 120). Other element would receive the click: &lt;ul class=&quot;menu__learn-more--mobile only-mobile-tablet&quot;>...&lt;/ul>
  (Session info: chrome=75.0.3770.90)
  (Driver info: chromedriver=2.43.600229 (3fae4d0cda5334b4f533bede5a4787f7b832d052),platform=Mac OS X 10.13.6 x86_64) (WARNING: The server did not provide any stacktrace information)
Command duration or timeout: 0 milliseconds
Build info: version: '3.7.1', revision: '8a0099a', time: '2017-11-06T21:07:36.161Z'
System info: host: 'sumans-MacBook-Pro.local', ip: 'fe80:0:0:0:10f0:11f1:8277:c429%en0', os.name: 'Mac OS X', os.arch: 'x86_64', os.version: '10.13.6', java.version: '1.8.0_181'
Driver info: com.kms.katalon.selenium.driver.CChromeDriver
Capabilities {acceptInsecureCerts: false, acceptSslCerts: false, applicationCacheEnabled: false, browserConnectionEnabled: false, browserName: chrome, chrome: {chromedriverVersion: 2.43.600229 (3fae4d0cda5334..., userDataDir: /var/folders/1t/c55l8xzs6gq...}, cssSelectorsEnabled: true, databaseEnabled: false, goog:chromeOptions: {debuggerAddress: localhost:60916}, handlesAlerts: true, hasTouchScreen: false, javascriptEnabled: true, locationContextEnabled: true, mobileEmulationEnabled: false, nativeEvents: true, networkConnectionEnabled: false, pageLoadStrategy: normal, platform: MAC, platformName: MAC, rotatable: false, setWindowRect: true, takesHeapSnapshot: true, takesScreenshot: true, unexpectedAlertBehaviour: , unhandledPromptBehavior: , version: 75.0.3770.90, webStorageEnabled: true}
Session ID: 5001a8ee8c10b7387766a109d574bb38)
	at com.kms.katalon.core.keyword.internal.KeywordMain.stepFailed(KeywordMain.groovy:36)
	at com.kms.katalon.core.webui.keyword.internal.WebUIKeywordMain.stepFailed(WebUIKeywordMain.groovy:65)
	at com.kms.katalon.core.webui.keyword.internal.WebUIKeywordMain.runKeyword(WebUIKeywordMain.groovy:27)
	at com.kms.katalon.core.webui.keyword.builtin.ClickKeyword.click(ClickKeyword.groovy:86)
	at com.kms.katalon.core.webui.keyword.builtin.ClickKeyword.execute(ClickKeyword.groovy:67)
	at com.kms.katalon.core.keyword.internal.KeywordExecutor.executeKeywordForPlatform(KeywordExecutor.groovy:53)
	at com.kms.katalon.core.webui.keyword.WebUiBuiltInKeywords.click(WebUiBuiltInKeywords.groovy:616)
	at com.kms.katalon.core.webui.keyword.WebUiBuiltInKeywords$click$4.call(Unknown Source)
	at HP-Burger menu -cannabis.run(HP-Burger menu -cannabis:28)
	at com.kms.katalon.core.main.ScriptEngine.run(ScriptEngine.java:194)
	at com.kms.katalon.core.main.ScriptEngine.runScriptAsRawText(ScriptEngine.java:119)
	at com.kms.katalon.core.main.TestCaseExecutor.runScript(TestCaseExecutor.java:328)
	at com.kms.katalon.core.main.TestCaseExecutor.doExecute(TestCaseExecutor.java:319)
	at com.kms.katalon.core.main.TestCaseExecutor.processExecutionPhase(TestCaseExecutor.java:298)
	at com.kms.katalon.core.main.TestCaseExecutor.accessMainPhase(TestCaseExecutor.java:290)
	at com.kms.katalon.core.main.TestCaseExecutor.execute(TestCaseExecutor.java:224)
	at com.kms.katalon.core.main.TestSuiteExecutor.accessTestCaseMainPhase(TestSuiteExecutor.java:129)
	at com.kms.katalon.core.main.TestSuiteExecutor.accessTestSuiteMainPhase(TestSuiteExecutor.java:112)
	at com.kms.katalon.core.main.TestSuiteExecutor.execute(TestSuiteExecutor.java:81)
	at com.kms.katalon.core.main.TestCaseMain.startTestSuite(TestCaseMain.java:149)
	at com.kms.katalon.core.main.TestCaseMain$startTestSuite$0.call(Unknown Source)
	at TempTestSuite1560802135767.run(TempTestSuite1560802135767.groovy:36)
"/>
         <system-out><![CDATA[2019-06-17 16:18:02 - [TEST_CASE][FAILED] - Test Cases/OCS - MOBILE/OCS- HOME PAGE/HP-Burger menu -cannabis: Test Cases/OCS - MOBILE/OCS- HOME PAGE/HP-Burger menu -cannabis FAILED.
Reason:
com.kms.katalon.core.exception.StepFailedException: Unable to click on object 'Object Repository/OCS-MOBILE /Cannabis page/Dried flower' (Root cause: org.openqa.selenium.WebDriverException: unknown error: Element <span>...</span> is not clickable at point (55, 120). Other element would receive the click: <ul class="menu__learn-more--mobile only-mobile-tablet">...</ul>
  (Session info: chrome=75.0.3770.90)
  (Driver info: chromedriver=2.43.600229 (3fae4d0cda5334b4f533bede5a4787f7b832d052),platform=Mac OS X 10.13.6 x86_64) (WARNING: The server did not provide any stacktrace information)
Command duration or timeout: 0 milliseconds
Build info: version: '3.7.1', revision: '8a0099a', time: '2017-11-06T21:07:36.161Z'
System info: host: 'sumans-MacBook-Pro.local', ip: 'fe80:0:0:0:10f0:11f1:8277:c429%en0', os.name: 'Mac OS X', os.arch: 'x86_64', os.version: '10.13.6', java.version: '1.8.0_181'
Driver info: com.kms.katalon.selenium.driver.CChromeDriver
Capabilities {acceptInsecureCerts: false, acceptSslCerts: false, applicationCacheEnabled: false, browserConnectionEnabled: false, browserName: chrome, chrome: {chromedriverVersion: 2.43.600229 (3fae4d0cda5334..., userDataDir: /var/folders/1t/c55l8xzs6gq...}, cssSelectorsEnabled: true, databaseEnabled: false, goog:chromeOptions: {debuggerAddress: localhost:60916}, handlesAlerts: true, hasTouchScreen: false, javascriptEnabled: true, locationContextEnabled: true, mobileEmulationEnabled: false, nativeEvents: true, networkConnectionEnabled: false, pageLoadStrategy: normal, platform: MAC, platformName: MAC, rotatable: false, setWindowRect: true, takesHeapSnapshot: true, takesScreenshot: true, unexpectedAlertBehaviour: , unhandledPromptBehavior: , version: 75.0.3770.90, webStorageEnabled: true}
Session ID: 5001a8ee8c10b7387766a109d574bb38)
	at com.kms.katalon.core.keyword.internal.KeywordMain.stepFailed(KeywordMain.groovy:36)
	at com.kms.katalon.core.webui.keyword.internal.WebUIKeywordMain.stepFailed(WebUIKeywordMain.groovy:65)
	at com.kms.katalon.core.webui.keyword.internal.WebUIKeywordMain.runKeyword(WebUIKeywordMain.groovy:27)
	at com.kms.katalon.core.webui.keyword.builtin.ClickKeyword.click(ClickKeyword.groovy:86)
	at com.kms.katalon.core.webui.keyword.builtin.ClickKeyword.execute(ClickKeyword.groovy:67)
	at com.kms.katalon.core.keyword.internal.KeywordExecutor.executeKeywordForPlatform(KeywordExecutor.groovy:53)
	at com.kms.katalon.core.webui.keyword.WebUiBuiltInKeywords.click(WebUiBuiltInKeywords.groovy:616)
	at com.kms.katalon.core.webui.keyword.WebUiBuiltInKeywords$click$4.call(Unknown Source)
	at HP-Burger menu -cannabis.run(HP-Burger menu -cannabis:28)
	at com.kms.katalon.core.main.ScriptEngine.run(ScriptEngine.java:194)
	at com.kms.katalon.core.main.ScriptEngine.runScriptAsRawText(ScriptEngine.java:119)
	at com.kms.katalon.core.main.TestCaseExecutor.runScript(TestCaseExecutor.java:328)
	at com.kms.katalon.core.main.TestCaseExecutor.doExecute(TestCaseExecutor.java:319)
	at com.kms.katalon.core.main.TestCaseExecutor.processExecutionPhase(TestCaseExecutor.java:298)
	at com.kms.katalon.core.main.TestCaseExecutor.accessMainPhase(TestCaseExecutor.java:290)
	at com.kms.katalon.core.main.TestCaseExecutor.execute(TestCaseExecutor.java:224)
	at com.kms.katalon.core.main.TestSuiteExecutor.accessTestCaseMainPhase(TestSuiteExecutor.java:129)
	at com.kms.katalon.core.main.TestSuiteExecutor.accessTestSuiteMainPhase(TestSuiteExecutor.java:112)
	at com.kms.katalon.core.main.TestSuiteExecutor.execute(TestSuiteExecutor.java:81)
	at com.kms.katalon.core.main.TestCaseMain.startTestSuite(TestCaseMain.java:149)
	at com.kms.katalon.core.main.TestCaseMain$startTestSuite$0.call(Unknown Source)
	at TempTestSuite1560802135767.run(TempTestSuite1560802135767.groovy:36)


2019-06-17 16:18:03 - [TEST_STEP][PASSED] - callTestCase(findTestCase("OCS - MOBILE/CALL - AGE GATE"), [:], STOP_ON_FAILURE): Call Test Case 'Test Cases/OCS - MOBILE/CALL - AGE GATE' successfully

2019-06-17 16:18:03 - [TEST_CASE][PASSED] - Test Cases/OCS - MOBILE/CALL - AGE GATE: Test Cases/OCS - MOBILE/CALL - AGE GATE

2019-06-17 16:18:03 - [TEST_STEP][PASSED] - openBrowser(""): Browser is opened with url: ''

2019-06-17 16:18:03 - [MESSAGE][WARNING] - A browser is already opened. Closing browser and opening a new one

2019-06-17 16:18:03 - [MESSAGE][INFO] - Starting 'Chrome' driver

2019-06-17 16:18:04 - [MESSAGE][PASSED] - Browser is opened with url: ''

2019-06-17 16:18:04 - [TEST_STEP][PASSED] - navigateToUrl("https://ocs.ca/?fts=0&preview_theme_id=72920106828"): Navigate to 'https://ocs.ca/?fts=0&preview_theme_id=72920106828' successfully

2019-06-17 16:18:10 - [MESSAGE][PASSED] - Navigate to 'https://ocs.ca/?fts=0&preview_theme_id=72920106828' successfully

2019-06-17 16:18:10 - [TEST_STEP][PASSED] - executeJavaScript("var previewBar = document.getElementById("preview-bar-iframe"); previewBar.style.display = "none";", []): Execute JavaScript 'var previewBar = document.getElementById("preview-bar-iframe"); previewBar.style.display = "none";' successfully

2019-06-17 16:18:10 - [MESSAGE][PASSED] - Execute JavaScript 'var previewBar = document.getElementById("preview-bar-iframe"); previewBar.style.display = "none";' successfully

2019-06-17 16:18:10 - [TEST_STEP][PASSED] - setViewPortSize(360, 800): Viewport is set to new size with width = 360 and height = 800

2019-06-17 16:18:10 - [MESSAGE][PASSED] - Viewport is set to new size with width = 360 and height = 800

2019-06-17 16:18:10 - [TEST_STEP][PASSED] - delay(4): Delayed 4 second(s)

2019-06-17 16:18:14 - [MESSAGE][PASSED] - Delayed 4 second(s)

2019-06-17 16:18:14 - [TEST_STEP][PASSED] - selectOptionByValue(findTestObject("OCS-MOBILE /Age gate and burger menu/Date"), "12", true): All options with value '12' are selected in object 'Object Repository/OCS-MOBILE /Age gate and burger menu/Date'  using regular expression

2019-06-17 16:18:14 - [MESSAGE][PASSED] - All options with value '12' are selected in object 'Object Repository/OCS-MOBILE /Age gate and burger menu/Date'  using regular expression

2019-06-17 16:18:14 - [TEST_STEP][PASSED] - selectOptionByValue(findTestObject("OCS-MOBILE /Age gate and burger menu/month"), "6", true): All options with value '6' are selected in object 'Object Repository/OCS-MOBILE /Age gate and burger menu/month'  using regular expression

2019-06-17 16:18:15 - [MESSAGE][PASSED] - All options with value '6' are selected in object 'Object Repository/OCS-MOBILE /Age gate and burger menu/month'  using regular expression

2019-06-17 16:18:15 - [TEST_STEP][PASSED] - delay(2): Delayed 2 second(s)

2019-06-17 16:18:17 - [MESSAGE][PASSED] - Delayed 2 second(s)

2019-06-17 16:18:17 - [TEST_STEP][PASSED] - selectOptionByValue(findTestObject("OCS-MOBILE /Age gate and burger menu/Year Dropdown"), "1990", true): All options with value '1990' are selected in object 'Object Repository/OCS-MOBILE /Age gate and burger menu/Year Dropdown'  using regular expression

2019-06-17 16:18:18 - [MESSAGE][PASSED] - All options with value '1990' are selected in object 'Object Repository/OCS-MOBILE /Age gate and burger menu/Year Dropdown'  using regular expression

2019-06-17 16:18:18 - [TEST_STEP][PASSED] - click(findTestObject("OCS-MOBILE /Age gate and Mega menu/button_Verify")): Object: 'Object Repository/OCS-MOBILE /Age gate and Mega menu/button_Verify' is clicked on

2019-06-17 16:18:18 - [MESSAGE][PASSED] - Object: 'Object Repository/OCS-MOBILE /Age gate and Mega menu/button_Verify' is clicked on

2019-06-17 16:18:18 - [TEST_STEP][PASSED] - click(findTestObject("OCS-MOBILE /Age gate and Mega menu/Checkbox_CONFIRM AND ACKNOWLEDGE")): Object: 'Object Repository/OCS-MOBILE /Age gate and Mega menu/Checkbox_CONFIRM AND ACKNOWLEDGE' is clicked on

2019-06-17 16:18:18 - [MESSAGE][PASSED] - Object: 'Object Repository/OCS-MOBILE /Age gate and Mega menu/Checkbox_CONFIRM AND ACKNOWLEDGE' is clicked on

2019-06-17 16:18:18 - [TEST_STEP][PASSED] - click(findTestObject("OCS-MOBILE /Age gate and Mega menu/button_CONFIRM")): Object: 'Object Repository/OCS-MOBILE /Age gate and Mega menu/button_CONFIRM' is clicked on

2019-06-17 16:18:18 - [MESSAGE][PASSED] - Object: 'Object Repository/OCS-MOBILE /Age gate and Mega menu/button_CONFIRM' is clicked on

2019-06-17 16:18:18 - [TEST_STEP][PASSED] - click(findTestObject("OCS-MOBILE /Age gate and Mega menu/button_Start Browsing")): Object: 'Object Repository/OCS-MOBILE /Age gate and Mega menu/button_Start Browsing' is clicked on

2019-06-17 16:18:18 - [MESSAGE][PASSED] - Object: 'Object Repository/OCS-MOBILE /Age gate and Mega menu/button_Start Browsing' is clicked on

2019-06-17 16:18:18 - [TEST_STEP][PASSED] - refresh(): Refresh successfully

2019-06-17 16:18:21 - [MESSAGE][PASSED] - Refresh successfully

2019-06-17 16:18:21 - [MESSAGE][PASSED] - Call Test Case 'Test Cases/OCS - MOBILE/CALL - AGE GATE' successfully

2019-06-17 16:18:21 - [TEST_STEP][PASSED] - delay(2): Delayed 2 second(s)

2019-06-17 16:18:23 - [MESSAGE][PASSED] - Delayed 2 second(s)

2019-06-17 16:18:23 - [TEST_STEP][PASSED] - click(findTestObject("OCS-MOBILE /Age gate and burger menu/Burger menu - English"), CONTINUE_ON_FAILURE): Object: 'Object Repository/OCS-MOBILE /Age gate and burger menu/Burger menu - English' is clicked on

2019-06-17 16:18:23 - [MESSAGE][PASSED] - Object: 'Object Repository/OCS-MOBILE /Age gate and burger menu/Burger menu - English' is clicked on

2019-06-17 16:18:23 - [TEST_STEP][PASSED] - delay(2, CONTINUE_ON_FAILURE): Delayed 2 second(s)

2019-06-17 16:18:25 - [MESSAGE][PASSED] - Delayed 2 second(s)

2019-06-17 16:18:25 - [TEST_STEP][PASSED] - click(findTestObject("OCS-MOBILE /Age gate and burger menu/Chevron_Cannabis")): Object: 'Object Repository/OCS-MOBILE /Age gate and burger menu/Chevron_Cannabis' is clicked on

2019-06-17 16:18:25 - [MESSAGE][PASSED] - Object: 'Object Repository/OCS-MOBILE /Age gate and burger menu/Chevron_Cannabis' is clicked on

2019-06-17 16:18:25 - [TEST_STEP][PASSED] - delay(1, CONTINUE_ON_FAILURE): Delayed 1 second(s)

2019-06-17 16:18:26 - [MESSAGE][PASSED] - Delayed 1 second(s)

2019-06-17 16:18:26 - [TEST_STEP][FAILED] - click(findTestObject("OCS-MOBILE /Cannabis page/Dried flower")): click(findTestObject("OCS-MOBILE /Cannabis page/Dried flower")) FAILED.
Reason:
com.kms.katalon.core.exception.StepFailedException: Unable to click on object 'Object Repository/OCS-MOBILE /Cannabis page/Dried flower' (Root cause: org.openqa.selenium.WebDriverException: unknown error: Element <span>...</span> is not clickable at point (55, 120). Other element would receive the click: <ul class="menu__learn-more--mobile only-mobile-tablet">...</ul>
  (Session info: chrome=75.0.3770.90)
  (Driver info: chromedriver=2.43.600229 (3fae4d0cda5334b4f533bede5a4787f7b832d052),platform=Mac OS X 10.13.6 x86_64) (WARNING: The server did not provide any stacktrace information)
Command duration or timeout: 0 milliseconds
Build info: version: '3.7.1', revision: '8a0099a', time: '2017-11-06T21:07:36.161Z'
System info: host: 'sumans-MacBook-Pro.local', ip: 'fe80:0:0:0:10f0:11f1:8277:c429%en0', os.name: 'Mac OS X', os.arch: 'x86_64', os.version: '10.13.6', java.version: '1.8.0_181'
Driver info: com.kms.katalon.selenium.driver.CChromeDriver
Capabilities {acceptInsecureCerts: false, acceptSslCerts: false, applicationCacheEnabled: false, browserConnectionEnabled: false, browserName: chrome, chrome: {chromedriverVersion: 2.43.600229 (3fae4d0cda5334..., userDataDir: /var/folders/1t/c55l8xzs6gq...}, cssSelectorsEnabled: true, databaseEnabled: false, goog:chromeOptions: {debuggerAddress: localhost:60916}, handlesAlerts: true, hasTouchScreen: false, javascriptEnabled: true, locationContextEnabled: true, mobileEmulationEnabled: false, nativeEvents: true, networkConnectionEnabled: false, pageLoadStrategy: normal, platform: MAC, platformName: MAC, rotatable: false, setWindowRect: true, takesHeapSnapshot: true, takesScreenshot: true, unexpectedAlertBehaviour: , unhandledPromptBehavior: , version: 75.0.3770.90, webStorageEnabled: true}
Session ID: 5001a8ee8c10b7387766a109d574bb38)
	at com.kms.katalon.core.keyword.internal.KeywordMain.stepFailed(KeywordMain.groovy:36)
	at com.kms.katalon.core.webui.keyword.internal.WebUIKeywordMain.stepFailed(WebUIKeywordMain.groovy:65)
	at com.kms.katalon.core.webui.keyword.internal.WebUIKeywordMain.runKeyword(WebUIKeywordMain.groovy:27)
	at com.kms.katalon.core.webui.keyword.builtin.ClickKeyword.click(ClickKeyword.groovy:86)
	at com.kms.katalon.core.webui.keyword.builtin.ClickKeyword.execute(ClickKeyword.groovy:67)
	at com.kms.katalon.core.keyword.internal.KeywordExecutor.executeKeywordForPlatform(KeywordExecutor.groovy:53)
	at com.kms.katalon.core.webui.keyword.WebUiBuiltInKeywords.click(WebUiBuiltInKeywords.groovy:616)
	at com.kms.katalon.core.webui.keyword.WebUiBuiltInKeywords$click$4.call(Unknown Source)
	at HP-Burger menu -cannabis.run(HP-Burger menu -cannabis:28)
	at com.kms.katalon.core.main.ScriptEngine.run(ScriptEngine.java:194)
	at com.kms.katalon.core.main.ScriptEngine.runScriptAsRawText(ScriptEngine.java:119)
	at com.kms.katalon.core.main.TestCaseExecutor.runScript(TestCaseExecutor.java:328)
	at com.kms.katalon.core.main.TestCaseExecutor.doExecute(TestCaseExecutor.java:319)
	at com.kms.katalon.core.main.TestCaseExecutor.processExecutionPhase(TestCaseExecutor.java:298)
	at com.kms.katalon.core.main.TestCaseExecutor.accessMainPhase(TestCaseExecutor.java:290)
	at com.kms.katalon.core.main.TestCaseExecutor.execute(TestCaseExecutor.java:224)
	at com.kms.katalon.core.main.TestSuiteExecutor.accessTestCaseMainPhase(TestSuiteExecutor.java:129)
	at com.kms.katalon.core.main.TestSuiteExecutor.accessTestSuiteMainPhase(TestSuiteExecutor.java:112)
	at com.kms.katalon.core.main.TestSuiteExecutor.execute(TestSuiteExecutor.java:81)
	at com.kms.katalon.core.main.TestCaseMain.startTestSuite(TestCaseMain.java:149)
	at com.kms.katalon.core.main.TestCaseMain$startTestSuite$0.call(Unknown Source)
	at TempTestSuite1560802135767.run(TempTestSuite1560802135767.groovy:36)


2019-06-17 16:18:27 - [MESSAGE][FAILED] - Unable to click on object 'Object Repository/OCS-MOBILE /Cannabis page/Dried flower' (Root cause: org.openqa.selenium.WebDriverException: unknown error: Element <span>...</span> is not clickable at point (55, 120). Other element would receive the click: <ul class="menu__learn-more--mobile only-mobile-tablet">...</ul>
  (Session info: chrome=75.0.3770.90)
  (Driver info: chromedriver=2.43.600229 (3fae4d0cda5334b4f533bede5a4787f7b832d052),platform=Mac OS X 10.13.6 x86_64) (WARNING: The server did not provide any stacktrace information)
Command duration or timeout: 0 milliseconds
Build info: version: '3.7.1', revision: '8a0099a', time: '2017-11-06T21:07:36.161Z'
System info: host: 'sumans-MacBook-Pro.local', ip: 'fe80:0:0:0:10f0:11f1:8277:c429%en0', os.name: 'Mac OS X', os.arch: 'x86_64', os.version: '10.13.6', java.version: '1.8.0_181'
Driver info: com.kms.katalon.selenium.driver.CChromeDriver
Capabilities {acceptInsecureCerts: false, acceptSslCerts: false, applicationCacheEnabled: false, browserConnectionEnabled: false, browserName: chrome, chrome: {chromedriverVersion: 2.43.600229 (3fae4d0cda5334..., userDataDir: /var/folders/1t/c55l8xzs6gq...}, cssSelectorsEnabled: true, databaseEnabled: false, goog:chromeOptions: {debuggerAddress: localhost:60916}, handlesAlerts: true, hasTouchScreen: false, javascriptEnabled: true, locationContextEnabled: true, mobileEmulationEnabled: false, nativeEvents: true, networkConnectionEnabled: false, pageLoadStrategy: normal, platform: MAC, platformName: MAC, rotatable: false, setWindowRect: true, takesHeapSnapshot: true, takesScreenshot: true, unexpectedAlertBehaviour: , unhandledPromptBehavior: , version: 75.0.3770.90, webStorageEnabled: true}
Session ID: 5001a8ee8c10b7387766a109d574bb38)
[[ATTACHMENT|/Users/sumankompelly/Relative xpath-Mobile/Reports/OCS- 1.10.1/20190617_160855/1560802706946.png]]

2019-06-17 16:18:27 - [MESSAGE][FAILED] - click(findTestObject("OCS-MOBILE /Cannabis page/Dried flower")) FAILED.
Reason:
com.kms.katalon.core.exception.StepFailedException: Unable to click on object 'Object Repository/OCS-MOBILE /Cannabis page/Dried flower' (Root cause: org.openqa.selenium.WebDriverException: unknown error: Element <span>...</span> is not clickable at point (55, 120). Other element would receive the click: <ul class="menu__learn-more--mobile only-mobile-tablet">...</ul>
  (Session info: chrome=75.0.3770.90)
  (Driver info: chromedriver=2.43.600229 (3fae4d0cda5334b4f533bede5a4787f7b832d052),platform=Mac OS X 10.13.6 x86_64) (WARNING: The server did not provide any stacktrace information)
Command duration or timeout: 0 milliseconds
Build info: version: '3.7.1', revision: '8a0099a', time: '2017-11-06T21:07:36.161Z'
System info: host: 'sumans-MacBook-Pro.local', ip: 'fe80:0:0:0:10f0:11f1:8277:c429%en0', os.name: 'Mac OS X', os.arch: 'x86_64', os.version: '10.13.6', java.version: '1.8.0_181'
Driver info: com.kms.katalon.selenium.driver.CChromeDriver
Capabilities {acceptInsecureCerts: false, acceptSslCerts: false, applicationCacheEnabled: false, browserConnectionEnabled: false, browserName: chrome, chrome: {chromedriverVersion: 2.43.600229 (3fae4d0cda5334..., userDataDir: /var/folders/1t/c55l8xzs6gq...}, cssSelectorsEnabled: true, databaseEnabled: false, goog:chromeOptions: {debuggerAddress: localhost:60916}, handlesAlerts: true, hasTouchScreen: false, javascriptEnabled: true, locationContextEnabled: true, mobileEmulationEnabled: false, nativeEvents: true, networkConnectionEnabled: false, pageLoadStrategy: normal, platform: MAC, platformName: MAC, rotatable: false, setWindowRect: true, takesHeapSnapshot: true, takesScreenshot: true, unexpectedAlertBehaviour: , unhandledPromptBehavior: , version: 75.0.3770.90, webStorageEnabled: true}
Session ID: 5001a8ee8c10b7387766a109d574bb38)
	at com.kms.katalon.core.keyword.internal.KeywordMain.stepFailed(KeywordMain.groovy:36)
	at com.kms.katalon.core.webui.keyword.internal.WebUIKeywordMain.stepFailed(WebUIKeywordMain.groovy:65)
	at com.kms.katalon.core.webui.keyword.internal.WebUIKeywordMain.runKeyword(WebUIKeywordMain.groovy:27)
	at com.kms.katalon.core.webui.keyword.builtin.ClickKeyword.click(ClickKeyword.groovy:86)
	at com.kms.katalon.core.webui.keyword.builtin.ClickKeyword.execute(ClickKeyword.groovy:67)
	at com.kms.katalon.core.keyword.internal.KeywordExecutor.executeKeywordForPlatform(KeywordExecutor.groovy:53)
	at com.kms.katalon.core.webui.keyword.WebUiBuiltInKeywords.click(WebUiBuiltInKeywords.groovy:616)
	at com.kms.katalon.core.webui.keyword.WebUiBuiltInKeywords$click$4.call(Unknown Source)
	at HP-Burger menu -cannabis.run(HP-Burger menu -cannabis:28)
	at com.kms.katalon.core.main.ScriptEngine.run(ScriptEngine.java:194)
	at com.kms.katalon.core.main.ScriptEngine.runScriptAsRawText(ScriptEngine.java:119)
	at com.kms.katalon.core.main.TestCaseExecutor.runScript(TestCaseExecutor.java:328)
	at com.kms.katalon.core.main.TestCaseExecutor.doExecute(TestCaseExecutor.java:319)
	at com.kms.katalon.core.main.TestCaseExecutor.processExecutionPhase(TestCaseExecutor.java:298)
	at com.kms.katalon.core.main.TestCaseExecutor.accessMainPhase(TestCaseExecutor.java:290)
	at com.kms.katalon.core.main.TestCaseExecutor.execute(TestCaseExecutor.java:224)
	at com.kms.katalon.core.main.TestSuiteExecutor.accessTestCaseMainPhase(TestSuiteExecutor.java:129)
	at com.kms.katalon.core.main.TestSuiteExecutor.accessTestSuiteMainPhase(TestSuiteExecutor.java:112)
	at com.kms.katalon.core.main.TestSuiteExecutor.execute(TestSuiteExecutor.java:81)
	at com.kms.katalon.core.main.TestCaseMain.startTestSuite(TestCaseMain.java:149)
	at com.kms.katalon.core.main.TestCaseMain$startTestSuite$0.call(Unknown Source)
	at TempTestSuite1560802135767.run(TempTestSuite1560802135767.groovy:36)]]></system-out>
         <system-err><![CDATA[2019-06-17 16:18:02 - [TEST_CASE][FAILED] - Test Cases/OCS - MOBILE/OCS- HOME PAGE/HP-Burger menu -cannabis: Test Cases/OCS - MOBILE/OCS- HOME PAGE/HP-Burger menu -cannabis FAILED.
Reason:
com.kms.katalon.core.exception.StepFailedException: Unable to click on object 'Object Repository/OCS-MOBILE /Cannabis page/Dried flower' (Root cause: org.openqa.selenium.WebDriverException: unknown error: Element <span>...</span> is not clickable at point (55, 120). Other element would receive the click: <ul class="menu__learn-more--mobile only-mobile-tablet">...</ul>
  (Session info: chrome=75.0.3770.90)
  (Driver info: chromedriver=2.43.600229 (3fae4d0cda5334b4f533bede5a4787f7b832d052),platform=Mac OS X 10.13.6 x86_64) (WARNING: The server did not provide any stacktrace information)
Command duration or timeout: 0 milliseconds
Build info: version: '3.7.1', revision: '8a0099a', time: '2017-11-06T21:07:36.161Z'
System info: host: 'sumans-MacBook-Pro.local', ip: 'fe80:0:0:0:10f0:11f1:8277:c429%en0', os.name: 'Mac OS X', os.arch: 'x86_64', os.version: '10.13.6', java.version: '1.8.0_181'
Driver info: com.kms.katalon.selenium.driver.CChromeDriver
Capabilities {acceptInsecureCerts: false, acceptSslCerts: false, applicationCacheEnabled: false, browserConnectionEnabled: false, browserName: chrome, chrome: {chromedriverVersion: 2.43.600229 (3fae4d0cda5334..., userDataDir: /var/folders/1t/c55l8xzs6gq...}, cssSelectorsEnabled: true, databaseEnabled: false, goog:chromeOptions: {debuggerAddress: localhost:60916}, handlesAlerts: true, hasTouchScreen: false, javascriptEnabled: true, locationContextEnabled: true, mobileEmulationEnabled: false, nativeEvents: true, networkConnectionEnabled: false, pageLoadStrategy: normal, platform: MAC, platformName: MAC, rotatable: false, setWindowRect: true, takesHeapSnapshot: true, takesScreenshot: true, unexpectedAlertBehaviour: , unhandledPromptBehavior: , version: 75.0.3770.90, webStorageEnabled: true}
Session ID: 5001a8ee8c10b7387766a109d574bb38)
	at com.kms.katalon.core.keyword.internal.KeywordMain.stepFailed(KeywordMain.groovy:36)
	at com.kms.katalon.core.webui.keyword.internal.WebUIKeywordMain.stepFailed(WebUIKeywordMain.groovy:65)
	at com.kms.katalon.core.webui.keyword.internal.WebUIKeywordMain.runKeyword(WebUIKeywordMain.groovy:27)
	at com.kms.katalon.core.webui.keyword.builtin.ClickKeyword.click(ClickKeyword.groovy:86)
	at com.kms.katalon.core.webui.keyword.builtin.ClickKeyword.execute(ClickKeyword.groovy:67)
	at com.kms.katalon.core.keyword.internal.KeywordExecutor.executeKeywordForPlatform(KeywordExecutor.groovy:53)
	at com.kms.katalon.core.webui.keyword.WebUiBuiltInKeywords.click(WebUiBuiltInKeywords.groovy:616)
	at com.kms.katalon.core.webui.keyword.WebUiBuiltInKeywords$click$4.call(Unknown Source)
	at HP-Burger menu -cannabis.run(HP-Burger menu -cannabis:28)
	at com.kms.katalon.core.main.ScriptEngine.run(ScriptEngine.java:194)
	at com.kms.katalon.core.main.ScriptEngine.runScriptAsRawText(ScriptEngine.java:119)
	at com.kms.katalon.core.main.TestCaseExecutor.runScript(TestCaseExecutor.java:328)
	at com.kms.katalon.core.main.TestCaseExecutor.doExecute(TestCaseExecutor.java:319)
	at com.kms.katalon.core.main.TestCaseExecutor.processExecutionPhase(TestCaseExecutor.java:298)
	at com.kms.katalon.core.main.TestCaseExecutor.accessMainPhase(TestCaseExecutor.java:290)
	at com.kms.katalon.core.main.TestCaseExecutor.execute(TestCaseExecutor.java:224)
	at com.kms.katalon.core.main.TestSuiteExecutor.accessTestCaseMainPhase(TestSuiteExecutor.java:129)
	at com.kms.katalon.core.main.TestSuiteExecutor.accessTestSuiteMainPhase(TestSuiteExecutor.java:112)
	at com.kms.katalon.core.main.TestSuiteExecutor.execute(TestSuiteExecutor.java:81)
	at com.kms.katalon.core.main.TestCaseMain.startTestSuite(TestCaseMain.java:149)
	at com.kms.katalon.core.main.TestCaseMain$startTestSuite$0.call(Unknown Source)
	at TempTestSuite1560802135767.run(TempTestSuite1560802135767.groovy:36)]]></system-err>
      </testcase>
      <testcase name="Test Cases/OCS - MOBILE/OCS- HOME PAGE/footer" classname="Test Cases/OCS - MOBILE/OCS- HOME PAGE/footer" status="FAILED">
         <failure type="FAILED" message="Test Cases/OCS - MOBILE/OCS- HOME PAGE/footer FAILED.
Reason:
com.kms.katalon.core.exception.StepFailedException: Unable to click on object 'Object Repository/OCS-MOBILE /Home - page/Return Policy' (Root cause: org.openqa.selenium.WebDriverException: unknown error: Element &lt;a href=&quot;/pages/return-policy&quot;>...&lt;/a> is not clickable at point (242, 668). Other element would receive the click: &lt;iframe title=&quot;Preview Bar&quot; id=&quot;preview-bar-iframe&quot; src=&quot;https://ocs.ca/preview_bar&quot; sandbox=&quot;allow-same-origin allow-scripts&quot; style=&quot;position: fixed; bottom: 0px; left: 0px; z-index: 2147483647; width: 100%; border: none; box-shadow: rgba(0, 0, 0, 0.2) 0px -1px 3px; overflow: hidden; transform: translateY(0px); transition: transform 300ms ease 0s; height: 92px;&quot;>&lt;/iframe>
  (Session info: chrome=75.0.3770.90)
  (Driver info: chromedriver=2.43.600229 (3fae4d0cda5334b4f533bede5a4787f7b832d052),platform=Mac OS X 10.13.6 x86_64) (WARNING: The server did not provide any stacktrace information)
Command duration or timeout: 0 milliseconds
Build info: version: '3.7.1', revision: '8a0099a', time: '2017-11-06T21:07:36.161Z'
System info: host: 'sumans-MacBook-Pro.local', ip: 'fe80:0:0:0:10f0:11f1:8277:c429%en0', os.name: 'Mac OS X', os.arch: 'x86_64', os.version: '10.13.6', java.version: '1.8.0_181'
Driver info: com.kms.katalon.selenium.driver.CChromeDriver
Capabilities {acceptInsecureCerts: false, acceptSslCerts: false, applicationCacheEnabled: false, browserConnectionEnabled: false, browserName: chrome, chrome: {chromedriverVersion: 2.43.600229 (3fae4d0cda5334..., userDataDir: /var/folders/1t/c55l8xzs6gq...}, cssSelectorsEnabled: true, databaseEnabled: false, goog:chromeOptions: {debuggerAddress: localhost:61059}, handlesAlerts: true, hasTouchScreen: false, javascriptEnabled: true, locationContextEnabled: true, mobileEmulationEnabled: false, nativeEvents: true, networkConnectionEnabled: false, pageLoadStrategy: normal, platform: MAC, platformName: MAC, rotatable: false, setWindowRect: true, takesHeapSnapshot: true, takesScreenshot: true, unexpectedAlertBehaviour: , unhandledPromptBehavior: , version: 75.0.3770.90, webStorageEnabled: true}
Session ID: b0006a02c448cb131051bfd108fa5d43)
	at com.kms.katalon.core.keyword.internal.KeywordMain.stepFailed(KeywordMain.groovy:36)
	at com.kms.katalon.core.webui.keyword.internal.WebUIKeywordMain.stepFailed(WebUIKeywordMain.groovy:65)
	at com.kms.katalon.core.webui.keyword.internal.WebUIKeywordMain.runKeyword(WebUIKeywordMain.groovy:27)
	at com.kms.katalon.core.webui.keyword.builtin.ClickKeyword.click(ClickKeyword.groovy:86)
	at com.kms.katalon.core.webui.keyword.builtin.ClickKeyword.execute(ClickKeyword.groovy:67)
	at com.kms.katalon.core.keyword.internal.KeywordExecutor.executeKeywordForPlatform(KeywordExecutor.groovy:53)
	at com.kms.katalon.core.webui.keyword.WebUiBuiltInKeywords.click(WebUiBuiltInKeywords.groovy:616)
	at com.kms.katalon.core.webui.keyword.WebUiBuiltInKeywords$click$4.call(Unknown Source)
	at footer.run(footer:23)
	at com.kms.katalon.core.main.ScriptEngine.run(ScriptEngine.java:194)
	at com.kms.katalon.core.main.ScriptEngine.runScriptAsRawText(ScriptEngine.java:119)
	at com.kms.katalon.core.main.TestCaseExecutor.runScript(TestCaseExecutor.java:328)
	at com.kms.katalon.core.main.TestCaseExecutor.doExecute(TestCaseExecutor.java:319)
	at com.kms.katalon.core.main.TestCaseExecutor.processExecutionPhase(TestCaseExecutor.java:298)
	at com.kms.katalon.core.main.TestCaseExecutor.accessMainPhase(TestCaseExecutor.java:290)
	at com.kms.katalon.core.main.TestCaseExecutor.execute(TestCaseExecutor.java:224)
	at com.kms.katalon.core.main.TestSuiteExecutor.accessTestCaseMainPhase(TestSuiteExecutor.java:129)
	at com.kms.katalon.core.main.TestSuiteExecutor.accessTestSuiteMainPhase(TestSuiteExecutor.java:112)
	at com.kms.katalon.core.main.TestSuiteExecutor.execute(TestSuiteExecutor.java:81)
	at com.kms.katalon.core.main.TestCaseMain.startTestSuite(TestCaseMain.java:149)
	at com.kms.katalon.core.main.TestCaseMain$startTestSuite$0.call(Unknown Source)
	at TempTestSuite1560802135767.run(TempTestSuite1560802135767.groovy:36)
"/>
         <system-out><![CDATA[2019-06-17 16:18:27 - [TEST_CASE][FAILED] - Test Cases/OCS - MOBILE/OCS- HOME PAGE/footer: Test Cases/OCS - MOBILE/OCS- HOME PAGE/footer FAILED.
Reason:
com.kms.katalon.core.exception.StepFailedException: Unable to click on object 'Object Repository/OCS-MOBILE /Home - page/Return Policy' (Root cause: org.openqa.selenium.WebDriverException: unknown error: Element <a href="/pages/return-policy">...</a> is not clickable at point (242, 668). Other element would receive the click: <iframe title="Preview Bar" id="preview-bar-iframe" src="https://ocs.ca/preview_bar" sandbox="allow-same-origin allow-scripts" style="position: fixed; bottom: 0px; left: 0px; z-index: 2147483647; width: 100%; border: none; box-shadow: rgba(0, 0, 0, 0.2) 0px -1px 3px; overflow: hidden; transform: translateY(0px); transition: transform 300ms ease 0s; height: 92px;"></iframe>
  (Session info: chrome=75.0.3770.90)
  (Driver info: chromedriver=2.43.600229 (3fae4d0cda5334b4f533bede5a4787f7b832d052),platform=Mac OS X 10.13.6 x86_64) (WARNING: The server did not provide any stacktrace information)
Command duration or timeout: 0 milliseconds
Build info: version: '3.7.1', revision: '8a0099a', time: '2017-11-06T21:07:36.161Z'
System info: host: 'sumans-MacBook-Pro.local', ip: 'fe80:0:0:0:10f0:11f1:8277:c429%en0', os.name: 'Mac OS X', os.arch: 'x86_64', os.version: '10.13.6', java.version: '1.8.0_181'
Driver info: com.kms.katalon.selenium.driver.CChromeDriver
Capabilities {acceptInsecureCerts: false, acceptSslCerts: false, applicationCacheEnabled: false, browserConnectionEnabled: false, browserName: chrome, chrome: {chromedriverVersion: 2.43.600229 (3fae4d0cda5334..., userDataDir: /var/folders/1t/c55l8xzs6gq...}, cssSelectorsEnabled: true, databaseEnabled: false, goog:chromeOptions: {debuggerAddress: localhost:61059}, handlesAlerts: true, hasTouchScreen: false, javascriptEnabled: true, locationContextEnabled: true, mobileEmulationEnabled: false, nativeEvents: true, networkConnectionEnabled: false, pageLoadStrategy: normal, platform: MAC, platformName: MAC, rotatable: false, setWindowRect: true, takesHeapSnapshot: true, takesScreenshot: true, unexpectedAlertBehaviour: , unhandledPromptBehavior: , version: 75.0.3770.90, webStorageEnabled: true}
Session ID: b0006a02c448cb131051bfd108fa5d43)
	at com.kms.katalon.core.keyword.internal.KeywordMain.stepFailed(KeywordMain.groovy:36)
	at com.kms.katalon.core.webui.keyword.internal.WebUIKeywordMain.stepFailed(WebUIKeywordMain.groovy:65)
	at com.kms.katalon.core.webui.keyword.internal.WebUIKeywordMain.runKeyword(WebUIKeywordMain.groovy:27)
	at com.kms.katalon.core.webui.keyword.builtin.ClickKeyword.click(ClickKeyword.groovy:86)
	at com.kms.katalon.core.webui.keyword.builtin.ClickKeyword.execute(ClickKeyword.groovy:67)
	at com.kms.katalon.core.keyword.internal.KeywordExecutor.executeKeywordForPlatform(KeywordExecutor.groovy:53)
	at com.kms.katalon.core.webui.keyword.WebUiBuiltInKeywords.click(WebUiBuiltInKeywords.groovy:616)
	at com.kms.katalon.core.webui.keyword.WebUiBuiltInKeywords$click$4.call(Unknown Source)
	at footer.run(footer:23)
	at com.kms.katalon.core.main.ScriptEngine.run(ScriptEngine.java:194)
	at com.kms.katalon.core.main.ScriptEngine.runScriptAsRawText(ScriptEngine.java:119)
	at com.kms.katalon.core.main.TestCaseExecutor.runScript(TestCaseExecutor.java:328)
	at com.kms.katalon.core.main.TestCaseExecutor.doExecute(TestCaseExecutor.java:319)
	at com.kms.katalon.core.main.TestCaseExecutor.processExecutionPhase(TestCaseExecutor.java:298)
	at com.kms.katalon.core.main.TestCaseExecutor.accessMainPhase(TestCaseExecutor.java:290)
	at com.kms.katalon.core.main.TestCaseExecutor.execute(TestCaseExecutor.java:224)
	at com.kms.katalon.core.main.TestSuiteExecutor.accessTestCaseMainPhase(TestSuiteExecutor.java:129)
	at com.kms.katalon.core.main.TestSuiteExecutor.accessTestSuiteMainPhase(TestSuiteExecutor.java:112)
	at com.kms.katalon.core.main.TestSuiteExecutor.execute(TestSuiteExecutor.java:81)
	at com.kms.katalon.core.main.TestCaseMain.startTestSuite(TestCaseMain.java:149)
	at com.kms.katalon.core.main.TestCaseMain$startTestSuite$0.call(Unknown Source)
	at TempTestSuite1560802135767.run(TempTestSuite1560802135767.groovy:36)


2019-06-17 16:18:27 - [TEST_STEP][PASSED] - callTestCase(findTestCase("OCS - MOBILE/CALL - AGE GATE"), [:], STOP_ON_FAILURE): Call Test Case 'Test Cases/OCS - MOBILE/CALL - AGE GATE' successfully

2019-06-17 16:18:27 - [TEST_CASE][PASSED] - Test Cases/OCS - MOBILE/CALL - AGE GATE: Test Cases/OCS - MOBILE/CALL - AGE GATE

2019-06-17 16:18:27 - [TEST_STEP][PASSED] - openBrowser(""): Browser is opened with url: ''

2019-06-17 16:18:27 - [MESSAGE][WARNING] - A browser is already opened. Closing browser and opening a new one

2019-06-17 16:18:27 - [MESSAGE][INFO] - Starting 'Chrome' driver

2019-06-17 16:18:28 - [MESSAGE][PASSED] - Browser is opened with url: ''

2019-06-17 16:18:28 - [TEST_STEP][PASSED] - navigateToUrl("https://ocs.ca/?fts=0&preview_theme_id=72920106828"): Navigate to 'https://ocs.ca/?fts=0&preview_theme_id=72920106828' successfully

2019-06-17 16:18:33 - [MESSAGE][PASSED] - Navigate to 'https://ocs.ca/?fts=0&preview_theme_id=72920106828' successfully

2019-06-17 16:18:33 - [TEST_STEP][PASSED] - executeJavaScript("var previewBar = document.getElementById("preview-bar-iframe"); previewBar.style.display = "none";", []): Execute JavaScript 'var previewBar = document.getElementById("preview-bar-iframe"); previewBar.style.display = "none";' successfully

2019-06-17 16:18:33 - [MESSAGE][PASSED] - Execute JavaScript 'var previewBar = document.getElementById("preview-bar-iframe"); previewBar.style.display = "none";' successfully

2019-06-17 16:18:33 - [TEST_STEP][PASSED] - setViewPortSize(360, 800): Viewport is set to new size with width = 360 and height = 800

2019-06-17 16:18:33 - [MESSAGE][PASSED] - Viewport is set to new size with width = 360 and height = 800

2019-06-17 16:18:33 - [TEST_STEP][PASSED] - delay(4): Delayed 4 second(s)

2019-06-17 16:18:37 - [MESSAGE][PASSED] - Delayed 4 second(s)

2019-06-17 16:18:37 - [TEST_STEP][PASSED] - selectOptionByValue(findTestObject("OCS-MOBILE /Age gate and burger menu/Date"), "12", true): All options with value '12' are selected in object 'Object Repository/OCS-MOBILE /Age gate and burger menu/Date'  using regular expression

2019-06-17 16:18:37 - [MESSAGE][PASSED] - All options with value '12' are selected in object 'Object Repository/OCS-MOBILE /Age gate and burger menu/Date'  using regular expression

2019-06-17 16:18:37 - [TEST_STEP][PASSED] - selectOptionByValue(findTestObject("OCS-MOBILE /Age gate and burger menu/month"), "6", true): All options with value '6' are selected in object 'Object Repository/OCS-MOBILE /Age gate and burger menu/month'  using regular expression

2019-06-17 16:18:38 - [MESSAGE][PASSED] - All options with value '6' are selected in object 'Object Repository/OCS-MOBILE /Age gate and burger menu/month'  using regular expression

2019-06-17 16:18:38 - [TEST_STEP][PASSED] - delay(2): Delayed 2 second(s)

2019-06-17 16:18:40 - [MESSAGE][PASSED] - Delayed 2 second(s)

2019-06-17 16:18:40 - [TEST_STEP][PASSED] - selectOptionByValue(findTestObject("OCS-MOBILE /Age gate and burger menu/Year Dropdown"), "1990", true): All options with value '1990' are selected in object 'Object Repository/OCS-MOBILE /Age gate and burger menu/Year Dropdown'  using regular expression

2019-06-17 16:18:41 - [MESSAGE][PASSED] - All options with value '1990' are selected in object 'Object Repository/OCS-MOBILE /Age gate and burger menu/Year Dropdown'  using regular expression

2019-06-17 16:18:41 - [TEST_STEP][PASSED] - click(findTestObject("OCS-MOBILE /Age gate and Mega menu/button_Verify")): Object: 'Object Repository/OCS-MOBILE /Age gate and Mega menu/button_Verify' is clicked on

2019-06-17 16:18:41 - [MESSAGE][PASSED] - Object: 'Object Repository/OCS-MOBILE /Age gate and Mega menu/button_Verify' is clicked on

2019-06-17 16:18:41 - [TEST_STEP][PASSED] - click(findTestObject("OCS-MOBILE /Age gate and Mega menu/Checkbox_CONFIRM AND ACKNOWLEDGE")): Object: 'Object Repository/OCS-MOBILE /Age gate and Mega menu/Checkbox_CONFIRM AND ACKNOWLEDGE' is clicked on

2019-06-17 16:18:41 - [MESSAGE][PASSED] - Object: 'Object Repository/OCS-MOBILE /Age gate and Mega menu/Checkbox_CONFIRM AND ACKNOWLEDGE' is clicked on

2019-06-17 16:18:41 - [TEST_STEP][PASSED] - click(findTestObject("OCS-MOBILE /Age gate and Mega menu/button_CONFIRM")): Object: 'Object Repository/OCS-MOBILE /Age gate and Mega menu/button_CONFIRM' is clicked on

2019-06-17 16:18:41 - [MESSAGE][PASSED] - Object: 'Object Repository/OCS-MOBILE /Age gate and Mega menu/button_CONFIRM' is clicked on

2019-06-17 16:18:41 - [TEST_STEP][PASSED] - click(findTestObject("OCS-MOBILE /Age gate and Mega menu/button_Start Browsing")): Object: 'Object Repository/OCS-MOBILE /Age gate and Mega menu/button_Start Browsing' is clicked on

2019-06-17 16:18:41 - [MESSAGE][PASSED] - Object: 'Object Repository/OCS-MOBILE /Age gate and Mega menu/button_Start Browsing' is clicked on

2019-06-17 16:18:41 - [TEST_STEP][PASSED] - refresh(): Refresh successfully

2019-06-17 16:18:44 - [MESSAGE][PASSED] - Refresh successfully

2019-06-17 16:18:44 - [MESSAGE][PASSED] - Call Test Case 'Test Cases/OCS - MOBILE/CALL - AGE GATE' successfully

2019-06-17 16:18:44 - [TEST_STEP][PASSED] - delay(2): Delayed 2 second(s)

2019-06-17 16:18:46 - [MESSAGE][PASSED] - Delayed 2 second(s)

2019-06-17 16:18:46 - [TEST_STEP][NOT_RUN] - executeJavaScript("var previewBar = document.getElementById("preview-bar-iframe"); previewBar.style.display = "none";", []): NOT_RUN: executeJavaScript("var previewBar = document.getElementById("preview-bar-iframe"); previewBar.style.display = "none";", [])

2019-06-17 16:18:46 - [MESSAGE][NOT_RUN] - NOT_RUN: executeJavaScript("var previewBar = document.getElementById("preview-bar-iframe"); previewBar.style.display = "none";", [])

2019-06-17 16:18:46 - [TEST_STEP][FAILED] - click(findTestObject("OCS-MOBILE /Home - page/Return Policy")): click(findTestObject("OCS-MOBILE /Home - page/Return Policy")) FAILED.
Reason:
com.kms.katalon.core.exception.StepFailedException: Unable to click on object 'Object Repository/OCS-MOBILE /Home - page/Return Policy' (Root cause: org.openqa.selenium.WebDriverException: unknown error: Element <a href="/pages/return-policy">...</a> is not clickable at point (242, 668). Other element would receive the click: <iframe title="Preview Bar" id="preview-bar-iframe" src="https://ocs.ca/preview_bar" sandbox="allow-same-origin allow-scripts" style="position: fixed; bottom: 0px; left: 0px; z-index: 2147483647; width: 100%; border: none; box-shadow: rgba(0, 0, 0, 0.2) 0px -1px 3px; overflow: hidden; transform: translateY(0px); transition: transform 300ms ease 0s; height: 92px;"></iframe>
  (Session info: chrome=75.0.3770.90)
  (Driver info: chromedriver=2.43.600229 (3fae4d0cda5334b4f533bede5a4787f7b832d052),platform=Mac OS X 10.13.6 x86_64) (WARNING: The server did not provide any stacktrace information)
Command duration or timeout: 0 milliseconds
Build info: version: '3.7.1', revision: '8a0099a', time: '2017-11-06T21:07:36.161Z'
System info: host: 'sumans-MacBook-Pro.local', ip: 'fe80:0:0:0:10f0:11f1:8277:c429%en0', os.name: 'Mac OS X', os.arch: 'x86_64', os.version: '10.13.6', java.version: '1.8.0_181'
Driver info: com.kms.katalon.selenium.driver.CChromeDriver
Capabilities {acceptInsecureCerts: false, acceptSslCerts: false, applicationCacheEnabled: false, browserConnectionEnabled: false, browserName: chrome, chrome: {chromedriverVersion: 2.43.600229 (3fae4d0cda5334..., userDataDir: /var/folders/1t/c55l8xzs6gq...}, cssSelectorsEnabled: true, databaseEnabled: false, goog:chromeOptions: {debuggerAddress: localhost:61059}, handlesAlerts: true, hasTouchScreen: false, javascriptEnabled: true, locationContextEnabled: true, mobileEmulationEnabled: false, nativeEvents: true, networkConnectionEnabled: false, pageLoadStrategy: normal, platform: MAC, platformName: MAC, rotatable: false, setWindowRect: true, takesHeapSnapshot: true, takesScreenshot: true, unexpectedAlertBehaviour: , unhandledPromptBehavior: , version: 75.0.3770.90, webStorageEnabled: true}
Session ID: b0006a02c448cb131051bfd108fa5d43)
	at com.kms.katalon.core.keyword.internal.KeywordMain.stepFailed(KeywordMain.groovy:36)
	at com.kms.katalon.core.webui.keyword.internal.WebUIKeywordMain.stepFailed(WebUIKeywordMain.groovy:65)
	at com.kms.katalon.core.webui.keyword.internal.WebUIKeywordMain.runKeyword(WebUIKeywordMain.groovy:27)
	at com.kms.katalon.core.webui.keyword.builtin.ClickKeyword.click(ClickKeyword.groovy:86)
	at com.kms.katalon.core.webui.keyword.builtin.ClickKeyword.execute(ClickKeyword.groovy:67)
	at com.kms.katalon.core.keyword.internal.KeywordExecutor.executeKeywordForPlatform(KeywordExecutor.groovy:53)
	at com.kms.katalon.core.webui.keyword.WebUiBuiltInKeywords.click(WebUiBuiltInKeywords.groovy:616)
	at com.kms.katalon.core.webui.keyword.WebUiBuiltInKeywords$click$4.call(Unknown Source)
	at footer.run(footer:23)
	at com.kms.katalon.core.main.ScriptEngine.run(ScriptEngine.java:194)
	at com.kms.katalon.core.main.ScriptEngine.runScriptAsRawText(ScriptEngine.java:119)
	at com.kms.katalon.core.main.TestCaseExecutor.runScript(TestCaseExecutor.java:328)
	at com.kms.katalon.core.main.TestCaseExecutor.doExecute(TestCaseExecutor.java:319)
	at com.kms.katalon.core.main.TestCaseExecutor.processExecutionPhase(TestCaseExecutor.java:298)
	at com.kms.katalon.core.main.TestCaseExecutor.accessMainPhase(TestCaseExecutor.java:290)
	at com.kms.katalon.core.main.TestCaseExecutor.execute(TestCaseExecutor.java:224)
	at com.kms.katalon.core.main.TestSuiteExecutor.accessTestCaseMainPhase(TestSuiteExecutor.java:129)
	at com.kms.katalon.core.main.TestSuiteExecutor.accessTestSuiteMainPhase(TestSuiteExecutor.java:112)
	at com.kms.katalon.core.main.TestSuiteExecutor.execute(TestSuiteExecutor.java:81)
	at com.kms.katalon.core.main.TestCaseMain.startTestSuite(TestCaseMain.java:149)
	at com.kms.katalon.core.main.TestCaseMain$startTestSuite$0.call(Unknown Source)
	at TempTestSuite1560802135767.run(TempTestSuite1560802135767.groovy:36)


2019-06-17 16:18:47 - [MESSAGE][FAILED] - Unable to click on object 'Object Repository/OCS-MOBILE /Home - page/Return Policy' (Root cause: org.openqa.selenium.WebDriverException: unknown error: Element <a href="/pages/return-policy">...</a> is not clickable at point (242, 668). Other element would receive the click: <iframe title="Preview Bar" id="preview-bar-iframe" src="https://ocs.ca/preview_bar" sandbox="allow-same-origin allow-scripts" style="position: fixed; bottom: 0px; left: 0px; z-index: 2147483647; width: 100%; border: none; box-shadow: rgba(0, 0, 0, 0.2) 0px -1px 3px; overflow: hidden; transform: translateY(0px); transition: transform 300ms ease 0s; height: 92px;"></iframe>
  (Session info: chrome=75.0.3770.90)
  (Driver info: chromedriver=2.43.600229 (3fae4d0cda5334b4f533bede5a4787f7b832d052),platform=Mac OS X 10.13.6 x86_64) (WARNING: The server did not provide any stacktrace information)
Command duration or timeout: 0 milliseconds
Build info: version: '3.7.1', revision: '8a0099a', time: '2017-11-06T21:07:36.161Z'
System info: host: 'sumans-MacBook-Pro.local', ip: 'fe80:0:0:0:10f0:11f1:8277:c429%en0', os.name: 'Mac OS X', os.arch: 'x86_64', os.version: '10.13.6', java.version: '1.8.0_181'
Driver info: com.kms.katalon.selenium.driver.CChromeDriver
Capabilities {acceptInsecureCerts: false, acceptSslCerts: false, applicationCacheEnabled: false, browserConnectionEnabled: false, browserName: chrome, chrome: {chromedriverVersion: 2.43.600229 (3fae4d0cda5334..., userDataDir: /var/folders/1t/c55l8xzs6gq...}, cssSelectorsEnabled: true, databaseEnabled: false, goog:chromeOptions: {debuggerAddress: localhost:61059}, handlesAlerts: true, hasTouchScreen: false, javascriptEnabled: true, locationContextEnabled: true, mobileEmulationEnabled: false, nativeEvents: true, networkConnectionEnabled: false, pageLoadStrategy: normal, platform: MAC, platformName: MAC, rotatable: false, setWindowRect: true, takesHeapSnapshot: true, takesScreenshot: true, unexpectedAlertBehaviour: , unhandledPromptBehavior: , version: 75.0.3770.90, webStorageEnabled: true}
Session ID: b0006a02c448cb131051bfd108fa5d43)
[[ATTACHMENT|/Users/sumankompelly/Relative xpath-Mobile/Reports/OCS- 1.10.1/20190617_160855/1560802726771.png]]

2019-06-17 16:18:47 - [MESSAGE][FAILED] - click(findTestObject("OCS-MOBILE /Home - page/Return Policy")) FAILED.
Reason:
com.kms.katalon.core.exception.StepFailedException: Unable to click on object 'Object Repository/OCS-MOBILE /Home - page/Return Policy' (Root cause: org.openqa.selenium.WebDriverException: unknown error: Element <a href="/pages/return-policy">...</a> is not clickable at point (242, 668). Other element would receive the click: <iframe title="Preview Bar" id="preview-bar-iframe" src="https://ocs.ca/preview_bar" sandbox="allow-same-origin allow-scripts" style="position: fixed; bottom: 0px; left: 0px; z-index: 2147483647; width: 100%; border: none; box-shadow: rgba(0, 0, 0, 0.2) 0px -1px 3px; overflow: hidden; transform: translateY(0px); transition: transform 300ms ease 0s; height: 92px;"></iframe>
  (Session info: chrome=75.0.3770.90)
  (Driver info: chromedriver=2.43.600229 (3fae4d0cda5334b4f533bede5a4787f7b832d052),platform=Mac OS X 10.13.6 x86_64) (WARNING: The server did not provide any stacktrace information)
Command duration or timeout: 0 milliseconds
Build info: version: '3.7.1', revision: '8a0099a', time: '2017-11-06T21:07:36.161Z'
System info: host: 'sumans-MacBook-Pro.local', ip: 'fe80:0:0:0:10f0:11f1:8277:c429%en0', os.name: 'Mac OS X', os.arch: 'x86_64', os.version: '10.13.6', java.version: '1.8.0_181'
Driver info: com.kms.katalon.selenium.driver.CChromeDriver
Capabilities {acceptInsecureCerts: false, acceptSslCerts: false, applicationCacheEnabled: false, browserConnectionEnabled: false, browserName: chrome, chrome: {chromedriverVersion: 2.43.600229 (3fae4d0cda5334..., userDataDir: /var/folders/1t/c55l8xzs6gq...}, cssSelectorsEnabled: true, databaseEnabled: false, goog:chromeOptions: {debuggerAddress: localhost:61059}, handlesAlerts: true, hasTouchScreen: false, javascriptEnabled: true, locationContextEnabled: true, mobileEmulationEnabled: false, nativeEvents: true, networkConnectionEnabled: false, pageLoadStrategy: normal, platform: MAC, platformName: MAC, rotatable: false, setWindowRect: true, takesHeapSnapshot: true, takesScreenshot: true, unexpectedAlertBehaviour: , unhandledPromptBehavior: , version: 75.0.3770.90, webStorageEnabled: true}
Session ID: b0006a02c448cb131051bfd108fa5d43)
	at com.kms.katalon.core.keyword.internal.KeywordMain.stepFailed(KeywordMain.groovy:36)
	at com.kms.katalon.core.webui.keyword.internal.WebUIKeywordMain.stepFailed(WebUIKeywordMain.groovy:65)
	at com.kms.katalon.core.webui.keyword.internal.WebUIKeywordMain.runKeyword(WebUIKeywordMain.groovy:27)
	at com.kms.katalon.core.webui.keyword.builtin.ClickKeyword.click(ClickKeyword.groovy:86)
	at com.kms.katalon.core.webui.keyword.builtin.ClickKeyword.execute(ClickKeyword.groovy:67)
	at com.kms.katalon.core.keyword.internal.KeywordExecutor.executeKeywordForPlatform(KeywordExecutor.groovy:53)
	at com.kms.katalon.core.webui.keyword.WebUiBuiltInKeywords.click(WebUiBuiltInKeywords.groovy:616)
	at com.kms.katalon.core.webui.keyword.WebUiBuiltInKeywords$click$4.call(Unknown Source)
	at footer.run(footer:23)
	at com.kms.katalon.core.main.ScriptEngine.run(ScriptEngine.java:194)
	at com.kms.katalon.core.main.ScriptEngine.runScriptAsRawText(ScriptEngine.java:119)
	at com.kms.katalon.core.main.TestCaseExecutor.runScript(TestCaseExecutor.java:328)
	at com.kms.katalon.core.main.TestCaseExecutor.doExecute(TestCaseExecutor.java:319)
	at com.kms.katalon.core.main.TestCaseExecutor.processExecutionPhase(TestCaseExecutor.java:298)
	at com.kms.katalon.core.main.TestCaseExecutor.accessMainPhase(TestCaseExecutor.java:290)
	at com.kms.katalon.core.main.TestCaseExecutor.execute(TestCaseExecutor.java:224)
	at com.kms.katalon.core.main.TestSuiteExecutor.accessTestCaseMainPhase(TestSuiteExecutor.java:129)
	at com.kms.katalon.core.main.TestSuiteExecutor.accessTestSuiteMainPhase(TestSuiteExecutor.java:112)
	at com.kms.katalon.core.main.TestSuiteExecutor.execute(TestSuiteExecutor.java:81)
	at com.kms.katalon.core.main.TestCaseMain.startTestSuite(TestCaseMain.java:149)
	at com.kms.katalon.core.main.TestCaseMain$startTestSuite$0.call(Unknown Source)
	at TempTestSuite1560802135767.run(TempTestSuite1560802135767.groovy:36)]]></system-out>
         <system-err><![CDATA[2019-06-17 16:18:27 - [TEST_CASE][FAILED] - Test Cases/OCS - MOBILE/OCS- HOME PAGE/footer: Test Cases/OCS - MOBILE/OCS- HOME PAGE/footer FAILED.
Reason:
com.kms.katalon.core.exception.StepFailedException: Unable to click on object 'Object Repository/OCS-MOBILE /Home - page/Return Policy' (Root cause: org.openqa.selenium.WebDriverException: unknown error: Element <a href="/pages/return-policy">...</a> is not clickable at point (242, 668). Other element would receive the click: <iframe title="Preview Bar" id="preview-bar-iframe" src="https://ocs.ca/preview_bar" sandbox="allow-same-origin allow-scripts" style="position: fixed; bottom: 0px; left: 0px; z-index: 2147483647; width: 100%; border: none; box-shadow: rgba(0, 0, 0, 0.2) 0px -1px 3px; overflow: hidden; transform: translateY(0px); transition: transform 300ms ease 0s; height: 92px;"></iframe>
  (Session info: chrome=75.0.3770.90)
  (Driver info: chromedriver=2.43.600229 (3fae4d0cda5334b4f533bede5a4787f7b832d052),platform=Mac OS X 10.13.6 x86_64) (WARNING: The server did not provide any stacktrace information)
Command duration or timeout: 0 milliseconds
Build info: version: '3.7.1', revision: '8a0099a', time: '2017-11-06T21:07:36.161Z'
System info: host: 'sumans-MacBook-Pro.local', ip: 'fe80:0:0:0:10f0:11f1:8277:c429%en0', os.name: 'Mac OS X', os.arch: 'x86_64', os.version: '10.13.6', java.version: '1.8.0_181'
Driver info: com.kms.katalon.selenium.driver.CChromeDriver
Capabilities {acceptInsecureCerts: false, acceptSslCerts: false, applicationCacheEnabled: false, browserConnectionEnabled: false, browserName: chrome, chrome: {chromedriverVersion: 2.43.600229 (3fae4d0cda5334..., userDataDir: /var/folders/1t/c55l8xzs6gq...}, cssSelectorsEnabled: true, databaseEnabled: false, goog:chromeOptions: {debuggerAddress: localhost:61059}, handlesAlerts: true, hasTouchScreen: false, javascriptEnabled: true, locationContextEnabled: true, mobileEmulationEnabled: false, nativeEvents: true, networkConnectionEnabled: false, pageLoadStrategy: normal, platform: MAC, platformName: MAC, rotatable: false, setWindowRect: true, takesHeapSnapshot: true, takesScreenshot: true, unexpectedAlertBehaviour: , unhandledPromptBehavior: , version: 75.0.3770.90, webStorageEnabled: true}
Session ID: b0006a02c448cb131051bfd108fa5d43)
	at com.kms.katalon.core.keyword.internal.KeywordMain.stepFailed(KeywordMain.groovy:36)
	at com.kms.katalon.core.webui.keyword.internal.WebUIKeywordMain.stepFailed(WebUIKeywordMain.groovy:65)
	at com.kms.katalon.core.webui.keyword.internal.WebUIKeywordMain.runKeyword(WebUIKeywordMain.groovy:27)
	at com.kms.katalon.core.webui.keyword.builtin.ClickKeyword.click(ClickKeyword.groovy:86)
	at com.kms.katalon.core.webui.keyword.builtin.ClickKeyword.execute(ClickKeyword.groovy:67)
	at com.kms.katalon.core.keyword.internal.KeywordExecutor.executeKeywordForPlatform(KeywordExecutor.groovy:53)
	at com.kms.katalon.core.webui.keyword.WebUiBuiltInKeywords.click(WebUiBuiltInKeywords.groovy:616)
	at com.kms.katalon.core.webui.keyword.WebUiBuiltInKeywords$click$4.call(Unknown Source)
	at footer.run(footer:23)
	at com.kms.katalon.core.main.ScriptEngine.run(ScriptEngine.java:194)
	at com.kms.katalon.core.main.ScriptEngine.runScriptAsRawText(ScriptEngine.java:119)
	at com.kms.katalon.core.main.TestCaseExecutor.runScript(TestCaseExecutor.java:328)
	at com.kms.katalon.core.main.TestCaseExecutor.doExecute(TestCaseExecutor.java:319)
	at com.kms.katalon.core.main.TestCaseExecutor.processExecutionPhase(TestCaseExecutor.java:298)
	at com.kms.katalon.core.main.TestCaseExecutor.accessMainPhase(TestCaseExecutor.java:290)
	at com.kms.katalon.core.main.TestCaseExecutor.execute(TestCaseExecutor.java:224)
	at com.kms.katalon.core.main.TestSuiteExecutor.accessTestCaseMainPhase(TestSuiteExecutor.java:129)
	at com.kms.katalon.core.main.TestSuiteExecutor.accessTestSuiteMainPhase(TestSuiteExecutor.java:112)
	at com.kms.katalon.core.main.TestSuiteExecutor.execute(TestSuiteExecutor.java:81)
	at com.kms.katalon.core.main.TestCaseMain.startTestSuite(TestCaseMain.java:149)
	at com.kms.katalon.core.main.TestCaseMain$startTestSuite$0.call(Unknown Source)
	at TempTestSuite1560802135767.run(TempTestSuite1560802135767.groovy:36)]]></system-err>
      </testcase>
      <testcase name="Test Cases/OCS - MOBILE/OCS- HOME PAGE/why trust OCS" classname="Test Cases/OCS - MOBILE/OCS- HOME PAGE/why trust OCS" status="FAILED">
         <failure type="FAILED" message="Test Cases/OCS - MOBILE/OCS- HOME PAGE/why trust OCS FAILED.
Reason:
com.kms.katalon.core.exception.StepFailedException: Unable to click on object 'Object Repository/OCS-MOBILE /Home - page/Why trust OCS -img' (Root cause: org.openqa.selenium.WebDriverException: unknown error: Element &lt;img alt=&quot;Find out more about OCS&quot; class=&quot;&quot; src=&quot;//cdn.shopify.com/s/files/1/2636/1928/files/OCS_CREST_REG_BLK_300x300.png?v=1538936678&quot; data-src=&quot;//cdn.shopify.com/s/files/1/2636/1928/files/OCS_CREST_REG_BLK_300x300.png?v=1538936678&quot; width=&quot;150&quot; height=&quot;150&quot;> is not clickable at point (242, 602). Other element would receive the click: &lt;iframe title=&quot;Preview Bar&quot; id=&quot;preview-bar-iframe&quot; src=&quot;https://ocs.ca/preview_bar&quot; sandbox=&quot;allow-same-origin allow-scripts&quot; style=&quot;position: fixed; bottom: 0px; left: 0px; z-index: 2147483647; width: 100%; border: none; box-shadow: rgba(0, 0, 0, 0.2) 0px -1px 3px; overflow: hidden; transform: translateY(0px); transition: transform 300ms ease 0s; height: 92px;&quot;>&lt;/iframe>
  (Session info: chrome=75.0.3770.90)
  (Driver info: chromedriver=2.43.600229 (3fae4d0cda5334b4f533bede5a4787f7b832d052),platform=Mac OS X 10.13.6 x86_64) (WARNING: The server did not provide any stacktrace information)
Command duration or timeout: 0 milliseconds
Build info: version: '3.7.1', revision: '8a0099a', time: '2017-11-06T21:07:36.161Z'
System info: host: 'sumans-MacBook-Pro.local', ip: 'fe80:0:0:0:10f0:11f1:8277:c429%en0', os.name: 'Mac OS X', os.arch: 'x86_64', os.version: '10.13.6', java.version: '1.8.0_181'
Driver info: com.kms.katalon.selenium.driver.CChromeDriver
Capabilities {acceptInsecureCerts: false, acceptSslCerts: false, applicationCacheEnabled: false, browserConnectionEnabled: false, browserName: chrome, chrome: {chromedriverVersion: 2.43.600229 (3fae4d0cda5334..., userDataDir: /var/folders/1t/c55l8xzs6gq...}, cssSelectorsEnabled: true, databaseEnabled: false, goog:chromeOptions: {debuggerAddress: localhost:61177}, handlesAlerts: true, hasTouchScreen: false, javascriptEnabled: true, locationContextEnabled: true, mobileEmulationEnabled: false, nativeEvents: true, networkConnectionEnabled: false, pageLoadStrategy: normal, platform: MAC, platformName: MAC, rotatable: false, setWindowRect: true, takesHeapSnapshot: true, takesScreenshot: true, unexpectedAlertBehaviour: , unhandledPromptBehavior: , version: 75.0.3770.90, webStorageEnabled: true}
Session ID: 1d45f6280244914429a6c2e9c21e1246)
	at com.kms.katalon.core.keyword.internal.KeywordMain.stepFailed(KeywordMain.groovy:36)
	at com.kms.katalon.core.webui.keyword.internal.WebUIKeywordMain.stepFailed(WebUIKeywordMain.groovy:65)
	at com.kms.katalon.core.webui.keyword.internal.WebUIKeywordMain.runKeyword(WebUIKeywordMain.groovy:27)
	at com.kms.katalon.core.webui.keyword.builtin.ClickKeyword.click(ClickKeyword.groovy:86)
	at com.kms.katalon.core.webui.keyword.builtin.ClickKeyword.execute(ClickKeyword.groovy:67)
	at com.kms.katalon.core.keyword.internal.KeywordExecutor.executeKeywordForPlatform(KeywordExecutor.groovy:53)
	at com.kms.katalon.core.webui.keyword.WebUiBuiltInKeywords.click(WebUiBuiltInKeywords.groovy:616)
	at com.kms.katalon.core.webui.keyword.WebUiBuiltInKeywords$click$4.call(Unknown Source)
	at why trust OCS.run(why trust OCS:35)
	at com.kms.katalon.core.main.ScriptEngine.run(ScriptEngine.java:194)
	at com.kms.katalon.core.main.ScriptEngine.runScriptAsRawText(ScriptEngine.java:119)
	at com.kms.katalon.core.main.TestCaseExecutor.runScript(TestCaseExecutor.java:328)
	at com.kms.katalon.core.main.TestCaseExecutor.doExecute(TestCaseExecutor.java:319)
	at com.kms.katalon.core.main.TestCaseExecutor.processExecutionPhase(TestCaseExecutor.java:298)
	at com.kms.katalon.core.main.TestCaseExecutor.accessMainPhase(TestCaseExecutor.java:290)
	at com.kms.katalon.core.main.TestCaseExecutor.execute(TestCaseExecutor.java:224)
	at com.kms.katalon.core.main.TestSuiteExecutor.accessTestCaseMainPhase(TestSuiteExecutor.java:129)
	at com.kms.katalon.core.main.TestSuiteExecutor.accessTestSuiteMainPhase(TestSuiteExecutor.java:112)
	at com.kms.katalon.core.main.TestSuiteExecutor.execute(TestSuiteExecutor.java:81)
	at com.kms.katalon.core.main.TestCaseMain.startTestSuite(TestCaseMain.java:149)
	at com.kms.katalon.core.main.TestCaseMain$startTestSuite$0.call(Unknown Source)
	at TempTestSuite1560802135767.run(TempTestSuite1560802135767.groovy:36)
"/>
         <system-out><![CDATA[2019-06-17 16:18:47 - [TEST_CASE][FAILED] - Test Cases/OCS - MOBILE/OCS- HOME PAGE/why trust OCS: Test Cases/OCS - MOBILE/OCS- HOME PAGE/why trust OCS FAILED.
Reason:
com.kms.katalon.core.exception.StepFailedException: Unable to click on object 'Object Repository/OCS-MOBILE /Home - page/Why trust OCS -img' (Root cause: org.openqa.selenium.WebDriverException: unknown error: Element <img alt="Find out more about OCS" class="" src="//cdn.shopify.com/s/files/1/2636/1928/files/OCS_CREST_REG_BLK_300x300.png?v=1538936678" data-src="//cdn.shopify.com/s/files/1/2636/1928/files/OCS_CREST_REG_BLK_300x300.png?v=1538936678" width="150" height="150"> is not clickable at point (242, 602). Other element would receive the click: <iframe title="Preview Bar" id="preview-bar-iframe" src="https://ocs.ca/preview_bar" sandbox="allow-same-origin allow-scripts" style="position: fixed; bottom: 0px; left: 0px; z-index: 2147483647; width: 100%; border: none; box-shadow: rgba(0, 0, 0, 0.2) 0px -1px 3px; overflow: hidden; transform: translateY(0px); transition: transform 300ms ease 0s; height: 92px;"></iframe>
  (Session info: chrome=75.0.3770.90)
  (Driver info: chromedriver=2.43.600229 (3fae4d0cda5334b4f533bede5a4787f7b832d052),platform=Mac OS X 10.13.6 x86_64) (WARNING: The server did not provide any stacktrace information)
Command duration or timeout: 0 milliseconds
Build info: version: '3.7.1', revision: '8a0099a', time: '2017-11-06T21:07:36.161Z'
System info: host: 'sumans-MacBook-Pro.local', ip: 'fe80:0:0:0:10f0:11f1:8277:c429%en0', os.name: 'Mac OS X', os.arch: 'x86_64', os.version: '10.13.6', java.version: '1.8.0_181'
Driver info: com.kms.katalon.selenium.driver.CChromeDriver
Capabilities {acceptInsecureCerts: false, acceptSslCerts: false, applicationCacheEnabled: false, browserConnectionEnabled: false, browserName: chrome, chrome: {chromedriverVersion: 2.43.600229 (3fae4d0cda5334..., userDataDir: /var/folders/1t/c55l8xzs6gq...}, cssSelectorsEnabled: true, databaseEnabled: false, goog:chromeOptions: {debuggerAddress: localhost:61177}, handlesAlerts: true, hasTouchScreen: false, javascriptEnabled: true, locationContextEnabled: true, mobileEmulationEnabled: false, nativeEvents: true, networkConnectionEnabled: false, pageLoadStrategy: normal, platform: MAC, platformName: MAC, rotatable: false, setWindowRect: true, takesHeapSnapshot: true, takesScreenshot: true, unexpectedAlertBehaviour: , unhandledPromptBehavior: , version: 75.0.3770.90, webStorageEnabled: true}
Session ID: 1d45f6280244914429a6c2e9c21e1246)
	at com.kms.katalon.core.keyword.internal.KeywordMain.stepFailed(KeywordMain.groovy:36)
	at com.kms.katalon.core.webui.keyword.internal.WebUIKeywordMain.stepFailed(WebUIKeywordMain.groovy:65)
	at com.kms.katalon.core.webui.keyword.internal.WebUIKeywordMain.runKeyword(WebUIKeywordMain.groovy:27)
	at com.kms.katalon.core.webui.keyword.builtin.ClickKeyword.click(ClickKeyword.groovy:86)
	at com.kms.katalon.core.webui.keyword.builtin.ClickKeyword.execute(ClickKeyword.groovy:67)
	at com.kms.katalon.core.keyword.internal.KeywordExecutor.executeKeywordForPlatform(KeywordExecutor.groovy:53)
	at com.kms.katalon.core.webui.keyword.WebUiBuiltInKeywords.click(WebUiBuiltInKeywords.groovy:616)
	at com.kms.katalon.core.webui.keyword.WebUiBuiltInKeywords$click$4.call(Unknown Source)
	at why trust OCS.run(why trust OCS:35)
	at com.kms.katalon.core.main.ScriptEngine.run(ScriptEngine.java:194)
	at com.kms.katalon.core.main.ScriptEngine.runScriptAsRawText(ScriptEngine.java:119)
	at com.kms.katalon.core.main.TestCaseExecutor.runScript(TestCaseExecutor.java:328)
	at com.kms.katalon.core.main.TestCaseExecutor.doExecute(TestCaseExecutor.java:319)
	at com.kms.katalon.core.main.TestCaseExecutor.processExecutionPhase(TestCaseExecutor.java:298)
	at com.kms.katalon.core.main.TestCaseExecutor.accessMainPhase(TestCaseExecutor.java:290)
	at com.kms.katalon.core.main.TestCaseExecutor.execute(TestCaseExecutor.java:224)
	at com.kms.katalon.core.main.TestSuiteExecutor.accessTestCaseMainPhase(TestSuiteExecutor.java:129)
	at com.kms.katalon.core.main.TestSuiteExecutor.accessTestSuiteMainPhase(TestSuiteExecutor.java:112)
	at com.kms.katalon.core.main.TestSuiteExecutor.execute(TestSuiteExecutor.java:81)
	at com.kms.katalon.core.main.TestCaseMain.startTestSuite(TestCaseMain.java:149)
	at com.kms.katalon.core.main.TestCaseMain$startTestSuite$0.call(Unknown Source)
	at TempTestSuite1560802135767.run(TempTestSuite1560802135767.groovy:36)


2019-06-17 16:18:47 - [TEST_STEP][PASSED] - callTestCase(findTestCase("OCS - MOBILE/CALL - AGE GATE"), [:], STOP_ON_FAILURE): Call Test Case 'Test Cases/OCS - MOBILE/CALL - AGE GATE' successfully

2019-06-17 16:18:47 - [TEST_CASE][PASSED] - Test Cases/OCS - MOBILE/CALL - AGE GATE: Test Cases/OCS - MOBILE/CALL - AGE GATE

2019-06-17 16:18:47 - [TEST_STEP][PASSED] - openBrowser(""): Browser is opened with url: ''

2019-06-17 16:18:47 - [MESSAGE][WARNING] - A browser is already opened. Closing browser and opening a new one

2019-06-17 16:18:47 - [MESSAGE][INFO] - Starting 'Chrome' driver

2019-06-17 16:18:48 - [MESSAGE][PASSED] - Browser is opened with url: ''

2019-06-17 16:18:48 - [TEST_STEP][PASSED] - navigateToUrl("https://ocs.ca/?fts=0&preview_theme_id=72920106828"): Navigate to 'https://ocs.ca/?fts=0&preview_theme_id=72920106828' successfully

2019-06-17 16:18:54 - [MESSAGE][PASSED] - Navigate to 'https://ocs.ca/?fts=0&preview_theme_id=72920106828' successfully

2019-06-17 16:18:54 - [TEST_STEP][PASSED] - executeJavaScript("var previewBar = document.getElementById("preview-bar-iframe"); previewBar.style.display = "none";", []): Execute JavaScript 'var previewBar = document.getElementById("preview-bar-iframe"); previewBar.style.display = "none";' successfully

2019-06-17 16:18:54 - [MESSAGE][PASSED] - Execute JavaScript 'var previewBar = document.getElementById("preview-bar-iframe"); previewBar.style.display = "none";' successfully

2019-06-17 16:18:54 - [TEST_STEP][PASSED] - setViewPortSize(360, 800): Viewport is set to new size with width = 360 and height = 800

2019-06-17 16:18:54 - [MESSAGE][PASSED] - Viewport is set to new size with width = 360 and height = 800

2019-06-17 16:18:54 - [TEST_STEP][PASSED] - delay(4): Delayed 4 second(s)

2019-06-17 16:18:58 - [MESSAGE][PASSED] - Delayed 4 second(s)

2019-06-17 16:18:58 - [TEST_STEP][PASSED] - selectOptionByValue(findTestObject("OCS-MOBILE /Age gate and burger menu/Date"), "12", true): All options with value '12' are selected in object 'Object Repository/OCS-MOBILE /Age gate and burger menu/Date'  using regular expression

2019-06-17 16:18:58 - [MESSAGE][PASSED] - All options with value '12' are selected in object 'Object Repository/OCS-MOBILE /Age gate and burger menu/Date'  using regular expression

2019-06-17 16:18:58 - [TEST_STEP][PASSED] - selectOptionByValue(findTestObject("OCS-MOBILE /Age gate and burger menu/month"), "6", true): All options with value '6' are selected in object 'Object Repository/OCS-MOBILE /Age gate and burger menu/month'  using regular expression

2019-06-17 16:18:58 - [MESSAGE][PASSED] - All options with value '6' are selected in object 'Object Repository/OCS-MOBILE /Age gate and burger menu/month'  using regular expression

2019-06-17 16:18:58 - [TEST_STEP][PASSED] - delay(2): Delayed 2 second(s)

2019-06-17 16:19:00 - [MESSAGE][PASSED] - Delayed 2 second(s)

2019-06-17 16:19:00 - [TEST_STEP][PASSED] - selectOptionByValue(findTestObject("OCS-MOBILE /Age gate and burger menu/Year Dropdown"), "1990", true): All options with value '1990' are selected in object 'Object Repository/OCS-MOBILE /Age gate and burger menu/Year Dropdown'  using regular expression

2019-06-17 16:19:01 - [MESSAGE][PASSED] - All options with value '1990' are selected in object 'Object Repository/OCS-MOBILE /Age gate and burger menu/Year Dropdown'  using regular expression

2019-06-17 16:19:01 - [TEST_STEP][PASSED] - click(findTestObject("OCS-MOBILE /Age gate and Mega menu/button_Verify")): Object: 'Object Repository/OCS-MOBILE /Age gate and Mega menu/button_Verify' is clicked on

2019-06-17 16:19:01 - [MESSAGE][PASSED] - Object: 'Object Repository/OCS-MOBILE /Age gate and Mega menu/button_Verify' is clicked on

2019-06-17 16:19:01 - [TEST_STEP][PASSED] - click(findTestObject("OCS-MOBILE /Age gate and Mega menu/Checkbox_CONFIRM AND ACKNOWLEDGE")): Object: 'Object Repository/OCS-MOBILE /Age gate and Mega menu/Checkbox_CONFIRM AND ACKNOWLEDGE' is clicked on

2019-06-17 16:19:01 - [MESSAGE][PASSED] - Object: 'Object Repository/OCS-MOBILE /Age gate and Mega menu/Checkbox_CONFIRM AND ACKNOWLEDGE' is clicked on

2019-06-17 16:19:01 - [TEST_STEP][PASSED] - click(findTestObject("OCS-MOBILE /Age gate and Mega menu/button_CONFIRM")): Object: 'Object Repository/OCS-MOBILE /Age gate and Mega menu/button_CONFIRM' is clicked on

2019-06-17 16:19:01 - [MESSAGE][PASSED] - Object: 'Object Repository/OCS-MOBILE /Age gate and Mega menu/button_CONFIRM' is clicked on

2019-06-17 16:19:01 - [TEST_STEP][PASSED] - click(findTestObject("OCS-MOBILE /Age gate and Mega menu/button_Start Browsing")): Object: 'Object Repository/OCS-MOBILE /Age gate and Mega menu/button_Start Browsing' is clicked on

2019-06-17 16:19:02 - [MESSAGE][PASSED] - Object: 'Object Repository/OCS-MOBILE /Age gate and Mega menu/button_Start Browsing' is clicked on

2019-06-17 16:19:02 - [TEST_STEP][PASSED] - refresh(): Refresh successfully

2019-06-17 16:19:02 - [MESSAGE][PASSED] - Refresh successfully

2019-06-17 16:19:02 - [MESSAGE][PASSED] - Call Test Case 'Test Cases/OCS - MOBILE/CALL - AGE GATE' successfully

2019-06-17 16:19:02 - [TEST_STEP][PASSED] - delay(2): Delayed 2 second(s)

2019-06-17 16:19:04 - [MESSAGE][PASSED] - Delayed 2 second(s)

2019-06-17 16:19:04 - [TEST_STEP][NOT_RUN] - executeJavaScript("var previewBar = document.getElementById("preview-bar-iframe"); previewBar.style.display = "none";", []): NOT_RUN: executeJavaScript("var previewBar = document.getElementById("preview-bar-iframe"); previewBar.style.display = "none";", [])

2019-06-17 16:19:04 - [MESSAGE][NOT_RUN] - NOT_RUN: executeJavaScript("var previewBar = document.getElementById("preview-bar-iframe"); previewBar.style.display = "none";", [])

2019-06-17 16:19:04 - [TEST_STEP][PASSED] - setViewPortSize(1000, 800, OPTIONAL): Viewport is set to new size with width = 1000 and height = 800

2019-06-17 16:19:04 - [MESSAGE][PASSED] - Viewport is set to new size with width = 1000 and height = 800

2019-06-17 16:19:04 - [TEST_STEP][PASSED] - delay(2, OPTIONAL): Delayed 2 second(s)

2019-06-17 16:19:06 - [MESSAGE][PASSED] - Delayed 2 second(s)

2019-06-17 16:19:06 - [TEST_STEP][PASSED] - click(findTestObject("Theme_oR/Page_Ontario Cannabis Store  Ontari/button_Hide bar"), OPTIONAL): Unable to click on object (Root cause: java.lang.IllegalArgumentException: Object is null)

2019-06-17 16:19:06 - [MESSAGE][WARNING] - Test object with id 'Object Repository/Theme_oR/Page_Ontario Cannabis Store  Ontari/button_Hide bar' does not exist

2019-06-17 16:19:06 - [MESSAGE][WARNING] - Test object with id 'Object Repository/' does not exist

2019-06-17 16:19:06 - [MESSAGE][WARNING] - Unable to click on object (Root cause: java.lang.IllegalArgumentException: Object is null)
[[ATTACHMENT|/Users/sumankompelly/Relative xpath-Mobile/Reports/OCS- 1.10.1/20190617_160855/1560802746222.png]]

2019-06-17 16:19:06 - [TEST_STEP][PASSED] - delay(2, OPTIONAL): Delayed 2 second(s)

2019-06-17 16:19:08 - [MESSAGE][PASSED] - Delayed 2 second(s)

2019-06-17 16:19:08 - [TEST_STEP][PASSED] - setViewPortSize(360, 800, OPTIONAL): Viewport is set to new size with width = 360 and height = 800

2019-06-17 16:19:08 - [MESSAGE][PASSED] - Viewport is set to new size with width = 360 and height = 800

2019-06-17 16:19:08 - [TEST_STEP][PASSED] - delay(1, OPTIONAL): Delayed 1 second(s)

2019-06-17 16:19:09 - [MESSAGE][PASSED] - Delayed 1 second(s)

2019-06-17 16:19:09 - [TEST_STEP][FAILED] - click(findTestObject("OCS-MOBILE /Home - page/Why trust OCS -img")): click(findTestObject("OCS-MOBILE /Home - page/Why trust OCS -img")) FAILED.
Reason:
com.kms.katalon.core.exception.StepFailedException: Unable to click on object 'Object Repository/OCS-MOBILE /Home - page/Why trust OCS -img' (Root cause: org.openqa.selenium.WebDriverException: unknown error: Element <img alt="Find out more about OCS" class="" src="//cdn.shopify.com/s/files/1/2636/1928/files/OCS_CREST_REG_BLK_300x300.png?v=1538936678" data-src="//cdn.shopify.com/s/files/1/2636/1928/files/OCS_CREST_REG_BLK_300x300.png?v=1538936678" width="150" height="150"> is not clickable at point (242, 602). Other element would receive the click: <iframe title="Preview Bar" id="preview-bar-iframe" src="https://ocs.ca/preview_bar" sandbox="allow-same-origin allow-scripts" style="position: fixed; bottom: 0px; left: 0px; z-index: 2147483647; width: 100%; border: none; box-shadow: rgba(0, 0, 0, 0.2) 0px -1px 3px; overflow: hidden; transform: translateY(0px); transition: transform 300ms ease 0s; height: 92px;"></iframe>
  (Session info: chrome=75.0.3770.90)
  (Driver info: chromedriver=2.43.600229 (3fae4d0cda5334b4f533bede5a4787f7b832d052),platform=Mac OS X 10.13.6 x86_64) (WARNING: The server did not provide any stacktrace information)
Command duration or timeout: 0 milliseconds
Build info: version: '3.7.1', revision: '8a0099a', time: '2017-11-06T21:07:36.161Z'
System info: host: 'sumans-MacBook-Pro.local', ip: 'fe80:0:0:0:10f0:11f1:8277:c429%en0', os.name: 'Mac OS X', os.arch: 'x86_64', os.version: '10.13.6', java.version: '1.8.0_181'
Driver info: com.kms.katalon.selenium.driver.CChromeDriver
Capabilities {acceptInsecureCerts: false, acceptSslCerts: false, applicationCacheEnabled: false, browserConnectionEnabled: false, browserName: chrome, chrome: {chromedriverVersion: 2.43.600229 (3fae4d0cda5334..., userDataDir: /var/folders/1t/c55l8xzs6gq...}, cssSelectorsEnabled: true, databaseEnabled: false, goog:chromeOptions: {debuggerAddress: localhost:61177}, handlesAlerts: true, hasTouchScreen: false, javascriptEnabled: true, locationContextEnabled: true, mobileEmulationEnabled: false, nativeEvents: true, networkConnectionEnabled: false, pageLoadStrategy: normal, platform: MAC, platformName: MAC, rotatable: false, setWindowRect: true, takesHeapSnapshot: true, takesScreenshot: true, unexpectedAlertBehaviour: , unhandledPromptBehavior: , version: 75.0.3770.90, webStorageEnabled: true}
Session ID: 1d45f6280244914429a6c2e9c21e1246)
	at com.kms.katalon.core.keyword.internal.KeywordMain.stepFailed(KeywordMain.groovy:36)
	at com.kms.katalon.core.webui.keyword.internal.WebUIKeywordMain.stepFailed(WebUIKeywordMain.groovy:65)
	at com.kms.katalon.core.webui.keyword.internal.WebUIKeywordMain.runKeyword(WebUIKeywordMain.groovy:27)
	at com.kms.katalon.core.webui.keyword.builtin.ClickKeyword.click(ClickKeyword.groovy:86)
	at com.kms.katalon.core.webui.keyword.builtin.ClickKeyword.execute(ClickKeyword.groovy:67)
	at com.kms.katalon.core.keyword.internal.KeywordExecutor.executeKeywordForPlatform(KeywordExecutor.groovy:53)
	at com.kms.katalon.core.webui.keyword.WebUiBuiltInKeywords.click(WebUiBuiltInKeywords.groovy:616)
	at com.kms.katalon.core.webui.keyword.WebUiBuiltInKeywords$click$4.call(Unknown Source)
	at why trust OCS.run(why trust OCS:35)
	at com.kms.katalon.core.main.ScriptEngine.run(ScriptEngine.java:194)
	at com.kms.katalon.core.main.ScriptEngine.runScriptAsRawText(ScriptEngine.java:119)
	at com.kms.katalon.core.main.TestCaseExecutor.runScript(TestCaseExecutor.java:328)
	at com.kms.katalon.core.main.TestCaseExecutor.doExecute(TestCaseExecutor.java:319)
	at com.kms.katalon.core.main.TestCaseExecutor.processExecutionPhase(TestCaseExecutor.java:298)
	at com.kms.katalon.core.main.TestCaseExecutor.accessMainPhase(TestCaseExecutor.java:290)
	at com.kms.katalon.core.main.TestCaseExecutor.execute(TestCaseExecutor.java:224)
	at com.kms.katalon.core.main.TestSuiteExecutor.accessTestCaseMainPhase(TestSuiteExecutor.java:129)
	at com.kms.katalon.core.main.TestSuiteExecutor.accessTestSuiteMainPhase(TestSuiteExecutor.java:112)
	at com.kms.katalon.core.main.TestSuiteExecutor.execute(TestSuiteExecutor.java:81)
	at com.kms.katalon.core.main.TestCaseMain.startTestSuite(TestCaseMain.java:149)
	at com.kms.katalon.core.main.TestCaseMain$startTestSuite$0.call(Unknown Source)
	at TempTestSuite1560802135767.run(TempTestSuite1560802135767.groovy:36)


2019-06-17 16:19:09 - [MESSAGE][FAILED] - Unable to click on object 'Object Repository/OCS-MOBILE /Home - page/Why trust OCS -img' (Root cause: org.openqa.selenium.WebDriverException: unknown error: Element <img alt="Find out more about OCS" class="" src="//cdn.shopify.com/s/files/1/2636/1928/files/OCS_CREST_REG_BLK_300x300.png?v=1538936678" data-src="//cdn.shopify.com/s/files/1/2636/1928/files/OCS_CREST_REG_BLK_300x300.png?v=1538936678" width="150" height="150"> is not clickable at point (242, 602). Other element would receive the click: <iframe title="Preview Bar" id="preview-bar-iframe" src="https://ocs.ca/preview_bar" sandbox="allow-same-origin allow-scripts" style="position: fixed; bottom: 0px; left: 0px; z-index: 2147483647; width: 100%; border: none; box-shadow: rgba(0, 0, 0, 0.2) 0px -1px 3px; overflow: hidden; transform: translateY(0px); transition: transform 300ms ease 0s; height: 92px;"></iframe>
  (Session info: chrome=75.0.3770.90)
  (Driver info: chromedriver=2.43.600229 (3fae4d0cda5334b4f533bede5a4787f7b832d052),platform=Mac OS X 10.13.6 x86_64) (WARNING: The server did not provide any stacktrace information)
Command duration or timeout: 0 milliseconds
Build info: version: '3.7.1', revision: '8a0099a', time: '2017-11-06T21:07:36.161Z'
System info: host: 'sumans-MacBook-Pro.local', ip: 'fe80:0:0:0:10f0:11f1:8277:c429%en0', os.name: 'Mac OS X', os.arch: 'x86_64', os.version: '10.13.6', java.version: '1.8.0_181'
Driver info: com.kms.katalon.selenium.driver.CChromeDriver
Capabilities {acceptInsecureCerts: false, acceptSslCerts: false, applicationCacheEnabled: false, browserConnectionEnabled: false, browserName: chrome, chrome: {chromedriverVersion: 2.43.600229 (3fae4d0cda5334..., userDataDir: /var/folders/1t/c55l8xzs6gq...}, cssSelectorsEnabled: true, databaseEnabled: false, goog:chromeOptions: {debuggerAddress: localhost:61177}, handlesAlerts: true, hasTouchScreen: false, javascriptEnabled: true, locationContextEnabled: true, mobileEmulationEnabled: false, nativeEvents: true, networkConnectionEnabled: false, pageLoadStrategy: normal, platform: MAC, platformName: MAC, rotatable: false, setWindowRect: true, takesHeapSnapshot: true, takesScreenshot: true, unexpectedAlertBehaviour: , unhandledPromptBehavior: , version: 75.0.3770.90, webStorageEnabled: true}
Session ID: 1d45f6280244914429a6c2e9c21e1246)
[[ATTACHMENT|/Users/sumankompelly/Relative xpath-Mobile/Reports/OCS- 1.10.1/20190617_160855/1560802749746.png]]

2019-06-17 16:19:09 - [MESSAGE][FAILED] - click(findTestObject("OCS-MOBILE /Home - page/Why trust OCS -img")) FAILED.
Reason:
com.kms.katalon.core.exception.StepFailedException: Unable to click on object 'Object Repository/OCS-MOBILE /Home - page/Why trust OCS -img' (Root cause: org.openqa.selenium.WebDriverException: unknown error: Element <img alt="Find out more about OCS" class="" src="//cdn.shopify.com/s/files/1/2636/1928/files/OCS_CREST_REG_BLK_300x300.png?v=1538936678" data-src="//cdn.shopify.com/s/files/1/2636/1928/files/OCS_CREST_REG_BLK_300x300.png?v=1538936678" width="150" height="150"> is not clickable at point (242, 602). Other element would receive the click: <iframe title="Preview Bar" id="preview-bar-iframe" src="https://ocs.ca/preview_bar" sandbox="allow-same-origin allow-scripts" style="position: fixed; bottom: 0px; left: 0px; z-index: 2147483647; width: 100%; border: none; box-shadow: rgba(0, 0, 0, 0.2) 0px -1px 3px; overflow: hidden; transform: translateY(0px); transition: transform 300ms ease 0s; height: 92px;"></iframe>
  (Session info: chrome=75.0.3770.90)
  (Driver info: chromedriver=2.43.600229 (3fae4d0cda5334b4f533bede5a4787f7b832d052),platform=Mac OS X 10.13.6 x86_64) (WARNING: The server did not provide any stacktrace information)
Command duration or timeout: 0 milliseconds
Build info: version: '3.7.1', revision: '8a0099a', time: '2017-11-06T21:07:36.161Z'
System info: host: 'sumans-MacBook-Pro.local', ip: 'fe80:0:0:0:10f0:11f1:8277:c429%en0', os.name: 'Mac OS X', os.arch: 'x86_64', os.version: '10.13.6', java.version: '1.8.0_181'
Driver info: com.kms.katalon.selenium.driver.CChromeDriver
Capabilities {acceptInsecureCerts: false, acceptSslCerts: false, applicationCacheEnabled: false, browserConnectionEnabled: false, browserName: chrome, chrome: {chromedriverVersion: 2.43.600229 (3fae4d0cda5334..., userDataDir: /var/folders/1t/c55l8xzs6gq...}, cssSelectorsEnabled: true, databaseEnabled: false, goog:chromeOptions: {debuggerAddress: localhost:61177}, handlesAlerts: true, hasTouchScreen: false, javascriptEnabled: true, locationContextEnabled: true, mobileEmulationEnabled: false, nativeEvents: true, networkConnectionEnabled: false, pageLoadStrategy: normal, platform: MAC, platformName: MAC, rotatable: false, setWindowRect: true, takesHeapSnapshot: true, takesScreenshot: true, unexpectedAlertBehaviour: , unhandledPromptBehavior: , version: 75.0.3770.90, webStorageEnabled: true}
Session ID: 1d45f6280244914429a6c2e9c21e1246)
	at com.kms.katalon.core.keyword.internal.KeywordMain.stepFailed(KeywordMain.groovy:36)
	at com.kms.katalon.core.webui.keyword.internal.WebUIKeywordMain.stepFailed(WebUIKeywordMain.groovy:65)
	at com.kms.katalon.core.webui.keyword.internal.WebUIKeywordMain.runKeyword(WebUIKeywordMain.groovy:27)
	at com.kms.katalon.core.webui.keyword.builtin.ClickKeyword.click(ClickKeyword.groovy:86)
	at com.kms.katalon.core.webui.keyword.builtin.ClickKeyword.execute(ClickKeyword.groovy:67)
	at com.kms.katalon.core.keyword.internal.KeywordExecutor.executeKeywordForPlatform(KeywordExecutor.groovy:53)
	at com.kms.katalon.core.webui.keyword.WebUiBuiltInKeywords.click(WebUiBuiltInKeywords.groovy:616)
	at com.kms.katalon.core.webui.keyword.WebUiBuiltInKeywords$click$4.call(Unknown Source)
	at why trust OCS.run(why trust OCS:35)
	at com.kms.katalon.core.main.ScriptEngine.run(ScriptEngine.java:194)
	at com.kms.katalon.core.main.ScriptEngine.runScriptAsRawText(ScriptEngine.java:119)
	at com.kms.katalon.core.main.TestCaseExecutor.runScript(TestCaseExecutor.java:328)
	at com.kms.katalon.core.main.TestCaseExecutor.doExecute(TestCaseExecutor.java:319)
	at com.kms.katalon.core.main.TestCaseExecutor.processExecutionPhase(TestCaseExecutor.java:298)
	at com.kms.katalon.core.main.TestCaseExecutor.accessMainPhase(TestCaseExecutor.java:290)
	at com.kms.katalon.core.main.TestCaseExecutor.execute(TestCaseExecutor.java:224)
	at com.kms.katalon.core.main.TestSuiteExecutor.accessTestCaseMainPhase(TestSuiteExecutor.java:129)
	at com.kms.katalon.core.main.TestSuiteExecutor.accessTestSuiteMainPhase(TestSuiteExecutor.java:112)
	at com.kms.katalon.core.main.TestSuiteExecutor.execute(TestSuiteExecutor.java:81)
	at com.kms.katalon.core.main.TestCaseMain.startTestSuite(TestCaseMain.java:149)
	at com.kms.katalon.core.main.TestCaseMain$startTestSuite$0.call(Unknown Source)
	at TempTestSuite1560802135767.run(TempTestSuite1560802135767.groovy:36)]]></system-out>
         <system-err><![CDATA[2019-06-17 16:18:47 - [TEST_CASE][FAILED] - Test Cases/OCS - MOBILE/OCS- HOME PAGE/why trust OCS: Test Cases/OCS - MOBILE/OCS- HOME PAGE/why trust OCS FAILED.
Reason:
com.kms.katalon.core.exception.StepFailedException: Unable to click on object 'Object Repository/OCS-MOBILE /Home - page/Why trust OCS -img' (Root cause: org.openqa.selenium.WebDriverException: unknown error: Element <img alt="Find out more about OCS" class="" src="//cdn.shopify.com/s/files/1/2636/1928/files/OCS_CREST_REG_BLK_300x300.png?v=1538936678" data-src="//cdn.shopify.com/s/files/1/2636/1928/files/OCS_CREST_REG_BLK_300x300.png?v=1538936678" width="150" height="150"> is not clickable at point (242, 602). Other element would receive the click: <iframe title="Preview Bar" id="preview-bar-iframe" src="https://ocs.ca/preview_bar" sandbox="allow-same-origin allow-scripts" style="position: fixed; bottom: 0px; left: 0px; z-index: 2147483647; width: 100%; border: none; box-shadow: rgba(0, 0, 0, 0.2) 0px -1px 3px; overflow: hidden; transform: translateY(0px); transition: transform 300ms ease 0s; height: 92px;"></iframe>
  (Session info: chrome=75.0.3770.90)
  (Driver info: chromedriver=2.43.600229 (3fae4d0cda5334b4f533bede5a4787f7b832d052),platform=Mac OS X 10.13.6 x86_64) (WARNING: The server did not provide any stacktrace information)
Command duration or timeout: 0 milliseconds
Build info: version: '3.7.1', revision: '8a0099a', time: '2017-11-06T21:07:36.161Z'
System info: host: 'sumans-MacBook-Pro.local', ip: 'fe80:0:0:0:10f0:11f1:8277:c429%en0', os.name: 'Mac OS X', os.arch: 'x86_64', os.version: '10.13.6', java.version: '1.8.0_181'
Driver info: com.kms.katalon.selenium.driver.CChromeDriver
Capabilities {acceptInsecureCerts: false, acceptSslCerts: false, applicationCacheEnabled: false, browserConnectionEnabled: false, browserName: chrome, chrome: {chromedriverVersion: 2.43.600229 (3fae4d0cda5334..., userDataDir: /var/folders/1t/c55l8xzs6gq...}, cssSelectorsEnabled: true, databaseEnabled: false, goog:chromeOptions: {debuggerAddress: localhost:61177}, handlesAlerts: true, hasTouchScreen: false, javascriptEnabled: true, locationContextEnabled: true, mobileEmulationEnabled: false, nativeEvents: true, networkConnectionEnabled: false, pageLoadStrategy: normal, platform: MAC, platformName: MAC, rotatable: false, setWindowRect: true, takesHeapSnapshot: true, takesScreenshot: true, unexpectedAlertBehaviour: , unhandledPromptBehavior: , version: 75.0.3770.90, webStorageEnabled: true}
Session ID: 1d45f6280244914429a6c2e9c21e1246)
	at com.kms.katalon.core.keyword.internal.KeywordMain.stepFailed(KeywordMain.groovy:36)
	at com.kms.katalon.core.webui.keyword.internal.WebUIKeywordMain.stepFailed(WebUIKeywordMain.groovy:65)
	at com.kms.katalon.core.webui.keyword.internal.WebUIKeywordMain.runKeyword(WebUIKeywordMain.groovy:27)
	at com.kms.katalon.core.webui.keyword.builtin.ClickKeyword.click(ClickKeyword.groovy:86)
	at com.kms.katalon.core.webui.keyword.builtin.ClickKeyword.execute(ClickKeyword.groovy:67)
	at com.kms.katalon.core.keyword.internal.KeywordExecutor.executeKeywordForPlatform(KeywordExecutor.groovy:53)
	at com.kms.katalon.core.webui.keyword.WebUiBuiltInKeywords.click(WebUiBuiltInKeywords.groovy:616)
	at com.kms.katalon.core.webui.keyword.WebUiBuiltInKeywords$click$4.call(Unknown Source)
	at why trust OCS.run(why trust OCS:35)
	at com.kms.katalon.core.main.ScriptEngine.run(ScriptEngine.java:194)
	at com.kms.katalon.core.main.ScriptEngine.runScriptAsRawText(ScriptEngine.java:119)
	at com.kms.katalon.core.main.TestCaseExecutor.runScript(TestCaseExecutor.java:328)
	at com.kms.katalon.core.main.TestCaseExecutor.doExecute(TestCaseExecutor.java:319)
	at com.kms.katalon.core.main.TestCaseExecutor.processExecutionPhase(TestCaseExecutor.java:298)
	at com.kms.katalon.core.main.TestCaseExecutor.accessMainPhase(TestCaseExecutor.java:290)
	at com.kms.katalon.core.main.TestCaseExecutor.execute(TestCaseExecutor.java:224)
	at com.kms.katalon.core.main.TestSuiteExecutor.accessTestCaseMainPhase(TestSuiteExecutor.java:129)
	at com.kms.katalon.core.main.TestSuiteExecutor.accessTestSuiteMainPhase(TestSuiteExecutor.java:112)
	at com.kms.katalon.core.main.TestSuiteExecutor.execute(TestSuiteExecutor.java:81)
	at com.kms.katalon.core.main.TestCaseMain.startTestSuite(TestCaseMain.java:149)
	at com.kms.katalon.core.main.TestCaseMain$startTestSuite$0.call(Unknown Source)
	at TempTestSuite1560802135767.run(TempTestSuite1560802135767.groovy:36)]]></system-err>
      </testcase>
      <testcase name="Test Cases/OCS - MOBILE/OCS- HOME PAGE/How to choose cannabis-learn more" classname="Test Cases/OCS - MOBILE/OCS- HOME PAGE/How to choose cannabis-learn more" status="FAILED">
         <failure type="FAILED" message="Test Cases/OCS - MOBILE/OCS- HOME PAGE/How to choose cannabis-learn more FAILED.
Reason:
com.kms.katalon.core.exception.StepFailedException: Unable to click on object 'Object Repository/OCS-MOBILE /Home - page/a_Learn more- A brief history of cannabis' (Root cause: org.openqa.selenium.WebDriverException: unknown error: Element &lt;a role=&quot;button&quot; aria-role=&quot;button&quot; href=&quot;/blogs/how-to-choose-cannabis-products/factors-in-choosing-cannabis-products&quot; class=&quot;btn btn--outline btn--primary&quot;>...&lt;/a> is not clickable at point (242, 656). Other element would receive the click: &lt;iframe title=&quot;Preview Bar&quot; id=&quot;preview-bar-iframe&quot; src=&quot;https://ocs.ca/preview_bar&quot; sandbox=&quot;allow-same-origin allow-scripts&quot; style=&quot;position: fixed; bottom: 0px; left: 0px; z-index: 2147483647; width: 100%; border: none; box-shadow: rgba(0, 0, 0, 0.2) 0px -1px 3px; overflow: hidden; transform: translateY(0px); transition: transform 300ms ease 0s; height: 92px;&quot;>&lt;/iframe>
  (Session info: chrome=75.0.3770.90)
  (Driver info: chromedriver=2.43.600229 (3fae4d0cda5334b4f533bede5a4787f7b832d052),platform=Mac OS X 10.13.6 x86_64) (WARNING: The server did not provide any stacktrace information)
Command duration or timeout: 0 milliseconds
Build info: version: '3.7.1', revision: '8a0099a', time: '2017-11-06T21:07:36.161Z'
System info: host: 'sumans-MacBook-Pro.local', ip: 'fe80:0:0:0:10f0:11f1:8277:c429%en0', os.name: 'Mac OS X', os.arch: 'x86_64', os.version: '10.13.6', java.version: '1.8.0_181'
Driver info: com.kms.katalon.selenium.driver.CChromeDriver
Capabilities {acceptInsecureCerts: false, acceptSslCerts: false, applicationCacheEnabled: false, browserConnectionEnabled: false, browserName: chrome, chrome: {chromedriverVersion: 2.43.600229 (3fae4d0cda5334..., userDataDir: /var/folders/1t/c55l8xzs6gq...}, cssSelectorsEnabled: true, databaseEnabled: false, goog:chromeOptions: {debuggerAddress: localhost:61315}, handlesAlerts: true, hasTouchScreen: false, javascriptEnabled: true, locationContextEnabled: true, mobileEmulationEnabled: false, nativeEvents: true, networkConnectionEnabled: false, pageLoadStrategy: normal, platform: MAC, platformName: MAC, rotatable: false, setWindowRect: true, takesHeapSnapshot: true, takesScreenshot: true, unexpectedAlertBehaviour: , unhandledPromptBehavior: , version: 75.0.3770.90, webStorageEnabled: true}
Session ID: 027f6a61e146b97381a56242884022cc)
	at com.kms.katalon.core.keyword.internal.KeywordMain.stepFailed(KeywordMain.groovy:36)
	at com.kms.katalon.core.webui.keyword.internal.WebUIKeywordMain.stepFailed(WebUIKeywordMain.groovy:65)
	at com.kms.katalon.core.webui.keyword.internal.WebUIKeywordMain.runKeyword(WebUIKeywordMain.groovy:27)
	at com.kms.katalon.core.webui.keyword.builtin.ClickKeyword.click(ClickKeyword.groovy:86)
	at com.kms.katalon.core.webui.keyword.builtin.ClickKeyword.execute(ClickKeyword.groovy:67)
	at com.kms.katalon.core.keyword.internal.KeywordExecutor.executeKeywordForPlatform(KeywordExecutor.groovy:53)
	at com.kms.katalon.core.webui.keyword.WebUiBuiltInKeywords.click(WebUiBuiltInKeywords.groovy:616)
	at com.kms.katalon.core.webui.keyword.WebUiBuiltInKeywords$click$4.call(Unknown Source)
	at How to choose cannabis-learn more.run(How to choose cannabis-learn more:37)
	at com.kms.katalon.core.main.ScriptEngine.run(ScriptEngine.java:194)
	at com.kms.katalon.core.main.ScriptEngine.runScriptAsRawText(ScriptEngine.java:119)
	at com.kms.katalon.core.main.TestCaseExecutor.runScript(TestCaseExecutor.java:328)
	at com.kms.katalon.core.main.TestCaseExecutor.doExecute(TestCaseExecutor.java:319)
	at com.kms.katalon.core.main.TestCaseExecutor.processExecutionPhase(TestCaseExecutor.java:298)
	at com.kms.katalon.core.main.TestCaseExecutor.accessMainPhase(TestCaseExecutor.java:290)
	at com.kms.katalon.core.main.TestCaseExecutor.execute(TestCaseExecutor.java:224)
	at com.kms.katalon.core.main.TestSuiteExecutor.accessTestCaseMainPhase(TestSuiteExecutor.java:129)
	at com.kms.katalon.core.main.TestSuiteExecutor.accessTestSuiteMainPhase(TestSuiteExecutor.java:112)
	at com.kms.katalon.core.main.TestSuiteExecutor.execute(TestSuiteExecutor.java:81)
	at com.kms.katalon.core.main.TestCaseMain.startTestSuite(TestCaseMain.java:149)
	at com.kms.katalon.core.main.TestCaseMain$startTestSuite$0.call(Unknown Source)
	at TempTestSuite1560802135767.run(TempTestSuite1560802135767.groovy:36)
"/>
         <system-out><![CDATA[2019-06-17 16:19:09 - [TEST_CASE][FAILED] - Test Cases/OCS - MOBILE/OCS- HOME PAGE/How to choose cannabis-learn more: Test Cases/OCS - MOBILE/OCS- HOME PAGE/How to choose cannabis-learn more FAILED.
Reason:
com.kms.katalon.core.exception.StepFailedException: Unable to click on object 'Object Repository/OCS-MOBILE /Home - page/a_Learn more- A brief history of cannabis' (Root cause: org.openqa.selenium.WebDriverException: unknown error: Element <a role="button" aria-role="button" href="/blogs/how-to-choose-cannabis-products/factors-in-choosing-cannabis-products" class="btn btn--outline btn--primary">...</a> is not clickable at point (242, 656). Other element would receive the click: <iframe title="Preview Bar" id="preview-bar-iframe" src="https://ocs.ca/preview_bar" sandbox="allow-same-origin allow-scripts" style="position: fixed; bottom: 0px; left: 0px; z-index: 2147483647; width: 100%; border: none; box-shadow: rgba(0, 0, 0, 0.2) 0px -1px 3px; overflow: hidden; transform: translateY(0px); transition: transform 300ms ease 0s; height: 92px;"></iframe>
  (Session info: chrome=75.0.3770.90)
  (Driver info: chromedriver=2.43.600229 (3fae4d0cda5334b4f533bede5a4787f7b832d052),platform=Mac OS X 10.13.6 x86_64) (WARNING: The server did not provide any stacktrace information)
Command duration or timeout: 0 milliseconds
Build info: version: '3.7.1', revision: '8a0099a', time: '2017-11-06T21:07:36.161Z'
System info: host: 'sumans-MacBook-Pro.local', ip: 'fe80:0:0:0:10f0:11f1:8277:c429%en0', os.name: 'Mac OS X', os.arch: 'x86_64', os.version: '10.13.6', java.version: '1.8.0_181'
Driver info: com.kms.katalon.selenium.driver.CChromeDriver
Capabilities {acceptInsecureCerts: false, acceptSslCerts: false, applicationCacheEnabled: false, browserConnectionEnabled: false, browserName: chrome, chrome: {chromedriverVersion: 2.43.600229 (3fae4d0cda5334..., userDataDir: /var/folders/1t/c55l8xzs6gq...}, cssSelectorsEnabled: true, databaseEnabled: false, goog:chromeOptions: {debuggerAddress: localhost:61315}, handlesAlerts: true, hasTouchScreen: false, javascriptEnabled: true, locationContextEnabled: true, mobileEmulationEnabled: false, nativeEvents: true, networkConnectionEnabled: false, pageLoadStrategy: normal, platform: MAC, platformName: MAC, rotatable: false, setWindowRect: true, takesHeapSnapshot: true, takesScreenshot: true, unexpectedAlertBehaviour: , unhandledPromptBehavior: , version: 75.0.3770.90, webStorageEnabled: true}
Session ID: 027f6a61e146b97381a56242884022cc)
	at com.kms.katalon.core.keyword.internal.KeywordMain.stepFailed(KeywordMain.groovy:36)
	at com.kms.katalon.core.webui.keyword.internal.WebUIKeywordMain.stepFailed(WebUIKeywordMain.groovy:65)
	at com.kms.katalon.core.webui.keyword.internal.WebUIKeywordMain.runKeyword(WebUIKeywordMain.groovy:27)
	at com.kms.katalon.core.webui.keyword.builtin.ClickKeyword.click(ClickKeyword.groovy:86)
	at com.kms.katalon.core.webui.keyword.builtin.ClickKeyword.execute(ClickKeyword.groovy:67)
	at com.kms.katalon.core.keyword.internal.KeywordExecutor.executeKeywordForPlatform(KeywordExecutor.groovy:53)
	at com.kms.katalon.core.webui.keyword.WebUiBuiltInKeywords.click(WebUiBuiltInKeywords.groovy:616)
	at com.kms.katalon.core.webui.keyword.WebUiBuiltInKeywords$click$4.call(Unknown Source)
	at How to choose cannabis-learn more.run(How to choose cannabis-learn more:37)
	at com.kms.katalon.core.main.ScriptEngine.run(ScriptEngine.java:194)
	at com.kms.katalon.core.main.ScriptEngine.runScriptAsRawText(ScriptEngine.java:119)
	at com.kms.katalon.core.main.TestCaseExecutor.runScript(TestCaseExecutor.java:328)
	at com.kms.katalon.core.main.TestCaseExecutor.doExecute(TestCaseExecutor.java:319)
	at com.kms.katalon.core.main.TestCaseExecutor.processExecutionPhase(TestCaseExecutor.java:298)
	at com.kms.katalon.core.main.TestCaseExecutor.accessMainPhase(TestCaseExecutor.java:290)
	at com.kms.katalon.core.main.TestCaseExecutor.execute(TestCaseExecutor.java:224)
	at com.kms.katalon.core.main.TestSuiteExecutor.accessTestCaseMainPhase(TestSuiteExecutor.java:129)
	at com.kms.katalon.core.main.TestSuiteExecutor.accessTestSuiteMainPhase(TestSuiteExecutor.java:112)
	at com.kms.katalon.core.main.TestSuiteExecutor.execute(TestSuiteExecutor.java:81)
	at com.kms.katalon.core.main.TestCaseMain.startTestSuite(TestCaseMain.java:149)
	at com.kms.katalon.core.main.TestCaseMain$startTestSuite$0.call(Unknown Source)
	at TempTestSuite1560802135767.run(TempTestSuite1560802135767.groovy:36)


2019-06-17 16:19:10 - [TEST_STEP][PASSED] - callTestCase(findTestCase("OCS - MOBILE/CALL - AGE GATE"), [:], STOP_ON_FAILURE): Call Test Case 'Test Cases/OCS - MOBILE/CALL - AGE GATE' successfully

2019-06-17 16:19:10 - [TEST_CASE][PASSED] - Test Cases/OCS - MOBILE/CALL - AGE GATE: Test Cases/OCS - MOBILE/CALL - AGE GATE

2019-06-17 16:19:10 - [TEST_STEP][PASSED] - openBrowser(""): Browser is opened with url: ''

2019-06-17 16:19:10 - [MESSAGE][WARNING] - A browser is already opened. Closing browser and opening a new one

2019-06-17 16:19:10 - [MESSAGE][INFO] - Starting 'Chrome' driver

2019-06-17 16:19:11 - [MESSAGE][PASSED] - Browser is opened with url: ''

2019-06-17 16:19:11 - [TEST_STEP][PASSED] - navigateToUrl("https://ocs.ca/?fts=0&preview_theme_id=72920106828"): Navigate to 'https://ocs.ca/?fts=0&preview_theme_id=72920106828' successfully

2019-06-17 16:19:16 - [MESSAGE][PASSED] - Navigate to 'https://ocs.ca/?fts=0&preview_theme_id=72920106828' successfully

2019-06-17 16:19:16 - [TEST_STEP][PASSED] - executeJavaScript("var previewBar = document.getElementById("preview-bar-iframe"); previewBar.style.display = "none";", []): Execute JavaScript 'var previewBar = document.getElementById("preview-bar-iframe"); previewBar.style.display = "none";' successfully

2019-06-17 16:19:16 - [MESSAGE][PASSED] - Execute JavaScript 'var previewBar = document.getElementById("preview-bar-iframe"); previewBar.style.display = "none";' successfully

2019-06-17 16:19:16 - [TEST_STEP][PASSED] - setViewPortSize(360, 800): Viewport is set to new size with width = 360 and height = 800

2019-06-17 16:19:16 - [MESSAGE][PASSED] - Viewport is set to new size with width = 360 and height = 800

2019-06-17 16:19:16 - [TEST_STEP][PASSED] - delay(4): Delayed 4 second(s)

2019-06-17 16:19:20 - [MESSAGE][PASSED] - Delayed 4 second(s)

2019-06-17 16:19:20 - [TEST_STEP][PASSED] - selectOptionByValue(findTestObject("OCS-MOBILE /Age gate and burger menu/Date"), "12", true): All options with value '12' are selected in object 'Object Repository/OCS-MOBILE /Age gate and burger menu/Date'  using regular expression

2019-06-17 16:19:21 - [MESSAGE][PASSED] - All options with value '12' are selected in object 'Object Repository/OCS-MOBILE /Age gate and burger menu/Date'  using regular expression

2019-06-17 16:19:21 - [TEST_STEP][PASSED] - selectOptionByValue(findTestObject("OCS-MOBILE /Age gate and burger menu/month"), "6", true): All options with value '6' are selected in object 'Object Repository/OCS-MOBILE /Age gate and burger menu/month'  using regular expression

2019-06-17 16:19:21 - [MESSAGE][PASSED] - All options with value '6' are selected in object 'Object Repository/OCS-MOBILE /Age gate and burger menu/month'  using regular expression

2019-06-17 16:19:21 - [TEST_STEP][PASSED] - delay(2): Delayed 2 second(s)

2019-06-17 16:19:23 - [MESSAGE][PASSED] - Delayed 2 second(s)

2019-06-17 16:19:23 - [TEST_STEP][PASSED] - selectOptionByValue(findTestObject("OCS-MOBILE /Age gate and burger menu/Year Dropdown"), "1990", true): All options with value '1990' are selected in object 'Object Repository/OCS-MOBILE /Age gate and burger menu/Year Dropdown'  using regular expression

2019-06-17 16:19:24 - [MESSAGE][PASSED] - All options with value '1990' are selected in object 'Object Repository/OCS-MOBILE /Age gate and burger menu/Year Dropdown'  using regular expression

2019-06-17 16:19:24 - [TEST_STEP][PASSED] - click(findTestObject("OCS-MOBILE /Age gate and Mega menu/button_Verify")): Object: 'Object Repository/OCS-MOBILE /Age gate and Mega menu/button_Verify' is clicked on

2019-06-17 16:19:24 - [MESSAGE][PASSED] - Object: 'Object Repository/OCS-MOBILE /Age gate and Mega menu/button_Verify' is clicked on

2019-06-17 16:19:24 - [TEST_STEP][PASSED] - click(findTestObject("OCS-MOBILE /Age gate and Mega menu/Checkbox_CONFIRM AND ACKNOWLEDGE")): Object: 'Object Repository/OCS-MOBILE /Age gate and Mega menu/Checkbox_CONFIRM AND ACKNOWLEDGE' is clicked on

2019-06-17 16:19:24 - [MESSAGE][PASSED] - Object: 'Object Repository/OCS-MOBILE /Age gate and Mega menu/Checkbox_CONFIRM AND ACKNOWLEDGE' is clicked on

2019-06-17 16:19:24 - [TEST_STEP][PASSED] - click(findTestObject("OCS-MOBILE /Age gate and Mega menu/button_CONFIRM")): Object: 'Object Repository/OCS-MOBILE /Age gate and Mega menu/button_CONFIRM' is clicked on

2019-06-17 16:19:24 - [MESSAGE][PASSED] - Object: 'Object Repository/OCS-MOBILE /Age gate and Mega menu/button_CONFIRM' is clicked on

2019-06-17 16:19:24 - [TEST_STEP][PASSED] - click(findTestObject("OCS-MOBILE /Age gate and Mega menu/button_Start Browsing")): Object: 'Object Repository/OCS-MOBILE /Age gate and Mega menu/button_Start Browsing' is clicked on

2019-06-17 16:19:24 - [MESSAGE][PASSED] - Object: 'Object Repository/OCS-MOBILE /Age gate and Mega menu/button_Start Browsing' is clicked on

2019-06-17 16:19:24 - [TEST_STEP][PASSED] - refresh(): Refresh successfully

2019-06-17 16:19:24 - [MESSAGE][PASSED] - Refresh successfully

2019-06-17 16:19:24 - [MESSAGE][PASSED] - Call Test Case 'Test Cases/OCS - MOBILE/CALL - AGE GATE' successfully

2019-06-17 16:19:24 - [TEST_STEP][PASSED] - delay(2): Delayed 2 second(s)

2019-06-17 16:19:26 - [MESSAGE][PASSED] - Delayed 2 second(s)

2019-06-17 16:19:26 - [TEST_STEP][PASSED] - delay(2): Delayed 2 second(s)

2019-06-17 16:19:28 - [MESSAGE][PASSED] - Delayed 2 second(s)

2019-06-17 16:19:28 - [TEST_STEP][PASSED] - setViewPortSize(1000, 800, OPTIONAL): Viewport is set to new size with width = 1000 and height = 800

2019-06-17 16:19:28 - [MESSAGE][PASSED] - Viewport is set to new size with width = 1000 and height = 800

2019-06-17 16:19:28 - [TEST_STEP][PASSED] - delay(2, OPTIONAL): Delayed 2 second(s)

2019-06-17 16:19:30 - [MESSAGE][PASSED] - Delayed 2 second(s)

2019-06-17 16:19:30 - [TEST_STEP][PASSED] - click(findTestObject("Theme_oR/Page_Ontario Cannabis Store  Ontari/button_Hide bar"), OPTIONAL): Unable to click on object (Root cause: java.lang.IllegalArgumentException: Object is null)

2019-06-17 16:19:30 - [MESSAGE][WARNING] - Test object with id 'Object Repository/Theme_oR/Page_Ontario Cannabis Store  Ontari/button_Hide bar' does not exist

2019-06-17 16:19:30 - [MESSAGE][WARNING] - Test object with id 'Object Repository/' does not exist

2019-06-17 16:19:31 - [MESSAGE][WARNING] - Unable to click on object (Root cause: java.lang.IllegalArgumentException: Object is null)
[[ATTACHMENT|/Users/sumankompelly/Relative xpath-Mobile/Reports/OCS- 1.10.1/20190617_160855/1560802770733.png]]

2019-06-17 16:19:31 - [TEST_STEP][PASSED] - delay(2, OPTIONAL): Delayed 2 second(s)

2019-06-17 16:19:33 - [MESSAGE][PASSED] - Delayed 2 second(s)

2019-06-17 16:19:33 - [TEST_STEP][PASSED] - setViewPortSize(360, 800, OPTIONAL): Viewport is set to new size with width = 360 and height = 800

2019-06-17 16:19:33 - [MESSAGE][PASSED] - Viewport is set to new size with width = 360 and height = 800

2019-06-17 16:19:33 - [TEST_STEP][PASSED] - delay(1, OPTIONAL): Delayed 1 second(s)

2019-06-17 16:19:34 - [MESSAGE][PASSED] - Delayed 1 second(s)

2019-06-17 16:19:34 - [TEST_STEP][NOT_RUN] - executeJavaScript("var previewBar = document.getElementById("preview-bar-iframe"); previewBar.style.display = "none";", []): NOT_RUN: executeJavaScript("var previewBar = document.getElementById("preview-bar-iframe"); previewBar.style.display = "none";", [])

2019-06-17 16:19:34 - [MESSAGE][NOT_RUN] - NOT_RUN: executeJavaScript("var previewBar = document.getElementById("preview-bar-iframe"); previewBar.style.display = "none";", [])

2019-06-17 16:19:34 - [TEST_STEP][FAILED] - click(findTestObject("OCS-MOBILE /Home - page/a_Learn more- A brief history of cannabis")): click(findTestObject("OCS-MOBILE /Home - page/a_Learn more- A brief history of cannabis")) FAILED.
Reason:
com.kms.katalon.core.exception.StepFailedException: Unable to click on object 'Object Repository/OCS-MOBILE /Home - page/a_Learn more- A brief history of cannabis' (Root cause: org.openqa.selenium.WebDriverException: unknown error: Element <a role="button" aria-role="button" href="/blogs/how-to-choose-cannabis-products/factors-in-choosing-cannabis-products" class="btn btn--outline btn--primary">...</a> is not clickable at point (242, 656). Other element would receive the click: <iframe title="Preview Bar" id="preview-bar-iframe" src="https://ocs.ca/preview_bar" sandbox="allow-same-origin allow-scripts" style="position: fixed; bottom: 0px; left: 0px; z-index: 2147483647; width: 100%; border: none; box-shadow: rgba(0, 0, 0, 0.2) 0px -1px 3px; overflow: hidden; transform: translateY(0px); transition: transform 300ms ease 0s; height: 92px;"></iframe>
  (Session info: chrome=75.0.3770.90)
  (Driver info: chromedriver=2.43.600229 (3fae4d0cda5334b4f533bede5a4787f7b832d052),platform=Mac OS X 10.13.6 x86_64) (WARNING: The server did not provide any stacktrace information)
Command duration or timeout: 0 milliseconds
Build info: version: '3.7.1', revision: '8a0099a', time: '2017-11-06T21:07:36.161Z'
System info: host: 'sumans-MacBook-Pro.local', ip: 'fe80:0:0:0:10f0:11f1:8277:c429%en0', os.name: 'Mac OS X', os.arch: 'x86_64', os.version: '10.13.6', java.version: '1.8.0_181'
Driver info: com.kms.katalon.selenium.driver.CChromeDriver
Capabilities {acceptInsecureCerts: false, acceptSslCerts: false, applicationCacheEnabled: false, browserConnectionEnabled: false, browserName: chrome, chrome: {chromedriverVersion: 2.43.600229 (3fae4d0cda5334..., userDataDir: /var/folders/1t/c55l8xzs6gq...}, cssSelectorsEnabled: true, databaseEnabled: false, goog:chromeOptions: {debuggerAddress: localhost:61315}, handlesAlerts: true, hasTouchScreen: false, javascriptEnabled: true, locationContextEnabled: true, mobileEmulationEnabled: false, nativeEvents: true, networkConnectionEnabled: false, pageLoadStrategy: normal, platform: MAC, platformName: MAC, rotatable: false, setWindowRect: true, takesHeapSnapshot: true, takesScreenshot: true, unexpectedAlertBehaviour: , unhandledPromptBehavior: , version: 75.0.3770.90, webStorageEnabled: true}
Session ID: 027f6a61e146b97381a56242884022cc)
	at com.kms.katalon.core.keyword.internal.KeywordMain.stepFailed(KeywordMain.groovy:36)
	at com.kms.katalon.core.webui.keyword.internal.WebUIKeywordMain.stepFailed(WebUIKeywordMain.groovy:65)
	at com.kms.katalon.core.webui.keyword.internal.WebUIKeywordMain.runKeyword(WebUIKeywordMain.groovy:27)
	at com.kms.katalon.core.webui.keyword.builtin.ClickKeyword.click(ClickKeyword.groovy:86)
	at com.kms.katalon.core.webui.keyword.builtin.ClickKeyword.execute(ClickKeyword.groovy:67)
	at com.kms.katalon.core.keyword.internal.KeywordExecutor.executeKeywordForPlatform(KeywordExecutor.groovy:53)
	at com.kms.katalon.core.webui.keyword.WebUiBuiltInKeywords.click(WebUiBuiltInKeywords.groovy:616)
	at com.kms.katalon.core.webui.keyword.WebUiBuiltInKeywords$click$4.call(Unknown Source)
	at How to choose cannabis-learn more.run(How to choose cannabis-learn more:37)
	at com.kms.katalon.core.main.ScriptEngine.run(ScriptEngine.java:194)
	at com.kms.katalon.core.main.ScriptEngine.runScriptAsRawText(ScriptEngine.java:119)
	at com.kms.katalon.core.main.TestCaseExecutor.runScript(TestCaseExecutor.java:328)
	at com.kms.katalon.core.main.TestCaseExecutor.doExecute(TestCaseExecutor.java:319)
	at com.kms.katalon.core.main.TestCaseExecutor.processExecutionPhase(TestCaseExecutor.java:298)
	at com.kms.katalon.core.main.TestCaseExecutor.accessMainPhase(TestCaseExecutor.java:290)
	at com.kms.katalon.core.main.TestCaseExecutor.execute(TestCaseExecutor.java:224)
	at com.kms.katalon.core.main.TestSuiteExecutor.accessTestCaseMainPhase(TestSuiteExecutor.java:129)
	at com.kms.katalon.core.main.TestSuiteExecutor.accessTestSuiteMainPhase(TestSuiteExecutor.java:112)
	at com.kms.katalon.core.main.TestSuiteExecutor.execute(TestSuiteExecutor.java:81)
	at com.kms.katalon.core.main.TestCaseMain.startTestSuite(TestCaseMain.java:149)
	at com.kms.katalon.core.main.TestCaseMain$startTestSuite$0.call(Unknown Source)
	at TempTestSuite1560802135767.run(TempTestSuite1560802135767.groovy:36)


2019-06-17 16:19:34 - [MESSAGE][FAILED] - Unable to click on object 'Object Repository/OCS-MOBILE /Home - page/a_Learn more- A brief history of cannabis' (Root cause: org.openqa.selenium.WebDriverException: unknown error: Element <a role="button" aria-role="button" href="/blogs/how-to-choose-cannabis-products/factors-in-choosing-cannabis-products" class="btn btn--outline btn--primary">...</a> is not clickable at point (242, 656). Other element would receive the click: <iframe title="Preview Bar" id="preview-bar-iframe" src="https://ocs.ca/preview_bar" sandbox="allow-same-origin allow-scripts" style="position: fixed; bottom: 0px; left: 0px; z-index: 2147483647; width: 100%; border: none; box-shadow: rgba(0, 0, 0, 0.2) 0px -1px 3px; overflow: hidden; transform: translateY(0px); transition: transform 300ms ease 0s; height: 92px;"></iframe>
  (Session info: chrome=75.0.3770.90)
  (Driver info: chromedriver=2.43.600229 (3fae4d0cda5334b4f533bede5a4787f7b832d052),platform=Mac OS X 10.13.6 x86_64) (WARNING: The server did not provide any stacktrace information)
Command duration or timeout: 0 milliseconds
Build info: version: '3.7.1', revision: '8a0099a', time: '2017-11-06T21:07:36.161Z'
System info: host: 'sumans-MacBook-Pro.local', ip: 'fe80:0:0:0:10f0:11f1:8277:c429%en0', os.name: 'Mac OS X', os.arch: 'x86_64', os.version: '10.13.6', java.version: '1.8.0_181'
Driver info: com.kms.katalon.selenium.driver.CChromeDriver
Capabilities {acceptInsecureCerts: false, acceptSslCerts: false, applicationCacheEnabled: false, browserConnectionEnabled: false, browserName: chrome, chrome: {chromedriverVersion: 2.43.600229 (3fae4d0cda5334..., userDataDir: /var/folders/1t/c55l8xzs6gq...}, cssSelectorsEnabled: true, databaseEnabled: false, goog:chromeOptions: {debuggerAddress: localhost:61315}, handlesAlerts: true, hasTouchScreen: false, javascriptEnabled: true, locationContextEnabled: true, mobileEmulationEnabled: false, nativeEvents: true, networkConnectionEnabled: false, pageLoadStrategy: normal, platform: MAC, platformName: MAC, rotatable: false, setWindowRect: true, takesHeapSnapshot: true, takesScreenshot: true, unexpectedAlertBehaviour: , unhandledPromptBehavior: , version: 75.0.3770.90, webStorageEnabled: true}
Session ID: 027f6a61e146b97381a56242884022cc)
[[ATTACHMENT|/Users/sumankompelly/Relative xpath-Mobile/Reports/OCS- 1.10.1/20190617_160855/1560802774245.png]]

2019-06-17 16:19:34 - [MESSAGE][FAILED] - click(findTestObject("OCS-MOBILE /Home - page/a_Learn more- A brief history of cannabis")) FAILED.
Reason:
com.kms.katalon.core.exception.StepFailedException: Unable to click on object 'Object Repository/OCS-MOBILE /Home - page/a_Learn more- A brief history of cannabis' (Root cause: org.openqa.selenium.WebDriverException: unknown error: Element <a role="button" aria-role="button" href="/blogs/how-to-choose-cannabis-products/factors-in-choosing-cannabis-products" class="btn btn--outline btn--primary">...</a> is not clickable at point (242, 656). Other element would receive the click: <iframe title="Preview Bar" id="preview-bar-iframe" src="https://ocs.ca/preview_bar" sandbox="allow-same-origin allow-scripts" style="position: fixed; bottom: 0px; left: 0px; z-index: 2147483647; width: 100%; border: none; box-shadow: rgba(0, 0, 0, 0.2) 0px -1px 3px; overflow: hidden; transform: translateY(0px); transition: transform 300ms ease 0s; height: 92px;"></iframe>
  (Session info: chrome=75.0.3770.90)
  (Driver info: chromedriver=2.43.600229 (3fae4d0cda5334b4f533bede5a4787f7b832d052),platform=Mac OS X 10.13.6 x86_64) (WARNING: The server did not provide any stacktrace information)
Command duration or timeout: 0 milliseconds
Build info: version: '3.7.1', revision: '8a0099a', time: '2017-11-06T21:07:36.161Z'
System info: host: 'sumans-MacBook-Pro.local', ip: 'fe80:0:0:0:10f0:11f1:8277:c429%en0', os.name: 'Mac OS X', os.arch: 'x86_64', os.version: '10.13.6', java.version: '1.8.0_181'
Driver info: com.kms.katalon.selenium.driver.CChromeDriver
Capabilities {acceptInsecureCerts: false, acceptSslCerts: false, applicationCacheEnabled: false, browserConnectionEnabled: false, browserName: chrome, chrome: {chromedriverVersion: 2.43.600229 (3fae4d0cda5334..., userDataDir: /var/folders/1t/c55l8xzs6gq...}, cssSelectorsEnabled: true, databaseEnabled: false, goog:chromeOptions: {debuggerAddress: localhost:61315}, handlesAlerts: true, hasTouchScreen: false, javascriptEnabled: true, locationContextEnabled: true, mobileEmulationEnabled: false, nativeEvents: true, networkConnectionEnabled: false, pageLoadStrategy: normal, platform: MAC, platformName: MAC, rotatable: false, setWindowRect: true, takesHeapSnapshot: true, takesScreenshot: true, unexpectedAlertBehaviour: , unhandledPromptBehavior: , version: 75.0.3770.90, webStorageEnabled: true}
Session ID: 027f6a61e146b97381a56242884022cc)
	at com.kms.katalon.core.keyword.internal.KeywordMain.stepFailed(KeywordMain.groovy:36)
	at com.kms.katalon.core.webui.keyword.internal.WebUIKeywordMain.stepFailed(WebUIKeywordMain.groovy:65)
	at com.kms.katalon.core.webui.keyword.internal.WebUIKeywordMain.runKeyword(WebUIKeywordMain.groovy:27)
	at com.kms.katalon.core.webui.keyword.builtin.ClickKeyword.click(ClickKeyword.groovy:86)
	at com.kms.katalon.core.webui.keyword.builtin.ClickKeyword.execute(ClickKeyword.groovy:67)
	at com.kms.katalon.core.keyword.internal.KeywordExecutor.executeKeywordForPlatform(KeywordExecutor.groovy:53)
	at com.kms.katalon.core.webui.keyword.WebUiBuiltInKeywords.click(WebUiBuiltInKeywords.groovy:616)
	at com.kms.katalon.core.webui.keyword.WebUiBuiltInKeywords$click$4.call(Unknown Source)
	at How to choose cannabis-learn more.run(How to choose cannabis-learn more:37)
	at com.kms.katalon.core.main.ScriptEngine.run(ScriptEngine.java:194)
	at com.kms.katalon.core.main.ScriptEngine.runScriptAsRawText(ScriptEngine.java:119)
	at com.kms.katalon.core.main.TestCaseExecutor.runScript(TestCaseExecutor.java:328)
	at com.kms.katalon.core.main.TestCaseExecutor.doExecute(TestCaseExecutor.java:319)
	at com.kms.katalon.core.main.TestCaseExecutor.processExecutionPhase(TestCaseExecutor.java:298)
	at com.kms.katalon.core.main.TestCaseExecutor.accessMainPhase(TestCaseExecutor.java:290)
	at com.kms.katalon.core.main.TestCaseExecutor.execute(TestCaseExecutor.java:224)
	at com.kms.katalon.core.main.TestSuiteExecutor.accessTestCaseMainPhase(TestSuiteExecutor.java:129)
	at com.kms.katalon.core.main.TestSuiteExecutor.accessTestSuiteMainPhase(TestSuiteExecutor.java:112)
	at com.kms.katalon.core.main.TestSuiteExecutor.execute(TestSuiteExecutor.java:81)
	at com.kms.katalon.core.main.TestCaseMain.startTestSuite(TestCaseMain.java:149)
	at com.kms.katalon.core.main.TestCaseMain$startTestSuite$0.call(Unknown Source)
	at TempTestSuite1560802135767.run(TempTestSuite1560802135767.groovy:36)]]></system-out>
         <system-err><![CDATA[2019-06-17 16:19:09 - [TEST_CASE][FAILED] - Test Cases/OCS - MOBILE/OCS- HOME PAGE/How to choose cannabis-learn more: Test Cases/OCS - MOBILE/OCS- HOME PAGE/How to choose cannabis-learn more FAILED.
Reason:
com.kms.katalon.core.exception.StepFailedException: Unable to click on object 'Object Repository/OCS-MOBILE /Home - page/a_Learn more- A brief history of cannabis' (Root cause: org.openqa.selenium.WebDriverException: unknown error: Element <a role="button" aria-role="button" href="/blogs/how-to-choose-cannabis-products/factors-in-choosing-cannabis-products" class="btn btn--outline btn--primary">...</a> is not clickable at point (242, 656). Other element would receive the click: <iframe title="Preview Bar" id="preview-bar-iframe" src="https://ocs.ca/preview_bar" sandbox="allow-same-origin allow-scripts" style="position: fixed; bottom: 0px; left: 0px; z-index: 2147483647; width: 100%; border: none; box-shadow: rgba(0, 0, 0, 0.2) 0px -1px 3px; overflow: hidden; transform: translateY(0px); transition: transform 300ms ease 0s; height: 92px;"></iframe>
  (Session info: chrome=75.0.3770.90)
  (Driver info: chromedriver=2.43.600229 (3fae4d0cda5334b4f533bede5a4787f7b832d052),platform=Mac OS X 10.13.6 x86_64) (WARNING: The server did not provide any stacktrace information)
Command duration or timeout: 0 milliseconds
Build info: version: '3.7.1', revision: '8a0099a', time: '2017-11-06T21:07:36.161Z'
System info: host: 'sumans-MacBook-Pro.local', ip: 'fe80:0:0:0:10f0:11f1:8277:c429%en0', os.name: 'Mac OS X', os.arch: 'x86_64', os.version: '10.13.6', java.version: '1.8.0_181'
Driver info: com.kms.katalon.selenium.driver.CChromeDriver
Capabilities {acceptInsecureCerts: false, acceptSslCerts: false, applicationCacheEnabled: false, browserConnectionEnabled: false, browserName: chrome, chrome: {chromedriverVersion: 2.43.600229 (3fae4d0cda5334..., userDataDir: /var/folders/1t/c55l8xzs6gq...}, cssSelectorsEnabled: true, databaseEnabled: false, goog:chromeOptions: {debuggerAddress: localhost:61315}, handlesAlerts: true, hasTouchScreen: false, javascriptEnabled: true, locationContextEnabled: true, mobileEmulationEnabled: false, nativeEvents: true, networkConnectionEnabled: false, pageLoadStrategy: normal, platform: MAC, platformName: MAC, rotatable: false, setWindowRect: true, takesHeapSnapshot: true, takesScreenshot: true, unexpectedAlertBehaviour: , unhandledPromptBehavior: , version: 75.0.3770.90, webStorageEnabled: true}
Session ID: 027f6a61e146b97381a56242884022cc)
	at com.kms.katalon.core.keyword.internal.KeywordMain.stepFailed(KeywordMain.groovy:36)
	at com.kms.katalon.core.webui.keyword.internal.WebUIKeywordMain.stepFailed(WebUIKeywordMain.groovy:65)
	at com.kms.katalon.core.webui.keyword.internal.WebUIKeywordMain.runKeyword(WebUIKeywordMain.groovy:27)
	at com.kms.katalon.core.webui.keyword.builtin.ClickKeyword.click(ClickKeyword.groovy:86)
	at com.kms.katalon.core.webui.keyword.builtin.ClickKeyword.execute(ClickKeyword.groovy:67)
	at com.kms.katalon.core.keyword.internal.KeywordExecutor.executeKeywordForPlatform(KeywordExecutor.groovy:53)
	at com.kms.katalon.core.webui.keyword.WebUiBuiltInKeywords.click(WebUiBuiltInKeywords.groovy:616)
	at com.kms.katalon.core.webui.keyword.WebUiBuiltInKeywords$click$4.call(Unknown Source)
	at How to choose cannabis-learn more.run(How to choose cannabis-learn more:37)
	at com.kms.katalon.core.main.ScriptEngine.run(ScriptEngine.java:194)
	at com.kms.katalon.core.main.ScriptEngine.runScriptAsRawText(ScriptEngine.java:119)
	at com.kms.katalon.core.main.TestCaseExecutor.runScript(TestCaseExecutor.java:328)
	at com.kms.katalon.core.main.TestCaseExecutor.doExecute(TestCaseExecutor.java:319)
	at com.kms.katalon.core.main.TestCaseExecutor.processExecutionPhase(TestCaseExecutor.java:298)
	at com.kms.katalon.core.main.TestCaseExecutor.accessMainPhase(TestCaseExecutor.java:290)
	at com.kms.katalon.core.main.TestCaseExecutor.execute(TestCaseExecutor.java:224)
	at com.kms.katalon.core.main.TestSuiteExecutor.accessTestCaseMainPhase(TestSuiteExecutor.java:129)
	at com.kms.katalon.core.main.TestSuiteExecutor.accessTestSuiteMainPhase(TestSuiteExecutor.java:112)
	at com.kms.katalon.core.main.TestSuiteExecutor.execute(TestSuiteExecutor.java:81)
	at com.kms.katalon.core.main.TestCaseMain.startTestSuite(TestCaseMain.java:149)
	at com.kms.katalon.core.main.TestCaseMain$startTestSuite$0.call(Unknown Source)
	at TempTestSuite1560802135767.run(TempTestSuite1560802135767.groovy:36)]]></system-err>
      </testcase>
      <testcase name="Test Cases/OCS - MOBILE/OCS- HOME PAGE/HP -Burger menu-FAQ" classname="Test Cases/OCS - MOBILE/OCS- HOME PAGE/HP -Burger menu-FAQ" status="FAILED">
         <failure type="FAILED" message="Test Cases/OCS - MOBILE/OCS- HOME PAGE/HP -Burger menu-FAQ FAILED.
Reason:
com.kms.katalon.core.exception.StepFailedException: Unable to click on object 'Object Repository/OCS-MOBILE /FAQ page/Second accordian- add' (Root cause: org.openqa.selenium.WebDriverException: unknown error: Element &lt;i class=&quot;icon icon--plus&quot;>&lt;/i> is not clickable at point (452, 596). Other element would receive the click: &lt;iframe title=&quot;Preview Bar&quot; id=&quot;preview-bar-iframe&quot; src=&quot;https://ocs.ca/preview_bar&quot; sandbox=&quot;allow-same-origin allow-scripts&quot; style=&quot;position: fixed; bottom: 0px; left: 0px; z-index: 2147483647; width: 100%; border: none; box-shadow: rgba(0, 0, 0, 0.2) 0px -1px 3px; overflow: hidden; transform: translateY(0px); transition: transform 300ms ease 0s; height: 92px;&quot;>&lt;/iframe>
  (Session info: chrome=75.0.3770.90)
  (Driver info: chromedriver=2.43.600229 (3fae4d0cda5334b4f533bede5a4787f7b832d052),platform=Mac OS X 10.13.6 x86_64) (WARNING: The server did not provide any stacktrace information)
Command duration or timeout: 0 milliseconds
Build info: version: '3.7.1', revision: '8a0099a', time: '2017-11-06T21:07:36.161Z'
System info: host: 'sumans-MacBook-Pro.local', ip: 'fe80:0:0:0:10f0:11f1:8277:c429%en0', os.name: 'Mac OS X', os.arch: 'x86_64', os.version: '10.13.6', java.version: '1.8.0_181'
Driver info: com.kms.katalon.selenium.driver.CChromeDriver
Capabilities {acceptInsecureCerts: false, acceptSslCerts: false, applicationCacheEnabled: false, browserConnectionEnabled: false, browserName: chrome, chrome: {chromedriverVersion: 2.43.600229 (3fae4d0cda5334..., userDataDir: /var/folders/1t/c55l8xzs6gq...}, cssSelectorsEnabled: true, databaseEnabled: false, goog:chromeOptions: {debuggerAddress: localhost:61458}, handlesAlerts: true, hasTouchScreen: false, javascriptEnabled: true, locationContextEnabled: true, mobileEmulationEnabled: false, nativeEvents: true, networkConnectionEnabled: false, pageLoadStrategy: normal, platform: MAC, platformName: MAC, rotatable: false, setWindowRect: true, takesHeapSnapshot: true, takesScreenshot: true, unexpectedAlertBehaviour: , unhandledPromptBehavior: , version: 75.0.3770.90, webStorageEnabled: true}
Session ID: fcc38ee4bfe41357dcf7a40cb574d592)
	at com.kms.katalon.core.keyword.internal.KeywordMain.stepFailed(KeywordMain.groovy:36)
	at com.kms.katalon.core.webui.keyword.internal.WebUIKeywordMain.stepFailed(WebUIKeywordMain.groovy:65)
	at com.kms.katalon.core.webui.keyword.internal.WebUIKeywordMain.runKeyword(WebUIKeywordMain.groovy:27)
	at com.kms.katalon.core.webui.keyword.builtin.ClickKeyword.click(ClickKeyword.groovy:86)
	at com.kms.katalon.core.webui.keyword.builtin.ClickKeyword.execute(ClickKeyword.groovy:67)
	at com.kms.katalon.core.keyword.internal.KeywordExecutor.executeKeywordForPlatform(KeywordExecutor.groovy:53)
	at com.kms.katalon.core.webui.keyword.WebUiBuiltInKeywords.click(WebUiBuiltInKeywords.groovy:616)
	at com.kms.katalon.core.webui.keyword.WebUiBuiltInKeywords$click$4.call(Unknown Source)
	at HP -Burger menu-FAQ.run(HP -Burger menu-FAQ:72)
	at com.kms.katalon.core.main.ScriptEngine.run(ScriptEngine.java:194)
	at com.kms.katalon.core.main.ScriptEngine.runScriptAsRawText(ScriptEngine.java:119)
	at com.kms.katalon.core.main.TestCaseExecutor.runScript(TestCaseExecutor.java:328)
	at com.kms.katalon.core.main.TestCaseExecutor.doExecute(TestCaseExecutor.java:319)
	at com.kms.katalon.core.main.TestCaseExecutor.processExecutionPhase(TestCaseExecutor.java:298)
	at com.kms.katalon.core.main.TestCaseExecutor.accessMainPhase(TestCaseExecutor.java:290)
	at com.kms.katalon.core.main.TestCaseExecutor.execute(TestCaseExecutor.java:224)
	at com.kms.katalon.core.main.TestSuiteExecutor.accessTestCaseMainPhase(TestSuiteExecutor.java:129)
	at com.kms.katalon.core.main.TestSuiteExecutor.accessTestSuiteMainPhase(TestSuiteExecutor.java:112)
	at com.kms.katalon.core.main.TestSuiteExecutor.execute(TestSuiteExecutor.java:81)
	at com.kms.katalon.core.main.TestCaseMain.startTestSuite(TestCaseMain.java:149)
	at com.kms.katalon.core.main.TestCaseMain$startTestSuite$0.call(Unknown Source)
	at TempTestSuite1560802135767.run(TempTestSuite1560802135767.groovy:36)
"/>
         <system-out><![CDATA[2019-06-17 16:19:34 - [TEST_CASE][FAILED] - Test Cases/OCS - MOBILE/OCS- HOME PAGE/HP -Burger menu-FAQ: Test Cases/OCS - MOBILE/OCS- HOME PAGE/HP -Burger menu-FAQ FAILED.
Reason:
com.kms.katalon.core.exception.StepFailedException: Unable to click on object 'Object Repository/OCS-MOBILE /FAQ page/Second accordian- add' (Root cause: org.openqa.selenium.WebDriverException: unknown error: Element <i class="icon icon--plus"></i> is not clickable at point (452, 596). Other element would receive the click: <iframe title="Preview Bar" id="preview-bar-iframe" src="https://ocs.ca/preview_bar" sandbox="allow-same-origin allow-scripts" style="position: fixed; bottom: 0px; left: 0px; z-index: 2147483647; width: 100%; border: none; box-shadow: rgba(0, 0, 0, 0.2) 0px -1px 3px; overflow: hidden; transform: translateY(0px); transition: transform 300ms ease 0s; height: 92px;"></iframe>
  (Session info: chrome=75.0.3770.90)
  (Driver info: chromedriver=2.43.600229 (3fae4d0cda5334b4f533bede5a4787f7b832d052),platform=Mac OS X 10.13.6 x86_64) (WARNING: The server did not provide any stacktrace information)
Command duration or timeout: 0 milliseconds
Build info: version: '3.7.1', revision: '8a0099a', time: '2017-11-06T21:07:36.161Z'
System info: host: 'sumans-MacBook-Pro.local', ip: 'fe80:0:0:0:10f0:11f1:8277:c429%en0', os.name: 'Mac OS X', os.arch: 'x86_64', os.version: '10.13.6', java.version: '1.8.0_181'
Driver info: com.kms.katalon.selenium.driver.CChromeDriver
Capabilities {acceptInsecureCerts: false, acceptSslCerts: false, applicationCacheEnabled: false, browserConnectionEnabled: false, browserName: chrome, chrome: {chromedriverVersion: 2.43.600229 (3fae4d0cda5334..., userDataDir: /var/folders/1t/c55l8xzs6gq...}, cssSelectorsEnabled: true, databaseEnabled: false, goog:chromeOptions: {debuggerAddress: localhost:61458}, handlesAlerts: true, hasTouchScreen: false, javascriptEnabled: true, locationContextEnabled: true, mobileEmulationEnabled: false, nativeEvents: true, networkConnectionEnabled: false, pageLoadStrategy: normal, platform: MAC, platformName: MAC, rotatable: false, setWindowRect: true, takesHeapSnapshot: true, takesScreenshot: true, unexpectedAlertBehaviour: , unhandledPromptBehavior: , version: 75.0.3770.90, webStorageEnabled: true}
Session ID: fcc38ee4bfe41357dcf7a40cb574d592)
	at com.kms.katalon.core.keyword.internal.KeywordMain.stepFailed(KeywordMain.groovy:36)
	at com.kms.katalon.core.webui.keyword.internal.WebUIKeywordMain.stepFailed(WebUIKeywordMain.groovy:65)
	at com.kms.katalon.core.webui.keyword.internal.WebUIKeywordMain.runKeyword(WebUIKeywordMain.groovy:27)
	at com.kms.katalon.core.webui.keyword.builtin.ClickKeyword.click(ClickKeyword.groovy:86)
	at com.kms.katalon.core.webui.keyword.builtin.ClickKeyword.execute(ClickKeyword.groovy:67)
	at com.kms.katalon.core.keyword.internal.KeywordExecutor.executeKeywordForPlatform(KeywordExecutor.groovy:53)
	at com.kms.katalon.core.webui.keyword.WebUiBuiltInKeywords.click(WebUiBuiltInKeywords.groovy:616)
	at com.kms.katalon.core.webui.keyword.WebUiBuiltInKeywords$click$4.call(Unknown Source)
	at HP -Burger menu-FAQ.run(HP -Burger menu-FAQ:72)
	at com.kms.katalon.core.main.ScriptEngine.run(ScriptEngine.java:194)
	at com.kms.katalon.core.main.ScriptEngine.runScriptAsRawText(ScriptEngine.java:119)
	at com.kms.katalon.core.main.TestCaseExecutor.runScript(TestCaseExecutor.java:328)
	at com.kms.katalon.core.main.TestCaseExecutor.doExecute(TestCaseExecutor.java:319)
	at com.kms.katalon.core.main.TestCaseExecutor.processExecutionPhase(TestCaseExecutor.java:298)
	at com.kms.katalon.core.main.TestCaseExecutor.accessMainPhase(TestCaseExecutor.java:290)
	at com.kms.katalon.core.main.TestCaseExecutor.execute(TestCaseExecutor.java:224)
	at com.kms.katalon.core.main.TestSuiteExecutor.accessTestCaseMainPhase(TestSuiteExecutor.java:129)
	at com.kms.katalon.core.main.TestSuiteExecutor.accessTestSuiteMainPhase(TestSuiteExecutor.java:112)
	at com.kms.katalon.core.main.TestSuiteExecutor.execute(TestSuiteExecutor.java:81)
	at com.kms.katalon.core.main.TestCaseMain.startTestSuite(TestCaseMain.java:149)
	at com.kms.katalon.core.main.TestCaseMain$startTestSuite$0.call(Unknown Source)
	at TempTestSuite1560802135767.run(TempTestSuite1560802135767.groovy:36)


2019-06-17 16:19:34 - [TEST_STEP][PASSED] - callTestCase(findTestCase("OCS - MOBILE/CALL - AGE GATE"), [:], STOP_ON_FAILURE): Call Test Case 'Test Cases/OCS - MOBILE/CALL - AGE GATE' successfully

2019-06-17 16:19:34 - [TEST_CASE][PASSED] - Test Cases/OCS - MOBILE/CALL - AGE GATE: Test Cases/OCS - MOBILE/CALL - AGE GATE

2019-06-17 16:19:34 - [TEST_STEP][PASSED] - openBrowser(""): Browser is opened with url: ''

2019-06-17 16:19:34 - [MESSAGE][WARNING] - A browser is already opened. Closing browser and opening a new one

2019-06-17 16:19:34 - [MESSAGE][INFO] - Starting 'Chrome' driver

2019-06-17 16:19:35 - [MESSAGE][PASSED] - Browser is opened with url: ''

2019-06-17 16:19:35 - [TEST_STEP][PASSED] - navigateToUrl("https://ocs.ca/?fts=0&preview_theme_id=72920106828"): Navigate to 'https://ocs.ca/?fts=0&preview_theme_id=72920106828' successfully

2019-06-17 16:19:41 - [MESSAGE][PASSED] - Navigate to 'https://ocs.ca/?fts=0&preview_theme_id=72920106828' successfully

2019-06-17 16:19:41 - [TEST_STEP][PASSED] - executeJavaScript("var previewBar = document.getElementById("preview-bar-iframe"); previewBar.style.display = "none";", []): Execute JavaScript 'var previewBar = document.getElementById("preview-bar-iframe"); previewBar.style.display = "none";' successfully

2019-06-17 16:19:41 - [MESSAGE][PASSED] - Execute JavaScript 'var previewBar = document.getElementById("preview-bar-iframe"); previewBar.style.display = "none";' successfully

2019-06-17 16:19:41 - [TEST_STEP][PASSED] - setViewPortSize(360, 800): Viewport is set to new size with width = 360 and height = 800

2019-06-17 16:19:42 - [MESSAGE][PASSED] - Viewport is set to new size with width = 360 and height = 800

2019-06-17 16:19:42 - [TEST_STEP][PASSED] - delay(4): Delayed 4 second(s)

2019-06-17 16:19:46 - [MESSAGE][PASSED] - Delayed 4 second(s)

2019-06-17 16:19:46 - [TEST_STEP][PASSED] - selectOptionByValue(findTestObject("OCS-MOBILE /Age gate and burger menu/Date"), "12", true): All options with value '12' are selected in object 'Object Repository/OCS-MOBILE /Age gate and burger menu/Date'  using regular expression

2019-06-17 16:19:46 - [MESSAGE][PASSED] - All options with value '12' are selected in object 'Object Repository/OCS-MOBILE /Age gate and burger menu/Date'  using regular expression

2019-06-17 16:19:46 - [TEST_STEP][PASSED] - selectOptionByValue(findTestObject("OCS-MOBILE /Age gate and burger menu/month"), "6", true): All options with value '6' are selected in object 'Object Repository/OCS-MOBILE /Age gate and burger menu/month'  using regular expression

2019-06-17 16:19:46 - [MESSAGE][PASSED] - All options with value '6' are selected in object 'Object Repository/OCS-MOBILE /Age gate and burger menu/month'  using regular expression

2019-06-17 16:19:46 - [TEST_STEP][PASSED] - delay(2): Delayed 2 second(s)

2019-06-17 16:19:48 - [MESSAGE][PASSED] - Delayed 2 second(s)

2019-06-17 16:19:48 - [TEST_STEP][PASSED] - selectOptionByValue(findTestObject("OCS-MOBILE /Age gate and burger menu/Year Dropdown"), "1990", true): All options with value '1990' are selected in object 'Object Repository/OCS-MOBILE /Age gate and burger menu/Year Dropdown'  using regular expression

2019-06-17 16:19:49 - [MESSAGE][PASSED] - All options with value '1990' are selected in object 'Object Repository/OCS-MOBILE /Age gate and burger menu/Year Dropdown'  using regular expression

2019-06-17 16:19:49 - [TEST_STEP][PASSED] - click(findTestObject("OCS-MOBILE /Age gate and Mega menu/button_Verify")): Object: 'Object Repository/OCS-MOBILE /Age gate and Mega menu/button_Verify' is clicked on

2019-06-17 16:19:49 - [MESSAGE][PASSED] - Object: 'Object Repository/OCS-MOBILE /Age gate and Mega menu/button_Verify' is clicked on

2019-06-17 16:19:49 - [TEST_STEP][PASSED] - click(findTestObject("OCS-MOBILE /Age gate and Mega menu/Checkbox_CONFIRM AND ACKNOWLEDGE")): Object: 'Object Repository/OCS-MOBILE /Age gate and Mega menu/Checkbox_CONFIRM AND ACKNOWLEDGE' is clicked on

2019-06-17 16:19:49 - [MESSAGE][PASSED] - Object: 'Object Repository/OCS-MOBILE /Age gate and Mega menu/Checkbox_CONFIRM AND ACKNOWLEDGE' is clicked on

2019-06-17 16:19:49 - [TEST_STEP][PASSED] - click(findTestObject("OCS-MOBILE /Age gate and Mega menu/button_CONFIRM")): Object: 'Object Repository/OCS-MOBILE /Age gate and Mega menu/button_CONFIRM' is clicked on

2019-06-17 16:19:49 - [MESSAGE][PASSED] - Object: 'Object Repository/OCS-MOBILE /Age gate and Mega menu/button_CONFIRM' is clicked on

2019-06-17 16:19:49 - [TEST_STEP][PASSED] - click(findTestObject("OCS-MOBILE /Age gate and Mega menu/button_Start Browsing")): Object: 'Object Repository/OCS-MOBILE /Age gate and Mega menu/button_Start Browsing' is clicked on

2019-06-17 16:19:49 - [MESSAGE][PASSED] - Object: 'Object Repository/OCS-MOBILE /Age gate and Mega menu/button_Start Browsing' is clicked on

2019-06-17 16:19:49 - [TEST_STEP][PASSED] - refresh(): Refresh successfully

2019-06-17 16:19:49 - [MESSAGE][PASSED] - Refresh successfully

2019-06-17 16:19:49 - [MESSAGE][PASSED] - Call Test Case 'Test Cases/OCS - MOBILE/CALL - AGE GATE' successfully

2019-06-17 16:19:49 - [TEST_STEP][PASSED] - delay(2): Delayed 2 second(s)

2019-06-17 16:19:51 - [MESSAGE][PASSED] - Delayed 2 second(s)

2019-06-17 16:19:51 - [TEST_STEP][NOT_RUN] - executeJavaScript("var previewBar = document.getElementById("preview-bar-iframe"); previewBar.style.display = "none";", []): NOT_RUN: executeJavaScript("var previewBar = document.getElementById("preview-bar-iframe"); previewBar.style.display = "none";", [])

2019-06-17 16:19:51 - [MESSAGE][NOT_RUN] - NOT_RUN: executeJavaScript("var previewBar = document.getElementById("preview-bar-iframe"); previewBar.style.display = "none";", [])

2019-06-17 16:19:51 - [TEST_STEP][PASSED] - delay(2): Delayed 2 second(s)

2019-06-17 16:19:53 - [MESSAGE][PASSED] - Delayed 2 second(s)

2019-06-17 16:19:53 - [TEST_STEP][PASSED] - click(findTestObject("OCS-MOBILE /Age gate and burger menu/Burger menu - English")): Object: 'Object Repository/OCS-MOBILE /Age gate and burger menu/Burger menu - English' is clicked on

2019-06-17 16:19:53 - [MESSAGE][PASSED] - Object: 'Object Repository/OCS-MOBILE /Age gate and burger menu/Burger menu - English' is clicked on

2019-06-17 16:19:53 - [TEST_STEP][PASSED] - delay(2): Delayed 2 second(s)

2019-06-17 16:19:55 - [MESSAGE][PASSED] - Delayed 2 second(s)

2019-06-17 16:19:55 - [TEST_STEP][PASSED] - click(findTestObject("OCS-MOBILE /FAQ page/FAQ")): Object: 'Object Repository/OCS-MOBILE /FAQ page/FAQ' is clicked on

2019-06-17 16:19:56 - [MESSAGE][PASSED] - Object: 'Object Repository/OCS-MOBILE /FAQ page/FAQ' is clicked on

2019-06-17 16:19:56 - [TEST_STEP][PASSED] - delay(1): Delayed 1 second(s)

2019-06-17 16:19:57 - [MESSAGE][PASSED] - Delayed 1 second(s)

2019-06-17 16:19:57 - [TEST_STEP][PASSED] - click(findTestObject("OCS-MOBILE /FAQ page/First chevron link")): Object: 'Object Repository/OCS-MOBILE /FAQ page/First chevron link' is clicked on

2019-06-17 16:19:59 - [MESSAGE][PASSED] - Object: 'Object Repository/OCS-MOBILE /FAQ page/First chevron link' is clicked on

2019-06-17 16:19:59 - [TEST_STEP][PASSED] - delay(1): Delayed 1 second(s)

2019-06-17 16:20:00 - [MESSAGE][PASSED] - Delayed 1 second(s)

2019-06-17 16:20:00 - [TEST_STEP][NOT_RUN] - executeJavaScript("var previewBar = document.getElementById("preview-bar-iframe"); previewBar.style.display = "none";", []): NOT_RUN: executeJavaScript("var previewBar = document.getElementById("preview-bar-iframe"); previewBar.style.display = "none";", [])

2019-06-17 16:20:00 - [MESSAGE][NOT_RUN] - NOT_RUN: executeJavaScript("var previewBar = document.getElementById("preview-bar-iframe"); previewBar.style.display = "none";", [])

2019-06-17 16:20:00 - [TEST_STEP][PASSED] - scrollToElement(findTestObject("OCS-MOBILE /FAQ page/scroll view element"), 0): Scroll to object 'Object Repository/OCS-MOBILE /FAQ page/scroll view element' successfully

2019-06-17 16:20:00 - [MESSAGE][WARNING] - Timeout '0' is invalid. Using default page load timeout: '30'

2019-06-17 16:20:00 - [MESSAGE][PASSED] - Scroll to object 'Object Repository/OCS-MOBILE /FAQ page/scroll view element' successfully

2019-06-17 16:20:01 - [TEST_STEP][PASSED] - delay(1): Delayed 1 second(s)

2019-06-17 16:20:02 - [MESSAGE][PASSED] - Delayed 1 second(s)

2019-06-17 16:20:02 - [TEST_STEP][PASSED] - click(findTestObject("OCS-MOBILE /FAQ page/Dropdown button -First chevron -open- FAQ")): Object: 'Object Repository/OCS-MOBILE /FAQ page/Dropdown button -First chevron -open- FAQ' is clicked on

2019-06-17 16:20:02 - [MESSAGE][PASSED] - Object: 'Object Repository/OCS-MOBILE /FAQ page/Dropdown button -First chevron -open- FAQ' is clicked on

2019-06-17 16:20:02 - [TEST_STEP][PASSED] - delay(1): Delayed 1 second(s)

2019-06-17 16:20:03 - [MESSAGE][PASSED] - Delayed 1 second(s)

2019-06-17 16:20:03 - [TEST_STEP][PASSED] - click(findTestObject("OCS-MOBILE /FAQ page/Dropdown button -First chevron - close -FAQ")): Object: 'Object Repository/OCS-MOBILE /FAQ page/Dropdown button -First chevron - close -FAQ' is clicked on

2019-06-17 16:20:03 - [MESSAGE][PASSED] - Object: 'Object Repository/OCS-MOBILE /FAQ page/Dropdown button -First chevron - close -FAQ' is clicked on

2019-06-17 16:20:03 - [TEST_STEP][PASSED] - delay(1, OPTIONAL): Delayed 1 second(s)

2019-06-17 16:20:04 - [MESSAGE][PASSED] - Delayed 1 second(s)

2019-06-17 16:20:04 - [TEST_STEP][PASSED] - setViewPortSize(1000, 800, OPTIONAL): Viewport is set to new size with width = 1000 and height = 800

2019-06-17 16:20:04 - [MESSAGE][PASSED] - Viewport is set to new size with width = 1000 and height = 800

2019-06-17 16:20:04 - [TEST_STEP][PASSED] - delay(2, OPTIONAL): Delayed 2 second(s)

2019-06-17 16:20:06 - [MESSAGE][PASSED] - Delayed 2 second(s)

2019-06-17 16:20:06 - [TEST_STEP][PASSED] - click(findTestObject("Theme_oR/Page_Ontario Cannabis Store  Ontari/button_Hide bar"), OPTIONAL): Unable to click on object (Root cause: java.lang.IllegalArgumentException: Object is null)

2019-06-17 16:20:06 - [MESSAGE][WARNING] - Test object with id 'Object Repository/Theme_oR/Page_Ontario Cannabis Store  Ontari/button_Hide bar' does not exist

2019-06-17 16:20:06 - [MESSAGE][WARNING] - Test object with id 'Object Repository/' does not exist

2019-06-17 16:20:06 - [MESSAGE][WARNING] - Unable to click on object (Root cause: java.lang.IllegalArgumentException: Object is null)
[[ATTACHMENT|/Users/sumankompelly/Relative xpath-Mobile/Reports/OCS- 1.10.1/20190617_160855/1560802806230.png]]

2019-06-17 16:20:06 - [TEST_STEP][PASSED] - delay(2, OPTIONAL): Delayed 2 second(s)

2019-06-17 16:20:08 - [MESSAGE][PASSED] - Delayed 2 second(s)

2019-06-17 16:20:08 - [TEST_STEP][PASSED] - setViewPortSize(360, 800, OPTIONAL): Viewport is set to new size with width = 360 and height = 800

2019-06-17 16:20:08 - [MESSAGE][PASSED] - Viewport is set to new size with width = 360 and height = 800

2019-06-17 16:20:08 - [TEST_STEP][PASSED] - delay(1, OPTIONAL): Delayed 1 second(s)

2019-06-17 16:20:09 - [MESSAGE][PASSED] - Delayed 1 second(s)

2019-06-17 16:20:09 - [TEST_STEP][PASSED] - click(findTestObject("OCS-MOBILE /FAQ page/First accordian - add")): Object: 'Object Repository/OCS-MOBILE /FAQ page/First accordian - add' is clicked on

2019-06-17 16:20:09 - [MESSAGE][PASSED] - Object: 'Object Repository/OCS-MOBILE /FAQ page/First accordian - add' is clicked on

2019-06-17 16:20:09 - [TEST_STEP][PASSED] - delay(1): Delayed 1 second(s)

2019-06-17 16:20:10 - [MESSAGE][PASSED] - Delayed 1 second(s)

2019-06-17 16:20:10 - [TEST_STEP][PASSED] - click(findTestObject("OCS-MOBILE /FAQ page/First accordian - Subtract")): Object: 'Object Repository/OCS-MOBILE /FAQ page/First accordian - Subtract' is clicked on

2019-06-17 16:20:10 - [MESSAGE][PASSED] - Object: 'Object Repository/OCS-MOBILE /FAQ page/First accordian - Subtract' is clicked on

2019-06-17 16:20:10 - [TEST_STEP][PASSED] - delay(1): Delayed 1 second(s)

2019-06-17 16:20:11 - [MESSAGE][PASSED] - Delayed 1 second(s)

2019-06-17 16:20:11 - [TEST_STEP][FAILED] - click(findTestObject("OCS-MOBILE /FAQ page/Second accordian- add")): click(findTestObject("OCS-MOBILE /FAQ page/Second accordian- add")) FAILED.
Reason:
com.kms.katalon.core.exception.StepFailedException: Unable to click on object 'Object Repository/OCS-MOBILE /FAQ page/Second accordian- add' (Root cause: org.openqa.selenium.WebDriverException: unknown error: Element <i class="icon icon--plus"></i> is not clickable at point (452, 596). Other element would receive the click: <iframe title="Preview Bar" id="preview-bar-iframe" src="https://ocs.ca/preview_bar" sandbox="allow-same-origin allow-scripts" style="position: fixed; bottom: 0px; left: 0px; z-index: 2147483647; width: 100%; border: none; box-shadow: rgba(0, 0, 0, 0.2) 0px -1px 3px; overflow: hidden; transform: translateY(0px); transition: transform 300ms ease 0s; height: 92px;"></iframe>
  (Session info: chrome=75.0.3770.90)
  (Driver info: chromedriver=2.43.600229 (3fae4d0cda5334b4f533bede5a4787f7b832d052),platform=Mac OS X 10.13.6 x86_64) (WARNING: The server did not provide any stacktrace information)
Command duration or timeout: 0 milliseconds
Build info: version: '3.7.1', revision: '8a0099a', time: '2017-11-06T21:07:36.161Z'
System info: host: 'sumans-MacBook-Pro.local', ip: 'fe80:0:0:0:10f0:11f1:8277:c429%en0', os.name: 'Mac OS X', os.arch: 'x86_64', os.version: '10.13.6', java.version: '1.8.0_181'
Driver info: com.kms.katalon.selenium.driver.CChromeDriver
Capabilities {acceptInsecureCerts: false, acceptSslCerts: false, applicationCacheEnabled: false, browserConnectionEnabled: false, browserName: chrome, chrome: {chromedriverVersion: 2.43.600229 (3fae4d0cda5334..., userDataDir: /var/folders/1t/c55l8xzs6gq...}, cssSelectorsEnabled: true, databaseEnabled: false, goog:chromeOptions: {debuggerAddress: localhost:61458}, handlesAlerts: true, hasTouchScreen: false, javascriptEnabled: true, locationContextEnabled: true, mobileEmulationEnabled: false, nativeEvents: true, networkConnectionEnabled: false, pageLoadStrategy: normal, platform: MAC, platformName: MAC, rotatable: false, setWindowRect: true, takesHeapSnapshot: true, takesScreenshot: true, unexpectedAlertBehaviour: , unhandledPromptBehavior: , version: 75.0.3770.90, webStorageEnabled: true}
Session ID: fcc38ee4bfe41357dcf7a40cb574d592)
	at com.kms.katalon.core.keyword.internal.KeywordMain.stepFailed(KeywordMain.groovy:36)
	at com.kms.katalon.core.webui.keyword.internal.WebUIKeywordMain.stepFailed(WebUIKeywordMain.groovy:65)
	at com.kms.katalon.core.webui.keyword.internal.WebUIKeywordMain.runKeyword(WebUIKeywordMain.groovy:27)
	at com.kms.katalon.core.webui.keyword.builtin.ClickKeyword.click(ClickKeyword.groovy:86)
	at com.kms.katalon.core.webui.keyword.builtin.ClickKeyword.execute(ClickKeyword.groovy:67)
	at com.kms.katalon.core.keyword.internal.KeywordExecutor.executeKeywordForPlatform(KeywordExecutor.groovy:53)
	at com.kms.katalon.core.webui.keyword.WebUiBuiltInKeywords.click(WebUiBuiltInKeywords.groovy:616)
	at com.kms.katalon.core.webui.keyword.WebUiBuiltInKeywords$click$4.call(Unknown Source)
	at HP -Burger menu-FAQ.run(HP -Burger menu-FAQ:72)
	at com.kms.katalon.core.main.ScriptEngine.run(ScriptEngine.java:194)
	at com.kms.katalon.core.main.ScriptEngine.runScriptAsRawText(ScriptEngine.java:119)
	at com.kms.katalon.core.main.TestCaseExecutor.runScript(TestCaseExecutor.java:328)
	at com.kms.katalon.core.main.TestCaseExecutor.doExecute(TestCaseExecutor.java:319)
	at com.kms.katalon.core.main.TestCaseExecutor.processExecutionPhase(TestCaseExecutor.java:298)
	at com.kms.katalon.core.main.TestCaseExecutor.accessMainPhase(TestCaseExecutor.java:290)
	at com.kms.katalon.core.main.TestCaseExecutor.execute(TestCaseExecutor.java:224)
	at com.kms.katalon.core.main.TestSuiteExecutor.accessTestCaseMainPhase(TestSuiteExecutor.java:129)
	at com.kms.katalon.core.main.TestSuiteExecutor.accessTestSuiteMainPhase(TestSuiteExecutor.java:112)
	at com.kms.katalon.core.main.TestSuiteExecutor.execute(TestSuiteExecutor.java:81)
	at com.kms.katalon.core.main.TestCaseMain.startTestSuite(TestCaseMain.java:149)
	at com.kms.katalon.core.main.TestCaseMain$startTestSuite$0.call(Unknown Source)
	at TempTestSuite1560802135767.run(TempTestSuite1560802135767.groovy:36)


2019-06-17 16:20:12 - [MESSAGE][FAILED] - Unable to click on object 'Object Repository/OCS-MOBILE /FAQ page/Second accordian- add' (Root cause: org.openqa.selenium.WebDriverException: unknown error: Element <i class="icon icon--plus"></i> is not clickable at point (452, 596). Other element would receive the click: <iframe title="Preview Bar" id="preview-bar-iframe" src="https://ocs.ca/preview_bar" sandbox="allow-same-origin allow-scripts" style="position: fixed; bottom: 0px; left: 0px; z-index: 2147483647; width: 100%; border: none; box-shadow: rgba(0, 0, 0, 0.2) 0px -1px 3px; overflow: hidden; transform: translateY(0px); transition: transform 300ms ease 0s; height: 92px;"></iframe>
  (Session info: chrome=75.0.3770.90)
  (Driver info: chromedriver=2.43.600229 (3fae4d0cda5334b4f533bede5a4787f7b832d052),platform=Mac OS X 10.13.6 x86_64) (WARNING: The server did not provide any stacktrace information)
Command duration or timeout: 0 milliseconds
Build info: version: '3.7.1', revision: '8a0099a', time: '2017-11-06T21:07:36.161Z'
System info: host: 'sumans-MacBook-Pro.local', ip: 'fe80:0:0:0:10f0:11f1:8277:c429%en0', os.name: 'Mac OS X', os.arch: 'x86_64', os.version: '10.13.6', java.version: '1.8.0_181'
Driver info: com.kms.katalon.selenium.driver.CChromeDriver
Capabilities {acceptInsecureCerts: false, acceptSslCerts: false, applicationCacheEnabled: false, browserConnectionEnabled: false, browserName: chrome, chrome: {chromedriverVersion: 2.43.600229 (3fae4d0cda5334..., userDataDir: /var/folders/1t/c55l8xzs6gq...}, cssSelectorsEnabled: true, databaseEnabled: false, goog:chromeOptions: {debuggerAddress: localhost:61458}, handlesAlerts: true, hasTouchScreen: false, javascriptEnabled: true, locationContextEnabled: true, mobileEmulationEnabled: false, nativeEvents: true, networkConnectionEnabled: false, pageLoadStrategy: normal, platform: MAC, platformName: MAC, rotatable: false, setWindowRect: true, takesHeapSnapshot: true, takesScreenshot: true, unexpectedAlertBehaviour: , unhandledPromptBehavior: , version: 75.0.3770.90, webStorageEnabled: true}
Session ID: fcc38ee4bfe41357dcf7a40cb574d592)
[[ATTACHMENT|/Users/sumankompelly/Relative xpath-Mobile/Reports/OCS- 1.10.1/20190617_160855/1560802811816.png]]

2019-06-17 16:20:12 - [MESSAGE][FAILED] - click(findTestObject("OCS-MOBILE /FAQ page/Second accordian- add")) FAILED.
Reason:
com.kms.katalon.core.exception.StepFailedException: Unable to click on object 'Object Repository/OCS-MOBILE /FAQ page/Second accordian- add' (Root cause: org.openqa.selenium.WebDriverException: unknown error: Element <i class="icon icon--plus"></i> is not clickable at point (452, 596). Other element would receive the click: <iframe title="Preview Bar" id="preview-bar-iframe" src="https://ocs.ca/preview_bar" sandbox="allow-same-origin allow-scripts" style="position: fixed; bottom: 0px; left: 0px; z-index: 2147483647; width: 100%; border: none; box-shadow: rgba(0, 0, 0, 0.2) 0px -1px 3px; overflow: hidden; transform: translateY(0px); transition: transform 300ms ease 0s; height: 92px;"></iframe>
  (Session info: chrome=75.0.3770.90)
  (Driver info: chromedriver=2.43.600229 (3fae4d0cda5334b4f533bede5a4787f7b832d052),platform=Mac OS X 10.13.6 x86_64) (WARNING: The server did not provide any stacktrace information)
Command duration or timeout: 0 milliseconds
Build info: version: '3.7.1', revision: '8a0099a', time: '2017-11-06T21:07:36.161Z'
System info: host: 'sumans-MacBook-Pro.local', ip: 'fe80:0:0:0:10f0:11f1:8277:c429%en0', os.name: 'Mac OS X', os.arch: 'x86_64', os.version: '10.13.6', java.version: '1.8.0_181'
Driver info: com.kms.katalon.selenium.driver.CChromeDriver
Capabilities {acceptInsecureCerts: false, acceptSslCerts: false, applicationCacheEnabled: false, browserConnectionEnabled: false, browserName: chrome, chrome: {chromedriverVersion: 2.43.600229 (3fae4d0cda5334..., userDataDir: /var/folders/1t/c55l8xzs6gq...}, cssSelectorsEnabled: true, databaseEnabled: false, goog:chromeOptions: {debuggerAddress: localhost:61458}, handlesAlerts: true, hasTouchScreen: false, javascriptEnabled: true, locationContextEnabled: true, mobileEmulationEnabled: false, nativeEvents: true, networkConnectionEnabled: false, pageLoadStrategy: normal, platform: MAC, platformName: MAC, rotatable: false, setWindowRect: true, takesHeapSnapshot: true, takesScreenshot: true, unexpectedAlertBehaviour: , unhandledPromptBehavior: , version: 75.0.3770.90, webStorageEnabled: true}
Session ID: fcc38ee4bfe41357dcf7a40cb574d592)
	at com.kms.katalon.core.keyword.internal.KeywordMain.stepFailed(KeywordMain.groovy:36)
	at com.kms.katalon.core.webui.keyword.internal.WebUIKeywordMain.stepFailed(WebUIKeywordMain.groovy:65)
	at com.kms.katalon.core.webui.keyword.internal.WebUIKeywordMain.runKeyword(WebUIKeywordMain.groovy:27)
	at com.kms.katalon.core.webui.keyword.builtin.ClickKeyword.click(ClickKeyword.groovy:86)
	at com.kms.katalon.core.webui.keyword.builtin.ClickKeyword.execute(ClickKeyword.groovy:67)
	at com.kms.katalon.core.keyword.internal.KeywordExecutor.executeKeywordForPlatform(KeywordExecutor.groovy:53)
	at com.kms.katalon.core.webui.keyword.WebUiBuiltInKeywords.click(WebUiBuiltInKeywords.groovy:616)
	at com.kms.katalon.core.webui.keyword.WebUiBuiltInKeywords$click$4.call(Unknown Source)
	at HP -Burger menu-FAQ.run(HP -Burger menu-FAQ:72)
	at com.kms.katalon.core.main.ScriptEngine.run(ScriptEngine.java:194)
	at com.kms.katalon.core.main.ScriptEngine.runScriptAsRawText(ScriptEngine.java:119)
	at com.kms.katalon.core.main.TestCaseExecutor.runScript(TestCaseExecutor.java:328)
	at com.kms.katalon.core.main.TestCaseExecutor.doExecute(TestCaseExecutor.java:319)
	at com.kms.katalon.core.main.TestCaseExecutor.processExecutionPhase(TestCaseExecutor.java:298)
	at com.kms.katalon.core.main.TestCaseExecutor.accessMainPhase(TestCaseExecutor.java:290)
	at com.kms.katalon.core.main.TestCaseExecutor.execute(TestCaseExecutor.java:224)
	at com.kms.katalon.core.main.TestSuiteExecutor.accessTestCaseMainPhase(TestSuiteExecutor.java:129)
	at com.kms.katalon.core.main.TestSuiteExecutor.accessTestSuiteMainPhase(TestSuiteExecutor.java:112)
	at com.kms.katalon.core.main.TestSuiteExecutor.execute(TestSuiteExecutor.java:81)
	at com.kms.katalon.core.main.TestCaseMain.startTestSuite(TestCaseMain.java:149)
	at com.kms.katalon.core.main.TestCaseMain$startTestSuite$0.call(Unknown Source)
	at TempTestSuite1560802135767.run(TempTestSuite1560802135767.groovy:36)]]></system-out>
         <system-err><![CDATA[2019-06-17 16:19:34 - [TEST_CASE][FAILED] - Test Cases/OCS - MOBILE/OCS- HOME PAGE/HP -Burger menu-FAQ: Test Cases/OCS - MOBILE/OCS- HOME PAGE/HP -Burger menu-FAQ FAILED.
Reason:
com.kms.katalon.core.exception.StepFailedException: Unable to click on object 'Object Repository/OCS-MOBILE /FAQ page/Second accordian- add' (Root cause: org.openqa.selenium.WebDriverException: unknown error: Element <i class="icon icon--plus"></i> is not clickable at point (452, 596). Other element would receive the click: <iframe title="Preview Bar" id="preview-bar-iframe" src="https://ocs.ca/preview_bar" sandbox="allow-same-origin allow-scripts" style="position: fixed; bottom: 0px; left: 0px; z-index: 2147483647; width: 100%; border: none; box-shadow: rgba(0, 0, 0, 0.2) 0px -1px 3px; overflow: hidden; transform: translateY(0px); transition: transform 300ms ease 0s; height: 92px;"></iframe>
  (Session info: chrome=75.0.3770.90)
  (Driver info: chromedriver=2.43.600229 (3fae4d0cda5334b4f533bede5a4787f7b832d052),platform=Mac OS X 10.13.6 x86_64) (WARNING: The server did not provide any stacktrace information)
Command duration or timeout: 0 milliseconds
Build info: version: '3.7.1', revision: '8a0099a', time: '2017-11-06T21:07:36.161Z'
System info: host: 'sumans-MacBook-Pro.local', ip: 'fe80:0:0:0:10f0:11f1:8277:c429%en0', os.name: 'Mac OS X', os.arch: 'x86_64', os.version: '10.13.6', java.version: '1.8.0_181'
Driver info: com.kms.katalon.selenium.driver.CChromeDriver
Capabilities {acceptInsecureCerts: false, acceptSslCerts: false, applicationCacheEnabled: false, browserConnectionEnabled: false, browserName: chrome, chrome: {chromedriverVersion: 2.43.600229 (3fae4d0cda5334..., userDataDir: /var/folders/1t/c55l8xzs6gq...}, cssSelectorsEnabled: true, databaseEnabled: false, goog:chromeOptions: {debuggerAddress: localhost:61458}, handlesAlerts: true, hasTouchScreen: false, javascriptEnabled: true, locationContextEnabled: true, mobileEmulationEnabled: false, nativeEvents: true, networkConnectionEnabled: false, pageLoadStrategy: normal, platform: MAC, platformName: MAC, rotatable: false, setWindowRect: true, takesHeapSnapshot: true, takesScreenshot: true, unexpectedAlertBehaviour: , unhandledPromptBehavior: , version: 75.0.3770.90, webStorageEnabled: true}
Session ID: fcc38ee4bfe41357dcf7a40cb574d592)
	at com.kms.katalon.core.keyword.internal.KeywordMain.stepFailed(KeywordMain.groovy:36)
	at com.kms.katalon.core.webui.keyword.internal.WebUIKeywordMain.stepFailed(WebUIKeywordMain.groovy:65)
	at com.kms.katalon.core.webui.keyword.internal.WebUIKeywordMain.runKeyword(WebUIKeywordMain.groovy:27)
	at com.kms.katalon.core.webui.keyword.builtin.ClickKeyword.click(ClickKeyword.groovy:86)
	at com.kms.katalon.core.webui.keyword.builtin.ClickKeyword.execute(ClickKeyword.groovy:67)
	at com.kms.katalon.core.keyword.internal.KeywordExecutor.executeKeywordForPlatform(KeywordExecutor.groovy:53)
	at com.kms.katalon.core.webui.keyword.WebUiBuiltInKeywords.click(WebUiBuiltInKeywords.groovy:616)
	at com.kms.katalon.core.webui.keyword.WebUiBuiltInKeywords$click$4.call(Unknown Source)
	at HP -Burger menu-FAQ.run(HP -Burger menu-FAQ:72)
	at com.kms.katalon.core.main.ScriptEngine.run(ScriptEngine.java:194)
	at com.kms.katalon.core.main.ScriptEngine.runScriptAsRawText(ScriptEngine.java:119)
	at com.kms.katalon.core.main.TestCaseExecutor.runScript(TestCaseExecutor.java:328)
	at com.kms.katalon.core.main.TestCaseExecutor.doExecute(TestCaseExecutor.java:319)
	at com.kms.katalon.core.main.TestCaseExecutor.processExecutionPhase(TestCaseExecutor.java:298)
	at com.kms.katalon.core.main.TestCaseExecutor.accessMainPhase(TestCaseExecutor.java:290)
	at com.kms.katalon.core.main.TestCaseExecutor.execute(TestCaseExecutor.java:224)
	at com.kms.katalon.core.main.TestSuiteExecutor.accessTestCaseMainPhase(TestSuiteExecutor.java:129)
	at com.kms.katalon.core.main.TestSuiteExecutor.accessTestSuiteMainPhase(TestSuiteExecutor.java:112)
	at com.kms.katalon.core.main.TestSuiteExecutor.execute(TestSuiteExecutor.java:81)
	at com.kms.katalon.core.main.TestCaseMain.startTestSuite(TestCaseMain.java:149)
	at com.kms.katalon.core.main.TestCaseMain$startTestSuite$0.call(Unknown Source)
	at TempTestSuite1560802135767.run(TempTestSuite1560802135767.groovy:36)]]></system-err>
      </testcase>
      <testcase name="Test Cases/OCS - MOBILE/OCS- HOME PAGE/HP- Burger menu- Learn" classname="Test Cases/OCS - MOBILE/OCS- HOME PAGE/HP- Burger menu- Learn" status="FAILED">
         <failure type="FAILED" message="Test Cases/OCS - MOBILE/OCS- HOME PAGE/HP- Burger menu- Learn FAILED.
Reason:
com.kms.katalon.core.exception.StepFailedException: Unable to click on object 'Object Repository/OCS-MOBILE /LEARN page/How Cannabis Works plus accordian' (Root cause: org.openqa.selenium.WebDriverException: unknown error: Element &lt;span>...&lt;/span> is not clickable at point (80, 120). Other element would receive the click: &lt;span>...&lt;/span>
  (Session info: chrome=75.0.3770.90)
  (Driver info: chromedriver=2.43.600229 (3fae4d0cda5334b4f533bede5a4787f7b832d052),platform=Mac OS X 10.13.6 x86_64) (WARNING: The server did not provide any stacktrace information)
Command duration or timeout: 0 milliseconds
Build info: version: '3.7.1', revision: '8a0099a', time: '2017-11-06T21:07:36.161Z'
System info: host: 'sumans-MacBook-Pro.local', ip: 'fe80:0:0:0:10f0:11f1:8277:c429%en0', os.name: 'Mac OS X', os.arch: 'x86_64', os.version: '10.13.6', java.version: '1.8.0_181'
Driver info: com.kms.katalon.selenium.driver.CChromeDriver
Capabilities {acceptInsecureCerts: false, acceptSslCerts: false, applicationCacheEnabled: false, browserConnectionEnabled: false, browserName: chrome, chrome: {chromedriverVersion: 2.43.600229 (3fae4d0cda5334..., userDataDir: /var/folders/1t/c55l8xzs6gq...}, cssSelectorsEnabled: true, databaseEnabled: false, goog:chromeOptions: {debuggerAddress: localhost:61649}, handlesAlerts: true, hasTouchScreen: false, javascriptEnabled: true, locationContextEnabled: true, mobileEmulationEnabled: false, nativeEvents: true, networkConnectionEnabled: false, pageLoadStrategy: normal, platform: MAC, platformName: MAC, rotatable: false, setWindowRect: true, takesHeapSnapshot: true, takesScreenshot: true, unexpectedAlertBehaviour: , unhandledPromptBehavior: , version: 75.0.3770.90, webStorageEnabled: true}
Session ID: bcdfacdd9ff5bb11a59bc237fb7bfa7f)
	at com.kms.katalon.core.keyword.internal.KeywordMain.stepFailed(KeywordMain.groovy:36)
	at com.kms.katalon.core.webui.keyword.internal.WebUIKeywordMain.stepFailed(WebUIKeywordMain.groovy:65)
	at com.kms.katalon.core.webui.keyword.internal.WebUIKeywordMain.runKeyword(WebUIKeywordMain.groovy:27)
	at com.kms.katalon.core.webui.keyword.builtin.ClickKeyword.click(ClickKeyword.groovy:86)
	at com.kms.katalon.core.webui.keyword.builtin.ClickKeyword.execute(ClickKeyword.groovy:67)
	at com.kms.katalon.core.keyword.internal.KeywordExecutor.executeKeywordForPlatform(KeywordExecutor.groovy:53)
	at com.kms.katalon.core.webui.keyword.WebUiBuiltInKeywords.click(WebUiBuiltInKeywords.groovy:616)
	at com.kms.katalon.core.webui.keyword.WebUiBuiltInKeywords$click$4.call(Unknown Source)
	at HP- Burger menu- Learn.run(HP- Burger menu- Learn:28)
	at com.kms.katalon.core.main.ScriptEngine.run(ScriptEngine.java:194)
	at com.kms.katalon.core.main.ScriptEngine.runScriptAsRawText(ScriptEngine.java:119)
	at com.kms.katalon.core.main.TestCaseExecutor.runScript(TestCaseExecutor.java:328)
	at com.kms.katalon.core.main.TestCaseExecutor.doExecute(TestCaseExecutor.java:319)
	at com.kms.katalon.core.main.TestCaseExecutor.processExecutionPhase(TestCaseExecutor.java:298)
	at com.kms.katalon.core.main.TestCaseExecutor.accessMainPhase(TestCaseExecutor.java:290)
	at com.kms.katalon.core.main.TestCaseExecutor.execute(TestCaseExecutor.java:224)
	at com.kms.katalon.core.main.TestSuiteExecutor.accessTestCaseMainPhase(TestSuiteExecutor.java:129)
	at com.kms.katalon.core.main.TestSuiteExecutor.accessTestSuiteMainPhase(TestSuiteExecutor.java:112)
	at com.kms.katalon.core.main.TestSuiteExecutor.execute(TestSuiteExecutor.java:81)
	at com.kms.katalon.core.main.TestCaseMain.startTestSuite(TestCaseMain.java:149)
	at com.kms.katalon.core.main.TestCaseMain$startTestSuite$0.call(Unknown Source)
	at TempTestSuite1560802135767.run(TempTestSuite1560802135767.groovy:36)
"/>
         <system-out><![CDATA[2019-06-17 16:20:12 - [TEST_CASE][FAILED] - Test Cases/OCS - MOBILE/OCS- HOME PAGE/HP- Burger menu- Learn: Test Cases/OCS - MOBILE/OCS- HOME PAGE/HP- Burger menu- Learn FAILED.
Reason:
com.kms.katalon.core.exception.StepFailedException: Unable to click on object 'Object Repository/OCS-MOBILE /LEARN page/How Cannabis Works plus accordian' (Root cause: org.openqa.selenium.WebDriverException: unknown error: Element <span>...</span> is not clickable at point (80, 120). Other element would receive the click: <span>...</span>
  (Session info: chrome=75.0.3770.90)
  (Driver info: chromedriver=2.43.600229 (3fae4d0cda5334b4f533bede5a4787f7b832d052),platform=Mac OS X 10.13.6 x86_64) (WARNING: The server did not provide any stacktrace information)
Command duration or timeout: 0 milliseconds
Build info: version: '3.7.1', revision: '8a0099a', time: '2017-11-06T21:07:36.161Z'
System info: host: 'sumans-MacBook-Pro.local', ip: 'fe80:0:0:0:10f0:11f1:8277:c429%en0', os.name: 'Mac OS X', os.arch: 'x86_64', os.version: '10.13.6', java.version: '1.8.0_181'
Driver info: com.kms.katalon.selenium.driver.CChromeDriver
Capabilities {acceptInsecureCerts: false, acceptSslCerts: false, applicationCacheEnabled: false, browserConnectionEnabled: false, browserName: chrome, chrome: {chromedriverVersion: 2.43.600229 (3fae4d0cda5334..., userDataDir: /var/folders/1t/c55l8xzs6gq...}, cssSelectorsEnabled: true, databaseEnabled: false, goog:chromeOptions: {debuggerAddress: localhost:61649}, handlesAlerts: true, hasTouchScreen: false, javascriptEnabled: true, locationContextEnabled: true, mobileEmulationEnabled: false, nativeEvents: true, networkConnectionEnabled: false, pageLoadStrategy: normal, platform: MAC, platformName: MAC, rotatable: false, setWindowRect: true, takesHeapSnapshot: true, takesScreenshot: true, unexpectedAlertBehaviour: , unhandledPromptBehavior: , version: 75.0.3770.90, webStorageEnabled: true}
Session ID: bcdfacdd9ff5bb11a59bc237fb7bfa7f)
	at com.kms.katalon.core.keyword.internal.KeywordMain.stepFailed(KeywordMain.groovy:36)
	at com.kms.katalon.core.webui.keyword.internal.WebUIKeywordMain.stepFailed(WebUIKeywordMain.groovy:65)
	at com.kms.katalon.core.webui.keyword.internal.WebUIKeywordMain.runKeyword(WebUIKeywordMain.groovy:27)
	at com.kms.katalon.core.webui.keyword.builtin.ClickKeyword.click(ClickKeyword.groovy:86)
	at com.kms.katalon.core.webui.keyword.builtin.ClickKeyword.execute(ClickKeyword.groovy:67)
	at com.kms.katalon.core.keyword.internal.KeywordExecutor.executeKeywordForPlatform(KeywordExecutor.groovy:53)
	at com.kms.katalon.core.webui.keyword.WebUiBuiltInKeywords.click(WebUiBuiltInKeywords.groovy:616)
	at com.kms.katalon.core.webui.keyword.WebUiBuiltInKeywords$click$4.call(Unknown Source)
	at HP- Burger menu- Learn.run(HP- Burger menu- Learn:28)
	at com.kms.katalon.core.main.ScriptEngine.run(ScriptEngine.java:194)
	at com.kms.katalon.core.main.ScriptEngine.runScriptAsRawText(ScriptEngine.java:119)
	at com.kms.katalon.core.main.TestCaseExecutor.runScript(TestCaseExecutor.java:328)
	at com.kms.katalon.core.main.TestCaseExecutor.doExecute(TestCaseExecutor.java:319)
	at com.kms.katalon.core.main.TestCaseExecutor.processExecutionPhase(TestCaseExecutor.java:298)
	at com.kms.katalon.core.main.TestCaseExecutor.accessMainPhase(TestCaseExecutor.java:290)
	at com.kms.katalon.core.main.TestCaseExecutor.execute(TestCaseExecutor.java:224)
	at com.kms.katalon.core.main.TestSuiteExecutor.accessTestCaseMainPhase(TestSuiteExecutor.java:129)
	at com.kms.katalon.core.main.TestSuiteExecutor.accessTestSuiteMainPhase(TestSuiteExecutor.java:112)
	at com.kms.katalon.core.main.TestSuiteExecutor.execute(TestSuiteExecutor.java:81)
	at com.kms.katalon.core.main.TestCaseMain.startTestSuite(TestCaseMain.java:149)
	at com.kms.katalon.core.main.TestCaseMain$startTestSuite$0.call(Unknown Source)
	at TempTestSuite1560802135767.run(TempTestSuite1560802135767.groovy:36)


2019-06-17 16:20:12 - [TEST_STEP][PASSED] - callTestCase(findTestCase("OCS - MOBILE/CALL - AGE GATE"), [:], STOP_ON_FAILURE): Call Test Case 'Test Cases/OCS - MOBILE/CALL - AGE GATE' successfully

2019-06-17 16:20:12 - [TEST_CASE][PASSED] - Test Cases/OCS - MOBILE/CALL - AGE GATE: Test Cases/OCS - MOBILE/CALL - AGE GATE

2019-06-17 16:20:12 - [TEST_STEP][PASSED] - openBrowser(""): Browser is opened with url: ''

2019-06-17 16:20:12 - [MESSAGE][WARNING] - A browser is already opened. Closing browser and opening a new one

2019-06-17 16:20:12 - [MESSAGE][INFO] - Starting 'Chrome' driver

2019-06-17 16:20:13 - [MESSAGE][PASSED] - Browser is opened with url: ''

2019-06-17 16:20:13 - [TEST_STEP][PASSED] - navigateToUrl("https://ocs.ca/?fts=0&preview_theme_id=72920106828"): Navigate to 'https://ocs.ca/?fts=0&preview_theme_id=72920106828' successfully

2019-06-17 16:20:18 - [MESSAGE][PASSED] - Navigate to 'https://ocs.ca/?fts=0&preview_theme_id=72920106828' successfully

2019-06-17 16:20:18 - [TEST_STEP][PASSED] - executeJavaScript("var previewBar = document.getElementById("preview-bar-iframe"); previewBar.style.display = "none";", []): Execute JavaScript 'var previewBar = document.getElementById("preview-bar-iframe"); previewBar.style.display = "none";' successfully

2019-06-17 16:20:18 - [MESSAGE][PASSED] - Execute JavaScript 'var previewBar = document.getElementById("preview-bar-iframe"); previewBar.style.display = "none";' successfully

2019-06-17 16:20:18 - [TEST_STEP][PASSED] - setViewPortSize(360, 800): Viewport is set to new size with width = 360 and height = 800

2019-06-17 16:20:18 - [MESSAGE][PASSED] - Viewport is set to new size with width = 360 and height = 800

2019-06-17 16:20:18 - [TEST_STEP][PASSED] - delay(4): Delayed 4 second(s)

2019-06-17 16:20:22 - [MESSAGE][PASSED] - Delayed 4 second(s)

2019-06-17 16:20:22 - [TEST_STEP][PASSED] - selectOptionByValue(findTestObject("OCS-MOBILE /Age gate and burger menu/Date"), "12", true): All options with value '12' are selected in object 'Object Repository/OCS-MOBILE /Age gate and burger menu/Date'  using regular expression

2019-06-17 16:20:23 - [MESSAGE][PASSED] - All options with value '12' are selected in object 'Object Repository/OCS-MOBILE /Age gate and burger menu/Date'  using regular expression

2019-06-17 16:20:23 - [TEST_STEP][PASSED] - selectOptionByValue(findTestObject("OCS-MOBILE /Age gate and burger menu/month"), "6", true): All options with value '6' are selected in object 'Object Repository/OCS-MOBILE /Age gate and burger menu/month'  using regular expression

2019-06-17 16:20:23 - [MESSAGE][PASSED] - All options with value '6' are selected in object 'Object Repository/OCS-MOBILE /Age gate and burger menu/month'  using regular expression

2019-06-17 16:20:23 - [TEST_STEP][PASSED] - delay(2): Delayed 2 second(s)

2019-06-17 16:20:25 - [MESSAGE][PASSED] - Delayed 2 second(s)

2019-06-17 16:20:25 - [TEST_STEP][PASSED] - selectOptionByValue(findTestObject("OCS-MOBILE /Age gate and burger menu/Year Dropdown"), "1990", true): All options with value '1990' are selected in object 'Object Repository/OCS-MOBILE /Age gate and burger menu/Year Dropdown'  using regular expression

2019-06-17 16:20:26 - [MESSAGE][PASSED] - All options with value '1990' are selected in object 'Object Repository/OCS-MOBILE /Age gate and burger menu/Year Dropdown'  using regular expression

2019-06-17 16:20:26 - [TEST_STEP][PASSED] - click(findTestObject("OCS-MOBILE /Age gate and Mega menu/button_Verify")): Object: 'Object Repository/OCS-MOBILE /Age gate and Mega menu/button_Verify' is clicked on

2019-06-17 16:20:26 - [MESSAGE][PASSED] - Object: 'Object Repository/OCS-MOBILE /Age gate and Mega menu/button_Verify' is clicked on

2019-06-17 16:20:26 - [TEST_STEP][PASSED] - click(findTestObject("OCS-MOBILE /Age gate and Mega menu/Checkbox_CONFIRM AND ACKNOWLEDGE")): Object: 'Object Repository/OCS-MOBILE /Age gate and Mega menu/Checkbox_CONFIRM AND ACKNOWLEDGE' is clicked on

2019-06-17 16:20:26 - [MESSAGE][PASSED] - Object: 'Object Repository/OCS-MOBILE /Age gate and Mega menu/Checkbox_CONFIRM AND ACKNOWLEDGE' is clicked on

2019-06-17 16:20:26 - [TEST_STEP][PASSED] - click(findTestObject("OCS-MOBILE /Age gate and Mega menu/button_CONFIRM")): Object: 'Object Repository/OCS-MOBILE /Age gate and Mega menu/button_CONFIRM' is clicked on

2019-06-17 16:20:26 - [MESSAGE][PASSED] - Object: 'Object Repository/OCS-MOBILE /Age gate and Mega menu/button_CONFIRM' is clicked on

2019-06-17 16:20:26 - [TEST_STEP][PASSED] - click(findTestObject("OCS-MOBILE /Age gate and Mega menu/button_Start Browsing")): Object: 'Object Repository/OCS-MOBILE /Age gate and Mega menu/button_Start Browsing' is clicked on

2019-06-17 16:20:26 - [MESSAGE][PASSED] - Object: 'Object Repository/OCS-MOBILE /Age gate and Mega menu/button_Start Browsing' is clicked on

2019-06-17 16:20:26 - [TEST_STEP][PASSED] - refresh(): Refresh successfully

2019-06-17 16:20:26 - [MESSAGE][PASSED] - Refresh successfully

2019-06-17 16:20:26 - [MESSAGE][PASSED] - Call Test Case 'Test Cases/OCS - MOBILE/CALL - AGE GATE' successfully

2019-06-17 16:20:26 - [TEST_STEP][PASSED] - delay(2): Delayed 2 second(s)

2019-06-17 16:20:28 - [MESSAGE][PASSED] - Delayed 2 second(s)

2019-06-17 16:20:28 - [TEST_STEP][PASSED] - click(findTestObject("OCS-MOBILE /Age gate and burger menu/Burger menu - English"), CONTINUE_ON_FAILURE): Object: 'Object Repository/OCS-MOBILE /Age gate and burger menu/Burger menu - English' is clicked on

2019-06-17 16:20:29 - [MESSAGE][PASSED] - Object: 'Object Repository/OCS-MOBILE /Age gate and burger menu/Burger menu - English' is clicked on

2019-06-17 16:20:29 - [TEST_STEP][PASSED] - delay(2, CONTINUE_ON_FAILURE): Delayed 2 second(s)

2019-06-17 16:20:31 - [MESSAGE][PASSED] - Delayed 2 second(s)

2019-06-17 16:20:31 - [TEST_STEP][PASSED] - click(findTestObject("OCS-MOBILE /LEARN page/Learn chevron")): Object: 'Object Repository/OCS-MOBILE /LEARN page/Learn chevron' is clicked on

2019-06-17 16:20:31 - [MESSAGE][PASSED] - Object: 'Object Repository/OCS-MOBILE /LEARN page/Learn chevron' is clicked on

2019-06-17 16:20:31 - [TEST_STEP][PASSED] - delay(2): Delayed 2 second(s)

2019-06-17 16:20:33 - [MESSAGE][PASSED] - Delayed 2 second(s)

2019-06-17 16:20:33 - [TEST_STEP][FAILED] - click(findTestObject("OCS-MOBILE /LEARN page/How Cannabis Works plus accordian")): click(findTestObject("OCS-MOBILE /LEARN page/How Cannabis Works plus accordian")) FAILED.
Reason:
com.kms.katalon.core.exception.StepFailedException: Unable to click on object 'Object Repository/OCS-MOBILE /LEARN page/How Cannabis Works plus accordian' (Root cause: org.openqa.selenium.WebDriverException: unknown error: Element <span>...</span> is not clickable at point (80, 120). Other element would receive the click: <span>...</span>
  (Session info: chrome=75.0.3770.90)
  (Driver info: chromedriver=2.43.600229 (3fae4d0cda5334b4f533bede5a4787f7b832d052),platform=Mac OS X 10.13.6 x86_64) (WARNING: The server did not provide any stacktrace information)
Command duration or timeout: 0 milliseconds
Build info: version: '3.7.1', revision: '8a0099a', time: '2017-11-06T21:07:36.161Z'
System info: host: 'sumans-MacBook-Pro.local', ip: 'fe80:0:0:0:10f0:11f1:8277:c429%en0', os.name: 'Mac OS X', os.arch: 'x86_64', os.version: '10.13.6', java.version: '1.8.0_181'
Driver info: com.kms.katalon.selenium.driver.CChromeDriver
Capabilities {acceptInsecureCerts: false, acceptSslCerts: false, applicationCacheEnabled: false, browserConnectionEnabled: false, browserName: chrome, chrome: {chromedriverVersion: 2.43.600229 (3fae4d0cda5334..., userDataDir: /var/folders/1t/c55l8xzs6gq...}, cssSelectorsEnabled: true, databaseEnabled: false, goog:chromeOptions: {debuggerAddress: localhost:61649}, handlesAlerts: true, hasTouchScreen: false, javascriptEnabled: true, locationContextEnabled: true, mobileEmulationEnabled: false, nativeEvents: true, networkConnectionEnabled: false, pageLoadStrategy: normal, platform: MAC, platformName: MAC, rotatable: false, setWindowRect: true, takesHeapSnapshot: true, takesScreenshot: true, unexpectedAlertBehaviour: , unhandledPromptBehavior: , version: 75.0.3770.90, webStorageEnabled: true}
Session ID: bcdfacdd9ff5bb11a59bc237fb7bfa7f)
	at com.kms.katalon.core.keyword.internal.KeywordMain.stepFailed(KeywordMain.groovy:36)
	at com.kms.katalon.core.webui.keyword.internal.WebUIKeywordMain.stepFailed(WebUIKeywordMain.groovy:65)
	at com.kms.katalon.core.webui.keyword.internal.WebUIKeywordMain.runKeyword(WebUIKeywordMain.groovy:27)
	at com.kms.katalon.core.webui.keyword.builtin.ClickKeyword.click(ClickKeyword.groovy:86)
	at com.kms.katalon.core.webui.keyword.builtin.ClickKeyword.execute(ClickKeyword.groovy:67)
	at com.kms.katalon.core.keyword.internal.KeywordExecutor.executeKeywordForPlatform(KeywordExecutor.groovy:53)
	at com.kms.katalon.core.webui.keyword.WebUiBuiltInKeywords.click(WebUiBuiltInKeywords.groovy:616)
	at com.kms.katalon.core.webui.keyword.WebUiBuiltInKeywords$click$4.call(Unknown Source)
	at HP- Burger menu- Learn.run(HP- Burger menu- Learn:28)
	at com.kms.katalon.core.main.ScriptEngine.run(ScriptEngine.java:194)
	at com.kms.katalon.core.main.ScriptEngine.runScriptAsRawText(ScriptEngine.java:119)
	at com.kms.katalon.core.main.TestCaseExecutor.runScript(TestCaseExecutor.java:328)
	at com.kms.katalon.core.main.TestCaseExecutor.doExecute(TestCaseExecutor.java:319)
	at com.kms.katalon.core.main.TestCaseExecutor.processExecutionPhase(TestCaseExecutor.java:298)
	at com.kms.katalon.core.main.TestCaseExecutor.accessMainPhase(TestCaseExecutor.java:290)
	at com.kms.katalon.core.main.TestCaseExecutor.execute(TestCaseExecutor.java:224)
	at com.kms.katalon.core.main.TestSuiteExecutor.accessTestCaseMainPhase(TestSuiteExecutor.java:129)
	at com.kms.katalon.core.main.TestSuiteExecutor.accessTestSuiteMainPhase(TestSuiteExecutor.java:112)
	at com.kms.katalon.core.main.TestSuiteExecutor.execute(TestSuiteExecutor.java:81)
	at com.kms.katalon.core.main.TestCaseMain.startTestSuite(TestCaseMain.java:149)
	at com.kms.katalon.core.main.TestCaseMain$startTestSuite$0.call(Unknown Source)
	at TempTestSuite1560802135767.run(TempTestSuite1560802135767.groovy:36)


2019-06-17 16:20:34 - [MESSAGE][FAILED] - Unable to click on object 'Object Repository/OCS-MOBILE /LEARN page/How Cannabis Works plus accordian' (Root cause: org.openqa.selenium.WebDriverException: unknown error: Element <span>...</span> is not clickable at point (80, 120). Other element would receive the click: <span>...</span>
  (Session info: chrome=75.0.3770.90)
  (Driver info: chromedriver=2.43.600229 (3fae4d0cda5334b4f533bede5a4787f7b832d052),platform=Mac OS X 10.13.6 x86_64) (WARNING: The server did not provide any stacktrace information)
Command duration or timeout: 0 milliseconds
Build info: version: '3.7.1', revision: '8a0099a', time: '2017-11-06T21:07:36.161Z'
System info: host: 'sumans-MacBook-Pro.local', ip: 'fe80:0:0:0:10f0:11f1:8277:c429%en0', os.name: 'Mac OS X', os.arch: 'x86_64', os.version: '10.13.6', java.version: '1.8.0_181'
Driver info: com.kms.katalon.selenium.driver.CChromeDriver
Capabilities {acceptInsecureCerts: false, acceptSslCerts: false, applicationCacheEnabled: false, browserConnectionEnabled: false, browserName: chrome, chrome: {chromedriverVersion: 2.43.600229 (3fae4d0cda5334..., userDataDir: /var/folders/1t/c55l8xzs6gq...}, cssSelectorsEnabled: true, databaseEnabled: false, goog:chromeOptions: {debuggerAddress: localhost:61649}, handlesAlerts: true, hasTouchScreen: false, javascriptEnabled: true, locationContextEnabled: true, mobileEmulationEnabled: false, nativeEvents: true, networkConnectionEnabled: false, pageLoadStrategy: normal, platform: MAC, platformName: MAC, rotatable: false, setWindowRect: true, takesHeapSnapshot: true, takesScreenshot: true, unexpectedAlertBehaviour: , unhandledPromptBehavior: , version: 75.0.3770.90, webStorageEnabled: true}
Session ID: bcdfacdd9ff5bb11a59bc237fb7bfa7f)
[[ATTACHMENT|/Users/sumankompelly/Relative xpath-Mobile/Reports/OCS- 1.10.1/20190617_160855/1560802833963.png]]

2019-06-17 16:20:34 - [MESSAGE][FAILED] - click(findTestObject("OCS-MOBILE /LEARN page/How Cannabis Works plus accordian")) FAILED.
Reason:
com.kms.katalon.core.exception.StepFailedException: Unable to click on object 'Object Repository/OCS-MOBILE /LEARN page/How Cannabis Works plus accordian' (Root cause: org.openqa.selenium.WebDriverException: unknown error: Element <span>...</span> is not clickable at point (80, 120). Other element would receive the click: <span>...</span>
  (Session info: chrome=75.0.3770.90)
  (Driver info: chromedriver=2.43.600229 (3fae4d0cda5334b4f533bede5a4787f7b832d052),platform=Mac OS X 10.13.6 x86_64) (WARNING: The server did not provide any stacktrace information)
Command duration or timeout: 0 milliseconds
Build info: version: '3.7.1', revision: '8a0099a', time: '2017-11-06T21:07:36.161Z'
System info: host: 'sumans-MacBook-Pro.local', ip: 'fe80:0:0:0:10f0:11f1:8277:c429%en0', os.name: 'Mac OS X', os.arch: 'x86_64', os.version: '10.13.6', java.version: '1.8.0_181'
Driver info: com.kms.katalon.selenium.driver.CChromeDriver
Capabilities {acceptInsecureCerts: false, acceptSslCerts: false, applicationCacheEnabled: false, browserConnectionEnabled: false, browserName: chrome, chrome: {chromedriverVersion: 2.43.600229 (3fae4d0cda5334..., userDataDir: /var/folders/1t/c55l8xzs6gq...}, cssSelectorsEnabled: true, databaseEnabled: false, goog:chromeOptions: {debuggerAddress: localhost:61649}, handlesAlerts: true, hasTouchScreen: false, javascriptEnabled: true, locationContextEnabled: true, mobileEmulationEnabled: false, nativeEvents: true, networkConnectionEnabled: false, pageLoadStrategy: normal, platform: MAC, platformName: MAC, rotatable: false, setWindowRect: true, takesHeapSnapshot: true, takesScreenshot: true, unexpectedAlertBehaviour: , unhandledPromptBehavior: , version: 75.0.3770.90, webStorageEnabled: true}
Session ID: bcdfacdd9ff5bb11a59bc237fb7bfa7f)
	at com.kms.katalon.core.keyword.internal.KeywordMain.stepFailed(KeywordMain.groovy:36)
	at com.kms.katalon.core.webui.keyword.internal.WebUIKeywordMain.stepFailed(WebUIKeywordMain.groovy:65)
	at com.kms.katalon.core.webui.keyword.internal.WebUIKeywordMain.runKeyword(WebUIKeywordMain.groovy:27)
	at com.kms.katalon.core.webui.keyword.builtin.ClickKeyword.click(ClickKeyword.groovy:86)
	at com.kms.katalon.core.webui.keyword.builtin.ClickKeyword.execute(ClickKeyword.groovy:67)
	at com.kms.katalon.core.keyword.internal.KeywordExecutor.executeKeywordForPlatform(KeywordExecutor.groovy:53)
	at com.kms.katalon.core.webui.keyword.WebUiBuiltInKeywords.click(WebUiBuiltInKeywords.groovy:616)
	at com.kms.katalon.core.webui.keyword.WebUiBuiltInKeywords$click$4.call(Unknown Source)
	at HP- Burger menu- Learn.run(HP- Burger menu- Learn:28)
	at com.kms.katalon.core.main.ScriptEngine.run(ScriptEngine.java:194)
	at com.kms.katalon.core.main.ScriptEngine.runScriptAsRawText(ScriptEngine.java:119)
	at com.kms.katalon.core.main.TestCaseExecutor.runScript(TestCaseExecutor.java:328)
	at com.kms.katalon.core.main.TestCaseExecutor.doExecute(TestCaseExecutor.java:319)
	at com.kms.katalon.core.main.TestCaseExecutor.processExecutionPhase(TestCaseExecutor.java:298)
	at com.kms.katalon.core.main.TestCaseExecutor.accessMainPhase(TestCaseExecutor.java:290)
	at com.kms.katalon.core.main.TestCaseExecutor.execute(TestCaseExecutor.java:224)
	at com.kms.katalon.core.main.TestSuiteExecutor.accessTestCaseMainPhase(TestSuiteExecutor.java:129)
	at com.kms.katalon.core.main.TestSuiteExecutor.accessTestSuiteMainPhase(TestSuiteExecutor.java:112)
	at com.kms.katalon.core.main.TestSuiteExecutor.execute(TestSuiteExecutor.java:81)
	at com.kms.katalon.core.main.TestCaseMain.startTestSuite(TestCaseMain.java:149)
	at com.kms.katalon.core.main.TestCaseMain$startTestSuite$0.call(Unknown Source)
	at TempTestSuite1560802135767.run(TempTestSuite1560802135767.groovy:36)]]></system-out>
         <system-err><![CDATA[2019-06-17 16:20:12 - [TEST_CASE][FAILED] - Test Cases/OCS - MOBILE/OCS- HOME PAGE/HP- Burger menu- Learn: Test Cases/OCS - MOBILE/OCS- HOME PAGE/HP- Burger menu- Learn FAILED.
Reason:
com.kms.katalon.core.exception.StepFailedException: Unable to click on object 'Object Repository/OCS-MOBILE /LEARN page/How Cannabis Works plus accordian' (Root cause: org.openqa.selenium.WebDriverException: unknown error: Element <span>...</span> is not clickable at point (80, 120). Other element would receive the click: <span>...</span>
  (Session info: chrome=75.0.3770.90)
  (Driver info: chromedriver=2.43.600229 (3fae4d0cda5334b4f533bede5a4787f7b832d052),platform=Mac OS X 10.13.6 x86_64) (WARNING: The server did not provide any stacktrace information)
Command duration or timeout: 0 milliseconds
Build info: version: '3.7.1', revision: '8a0099a', time: '2017-11-06T21:07:36.161Z'
System info: host: 'sumans-MacBook-Pro.local', ip: 'fe80:0:0:0:10f0:11f1:8277:c429%en0', os.name: 'Mac OS X', os.arch: 'x86_64', os.version: '10.13.6', java.version: '1.8.0_181'
Driver info: com.kms.katalon.selenium.driver.CChromeDriver
Capabilities {acceptInsecureCerts: false, acceptSslCerts: false, applicationCacheEnabled: false, browserConnectionEnabled: false, browserName: chrome, chrome: {chromedriverVersion: 2.43.600229 (3fae4d0cda5334..., userDataDir: /var/folders/1t/c55l8xzs6gq...}, cssSelectorsEnabled: true, databaseEnabled: false, goog:chromeOptions: {debuggerAddress: localhost:61649}, handlesAlerts: true, hasTouchScreen: false, javascriptEnabled: true, locationContextEnabled: true, mobileEmulationEnabled: false, nativeEvents: true, networkConnectionEnabled: false, pageLoadStrategy: normal, platform: MAC, platformName: MAC, rotatable: false, setWindowRect: true, takesHeapSnapshot: true, takesScreenshot: true, unexpectedAlertBehaviour: , unhandledPromptBehavior: , version: 75.0.3770.90, webStorageEnabled: true}
Session ID: bcdfacdd9ff5bb11a59bc237fb7bfa7f)
	at com.kms.katalon.core.keyword.internal.KeywordMain.stepFailed(KeywordMain.groovy:36)
	at com.kms.katalon.core.webui.keyword.internal.WebUIKeywordMain.stepFailed(WebUIKeywordMain.groovy:65)
	at com.kms.katalon.core.webui.keyword.internal.WebUIKeywordMain.runKeyword(WebUIKeywordMain.groovy:27)
	at com.kms.katalon.core.webui.keyword.builtin.ClickKeyword.click(ClickKeyword.groovy:86)
	at com.kms.katalon.core.webui.keyword.builtin.ClickKeyword.execute(ClickKeyword.groovy:67)
	at com.kms.katalon.core.keyword.internal.KeywordExecutor.executeKeywordForPlatform(KeywordExecutor.groovy:53)
	at com.kms.katalon.core.webui.keyword.WebUiBuiltInKeywords.click(WebUiBuiltInKeywords.groovy:616)
	at com.kms.katalon.core.webui.keyword.WebUiBuiltInKeywords$click$4.call(Unknown Source)
	at HP- Burger menu- Learn.run(HP- Burger menu- Learn:28)
	at com.kms.katalon.core.main.ScriptEngine.run(ScriptEngine.java:194)
	at com.kms.katalon.core.main.ScriptEngine.runScriptAsRawText(ScriptEngine.java:119)
	at com.kms.katalon.core.main.TestCaseExecutor.runScript(TestCaseExecutor.java:328)
	at com.kms.katalon.core.main.TestCaseExecutor.doExecute(TestCaseExecutor.java:319)
	at com.kms.katalon.core.main.TestCaseExecutor.processExecutionPhase(TestCaseExecutor.java:298)
	at com.kms.katalon.core.main.TestCaseExecutor.accessMainPhase(TestCaseExecutor.java:290)
	at com.kms.katalon.core.main.TestCaseExecutor.execute(TestCaseExecutor.java:224)
	at com.kms.katalon.core.main.TestSuiteExecutor.accessTestCaseMainPhase(TestSuiteExecutor.java:129)
	at com.kms.katalon.core.main.TestSuiteExecutor.accessTestSuiteMainPhase(TestSuiteExecutor.java:112)
	at com.kms.katalon.core.main.TestSuiteExecutor.execute(TestSuiteExecutor.java:81)
	at com.kms.katalon.core.main.TestCaseMain.startTestSuite(TestCaseMain.java:149)
	at com.kms.katalon.core.main.TestCaseMain$startTestSuite$0.call(Unknown Source)
	at TempTestSuite1560802135767.run(TempTestSuite1560802135767.groovy:36)]]></system-err>
      </testcase>
      <testcase name="Test Cases/OCS - MOBILE/OCS- PRODUCT PAGE/Add to bag CTA" classname="Test Cases/OCS - MOBILE/OCS- PRODUCT PAGE/Add to bag CTA" status="FAILED">
         <failure type="FAILED" message="Test Cases/OCS - MOBILE/OCS- PRODUCT PAGE/Add to bag CTA FAILED.
Reason:
com.kms.katalon.core.exception.StepFailedException: Unable to click on object 'Object Repository/OCS-MOBILE /Age gate and burger menu/Dried Flower_Plus icon' (Root cause: org.openqa.selenium.WebDriverException: unknown error: Element &lt;i class=&quot;icon icon--plus menu__tier-three__link--icon&quot;>&lt;/i> is not clickable at point (462, 120). Other element would receive the click: &lt;ul class=&quot;menu__learn-more--mobile only-mobile-tablet&quot;>...&lt;/ul>
  (Session info: chrome=75.0.3770.90)
  (Driver info: chromedriver=2.43.600229 (3fae4d0cda5334b4f533bede5a4787f7b832d052),platform=Mac OS X 10.13.6 x86_64) (WARNING: The server did not provide any stacktrace information)
Command duration or timeout: 0 milliseconds
Build info: version: '3.7.1', revision: '8a0099a', time: '2017-11-06T21:07:36.161Z'
System info: host: 'sumans-MacBook-Pro.local', ip: 'fe80:0:0:0:10f0:11f1:8277:c429%en0', os.name: 'Mac OS X', os.arch: 'x86_64', os.version: '10.13.6', java.version: '1.8.0_181'
Driver info: com.kms.katalon.selenium.driver.CChromeDriver
Capabilities {acceptInsecureCerts: false, acceptSslCerts: false, applicationCacheEnabled: false, browserConnectionEnabled: false, browserName: chrome, chrome: {chromedriverVersion: 2.43.600229 (3fae4d0cda5334..., userDataDir: /var/folders/1t/c55l8xzs6gq...}, cssSelectorsEnabled: true, databaseEnabled: false, goog:chromeOptions: {debuggerAddress: localhost:61779}, handlesAlerts: true, hasTouchScreen: false, javascriptEnabled: true, locationContextEnabled: true, mobileEmulationEnabled: false, nativeEvents: true, networkConnectionEnabled: false, pageLoadStrategy: normal, platform: MAC, platformName: MAC, rotatable: false, setWindowRect: true, takesHeapSnapshot: true, takesScreenshot: true, unexpectedAlertBehaviour: , unhandledPromptBehavior: , version: 75.0.3770.90, webStorageEnabled: true}
Session ID: 810de15881d8d7ac1a3a666777306509)
	at com.kms.katalon.core.keyword.internal.KeywordMain.stepFailed(KeywordMain.groovy:36)
	at com.kms.katalon.core.webui.keyword.internal.WebUIKeywordMain.stepFailed(WebUIKeywordMain.groovy:65)
	at com.kms.katalon.core.webui.keyword.internal.WebUIKeywordMain.runKeyword(WebUIKeywordMain.groovy:27)
	at com.kms.katalon.core.webui.keyword.builtin.ClickKeyword.click(ClickKeyword.groovy:86)
	at com.kms.katalon.core.webui.keyword.builtin.ClickKeyword.execute(ClickKeyword.groovy:67)
	at com.kms.katalon.core.keyword.internal.KeywordExecutor.executeKeywordForPlatform(KeywordExecutor.groovy:53)
	at com.kms.katalon.core.webui.keyword.WebUiBuiltInKeywords.click(WebUiBuiltInKeywords.groovy:616)
	at com.kms.katalon.core.webui.keyword.WebUiBuiltInKeywords$click$4.call(Unknown Source)
	at CALL - PDP.run(CALL - PDP:55)
	at com.kms.katalon.core.main.ScriptEngine.run(ScriptEngine.java:194)
	at com.kms.katalon.core.main.ScriptEngine.runScriptAsRawText(ScriptEngine.java:119)
	at com.kms.katalon.core.main.TestCaseExecutor.runScript(TestCaseExecutor.java:328)
	at com.kms.katalon.core.main.TestCaseExecutor.doExecute(TestCaseExecutor.java:319)
	at com.kms.katalon.core.main.TestCaseExecutor.processExecutionPhase(TestCaseExecutor.java:298)
	at com.kms.katalon.core.main.TestCaseExecutor.accessMainPhase(TestCaseExecutor.java:290)
	at com.kms.katalon.core.main.TestCaseExecutor.execute(TestCaseExecutor.java:224)
	at com.kms.katalon.core.main.TestCaseMain.runTestCase(TestCaseMain.java:106)
	at com.kms.katalon.core.keyword.builtin.CallTestCaseKeyword$_callTestCase_closure1.doCall(CallTestCaseKeyword.groovy:59)
	at com.kms.katalon.core.keyword.builtin.CallTestCaseKeyword$_callTestCase_closure1.call(CallTestCaseKeyword.groovy)
	at com.kms.katalon.core.keyword.internal.KeywordMain.runKeyword(KeywordMain.groovy:54)
	at com.kms.katalon.core.keyword.builtin.CallTestCaseKeyword.callTestCase(CallTestCaseKeyword.groovy:80)
	at com.kms.katalon.core.keyword.builtin.CallTestCaseKeyword.execute(CallTestCaseKeyword.groovy:44)
	at com.kms.katalon.core.keyword.internal.KeywordExecutor.executeKeywordForPlatform(KeywordExecutor.groovy:53)
	at com.kms.katalon.core.keyword.BuiltinKeywords.callTestCase(BuiltinKeywords.groovy:334)
	at Add to bag CTA.run(Add to bag CTA:16)
	at com.kms.katalon.core.main.ScriptEngine.run(ScriptEngine.java:194)
	at com.kms.katalon.core.main.ScriptEngine.runScriptAsRawText(ScriptEngine.java:119)
	at com.kms.katalon.core.main.TestCaseExecutor.runScript(TestCaseExecutor.java:328)
	at com.kms.katalon.core.main.TestCaseExecutor.doExecute(TestCaseExecutor.java:319)
	at com.kms.katalon.core.main.TestCaseExecutor.processExecutionPhase(TestCaseExecutor.java:298)
	at com.kms.katalon.core.main.TestCaseExecutor.accessMainPhase(TestCaseExecutor.java:290)
	at com.kms.katalon.core.main.TestCaseExecutor.execute(TestCaseExecutor.java:224)
	at com.kms.katalon.core.main.TestSuiteExecutor.accessTestCaseMainPhase(TestSuiteExecutor.java:129)
	at com.kms.katalon.core.main.TestSuiteExecutor.accessTestSuiteMainPhase(TestSuiteExecutor.java:112)
	at com.kms.katalon.core.main.TestSuiteExecutor.execute(TestSuiteExecutor.java:81)
	at com.kms.katalon.core.main.TestCaseMain.startTestSuite(TestCaseMain.java:149)
	at com.kms.katalon.core.main.TestCaseMain$startTestSuite$0.call(Unknown Source)
	at TempTestSuite1560802135767.run(TempTestSuite1560802135767.groovy:36)
"/>
         <system-out><![CDATA[2019-06-17 16:20:34 - [TEST_CASE][FAILED] - Test Cases/OCS - MOBILE/OCS- PRODUCT PAGE/Add to bag CTA: Test Cases/OCS - MOBILE/OCS- PRODUCT PAGE/Add to bag CTA FAILED.
Reason:
com.kms.katalon.core.exception.StepFailedException: Unable to click on object 'Object Repository/OCS-MOBILE /Age gate and burger menu/Dried Flower_Plus icon' (Root cause: org.openqa.selenium.WebDriverException: unknown error: Element <i class="icon icon--plus menu__tier-three__link--icon"></i> is not clickable at point (462, 120). Other element would receive the click: <ul class="menu__learn-more--mobile only-mobile-tablet">...</ul>
  (Session info: chrome=75.0.3770.90)
  (Driver info: chromedriver=2.43.600229 (3fae4d0cda5334b4f533bede5a4787f7b832d052),platform=Mac OS X 10.13.6 x86_64) (WARNING: The server did not provide any stacktrace information)
Command duration or timeout: 0 milliseconds
Build info: version: '3.7.1', revision: '8a0099a', time: '2017-11-06T21:07:36.161Z'
System info: host: 'sumans-MacBook-Pro.local', ip: 'fe80:0:0:0:10f0:11f1:8277:c429%en0', os.name: 'Mac OS X', os.arch: 'x86_64', os.version: '10.13.6', java.version: '1.8.0_181'
Driver info: com.kms.katalon.selenium.driver.CChromeDriver
Capabilities {acceptInsecureCerts: false, acceptSslCerts: false, applicationCacheEnabled: false, browserConnectionEnabled: false, browserName: chrome, chrome: {chromedriverVersion: 2.43.600229 (3fae4d0cda5334..., userDataDir: /var/folders/1t/c55l8xzs6gq...}, cssSelectorsEnabled: true, databaseEnabled: false, goog:chromeOptions: {debuggerAddress: localhost:61779}, handlesAlerts: true, hasTouchScreen: false, javascriptEnabled: true, locationContextEnabled: true, mobileEmulationEnabled: false, nativeEvents: true, networkConnectionEnabled: false, pageLoadStrategy: normal, platform: MAC, platformName: MAC, rotatable: false, setWindowRect: true, takesHeapSnapshot: true, takesScreenshot: true, unexpectedAlertBehaviour: , unhandledPromptBehavior: , version: 75.0.3770.90, webStorageEnabled: true}
Session ID: 810de15881d8d7ac1a3a666777306509)
	at com.kms.katalon.core.keyword.internal.KeywordMain.stepFailed(KeywordMain.groovy:36)
	at com.kms.katalon.core.webui.keyword.internal.WebUIKeywordMain.stepFailed(WebUIKeywordMain.groovy:65)
	at com.kms.katalon.core.webui.keyword.internal.WebUIKeywordMain.runKeyword(WebUIKeywordMain.groovy:27)
	at com.kms.katalon.core.webui.keyword.builtin.ClickKeyword.click(ClickKeyword.groovy:86)
	at com.kms.katalon.core.webui.keyword.builtin.ClickKeyword.execute(ClickKeyword.groovy:67)
	at com.kms.katalon.core.keyword.internal.KeywordExecutor.executeKeywordForPlatform(KeywordExecutor.groovy:53)
	at com.kms.katalon.core.webui.keyword.WebUiBuiltInKeywords.click(WebUiBuiltInKeywords.groovy:616)
	at com.kms.katalon.core.webui.keyword.WebUiBuiltInKeywords$click$4.call(Unknown Source)
	at CALL - PDP.run(CALL - PDP:55)
	at com.kms.katalon.core.main.ScriptEngine.run(ScriptEngine.java:194)
	at com.kms.katalon.core.main.ScriptEngine.runScriptAsRawText(ScriptEngine.java:119)
	at com.kms.katalon.core.main.TestCaseExecutor.runScript(TestCaseExecutor.java:328)
	at com.kms.katalon.core.main.TestCaseExecutor.doExecute(TestCaseExecutor.java:319)
	at com.kms.katalon.core.main.TestCaseExecutor.processExecutionPhase(TestCaseExecutor.java:298)
	at com.kms.katalon.core.main.TestCaseExecutor.accessMainPhase(TestCaseExecutor.java:290)
	at com.kms.katalon.core.main.TestCaseExecutor.execute(TestCaseExecutor.java:224)
	at com.kms.katalon.core.main.TestCaseMain.runTestCase(TestCaseMain.java:106)
	at com.kms.katalon.core.keyword.builtin.CallTestCaseKeyword$_callTestCase_closure1.doCall(CallTestCaseKeyword.groovy:59)
	at com.kms.katalon.core.keyword.builtin.CallTestCaseKeyword$_callTestCase_closure1.call(CallTestCaseKeyword.groovy)
	at com.kms.katalon.core.keyword.internal.KeywordMain.runKeyword(KeywordMain.groovy:54)
	at com.kms.katalon.core.keyword.builtin.CallTestCaseKeyword.callTestCase(CallTestCaseKeyword.groovy:80)
	at com.kms.katalon.core.keyword.builtin.CallTestCaseKeyword.execute(CallTestCaseKeyword.groovy:44)
	at com.kms.katalon.core.keyword.internal.KeywordExecutor.executeKeywordForPlatform(KeywordExecutor.groovy:53)
	at com.kms.katalon.core.keyword.BuiltinKeywords.callTestCase(BuiltinKeywords.groovy:334)
	at Add to bag CTA.run(Add to bag CTA:16)
	at com.kms.katalon.core.main.ScriptEngine.run(ScriptEngine.java:194)
	at com.kms.katalon.core.main.ScriptEngine.runScriptAsRawText(ScriptEngine.java:119)
	at com.kms.katalon.core.main.TestCaseExecutor.runScript(TestCaseExecutor.java:328)
	at com.kms.katalon.core.main.TestCaseExecutor.doExecute(TestCaseExecutor.java:319)
	at com.kms.katalon.core.main.TestCaseExecutor.processExecutionPhase(TestCaseExecutor.java:298)
	at com.kms.katalon.core.main.TestCaseExecutor.accessMainPhase(TestCaseExecutor.java:290)
	at com.kms.katalon.core.main.TestCaseExecutor.execute(TestCaseExecutor.java:224)
	at com.kms.katalon.core.main.TestSuiteExecutor.accessTestCaseMainPhase(TestSuiteExecutor.java:129)
	at com.kms.katalon.core.main.TestSuiteExecutor.accessTestSuiteMainPhase(TestSuiteExecutor.java:112)
	at com.kms.katalon.core.main.TestSuiteExecutor.execute(TestSuiteExecutor.java:81)
	at com.kms.katalon.core.main.TestCaseMain.startTestSuite(TestCaseMain.java:149)
	at com.kms.katalon.core.main.TestCaseMain$startTestSuite$0.call(Unknown Source)
	at TempTestSuite1560802135767.run(TempTestSuite1560802135767.groovy:36)


2019-06-17 16:20:34 - [TEST_STEP][FAILED] - callTestCase(findTestCase("OCS - MOBILE/CALL - PDP"), [:], STOP_ON_FAILURE): callTestCase(findTestCase("OCS - MOBILE/CALL - PDP"), [:], STOP_ON_FAILURE) FAILED.
Reason:
com.kms.katalon.core.exception.StepFailedException: Unable to click on object 'Object Repository/OCS-MOBILE /Age gate and burger menu/Dried Flower_Plus icon' (Root cause: org.openqa.selenium.WebDriverException: unknown error: Element <i class="icon icon--plus menu__tier-three__link--icon"></i> is not clickable at point (462, 120). Other element would receive the click: <ul class="menu__learn-more--mobile only-mobile-tablet">...</ul>
  (Session info: chrome=75.0.3770.90)
  (Driver info: chromedriver=2.43.600229 (3fae4d0cda5334b4f533bede5a4787f7b832d052),platform=Mac OS X 10.13.6 x86_64) (WARNING: The server did not provide any stacktrace information)
Command duration or timeout: 0 milliseconds
Build info: version: '3.7.1', revision: '8a0099a', time: '2017-11-06T21:07:36.161Z'
System info: host: 'sumans-MacBook-Pro.local', ip: 'fe80:0:0:0:10f0:11f1:8277:c429%en0', os.name: 'Mac OS X', os.arch: 'x86_64', os.version: '10.13.6', java.version: '1.8.0_181'
Driver info: com.kms.katalon.selenium.driver.CChromeDriver
Capabilities {acceptInsecureCerts: false, acceptSslCerts: false, applicationCacheEnabled: false, browserConnectionEnabled: false, browserName: chrome, chrome: {chromedriverVersion: 2.43.600229 (3fae4d0cda5334..., userDataDir: /var/folders/1t/c55l8xzs6gq...}, cssSelectorsEnabled: true, databaseEnabled: false, goog:chromeOptions: {debuggerAddress: localhost:61779}, handlesAlerts: true, hasTouchScreen: false, javascriptEnabled: true, locationContextEnabled: true, mobileEmulationEnabled: false, nativeEvents: true, networkConnectionEnabled: false, pageLoadStrategy: normal, platform: MAC, platformName: MAC, rotatable: false, setWindowRect: true, takesHeapSnapshot: true, takesScreenshot: true, unexpectedAlertBehaviour: , unhandledPromptBehavior: , version: 75.0.3770.90, webStorageEnabled: true}
Session ID: 810de15881d8d7ac1a3a666777306509)
	at com.kms.katalon.core.keyword.internal.KeywordMain.stepFailed(KeywordMain.groovy:36)
	at com.kms.katalon.core.webui.keyword.internal.WebUIKeywordMain.stepFailed(WebUIKeywordMain.groovy:65)
	at com.kms.katalon.core.webui.keyword.internal.WebUIKeywordMain.runKeyword(WebUIKeywordMain.groovy:27)
	at com.kms.katalon.core.webui.keyword.builtin.ClickKeyword.click(ClickKeyword.groovy:86)
	at com.kms.katalon.core.webui.keyword.builtin.ClickKeyword.execute(ClickKeyword.groovy:67)
	at com.kms.katalon.core.keyword.internal.KeywordExecutor.executeKeywordForPlatform(KeywordExecutor.groovy:53)
	at com.kms.katalon.core.webui.keyword.WebUiBuiltInKeywords.click(WebUiBuiltInKeywords.groovy:616)
	at com.kms.katalon.core.webui.keyword.WebUiBuiltInKeywords$click$4.call(Unknown Source)
	at CALL - PDP.run(CALL - PDP:55)
	at com.kms.katalon.core.main.ScriptEngine.run(ScriptEngine.java:194)
	at com.kms.katalon.core.main.ScriptEngine.runScriptAsRawText(ScriptEngine.java:119)
	at com.kms.katalon.core.main.TestCaseExecutor.runScript(TestCaseExecutor.java:328)
	at com.kms.katalon.core.main.TestCaseExecutor.doExecute(TestCaseExecutor.java:319)
	at com.kms.katalon.core.main.TestCaseExecutor.processExecutionPhase(TestCaseExecutor.java:298)
	at com.kms.katalon.core.main.TestCaseExecutor.accessMainPhase(TestCaseExecutor.java:290)
	at com.kms.katalon.core.main.TestCaseExecutor.execute(TestCaseExecutor.java:224)
	at com.kms.katalon.core.main.TestCaseMain.runTestCase(TestCaseMain.java:106)
	at com.kms.katalon.core.keyword.builtin.CallTestCaseKeyword$_callTestCase_closure1.doCall(CallTestCaseKeyword.groovy:59)
	at com.kms.katalon.core.keyword.builtin.CallTestCaseKeyword$_callTestCase_closure1.call(CallTestCaseKeyword.groovy)
	at com.kms.katalon.core.keyword.internal.KeywordMain.runKeyword(KeywordMain.groovy:54)
	at com.kms.katalon.core.keyword.builtin.CallTestCaseKeyword.callTestCase(CallTestCaseKeyword.groovy:80)
	at com.kms.katalon.core.keyword.builtin.CallTestCaseKeyword.execute(CallTestCaseKeyword.groovy:44)
	at com.kms.katalon.core.keyword.internal.KeywordExecutor.executeKeywordForPlatform(KeywordExecutor.groovy:53)
	at com.kms.katalon.core.keyword.BuiltinKeywords.callTestCase(BuiltinKeywords.groovy:334)
	at Add to bag CTA.run(Add to bag CTA:16)
	at com.kms.katalon.core.main.ScriptEngine.run(ScriptEngine.java:194)
	at com.kms.katalon.core.main.ScriptEngine.runScriptAsRawText(ScriptEngine.java:119)
	at com.kms.katalon.core.main.TestCaseExecutor.runScript(TestCaseExecutor.java:328)
	at com.kms.katalon.core.main.TestCaseExecutor.doExecute(TestCaseExecutor.java:319)
	at com.kms.katalon.core.main.TestCaseExecutor.processExecutionPhase(TestCaseExecutor.java:298)
	at com.kms.katalon.core.main.TestCaseExecutor.accessMainPhase(TestCaseExecutor.java:290)
	at com.kms.katalon.core.main.TestCaseExecutor.execute(TestCaseExecutor.java:224)
	at com.kms.katalon.core.main.TestSuiteExecutor.accessTestCaseMainPhase(TestSuiteExecutor.java:129)
	at com.kms.katalon.core.main.TestSuiteExecutor.accessTestSuiteMainPhase(TestSuiteExecutor.java:112)
	at com.kms.katalon.core.main.TestSuiteExecutor.execute(TestSuiteExecutor.java:81)
	at com.kms.katalon.core.main.TestCaseMain.startTestSuite(TestCaseMain.java:149)
	at com.kms.katalon.core.main.TestCaseMain$startTestSuite$0.call(Unknown Source)
	at TempTestSuite1560802135767.run(TempTestSuite1560802135767.groovy:36)


2019-06-17 16:20:34 - [TEST_CASE][FAILED] - Test Cases/OCS - MOBILE/CALL - PDP: Test Cases/OCS - MOBILE/CALL - PDP FAILED.
Reason:
com.kms.katalon.core.exception.StepFailedException: Unable to click on object 'Object Repository/OCS-MOBILE /Age gate and burger menu/Dried Flower_Plus icon' (Root cause: org.openqa.selenium.WebDriverException: unknown error: Element <i class="icon icon--plus menu__tier-three__link--icon"></i> is not clickable at point (462, 120). Other element would receive the click: <ul class="menu__learn-more--mobile only-mobile-tablet">...</ul>
  (Session info: chrome=75.0.3770.90)
  (Driver info: chromedriver=2.43.600229 (3fae4d0cda5334b4f533bede5a4787f7b832d052),platform=Mac OS X 10.13.6 x86_64) (WARNING: The server did not provide any stacktrace information)
Command duration or timeout: 0 milliseconds
Build info: version: '3.7.1', revision: '8a0099a', time: '2017-11-06T21:07:36.161Z'
System info: host: 'sumans-MacBook-Pro.local', ip: 'fe80:0:0:0:10f0:11f1:8277:c429%en0', os.name: 'Mac OS X', os.arch: 'x86_64', os.version: '10.13.6', java.version: '1.8.0_181'
Driver info: com.kms.katalon.selenium.driver.CChromeDriver
Capabilities {acceptInsecureCerts: false, acceptSslCerts: false, applicationCacheEnabled: false, browserConnectionEnabled: false, browserName: chrome, chrome: {chromedriverVersion: 2.43.600229 (3fae4d0cda5334..., userDataDir: /var/folders/1t/c55l8xzs6gq...}, cssSelectorsEnabled: true, databaseEnabled: false, goog:chromeOptions: {debuggerAddress: localhost:61779}, handlesAlerts: true, hasTouchScreen: false, javascriptEnabled: true, locationContextEnabled: true, mobileEmulationEnabled: false, nativeEvents: true, networkConnectionEnabled: false, pageLoadStrategy: normal, platform: MAC, platformName: MAC, rotatable: false, setWindowRect: true, takesHeapSnapshot: true, takesScreenshot: true, unexpectedAlertBehaviour: , unhandledPromptBehavior: , version: 75.0.3770.90, webStorageEnabled: true}
Session ID: 810de15881d8d7ac1a3a666777306509)
	at com.kms.katalon.core.keyword.internal.KeywordMain.stepFailed(KeywordMain.groovy:36)
	at com.kms.katalon.core.webui.keyword.internal.WebUIKeywordMain.stepFailed(WebUIKeywordMain.groovy:65)
	at com.kms.katalon.core.webui.keyword.internal.WebUIKeywordMain.runKeyword(WebUIKeywordMain.groovy:27)
	at com.kms.katalon.core.webui.keyword.builtin.ClickKeyword.click(ClickKeyword.groovy:86)
	at com.kms.katalon.core.webui.keyword.builtin.ClickKeyword.execute(ClickKeyword.groovy:67)
	at com.kms.katalon.core.keyword.internal.KeywordExecutor.executeKeywordForPlatform(KeywordExecutor.groovy:53)
	at com.kms.katalon.core.webui.keyword.WebUiBuiltInKeywords.click(WebUiBuiltInKeywords.groovy:616)
	at com.kms.katalon.core.webui.keyword.WebUiBuiltInKeywords$click$4.call(Unknown Source)
	at CALL - PDP.run(CALL - PDP:55)
	at com.kms.katalon.core.main.ScriptEngine.run(ScriptEngine.java:194)
	at com.kms.katalon.core.main.ScriptEngine.runScriptAsRawText(ScriptEngine.java:119)
	at com.kms.katalon.core.main.TestCaseExecutor.runScript(TestCaseExecutor.java:328)
	at com.kms.katalon.core.main.TestCaseExecutor.doExecute(TestCaseExecutor.java:319)
	at com.kms.katalon.core.main.TestCaseExecutor.processExecutionPhase(TestCaseExecutor.java:298)
	at com.kms.katalon.core.main.TestCaseExecutor.accessMainPhase(TestCaseExecutor.java:290)
	at com.kms.katalon.core.main.TestCaseExecutor.execute(TestCaseExecutor.java:224)
	at com.kms.katalon.core.main.TestCaseMain.runTestCase(TestCaseMain.java:106)
	at com.kms.katalon.core.keyword.builtin.CallTestCaseKeyword$_callTestCase_closure1.doCall(CallTestCaseKeyword.groovy:59)
	at com.kms.katalon.core.keyword.builtin.CallTestCaseKeyword$_callTestCase_closure1.call(CallTestCaseKeyword.groovy)
	at com.kms.katalon.core.keyword.internal.KeywordMain.runKeyword(KeywordMain.groovy:54)
	at com.kms.katalon.core.keyword.builtin.CallTestCaseKeyword.callTestCase(CallTestCaseKeyword.groovy:80)
	at com.kms.katalon.core.keyword.builtin.CallTestCaseKeyword.execute(CallTestCaseKeyword.groovy:44)
	at com.kms.katalon.core.keyword.internal.KeywordExecutor.executeKeywordForPlatform(KeywordExecutor.groovy:53)
	at com.kms.katalon.core.keyword.BuiltinKeywords.callTestCase(BuiltinKeywords.groovy:334)
	at Add to bag CTA.run(Add to bag CTA:16)
	at com.kms.katalon.core.main.ScriptEngine.run(ScriptEngine.java:194)
	at com.kms.katalon.core.main.ScriptEngine.runScriptAsRawText(ScriptEngine.java:119)
	at com.kms.katalon.core.main.TestCaseExecutor.runScript(TestCaseExecutor.java:328)
	at com.kms.katalon.core.main.TestCaseExecutor.doExecute(TestCaseExecutor.java:319)
	at com.kms.katalon.core.main.TestCaseExecutor.processExecutionPhase(TestCaseExecutor.java:298)
	at com.kms.katalon.core.main.TestCaseExecutor.accessMainPhase(TestCaseExecutor.java:290)
	at com.kms.katalon.core.main.TestCaseExecutor.execute(TestCaseExecutor.java:224)
	at com.kms.katalon.core.main.TestSuiteExecutor.accessTestCaseMainPhase(TestSuiteExecutor.java:129)
	at com.kms.katalon.core.main.TestSuiteExecutor.accessTestSuiteMainPhase(TestSuiteExecutor.java:112)
	at com.kms.katalon.core.main.TestSuiteExecutor.execute(TestSuiteExecutor.java:81)
	at com.kms.katalon.core.main.TestCaseMain.startTestSuite(TestCaseMain.java:149)
	at com.kms.katalon.core.main.TestCaseMain$startTestSuite$0.call(Unknown Source)
	at TempTestSuite1560802135767.run(TempTestSuite1560802135767.groovy:36)


2019-06-17 16:20:34 - [TEST_STEP][PASSED] - openBrowser(""): Browser is opened with url: ''

2019-06-17 16:20:34 - [MESSAGE][WARNING] - A browser is already opened. Closing browser and opening a new one

2019-06-17 16:20:34 - [MESSAGE][INFO] - Starting 'Chrome' driver

2019-06-17 16:20:35 - [MESSAGE][PASSED] - Browser is opened with url: ''

2019-06-17 16:20:35 - [TEST_STEP][PASSED] - navigateToUrl("https://ocs.ca/?fts=0&preview_theme_id=72920106828"): Navigate to 'https://ocs.ca/?fts=0&preview_theme_id=72920106828' successfully

2019-06-17 16:20:41 - [MESSAGE][PASSED] - Navigate to 'https://ocs.ca/?fts=0&preview_theme_id=72920106828' successfully

2019-06-17 16:20:41 - [TEST_STEP][PASSED] - executeJavaScript("var previewBar = document.getElementById("preview-bar-iframe"); previewBar.style.display = "none";", []): Execute JavaScript 'var previewBar = document.getElementById("preview-bar-iframe"); previewBar.style.display = "none";' successfully

2019-06-17 16:20:41 - [MESSAGE][PASSED] - Execute JavaScript 'var previewBar = document.getElementById("preview-bar-iframe"); previewBar.style.display = "none";' successfully

2019-06-17 16:20:41 - [TEST_STEP][PASSED] - setViewPortSize(360, 800): Viewport is set to new size with width = 360 and height = 800

2019-06-17 16:20:41 - [MESSAGE][PASSED] - Viewport is set to new size with width = 360 and height = 800

2019-06-17 16:20:41 - [TEST_STEP][PASSED] - delay(4): Delayed 4 second(s)

2019-06-17 16:20:45 - [MESSAGE][PASSED] - Delayed 4 second(s)

2019-06-17 16:20:45 - [TEST_STEP][PASSED] - selectOptionByValue(findTestObject("OCS-MOBILE /Age gate and burger menu/Date"), "12", true): All options with value '12' are selected in object 'Object Repository/OCS-MOBILE /Age gate and burger menu/Date'  using regular expression

2019-06-17 16:20:45 - [MESSAGE][PASSED] - All options with value '12' are selected in object 'Object Repository/OCS-MOBILE /Age gate and burger menu/Date'  using regular expression

2019-06-17 16:20:45 - [TEST_STEP][PASSED] - selectOptionByValue(findTestObject("OCS-MOBILE /Age gate and burger menu/month"), "6", true): All options with value '6' are selected in object 'Object Repository/OCS-MOBILE /Age gate and burger menu/month'  using regular expression

2019-06-17 16:20:46 - [MESSAGE][PASSED] - All options with value '6' are selected in object 'Object Repository/OCS-MOBILE /Age gate and burger menu/month'  using regular expression

2019-06-17 16:20:46 - [TEST_STEP][PASSED] - delay(2): Delayed 2 second(s)

2019-06-17 16:20:48 - [MESSAGE][PASSED] - Delayed 2 second(s)

2019-06-17 16:20:48 - [TEST_STEP][PASSED] - selectOptionByValue(findTestObject("OCS-MOBILE /Age gate and burger menu/Year Dropdown"), "1990", true): All options with value '1990' are selected in object 'Object Repository/OCS-MOBILE /Age gate and burger menu/Year Dropdown'  using regular expression

2019-06-17 16:20:49 - [MESSAGE][PASSED] - All options with value '1990' are selected in object 'Object Repository/OCS-MOBILE /Age gate and burger menu/Year Dropdown'  using regular expression

2019-06-17 16:20:49 - [TEST_STEP][PASSED] - click(findTestObject("OCS-MOBILE /Age gate and Mega menu/button_Verify")): Object: 'Object Repository/OCS-MOBILE /Age gate and Mega menu/button_Verify' is clicked on

2019-06-17 16:20:49 - [MESSAGE][PASSED] - Object: 'Object Repository/OCS-MOBILE /Age gate and Mega menu/button_Verify' is clicked on

2019-06-17 16:20:49 - [TEST_STEP][PASSED] - click(findTestObject("OCS-MOBILE /Age gate and Mega menu/Checkbox_CONFIRM AND ACKNOWLEDGE")): Object: 'Object Repository/OCS-MOBILE /Age gate and Mega menu/Checkbox_CONFIRM AND ACKNOWLEDGE' is clicked on

2019-06-17 16:20:49 - [MESSAGE][PASSED] - Object: 'Object Repository/OCS-MOBILE /Age gate and Mega menu/Checkbox_CONFIRM AND ACKNOWLEDGE' is clicked on

2019-06-17 16:20:49 - [TEST_STEP][PASSED] - click(findTestObject("OCS-MOBILE /Age gate and Mega menu/button_CONFIRM")): Object: 'Object Repository/OCS-MOBILE /Age gate and Mega menu/button_CONFIRM' is clicked on

2019-06-17 16:20:49 - [MESSAGE][PASSED] - Object: 'Object Repository/OCS-MOBILE /Age gate and Mega menu/button_CONFIRM' is clicked on

2019-06-17 16:20:49 - [TEST_STEP][PASSED] - click(findTestObject("OCS-MOBILE /Age gate and Mega menu/button_Start Browsing")): Object: 'Object Repository/OCS-MOBILE /Age gate and Mega menu/button_Start Browsing' is clicked on

2019-06-17 16:20:49 - [MESSAGE][PASSED] - Object: 'Object Repository/OCS-MOBILE /Age gate and Mega menu/button_Start Browsing' is clicked on

2019-06-17 16:20:49 - [TEST_STEP][PASSED] - refresh(): Refresh successfully

2019-06-17 16:20:49 - [MESSAGE][PASSED] - Refresh successfully

2019-06-17 16:20:49 - [TEST_STEP][PASSED] - delay(2): Delayed 2 second(s)

2019-06-17 16:20:51 - [MESSAGE][PASSED] - Delayed 2 second(s)

2019-06-17 16:20:51 - [TEST_STEP][PASSED] - click(findTestObject("OCS-MOBILE /Age gate and burger menu/Burger menu - English")): Object: 'Object Repository/OCS-MOBILE /Age gate and burger menu/Burger menu - English' is clicked on

2019-06-17 16:20:52 - [MESSAGE][PASSED] - Object: 'Object Repository/OCS-MOBILE /Age gate and burger menu/Burger menu - English' is clicked on

2019-06-17 16:20:52 - [TEST_STEP][PASSED] - delay(2): Delayed 2 second(s)

2019-06-17 16:20:54 - [MESSAGE][PASSED] - Delayed 2 second(s)

2019-06-17 16:20:54 - [TEST_STEP][PASSED] - click(findTestObject("OCS-MOBILE /Age gate and burger menu/Chevron_Cannabis")): Object: 'Object Repository/OCS-MOBILE /Age gate and burger menu/Chevron_Cannabis' is clicked on

2019-06-17 16:20:54 - [MESSAGE][PASSED] - Object: 'Object Repository/OCS-MOBILE /Age gate and burger menu/Chevron_Cannabis' is clicked on

2019-06-17 16:20:54 - [TEST_STEP][PASSED] - delay(2): Delayed 2 second(s)

2019-06-17 16:20:56 - [MESSAGE][PASSED] - Delayed 2 second(s)

2019-06-17 16:20:56 - [TEST_STEP][FAILED] - click(findTestObject("OCS-MOBILE /Age gate and burger menu/Dried Flower_Plus icon")): click(findTestObject("OCS-MOBILE /Age gate and burger menu/Dried Flower_Plus icon")) FAILED.
Reason:
com.kms.katalon.core.exception.StepFailedException: Unable to click on object 'Object Repository/OCS-MOBILE /Age gate and burger menu/Dried Flower_Plus icon' (Root cause: org.openqa.selenium.WebDriverException: unknown error: Element <i class="icon icon--plus menu__tier-three__link--icon"></i> is not clickable at point (462, 120). Other element would receive the click: <ul class="menu__learn-more--mobile only-mobile-tablet">...</ul>
  (Session info: chrome=75.0.3770.90)
  (Driver info: chromedriver=2.43.600229 (3fae4d0cda5334b4f533bede5a4787f7b832d052),platform=Mac OS X 10.13.6 x86_64) (WARNING: The server did not provide any stacktrace information)
Command duration or timeout: 0 milliseconds
Build info: version: '3.7.1', revision: '8a0099a', time: '2017-11-06T21:07:36.161Z'
System info: host: 'sumans-MacBook-Pro.local', ip: 'fe80:0:0:0:10f0:11f1:8277:c429%en0', os.name: 'Mac OS X', os.arch: 'x86_64', os.version: '10.13.6', java.version: '1.8.0_181'
Driver info: com.kms.katalon.selenium.driver.CChromeDriver
Capabilities {acceptInsecureCerts: false, acceptSslCerts: false, applicationCacheEnabled: false, browserConnectionEnabled: false, browserName: chrome, chrome: {chromedriverVersion: 2.43.600229 (3fae4d0cda5334..., userDataDir: /var/folders/1t/c55l8xzs6gq...}, cssSelectorsEnabled: true, databaseEnabled: false, goog:chromeOptions: {debuggerAddress: localhost:61779}, handlesAlerts: true, hasTouchScreen: false, javascriptEnabled: true, locationContextEnabled: true, mobileEmulationEnabled: false, nativeEvents: true, networkConnectionEnabled: false, pageLoadStrategy: normal, platform: MAC, platformName: MAC, rotatable: false, setWindowRect: true, takesHeapSnapshot: true, takesScreenshot: true, unexpectedAlertBehaviour: , unhandledPromptBehavior: , version: 75.0.3770.90, webStorageEnabled: true}
Session ID: 810de15881d8d7ac1a3a666777306509)
	at com.kms.katalon.core.keyword.internal.KeywordMain.stepFailed(KeywordMain.groovy:36)
	at com.kms.katalon.core.webui.keyword.internal.WebUIKeywordMain.stepFailed(WebUIKeywordMain.groovy:65)
	at com.kms.katalon.core.webui.keyword.internal.WebUIKeywordMain.runKeyword(WebUIKeywordMain.groovy:27)
	at com.kms.katalon.core.webui.keyword.builtin.ClickKeyword.click(ClickKeyword.groovy:86)
	at com.kms.katalon.core.webui.keyword.builtin.ClickKeyword.execute(ClickKeyword.groovy:67)
	at com.kms.katalon.core.keyword.internal.KeywordExecutor.executeKeywordForPlatform(KeywordExecutor.groovy:53)
	at com.kms.katalon.core.webui.keyword.WebUiBuiltInKeywords.click(WebUiBuiltInKeywords.groovy:616)
	at com.kms.katalon.core.webui.keyword.WebUiBuiltInKeywords$click$4.call(Unknown Source)
	at CALL - PDP.run(CALL - PDP:55)
	at com.kms.katalon.core.main.ScriptEngine.run(ScriptEngine.java:194)
	at com.kms.katalon.core.main.ScriptEngine.runScriptAsRawText(ScriptEngine.java:119)
	at com.kms.katalon.core.main.TestCaseExecutor.runScript(TestCaseExecutor.java:328)
	at com.kms.katalon.core.main.TestCaseExecutor.doExecute(TestCaseExecutor.java:319)
	at com.kms.katalon.core.main.TestCaseExecutor.processExecutionPhase(TestCaseExecutor.java:298)
	at com.kms.katalon.core.main.TestCaseExecutor.accessMainPhase(TestCaseExecutor.java:290)
	at com.kms.katalon.core.main.TestCaseExecutor.execute(TestCaseExecutor.java:224)
	at com.kms.katalon.core.main.TestCaseMain.runTestCase(TestCaseMain.java:106)
	at com.kms.katalon.core.keyword.builtin.CallTestCaseKeyword$_callTestCase_closure1.doCall(CallTestCaseKeyword.groovy:59)
	at com.kms.katalon.core.keyword.builtin.CallTestCaseKeyword$_callTestCase_closure1.call(CallTestCaseKeyword.groovy)
	at com.kms.katalon.core.keyword.internal.KeywordMain.runKeyword(KeywordMain.groovy:54)
	at com.kms.katalon.core.keyword.builtin.CallTestCaseKeyword.callTestCase(CallTestCaseKeyword.groovy:80)
	at com.kms.katalon.core.keyword.builtin.CallTestCaseKeyword.execute(CallTestCaseKeyword.groovy:44)
	at com.kms.katalon.core.keyword.internal.KeywordExecutor.executeKeywordForPlatform(KeywordExecutor.groovy:53)
	at com.kms.katalon.core.keyword.BuiltinKeywords.callTestCase(BuiltinKeywords.groovy:334)
	at Add to bag CTA.run(Add to bag CTA:16)
	at com.kms.katalon.core.main.ScriptEngine.run(ScriptEngine.java:194)
	at com.kms.katalon.core.main.ScriptEngine.runScriptAsRawText(ScriptEngine.java:119)
	at com.kms.katalon.core.main.TestCaseExecutor.runScript(TestCaseExecutor.java:328)
	at com.kms.katalon.core.main.TestCaseExecutor.doExecute(TestCaseExecutor.java:319)
	at com.kms.katalon.core.main.TestCaseExecutor.processExecutionPhase(TestCaseExecutor.java:298)
	at com.kms.katalon.core.main.TestCaseExecutor.accessMainPhase(TestCaseExecutor.java:290)
	at com.kms.katalon.core.main.TestCaseExecutor.execute(TestCaseExecutor.java:224)
	at com.kms.katalon.core.main.TestSuiteExecutor.accessTestCaseMainPhase(TestSuiteExecutor.java:129)
	at com.kms.katalon.core.main.TestSuiteExecutor.accessTestSuiteMainPhase(TestSuiteExecutor.java:112)
	at com.kms.katalon.core.main.TestSuiteExecutor.execute(TestSuiteExecutor.java:81)
	at com.kms.katalon.core.main.TestCaseMain.startTestSuite(TestCaseMain.java:149)
	at com.kms.katalon.core.main.TestCaseMain$startTestSuite$0.call(Unknown Source)
	at TempTestSuite1560802135767.run(TempTestSuite1560802135767.groovy:36)


2019-06-17 16:20:57 - [MESSAGE][FAILED] - Unable to click on object 'Object Repository/OCS-MOBILE /Age gate and burger menu/Dried Flower_Plus icon' (Root cause: org.openqa.selenium.WebDriverException: unknown error: Element <i class="icon icon--plus menu__tier-three__link--icon"></i> is not clickable at point (462, 120). Other element would receive the click: <ul class="menu__learn-more--mobile only-mobile-tablet">...</ul>
  (Session info: chrome=75.0.3770.90)
  (Driver info: chromedriver=2.43.600229 (3fae4d0cda5334b4f533bede5a4787f7b832d052),platform=Mac OS X 10.13.6 x86_64) (WARNING: The server did not provide any stacktrace information)
Command duration or timeout: 0 milliseconds
Build info: version: '3.7.1', revision: '8a0099a', time: '2017-11-06T21:07:36.161Z'
System info: host: 'sumans-MacBook-Pro.local', ip: 'fe80:0:0:0:10f0:11f1:8277:c429%en0', os.name: 'Mac OS X', os.arch: 'x86_64', os.version: '10.13.6', java.version: '1.8.0_181'
Driver info: com.kms.katalon.selenium.driver.CChromeDriver
Capabilities {acceptInsecureCerts: false, acceptSslCerts: false, applicationCacheEnabled: false, browserConnectionEnabled: false, browserName: chrome, chrome: {chromedriverVersion: 2.43.600229 (3fae4d0cda5334..., userDataDir: /var/folders/1t/c55l8xzs6gq...}, cssSelectorsEnabled: true, databaseEnabled: false, goog:chromeOptions: {debuggerAddress: localhost:61779}, handlesAlerts: true, hasTouchScreen: false, javascriptEnabled: true, locationContextEnabled: true, mobileEmulationEnabled: false, nativeEvents: true, networkConnectionEnabled: false, pageLoadStrategy: normal, platform: MAC, platformName: MAC, rotatable: false, setWindowRect: true, takesHeapSnapshot: true, takesScreenshot: true, unexpectedAlertBehaviour: , unhandledPromptBehavior: , version: 75.0.3770.90, webStorageEnabled: true}
Session ID: 810de15881d8d7ac1a3a666777306509)
[[ATTACHMENT|/Users/sumankompelly/Relative xpath-Mobile/Reports/OCS- 1.10.1/20190617_160855/1560802856982.png]]

2019-06-17 16:20:57 - [MESSAGE][FAILED] - click(findTestObject("OCS-MOBILE /Age gate and burger menu/Dried Flower_Plus icon")) FAILED.
Reason:
com.kms.katalon.core.exception.StepFailedException: Unable to click on object 'Object Repository/OCS-MOBILE /Age gate and burger menu/Dried Flower_Plus icon' (Root cause: org.openqa.selenium.WebDriverException: unknown error: Element <i class="icon icon--plus menu__tier-three__link--icon"></i> is not clickable at point (462, 120). Other element would receive the click: <ul class="menu__learn-more--mobile only-mobile-tablet">...</ul>
  (Session info: chrome=75.0.3770.90)
  (Driver info: chromedriver=2.43.600229 (3fae4d0cda5334b4f533bede5a4787f7b832d052),platform=Mac OS X 10.13.6 x86_64) (WARNING: The server did not provide any stacktrace information)
Command duration or timeout: 0 milliseconds
Build info: version: '3.7.1', revision: '8a0099a', time: '2017-11-06T21:07:36.161Z'
System info: host: 'sumans-MacBook-Pro.local', ip: 'fe80:0:0:0:10f0:11f1:8277:c429%en0', os.name: 'Mac OS X', os.arch: 'x86_64', os.version: '10.13.6', java.version: '1.8.0_181'
Driver info: com.kms.katalon.selenium.driver.CChromeDriver
Capabilities {acceptInsecureCerts: false, acceptSslCerts: false, applicationCacheEnabled: false, browserConnectionEnabled: false, browserName: chrome, chrome: {chromedriverVersion: 2.43.600229 (3fae4d0cda5334..., userDataDir: /var/folders/1t/c55l8xzs6gq...}, cssSelectorsEnabled: true, databaseEnabled: false, goog:chromeOptions: {debuggerAddress: localhost:61779}, handlesAlerts: true, hasTouchScreen: false, javascriptEnabled: true, locationContextEnabled: true, mobileEmulationEnabled: false, nativeEvents: true, networkConnectionEnabled: false, pageLoadStrategy: normal, platform: MAC, platformName: MAC, rotatable: false, setWindowRect: true, takesHeapSnapshot: true, takesScreenshot: true, unexpectedAlertBehaviour: , unhandledPromptBehavior: , version: 75.0.3770.90, webStorageEnabled: true}
Session ID: 810de15881d8d7ac1a3a666777306509)
	at com.kms.katalon.core.keyword.internal.KeywordMain.stepFailed(KeywordMain.groovy:36)
	at com.kms.katalon.core.webui.keyword.internal.WebUIKeywordMain.stepFailed(WebUIKeywordMain.groovy:65)
	at com.kms.katalon.core.webui.keyword.internal.WebUIKeywordMain.runKeyword(WebUIKeywordMain.groovy:27)
	at com.kms.katalon.core.webui.keyword.builtin.ClickKeyword.click(ClickKeyword.groovy:86)
	at com.kms.katalon.core.webui.keyword.builtin.ClickKeyword.execute(ClickKeyword.groovy:67)
	at com.kms.katalon.core.keyword.internal.KeywordExecutor.executeKeywordForPlatform(KeywordExecutor.groovy:53)
	at com.kms.katalon.core.webui.keyword.WebUiBuiltInKeywords.click(WebUiBuiltInKeywords.groovy:616)
	at com.kms.katalon.core.webui.keyword.WebUiBuiltInKeywords$click$4.call(Unknown Source)
	at CALL - PDP.run(CALL - PDP:55)
	at com.kms.katalon.core.main.ScriptEngine.run(ScriptEngine.java:194)
	at com.kms.katalon.core.main.ScriptEngine.runScriptAsRawText(ScriptEngine.java:119)
	at com.kms.katalon.core.main.TestCaseExecutor.runScript(TestCaseExecutor.java:328)
	at com.kms.katalon.core.main.TestCaseExecutor.doExecute(TestCaseExecutor.java:319)
	at com.kms.katalon.core.main.TestCaseExecutor.processExecutionPhase(TestCaseExecutor.java:298)
	at com.kms.katalon.core.main.TestCaseExecutor.accessMainPhase(TestCaseExecutor.java:290)
	at com.kms.katalon.core.main.TestCaseExecutor.execute(TestCaseExecutor.java:224)
	at com.kms.katalon.core.main.TestCaseMain.runTestCase(TestCaseMain.java:106)
	at com.kms.katalon.core.keyword.builtin.CallTestCaseKeyword$_callTestCase_closure1.doCall(CallTestCaseKeyword.groovy:59)
	at com.kms.katalon.core.keyword.builtin.CallTestCaseKeyword$_callTestCase_closure1.call(CallTestCaseKeyword.groovy)
	at com.kms.katalon.core.keyword.internal.KeywordMain.runKeyword(KeywordMain.groovy:54)
	at com.kms.katalon.core.keyword.builtin.CallTestCaseKeyword.callTestCase(CallTestCaseKeyword.groovy:80)
	at com.kms.katalon.core.keyword.builtin.CallTestCaseKeyword.execute(CallTestCaseKeyword.groovy:44)
	at com.kms.katalon.core.keyword.internal.KeywordExecutor.executeKeywordForPlatform(KeywordExecutor.groovy:53)
	at com.kms.katalon.core.keyword.BuiltinKeywords.callTestCase(BuiltinKeywords.groovy:334)
	at Add to bag CTA.run(Add to bag CTA:16)
	at com.kms.katalon.core.main.ScriptEngine.run(ScriptEngine.java:194)
	at com.kms.katalon.core.main.ScriptEngine.runScriptAsRawText(ScriptEngine.java:119)
	at com.kms.katalon.core.main.TestCaseExecutor.runScript(TestCaseExecutor.java:328)
	at com.kms.katalon.core.main.TestCaseExecutor.doExecute(TestCaseExecutor.java:319)
	at com.kms.katalon.core.main.TestCaseExecutor.processExecutionPhase(TestCaseExecutor.java:298)
	at com.kms.katalon.core.main.TestCaseExecutor.accessMainPhase(TestCaseExecutor.java:290)
	at com.kms.katalon.core.main.TestCaseExecutor.execute(TestCaseExecutor.java:224)
	at com.kms.katalon.core.main.TestSuiteExecutor.accessTestCaseMainPhase(TestSuiteExecutor.java:129)
	at com.kms.katalon.core.main.TestSuiteExecutor.accessTestSuiteMainPhase(TestSuiteExecutor.java:112)
	at com.kms.katalon.core.main.TestSuiteExecutor.execute(TestSuiteExecutor.java:81)
	at com.kms.katalon.core.main.TestCaseMain.startTestSuite(TestCaseMain.java:149)
	at com.kms.katalon.core.main.TestCaseMain$startTestSuite$0.call(Unknown Source)
	at TempTestSuite1560802135767.run(TempTestSuite1560802135767.groovy:36)


2019-06-17 16:20:57 - [MESSAGE][FAILED] - Unable to call Test Case 'Test Cases/OCS - MOBILE/CALL - PDP' (Root cause: com.kms.katalon.core.exception.StepFailedException: Call Test Case 'Test Cases/OCS - MOBILE/CALL - PDP' failed)

2019-06-17 16:20:57 - [MESSAGE][FAILED] - callTestCase(findTestCase("OCS - MOBILE/CALL - PDP"), [:], STOP_ON_FAILURE) FAILED.
Reason:
com.kms.katalon.core.exception.StepFailedException: Unable to click on object 'Object Repository/OCS-MOBILE /Age gate and burger menu/Dried Flower_Plus icon' (Root cause: org.openqa.selenium.WebDriverException: unknown error: Element <i class="icon icon--plus menu__tier-three__link--icon"></i> is not clickable at point (462, 120). Other element would receive the click: <ul class="menu__learn-more--mobile only-mobile-tablet">...</ul>
  (Session info: chrome=75.0.3770.90)
  (Driver info: chromedriver=2.43.600229 (3fae4d0cda5334b4f533bede5a4787f7b832d052),platform=Mac OS X 10.13.6 x86_64) (WARNING: The server did not provide any stacktrace information)
Command duration or timeout: 0 milliseconds
Build info: version: '3.7.1', revision: '8a0099a', time: '2017-11-06T21:07:36.161Z'
System info: host: 'sumans-MacBook-Pro.local', ip: 'fe80:0:0:0:10f0:11f1:8277:c429%en0', os.name: 'Mac OS X', os.arch: 'x86_64', os.version: '10.13.6', java.version: '1.8.0_181'
Driver info: com.kms.katalon.selenium.driver.CChromeDriver
Capabilities {acceptInsecureCerts: false, acceptSslCerts: false, applicationCacheEnabled: false, browserConnectionEnabled: false, browserName: chrome, chrome: {chromedriverVersion: 2.43.600229 (3fae4d0cda5334..., userDataDir: /var/folders/1t/c55l8xzs6gq...}, cssSelectorsEnabled: true, databaseEnabled: false, goog:chromeOptions: {debuggerAddress: localhost:61779}, handlesAlerts: true, hasTouchScreen: false, javascriptEnabled: true, locationContextEnabled: true, mobileEmulationEnabled: false, nativeEvents: true, networkConnectionEnabled: false, pageLoadStrategy: normal, platform: MAC, platformName: MAC, rotatable: false, setWindowRect: true, takesHeapSnapshot: true, takesScreenshot: true, unexpectedAlertBehaviour: , unhandledPromptBehavior: , version: 75.0.3770.90, webStorageEnabled: true}
Session ID: 810de15881d8d7ac1a3a666777306509)
	at com.kms.katalon.core.keyword.internal.KeywordMain.stepFailed(KeywordMain.groovy:36)
	at com.kms.katalon.core.webui.keyword.internal.WebUIKeywordMain.stepFailed(WebUIKeywordMain.groovy:65)
	at com.kms.katalon.core.webui.keyword.internal.WebUIKeywordMain.runKeyword(WebUIKeywordMain.groovy:27)
	at com.kms.katalon.core.webui.keyword.builtin.ClickKeyword.click(ClickKeyword.groovy:86)
	at com.kms.katalon.core.webui.keyword.builtin.ClickKeyword.execute(ClickKeyword.groovy:67)
	at com.kms.katalon.core.keyword.internal.KeywordExecutor.executeKeywordForPlatform(KeywordExecutor.groovy:53)
	at com.kms.katalon.core.webui.keyword.WebUiBuiltInKeywords.click(WebUiBuiltInKeywords.groovy:616)
	at com.kms.katalon.core.webui.keyword.WebUiBuiltInKeywords$click$4.call(Unknown Source)
	at CALL - PDP.run(CALL - PDP:55)
	at com.kms.katalon.core.main.ScriptEngine.run(ScriptEngine.java:194)
	at com.kms.katalon.core.main.ScriptEngine.runScriptAsRawText(ScriptEngine.java:119)
	at com.kms.katalon.core.main.TestCaseExecutor.runScript(TestCaseExecutor.java:328)
	at com.kms.katalon.core.main.TestCaseExecutor.doExecute(TestCaseExecutor.java:319)
	at com.kms.katalon.core.main.TestCaseExecutor.processExecutionPhase(TestCaseExecutor.java:298)
	at com.kms.katalon.core.main.TestCaseExecutor.accessMainPhase(TestCaseExecutor.java:290)
	at com.kms.katalon.core.main.TestCaseExecutor.execute(TestCaseExecutor.java:224)
	at com.kms.katalon.core.main.TestCaseMain.runTestCase(TestCaseMain.java:106)
	at com.kms.katalon.core.keyword.builtin.CallTestCaseKeyword$_callTestCase_closure1.doCall(CallTestCaseKeyword.groovy:59)
	at com.kms.katalon.core.keyword.builtin.CallTestCaseKeyword$_callTestCase_closure1.call(CallTestCaseKeyword.groovy)
	at com.kms.katalon.core.keyword.internal.KeywordMain.runKeyword(KeywordMain.groovy:54)
	at com.kms.katalon.core.keyword.builtin.CallTestCaseKeyword.callTestCase(CallTestCaseKeyword.groovy:80)
	at com.kms.katalon.core.keyword.builtin.CallTestCaseKeyword.execute(CallTestCaseKeyword.groovy:44)
	at com.kms.katalon.core.keyword.internal.KeywordExecutor.executeKeywordForPlatform(KeywordExecutor.groovy:53)
	at com.kms.katalon.core.keyword.BuiltinKeywords.callTestCase(BuiltinKeywords.groovy:334)
	at Add to bag CTA.run(Add to bag CTA:16)
	at com.kms.katalon.core.main.ScriptEngine.run(ScriptEngine.java:194)
	at com.kms.katalon.core.main.ScriptEngine.runScriptAsRawText(ScriptEngine.java:119)
	at com.kms.katalon.core.main.TestCaseExecutor.runScript(TestCaseExecutor.java:328)
	at com.kms.katalon.core.main.TestCaseExecutor.doExecute(TestCaseExecutor.java:319)
	at com.kms.katalon.core.main.TestCaseExecutor.processExecutionPhase(TestCaseExecutor.java:298)
	at com.kms.katalon.core.main.TestCaseExecutor.accessMainPhase(TestCaseExecutor.java:290)
	at com.kms.katalon.core.main.TestCaseExecutor.execute(TestCaseExecutor.java:224)
	at com.kms.katalon.core.main.TestSuiteExecutor.accessTestCaseMainPhase(TestSuiteExecutor.java:129)
	at com.kms.katalon.core.main.TestSuiteExecutor.accessTestSuiteMainPhase(TestSuiteExecutor.java:112)
	at com.kms.katalon.core.main.TestSuiteExecutor.execute(TestSuiteExecutor.java:81)
	at com.kms.katalon.core.main.TestCaseMain.startTestSuite(TestCaseMain.java:149)
	at com.kms.katalon.core.main.TestCaseMain$startTestSuite$0.call(Unknown Source)
	at TempTestSuite1560802135767.run(TempTestSuite1560802135767.groovy:36)]]></system-out>
         <system-err><![CDATA[2019-06-17 16:20:34 - [TEST_CASE][FAILED] - Test Cases/OCS - MOBILE/OCS- PRODUCT PAGE/Add to bag CTA: Test Cases/OCS - MOBILE/OCS- PRODUCT PAGE/Add to bag CTA FAILED.
Reason:
com.kms.katalon.core.exception.StepFailedException: Unable to click on object 'Object Repository/OCS-MOBILE /Age gate and burger menu/Dried Flower_Plus icon' (Root cause: org.openqa.selenium.WebDriverException: unknown error: Element <i class="icon icon--plus menu__tier-three__link--icon"></i> is not clickable at point (462, 120). Other element would receive the click: <ul class="menu__learn-more--mobile only-mobile-tablet">...</ul>
  (Session info: chrome=75.0.3770.90)
  (Driver info: chromedriver=2.43.600229 (3fae4d0cda5334b4f533bede5a4787f7b832d052),platform=Mac OS X 10.13.6 x86_64) (WARNING: The server did not provide any stacktrace information)
Command duration or timeout: 0 milliseconds
Build info: version: '3.7.1', revision: '8a0099a', time: '2017-11-06T21:07:36.161Z'
System info: host: 'sumans-MacBook-Pro.local', ip: 'fe80:0:0:0:10f0:11f1:8277:c429%en0', os.name: 'Mac OS X', os.arch: 'x86_64', os.version: '10.13.6', java.version: '1.8.0_181'
Driver info: com.kms.katalon.selenium.driver.CChromeDriver
Capabilities {acceptInsecureCerts: false, acceptSslCerts: false, applicationCacheEnabled: false, browserConnectionEnabled: false, browserName: chrome, chrome: {chromedriverVersion: 2.43.600229 (3fae4d0cda5334..., userDataDir: /var/folders/1t/c55l8xzs6gq...}, cssSelectorsEnabled: true, databaseEnabled: false, goog:chromeOptions: {debuggerAddress: localhost:61779}, handlesAlerts: true, hasTouchScreen: false, javascriptEnabled: true, locationContextEnabled: true, mobileEmulationEnabled: false, nativeEvents: true, networkConnectionEnabled: false, pageLoadStrategy: normal, platform: MAC, platformName: MAC, rotatable: false, setWindowRect: true, takesHeapSnapshot: true, takesScreenshot: true, unexpectedAlertBehaviour: , unhandledPromptBehavior: , version: 75.0.3770.90, webStorageEnabled: true}
Session ID: 810de15881d8d7ac1a3a666777306509)
	at com.kms.katalon.core.keyword.internal.KeywordMain.stepFailed(KeywordMain.groovy:36)
	at com.kms.katalon.core.webui.keyword.internal.WebUIKeywordMain.stepFailed(WebUIKeywordMain.groovy:65)
	at com.kms.katalon.core.webui.keyword.internal.WebUIKeywordMain.runKeyword(WebUIKeywordMain.groovy:27)
	at com.kms.katalon.core.webui.keyword.builtin.ClickKeyword.click(ClickKeyword.groovy:86)
	at com.kms.katalon.core.webui.keyword.builtin.ClickKeyword.execute(ClickKeyword.groovy:67)
	at com.kms.katalon.core.keyword.internal.KeywordExecutor.executeKeywordForPlatform(KeywordExecutor.groovy:53)
	at com.kms.katalon.core.webui.keyword.WebUiBuiltInKeywords.click(WebUiBuiltInKeywords.groovy:616)
	at com.kms.katalon.core.webui.keyword.WebUiBuiltInKeywords$click$4.call(Unknown Source)
	at CALL - PDP.run(CALL - PDP:55)
	at com.kms.katalon.core.main.ScriptEngine.run(ScriptEngine.java:194)
	at com.kms.katalon.core.main.ScriptEngine.runScriptAsRawText(ScriptEngine.java:119)
	at com.kms.katalon.core.main.TestCaseExecutor.runScript(TestCaseExecutor.java:328)
	at com.kms.katalon.core.main.TestCaseExecutor.doExecute(TestCaseExecutor.java:319)
	at com.kms.katalon.core.main.TestCaseExecutor.processExecutionPhase(TestCaseExecutor.java:298)
	at com.kms.katalon.core.main.TestCaseExecutor.accessMainPhase(TestCaseExecutor.java:290)
	at com.kms.katalon.core.main.TestCaseExecutor.execute(TestCaseExecutor.java:224)
	at com.kms.katalon.core.main.TestCaseMain.runTestCase(TestCaseMain.java:106)
	at com.kms.katalon.core.keyword.builtin.CallTestCaseKeyword$_callTestCase_closure1.doCall(CallTestCaseKeyword.groovy:59)
	at com.kms.katalon.core.keyword.builtin.CallTestCaseKeyword$_callTestCase_closure1.call(CallTestCaseKeyword.groovy)
	at com.kms.katalon.core.keyword.internal.KeywordMain.runKeyword(KeywordMain.groovy:54)
	at com.kms.katalon.core.keyword.builtin.CallTestCaseKeyword.callTestCase(CallTestCaseKeyword.groovy:80)
	at com.kms.katalon.core.keyword.builtin.CallTestCaseKeyword.execute(CallTestCaseKeyword.groovy:44)
	at com.kms.katalon.core.keyword.internal.KeywordExecutor.executeKeywordForPlatform(KeywordExecutor.groovy:53)
	at com.kms.katalon.core.keyword.BuiltinKeywords.callTestCase(BuiltinKeywords.groovy:334)
	at Add to bag CTA.run(Add to bag CTA:16)
	at com.kms.katalon.core.main.ScriptEngine.run(ScriptEngine.java:194)
	at com.kms.katalon.core.main.ScriptEngine.runScriptAsRawText(ScriptEngine.java:119)
	at com.kms.katalon.core.main.TestCaseExecutor.runScript(TestCaseExecutor.java:328)
	at com.kms.katalon.core.main.TestCaseExecutor.doExecute(TestCaseExecutor.java:319)
	at com.kms.katalon.core.main.TestCaseExecutor.processExecutionPhase(TestCaseExecutor.java:298)
	at com.kms.katalon.core.main.TestCaseExecutor.accessMainPhase(TestCaseExecutor.java:290)
	at com.kms.katalon.core.main.TestCaseExecutor.execute(TestCaseExecutor.java:224)
	at com.kms.katalon.core.main.TestSuiteExecutor.accessTestCaseMainPhase(TestSuiteExecutor.java:129)
	at com.kms.katalon.core.main.TestSuiteExecutor.accessTestSuiteMainPhase(TestSuiteExecutor.java:112)
	at com.kms.katalon.core.main.TestSuiteExecutor.execute(TestSuiteExecutor.java:81)
	at com.kms.katalon.core.main.TestCaseMain.startTestSuite(TestCaseMain.java:149)
	at com.kms.katalon.core.main.TestCaseMain$startTestSuite$0.call(Unknown Source)
	at TempTestSuite1560802135767.run(TempTestSuite1560802135767.groovy:36)]]></system-err>
      </testcase>
      <testcase name="Test Cases/OCS - MOBILE/OCS- PRODUCT PAGE/Shop all of our products" classname="Test Cases/OCS - MOBILE/OCS- PRODUCT PAGE/Shop all of our products" status="FAILED">
         <failure type="FAILED" message="Test Cases/OCS - MOBILE/OCS- PRODUCT PAGE/Shop all of our products FAILED.
Reason:
com.kms.katalon.core.exception.StepFailedException: Unable to click on object 'Object Repository/OCS-MOBILE /Age gate and burger menu/Dried Flower_Plus icon' (Root cause: org.openqa.selenium.WebDriverException: unknown error: Element &lt;i class=&quot;icon icon--plus menu__tier-three__link--icon&quot;>&lt;/i> is not clickable at point (462, 120). Other element would receive the click: &lt;ul class=&quot;menu__learn-more--mobile only-mobile-tablet&quot;>...&lt;/ul>
  (Session info: chrome=75.0.3770.90)
  (Driver info: chromedriver=2.43.600229 (3fae4d0cda5334b4f533bede5a4787f7b832d052),platform=Mac OS X 10.13.6 x86_64) (WARNING: The server did not provide any stacktrace information)
Command duration or timeout: 0 milliseconds
Build info: version: '3.7.1', revision: '8a0099a', time: '2017-11-06T21:07:36.161Z'
System info: host: 'sumans-MacBook-Pro.local', ip: 'fe80:0:0:0:10f0:11f1:8277:c429%en0', os.name: 'Mac OS X', os.arch: 'x86_64', os.version: '10.13.6', java.version: '1.8.0_181'
Driver info: com.kms.katalon.selenium.driver.CChromeDriver
Capabilities {acceptInsecureCerts: false, acceptSslCerts: false, applicationCacheEnabled: false, browserConnectionEnabled: false, browserName: chrome, chrome: {chromedriverVersion: 2.43.600229 (3fae4d0cda5334..., userDataDir: /var/folders/1t/c55l8xzs6gq...}, cssSelectorsEnabled: true, databaseEnabled: false, goog:chromeOptions: {debuggerAddress: localhost:61916}, handlesAlerts: true, hasTouchScreen: false, javascriptEnabled: true, locationContextEnabled: true, mobileEmulationEnabled: false, nativeEvents: true, networkConnectionEnabled: false, pageLoadStrategy: normal, platform: MAC, platformName: MAC, rotatable: false, setWindowRect: true, takesHeapSnapshot: true, takesScreenshot: true, unexpectedAlertBehaviour: , unhandledPromptBehavior: , version: 75.0.3770.90, webStorageEnabled: true}
Session ID: bf35c7ab6679455273bcfbed1d2440fc)
	at com.kms.katalon.core.keyword.internal.KeywordMain.stepFailed(KeywordMain.groovy:36)
	at com.kms.katalon.core.webui.keyword.internal.WebUIKeywordMain.stepFailed(WebUIKeywordMain.groovy:65)
	at com.kms.katalon.core.webui.keyword.internal.WebUIKeywordMain.runKeyword(WebUIKeywordMain.groovy:27)
	at com.kms.katalon.core.webui.keyword.builtin.ClickKeyword.click(ClickKeyword.groovy:86)
	at com.kms.katalon.core.webui.keyword.builtin.ClickKeyword.execute(ClickKeyword.groovy:67)
	at com.kms.katalon.core.keyword.internal.KeywordExecutor.executeKeywordForPlatform(KeywordExecutor.groovy:53)
	at com.kms.katalon.core.webui.keyword.WebUiBuiltInKeywords.click(WebUiBuiltInKeywords.groovy:616)
	at com.kms.katalon.core.webui.keyword.WebUiBuiltInKeywords$click$4.call(Unknown Source)
	at CALL - PDP.run(CALL - PDP:55)
	at com.kms.katalon.core.main.ScriptEngine.run(ScriptEngine.java:194)
	at com.kms.katalon.core.main.ScriptEngine.runScriptAsRawText(ScriptEngine.java:119)
	at com.kms.katalon.core.main.TestCaseExecutor.runScript(TestCaseExecutor.java:328)
	at com.kms.katalon.core.main.TestCaseExecutor.doExecute(TestCaseExecutor.java:319)
	at com.kms.katalon.core.main.TestCaseExecutor.processExecutionPhase(TestCaseExecutor.java:298)
	at com.kms.katalon.core.main.TestCaseExecutor.accessMainPhase(TestCaseExecutor.java:290)
	at com.kms.katalon.core.main.TestCaseExecutor.execute(TestCaseExecutor.java:224)
	at com.kms.katalon.core.main.TestCaseMain.runTestCase(TestCaseMain.java:106)
	at com.kms.katalon.core.keyword.builtin.CallTestCaseKeyword$_callTestCase_closure1.doCall(CallTestCaseKeyword.groovy:59)
	at com.kms.katalon.core.keyword.builtin.CallTestCaseKeyword$_callTestCase_closure1.call(CallTestCaseKeyword.groovy)
	at com.kms.katalon.core.keyword.internal.KeywordMain.runKeyword(KeywordMain.groovy:54)
	at com.kms.katalon.core.keyword.builtin.CallTestCaseKeyword.callTestCase(CallTestCaseKeyword.groovy:80)
	at com.kms.katalon.core.keyword.builtin.CallTestCaseKeyword.execute(CallTestCaseKeyword.groovy:44)
	at com.kms.katalon.core.keyword.internal.KeywordExecutor.executeKeywordForPlatform(KeywordExecutor.groovy:53)
	at com.kms.katalon.core.keyword.BuiltinKeywords.callTestCase(BuiltinKeywords.groovy:334)
	at Shop all of our products.run(Shop all of our products:16)
	at com.kms.katalon.core.main.ScriptEngine.run(ScriptEngine.java:194)
	at com.kms.katalon.core.main.ScriptEngine.runScriptAsRawText(ScriptEngine.java:119)
	at com.kms.katalon.core.main.TestCaseExecutor.runScript(TestCaseExecutor.java:328)
	at com.kms.katalon.core.main.TestCaseExecutor.doExecute(TestCaseExecutor.java:319)
	at com.kms.katalon.core.main.TestCaseExecutor.processExecutionPhase(TestCaseExecutor.java:298)
	at com.kms.katalon.core.main.TestCaseExecutor.accessMainPhase(TestCaseExecutor.java:290)
	at com.kms.katalon.core.main.TestCaseExecutor.execute(TestCaseExecutor.java:224)
	at com.kms.katalon.core.main.TestSuiteExecutor.accessTestCaseMainPhase(TestSuiteExecutor.java:129)
	at com.kms.katalon.core.main.TestSuiteExecutor.accessTestSuiteMainPhase(TestSuiteExecutor.java:112)
	at com.kms.katalon.core.main.TestSuiteExecutor.execute(TestSuiteExecutor.java:81)
	at com.kms.katalon.core.main.TestCaseMain.startTestSuite(TestCaseMain.java:149)
	at com.kms.katalon.core.main.TestCaseMain$startTestSuite$0.call(Unknown Source)
	at TempTestSuite1560802135767.run(TempTestSuite1560802135767.groovy:36)
"/>
         <system-out><![CDATA[2019-06-17 16:20:57 - [TEST_CASE][FAILED] - Test Cases/OCS - MOBILE/OCS- PRODUCT PAGE/Shop all of our products: Test Cases/OCS - MOBILE/OCS- PRODUCT PAGE/Shop all of our products FAILED.
Reason:
com.kms.katalon.core.exception.StepFailedException: Unable to click on object 'Object Repository/OCS-MOBILE /Age gate and burger menu/Dried Flower_Plus icon' (Root cause: org.openqa.selenium.WebDriverException: unknown error: Element <i class="icon icon--plus menu__tier-three__link--icon"></i> is not clickable at point (462, 120). Other element would receive the click: <ul class="menu__learn-more--mobile only-mobile-tablet">...</ul>
  (Session info: chrome=75.0.3770.90)
  (Driver info: chromedriver=2.43.600229 (3fae4d0cda5334b4f533bede5a4787f7b832d052),platform=Mac OS X 10.13.6 x86_64) (WARNING: The server did not provide any stacktrace information)
Command duration or timeout: 0 milliseconds
Build info: version: '3.7.1', revision: '8a0099a', time: '2017-11-06T21:07:36.161Z'
System info: host: 'sumans-MacBook-Pro.local', ip: 'fe80:0:0:0:10f0:11f1:8277:c429%en0', os.name: 'Mac OS X', os.arch: 'x86_64', os.version: '10.13.6', java.version: '1.8.0_181'
Driver info: com.kms.katalon.selenium.driver.CChromeDriver
Capabilities {acceptInsecureCerts: false, acceptSslCerts: false, applicationCacheEnabled: false, browserConnectionEnabled: false, browserName: chrome, chrome: {chromedriverVersion: 2.43.600229 (3fae4d0cda5334..., userDataDir: /var/folders/1t/c55l8xzs6gq...}, cssSelectorsEnabled: true, databaseEnabled: false, goog:chromeOptions: {debuggerAddress: localhost:61916}, handlesAlerts: true, hasTouchScreen: false, javascriptEnabled: true, locationContextEnabled: true, mobileEmulationEnabled: false, nativeEvents: true, networkConnectionEnabled: false, pageLoadStrategy: normal, platform: MAC, platformName: MAC, rotatable: false, setWindowRect: true, takesHeapSnapshot: true, takesScreenshot: true, unexpectedAlertBehaviour: , unhandledPromptBehavior: , version: 75.0.3770.90, webStorageEnabled: true}
Session ID: bf35c7ab6679455273bcfbed1d2440fc)
	at com.kms.katalon.core.keyword.internal.KeywordMain.stepFailed(KeywordMain.groovy:36)
	at com.kms.katalon.core.webui.keyword.internal.WebUIKeywordMain.stepFailed(WebUIKeywordMain.groovy:65)
	at com.kms.katalon.core.webui.keyword.internal.WebUIKeywordMain.runKeyword(WebUIKeywordMain.groovy:27)
	at com.kms.katalon.core.webui.keyword.builtin.ClickKeyword.click(ClickKeyword.groovy:86)
	at com.kms.katalon.core.webui.keyword.builtin.ClickKeyword.execute(ClickKeyword.groovy:67)
	at com.kms.katalon.core.keyword.internal.KeywordExecutor.executeKeywordForPlatform(KeywordExecutor.groovy:53)
	at com.kms.katalon.core.webui.keyword.WebUiBuiltInKeywords.click(WebUiBuiltInKeywords.groovy:616)
	at com.kms.katalon.core.webui.keyword.WebUiBuiltInKeywords$click$4.call(Unknown Source)
	at CALL - PDP.run(CALL - PDP:55)
	at com.kms.katalon.core.main.ScriptEngine.run(ScriptEngine.java:194)
	at com.kms.katalon.core.main.ScriptEngine.runScriptAsRawText(ScriptEngine.java:119)
	at com.kms.katalon.core.main.TestCaseExecutor.runScript(TestCaseExecutor.java:328)
	at com.kms.katalon.core.main.TestCaseExecutor.doExecute(TestCaseExecutor.java:319)
	at com.kms.katalon.core.main.TestCaseExecutor.processExecutionPhase(TestCaseExecutor.java:298)
	at com.kms.katalon.core.main.TestCaseExecutor.accessMainPhase(TestCaseExecutor.java:290)
	at com.kms.katalon.core.main.TestCaseExecutor.execute(TestCaseExecutor.java:224)
	at com.kms.katalon.core.main.TestCaseMain.runTestCase(TestCaseMain.java:106)
	at com.kms.katalon.core.keyword.builtin.CallTestCaseKeyword$_callTestCase_closure1.doCall(CallTestCaseKeyword.groovy:59)
	at com.kms.katalon.core.keyword.builtin.CallTestCaseKeyword$_callTestCase_closure1.call(CallTestCaseKeyword.groovy)
	at com.kms.katalon.core.keyword.internal.KeywordMain.runKeyword(KeywordMain.groovy:54)
	at com.kms.katalon.core.keyword.builtin.CallTestCaseKeyword.callTestCase(CallTestCaseKeyword.groovy:80)
	at com.kms.katalon.core.keyword.builtin.CallTestCaseKeyword.execute(CallTestCaseKeyword.groovy:44)
	at com.kms.katalon.core.keyword.internal.KeywordExecutor.executeKeywordForPlatform(KeywordExecutor.groovy:53)
	at com.kms.katalon.core.keyword.BuiltinKeywords.callTestCase(BuiltinKeywords.groovy:334)
	at Shop all of our products.run(Shop all of our products:16)
	at com.kms.katalon.core.main.ScriptEngine.run(ScriptEngine.java:194)
	at com.kms.katalon.core.main.ScriptEngine.runScriptAsRawText(ScriptEngine.java:119)
	at com.kms.katalon.core.main.TestCaseExecutor.runScript(TestCaseExecutor.java:328)
	at com.kms.katalon.core.main.TestCaseExecutor.doExecute(TestCaseExecutor.java:319)
	at com.kms.katalon.core.main.TestCaseExecutor.processExecutionPhase(TestCaseExecutor.java:298)
	at com.kms.katalon.core.main.TestCaseExecutor.accessMainPhase(TestCaseExecutor.java:290)
	at com.kms.katalon.core.main.TestCaseExecutor.execute(TestCaseExecutor.java:224)
	at com.kms.katalon.core.main.TestSuiteExecutor.accessTestCaseMainPhase(TestSuiteExecutor.java:129)
	at com.kms.katalon.core.main.TestSuiteExecutor.accessTestSuiteMainPhase(TestSuiteExecutor.java:112)
	at com.kms.katalon.core.main.TestSuiteExecutor.execute(TestSuiteExecutor.java:81)
	at com.kms.katalon.core.main.TestCaseMain.startTestSuite(TestCaseMain.java:149)
	at com.kms.katalon.core.main.TestCaseMain$startTestSuite$0.call(Unknown Source)
	at TempTestSuite1560802135767.run(TempTestSuite1560802135767.groovy:36)


2019-06-17 16:20:57 - [TEST_STEP][FAILED] - callTestCase(findTestCase("OCS - MOBILE/CALL - PDP"), [:], STOP_ON_FAILURE): callTestCase(findTestCase("OCS - MOBILE/CALL - PDP"), [:], STOP_ON_FAILURE) FAILED.
Reason:
com.kms.katalon.core.exception.StepFailedException: Unable to click on object 'Object Repository/OCS-MOBILE /Age gate and burger menu/Dried Flower_Plus icon' (Root cause: org.openqa.selenium.WebDriverException: unknown error: Element <i class="icon icon--plus menu__tier-three__link--icon"></i> is not clickable at point (462, 120). Other element would receive the click: <ul class="menu__learn-more--mobile only-mobile-tablet">...</ul>
  (Session info: chrome=75.0.3770.90)
  (Driver info: chromedriver=2.43.600229 (3fae4d0cda5334b4f533bede5a4787f7b832d052),platform=Mac OS X 10.13.6 x86_64) (WARNING: The server did not provide any stacktrace information)
Command duration or timeout: 0 milliseconds
Build info: version: '3.7.1', revision: '8a0099a', time: '2017-11-06T21:07:36.161Z'
System info: host: 'sumans-MacBook-Pro.local', ip: 'fe80:0:0:0:10f0:11f1:8277:c429%en0', os.name: 'Mac OS X', os.arch: 'x86_64', os.version: '10.13.6', java.version: '1.8.0_181'
Driver info: com.kms.katalon.selenium.driver.CChromeDriver
Capabilities {acceptInsecureCerts: false, acceptSslCerts: false, applicationCacheEnabled: false, browserConnectionEnabled: false, browserName: chrome, chrome: {chromedriverVersion: 2.43.600229 (3fae4d0cda5334..., userDataDir: /var/folders/1t/c55l8xzs6gq...}, cssSelectorsEnabled: true, databaseEnabled: false, goog:chromeOptions: {debuggerAddress: localhost:61916}, handlesAlerts: true, hasTouchScreen: false, javascriptEnabled: true, locationContextEnabled: true, mobileEmulationEnabled: false, nativeEvents: true, networkConnectionEnabled: false, pageLoadStrategy: normal, platform: MAC, platformName: MAC, rotatable: false, setWindowRect: true, takesHeapSnapshot: true, takesScreenshot: true, unexpectedAlertBehaviour: , unhandledPromptBehavior: , version: 75.0.3770.90, webStorageEnabled: true}
Session ID: bf35c7ab6679455273bcfbed1d2440fc)
	at com.kms.katalon.core.keyword.internal.KeywordMain.stepFailed(KeywordMain.groovy:36)
	at com.kms.katalon.core.webui.keyword.internal.WebUIKeywordMain.stepFailed(WebUIKeywordMain.groovy:65)
	at com.kms.katalon.core.webui.keyword.internal.WebUIKeywordMain.runKeyword(WebUIKeywordMain.groovy:27)
	at com.kms.katalon.core.webui.keyword.builtin.ClickKeyword.click(ClickKeyword.groovy:86)
	at com.kms.katalon.core.webui.keyword.builtin.ClickKeyword.execute(ClickKeyword.groovy:67)
	at com.kms.katalon.core.keyword.internal.KeywordExecutor.executeKeywordForPlatform(KeywordExecutor.groovy:53)
	at com.kms.katalon.core.webui.keyword.WebUiBuiltInKeywords.click(WebUiBuiltInKeywords.groovy:616)
	at com.kms.katalon.core.webui.keyword.WebUiBuiltInKeywords$click$4.call(Unknown Source)
	at CALL - PDP.run(CALL - PDP:55)
	at com.kms.katalon.core.main.ScriptEngine.run(ScriptEngine.java:194)
	at com.kms.katalon.core.main.ScriptEngine.runScriptAsRawText(ScriptEngine.java:119)
	at com.kms.katalon.core.main.TestCaseExecutor.runScript(TestCaseExecutor.java:328)
	at com.kms.katalon.core.main.TestCaseExecutor.doExecute(TestCaseExecutor.java:319)
	at com.kms.katalon.core.main.TestCaseExecutor.processExecutionPhase(TestCaseExecutor.java:298)
	at com.kms.katalon.core.main.TestCaseExecutor.accessMainPhase(TestCaseExecutor.java:290)
	at com.kms.katalon.core.main.TestCaseExecutor.execute(TestCaseExecutor.java:224)
	at com.kms.katalon.core.main.TestCaseMain.runTestCase(TestCaseMain.java:106)
	at com.kms.katalon.core.keyword.builtin.CallTestCaseKeyword$_callTestCase_closure1.doCall(CallTestCaseKeyword.groovy:59)
	at com.kms.katalon.core.keyword.builtin.CallTestCaseKeyword$_callTestCase_closure1.call(CallTestCaseKeyword.groovy)
	at com.kms.katalon.core.keyword.internal.KeywordMain.runKeyword(KeywordMain.groovy:54)
	at com.kms.katalon.core.keyword.builtin.CallTestCaseKeyword.callTestCase(CallTestCaseKeyword.groovy:80)
	at com.kms.katalon.core.keyword.builtin.CallTestCaseKeyword.execute(CallTestCaseKeyword.groovy:44)
	at com.kms.katalon.core.keyword.internal.KeywordExecutor.executeKeywordForPlatform(KeywordExecutor.groovy:53)
	at com.kms.katalon.core.keyword.BuiltinKeywords.callTestCase(BuiltinKeywords.groovy:334)
	at Shop all of our products.run(Shop all of our products:16)
	at com.kms.katalon.core.main.ScriptEngine.run(ScriptEngine.java:194)
	at com.kms.katalon.core.main.ScriptEngine.runScriptAsRawText(ScriptEngine.java:119)
	at com.kms.katalon.core.main.TestCaseExecutor.runScript(TestCaseExecutor.java:328)
	at com.kms.katalon.core.main.TestCaseExecutor.doExecute(TestCaseExecutor.java:319)
	at com.kms.katalon.core.main.TestCaseExecutor.processExecutionPhase(TestCaseExecutor.java:298)
	at com.kms.katalon.core.main.TestCaseExecutor.accessMainPhase(TestCaseExecutor.java:290)
	at com.kms.katalon.core.main.TestCaseExecutor.execute(TestCaseExecutor.java:224)
	at com.kms.katalon.core.main.TestSuiteExecutor.accessTestCaseMainPhase(TestSuiteExecutor.java:129)
	at com.kms.katalon.core.main.TestSuiteExecutor.accessTestSuiteMainPhase(TestSuiteExecutor.java:112)
	at com.kms.katalon.core.main.TestSuiteExecutor.execute(TestSuiteExecutor.java:81)
	at com.kms.katalon.core.main.TestCaseMain.startTestSuite(TestCaseMain.java:149)
	at com.kms.katalon.core.main.TestCaseMain$startTestSuite$0.call(Unknown Source)
	at TempTestSuite1560802135767.run(TempTestSuite1560802135767.groovy:36)


2019-06-17 16:20:57 - [TEST_CASE][FAILED] - Test Cases/OCS - MOBILE/CALL - PDP: Test Cases/OCS - MOBILE/CALL - PDP FAILED.
Reason:
com.kms.katalon.core.exception.StepFailedException: Unable to click on object 'Object Repository/OCS-MOBILE /Age gate and burger menu/Dried Flower_Plus icon' (Root cause: org.openqa.selenium.WebDriverException: unknown error: Element <i class="icon icon--plus menu__tier-three__link--icon"></i> is not clickable at point (462, 120). Other element would receive the click: <ul class="menu__learn-more--mobile only-mobile-tablet">...</ul>
  (Session info: chrome=75.0.3770.90)
  (Driver info: chromedriver=2.43.600229 (3fae4d0cda5334b4f533bede5a4787f7b832d052),platform=Mac OS X 10.13.6 x86_64) (WARNING: The server did not provide any stacktrace information)
Command duration or timeout: 0 milliseconds
Build info: version: '3.7.1', revision: '8a0099a', time: '2017-11-06T21:07:36.161Z'
System info: host: 'sumans-MacBook-Pro.local', ip: 'fe80:0:0:0:10f0:11f1:8277:c429%en0', os.name: 'Mac OS X', os.arch: 'x86_64', os.version: '10.13.6', java.version: '1.8.0_181'
Driver info: com.kms.katalon.selenium.driver.CChromeDriver
Capabilities {acceptInsecureCerts: false, acceptSslCerts: false, applicationCacheEnabled: false, browserConnectionEnabled: false, browserName: chrome, chrome: {chromedriverVersion: 2.43.600229 (3fae4d0cda5334..., userDataDir: /var/folders/1t/c55l8xzs6gq...}, cssSelectorsEnabled: true, databaseEnabled: false, goog:chromeOptions: {debuggerAddress: localhost:61916}, handlesAlerts: true, hasTouchScreen: false, javascriptEnabled: true, locationContextEnabled: true, mobileEmulationEnabled: false, nativeEvents: true, networkConnectionEnabled: false, pageLoadStrategy: normal, platform: MAC, platformName: MAC, rotatable: false, setWindowRect: true, takesHeapSnapshot: true, takesScreenshot: true, unexpectedAlertBehaviour: , unhandledPromptBehavior: , version: 75.0.3770.90, webStorageEnabled: true}
Session ID: bf35c7ab6679455273bcfbed1d2440fc)
	at com.kms.katalon.core.keyword.internal.KeywordMain.stepFailed(KeywordMain.groovy:36)
	at com.kms.katalon.core.webui.keyword.internal.WebUIKeywordMain.stepFailed(WebUIKeywordMain.groovy:65)
	at com.kms.katalon.core.webui.keyword.internal.WebUIKeywordMain.runKeyword(WebUIKeywordMain.groovy:27)
	at com.kms.katalon.core.webui.keyword.builtin.ClickKeyword.click(ClickKeyword.groovy:86)
	at com.kms.katalon.core.webui.keyword.builtin.ClickKeyword.execute(ClickKeyword.groovy:67)
	at com.kms.katalon.core.keyword.internal.KeywordExecutor.executeKeywordForPlatform(KeywordExecutor.groovy:53)
	at com.kms.katalon.core.webui.keyword.WebUiBuiltInKeywords.click(WebUiBuiltInKeywords.groovy:616)
	at com.kms.katalon.core.webui.keyword.WebUiBuiltInKeywords$click$4.call(Unknown Source)
	at CALL - PDP.run(CALL - PDP:55)
	at com.kms.katalon.core.main.ScriptEngine.run(ScriptEngine.java:194)
	at com.kms.katalon.core.main.ScriptEngine.runScriptAsRawText(ScriptEngine.java:119)
	at com.kms.katalon.core.main.TestCaseExecutor.runScript(TestCaseExecutor.java:328)
	at com.kms.katalon.core.main.TestCaseExecutor.doExecute(TestCaseExecutor.java:319)
	at com.kms.katalon.core.main.TestCaseExecutor.processExecutionPhase(TestCaseExecutor.java:298)
	at com.kms.katalon.core.main.TestCaseExecutor.accessMainPhase(TestCaseExecutor.java:290)
	at com.kms.katalon.core.main.TestCaseExecutor.execute(TestCaseExecutor.java:224)
	at com.kms.katalon.core.main.TestCaseMain.runTestCase(TestCaseMain.java:106)
	at com.kms.katalon.core.keyword.builtin.CallTestCaseKeyword$_callTestCase_closure1.doCall(CallTestCaseKeyword.groovy:59)
	at com.kms.katalon.core.keyword.builtin.CallTestCaseKeyword$_callTestCase_closure1.call(CallTestCaseKeyword.groovy)
	at com.kms.katalon.core.keyword.internal.KeywordMain.runKeyword(KeywordMain.groovy:54)
	at com.kms.katalon.core.keyword.builtin.CallTestCaseKeyword.callTestCase(CallTestCaseKeyword.groovy:80)
	at com.kms.katalon.core.keyword.builtin.CallTestCaseKeyword.execute(CallTestCaseKeyword.groovy:44)
	at com.kms.katalon.core.keyword.internal.KeywordExecutor.executeKeywordForPlatform(KeywordExecutor.groovy:53)
	at com.kms.katalon.core.keyword.BuiltinKeywords.callTestCase(BuiltinKeywords.groovy:334)
	at Shop all of our products.run(Shop all of our products:16)
	at com.kms.katalon.core.main.ScriptEngine.run(ScriptEngine.java:194)
	at com.kms.katalon.core.main.ScriptEngine.runScriptAsRawText(ScriptEngine.java:119)
	at com.kms.katalon.core.main.TestCaseExecutor.runScript(TestCaseExecutor.java:328)
	at com.kms.katalon.core.main.TestCaseExecutor.doExecute(TestCaseExecutor.java:319)
	at com.kms.katalon.core.main.TestCaseExecutor.processExecutionPhase(TestCaseExecutor.java:298)
	at com.kms.katalon.core.main.TestCaseExecutor.accessMainPhase(TestCaseExecutor.java:290)
	at com.kms.katalon.core.main.TestCaseExecutor.execute(TestCaseExecutor.java:224)
	at com.kms.katalon.core.main.TestSuiteExecutor.accessTestCaseMainPhase(TestSuiteExecutor.java:129)
	at com.kms.katalon.core.main.TestSuiteExecutor.accessTestSuiteMainPhase(TestSuiteExecutor.java:112)
	at com.kms.katalon.core.main.TestSuiteExecutor.execute(TestSuiteExecutor.java:81)
	at com.kms.katalon.core.main.TestCaseMain.startTestSuite(TestCaseMain.java:149)
	at com.kms.katalon.core.main.TestCaseMain$startTestSuite$0.call(Unknown Source)
	at TempTestSuite1560802135767.run(TempTestSuite1560802135767.groovy:36)


2019-06-17 16:20:57 - [TEST_STEP][PASSED] - openBrowser(""): Browser is opened with url: ''

2019-06-17 16:20:57 - [MESSAGE][WARNING] - A browser is already opened. Closing browser and opening a new one

2019-06-17 16:20:57 - [MESSAGE][INFO] - Starting 'Chrome' driver

2019-06-17 16:20:58 - [MESSAGE][PASSED] - Browser is opened with url: ''

2019-06-17 16:20:58 - [TEST_STEP][PASSED] - navigateToUrl("https://ocs.ca/?fts=0&preview_theme_id=72920106828"): Navigate to 'https://ocs.ca/?fts=0&preview_theme_id=72920106828' successfully

2019-06-17 16:21:05 - [MESSAGE][PASSED] - Navigate to 'https://ocs.ca/?fts=0&preview_theme_id=72920106828' successfully

2019-06-17 16:21:05 - [TEST_STEP][PASSED] - executeJavaScript("var previewBar = document.getElementById("preview-bar-iframe"); previewBar.style.display = "none";", []): Execute JavaScript 'var previewBar = document.getElementById("preview-bar-iframe"); previewBar.style.display = "none";' successfully

2019-06-17 16:21:05 - [MESSAGE][PASSED] - Execute JavaScript 'var previewBar = document.getElementById("preview-bar-iframe"); previewBar.style.display = "none";' successfully

2019-06-17 16:21:05 - [TEST_STEP][PASSED] - setViewPortSize(360, 800): Viewport is set to new size with width = 360 and height = 800

2019-06-17 16:21:05 - [MESSAGE][PASSED] - Viewport is set to new size with width = 360 and height = 800

2019-06-17 16:21:05 - [TEST_STEP][PASSED] - delay(4): Delayed 4 second(s)

2019-06-17 16:21:09 - [MESSAGE][PASSED] - Delayed 4 second(s)

2019-06-17 16:21:09 - [TEST_STEP][PASSED] - selectOptionByValue(findTestObject("OCS-MOBILE /Age gate and burger menu/Date"), "12", true): All options with value '12' are selected in object 'Object Repository/OCS-MOBILE /Age gate and burger menu/Date'  using regular expression

2019-06-17 16:21:09 - [MESSAGE][PASSED] - All options with value '12' are selected in object 'Object Repository/OCS-MOBILE /Age gate and burger menu/Date'  using regular expression

2019-06-17 16:21:09 - [TEST_STEP][PASSED] - selectOptionByValue(findTestObject("OCS-MOBILE /Age gate and burger menu/month"), "6", true): All options with value '6' are selected in object 'Object Repository/OCS-MOBILE /Age gate and burger menu/month'  using regular expression

2019-06-17 16:21:10 - [MESSAGE][PASSED] - All options with value '6' are selected in object 'Object Repository/OCS-MOBILE /Age gate and burger menu/month'  using regular expression

2019-06-17 16:21:10 - [TEST_STEP][PASSED] - delay(2): Delayed 2 second(s)

2019-06-17 16:21:12 - [MESSAGE][PASSED] - Delayed 2 second(s)

2019-06-17 16:21:12 - [TEST_STEP][PASSED] - selectOptionByValue(findTestObject("OCS-MOBILE /Age gate and burger menu/Year Dropdown"), "1990", true): All options with value '1990' are selected in object 'Object Repository/OCS-MOBILE /Age gate and burger menu/Year Dropdown'  using regular expression

2019-06-17 16:21:13 - [MESSAGE][PASSED] - All options with value '1990' are selected in object 'Object Repository/OCS-MOBILE /Age gate and burger menu/Year Dropdown'  using regular expression

2019-06-17 16:21:13 - [TEST_STEP][PASSED] - click(findTestObject("OCS-MOBILE /Age gate and Mega menu/button_Verify")): Object: 'Object Repository/OCS-MOBILE /Age gate and Mega menu/button_Verify' is clicked on

2019-06-17 16:21:13 - [MESSAGE][PASSED] - Object: 'Object Repository/OCS-MOBILE /Age gate and Mega menu/button_Verify' is clicked on

2019-06-17 16:21:13 - [TEST_STEP][PASSED] - click(findTestObject("OCS-MOBILE /Age gate and Mega menu/Checkbox_CONFIRM AND ACKNOWLEDGE")): Object: 'Object Repository/OCS-MOBILE /Age gate and Mega menu/Checkbox_CONFIRM AND ACKNOWLEDGE' is clicked on

2019-06-17 16:21:13 - [MESSAGE][PASSED] - Object: 'Object Repository/OCS-MOBILE /Age gate and Mega menu/Checkbox_CONFIRM AND ACKNOWLEDGE' is clicked on

2019-06-17 16:21:13 - [TEST_STEP][PASSED] - click(findTestObject("OCS-MOBILE /Age gate and Mega menu/button_CONFIRM")): Object: 'Object Repository/OCS-MOBILE /Age gate and Mega menu/button_CONFIRM' is clicked on

2019-06-17 16:21:13 - [MESSAGE][PASSED] - Object: 'Object Repository/OCS-MOBILE /Age gate and Mega menu/button_CONFIRM' is clicked on

2019-06-17 16:21:13 - [TEST_STEP][PASSED] - click(findTestObject("OCS-MOBILE /Age gate and Mega menu/button_Start Browsing")): Object: 'Object Repository/OCS-MOBILE /Age gate and Mega menu/button_Start Browsing' is clicked on

2019-06-17 16:21:13 - [MESSAGE][PASSED] - Object: 'Object Repository/OCS-MOBILE /Age gate and Mega menu/button_Start Browsing' is clicked on

2019-06-17 16:21:13 - [TEST_STEP][PASSED] - refresh(): Refresh successfully

2019-06-17 16:21:13 - [MESSAGE][PASSED] - Refresh successfully

2019-06-17 16:21:13 - [TEST_STEP][PASSED] - delay(2): Delayed 2 second(s)

2019-06-17 16:21:15 - [MESSAGE][PASSED] - Delayed 2 second(s)

2019-06-17 16:21:15 - [TEST_STEP][PASSED] - click(findTestObject("OCS-MOBILE /Age gate and burger menu/Burger menu - English")): Object: 'Object Repository/OCS-MOBILE /Age gate and burger menu/Burger menu - English' is clicked on

2019-06-17 16:21:18 - [MESSAGE][PASSED] - Object: 'Object Repository/OCS-MOBILE /Age gate and burger menu/Burger menu - English' is clicked on

2019-06-17 16:21:18 - [TEST_STEP][PASSED] - delay(2): Delayed 2 second(s)

2019-06-17 16:21:20 - [MESSAGE][PASSED] - Delayed 2 second(s)

2019-06-17 16:21:20 - [TEST_STEP][PASSED] - click(findTestObject("OCS-MOBILE /Age gate and burger menu/Chevron_Cannabis")): Object: 'Object Repository/OCS-MOBILE /Age gate and burger menu/Chevron_Cannabis' is clicked on

2019-06-17 16:21:20 - [MESSAGE][PASSED] - Object: 'Object Repository/OCS-MOBILE /Age gate and burger menu/Chevron_Cannabis' is clicked on

2019-06-17 16:21:20 - [TEST_STEP][PASSED] - delay(2): Delayed 2 second(s)

2019-06-17 16:21:22 - [MESSAGE][PASSED] - Delayed 2 second(s)

2019-06-17 16:21:22 - [TEST_STEP][FAILED] - click(findTestObject("OCS-MOBILE /Age gate and burger menu/Dried Flower_Plus icon")): click(findTestObject("OCS-MOBILE /Age gate and burger menu/Dried Flower_Plus icon")) FAILED.
Reason:
com.kms.katalon.core.exception.StepFailedException: Unable to click on object 'Object Repository/OCS-MOBILE /Age gate and burger menu/Dried Flower_Plus icon' (Root cause: org.openqa.selenium.WebDriverException: unknown error: Element <i class="icon icon--plus menu__tier-three__link--icon"></i> is not clickable at point (462, 120). Other element would receive the click: <ul class="menu__learn-more--mobile only-mobile-tablet">...</ul>
  (Session info: chrome=75.0.3770.90)
  (Driver info: chromedriver=2.43.600229 (3fae4d0cda5334b4f533bede5a4787f7b832d052),platform=Mac OS X 10.13.6 x86_64) (WARNING: The server did not provide any stacktrace information)
Command duration or timeout: 0 milliseconds
Build info: version: '3.7.1', revision: '8a0099a', time: '2017-11-06T21:07:36.161Z'
System info: host: 'sumans-MacBook-Pro.local', ip: 'fe80:0:0:0:10f0:11f1:8277:c429%en0', os.name: 'Mac OS X', os.arch: 'x86_64', os.version: '10.13.6', java.version: '1.8.0_181'
Driver info: com.kms.katalon.selenium.driver.CChromeDriver
Capabilities {acceptInsecureCerts: false, acceptSslCerts: false, applicationCacheEnabled: false, browserConnectionEnabled: false, browserName: chrome, chrome: {chromedriverVersion: 2.43.600229 (3fae4d0cda5334..., userDataDir: /var/folders/1t/c55l8xzs6gq...}, cssSelectorsEnabled: true, databaseEnabled: false, goog:chromeOptions: {debuggerAddress: localhost:61916}, handlesAlerts: true, hasTouchScreen: false, javascriptEnabled: true, locationContextEnabled: true, mobileEmulationEnabled: false, nativeEvents: true, networkConnectionEnabled: false, pageLoadStrategy: normal, platform: MAC, platformName: MAC, rotatable: false, setWindowRect: true, takesHeapSnapshot: true, takesScreenshot: true, unexpectedAlertBehaviour: , unhandledPromptBehavior: , version: 75.0.3770.90, webStorageEnabled: true}
Session ID: bf35c7ab6679455273bcfbed1d2440fc)
	at com.kms.katalon.core.keyword.internal.KeywordMain.stepFailed(KeywordMain.groovy:36)
	at com.kms.katalon.core.webui.keyword.internal.WebUIKeywordMain.stepFailed(WebUIKeywordMain.groovy:65)
	at com.kms.katalon.core.webui.keyword.internal.WebUIKeywordMain.runKeyword(WebUIKeywordMain.groovy:27)
	at com.kms.katalon.core.webui.keyword.builtin.ClickKeyword.click(ClickKeyword.groovy:86)
	at com.kms.katalon.core.webui.keyword.builtin.ClickKeyword.execute(ClickKeyword.groovy:67)
	at com.kms.katalon.core.keyword.internal.KeywordExecutor.executeKeywordForPlatform(KeywordExecutor.groovy:53)
	at com.kms.katalon.core.webui.keyword.WebUiBuiltInKeywords.click(WebUiBuiltInKeywords.groovy:616)
	at com.kms.katalon.core.webui.keyword.WebUiBuiltInKeywords$click$4.call(Unknown Source)
	at CALL - PDP.run(CALL - PDP:55)
	at com.kms.katalon.core.main.ScriptEngine.run(ScriptEngine.java:194)
	at com.kms.katalon.core.main.ScriptEngine.runScriptAsRawText(ScriptEngine.java:119)
	at com.kms.katalon.core.main.TestCaseExecutor.runScript(TestCaseExecutor.java:328)
	at com.kms.katalon.core.main.TestCaseExecutor.doExecute(TestCaseExecutor.java:319)
	at com.kms.katalon.core.main.TestCaseExecutor.processExecutionPhase(TestCaseExecutor.java:298)
	at com.kms.katalon.core.main.TestCaseExecutor.accessMainPhase(TestCaseExecutor.java:290)
	at com.kms.katalon.core.main.TestCaseExecutor.execute(TestCaseExecutor.java:224)
	at com.kms.katalon.core.main.TestCaseMain.runTestCase(TestCaseMain.java:106)
	at com.kms.katalon.core.keyword.builtin.CallTestCaseKeyword$_callTestCase_closure1.doCall(CallTestCaseKeyword.groovy:59)
	at com.kms.katalon.core.keyword.builtin.CallTestCaseKeyword$_callTestCase_closure1.call(CallTestCaseKeyword.groovy)
	at com.kms.katalon.core.keyword.internal.KeywordMain.runKeyword(KeywordMain.groovy:54)
	at com.kms.katalon.core.keyword.builtin.CallTestCaseKeyword.callTestCase(CallTestCaseKeyword.groovy:80)
	at com.kms.katalon.core.keyword.builtin.CallTestCaseKeyword.execute(CallTestCaseKeyword.groovy:44)
	at com.kms.katalon.core.keyword.internal.KeywordExecutor.executeKeywordForPlatform(KeywordExecutor.groovy:53)
	at com.kms.katalon.core.keyword.BuiltinKeywords.callTestCase(BuiltinKeywords.groovy:334)
	at Shop all of our products.run(Shop all of our products:16)
	at com.kms.katalon.core.main.ScriptEngine.run(ScriptEngine.java:194)
	at com.kms.katalon.core.main.ScriptEngine.runScriptAsRawText(ScriptEngine.java:119)
	at com.kms.katalon.core.main.TestCaseExecutor.runScript(TestCaseExecutor.java:328)
	at com.kms.katalon.core.main.TestCaseExecutor.doExecute(TestCaseExecutor.java:319)
	at com.kms.katalon.core.main.TestCaseExecutor.processExecutionPhase(TestCaseExecutor.java:298)
	at com.kms.katalon.core.main.TestCaseExecutor.accessMainPhase(TestCaseExecutor.java:290)
	at com.kms.katalon.core.main.TestCaseExecutor.execute(TestCaseExecutor.java:224)
	at com.kms.katalon.core.main.TestSuiteExecutor.accessTestCaseMainPhase(TestSuiteExecutor.java:129)
	at com.kms.katalon.core.main.TestSuiteExecutor.accessTestSuiteMainPhase(TestSuiteExecutor.java:112)
	at com.kms.katalon.core.main.TestSuiteExecutor.execute(TestSuiteExecutor.java:81)
	at com.kms.katalon.core.main.TestCaseMain.startTestSuite(TestCaseMain.java:149)
	at com.kms.katalon.core.main.TestCaseMain$startTestSuite$0.call(Unknown Source)
	at TempTestSuite1560802135767.run(TempTestSuite1560802135767.groovy:36)


2019-06-17 16:21:22 - [MESSAGE][FAILED] - Unable to click on object 'Object Repository/OCS-MOBILE /Age gate and burger menu/Dried Flower_Plus icon' (Root cause: org.openqa.selenium.WebDriverException: unknown error: Element <i class="icon icon--plus menu__tier-three__link--icon"></i> is not clickable at point (462, 120). Other element would receive the click: <ul class="menu__learn-more--mobile only-mobile-tablet">...</ul>
  (Session info: chrome=75.0.3770.90)
  (Driver info: chromedriver=2.43.600229 (3fae4d0cda5334b4f533bede5a4787f7b832d052),platform=Mac OS X 10.13.6 x86_64) (WARNING: The server did not provide any stacktrace information)
Command duration or timeout: 0 milliseconds
Build info: version: '3.7.1', revision: '8a0099a', time: '2017-11-06T21:07:36.161Z'
System info: host: 'sumans-MacBook-Pro.local', ip: 'fe80:0:0:0:10f0:11f1:8277:c429%en0', os.name: 'Mac OS X', os.arch: 'x86_64', os.version: '10.13.6', java.version: '1.8.0_181'
Driver info: com.kms.katalon.selenium.driver.CChromeDriver
Capabilities {acceptInsecureCerts: false, acceptSslCerts: false, applicationCacheEnabled: false, browserConnectionEnabled: false, browserName: chrome, chrome: {chromedriverVersion: 2.43.600229 (3fae4d0cda5334..., userDataDir: /var/folders/1t/c55l8xzs6gq...}, cssSelectorsEnabled: true, databaseEnabled: false, goog:chromeOptions: {debuggerAddress: localhost:61916}, handlesAlerts: true, hasTouchScreen: false, javascriptEnabled: true, locationContextEnabled: true, mobileEmulationEnabled: false, nativeEvents: true, networkConnectionEnabled: false, pageLoadStrategy: normal, platform: MAC, platformName: MAC, rotatable: false, setWindowRect: true, takesHeapSnapshot: true, takesScreenshot: true, unexpectedAlertBehaviour: , unhandledPromptBehavior: , version: 75.0.3770.90, webStorageEnabled: true}
Session ID: bf35c7ab6679455273bcfbed1d2440fc)
[[ATTACHMENT|/Users/sumankompelly/Relative xpath-Mobile/Reports/OCS- 1.10.1/20190617_160855/1560802882392.png]]

2019-06-17 16:21:22 - [MESSAGE][FAILED] - click(findTestObject("OCS-MOBILE /Age gate and burger menu/Dried Flower_Plus icon")) FAILED.
Reason:
com.kms.katalon.core.exception.StepFailedException: Unable to click on object 'Object Repository/OCS-MOBILE /Age gate and burger menu/Dried Flower_Plus icon' (Root cause: org.openqa.selenium.WebDriverException: unknown error: Element <i class="icon icon--plus menu__tier-three__link--icon"></i> is not clickable at point (462, 120). Other element would receive the click: <ul class="menu__learn-more--mobile only-mobile-tablet">...</ul>
  (Session info: chrome=75.0.3770.90)
  (Driver info: chromedriver=2.43.600229 (3fae4d0cda5334b4f533bede5a4787f7b832d052),platform=Mac OS X 10.13.6 x86_64) (WARNING: The server did not provide any stacktrace information)
Command duration or timeout: 0 milliseconds
Build info: version: '3.7.1', revision: '8a0099a', time: '2017-11-06T21:07:36.161Z'
System info: host: 'sumans-MacBook-Pro.local', ip: 'fe80:0:0:0:10f0:11f1:8277:c429%en0', os.name: 'Mac OS X', os.arch: 'x86_64', os.version: '10.13.6', java.version: '1.8.0_181'
Driver info: com.kms.katalon.selenium.driver.CChromeDriver
Capabilities {acceptInsecureCerts: false, acceptSslCerts: false, applicationCacheEnabled: false, browserConnectionEnabled: false, browserName: chrome, chrome: {chromedriverVersion: 2.43.600229 (3fae4d0cda5334..., userDataDir: /var/folders/1t/c55l8xzs6gq...}, cssSelectorsEnabled: true, databaseEnabled: false, goog:chromeOptions: {debuggerAddress: localhost:61916}, handlesAlerts: true, hasTouchScreen: false, javascriptEnabled: true, locationContextEnabled: true, mobileEmulationEnabled: false, nativeEvents: true, networkConnectionEnabled: false, pageLoadStrategy: normal, platform: MAC, platformName: MAC, rotatable: false, setWindowRect: true, takesHeapSnapshot: true, takesScreenshot: true, unexpectedAlertBehaviour: , unhandledPromptBehavior: , version: 75.0.3770.90, webStorageEnabled: true}
Session ID: bf35c7ab6679455273bcfbed1d2440fc)
	at com.kms.katalon.core.keyword.internal.KeywordMain.stepFailed(KeywordMain.groovy:36)
	at com.kms.katalon.core.webui.keyword.internal.WebUIKeywordMain.stepFailed(WebUIKeywordMain.groovy:65)
	at com.kms.katalon.core.webui.keyword.internal.WebUIKeywordMain.runKeyword(WebUIKeywordMain.groovy:27)
	at com.kms.katalon.core.webui.keyword.builtin.ClickKeyword.click(ClickKeyword.groovy:86)
	at com.kms.katalon.core.webui.keyword.builtin.ClickKeyword.execute(ClickKeyword.groovy:67)
	at com.kms.katalon.core.keyword.internal.KeywordExecutor.executeKeywordForPlatform(KeywordExecutor.groovy:53)
	at com.kms.katalon.core.webui.keyword.WebUiBuiltInKeywords.click(WebUiBuiltInKeywords.groovy:616)
	at com.kms.katalon.core.webui.keyword.WebUiBuiltInKeywords$click$4.call(Unknown Source)
	at CALL - PDP.run(CALL - PDP:55)
	at com.kms.katalon.core.main.ScriptEngine.run(ScriptEngine.java:194)
	at com.kms.katalon.core.main.ScriptEngine.runScriptAsRawText(ScriptEngine.java:119)
	at com.kms.katalon.core.main.TestCaseExecutor.runScript(TestCaseExecutor.java:328)
	at com.kms.katalon.core.main.TestCaseExecutor.doExecute(TestCaseExecutor.java:319)
	at com.kms.katalon.core.main.TestCaseExecutor.processExecutionPhase(TestCaseExecutor.java:298)
	at com.kms.katalon.core.main.TestCaseExecutor.accessMainPhase(TestCaseExecutor.java:290)
	at com.kms.katalon.core.main.TestCaseExecutor.execute(TestCaseExecutor.java:224)
	at com.kms.katalon.core.main.TestCaseMain.runTestCase(TestCaseMain.java:106)
	at com.kms.katalon.core.keyword.builtin.CallTestCaseKeyword$_callTestCase_closure1.doCall(CallTestCaseKeyword.groovy:59)
	at com.kms.katalon.core.keyword.builtin.CallTestCaseKeyword$_callTestCase_closure1.call(CallTestCaseKeyword.groovy)
	at com.kms.katalon.core.keyword.internal.KeywordMain.runKeyword(KeywordMain.groovy:54)
	at com.kms.katalon.core.keyword.builtin.CallTestCaseKeyword.callTestCase(CallTestCaseKeyword.groovy:80)
	at com.kms.katalon.core.keyword.builtin.CallTestCaseKeyword.execute(CallTestCaseKeyword.groovy:44)
	at com.kms.katalon.core.keyword.internal.KeywordExecutor.executeKeywordForPlatform(KeywordExecutor.groovy:53)
	at com.kms.katalon.core.keyword.BuiltinKeywords.callTestCase(BuiltinKeywords.groovy:334)
	at Shop all of our products.run(Shop all of our products:16)
	at com.kms.katalon.core.main.ScriptEngine.run(ScriptEngine.java:194)
	at com.kms.katalon.core.main.ScriptEngine.runScriptAsRawText(ScriptEngine.java:119)
	at com.kms.katalon.core.main.TestCaseExecutor.runScript(TestCaseExecutor.java:328)
	at com.kms.katalon.core.main.TestCaseExecutor.doExecute(TestCaseExecutor.java:319)
	at com.kms.katalon.core.main.TestCaseExecutor.processExecutionPhase(TestCaseExecutor.java:298)
	at com.kms.katalon.core.main.TestCaseExecutor.accessMainPhase(TestCaseExecutor.java:290)
	at com.kms.katalon.core.main.TestCaseExecutor.execute(TestCaseExecutor.java:224)
	at com.kms.katalon.core.main.TestSuiteExecutor.accessTestCaseMainPhase(TestSuiteExecutor.java:129)
	at com.kms.katalon.core.main.TestSuiteExecutor.accessTestSuiteMainPhase(TestSuiteExecutor.java:112)
	at com.kms.katalon.core.main.TestSuiteExecutor.execute(TestSuiteExecutor.java:81)
	at com.kms.katalon.core.main.TestCaseMain.startTestSuite(TestCaseMain.java:149)
	at com.kms.katalon.core.main.TestCaseMain$startTestSuite$0.call(Unknown Source)
	at TempTestSuite1560802135767.run(TempTestSuite1560802135767.groovy:36)


2019-06-17 16:21:22 - [MESSAGE][FAILED] - Unable to call Test Case 'Test Cases/OCS - MOBILE/CALL - PDP' (Root cause: com.kms.katalon.core.exception.StepFailedException: Call Test Case 'Test Cases/OCS - MOBILE/CALL - PDP' failed)

2019-06-17 16:21:22 - [MESSAGE][FAILED] - callTestCase(findTestCase("OCS - MOBILE/CALL - PDP"), [:], STOP_ON_FAILURE) FAILED.
Reason:
com.kms.katalon.core.exception.StepFailedException: Unable to click on object 'Object Repository/OCS-MOBILE /Age gate and burger menu/Dried Flower_Plus icon' (Root cause: org.openqa.selenium.WebDriverException: unknown error: Element <i class="icon icon--plus menu__tier-three__link--icon"></i> is not clickable at point (462, 120). Other element would receive the click: <ul class="menu__learn-more--mobile only-mobile-tablet">...</ul>
  (Session info: chrome=75.0.3770.90)
  (Driver info: chromedriver=2.43.600229 (3fae4d0cda5334b4f533bede5a4787f7b832d052),platform=Mac OS X 10.13.6 x86_64) (WARNING: The server did not provide any stacktrace information)
Command duration or timeout: 0 milliseconds
Build info: version: '3.7.1', revision: '8a0099a', time: '2017-11-06T21:07:36.161Z'
System info: host: 'sumans-MacBook-Pro.local', ip: 'fe80:0:0:0:10f0:11f1:8277:c429%en0', os.name: 'Mac OS X', os.arch: 'x86_64', os.version: '10.13.6', java.version: '1.8.0_181'
Driver info: com.kms.katalon.selenium.driver.CChromeDriver
Capabilities {acceptInsecureCerts: false, acceptSslCerts: false, applicationCacheEnabled: false, browserConnectionEnabled: false, browserName: chrome, chrome: {chromedriverVersion: 2.43.600229 (3fae4d0cda5334..., userDataDir: /var/folders/1t/c55l8xzs6gq...}, cssSelectorsEnabled: true, databaseEnabled: false, goog:chromeOptions: {debuggerAddress: localhost:61916}, handlesAlerts: true, hasTouchScreen: false, javascriptEnabled: true, locationContextEnabled: true, mobileEmulationEnabled: false, nativeEvents: true, networkConnectionEnabled: false, pageLoadStrategy: normal, platform: MAC, platformName: MAC, rotatable: false, setWindowRect: true, takesHeapSnapshot: true, takesScreenshot: true, unexpectedAlertBehaviour: , unhandledPromptBehavior: , version: 75.0.3770.90, webStorageEnabled: true}
Session ID: bf35c7ab6679455273bcfbed1d2440fc)
	at com.kms.katalon.core.keyword.internal.KeywordMain.stepFailed(KeywordMain.groovy:36)
	at com.kms.katalon.core.webui.keyword.internal.WebUIKeywordMain.stepFailed(WebUIKeywordMain.groovy:65)
	at com.kms.katalon.core.webui.keyword.internal.WebUIKeywordMain.runKeyword(WebUIKeywordMain.groovy:27)
	at com.kms.katalon.core.webui.keyword.builtin.ClickKeyword.click(ClickKeyword.groovy:86)
	at com.kms.katalon.core.webui.keyword.builtin.ClickKeyword.execute(ClickKeyword.groovy:67)
	at com.kms.katalon.core.keyword.internal.KeywordExecutor.executeKeywordForPlatform(KeywordExecutor.groovy:53)
	at com.kms.katalon.core.webui.keyword.WebUiBuiltInKeywords.click(WebUiBuiltInKeywords.groovy:616)
	at com.kms.katalon.core.webui.keyword.WebUiBuiltInKeywords$click$4.call(Unknown Source)
	at CALL - PDP.run(CALL - PDP:55)
	at com.kms.katalon.core.main.ScriptEngine.run(ScriptEngine.java:194)
	at com.kms.katalon.core.main.ScriptEngine.runScriptAsRawText(ScriptEngine.java:119)
	at com.kms.katalon.core.main.TestCaseExecutor.runScript(TestCaseExecutor.java:328)
	at com.kms.katalon.core.main.TestCaseExecutor.doExecute(TestCaseExecutor.java:319)
	at com.kms.katalon.core.main.TestCaseExecutor.processExecutionPhase(TestCaseExecutor.java:298)
	at com.kms.katalon.core.main.TestCaseExecutor.accessMainPhase(TestCaseExecutor.java:290)
	at com.kms.katalon.core.main.TestCaseExecutor.execute(TestCaseExecutor.java:224)
	at com.kms.katalon.core.main.TestCaseMain.runTestCase(TestCaseMain.java:106)
	at com.kms.katalon.core.keyword.builtin.CallTestCaseKeyword$_callTestCase_closure1.doCall(CallTestCaseKeyword.groovy:59)
	at com.kms.katalon.core.keyword.builtin.CallTestCaseKeyword$_callTestCase_closure1.call(CallTestCaseKeyword.groovy)
	at com.kms.katalon.core.keyword.internal.KeywordMain.runKeyword(KeywordMain.groovy:54)
	at com.kms.katalon.core.keyword.builtin.CallTestCaseKeyword.callTestCase(CallTestCaseKeyword.groovy:80)
	at com.kms.katalon.core.keyword.builtin.CallTestCaseKeyword.execute(CallTestCaseKeyword.groovy:44)
	at com.kms.katalon.core.keyword.internal.KeywordExecutor.executeKeywordForPlatform(KeywordExecutor.groovy:53)
	at com.kms.katalon.core.keyword.BuiltinKeywords.callTestCase(BuiltinKeywords.groovy:334)
	at Shop all of our products.run(Shop all of our products:16)
	at com.kms.katalon.core.main.ScriptEngine.run(ScriptEngine.java:194)
	at com.kms.katalon.core.main.ScriptEngine.runScriptAsRawText(ScriptEngine.java:119)
	at com.kms.katalon.core.main.TestCaseExecutor.runScript(TestCaseExecutor.java:328)
	at com.kms.katalon.core.main.TestCaseExecutor.doExecute(TestCaseExecutor.java:319)
	at com.kms.katalon.core.main.TestCaseExecutor.processExecutionPhase(TestCaseExecutor.java:298)
	at com.kms.katalon.core.main.TestCaseExecutor.accessMainPhase(TestCaseExecutor.java:290)
	at com.kms.katalon.core.main.TestCaseExecutor.execute(TestCaseExecutor.java:224)
	at com.kms.katalon.core.main.TestSuiteExecutor.accessTestCaseMainPhase(TestSuiteExecutor.java:129)
	at com.kms.katalon.core.main.TestSuiteExecutor.accessTestSuiteMainPhase(TestSuiteExecutor.java:112)
	at com.kms.katalon.core.main.TestSuiteExecutor.execute(TestSuiteExecutor.java:81)
	at com.kms.katalon.core.main.TestCaseMain.startTestSuite(TestCaseMain.java:149)
	at com.kms.katalon.core.main.TestCaseMain$startTestSuite$0.call(Unknown Source)
	at TempTestSuite1560802135767.run(TempTestSuite1560802135767.groovy:36)]]></system-out>
         <system-err><![CDATA[2019-06-17 16:20:57 - [TEST_CASE][FAILED] - Test Cases/OCS - MOBILE/OCS- PRODUCT PAGE/Shop all of our products: Test Cases/OCS - MOBILE/OCS- PRODUCT PAGE/Shop all of our products FAILED.
Reason:
com.kms.katalon.core.exception.StepFailedException: Unable to click on object 'Object Repository/OCS-MOBILE /Age gate and burger menu/Dried Flower_Plus icon' (Root cause: org.openqa.selenium.WebDriverException: unknown error: Element <i class="icon icon--plus menu__tier-three__link--icon"></i> is not clickable at point (462, 120). Other element would receive the click: <ul class="menu__learn-more--mobile only-mobile-tablet">...</ul>
  (Session info: chrome=75.0.3770.90)
  (Driver info: chromedriver=2.43.600229 (3fae4d0cda5334b4f533bede5a4787f7b832d052),platform=Mac OS X 10.13.6 x86_64) (WARNING: The server did not provide any stacktrace information)
Command duration or timeout: 0 milliseconds
Build info: version: '3.7.1', revision: '8a0099a', time: '2017-11-06T21:07:36.161Z'
System info: host: 'sumans-MacBook-Pro.local', ip: 'fe80:0:0:0:10f0:11f1:8277:c429%en0', os.name: 'Mac OS X', os.arch: 'x86_64', os.version: '10.13.6', java.version: '1.8.0_181'
Driver info: com.kms.katalon.selenium.driver.CChromeDriver
Capabilities {acceptInsecureCerts: false, acceptSslCerts: false, applicationCacheEnabled: false, browserConnectionEnabled: false, browserName: chrome, chrome: {chromedriverVersion: 2.43.600229 (3fae4d0cda5334..., userDataDir: /var/folders/1t/c55l8xzs6gq...}, cssSelectorsEnabled: true, databaseEnabled: false, goog:chromeOptions: {debuggerAddress: localhost:61916}, handlesAlerts: true, hasTouchScreen: false, javascriptEnabled: true, locationContextEnabled: true, mobileEmulationEnabled: false, nativeEvents: true, networkConnectionEnabled: false, pageLoadStrategy: normal, platform: MAC, platformName: MAC, rotatable: false, setWindowRect: true, takesHeapSnapshot: true, takesScreenshot: true, unexpectedAlertBehaviour: , unhandledPromptBehavior: , version: 75.0.3770.90, webStorageEnabled: true}
Session ID: bf35c7ab6679455273bcfbed1d2440fc)
	at com.kms.katalon.core.keyword.internal.KeywordMain.stepFailed(KeywordMain.groovy:36)
	at com.kms.katalon.core.webui.keyword.internal.WebUIKeywordMain.stepFailed(WebUIKeywordMain.groovy:65)
	at com.kms.katalon.core.webui.keyword.internal.WebUIKeywordMain.runKeyword(WebUIKeywordMain.groovy:27)
	at com.kms.katalon.core.webui.keyword.builtin.ClickKeyword.click(ClickKeyword.groovy:86)
	at com.kms.katalon.core.webui.keyword.builtin.ClickKeyword.execute(ClickKeyword.groovy:67)
	at com.kms.katalon.core.keyword.internal.KeywordExecutor.executeKeywordForPlatform(KeywordExecutor.groovy:53)
	at com.kms.katalon.core.webui.keyword.WebUiBuiltInKeywords.click(WebUiBuiltInKeywords.groovy:616)
	at com.kms.katalon.core.webui.keyword.WebUiBuiltInKeywords$click$4.call(Unknown Source)
	at CALL - PDP.run(CALL - PDP:55)
	at com.kms.katalon.core.main.ScriptEngine.run(ScriptEngine.java:194)
	at com.kms.katalon.core.main.ScriptEngine.runScriptAsRawText(ScriptEngine.java:119)
	at com.kms.katalon.core.main.TestCaseExecutor.runScript(TestCaseExecutor.java:328)
	at com.kms.katalon.core.main.TestCaseExecutor.doExecute(TestCaseExecutor.java:319)
	at com.kms.katalon.core.main.TestCaseExecutor.processExecutionPhase(TestCaseExecutor.java:298)
	at com.kms.katalon.core.main.TestCaseExecutor.accessMainPhase(TestCaseExecutor.java:290)
	at com.kms.katalon.core.main.TestCaseExecutor.execute(TestCaseExecutor.java:224)
	at com.kms.katalon.core.main.TestCaseMain.runTestCase(TestCaseMain.java:106)
	at com.kms.katalon.core.keyword.builtin.CallTestCaseKeyword$_callTestCase_closure1.doCall(CallTestCaseKeyword.groovy:59)
	at com.kms.katalon.core.keyword.builtin.CallTestCaseKeyword$_callTestCase_closure1.call(CallTestCaseKeyword.groovy)
	at com.kms.katalon.core.keyword.internal.KeywordMain.runKeyword(KeywordMain.groovy:54)
	at com.kms.katalon.core.keyword.builtin.CallTestCaseKeyword.callTestCase(CallTestCaseKeyword.groovy:80)
	at com.kms.katalon.core.keyword.builtin.CallTestCaseKeyword.execute(CallTestCaseKeyword.groovy:44)
	at com.kms.katalon.core.keyword.internal.KeywordExecutor.executeKeywordForPlatform(KeywordExecutor.groovy:53)
	at com.kms.katalon.core.keyword.BuiltinKeywords.callTestCase(BuiltinKeywords.groovy:334)
	at Shop all of our products.run(Shop all of our products:16)
	at com.kms.katalon.core.main.ScriptEngine.run(ScriptEngine.java:194)
	at com.kms.katalon.core.main.ScriptEngine.runScriptAsRawText(ScriptEngine.java:119)
	at com.kms.katalon.core.main.TestCaseExecutor.runScript(TestCaseExecutor.java:328)
	at com.kms.katalon.core.main.TestCaseExecutor.doExecute(TestCaseExecutor.java:319)
	at com.kms.katalon.core.main.TestCaseExecutor.processExecutionPhase(TestCaseExecutor.java:298)
	at com.kms.katalon.core.main.TestCaseExecutor.accessMainPhase(TestCaseExecutor.java:290)
	at com.kms.katalon.core.main.TestCaseExecutor.execute(TestCaseExecutor.java:224)
	at com.kms.katalon.core.main.TestSuiteExecutor.accessTestCaseMainPhase(TestSuiteExecutor.java:129)
	at com.kms.katalon.core.main.TestSuiteExecutor.accessTestSuiteMainPhase(TestSuiteExecutor.java:112)
	at com.kms.katalon.core.main.TestSuiteExecutor.execute(TestSuiteExecutor.java:81)
	at com.kms.katalon.core.main.TestCaseMain.startTestSuite(TestCaseMain.java:149)
	at com.kms.katalon.core.main.TestCaseMain$startTestSuite$0.call(Unknown Source)
	at TempTestSuite1560802135767.run(TempTestSuite1560802135767.groovy:36)]]></system-err>
      </testcase>
      <testcase name="Test Cases/OCS - MOBILE/OCS- PRODUCT PAGE/Tooltip" classname="Test Cases/OCS - MOBILE/OCS- PRODUCT PAGE/Tooltip" status="FAILED">
         <failure type="FAILED" message="Test Cases/OCS - MOBILE/OCS- PRODUCT PAGE/Tooltip FAILED.
Reason:
com.kms.katalon.core.exception.StepFailedException: Unable to click on object 'Object Repository/OCS-MOBILE /Age gate and burger menu/Dried Flower_Plus icon' (Root cause: org.openqa.selenium.WebDriverException: unknown error: Element &lt;i class=&quot;icon icon--plus menu__tier-three__link--icon&quot;>&lt;/i> is not clickable at point (462, 120). Other element would receive the click: &lt;ul class=&quot;menu__learn-more--mobile only-mobile-tablet&quot;>...&lt;/ul>
  (Session info: chrome=75.0.3770.90)
  (Driver info: chromedriver=2.43.600229 (3fae4d0cda5334b4f533bede5a4787f7b832d052),platform=Mac OS X 10.13.6 x86_64) (WARNING: The server did not provide any stacktrace information)
Command duration or timeout: 0 milliseconds
Build info: version: '3.7.1', revision: '8a0099a', time: '2017-11-06T21:07:36.161Z'
System info: host: 'sumans-MacBook-Pro.local', ip: 'fe80:0:0:0:10f0:11f1:8277:c429%en0', os.name: 'Mac OS X', os.arch: 'x86_64', os.version: '10.13.6', java.version: '1.8.0_181'
Driver info: com.kms.katalon.selenium.driver.CChromeDriver
Capabilities {acceptInsecureCerts: false, acceptSslCerts: false, applicationCacheEnabled: false, browserConnectionEnabled: false, browserName: chrome, chrome: {chromedriverVersion: 2.43.600229 (3fae4d0cda5334..., userDataDir: /var/folders/1t/c55l8xzs6gq...}, cssSelectorsEnabled: true, databaseEnabled: false, goog:chromeOptions: {debuggerAddress: localhost:62065}, handlesAlerts: true, hasTouchScreen: false, javascriptEnabled: true, locationContextEnabled: true, mobileEmulationEnabled: false, nativeEvents: true, networkConnectionEnabled: false, pageLoadStrategy: normal, platform: MAC, platformName: MAC, rotatable: false, setWindowRect: true, takesHeapSnapshot: true, takesScreenshot: true, unexpectedAlertBehaviour: , unhandledPromptBehavior: , version: 75.0.3770.90, webStorageEnabled: true}
Session ID: 82ae2680dba4429f1d342c3233272d07)
	at com.kms.katalon.core.keyword.internal.KeywordMain.stepFailed(KeywordMain.groovy:36)
	at com.kms.katalon.core.webui.keyword.internal.WebUIKeywordMain.stepFailed(WebUIKeywordMain.groovy:65)
	at com.kms.katalon.core.webui.keyword.internal.WebUIKeywordMain.runKeyword(WebUIKeywordMain.groovy:27)
	at com.kms.katalon.core.webui.keyword.builtin.ClickKeyword.click(ClickKeyword.groovy:86)
	at com.kms.katalon.core.webui.keyword.builtin.ClickKeyword.execute(ClickKeyword.groovy:67)
	at com.kms.katalon.core.keyword.internal.KeywordExecutor.executeKeywordForPlatform(KeywordExecutor.groovy:53)
	at com.kms.katalon.core.webui.keyword.WebUiBuiltInKeywords.click(WebUiBuiltInKeywords.groovy:616)
	at com.kms.katalon.core.webui.keyword.WebUiBuiltInKeywords$click$4.call(Unknown Source)
	at CALL - PDP.run(CALL - PDP:55)
	at com.kms.katalon.core.main.ScriptEngine.run(ScriptEngine.java:194)
	at com.kms.katalon.core.main.ScriptEngine.runScriptAsRawText(ScriptEngine.java:119)
	at com.kms.katalon.core.main.TestCaseExecutor.runScript(TestCaseExecutor.java:328)
	at com.kms.katalon.core.main.TestCaseExecutor.doExecute(TestCaseExecutor.java:319)
	at com.kms.katalon.core.main.TestCaseExecutor.processExecutionPhase(TestCaseExecutor.java:298)
	at com.kms.katalon.core.main.TestCaseExecutor.accessMainPhase(TestCaseExecutor.java:290)
	at com.kms.katalon.core.main.TestCaseExecutor.execute(TestCaseExecutor.java:224)
	at com.kms.katalon.core.main.TestCaseMain.runTestCase(TestCaseMain.java:106)
	at com.kms.katalon.core.keyword.builtin.CallTestCaseKeyword$_callTestCase_closure1.doCall(CallTestCaseKeyword.groovy:59)
	at com.kms.katalon.core.keyword.builtin.CallTestCaseKeyword$_callTestCase_closure1.call(CallTestCaseKeyword.groovy)
	at com.kms.katalon.core.keyword.internal.KeywordMain.runKeyword(KeywordMain.groovy:54)
	at com.kms.katalon.core.keyword.builtin.CallTestCaseKeyword.callTestCase(CallTestCaseKeyword.groovy:80)
	at com.kms.katalon.core.keyword.builtin.CallTestCaseKeyword.execute(CallTestCaseKeyword.groovy:44)
	at com.kms.katalon.core.keyword.internal.KeywordExecutor.executeKeywordForPlatform(KeywordExecutor.groovy:53)
	at com.kms.katalon.core.keyword.BuiltinKeywords.callTestCase(BuiltinKeywords.groovy:334)
	at Tooltip.run(Tooltip:16)
	at com.kms.katalon.core.main.ScriptEngine.run(ScriptEngine.java:194)
	at com.kms.katalon.core.main.ScriptEngine.runScriptAsRawText(ScriptEngine.java:119)
	at com.kms.katalon.core.main.TestCaseExecutor.runScript(TestCaseExecutor.java:328)
	at com.kms.katalon.core.main.TestCaseExecutor.doExecute(TestCaseExecutor.java:319)
	at com.kms.katalon.core.main.TestCaseExecutor.processExecutionPhase(TestCaseExecutor.java:298)
	at com.kms.katalon.core.main.TestCaseExecutor.accessMainPhase(TestCaseExecutor.java:290)
	at com.kms.katalon.core.main.TestCaseExecutor.execute(TestCaseExecutor.java:224)
	at com.kms.katalon.core.main.TestSuiteExecutor.accessTestCaseMainPhase(TestSuiteExecutor.java:129)
	at com.kms.katalon.core.main.TestSuiteExecutor.accessTestSuiteMainPhase(TestSuiteExecutor.java:112)
	at com.kms.katalon.core.main.TestSuiteExecutor.execute(TestSuiteExecutor.java:81)
	at com.kms.katalon.core.main.TestCaseMain.startTestSuite(TestCaseMain.java:149)
	at com.kms.katalon.core.main.TestCaseMain$startTestSuite$0.call(Unknown Source)
	at TempTestSuite1560802135767.run(TempTestSuite1560802135767.groovy:36)
"/>
         <system-out><![CDATA[2019-06-17 16:21:22 - [TEST_CASE][FAILED] - Test Cases/OCS - MOBILE/OCS- PRODUCT PAGE/Tooltip: Test Cases/OCS - MOBILE/OCS- PRODUCT PAGE/Tooltip FAILED.
Reason:
com.kms.katalon.core.exception.StepFailedException: Unable to click on object 'Object Repository/OCS-MOBILE /Age gate and burger menu/Dried Flower_Plus icon' (Root cause: org.openqa.selenium.WebDriverException: unknown error: Element <i class="icon icon--plus menu__tier-three__link--icon"></i> is not clickable at point (462, 120). Other element would receive the click: <ul class="menu__learn-more--mobile only-mobile-tablet">...</ul>
  (Session info: chrome=75.0.3770.90)
  (Driver info: chromedriver=2.43.600229 (3fae4d0cda5334b4f533bede5a4787f7b832d052),platform=Mac OS X 10.13.6 x86_64) (WARNING: The server did not provide any stacktrace information)
Command duration or timeout: 0 milliseconds
Build info: version: '3.7.1', revision: '8a0099a', time: '2017-11-06T21:07:36.161Z'
System info: host: 'sumans-MacBook-Pro.local', ip: 'fe80:0:0:0:10f0:11f1:8277:c429%en0', os.name: 'Mac OS X', os.arch: 'x86_64', os.version: '10.13.6', java.version: '1.8.0_181'
Driver info: com.kms.katalon.selenium.driver.CChromeDriver
Capabilities {acceptInsecureCerts: false, acceptSslCerts: false, applicationCacheEnabled: false, browserConnectionEnabled: false, browserName: chrome, chrome: {chromedriverVersion: 2.43.600229 (3fae4d0cda5334..., userDataDir: /var/folders/1t/c55l8xzs6gq...}, cssSelectorsEnabled: true, databaseEnabled: false, goog:chromeOptions: {debuggerAddress: localhost:62065}, handlesAlerts: true, hasTouchScreen: false, javascriptEnabled: true, locationContextEnabled: true, mobileEmulationEnabled: false, nativeEvents: true, networkConnectionEnabled: false, pageLoadStrategy: normal, platform: MAC, platformName: MAC, rotatable: false, setWindowRect: true, takesHeapSnapshot: true, takesScreenshot: true, unexpectedAlertBehaviour: , unhandledPromptBehavior: , version: 75.0.3770.90, webStorageEnabled: true}
Session ID: 82ae2680dba4429f1d342c3233272d07)
	at com.kms.katalon.core.keyword.internal.KeywordMain.stepFailed(KeywordMain.groovy:36)
	at com.kms.katalon.core.webui.keyword.internal.WebUIKeywordMain.stepFailed(WebUIKeywordMain.groovy:65)
	at com.kms.katalon.core.webui.keyword.internal.WebUIKeywordMain.runKeyword(WebUIKeywordMain.groovy:27)
	at com.kms.katalon.core.webui.keyword.builtin.ClickKeyword.click(ClickKeyword.groovy:86)
	at com.kms.katalon.core.webui.keyword.builtin.ClickKeyword.execute(ClickKeyword.groovy:67)
	at com.kms.katalon.core.keyword.internal.KeywordExecutor.executeKeywordForPlatform(KeywordExecutor.groovy:53)
	at com.kms.katalon.core.webui.keyword.WebUiBuiltInKeywords.click(WebUiBuiltInKeywords.groovy:616)
	at com.kms.katalon.core.webui.keyword.WebUiBuiltInKeywords$click$4.call(Unknown Source)
	at CALL - PDP.run(CALL - PDP:55)
	at com.kms.katalon.core.main.ScriptEngine.run(ScriptEngine.java:194)
	at com.kms.katalon.core.main.ScriptEngine.runScriptAsRawText(ScriptEngine.java:119)
	at com.kms.katalon.core.main.TestCaseExecutor.runScript(TestCaseExecutor.java:328)
	at com.kms.katalon.core.main.TestCaseExecutor.doExecute(TestCaseExecutor.java:319)
	at com.kms.katalon.core.main.TestCaseExecutor.processExecutionPhase(TestCaseExecutor.java:298)
	at com.kms.katalon.core.main.TestCaseExecutor.accessMainPhase(TestCaseExecutor.java:290)
	at com.kms.katalon.core.main.TestCaseExecutor.execute(TestCaseExecutor.java:224)
	at com.kms.katalon.core.main.TestCaseMain.runTestCase(TestCaseMain.java:106)
	at com.kms.katalon.core.keyword.builtin.CallTestCaseKeyword$_callTestCase_closure1.doCall(CallTestCaseKeyword.groovy:59)
	at com.kms.katalon.core.keyword.builtin.CallTestCaseKeyword$_callTestCase_closure1.call(CallTestCaseKeyword.groovy)
	at com.kms.katalon.core.keyword.internal.KeywordMain.runKeyword(KeywordMain.groovy:54)
	at com.kms.katalon.core.keyword.builtin.CallTestCaseKeyword.callTestCase(CallTestCaseKeyword.groovy:80)
	at com.kms.katalon.core.keyword.builtin.CallTestCaseKeyword.execute(CallTestCaseKeyword.groovy:44)
	at com.kms.katalon.core.keyword.internal.KeywordExecutor.executeKeywordForPlatform(KeywordExecutor.groovy:53)
	at com.kms.katalon.core.keyword.BuiltinKeywords.callTestCase(BuiltinKeywords.groovy:334)
	at Tooltip.run(Tooltip:16)
	at com.kms.katalon.core.main.ScriptEngine.run(ScriptEngine.java:194)
	at com.kms.katalon.core.main.ScriptEngine.runScriptAsRawText(ScriptEngine.java:119)
	at com.kms.katalon.core.main.TestCaseExecutor.runScript(TestCaseExecutor.java:328)
	at com.kms.katalon.core.main.TestCaseExecutor.doExecute(TestCaseExecutor.java:319)
	at com.kms.katalon.core.main.TestCaseExecutor.processExecutionPhase(TestCaseExecutor.java:298)
	at com.kms.katalon.core.main.TestCaseExecutor.accessMainPhase(TestCaseExecutor.java:290)
	at com.kms.katalon.core.main.TestCaseExecutor.execute(TestCaseExecutor.java:224)
	at com.kms.katalon.core.main.TestSuiteExecutor.accessTestCaseMainPhase(TestSuiteExecutor.java:129)
	at com.kms.katalon.core.main.TestSuiteExecutor.accessTestSuiteMainPhase(TestSuiteExecutor.java:112)
	at com.kms.katalon.core.main.TestSuiteExecutor.execute(TestSuiteExecutor.java:81)
	at com.kms.katalon.core.main.TestCaseMain.startTestSuite(TestCaseMain.java:149)
	at com.kms.katalon.core.main.TestCaseMain$startTestSuite$0.call(Unknown Source)
	at TempTestSuite1560802135767.run(TempTestSuite1560802135767.groovy:36)


2019-06-17 16:21:22 - [TEST_STEP][FAILED] - callTestCase(findTestCase("OCS - MOBILE/CALL - PDP"), [:], STOP_ON_FAILURE): callTestCase(findTestCase("OCS - MOBILE/CALL - PDP"), [:], STOP_ON_FAILURE) FAILED.
Reason:
com.kms.katalon.core.exception.StepFailedException: Unable to click on object 'Object Repository/OCS-MOBILE /Age gate and burger menu/Dried Flower_Plus icon' (Root cause: org.openqa.selenium.WebDriverException: unknown error: Element <i class="icon icon--plus menu__tier-three__link--icon"></i> is not clickable at point (462, 120). Other element would receive the click: <ul class="menu__learn-more--mobile only-mobile-tablet">...</ul>
  (Session info: chrome=75.0.3770.90)
  (Driver info: chromedriver=2.43.600229 (3fae4d0cda5334b4f533bede5a4787f7b832d052),platform=Mac OS X 10.13.6 x86_64) (WARNING: The server did not provide any stacktrace information)
Command duration or timeout: 0 milliseconds
Build info: version: '3.7.1', revision: '8a0099a', time: '2017-11-06T21:07:36.161Z'
System info: host: 'sumans-MacBook-Pro.local', ip: 'fe80:0:0:0:10f0:11f1:8277:c429%en0', os.name: 'Mac OS X', os.arch: 'x86_64', os.version: '10.13.6', java.version: '1.8.0_181'
Driver info: com.kms.katalon.selenium.driver.CChromeDriver
Capabilities {acceptInsecureCerts: false, acceptSslCerts: false, applicationCacheEnabled: false, browserConnectionEnabled: false, browserName: chrome, chrome: {chromedriverVersion: 2.43.600229 (3fae4d0cda5334..., userDataDir: /var/folders/1t/c55l8xzs6gq...}, cssSelectorsEnabled: true, databaseEnabled: false, goog:chromeOptions: {debuggerAddress: localhost:62065}, handlesAlerts: true, hasTouchScreen: false, javascriptEnabled: true, locationContextEnabled: true, mobileEmulationEnabled: false, nativeEvents: true, networkConnectionEnabled: false, pageLoadStrategy: normal, platform: MAC, platformName: MAC, rotatable: false, setWindowRect: true, takesHeapSnapshot: true, takesScreenshot: true, unexpectedAlertBehaviour: , unhandledPromptBehavior: , version: 75.0.3770.90, webStorageEnabled: true}
Session ID: 82ae2680dba4429f1d342c3233272d07)
	at com.kms.katalon.core.keyword.internal.KeywordMain.stepFailed(KeywordMain.groovy:36)
	at com.kms.katalon.core.webui.keyword.internal.WebUIKeywordMain.stepFailed(WebUIKeywordMain.groovy:65)
	at com.kms.katalon.core.webui.keyword.internal.WebUIKeywordMain.runKeyword(WebUIKeywordMain.groovy:27)
	at com.kms.katalon.core.webui.keyword.builtin.ClickKeyword.click(ClickKeyword.groovy:86)
	at com.kms.katalon.core.webui.keyword.builtin.ClickKeyword.execute(ClickKeyword.groovy:67)
	at com.kms.katalon.core.keyword.internal.KeywordExecutor.executeKeywordForPlatform(KeywordExecutor.groovy:53)
	at com.kms.katalon.core.webui.keyword.WebUiBuiltInKeywords.click(WebUiBuiltInKeywords.groovy:616)
	at com.kms.katalon.core.webui.keyword.WebUiBuiltInKeywords$click$4.call(Unknown Source)
	at CALL - PDP.run(CALL - PDP:55)
	at com.kms.katalon.core.main.ScriptEngine.run(ScriptEngine.java:194)
	at com.kms.katalon.core.main.ScriptEngine.runScriptAsRawText(ScriptEngine.java:119)
	at com.kms.katalon.core.main.TestCaseExecutor.runScript(TestCaseExecutor.java:328)
	at com.kms.katalon.core.main.TestCaseExecutor.doExecute(TestCaseExecutor.java:319)
	at com.kms.katalon.core.main.TestCaseExecutor.processExecutionPhase(TestCaseExecutor.java:298)
	at com.kms.katalon.core.main.TestCaseExecutor.accessMainPhase(TestCaseExecutor.java:290)
	at com.kms.katalon.core.main.TestCaseExecutor.execute(TestCaseExecutor.java:224)
	at com.kms.katalon.core.main.TestCaseMain.runTestCase(TestCaseMain.java:106)
	at com.kms.katalon.core.keyword.builtin.CallTestCaseKeyword$_callTestCase_closure1.doCall(CallTestCaseKeyword.groovy:59)
	at com.kms.katalon.core.keyword.builtin.CallTestCaseKeyword$_callTestCase_closure1.call(CallTestCaseKeyword.groovy)
	at com.kms.katalon.core.keyword.internal.KeywordMain.runKeyword(KeywordMain.groovy:54)
	at com.kms.katalon.core.keyword.builtin.CallTestCaseKeyword.callTestCase(CallTestCaseKeyword.groovy:80)
	at com.kms.katalon.core.keyword.builtin.CallTestCaseKeyword.execute(CallTestCaseKeyword.groovy:44)
	at com.kms.katalon.core.keyword.internal.KeywordExecutor.executeKeywordForPlatform(KeywordExecutor.groovy:53)
	at com.kms.katalon.core.keyword.BuiltinKeywords.callTestCase(BuiltinKeywords.groovy:334)
	at Tooltip.run(Tooltip:16)
	at com.kms.katalon.core.main.ScriptEngine.run(ScriptEngine.java:194)
	at com.kms.katalon.core.main.ScriptEngine.runScriptAsRawText(ScriptEngine.java:119)
	at com.kms.katalon.core.main.TestCaseExecutor.runScript(TestCaseExecutor.java:328)
	at com.kms.katalon.core.main.TestCaseExecutor.doExecute(TestCaseExecutor.java:319)
	at com.kms.katalon.core.main.TestCaseExecutor.processExecutionPhase(TestCaseExecutor.java:298)
	at com.kms.katalon.core.main.TestCaseExecutor.accessMainPhase(TestCaseExecutor.java:290)
	at com.kms.katalon.core.main.TestCaseExecutor.execute(TestCaseExecutor.java:224)
	at com.kms.katalon.core.main.TestSuiteExecutor.accessTestCaseMainPhase(TestSuiteExecutor.java:129)
	at com.kms.katalon.core.main.TestSuiteExecutor.accessTestSuiteMainPhase(TestSuiteExecutor.java:112)
	at com.kms.katalon.core.main.TestSuiteExecutor.execute(TestSuiteExecutor.java:81)
	at com.kms.katalon.core.main.TestCaseMain.startTestSuite(TestCaseMain.java:149)
	at com.kms.katalon.core.main.TestCaseMain$startTestSuite$0.call(Unknown Source)
	at TempTestSuite1560802135767.run(TempTestSuite1560802135767.groovy:36)


2019-06-17 16:21:22 - [TEST_CASE][FAILED] - Test Cases/OCS - MOBILE/CALL - PDP: Test Cases/OCS - MOBILE/CALL - PDP FAILED.
Reason:
com.kms.katalon.core.exception.StepFailedException: Unable to click on object 'Object Repository/OCS-MOBILE /Age gate and burger menu/Dried Flower_Plus icon' (Root cause: org.openqa.selenium.WebDriverException: unknown error: Element <i class="icon icon--plus menu__tier-three__link--icon"></i> is not clickable at point (462, 120). Other element would receive the click: <ul class="menu__learn-more--mobile only-mobile-tablet">...</ul>
  (Session info: chrome=75.0.3770.90)
  (Driver info: chromedriver=2.43.600229 (3fae4d0cda5334b4f533bede5a4787f7b832d052),platform=Mac OS X 10.13.6 x86_64) (WARNING: The server did not provide any stacktrace information)
Command duration or timeout: 0 milliseconds
Build info: version: '3.7.1', revision: '8a0099a', time: '2017-11-06T21:07:36.161Z'
System info: host: 'sumans-MacBook-Pro.local', ip: 'fe80:0:0:0:10f0:11f1:8277:c429%en0', os.name: 'Mac OS X', os.arch: 'x86_64', os.version: '10.13.6', java.version: '1.8.0_181'
Driver info: com.kms.katalon.selenium.driver.CChromeDriver
Capabilities {acceptInsecureCerts: false, acceptSslCerts: false, applicationCacheEnabled: false, browserConnectionEnabled: false, browserName: chrome, chrome: {chromedriverVersion: 2.43.600229 (3fae4d0cda5334..., userDataDir: /var/folders/1t/c55l8xzs6gq...}, cssSelectorsEnabled: true, databaseEnabled: false, goog:chromeOptions: {debuggerAddress: localhost:62065}, handlesAlerts: true, hasTouchScreen: false, javascriptEnabled: true, locationContextEnabled: true, mobileEmulationEnabled: false, nativeEvents: true, networkConnectionEnabled: false, pageLoadStrategy: normal, platform: MAC, platformName: MAC, rotatable: false, setWindowRect: true, takesHeapSnapshot: true, takesScreenshot: true, unexpectedAlertBehaviour: , unhandledPromptBehavior: , version: 75.0.3770.90, webStorageEnabled: true}
Session ID: 82ae2680dba4429f1d342c3233272d07)
	at com.kms.katalon.core.keyword.internal.KeywordMain.stepFailed(KeywordMain.groovy:36)
	at com.kms.katalon.core.webui.keyword.internal.WebUIKeywordMain.stepFailed(WebUIKeywordMain.groovy:65)
	at com.kms.katalon.core.webui.keyword.internal.WebUIKeywordMain.runKeyword(WebUIKeywordMain.groovy:27)
	at com.kms.katalon.core.webui.keyword.builtin.ClickKeyword.click(ClickKeyword.groovy:86)
	at com.kms.katalon.core.webui.keyword.builtin.ClickKeyword.execute(ClickKeyword.groovy:67)
	at com.kms.katalon.core.keyword.internal.KeywordExecutor.executeKeywordForPlatform(KeywordExecutor.groovy:53)
	at com.kms.katalon.core.webui.keyword.WebUiBuiltInKeywords.click(WebUiBuiltInKeywords.groovy:616)
	at com.kms.katalon.core.webui.keyword.WebUiBuiltInKeywords$click$4.call(Unknown Source)
	at CALL - PDP.run(CALL - PDP:55)
	at com.kms.katalon.core.main.ScriptEngine.run(ScriptEngine.java:194)
	at com.kms.katalon.core.main.ScriptEngine.runScriptAsRawText(ScriptEngine.java:119)
	at com.kms.katalon.core.main.TestCaseExecutor.runScript(TestCaseExecutor.java:328)
	at com.kms.katalon.core.main.TestCaseExecutor.doExecute(TestCaseExecutor.java:319)
	at com.kms.katalon.core.main.TestCaseExecutor.processExecutionPhase(TestCaseExecutor.java:298)
	at com.kms.katalon.core.main.TestCaseExecutor.accessMainPhase(TestCaseExecutor.java:290)
	at com.kms.katalon.core.main.TestCaseExecutor.execute(TestCaseExecutor.java:224)
	at com.kms.katalon.core.main.TestCaseMain.runTestCase(TestCaseMain.java:106)
	at com.kms.katalon.core.keyword.builtin.CallTestCaseKeyword$_callTestCase_closure1.doCall(CallTestCaseKeyword.groovy:59)
	at com.kms.katalon.core.keyword.builtin.CallTestCaseKeyword$_callTestCase_closure1.call(CallTestCaseKeyword.groovy)
	at com.kms.katalon.core.keyword.internal.KeywordMain.runKeyword(KeywordMain.groovy:54)
	at com.kms.katalon.core.keyword.builtin.CallTestCaseKeyword.callTestCase(CallTestCaseKeyword.groovy:80)
	at com.kms.katalon.core.keyword.builtin.CallTestCaseKeyword.execute(CallTestCaseKeyword.groovy:44)
	at com.kms.katalon.core.keyword.internal.KeywordExecutor.executeKeywordForPlatform(KeywordExecutor.groovy:53)
	at com.kms.katalon.core.keyword.BuiltinKeywords.callTestCase(BuiltinKeywords.groovy:334)
	at Tooltip.run(Tooltip:16)
	at com.kms.katalon.core.main.ScriptEngine.run(ScriptEngine.java:194)
	at com.kms.katalon.core.main.ScriptEngine.runScriptAsRawText(ScriptEngine.java:119)
	at com.kms.katalon.core.main.TestCaseExecutor.runScript(TestCaseExecutor.java:328)
	at com.kms.katalon.core.main.TestCaseExecutor.doExecute(TestCaseExecutor.java:319)
	at com.kms.katalon.core.main.TestCaseExecutor.processExecutionPhase(TestCaseExecutor.java:298)
	at com.kms.katalon.core.main.TestCaseExecutor.accessMainPhase(TestCaseExecutor.java:290)
	at com.kms.katalon.core.main.TestCaseExecutor.execute(TestCaseExecutor.java:224)
	at com.kms.katalon.core.main.TestSuiteExecutor.accessTestCaseMainPhase(TestSuiteExecutor.java:129)
	at com.kms.katalon.core.main.TestSuiteExecutor.accessTestSuiteMainPhase(TestSuiteExecutor.java:112)
	at com.kms.katalon.core.main.TestSuiteExecutor.execute(TestSuiteExecutor.java:81)
	at com.kms.katalon.core.main.TestCaseMain.startTestSuite(TestCaseMain.java:149)
	at com.kms.katalon.core.main.TestCaseMain$startTestSuite$0.call(Unknown Source)
	at TempTestSuite1560802135767.run(TempTestSuite1560802135767.groovy:36)


2019-06-17 16:21:22 - [TEST_STEP][PASSED] - openBrowser(""): Browser is opened with url: ''

2019-06-17 16:21:22 - [MESSAGE][WARNING] - A browser is already opened. Closing browser and opening a new one

2019-06-17 16:21:22 - [MESSAGE][INFO] - Starting 'Chrome' driver

2019-06-17 16:21:24 - [MESSAGE][PASSED] - Browser is opened with url: ''

2019-06-17 16:21:24 - [TEST_STEP][PASSED] - navigateToUrl("https://ocs.ca/?fts=0&preview_theme_id=72920106828"): Navigate to 'https://ocs.ca/?fts=0&preview_theme_id=72920106828' successfully

2019-06-17 16:21:31 - [MESSAGE][PASSED] - Navigate to 'https://ocs.ca/?fts=0&preview_theme_id=72920106828' successfully

2019-06-17 16:21:31 - [TEST_STEP][PASSED] - executeJavaScript("var previewBar = document.getElementById("preview-bar-iframe"); previewBar.style.display = "none";", []): Execute JavaScript 'var previewBar = document.getElementById("preview-bar-iframe"); previewBar.style.display = "none";' successfully

2019-06-17 16:21:31 - [MESSAGE][PASSED] - Execute JavaScript 'var previewBar = document.getElementById("preview-bar-iframe"); previewBar.style.display = "none";' successfully

2019-06-17 16:21:31 - [TEST_STEP][PASSED] - setViewPortSize(360, 800): Viewport is set to new size with width = 360 and height = 800

2019-06-17 16:21:31 - [MESSAGE][PASSED] - Viewport is set to new size with width = 360 and height = 800

2019-06-17 16:21:31 - [TEST_STEP][PASSED] - delay(4): Delayed 4 second(s)

2019-06-17 16:21:35 - [MESSAGE][PASSED] - Delayed 4 second(s)

2019-06-17 16:21:35 - [TEST_STEP][PASSED] - selectOptionByValue(findTestObject("OCS-MOBILE /Age gate and burger menu/Date"), "12", true): All options with value '12' are selected in object 'Object Repository/OCS-MOBILE /Age gate and burger menu/Date'  using regular expression

2019-06-17 16:21:35 - [MESSAGE][PASSED] - All options with value '12' are selected in object 'Object Repository/OCS-MOBILE /Age gate and burger menu/Date'  using regular expression

2019-06-17 16:21:35 - [TEST_STEP][PASSED] - selectOptionByValue(findTestObject("OCS-MOBILE /Age gate and burger menu/month"), "6", true): All options with value '6' are selected in object 'Object Repository/OCS-MOBILE /Age gate and burger menu/month'  using regular expression

2019-06-17 16:21:36 - [MESSAGE][PASSED] - All options with value '6' are selected in object 'Object Repository/OCS-MOBILE /Age gate and burger menu/month'  using regular expression

2019-06-17 16:21:36 - [TEST_STEP][PASSED] - delay(2): Delayed 2 second(s)

2019-06-17 16:21:38 - [MESSAGE][PASSED] - Delayed 2 second(s)

2019-06-17 16:21:38 - [TEST_STEP][PASSED] - selectOptionByValue(findTestObject("OCS-MOBILE /Age gate and burger menu/Year Dropdown"), "1990", true): All options with value '1990' are selected in object 'Object Repository/OCS-MOBILE /Age gate and burger menu/Year Dropdown'  using regular expression

2019-06-17 16:21:39 - [MESSAGE][PASSED] - All options with value '1990' are selected in object 'Object Repository/OCS-MOBILE /Age gate and burger menu/Year Dropdown'  using regular expression

2019-06-17 16:21:39 - [TEST_STEP][PASSED] - click(findTestObject("OCS-MOBILE /Age gate and Mega menu/button_Verify")): Object: 'Object Repository/OCS-MOBILE /Age gate and Mega menu/button_Verify' is clicked on

2019-06-17 16:21:39 - [MESSAGE][PASSED] - Object: 'Object Repository/OCS-MOBILE /Age gate and Mega menu/button_Verify' is clicked on

2019-06-17 16:21:39 - [TEST_STEP][PASSED] - click(findTestObject("OCS-MOBILE /Age gate and Mega menu/Checkbox_CONFIRM AND ACKNOWLEDGE")): Object: 'Object Repository/OCS-MOBILE /Age gate and Mega menu/Checkbox_CONFIRM AND ACKNOWLEDGE' is clicked on

2019-06-17 16:21:39 - [MESSAGE][PASSED] - Object: 'Object Repository/OCS-MOBILE /Age gate and Mega menu/Checkbox_CONFIRM AND ACKNOWLEDGE' is clicked on

2019-06-17 16:21:39 - [TEST_STEP][PASSED] - click(findTestObject("OCS-MOBILE /Age gate and Mega menu/button_CONFIRM")): Object: 'Object Repository/OCS-MOBILE /Age gate and Mega menu/button_CONFIRM' is clicked on

2019-06-17 16:21:39 - [MESSAGE][PASSED] - Object: 'Object Repository/OCS-MOBILE /Age gate and Mega menu/button_CONFIRM' is clicked on

2019-06-17 16:21:39 - [TEST_STEP][PASSED] - click(findTestObject("OCS-MOBILE /Age gate and Mega menu/button_Start Browsing")): Object: 'Object Repository/OCS-MOBILE /Age gate and Mega menu/button_Start Browsing' is clicked on

2019-06-17 16:21:39 - [MESSAGE][PASSED] - Object: 'Object Repository/OCS-MOBILE /Age gate and Mega menu/button_Start Browsing' is clicked on

2019-06-17 16:21:39 - [TEST_STEP][PASSED] - refresh(): Refresh successfully

2019-06-17 16:21:44 - [MESSAGE][PASSED] - Refresh successfully

2019-06-17 16:21:44 - [TEST_STEP][PASSED] - delay(2): Delayed 2 second(s)

2019-06-17 16:21:46 - [MESSAGE][PASSED] - Delayed 2 second(s)

2019-06-17 16:21:46 - [TEST_STEP][PASSED] - click(findTestObject("OCS-MOBILE /Age gate and burger menu/Burger menu - English")): Object: 'Object Repository/OCS-MOBILE /Age gate and burger menu/Burger menu - English' is clicked on

2019-06-17 16:21:46 - [MESSAGE][PASSED] - Object: 'Object Repository/OCS-MOBILE /Age gate and burger menu/Burger menu - English' is clicked on

2019-06-17 16:21:46 - [TEST_STEP][PASSED] - delay(2): Delayed 2 second(s)

2019-06-17 16:21:48 - [MESSAGE][PASSED] - Delayed 2 second(s)

2019-06-17 16:21:48 - [TEST_STEP][PASSED] - click(findTestObject("OCS-MOBILE /Age gate and burger menu/Chevron_Cannabis")): Object: 'Object Repository/OCS-MOBILE /Age gate and burger menu/Chevron_Cannabis' is clicked on

2019-06-17 16:21:48 - [MESSAGE][PASSED] - Object: 'Object Repository/OCS-MOBILE /Age gate and burger menu/Chevron_Cannabis' is clicked on

2019-06-17 16:21:48 - [TEST_STEP][PASSED] - delay(2): Delayed 2 second(s)

2019-06-17 16:21:50 - [MESSAGE][PASSED] - Delayed 2 second(s)

2019-06-17 16:21:50 - [TEST_STEP][FAILED] - click(findTestObject("OCS-MOBILE /Age gate and burger menu/Dried Flower_Plus icon")): click(findTestObject("OCS-MOBILE /Age gate and burger menu/Dried Flower_Plus icon")) FAILED.
Reason:
com.kms.katalon.core.exception.StepFailedException: Unable to click on object 'Object Repository/OCS-MOBILE /Age gate and burger menu/Dried Flower_Plus icon' (Root cause: org.openqa.selenium.WebDriverException: unknown error: Element <i class="icon icon--plus menu__tier-three__link--icon"></i> is not clickable at point (462, 120). Other element would receive the click: <ul class="menu__learn-more--mobile only-mobile-tablet">...</ul>
  (Session info: chrome=75.0.3770.90)
  (Driver info: chromedriver=2.43.600229 (3fae4d0cda5334b4f533bede5a4787f7b832d052),platform=Mac OS X 10.13.6 x86_64) (WARNING: The server did not provide any stacktrace information)
Command duration or timeout: 0 milliseconds
Build info: version: '3.7.1', revision: '8a0099a', time: '2017-11-06T21:07:36.161Z'
System info: host: 'sumans-MacBook-Pro.local', ip: 'fe80:0:0:0:10f0:11f1:8277:c429%en0', os.name: 'Mac OS X', os.arch: 'x86_64', os.version: '10.13.6', java.version: '1.8.0_181'
Driver info: com.kms.katalon.selenium.driver.CChromeDriver
Capabilities {acceptInsecureCerts: false, acceptSslCerts: false, applicationCacheEnabled: false, browserConnectionEnabled: false, browserName: chrome, chrome: {chromedriverVersion: 2.43.600229 (3fae4d0cda5334..., userDataDir: /var/folders/1t/c55l8xzs6gq...}, cssSelectorsEnabled: true, databaseEnabled: false, goog:chromeOptions: {debuggerAddress: localhost:62065}, handlesAlerts: true, hasTouchScreen: false, javascriptEnabled: true, locationContextEnabled: true, mobileEmulationEnabled: false, nativeEvents: true, networkConnectionEnabled: false, pageLoadStrategy: normal, platform: MAC, platformName: MAC, rotatable: false, setWindowRect: true, takesHeapSnapshot: true, takesScreenshot: true, unexpectedAlertBehaviour: , unhandledPromptBehavior: , version: 75.0.3770.90, webStorageEnabled: true}
Session ID: 82ae2680dba4429f1d342c3233272d07)
	at com.kms.katalon.core.keyword.internal.KeywordMain.stepFailed(KeywordMain.groovy:36)
	at com.kms.katalon.core.webui.keyword.internal.WebUIKeywordMain.stepFailed(WebUIKeywordMain.groovy:65)
	at com.kms.katalon.core.webui.keyword.internal.WebUIKeywordMain.runKeyword(WebUIKeywordMain.groovy:27)
	at com.kms.katalon.core.webui.keyword.builtin.ClickKeyword.click(ClickKeyword.groovy:86)
	at com.kms.katalon.core.webui.keyword.builtin.ClickKeyword.execute(ClickKeyword.groovy:67)
	at com.kms.katalon.core.keyword.internal.KeywordExecutor.executeKeywordForPlatform(KeywordExecutor.groovy:53)
	at com.kms.katalon.core.webui.keyword.WebUiBuiltInKeywords.click(WebUiBuiltInKeywords.groovy:616)
	at com.kms.katalon.core.webui.keyword.WebUiBuiltInKeywords$click$4.call(Unknown Source)
	at CALL - PDP.run(CALL - PDP:55)
	at com.kms.katalon.core.main.ScriptEngine.run(ScriptEngine.java:194)
	at com.kms.katalon.core.main.ScriptEngine.runScriptAsRawText(ScriptEngine.java:119)
	at com.kms.katalon.core.main.TestCaseExecutor.runScript(TestCaseExecutor.java:328)
	at com.kms.katalon.core.main.TestCaseExecutor.doExecute(TestCaseExecutor.java:319)
	at com.kms.katalon.core.main.TestCaseExecutor.processExecutionPhase(TestCaseExecutor.java:298)
	at com.kms.katalon.core.main.TestCaseExecutor.accessMainPhase(TestCaseExecutor.java:290)
	at com.kms.katalon.core.main.TestCaseExecutor.execute(TestCaseExecutor.java:224)
	at com.kms.katalon.core.main.TestCaseMain.runTestCase(TestCaseMain.java:106)
	at com.kms.katalon.core.keyword.builtin.CallTestCaseKeyword$_callTestCase_closure1.doCall(CallTestCaseKeyword.groovy:59)
	at com.kms.katalon.core.keyword.builtin.CallTestCaseKeyword$_callTestCase_closure1.call(CallTestCaseKeyword.groovy)
	at com.kms.katalon.core.keyword.internal.KeywordMain.runKeyword(KeywordMain.groovy:54)
	at com.kms.katalon.core.keyword.builtin.CallTestCaseKeyword.callTestCase(CallTestCaseKeyword.groovy:80)
	at com.kms.katalon.core.keyword.builtin.CallTestCaseKeyword.execute(CallTestCaseKeyword.groovy:44)
	at com.kms.katalon.core.keyword.internal.KeywordExecutor.executeKeywordForPlatform(KeywordExecutor.groovy:53)
	at com.kms.katalon.core.keyword.BuiltinKeywords.callTestCase(BuiltinKeywords.groovy:334)
	at Tooltip.run(Tooltip:16)
	at com.kms.katalon.core.main.ScriptEngine.run(ScriptEngine.java:194)
	at com.kms.katalon.core.main.ScriptEngine.runScriptAsRawText(ScriptEngine.java:119)
	at com.kms.katalon.core.main.TestCaseExecutor.runScript(TestCaseExecutor.java:328)
	at com.kms.katalon.core.main.TestCaseExecutor.doExecute(TestCaseExecutor.java:319)
	at com.kms.katalon.core.main.TestCaseExecutor.processExecutionPhase(TestCaseExecutor.java:298)
	at com.kms.katalon.core.main.TestCaseExecutor.accessMainPhase(TestCaseExecutor.java:290)
	at com.kms.katalon.core.main.TestCaseExecutor.execute(TestCaseExecutor.java:224)
	at com.kms.katalon.core.main.TestSuiteExecutor.accessTestCaseMainPhase(TestSuiteExecutor.java:129)
	at com.kms.katalon.core.main.TestSuiteExecutor.accessTestSuiteMainPhase(TestSuiteExecutor.java:112)
	at com.kms.katalon.core.main.TestSuiteExecutor.execute(TestSuiteExecutor.java:81)
	at com.kms.katalon.core.main.TestCaseMain.startTestSuite(TestCaseMain.java:149)
	at com.kms.katalon.core.main.TestCaseMain$startTestSuite$0.call(Unknown Source)
	at TempTestSuite1560802135767.run(TempTestSuite1560802135767.groovy:36)


2019-06-17 16:21:51 - [MESSAGE][FAILED] - Unable to click on object 'Object Repository/OCS-MOBILE /Age gate and burger menu/Dried Flower_Plus icon' (Root cause: org.openqa.selenium.WebDriverException: unknown error: Element <i class="icon icon--plus menu__tier-three__link--icon"></i> is not clickable at point (462, 120). Other element would receive the click: <ul class="menu__learn-more--mobile only-mobile-tablet">...</ul>
  (Session info: chrome=75.0.3770.90)
  (Driver info: chromedriver=2.43.600229 (3fae4d0cda5334b4f533bede5a4787f7b832d052),platform=Mac OS X 10.13.6 x86_64) (WARNING: The server did not provide any stacktrace information)
Command duration or timeout: 0 milliseconds
Build info: version: '3.7.1', revision: '8a0099a', time: '2017-11-06T21:07:36.161Z'
System info: host: 'sumans-MacBook-Pro.local', ip: 'fe80:0:0:0:10f0:11f1:8277:c429%en0', os.name: 'Mac OS X', os.arch: 'x86_64', os.version: '10.13.6', java.version: '1.8.0_181'
Driver info: com.kms.katalon.selenium.driver.CChromeDriver
Capabilities {acceptInsecureCerts: false, acceptSslCerts: false, applicationCacheEnabled: false, browserConnectionEnabled: false, browserName: chrome, chrome: {chromedriverVersion: 2.43.600229 (3fae4d0cda5334..., userDataDir: /var/folders/1t/c55l8xzs6gq...}, cssSelectorsEnabled: true, databaseEnabled: false, goog:chromeOptions: {debuggerAddress: localhost:62065}, handlesAlerts: true, hasTouchScreen: false, javascriptEnabled: true, locationContextEnabled: true, mobileEmulationEnabled: false, nativeEvents: true, networkConnectionEnabled: false, pageLoadStrategy: normal, platform: MAC, platformName: MAC, rotatable: false, setWindowRect: true, takesHeapSnapshot: true, takesScreenshot: true, unexpectedAlertBehaviour: , unhandledPromptBehavior: , version: 75.0.3770.90, webStorageEnabled: true}
Session ID: 82ae2680dba4429f1d342c3233272d07)
[[ATTACHMENT|/Users/sumankompelly/Relative xpath-Mobile/Reports/OCS- 1.10.1/20190617_160855/1560802910768.png]]

2019-06-17 16:21:51 - [MESSAGE][FAILED] - click(findTestObject("OCS-MOBILE /Age gate and burger menu/Dried Flower_Plus icon")) FAILED.
Reason:
com.kms.katalon.core.exception.StepFailedException: Unable to click on object 'Object Repository/OCS-MOBILE /Age gate and burger menu/Dried Flower_Plus icon' (Root cause: org.openqa.selenium.WebDriverException: unknown error: Element <i class="icon icon--plus menu__tier-three__link--icon"></i> is not clickable at point (462, 120). Other element would receive the click: <ul class="menu__learn-more--mobile only-mobile-tablet">...</ul>
  (Session info: chrome=75.0.3770.90)
  (Driver info: chromedriver=2.43.600229 (3fae4d0cda5334b4f533bede5a4787f7b832d052),platform=Mac OS X 10.13.6 x86_64) (WARNING: The server did not provide any stacktrace information)
Command duration or timeout: 0 milliseconds
Build info: version: '3.7.1', revision: '8a0099a', time: '2017-11-06T21:07:36.161Z'
System info: host: 'sumans-MacBook-Pro.local', ip: 'fe80:0:0:0:10f0:11f1:8277:c429%en0', os.name: 'Mac OS X', os.arch: 'x86_64', os.version: '10.13.6', java.version: '1.8.0_181'
Driver info: com.kms.katalon.selenium.driver.CChromeDriver
Capabilities {acceptInsecureCerts: false, acceptSslCerts: false, applicationCacheEnabled: false, browserConnectionEnabled: false, browserName: chrome, chrome: {chromedriverVersion: 2.43.600229 (3fae4d0cda5334..., userDataDir: /var/folders/1t/c55l8xzs6gq...}, cssSelectorsEnabled: true, databaseEnabled: false, goog:chromeOptions: {debuggerAddress: localhost:62065}, handlesAlerts: true, hasTouchScreen: false, javascriptEnabled: true, locationContextEnabled: true, mobileEmulationEnabled: false, nativeEvents: true, networkConnectionEnabled: false, pageLoadStrategy: normal, platform: MAC, platformName: MAC, rotatable: false, setWindowRect: true, takesHeapSnapshot: true, takesScreenshot: true, unexpectedAlertBehaviour: , unhandledPromptBehavior: , version: 75.0.3770.90, webStorageEnabled: true}
Session ID: 82ae2680dba4429f1d342c3233272d07)
	at com.kms.katalon.core.keyword.internal.KeywordMain.stepFailed(KeywordMain.groovy:36)
	at com.kms.katalon.core.webui.keyword.internal.WebUIKeywordMain.stepFailed(WebUIKeywordMain.groovy:65)
	at com.kms.katalon.core.webui.keyword.internal.WebUIKeywordMain.runKeyword(WebUIKeywordMain.groovy:27)
	at com.kms.katalon.core.webui.keyword.builtin.ClickKeyword.click(ClickKeyword.groovy:86)
	at com.kms.katalon.core.webui.keyword.builtin.ClickKeyword.execute(ClickKeyword.groovy:67)
	at com.kms.katalon.core.keyword.internal.KeywordExecutor.executeKeywordForPlatform(KeywordExecutor.groovy:53)
	at com.kms.katalon.core.webui.keyword.WebUiBuiltInKeywords.click(WebUiBuiltInKeywords.groovy:616)
	at com.kms.katalon.core.webui.keyword.WebUiBuiltInKeywords$click$4.call(Unknown Source)
	at CALL - PDP.run(CALL - PDP:55)
	at com.kms.katalon.core.main.ScriptEngine.run(ScriptEngine.java:194)
	at com.kms.katalon.core.main.ScriptEngine.runScriptAsRawText(ScriptEngine.java:119)
	at com.kms.katalon.core.main.TestCaseExecutor.runScript(TestCaseExecutor.java:328)
	at com.kms.katalon.core.main.TestCaseExecutor.doExecute(TestCaseExecutor.java:319)
	at com.kms.katalon.core.main.TestCaseExecutor.processExecutionPhase(TestCaseExecutor.java:298)
	at com.kms.katalon.core.main.TestCaseExecutor.accessMainPhase(TestCaseExecutor.java:290)
	at com.kms.katalon.core.main.TestCaseExecutor.execute(TestCaseExecutor.java:224)
	at com.kms.katalon.core.main.TestCaseMain.runTestCase(TestCaseMain.java:106)
	at com.kms.katalon.core.keyword.builtin.CallTestCaseKeyword$_callTestCase_closure1.doCall(CallTestCaseKeyword.groovy:59)
	at com.kms.katalon.core.keyword.builtin.CallTestCaseKeyword$_callTestCase_closure1.call(CallTestCaseKeyword.groovy)
	at com.kms.katalon.core.keyword.internal.KeywordMain.runKeyword(KeywordMain.groovy:54)
	at com.kms.katalon.core.keyword.builtin.CallTestCaseKeyword.callTestCase(CallTestCaseKeyword.groovy:80)
	at com.kms.katalon.core.keyword.builtin.CallTestCaseKeyword.execute(CallTestCaseKeyword.groovy:44)
	at com.kms.katalon.core.keyword.internal.KeywordExecutor.executeKeywordForPlatform(KeywordExecutor.groovy:53)
	at com.kms.katalon.core.keyword.BuiltinKeywords.callTestCase(BuiltinKeywords.groovy:334)
	at Tooltip.run(Tooltip:16)
	at com.kms.katalon.core.main.ScriptEngine.run(ScriptEngine.java:194)
	at com.kms.katalon.core.main.ScriptEngine.runScriptAsRawText(ScriptEngine.java:119)
	at com.kms.katalon.core.main.TestCaseExecutor.runScript(TestCaseExecutor.java:328)
	at com.kms.katalon.core.main.TestCaseExecutor.doExecute(TestCaseExecutor.java:319)
	at com.kms.katalon.core.main.TestCaseExecutor.processExecutionPhase(TestCaseExecutor.java:298)
	at com.kms.katalon.core.main.TestCaseExecutor.accessMainPhase(TestCaseExecutor.java:290)
	at com.kms.katalon.core.main.TestCaseExecutor.execute(TestCaseExecutor.java:224)
	at com.kms.katalon.core.main.TestSuiteExecutor.accessTestCaseMainPhase(TestSuiteExecutor.java:129)
	at com.kms.katalon.core.main.TestSuiteExecutor.accessTestSuiteMainPhase(TestSuiteExecutor.java:112)
	at com.kms.katalon.core.main.TestSuiteExecutor.execute(TestSuiteExecutor.java:81)
	at com.kms.katalon.core.main.TestCaseMain.startTestSuite(TestCaseMain.java:149)
	at com.kms.katalon.core.main.TestCaseMain$startTestSuite$0.call(Unknown Source)
	at TempTestSuite1560802135767.run(TempTestSuite1560802135767.groovy:36)


2019-06-17 16:21:51 - [MESSAGE][FAILED] - Unable to call Test Case 'Test Cases/OCS - MOBILE/CALL - PDP' (Root cause: com.kms.katalon.core.exception.StepFailedException: Call Test Case 'Test Cases/OCS - MOBILE/CALL - PDP' failed)

2019-06-17 16:21:51 - [MESSAGE][FAILED] - callTestCase(findTestCase("OCS - MOBILE/CALL - PDP"), [:], STOP_ON_FAILURE) FAILED.
Reason:
com.kms.katalon.core.exception.StepFailedException: Unable to click on object 'Object Repository/OCS-MOBILE /Age gate and burger menu/Dried Flower_Plus icon' (Root cause: org.openqa.selenium.WebDriverException: unknown error: Element <i class="icon icon--plus menu__tier-three__link--icon"></i> is not clickable at point (462, 120). Other element would receive the click: <ul class="menu__learn-more--mobile only-mobile-tablet">...</ul>
  (Session info: chrome=75.0.3770.90)
  (Driver info: chromedriver=2.43.600229 (3fae4d0cda5334b4f533bede5a4787f7b832d052),platform=Mac OS X 10.13.6 x86_64) (WARNING: The server did not provide any stacktrace information)
Command duration or timeout: 0 milliseconds
Build info: version: '3.7.1', revision: '8a0099a', time: '2017-11-06T21:07:36.161Z'
System info: host: 'sumans-MacBook-Pro.local', ip: 'fe80:0:0:0:10f0:11f1:8277:c429%en0', os.name: 'Mac OS X', os.arch: 'x86_64', os.version: '10.13.6', java.version: '1.8.0_181'
Driver info: com.kms.katalon.selenium.driver.CChromeDriver
Capabilities {acceptInsecureCerts: false, acceptSslCerts: false, applicationCacheEnabled: false, browserConnectionEnabled: false, browserName: chrome, chrome: {chromedriverVersion: 2.43.600229 (3fae4d0cda5334..., userDataDir: /var/folders/1t/c55l8xzs6gq...}, cssSelectorsEnabled: true, databaseEnabled: false, goog:chromeOptions: {debuggerAddress: localhost:62065}, handlesAlerts: true, hasTouchScreen: false, javascriptEnabled: true, locationContextEnabled: true, mobileEmulationEnabled: false, nativeEvents: true, networkConnectionEnabled: false, pageLoadStrategy: normal, platform: MAC, platformName: MAC, rotatable: false, setWindowRect: true, takesHeapSnapshot: true, takesScreenshot: true, unexpectedAlertBehaviour: , unhandledPromptBehavior: , version: 75.0.3770.90, webStorageEnabled: true}
Session ID: 82ae2680dba4429f1d342c3233272d07)
	at com.kms.katalon.core.keyword.internal.KeywordMain.stepFailed(KeywordMain.groovy:36)
	at com.kms.katalon.core.webui.keyword.internal.WebUIKeywordMain.stepFailed(WebUIKeywordMain.groovy:65)
	at com.kms.katalon.core.webui.keyword.internal.WebUIKeywordMain.runKeyword(WebUIKeywordMain.groovy:27)
	at com.kms.katalon.core.webui.keyword.builtin.ClickKeyword.click(ClickKeyword.groovy:86)
	at com.kms.katalon.core.webui.keyword.builtin.ClickKeyword.execute(ClickKeyword.groovy:67)
	at com.kms.katalon.core.keyword.internal.KeywordExecutor.executeKeywordForPlatform(KeywordExecutor.groovy:53)
	at com.kms.katalon.core.webui.keyword.WebUiBuiltInKeywords.click(WebUiBuiltInKeywords.groovy:616)
	at com.kms.katalon.core.webui.keyword.WebUiBuiltInKeywords$click$4.call(Unknown Source)
	at CALL - PDP.run(CALL - PDP:55)
	at com.kms.katalon.core.main.ScriptEngine.run(ScriptEngine.java:194)
	at com.kms.katalon.core.main.ScriptEngine.runScriptAsRawText(ScriptEngine.java:119)
	at com.kms.katalon.core.main.TestCaseExecutor.runScript(TestCaseExecutor.java:328)
	at com.kms.katalon.core.main.TestCaseExecutor.doExecute(TestCaseExecutor.java:319)
	at com.kms.katalon.core.main.TestCaseExecutor.processExecutionPhase(TestCaseExecutor.java:298)
	at com.kms.katalon.core.main.TestCaseExecutor.accessMainPhase(TestCaseExecutor.java:290)
	at com.kms.katalon.core.main.TestCaseExecutor.execute(TestCaseExecutor.java:224)
	at com.kms.katalon.core.main.TestCaseMain.runTestCase(TestCaseMain.java:106)
	at com.kms.katalon.core.keyword.builtin.CallTestCaseKeyword$_callTestCase_closure1.doCall(CallTestCaseKeyword.groovy:59)
	at com.kms.katalon.core.keyword.builtin.CallTestCaseKeyword$_callTestCase_closure1.call(CallTestCaseKeyword.groovy)
	at com.kms.katalon.core.keyword.internal.KeywordMain.runKeyword(KeywordMain.groovy:54)
	at com.kms.katalon.core.keyword.builtin.CallTestCaseKeyword.callTestCase(CallTestCaseKeyword.groovy:80)
	at com.kms.katalon.core.keyword.builtin.CallTestCaseKeyword.execute(CallTestCaseKeyword.groovy:44)
	at com.kms.katalon.core.keyword.internal.KeywordExecutor.executeKeywordForPlatform(KeywordExecutor.groovy:53)
	at com.kms.katalon.core.keyword.BuiltinKeywords.callTestCase(BuiltinKeywords.groovy:334)
	at Tooltip.run(Tooltip:16)
	at com.kms.katalon.core.main.ScriptEngine.run(ScriptEngine.java:194)
	at com.kms.katalon.core.main.ScriptEngine.runScriptAsRawText(ScriptEngine.java:119)
	at com.kms.katalon.core.main.TestCaseExecutor.runScript(TestCaseExecutor.java:328)
	at com.kms.katalon.core.main.TestCaseExecutor.doExecute(TestCaseExecutor.java:319)
	at com.kms.katalon.core.main.TestCaseExecutor.processExecutionPhase(TestCaseExecutor.java:298)
	at com.kms.katalon.core.main.TestCaseExecutor.accessMainPhase(TestCaseExecutor.java:290)
	at com.kms.katalon.core.main.TestCaseExecutor.execute(TestCaseExecutor.java:224)
	at com.kms.katalon.core.main.TestSuiteExecutor.accessTestCaseMainPhase(TestSuiteExecutor.java:129)
	at com.kms.katalon.core.main.TestSuiteExecutor.accessTestSuiteMainPhase(TestSuiteExecutor.java:112)
	at com.kms.katalon.core.main.TestSuiteExecutor.execute(TestSuiteExecutor.java:81)
	at com.kms.katalon.core.main.TestCaseMain.startTestSuite(TestCaseMain.java:149)
	at com.kms.katalon.core.main.TestCaseMain$startTestSuite$0.call(Unknown Source)
	at TempTestSuite1560802135767.run(TempTestSuite1560802135767.groovy:36)]]></system-out>
         <system-err><![CDATA[2019-06-17 16:21:22 - [TEST_CASE][FAILED] - Test Cases/OCS - MOBILE/OCS- PRODUCT PAGE/Tooltip: Test Cases/OCS - MOBILE/OCS- PRODUCT PAGE/Tooltip FAILED.
Reason:
com.kms.katalon.core.exception.StepFailedException: Unable to click on object 'Object Repository/OCS-MOBILE /Age gate and burger menu/Dried Flower_Plus icon' (Root cause: org.openqa.selenium.WebDriverException: unknown error: Element <i class="icon icon--plus menu__tier-three__link--icon"></i> is not clickable at point (462, 120). Other element would receive the click: <ul class="menu__learn-more--mobile only-mobile-tablet">...</ul>
  (Session info: chrome=75.0.3770.90)
  (Driver info: chromedriver=2.43.600229 (3fae4d0cda5334b4f533bede5a4787f7b832d052),platform=Mac OS X 10.13.6 x86_64) (WARNING: The server did not provide any stacktrace information)
Command duration or timeout: 0 milliseconds
Build info: version: '3.7.1', revision: '8a0099a', time: '2017-11-06T21:07:36.161Z'
System info: host: 'sumans-MacBook-Pro.local', ip: 'fe80:0:0:0:10f0:11f1:8277:c429%en0', os.name: 'Mac OS X', os.arch: 'x86_64', os.version: '10.13.6', java.version: '1.8.0_181'
Driver info: com.kms.katalon.selenium.driver.CChromeDriver
Capabilities {acceptInsecureCerts: false, acceptSslCerts: false, applicationCacheEnabled: false, browserConnectionEnabled: false, browserName: chrome, chrome: {chromedriverVersion: 2.43.600229 (3fae4d0cda5334..., userDataDir: /var/folders/1t/c55l8xzs6gq...}, cssSelectorsEnabled: true, databaseEnabled: false, goog:chromeOptions: {debuggerAddress: localhost:62065}, handlesAlerts: true, hasTouchScreen: false, javascriptEnabled: true, locationContextEnabled: true, mobileEmulationEnabled: false, nativeEvents: true, networkConnectionEnabled: false, pageLoadStrategy: normal, platform: MAC, platformName: MAC, rotatable: false, setWindowRect: true, takesHeapSnapshot: true, takesScreenshot: true, unexpectedAlertBehaviour: , unhandledPromptBehavior: , version: 75.0.3770.90, webStorageEnabled: true}
Session ID: 82ae2680dba4429f1d342c3233272d07)
	at com.kms.katalon.core.keyword.internal.KeywordMain.stepFailed(KeywordMain.groovy:36)
	at com.kms.katalon.core.webui.keyword.internal.WebUIKeywordMain.stepFailed(WebUIKeywordMain.groovy:65)
	at com.kms.katalon.core.webui.keyword.internal.WebUIKeywordMain.runKeyword(WebUIKeywordMain.groovy:27)
	at com.kms.katalon.core.webui.keyword.builtin.ClickKeyword.click(ClickKeyword.groovy:86)
	at com.kms.katalon.core.webui.keyword.builtin.ClickKeyword.execute(ClickKeyword.groovy:67)
	at com.kms.katalon.core.keyword.internal.KeywordExecutor.executeKeywordForPlatform(KeywordExecutor.groovy:53)
	at com.kms.katalon.core.webui.keyword.WebUiBuiltInKeywords.click(WebUiBuiltInKeywords.groovy:616)
	at com.kms.katalon.core.webui.keyword.WebUiBuiltInKeywords$click$4.call(Unknown Source)
	at CALL - PDP.run(CALL - PDP:55)
	at com.kms.katalon.core.main.ScriptEngine.run(ScriptEngine.java:194)
	at com.kms.katalon.core.main.ScriptEngine.runScriptAsRawText(ScriptEngine.java:119)
	at com.kms.katalon.core.main.TestCaseExecutor.runScript(TestCaseExecutor.java:328)
	at com.kms.katalon.core.main.TestCaseExecutor.doExecute(TestCaseExecutor.java:319)
	at com.kms.katalon.core.main.TestCaseExecutor.processExecutionPhase(TestCaseExecutor.java:298)
	at com.kms.katalon.core.main.TestCaseExecutor.accessMainPhase(TestCaseExecutor.java:290)
	at com.kms.katalon.core.main.TestCaseExecutor.execute(TestCaseExecutor.java:224)
	at com.kms.katalon.core.main.TestCaseMain.runTestCase(TestCaseMain.java:106)
	at com.kms.katalon.core.keyword.builtin.CallTestCaseKeyword$_callTestCase_closure1.doCall(CallTestCaseKeyword.groovy:59)
	at com.kms.katalon.core.keyword.builtin.CallTestCaseKeyword$_callTestCase_closure1.call(CallTestCaseKeyword.groovy)
	at com.kms.katalon.core.keyword.internal.KeywordMain.runKeyword(KeywordMain.groovy:54)
	at com.kms.katalon.core.keyword.builtin.CallTestCaseKeyword.callTestCase(CallTestCaseKeyword.groovy:80)
	at com.kms.katalon.core.keyword.builtin.CallTestCaseKeyword.execute(CallTestCaseKeyword.groovy:44)
	at com.kms.katalon.core.keyword.internal.KeywordExecutor.executeKeywordForPlatform(KeywordExecutor.groovy:53)
	at com.kms.katalon.core.keyword.BuiltinKeywords.callTestCase(BuiltinKeywords.groovy:334)
	at Tooltip.run(Tooltip:16)
	at com.kms.katalon.core.main.ScriptEngine.run(ScriptEngine.java:194)
	at com.kms.katalon.core.main.ScriptEngine.runScriptAsRawText(ScriptEngine.java:119)
	at com.kms.katalon.core.main.TestCaseExecutor.runScript(TestCaseExecutor.java:328)
	at com.kms.katalon.core.main.TestCaseExecutor.doExecute(TestCaseExecutor.java:319)
	at com.kms.katalon.core.main.TestCaseExecutor.processExecutionPhase(TestCaseExecutor.java:298)
	at com.kms.katalon.core.main.TestCaseExecutor.accessMainPhase(TestCaseExecutor.java:290)
	at com.kms.katalon.core.main.TestCaseExecutor.execute(TestCaseExecutor.java:224)
	at com.kms.katalon.core.main.TestSuiteExecutor.accessTestCaseMainPhase(TestSuiteExecutor.java:129)
	at com.kms.katalon.core.main.TestSuiteExecutor.accessTestSuiteMainPhase(TestSuiteExecutor.java:112)
	at com.kms.katalon.core.main.TestSuiteExecutor.execute(TestSuiteExecutor.java:81)
	at com.kms.katalon.core.main.TestCaseMain.startTestSuite(TestCaseMain.java:149)
	at com.kms.katalon.core.main.TestCaseMain$startTestSuite$0.call(Unknown Source)
	at TempTestSuite1560802135767.run(TempTestSuite1560802135767.groovy:36)]]></system-err>
      </testcase>
      <testcase name="Test Cases/OCS - MOBILE/OCS- PRODUCT PAGE/Show all accessories" classname="Test Cases/OCS - MOBILE/OCS- PRODUCT PAGE/Show all accessories" status="FAILED">
         <failure type="FAILED" message="Test Cases/OCS - MOBILE/OCS- PRODUCT PAGE/Show all accessories FAILED.
Reason:
com.kms.katalon.core.exception.StepFailedException: Unable to click on object 'Object Repository/OCS-MOBILE /Age gate and burger menu/Dried Flower_Plus icon' (Root cause: org.openqa.selenium.WebDriverException: unknown error: Element &lt;i class=&quot;icon icon--plus menu__tier-three__link--icon&quot;>&lt;/i> is not clickable at point (462, 120). Other element would receive the click: &lt;ul class=&quot;menu__learn-more--mobile only-mobile-tablet&quot;>...&lt;/ul>
  (Session info: chrome=75.0.3770.90)
  (Driver info: chromedriver=2.43.600229 (3fae4d0cda5334b4f533bede5a4787f7b832d052),platform=Mac OS X 10.13.6 x86_64) (WARNING: The server did not provide any stacktrace information)
Command duration or timeout: 0 milliseconds
Build info: version: '3.7.1', revision: '8a0099a', time: '2017-11-06T21:07:36.161Z'
System info: host: 'sumans-MacBook-Pro.local', ip: 'fe80:0:0:0:10f0:11f1:8277:c429%en0', os.name: 'Mac OS X', os.arch: 'x86_64', os.version: '10.13.6', java.version: '1.8.0_181'
Driver info: com.kms.katalon.selenium.driver.CChromeDriver
Capabilities {acceptInsecureCerts: false, acceptSslCerts: false, applicationCacheEnabled: false, browserConnectionEnabled: false, browserName: chrome, chrome: {chromedriverVersion: 2.43.600229 (3fae4d0cda5334..., userDataDir: /var/folders/1t/c55l8xzs6gq...}, cssSelectorsEnabled: true, databaseEnabled: false, goog:chromeOptions: {debuggerAddress: localhost:62220}, handlesAlerts: true, hasTouchScreen: false, javascriptEnabled: true, locationContextEnabled: true, mobileEmulationEnabled: false, nativeEvents: true, networkConnectionEnabled: false, pageLoadStrategy: normal, platform: MAC, platformName: MAC, rotatable: false, setWindowRect: true, takesHeapSnapshot: true, takesScreenshot: true, unexpectedAlertBehaviour: , unhandledPromptBehavior: , version: 75.0.3770.90, webStorageEnabled: true}
Session ID: dd4e9e339fe7cf9e7ff7dd59d96fa51c)
	at com.kms.katalon.core.keyword.internal.KeywordMain.stepFailed(KeywordMain.groovy:36)
	at com.kms.katalon.core.webui.keyword.internal.WebUIKeywordMain.stepFailed(WebUIKeywordMain.groovy:65)
	at com.kms.katalon.core.webui.keyword.internal.WebUIKeywordMain.runKeyword(WebUIKeywordMain.groovy:27)
	at com.kms.katalon.core.webui.keyword.builtin.ClickKeyword.click(ClickKeyword.groovy:86)
	at com.kms.katalon.core.webui.keyword.builtin.ClickKeyword.execute(ClickKeyword.groovy:67)
	at com.kms.katalon.core.keyword.internal.KeywordExecutor.executeKeywordForPlatform(KeywordExecutor.groovy:53)
	at com.kms.katalon.core.webui.keyword.WebUiBuiltInKeywords.click(WebUiBuiltInKeywords.groovy:616)
	at com.kms.katalon.core.webui.keyword.WebUiBuiltInKeywords$click$4.call(Unknown Source)
	at CALL - PDP.run(CALL - PDP:55)
	at com.kms.katalon.core.main.ScriptEngine.run(ScriptEngine.java:194)
	at com.kms.katalon.core.main.ScriptEngine.runScriptAsRawText(ScriptEngine.java:119)
	at com.kms.katalon.core.main.TestCaseExecutor.runScript(TestCaseExecutor.java:328)
	at com.kms.katalon.core.main.TestCaseExecutor.doExecute(TestCaseExecutor.java:319)
	at com.kms.katalon.core.main.TestCaseExecutor.processExecutionPhase(TestCaseExecutor.java:298)
	at com.kms.katalon.core.main.TestCaseExecutor.accessMainPhase(TestCaseExecutor.java:290)
	at com.kms.katalon.core.main.TestCaseExecutor.execute(TestCaseExecutor.java:224)
	at com.kms.katalon.core.main.TestCaseMain.runTestCase(TestCaseMain.java:106)
	at com.kms.katalon.core.keyword.builtin.CallTestCaseKeyword$_callTestCase_closure1.doCall(CallTestCaseKeyword.groovy:59)
	at com.kms.katalon.core.keyword.builtin.CallTestCaseKeyword$_callTestCase_closure1.call(CallTestCaseKeyword.groovy)
	at com.kms.katalon.core.keyword.internal.KeywordMain.runKeyword(KeywordMain.groovy:54)
	at com.kms.katalon.core.keyword.builtin.CallTestCaseKeyword.callTestCase(CallTestCaseKeyword.groovy:80)
	at com.kms.katalon.core.keyword.builtin.CallTestCaseKeyword.execute(CallTestCaseKeyword.groovy:44)
	at com.kms.katalon.core.keyword.internal.KeywordExecutor.executeKeywordForPlatform(KeywordExecutor.groovy:53)
	at com.kms.katalon.core.keyword.BuiltinKeywords.callTestCase(BuiltinKeywords.groovy:334)
	at Show all accessories.run(Show all accessories:16)
	at com.kms.katalon.core.main.ScriptEngine.run(ScriptEngine.java:194)
	at com.kms.katalon.core.main.ScriptEngine.runScriptAsRawText(ScriptEngine.java:119)
	at com.kms.katalon.core.main.TestCaseExecutor.runScript(TestCaseExecutor.java:328)
	at com.kms.katalon.core.main.TestCaseExecutor.doExecute(TestCaseExecutor.java:319)
	at com.kms.katalon.core.main.TestCaseExecutor.processExecutionPhase(TestCaseExecutor.java:298)
	at com.kms.katalon.core.main.TestCaseExecutor.accessMainPhase(TestCaseExecutor.java:290)
	at com.kms.katalon.core.main.TestCaseExecutor.execute(TestCaseExecutor.java:224)
	at com.kms.katalon.core.main.TestSuiteExecutor.accessTestCaseMainPhase(TestSuiteExecutor.java:129)
	at com.kms.katalon.core.main.TestSuiteExecutor.accessTestSuiteMainPhase(TestSuiteExecutor.java:112)
	at com.kms.katalon.core.main.TestSuiteExecutor.execute(TestSuiteExecutor.java:81)
	at com.kms.katalon.core.main.TestCaseMain.startTestSuite(TestCaseMain.java:149)
	at com.kms.katalon.core.main.TestCaseMain$startTestSuite$0.call(Unknown Source)
	at TempTestSuite1560802135767.run(TempTestSuite1560802135767.groovy:36)
"/>
         <system-out><![CDATA[2019-06-17 16:21:51 - [TEST_CASE][FAILED] - Test Cases/OCS - MOBILE/OCS- PRODUCT PAGE/Show all accessories: Test Cases/OCS - MOBILE/OCS- PRODUCT PAGE/Show all accessories FAILED.
Reason:
com.kms.katalon.core.exception.StepFailedException: Unable to click on object 'Object Repository/OCS-MOBILE /Age gate and burger menu/Dried Flower_Plus icon' (Root cause: org.openqa.selenium.WebDriverException: unknown error: Element <i class="icon icon--plus menu__tier-three__link--icon"></i> is not clickable at point (462, 120). Other element would receive the click: <ul class="menu__learn-more--mobile only-mobile-tablet">...</ul>
  (Session info: chrome=75.0.3770.90)
  (Driver info: chromedriver=2.43.600229 (3fae4d0cda5334b4f533bede5a4787f7b832d052),platform=Mac OS X 10.13.6 x86_64) (WARNING: The server did not provide any stacktrace information)
Command duration or timeout: 0 milliseconds
Build info: version: '3.7.1', revision: '8a0099a', time: '2017-11-06T21:07:36.161Z'
System info: host: 'sumans-MacBook-Pro.local', ip: 'fe80:0:0:0:10f0:11f1:8277:c429%en0', os.name: 'Mac OS X', os.arch: 'x86_64', os.version: '10.13.6', java.version: '1.8.0_181'
Driver info: com.kms.katalon.selenium.driver.CChromeDriver
Capabilities {acceptInsecureCerts: false, acceptSslCerts: false, applicationCacheEnabled: false, browserConnectionEnabled: false, browserName: chrome, chrome: {chromedriverVersion: 2.43.600229 (3fae4d0cda5334..., userDataDir: /var/folders/1t/c55l8xzs6gq...}, cssSelectorsEnabled: true, databaseEnabled: false, goog:chromeOptions: {debuggerAddress: localhost:62220}, handlesAlerts: true, hasTouchScreen: false, javascriptEnabled: true, locationContextEnabled: true, mobileEmulationEnabled: false, nativeEvents: true, networkConnectionEnabled: false, pageLoadStrategy: normal, platform: MAC, platformName: MAC, rotatable: false, setWindowRect: true, takesHeapSnapshot: true, takesScreenshot: true, unexpectedAlertBehaviour: , unhandledPromptBehavior: , version: 75.0.3770.90, webStorageEnabled: true}
Session ID: dd4e9e339fe7cf9e7ff7dd59d96fa51c)
	at com.kms.katalon.core.keyword.internal.KeywordMain.stepFailed(KeywordMain.groovy:36)
	at com.kms.katalon.core.webui.keyword.internal.WebUIKeywordMain.stepFailed(WebUIKeywordMain.groovy:65)
	at com.kms.katalon.core.webui.keyword.internal.WebUIKeywordMain.runKeyword(WebUIKeywordMain.groovy:27)
	at com.kms.katalon.core.webui.keyword.builtin.ClickKeyword.click(ClickKeyword.groovy:86)
	at com.kms.katalon.core.webui.keyword.builtin.ClickKeyword.execute(ClickKeyword.groovy:67)
	at com.kms.katalon.core.keyword.internal.KeywordExecutor.executeKeywordForPlatform(KeywordExecutor.groovy:53)
	at com.kms.katalon.core.webui.keyword.WebUiBuiltInKeywords.click(WebUiBuiltInKeywords.groovy:616)
	at com.kms.katalon.core.webui.keyword.WebUiBuiltInKeywords$click$4.call(Unknown Source)
	at CALL - PDP.run(CALL - PDP:55)
	at com.kms.katalon.core.main.ScriptEngine.run(ScriptEngine.java:194)
	at com.kms.katalon.core.main.ScriptEngine.runScriptAsRawText(ScriptEngine.java:119)
	at com.kms.katalon.core.main.TestCaseExecutor.runScript(TestCaseExecutor.java:328)
	at com.kms.katalon.core.main.TestCaseExecutor.doExecute(TestCaseExecutor.java:319)
	at com.kms.katalon.core.main.TestCaseExecutor.processExecutionPhase(TestCaseExecutor.java:298)
	at com.kms.katalon.core.main.TestCaseExecutor.accessMainPhase(TestCaseExecutor.java:290)
	at com.kms.katalon.core.main.TestCaseExecutor.execute(TestCaseExecutor.java:224)
	at com.kms.katalon.core.main.TestCaseMain.runTestCase(TestCaseMain.java:106)
	at com.kms.katalon.core.keyword.builtin.CallTestCaseKeyword$_callTestCase_closure1.doCall(CallTestCaseKeyword.groovy:59)
	at com.kms.katalon.core.keyword.builtin.CallTestCaseKeyword$_callTestCase_closure1.call(CallTestCaseKeyword.groovy)
	at com.kms.katalon.core.keyword.internal.KeywordMain.runKeyword(KeywordMain.groovy:54)
	at com.kms.katalon.core.keyword.builtin.CallTestCaseKeyword.callTestCase(CallTestCaseKeyword.groovy:80)
	at com.kms.katalon.core.keyword.builtin.CallTestCaseKeyword.execute(CallTestCaseKeyword.groovy:44)
	at com.kms.katalon.core.keyword.internal.KeywordExecutor.executeKeywordForPlatform(KeywordExecutor.groovy:53)
	at com.kms.katalon.core.keyword.BuiltinKeywords.callTestCase(BuiltinKeywords.groovy:334)
	at Show all accessories.run(Show all accessories:16)
	at com.kms.katalon.core.main.ScriptEngine.run(ScriptEngine.java:194)
	at com.kms.katalon.core.main.ScriptEngine.runScriptAsRawText(ScriptEngine.java:119)
	at com.kms.katalon.core.main.TestCaseExecutor.runScript(TestCaseExecutor.java:328)
	at com.kms.katalon.core.main.TestCaseExecutor.doExecute(TestCaseExecutor.java:319)
	at com.kms.katalon.core.main.TestCaseExecutor.processExecutionPhase(TestCaseExecutor.java:298)
	at com.kms.katalon.core.main.TestCaseExecutor.accessMainPhase(TestCaseExecutor.java:290)
	at com.kms.katalon.core.main.TestCaseExecutor.execute(TestCaseExecutor.java:224)
	at com.kms.katalon.core.main.TestSuiteExecutor.accessTestCaseMainPhase(TestSuiteExecutor.java:129)
	at com.kms.katalon.core.main.TestSuiteExecutor.accessTestSuiteMainPhase(TestSuiteExecutor.java:112)
	at com.kms.katalon.core.main.TestSuiteExecutor.execute(TestSuiteExecutor.java:81)
	at com.kms.katalon.core.main.TestCaseMain.startTestSuite(TestCaseMain.java:149)
	at com.kms.katalon.core.main.TestCaseMain$startTestSuite$0.call(Unknown Source)
	at TempTestSuite1560802135767.run(TempTestSuite1560802135767.groovy:36)


2019-06-17 16:21:51 - [TEST_STEP][FAILED] - callTestCase(findTestCase("OCS - MOBILE/CALL - PDP"), [:], STOP_ON_FAILURE): callTestCase(findTestCase("OCS - MOBILE/CALL - PDP"), [:], STOP_ON_FAILURE) FAILED.
Reason:
com.kms.katalon.core.exception.StepFailedException: Unable to click on object 'Object Repository/OCS-MOBILE /Age gate and burger menu/Dried Flower_Plus icon' (Root cause: org.openqa.selenium.WebDriverException: unknown error: Element <i class="icon icon--plus menu__tier-three__link--icon"></i> is not clickable at point (462, 120). Other element would receive the click: <ul class="menu__learn-more--mobile only-mobile-tablet">...</ul>
  (Session info: chrome=75.0.3770.90)
  (Driver info: chromedriver=2.43.600229 (3fae4d0cda5334b4f533bede5a4787f7b832d052),platform=Mac OS X 10.13.6 x86_64) (WARNING: The server did not provide any stacktrace information)
Command duration or timeout: 0 milliseconds
Build info: version: '3.7.1', revision: '8a0099a', time: '2017-11-06T21:07:36.161Z'
System info: host: 'sumans-MacBook-Pro.local', ip: 'fe80:0:0:0:10f0:11f1:8277:c429%en0', os.name: 'Mac OS X', os.arch: 'x86_64', os.version: '10.13.6', java.version: '1.8.0_181'
Driver info: com.kms.katalon.selenium.driver.CChromeDriver
Capabilities {acceptInsecureCerts: false, acceptSslCerts: false, applicationCacheEnabled: false, browserConnectionEnabled: false, browserName: chrome, chrome: {chromedriverVersion: 2.43.600229 (3fae4d0cda5334..., userDataDir: /var/folders/1t/c55l8xzs6gq...}, cssSelectorsEnabled: true, databaseEnabled: false, goog:chromeOptions: {debuggerAddress: localhost:62220}, handlesAlerts: true, hasTouchScreen: false, javascriptEnabled: true, locationContextEnabled: true, mobileEmulationEnabled: false, nativeEvents: true, networkConnectionEnabled: false, pageLoadStrategy: normal, platform: MAC, platformName: MAC, rotatable: false, setWindowRect: true, takesHeapSnapshot: true, takesScreenshot: true, unexpectedAlertBehaviour: , unhandledPromptBehavior: , version: 75.0.3770.90, webStorageEnabled: true}
Session ID: dd4e9e339fe7cf9e7ff7dd59d96fa51c)
	at com.kms.katalon.core.keyword.internal.KeywordMain.stepFailed(KeywordMain.groovy:36)
	at com.kms.katalon.core.webui.keyword.internal.WebUIKeywordMain.stepFailed(WebUIKeywordMain.groovy:65)
	at com.kms.katalon.core.webui.keyword.internal.WebUIKeywordMain.runKeyword(WebUIKeywordMain.groovy:27)
	at com.kms.katalon.core.webui.keyword.builtin.ClickKeyword.click(ClickKeyword.groovy:86)
	at com.kms.katalon.core.webui.keyword.builtin.ClickKeyword.execute(ClickKeyword.groovy:67)
	at com.kms.katalon.core.keyword.internal.KeywordExecutor.executeKeywordForPlatform(KeywordExecutor.groovy:53)
	at com.kms.katalon.core.webui.keyword.WebUiBuiltInKeywords.click(WebUiBuiltInKeywords.groovy:616)
	at com.kms.katalon.core.webui.keyword.WebUiBuiltInKeywords$click$4.call(Unknown Source)
	at CALL - PDP.run(CALL - PDP:55)
	at com.kms.katalon.core.main.ScriptEngine.run(ScriptEngine.java:194)
	at com.kms.katalon.core.main.ScriptEngine.runScriptAsRawText(ScriptEngine.java:119)
	at com.kms.katalon.core.main.TestCaseExecutor.runScript(TestCaseExecutor.java:328)
	at com.kms.katalon.core.main.TestCaseExecutor.doExecute(TestCaseExecutor.java:319)
	at com.kms.katalon.core.main.TestCaseExecutor.processExecutionPhase(TestCaseExecutor.java:298)
	at com.kms.katalon.core.main.TestCaseExecutor.accessMainPhase(TestCaseExecutor.java:290)
	at com.kms.katalon.core.main.TestCaseExecutor.execute(TestCaseExecutor.java:224)
	at com.kms.katalon.core.main.TestCaseMain.runTestCase(TestCaseMain.java:106)
	at com.kms.katalon.core.keyword.builtin.CallTestCaseKeyword$_callTestCase_closure1.doCall(CallTestCaseKeyword.groovy:59)
	at com.kms.katalon.core.keyword.builtin.CallTestCaseKeyword$_callTestCase_closure1.call(CallTestCaseKeyword.groovy)
	at com.kms.katalon.core.keyword.internal.KeywordMain.runKeyword(KeywordMain.groovy:54)
	at com.kms.katalon.core.keyword.builtin.CallTestCaseKeyword.callTestCase(CallTestCaseKeyword.groovy:80)
	at com.kms.katalon.core.keyword.builtin.CallTestCaseKeyword.execute(CallTestCaseKeyword.groovy:44)
	at com.kms.katalon.core.keyword.internal.KeywordExecutor.executeKeywordForPlatform(KeywordExecutor.groovy:53)
	at com.kms.katalon.core.keyword.BuiltinKeywords.callTestCase(BuiltinKeywords.groovy:334)
	at Show all accessories.run(Show all accessories:16)
	at com.kms.katalon.core.main.ScriptEngine.run(ScriptEngine.java:194)
	at com.kms.katalon.core.main.ScriptEngine.runScriptAsRawText(ScriptEngine.java:119)
	at com.kms.katalon.core.main.TestCaseExecutor.runScript(TestCaseExecutor.java:328)
	at com.kms.katalon.core.main.TestCaseExecutor.doExecute(TestCaseExecutor.java:319)
	at com.kms.katalon.core.main.TestCaseExecutor.processExecutionPhase(TestCaseExecutor.java:298)
	at com.kms.katalon.core.main.TestCaseExecutor.accessMainPhase(TestCaseExecutor.java:290)
	at com.kms.katalon.core.main.TestCaseExecutor.execute(TestCaseExecutor.java:224)
	at com.kms.katalon.core.main.TestSuiteExecutor.accessTestCaseMainPhase(TestSuiteExecutor.java:129)
	at com.kms.katalon.core.main.TestSuiteExecutor.accessTestSuiteMainPhase(TestSuiteExecutor.java:112)
	at com.kms.katalon.core.main.TestSuiteExecutor.execute(TestSuiteExecutor.java:81)
	at com.kms.katalon.core.main.TestCaseMain.startTestSuite(TestCaseMain.java:149)
	at com.kms.katalon.core.main.TestCaseMain$startTestSuite$0.call(Unknown Source)
	at TempTestSuite1560802135767.run(TempTestSuite1560802135767.groovy:36)


2019-06-17 16:21:51 - [TEST_CASE][FAILED] - Test Cases/OCS - MOBILE/CALL - PDP: Test Cases/OCS - MOBILE/CALL - PDP FAILED.
Reason:
com.kms.katalon.core.exception.StepFailedException: Unable to click on object 'Object Repository/OCS-MOBILE /Age gate and burger menu/Dried Flower_Plus icon' (Root cause: org.openqa.selenium.WebDriverException: unknown error: Element <i class="icon icon--plus menu__tier-three__link--icon"></i> is not clickable at point (462, 120). Other element would receive the click: <ul class="menu__learn-more--mobile only-mobile-tablet">...</ul>
  (Session info: chrome=75.0.3770.90)
  (Driver info: chromedriver=2.43.600229 (3fae4d0cda5334b4f533bede5a4787f7b832d052),platform=Mac OS X 10.13.6 x86_64) (WARNING: The server did not provide any stacktrace information)
Command duration or timeout: 0 milliseconds
Build info: version: '3.7.1', revision: '8a0099a', time: '2017-11-06T21:07:36.161Z'
System info: host: 'sumans-MacBook-Pro.local', ip: 'fe80:0:0:0:10f0:11f1:8277:c429%en0', os.name: 'Mac OS X', os.arch: 'x86_64', os.version: '10.13.6', java.version: '1.8.0_181'
Driver info: com.kms.katalon.selenium.driver.CChromeDriver
Capabilities {acceptInsecureCerts: false, acceptSslCerts: false, applicationCacheEnabled: false, browserConnectionEnabled: false, browserName: chrome, chrome: {chromedriverVersion: 2.43.600229 (3fae4d0cda5334..., userDataDir: /var/folders/1t/c55l8xzs6gq...}, cssSelectorsEnabled: true, databaseEnabled: false, goog:chromeOptions: {debuggerAddress: localhost:62220}, handlesAlerts: true, hasTouchScreen: false, javascriptEnabled: true, locationContextEnabled: true, mobileEmulationEnabled: false, nativeEvents: true, networkConnectionEnabled: false, pageLoadStrategy: normal, platform: MAC, platformName: MAC, rotatable: false, setWindowRect: true, takesHeapSnapshot: true, takesScreenshot: true, unexpectedAlertBehaviour: , unhandledPromptBehavior: , version: 75.0.3770.90, webStorageEnabled: true}
Session ID: dd4e9e339fe7cf9e7ff7dd59d96fa51c)
	at com.kms.katalon.core.keyword.internal.KeywordMain.stepFailed(KeywordMain.groovy:36)
	at com.kms.katalon.core.webui.keyword.internal.WebUIKeywordMain.stepFailed(WebUIKeywordMain.groovy:65)
	at com.kms.katalon.core.webui.keyword.internal.WebUIKeywordMain.runKeyword(WebUIKeywordMain.groovy:27)
	at com.kms.katalon.core.webui.keyword.builtin.ClickKeyword.click(ClickKeyword.groovy:86)
	at com.kms.katalon.core.webui.keyword.builtin.ClickKeyword.execute(ClickKeyword.groovy:67)
	at com.kms.katalon.core.keyword.internal.KeywordExecutor.executeKeywordForPlatform(KeywordExecutor.groovy:53)
	at com.kms.katalon.core.webui.keyword.WebUiBuiltInKeywords.click(WebUiBuiltInKeywords.groovy:616)
	at com.kms.katalon.core.webui.keyword.WebUiBuiltInKeywords$click$4.call(Unknown Source)
	at CALL - PDP.run(CALL - PDP:55)
	at com.kms.katalon.core.main.ScriptEngine.run(ScriptEngine.java:194)
	at com.kms.katalon.core.main.ScriptEngine.runScriptAsRawText(ScriptEngine.java:119)
	at com.kms.katalon.core.main.TestCaseExecutor.runScript(TestCaseExecutor.java:328)
	at com.kms.katalon.core.main.TestCaseExecutor.doExecute(TestCaseExecutor.java:319)
	at com.kms.katalon.core.main.TestCaseExecutor.processExecutionPhase(TestCaseExecutor.java:298)
	at com.kms.katalon.core.main.TestCaseExecutor.accessMainPhase(TestCaseExecutor.java:290)
	at com.kms.katalon.core.main.TestCaseExecutor.execute(TestCaseExecutor.java:224)
	at com.kms.katalon.core.main.TestCaseMain.runTestCase(TestCaseMain.java:106)
	at com.kms.katalon.core.keyword.builtin.CallTestCaseKeyword$_callTestCase_closure1.doCall(CallTestCaseKeyword.groovy:59)
	at com.kms.katalon.core.keyword.builtin.CallTestCaseKeyword$_callTestCase_closure1.call(CallTestCaseKeyword.groovy)
	at com.kms.katalon.core.keyword.internal.KeywordMain.runKeyword(KeywordMain.groovy:54)
	at com.kms.katalon.core.keyword.builtin.CallTestCaseKeyword.callTestCase(CallTestCaseKeyword.groovy:80)
	at com.kms.katalon.core.keyword.builtin.CallTestCaseKeyword.execute(CallTestCaseKeyword.groovy:44)
	at com.kms.katalon.core.keyword.internal.KeywordExecutor.executeKeywordForPlatform(KeywordExecutor.groovy:53)
	at com.kms.katalon.core.keyword.BuiltinKeywords.callTestCase(BuiltinKeywords.groovy:334)
	at Show all accessories.run(Show all accessories:16)
	at com.kms.katalon.core.main.ScriptEngine.run(ScriptEngine.java:194)
	at com.kms.katalon.core.main.ScriptEngine.runScriptAsRawText(ScriptEngine.java:119)
	at com.kms.katalon.core.main.TestCaseExecutor.runScript(TestCaseExecutor.java:328)
	at com.kms.katalon.core.main.TestCaseExecutor.doExecute(TestCaseExecutor.java:319)
	at com.kms.katalon.core.main.TestCaseExecutor.processExecutionPhase(TestCaseExecutor.java:298)
	at com.kms.katalon.core.main.TestCaseExecutor.accessMainPhase(TestCaseExecutor.java:290)
	at com.kms.katalon.core.main.TestCaseExecutor.execute(TestCaseExecutor.java:224)
	at com.kms.katalon.core.main.TestSuiteExecutor.accessTestCaseMainPhase(TestSuiteExecutor.java:129)
	at com.kms.katalon.core.main.TestSuiteExecutor.accessTestSuiteMainPhase(TestSuiteExecutor.java:112)
	at com.kms.katalon.core.main.TestSuiteExecutor.execute(TestSuiteExecutor.java:81)
	at com.kms.katalon.core.main.TestCaseMain.startTestSuite(TestCaseMain.java:149)
	at com.kms.katalon.core.main.TestCaseMain$startTestSuite$0.call(Unknown Source)
	at TempTestSuite1560802135767.run(TempTestSuite1560802135767.groovy:36)


2019-06-17 16:21:51 - [TEST_STEP][PASSED] - openBrowser(""): Browser is opened with url: ''

2019-06-17 16:21:51 - [MESSAGE][WARNING] - A browser is already opened. Closing browser and opening a new one

2019-06-17 16:21:51 - [MESSAGE][INFO] - Starting 'Chrome' driver

2019-06-17 16:21:52 - [MESSAGE][PASSED] - Browser is opened with url: ''

2019-06-17 16:21:52 - [TEST_STEP][PASSED] - navigateToUrl("https://ocs.ca/?fts=0&preview_theme_id=72920106828"): Navigate to 'https://ocs.ca/?fts=0&preview_theme_id=72920106828' successfully

2019-06-17 16:21:57 - [MESSAGE][PASSED] - Navigate to 'https://ocs.ca/?fts=0&preview_theme_id=72920106828' successfully

2019-06-17 16:21:57 - [TEST_STEP][PASSED] - executeJavaScript("var previewBar = document.getElementById("preview-bar-iframe"); previewBar.style.display = "none";", []): Execute JavaScript 'var previewBar = document.getElementById("preview-bar-iframe"); previewBar.style.display = "none";' successfully

2019-06-17 16:21:57 - [MESSAGE][PASSED] - Execute JavaScript 'var previewBar = document.getElementById("preview-bar-iframe"); previewBar.style.display = "none";' successfully

2019-06-17 16:21:57 - [TEST_STEP][PASSED] - setViewPortSize(360, 800): Viewport is set to new size with width = 360 and height = 800

2019-06-17 16:21:57 - [MESSAGE][PASSED] - Viewport is set to new size with width = 360 and height = 800

2019-06-17 16:21:57 - [TEST_STEP][PASSED] - delay(4): Delayed 4 second(s)

2019-06-17 16:22:01 - [MESSAGE][PASSED] - Delayed 4 second(s)

2019-06-17 16:22:01 - [TEST_STEP][PASSED] - selectOptionByValue(findTestObject("OCS-MOBILE /Age gate and burger menu/Date"), "12", true): All options with value '12' are selected in object 'Object Repository/OCS-MOBILE /Age gate and burger menu/Date'  using regular expression

2019-06-17 16:22:01 - [MESSAGE][PASSED] - All options with value '12' are selected in object 'Object Repository/OCS-MOBILE /Age gate and burger menu/Date'  using regular expression

2019-06-17 16:22:01 - [TEST_STEP][PASSED] - selectOptionByValue(findTestObject("OCS-MOBILE /Age gate and burger menu/month"), "6", true): All options with value '6' are selected in object 'Object Repository/OCS-MOBILE /Age gate and burger menu/month'  using regular expression

2019-06-17 16:22:02 - [MESSAGE][PASSED] - All options with value '6' are selected in object 'Object Repository/OCS-MOBILE /Age gate and burger menu/month'  using regular expression

2019-06-17 16:22:02 - [TEST_STEP][PASSED] - delay(2): Delayed 2 second(s)

2019-06-17 16:22:04 - [MESSAGE][PASSED] - Delayed 2 second(s)

2019-06-17 16:22:04 - [TEST_STEP][PASSED] - selectOptionByValue(findTestObject("OCS-MOBILE /Age gate and burger menu/Year Dropdown"), "1990", true): All options with value '1990' are selected in object 'Object Repository/OCS-MOBILE /Age gate and burger menu/Year Dropdown'  using regular expression

2019-06-17 16:22:05 - [MESSAGE][PASSED] - All options with value '1990' are selected in object 'Object Repository/OCS-MOBILE /Age gate and burger menu/Year Dropdown'  using regular expression

2019-06-17 16:22:05 - [TEST_STEP][PASSED] - click(findTestObject("OCS-MOBILE /Age gate and Mega menu/button_Verify")): Object: 'Object Repository/OCS-MOBILE /Age gate and Mega menu/button_Verify' is clicked on

2019-06-17 16:22:05 - [MESSAGE][PASSED] - Object: 'Object Repository/OCS-MOBILE /Age gate and Mega menu/button_Verify' is clicked on

2019-06-17 16:22:05 - [TEST_STEP][PASSED] - click(findTestObject("OCS-MOBILE /Age gate and Mega menu/Checkbox_CONFIRM AND ACKNOWLEDGE")): Object: 'Object Repository/OCS-MOBILE /Age gate and Mega menu/Checkbox_CONFIRM AND ACKNOWLEDGE' is clicked on

2019-06-17 16:22:05 - [MESSAGE][PASSED] - Object: 'Object Repository/OCS-MOBILE /Age gate and Mega menu/Checkbox_CONFIRM AND ACKNOWLEDGE' is clicked on

2019-06-17 16:22:05 - [TEST_STEP][PASSED] - click(findTestObject("OCS-MOBILE /Age gate and Mega menu/button_CONFIRM")): Object: 'Object Repository/OCS-MOBILE /Age gate and Mega menu/button_CONFIRM' is clicked on

2019-06-17 16:22:05 - [MESSAGE][PASSED] - Object: 'Object Repository/OCS-MOBILE /Age gate and Mega menu/button_CONFIRM' is clicked on

2019-06-17 16:22:05 - [TEST_STEP][PASSED] - click(findTestObject("OCS-MOBILE /Age gate and Mega menu/button_Start Browsing")): Object: 'Object Repository/OCS-MOBILE /Age gate and Mega menu/button_Start Browsing' is clicked on

2019-06-17 16:22:05 - [MESSAGE][PASSED] - Object: 'Object Repository/OCS-MOBILE /Age gate and Mega menu/button_Start Browsing' is clicked on

2019-06-17 16:22:05 - [TEST_STEP][PASSED] - refresh(): Refresh successfully

2019-06-17 16:22:05 - [MESSAGE][PASSED] - Refresh successfully

2019-06-17 16:22:05 - [TEST_STEP][PASSED] - delay(2): Delayed 2 second(s)

2019-06-17 16:22:07 - [MESSAGE][PASSED] - Delayed 2 second(s)

2019-06-17 16:22:07 - [TEST_STEP][PASSED] - click(findTestObject("OCS-MOBILE /Age gate and burger menu/Burger menu - English")): Object: 'Object Repository/OCS-MOBILE /Age gate and burger menu/Burger menu - English' is clicked on

2019-06-17 16:22:08 - [MESSAGE][PASSED] - Object: 'Object Repository/OCS-MOBILE /Age gate and burger menu/Burger menu - English' is clicked on

2019-06-17 16:22:08 - [TEST_STEP][PASSED] - delay(2): Delayed 2 second(s)

2019-06-17 16:22:10 - [MESSAGE][PASSED] - Delayed 2 second(s)

2019-06-17 16:22:10 - [TEST_STEP][PASSED] - click(findTestObject("OCS-MOBILE /Age gate and burger menu/Chevron_Cannabis")): Object: 'Object Repository/OCS-MOBILE /Age gate and burger menu/Chevron_Cannabis' is clicked on

2019-06-17 16:22:10 - [MESSAGE][PASSED] - Object: 'Object Repository/OCS-MOBILE /Age gate and burger menu/Chevron_Cannabis' is clicked on

2019-06-17 16:22:10 - [TEST_STEP][PASSED] - delay(2): Delayed 2 second(s)

2019-06-17 16:22:12 - [MESSAGE][PASSED] - Delayed 2 second(s)

2019-06-17 16:22:12 - [TEST_STEP][FAILED] - click(findTestObject("OCS-MOBILE /Age gate and burger menu/Dried Flower_Plus icon")): click(findTestObject("OCS-MOBILE /Age gate and burger menu/Dried Flower_Plus icon")) FAILED.
Reason:
com.kms.katalon.core.exception.StepFailedException: Unable to click on object 'Object Repository/OCS-MOBILE /Age gate and burger menu/Dried Flower_Plus icon' (Root cause: org.openqa.selenium.WebDriverException: unknown error: Element <i class="icon icon--plus menu__tier-three__link--icon"></i> is not clickable at point (462, 120). Other element would receive the click: <ul class="menu__learn-more--mobile only-mobile-tablet">...</ul>
  (Session info: chrome=75.0.3770.90)
  (Driver info: chromedriver=2.43.600229 (3fae4d0cda5334b4f533bede5a4787f7b832d052),platform=Mac OS X 10.13.6 x86_64) (WARNING: The server did not provide any stacktrace information)
Command duration or timeout: 0 milliseconds
Build info: version: '3.7.1', revision: '8a0099a', time: '2017-11-06T21:07:36.161Z'
System info: host: 'sumans-MacBook-Pro.local', ip: 'fe80:0:0:0:10f0:11f1:8277:c429%en0', os.name: 'Mac OS X', os.arch: 'x86_64', os.version: '10.13.6', java.version: '1.8.0_181'
Driver info: com.kms.katalon.selenium.driver.CChromeDriver
Capabilities {acceptInsecureCerts: false, acceptSslCerts: false, applicationCacheEnabled: false, browserConnectionEnabled: false, browserName: chrome, chrome: {chromedriverVersion: 2.43.600229 (3fae4d0cda5334..., userDataDir: /var/folders/1t/c55l8xzs6gq...}, cssSelectorsEnabled: true, databaseEnabled: false, goog:chromeOptions: {debuggerAddress: localhost:62220}, handlesAlerts: true, hasTouchScreen: false, javascriptEnabled: true, locationContextEnabled: true, mobileEmulationEnabled: false, nativeEvents: true, networkConnectionEnabled: false, pageLoadStrategy: normal, platform: MAC, platformName: MAC, rotatable: false, setWindowRect: true, takesHeapSnapshot: true, takesScreenshot: true, unexpectedAlertBehaviour: , unhandledPromptBehavior: , version: 75.0.3770.90, webStorageEnabled: true}
Session ID: dd4e9e339fe7cf9e7ff7dd59d96fa51c)
	at com.kms.katalon.core.keyword.internal.KeywordMain.stepFailed(KeywordMain.groovy:36)
	at com.kms.katalon.core.webui.keyword.internal.WebUIKeywordMain.stepFailed(WebUIKeywordMain.groovy:65)
	at com.kms.katalon.core.webui.keyword.internal.WebUIKeywordMain.runKeyword(WebUIKeywordMain.groovy:27)
	at com.kms.katalon.core.webui.keyword.builtin.ClickKeyword.click(ClickKeyword.groovy:86)
	at com.kms.katalon.core.webui.keyword.builtin.ClickKeyword.execute(ClickKeyword.groovy:67)
	at com.kms.katalon.core.keyword.internal.KeywordExecutor.executeKeywordForPlatform(KeywordExecutor.groovy:53)
	at com.kms.katalon.core.webui.keyword.WebUiBuiltInKeywords.click(WebUiBuiltInKeywords.groovy:616)
	at com.kms.katalon.core.webui.keyword.WebUiBuiltInKeywords$click$4.call(Unknown Source)
	at CALL - PDP.run(CALL - PDP:55)
	at com.kms.katalon.core.main.ScriptEngine.run(ScriptEngine.java:194)
	at com.kms.katalon.core.main.ScriptEngine.runScriptAsRawText(ScriptEngine.java:119)
	at com.kms.katalon.core.main.TestCaseExecutor.runScript(TestCaseExecutor.java:328)
	at com.kms.katalon.core.main.TestCaseExecutor.doExecute(TestCaseExecutor.java:319)
	at com.kms.katalon.core.main.TestCaseExecutor.processExecutionPhase(TestCaseExecutor.java:298)
	at com.kms.katalon.core.main.TestCaseExecutor.accessMainPhase(TestCaseExecutor.java:290)
	at com.kms.katalon.core.main.TestCaseExecutor.execute(TestCaseExecutor.java:224)
	at com.kms.katalon.core.main.TestCaseMain.runTestCase(TestCaseMain.java:106)
	at com.kms.katalon.core.keyword.builtin.CallTestCaseKeyword$_callTestCase_closure1.doCall(CallTestCaseKeyword.groovy:59)
	at com.kms.katalon.core.keyword.builtin.CallTestCaseKeyword$_callTestCase_closure1.call(CallTestCaseKeyword.groovy)
	at com.kms.katalon.core.keyword.internal.KeywordMain.runKeyword(KeywordMain.groovy:54)
	at com.kms.katalon.core.keyword.builtin.CallTestCaseKeyword.callTestCase(CallTestCaseKeyword.groovy:80)
	at com.kms.katalon.core.keyword.builtin.CallTestCaseKeyword.execute(CallTestCaseKeyword.groovy:44)
	at com.kms.katalon.core.keyword.internal.KeywordExecutor.executeKeywordForPlatform(KeywordExecutor.groovy:53)
	at com.kms.katalon.core.keyword.BuiltinKeywords.callTestCase(BuiltinKeywords.groovy:334)
	at Show all accessories.run(Show all accessories:16)
	at com.kms.katalon.core.main.ScriptEngine.run(ScriptEngine.java:194)
	at com.kms.katalon.core.main.ScriptEngine.runScriptAsRawText(ScriptEngine.java:119)
	at com.kms.katalon.core.main.TestCaseExecutor.runScript(TestCaseExecutor.java:328)
	at com.kms.katalon.core.main.TestCaseExecutor.doExecute(TestCaseExecutor.java:319)
	at com.kms.katalon.core.main.TestCaseExecutor.processExecutionPhase(TestCaseExecutor.java:298)
	at com.kms.katalon.core.main.TestCaseExecutor.accessMainPhase(TestCaseExecutor.java:290)
	at com.kms.katalon.core.main.TestCaseExecutor.execute(TestCaseExecutor.java:224)
	at com.kms.katalon.core.main.TestSuiteExecutor.accessTestCaseMainPhase(TestSuiteExecutor.java:129)
	at com.kms.katalon.core.main.TestSuiteExecutor.accessTestSuiteMainPhase(TestSuiteExecutor.java:112)
	at com.kms.katalon.core.main.TestSuiteExecutor.execute(TestSuiteExecutor.java:81)
	at com.kms.katalon.core.main.TestCaseMain.startTestSuite(TestCaseMain.java:149)
	at com.kms.katalon.core.main.TestCaseMain$startTestSuite$0.call(Unknown Source)
	at TempTestSuite1560802135767.run(TempTestSuite1560802135767.groovy:36)


2019-06-17 16:22:13 - [MESSAGE][FAILED] - Unable to click on object 'Object Repository/OCS-MOBILE /Age gate and burger menu/Dried Flower_Plus icon' (Root cause: org.openqa.selenium.WebDriverException: unknown error: Element <i class="icon icon--plus menu__tier-three__link--icon"></i> is not clickable at point (462, 120). Other element would receive the click: <ul class="menu__learn-more--mobile only-mobile-tablet">...</ul>
  (Session info: chrome=75.0.3770.90)
  (Driver info: chromedriver=2.43.600229 (3fae4d0cda5334b4f533bede5a4787f7b832d052),platform=Mac OS X 10.13.6 x86_64) (WARNING: The server did not provide any stacktrace information)
Command duration or timeout: 0 milliseconds
Build info: version: '3.7.1', revision: '8a0099a', time: '2017-11-06T21:07:36.161Z'
System info: host: 'sumans-MacBook-Pro.local', ip: 'fe80:0:0:0:10f0:11f1:8277:c429%en0', os.name: 'Mac OS X', os.arch: 'x86_64', os.version: '10.13.6', java.version: '1.8.0_181'
Driver info: com.kms.katalon.selenium.driver.CChromeDriver
Capabilities {acceptInsecureCerts: false, acceptSslCerts: false, applicationCacheEnabled: false, browserConnectionEnabled: false, browserName: chrome, chrome: {chromedriverVersion: 2.43.600229 (3fae4d0cda5334..., userDataDir: /var/folders/1t/c55l8xzs6gq...}, cssSelectorsEnabled: true, databaseEnabled: false, goog:chromeOptions: {debuggerAddress: localhost:62220}, handlesAlerts: true, hasTouchScreen: false, javascriptEnabled: true, locationContextEnabled: true, mobileEmulationEnabled: false, nativeEvents: true, networkConnectionEnabled: false, pageLoadStrategy: normal, platform: MAC, platformName: MAC, rotatable: false, setWindowRect: true, takesHeapSnapshot: true, takesScreenshot: true, unexpectedAlertBehaviour: , unhandledPromptBehavior: , version: 75.0.3770.90, webStorageEnabled: true}
Session ID: dd4e9e339fe7cf9e7ff7dd59d96fa51c)
[[ATTACHMENT|/Users/sumankompelly/Relative xpath-Mobile/Reports/OCS- 1.10.1/20190617_160855/1560802932794.png]]

2019-06-17 16:22:13 - [MESSAGE][FAILED] - click(findTestObject("OCS-MOBILE /Age gate and burger menu/Dried Flower_Plus icon")) FAILED.
Reason:
com.kms.katalon.core.exception.StepFailedException: Unable to click on object 'Object Repository/OCS-MOBILE /Age gate and burger menu/Dried Flower_Plus icon' (Root cause: org.openqa.selenium.WebDriverException: unknown error: Element <i class="icon icon--plus menu__tier-three__link--icon"></i> is not clickable at point (462, 120). Other element would receive the click: <ul class="menu__learn-more--mobile only-mobile-tablet">...</ul>
  (Session info: chrome=75.0.3770.90)
  (Driver info: chromedriver=2.43.600229 (3fae4d0cda5334b4f533bede5a4787f7b832d052),platform=Mac OS X 10.13.6 x86_64) (WARNING: The server did not provide any stacktrace information)
Command duration or timeout: 0 milliseconds
Build info: version: '3.7.1', revision: '8a0099a', time: '2017-11-06T21:07:36.161Z'
System info: host: 'sumans-MacBook-Pro.local', ip: 'fe80:0:0:0:10f0:11f1:8277:c429%en0', os.name: 'Mac OS X', os.arch: 'x86_64', os.version: '10.13.6', java.version: '1.8.0_181'
Driver info: com.kms.katalon.selenium.driver.CChromeDriver
Capabilities {acceptInsecureCerts: false, acceptSslCerts: false, applicationCacheEnabled: false, browserConnectionEnabled: false, browserName: chrome, chrome: {chromedriverVersion: 2.43.600229 (3fae4d0cda5334..., userDataDir: /var/folders/1t/c55l8xzs6gq...}, cssSelectorsEnabled: true, databaseEnabled: false, goog:chromeOptions: {debuggerAddress: localhost:62220}, handlesAlerts: true, hasTouchScreen: false, javascriptEnabled: true, locationContextEnabled: true, mobileEmulationEnabled: false, nativeEvents: true, networkConnectionEnabled: false, pageLoadStrategy: normal, platform: MAC, platformName: MAC, rotatable: false, setWindowRect: true, takesHeapSnapshot: true, takesScreenshot: true, unexpectedAlertBehaviour: , unhandledPromptBehavior: , version: 75.0.3770.90, webStorageEnabled: true}
Session ID: dd4e9e339fe7cf9e7ff7dd59d96fa51c)
	at com.kms.katalon.core.keyword.internal.KeywordMain.stepFailed(KeywordMain.groovy:36)
	at com.kms.katalon.core.webui.keyword.internal.WebUIKeywordMain.stepFailed(WebUIKeywordMain.groovy:65)
	at com.kms.katalon.core.webui.keyword.internal.WebUIKeywordMain.runKeyword(WebUIKeywordMain.groovy:27)
	at com.kms.katalon.core.webui.keyword.builtin.ClickKeyword.click(ClickKeyword.groovy:86)
	at com.kms.katalon.core.webui.keyword.builtin.ClickKeyword.execute(ClickKeyword.groovy:67)
	at com.kms.katalon.core.keyword.internal.KeywordExecutor.executeKeywordForPlatform(KeywordExecutor.groovy:53)
	at com.kms.katalon.core.webui.keyword.WebUiBuiltInKeywords.click(WebUiBuiltInKeywords.groovy:616)
	at com.kms.katalon.core.webui.keyword.WebUiBuiltInKeywords$click$4.call(Unknown Source)
	at CALL - PDP.run(CALL - PDP:55)
	at com.kms.katalon.core.main.ScriptEngine.run(ScriptEngine.java:194)
	at com.kms.katalon.core.main.ScriptEngine.runScriptAsRawText(ScriptEngine.java:119)
	at com.kms.katalon.core.main.TestCaseExecutor.runScript(TestCaseExecutor.java:328)
	at com.kms.katalon.core.main.TestCaseExecutor.doExecute(TestCaseExecutor.java:319)
	at com.kms.katalon.core.main.TestCaseExecutor.processExecutionPhase(TestCaseExecutor.java:298)
	at com.kms.katalon.core.main.TestCaseExecutor.accessMainPhase(TestCaseExecutor.java:290)
	at com.kms.katalon.core.main.TestCaseExecutor.execute(TestCaseExecutor.java:224)
	at com.kms.katalon.core.main.TestCaseMain.runTestCase(TestCaseMain.java:106)
	at com.kms.katalon.core.keyword.builtin.CallTestCaseKeyword$_callTestCase_closure1.doCall(CallTestCaseKeyword.groovy:59)
	at com.kms.katalon.core.keyword.builtin.CallTestCaseKeyword$_callTestCase_closure1.call(CallTestCaseKeyword.groovy)
	at com.kms.katalon.core.keyword.internal.KeywordMain.runKeyword(KeywordMain.groovy:54)
	at com.kms.katalon.core.keyword.builtin.CallTestCaseKeyword.callTestCase(CallTestCaseKeyword.groovy:80)
	at com.kms.katalon.core.keyword.builtin.CallTestCaseKeyword.execute(CallTestCaseKeyword.groovy:44)
	at com.kms.katalon.core.keyword.internal.KeywordExecutor.executeKeywordForPlatform(KeywordExecutor.groovy:53)
	at com.kms.katalon.core.keyword.BuiltinKeywords.callTestCase(BuiltinKeywords.groovy:334)
	at Show all accessories.run(Show all accessories:16)
	at com.kms.katalon.core.main.ScriptEngine.run(ScriptEngine.java:194)
	at com.kms.katalon.core.main.ScriptEngine.runScriptAsRawText(ScriptEngine.java:119)
	at com.kms.katalon.core.main.TestCaseExecutor.runScript(TestCaseExecutor.java:328)
	at com.kms.katalon.core.main.TestCaseExecutor.doExecute(TestCaseExecutor.java:319)
	at com.kms.katalon.core.main.TestCaseExecutor.processExecutionPhase(TestCaseExecutor.java:298)
	at com.kms.katalon.core.main.TestCaseExecutor.accessMainPhase(TestCaseExecutor.java:290)
	at com.kms.katalon.core.main.TestCaseExecutor.execute(TestCaseExecutor.java:224)
	at com.kms.katalon.core.main.TestSuiteExecutor.accessTestCaseMainPhase(TestSuiteExecutor.java:129)
	at com.kms.katalon.core.main.TestSuiteExecutor.accessTestSuiteMainPhase(TestSuiteExecutor.java:112)
	at com.kms.katalon.core.main.TestSuiteExecutor.execute(TestSuiteExecutor.java:81)
	at com.kms.katalon.core.main.TestCaseMain.startTestSuite(TestCaseMain.java:149)
	at com.kms.katalon.core.main.TestCaseMain$startTestSuite$0.call(Unknown Source)
	at TempTestSuite1560802135767.run(TempTestSuite1560802135767.groovy:36)


2019-06-17 16:22:13 - [MESSAGE][FAILED] - Unable to call Test Case 'Test Cases/OCS - MOBILE/CALL - PDP' (Root cause: com.kms.katalon.core.exception.StepFailedException: Call Test Case 'Test Cases/OCS - MOBILE/CALL - PDP' failed)

2019-06-17 16:22:13 - [MESSAGE][FAILED] - callTestCase(findTestCase("OCS - MOBILE/CALL - PDP"), [:], STOP_ON_FAILURE) FAILED.
Reason:
com.kms.katalon.core.exception.StepFailedException: Unable to click on object 'Object Repository/OCS-MOBILE /Age gate and burger menu/Dried Flower_Plus icon' (Root cause: org.openqa.selenium.WebDriverException: unknown error: Element <i class="icon icon--plus menu__tier-three__link--icon"></i> is not clickable at point (462, 120). Other element would receive the click: <ul class="menu__learn-more--mobile only-mobile-tablet">...</ul>
  (Session info: chrome=75.0.3770.90)
  (Driver info: chromedriver=2.43.600229 (3fae4d0cda5334b4f533bede5a4787f7b832d052),platform=Mac OS X 10.13.6 x86_64) (WARNING: The server did not provide any stacktrace information)
Command duration or timeout: 0 milliseconds
Build info: version: '3.7.1', revision: '8a0099a', time: '2017-11-06T21:07:36.161Z'
System info: host: 'sumans-MacBook-Pro.local', ip: 'fe80:0:0:0:10f0:11f1:8277:c429%en0', os.name: 'Mac OS X', os.arch: 'x86_64', os.version: '10.13.6', java.version: '1.8.0_181'
Driver info: com.kms.katalon.selenium.driver.CChromeDriver
Capabilities {acceptInsecureCerts: false, acceptSslCerts: false, applicationCacheEnabled: false, browserConnectionEnabled: false, browserName: chrome, chrome: {chromedriverVersion: 2.43.600229 (3fae4d0cda5334..., userDataDir: /var/folders/1t/c55l8xzs6gq...}, cssSelectorsEnabled: true, databaseEnabled: false, goog:chromeOptions: {debuggerAddress: localhost:62220}, handlesAlerts: true, hasTouchScreen: false, javascriptEnabled: true, locationContextEnabled: true, mobileEmulationEnabled: false, nativeEvents: true, networkConnectionEnabled: false, pageLoadStrategy: normal, platform: MAC, platformName: MAC, rotatable: false, setWindowRect: true, takesHeapSnapshot: true, takesScreenshot: true, unexpectedAlertBehaviour: , unhandledPromptBehavior: , version: 75.0.3770.90, webStorageEnabled: true}
Session ID: dd4e9e339fe7cf9e7ff7dd59d96fa51c)
	at com.kms.katalon.core.keyword.internal.KeywordMain.stepFailed(KeywordMain.groovy:36)
	at com.kms.katalon.core.webui.keyword.internal.WebUIKeywordMain.stepFailed(WebUIKeywordMain.groovy:65)
	at com.kms.katalon.core.webui.keyword.internal.WebUIKeywordMain.runKeyword(WebUIKeywordMain.groovy:27)
	at com.kms.katalon.core.webui.keyword.builtin.ClickKeyword.click(ClickKeyword.groovy:86)
	at com.kms.katalon.core.webui.keyword.builtin.ClickKeyword.execute(ClickKeyword.groovy:67)
	at com.kms.katalon.core.keyword.internal.KeywordExecutor.executeKeywordForPlatform(KeywordExecutor.groovy:53)
	at com.kms.katalon.core.webui.keyword.WebUiBuiltInKeywords.click(WebUiBuiltInKeywords.groovy:616)
	at com.kms.katalon.core.webui.keyword.WebUiBuiltInKeywords$click$4.call(Unknown Source)
	at CALL - PDP.run(CALL - PDP:55)
	at com.kms.katalon.core.main.ScriptEngine.run(ScriptEngine.java:194)
	at com.kms.katalon.core.main.ScriptEngine.runScriptAsRawText(ScriptEngine.java:119)
	at com.kms.katalon.core.main.TestCaseExecutor.runScript(TestCaseExecutor.java:328)
	at com.kms.katalon.core.main.TestCaseExecutor.doExecute(TestCaseExecutor.java:319)
	at com.kms.katalon.core.main.TestCaseExecutor.processExecutionPhase(TestCaseExecutor.java:298)
	at com.kms.katalon.core.main.TestCaseExecutor.accessMainPhase(TestCaseExecutor.java:290)
	at com.kms.katalon.core.main.TestCaseExecutor.execute(TestCaseExecutor.java:224)
	at com.kms.katalon.core.main.TestCaseMain.runTestCase(TestCaseMain.java:106)
	at com.kms.katalon.core.keyword.builtin.CallTestCaseKeyword$_callTestCase_closure1.doCall(CallTestCaseKeyword.groovy:59)
	at com.kms.katalon.core.keyword.builtin.CallTestCaseKeyword$_callTestCase_closure1.call(CallTestCaseKeyword.groovy)
	at com.kms.katalon.core.keyword.internal.KeywordMain.runKeyword(KeywordMain.groovy:54)
	at com.kms.katalon.core.keyword.builtin.CallTestCaseKeyword.callTestCase(CallTestCaseKeyword.groovy:80)
	at com.kms.katalon.core.keyword.builtin.CallTestCaseKeyword.execute(CallTestCaseKeyword.groovy:44)
	at com.kms.katalon.core.keyword.internal.KeywordExecutor.executeKeywordForPlatform(KeywordExecutor.groovy:53)
	at com.kms.katalon.core.keyword.BuiltinKeywords.callTestCase(BuiltinKeywords.groovy:334)
	at Show all accessories.run(Show all accessories:16)
	at com.kms.katalon.core.main.ScriptEngine.run(ScriptEngine.java:194)
	at com.kms.katalon.core.main.ScriptEngine.runScriptAsRawText(ScriptEngine.java:119)
	at com.kms.katalon.core.main.TestCaseExecutor.runScript(TestCaseExecutor.java:328)
	at com.kms.katalon.core.main.TestCaseExecutor.doExecute(TestCaseExecutor.java:319)
	at com.kms.katalon.core.main.TestCaseExecutor.processExecutionPhase(TestCaseExecutor.java:298)
	at com.kms.katalon.core.main.TestCaseExecutor.accessMainPhase(TestCaseExecutor.java:290)
	at com.kms.katalon.core.main.TestCaseExecutor.execute(TestCaseExecutor.java:224)
	at com.kms.katalon.core.main.TestSuiteExecutor.accessTestCaseMainPhase(TestSuiteExecutor.java:129)
	at com.kms.katalon.core.main.TestSuiteExecutor.accessTestSuiteMainPhase(TestSuiteExecutor.java:112)
	at com.kms.katalon.core.main.TestSuiteExecutor.execute(TestSuiteExecutor.java:81)
	at com.kms.katalon.core.main.TestCaseMain.startTestSuite(TestCaseMain.java:149)
	at com.kms.katalon.core.main.TestCaseMain$startTestSuite$0.call(Unknown Source)
	at TempTestSuite1560802135767.run(TempTestSuite1560802135767.groovy:36)]]></system-out>
         <system-err><![CDATA[2019-06-17 16:21:51 - [TEST_CASE][FAILED] - Test Cases/OCS - MOBILE/OCS- PRODUCT PAGE/Show all accessories: Test Cases/OCS - MOBILE/OCS- PRODUCT PAGE/Show all accessories FAILED.
Reason:
com.kms.katalon.core.exception.StepFailedException: Unable to click on object 'Object Repository/OCS-MOBILE /Age gate and burger menu/Dried Flower_Plus icon' (Root cause: org.openqa.selenium.WebDriverException: unknown error: Element <i class="icon icon--plus menu__tier-three__link--icon"></i> is not clickable at point (462, 120). Other element would receive the click: <ul class="menu__learn-more--mobile only-mobile-tablet">...</ul>
  (Session info: chrome=75.0.3770.90)
  (Driver info: chromedriver=2.43.600229 (3fae4d0cda5334b4f533bede5a4787f7b832d052),platform=Mac OS X 10.13.6 x86_64) (WARNING: The server did not provide any stacktrace information)
Command duration or timeout: 0 milliseconds
Build info: version: '3.7.1', revision: '8a0099a', time: '2017-11-06T21:07:36.161Z'
System info: host: 'sumans-MacBook-Pro.local', ip: 'fe80:0:0:0:10f0:11f1:8277:c429%en0', os.name: 'Mac OS X', os.arch: 'x86_64', os.version: '10.13.6', java.version: '1.8.0_181'
Driver info: com.kms.katalon.selenium.driver.CChromeDriver
Capabilities {acceptInsecureCerts: false, acceptSslCerts: false, applicationCacheEnabled: false, browserConnectionEnabled: false, browserName: chrome, chrome: {chromedriverVersion: 2.43.600229 (3fae4d0cda5334..., userDataDir: /var/folders/1t/c55l8xzs6gq...}, cssSelectorsEnabled: true, databaseEnabled: false, goog:chromeOptions: {debuggerAddress: localhost:62220}, handlesAlerts: true, hasTouchScreen: false, javascriptEnabled: true, locationContextEnabled: true, mobileEmulationEnabled: false, nativeEvents: true, networkConnectionEnabled: false, pageLoadStrategy: normal, platform: MAC, platformName: MAC, rotatable: false, setWindowRect: true, takesHeapSnapshot: true, takesScreenshot: true, unexpectedAlertBehaviour: , unhandledPromptBehavior: , version: 75.0.3770.90, webStorageEnabled: true}
Session ID: dd4e9e339fe7cf9e7ff7dd59d96fa51c)
	at com.kms.katalon.core.keyword.internal.KeywordMain.stepFailed(KeywordMain.groovy:36)
	at com.kms.katalon.core.webui.keyword.internal.WebUIKeywordMain.stepFailed(WebUIKeywordMain.groovy:65)
	at com.kms.katalon.core.webui.keyword.internal.WebUIKeywordMain.runKeyword(WebUIKeywordMain.groovy:27)
	at com.kms.katalon.core.webui.keyword.builtin.ClickKeyword.click(ClickKeyword.groovy:86)
	at com.kms.katalon.core.webui.keyword.builtin.ClickKeyword.execute(ClickKeyword.groovy:67)
	at com.kms.katalon.core.keyword.internal.KeywordExecutor.executeKeywordForPlatform(KeywordExecutor.groovy:53)
	at com.kms.katalon.core.webui.keyword.WebUiBuiltInKeywords.click(WebUiBuiltInKeywords.groovy:616)
	at com.kms.katalon.core.webui.keyword.WebUiBuiltInKeywords$click$4.call(Unknown Source)
	at CALL - PDP.run(CALL - PDP:55)
	at com.kms.katalon.core.main.ScriptEngine.run(ScriptEngine.java:194)
	at com.kms.katalon.core.main.ScriptEngine.runScriptAsRawText(ScriptEngine.java:119)
	at com.kms.katalon.core.main.TestCaseExecutor.runScript(TestCaseExecutor.java:328)
	at com.kms.katalon.core.main.TestCaseExecutor.doExecute(TestCaseExecutor.java:319)
	at com.kms.katalon.core.main.TestCaseExecutor.processExecutionPhase(TestCaseExecutor.java:298)
	at com.kms.katalon.core.main.TestCaseExecutor.accessMainPhase(TestCaseExecutor.java:290)
	at com.kms.katalon.core.main.TestCaseExecutor.execute(TestCaseExecutor.java:224)
	at com.kms.katalon.core.main.TestCaseMain.runTestCase(TestCaseMain.java:106)
	at com.kms.katalon.core.keyword.builtin.CallTestCaseKeyword$_callTestCase_closure1.doCall(CallTestCaseKeyword.groovy:59)
	at com.kms.katalon.core.keyword.builtin.CallTestCaseKeyword$_callTestCase_closure1.call(CallTestCaseKeyword.groovy)
	at com.kms.katalon.core.keyword.internal.KeywordMain.runKeyword(KeywordMain.groovy:54)
	at com.kms.katalon.core.keyword.builtin.CallTestCaseKeyword.callTestCase(CallTestCaseKeyword.groovy:80)
	at com.kms.katalon.core.keyword.builtin.CallTestCaseKeyword.execute(CallTestCaseKeyword.groovy:44)
	at com.kms.katalon.core.keyword.internal.KeywordExecutor.executeKeywordForPlatform(KeywordExecutor.groovy:53)
	at com.kms.katalon.core.keyword.BuiltinKeywords.callTestCase(BuiltinKeywords.groovy:334)
	at Show all accessories.run(Show all accessories:16)
	at com.kms.katalon.core.main.ScriptEngine.run(ScriptEngine.java:194)
	at com.kms.katalon.core.main.ScriptEngine.runScriptAsRawText(ScriptEngine.java:119)
	at com.kms.katalon.core.main.TestCaseExecutor.runScript(TestCaseExecutor.java:328)
	at com.kms.katalon.core.main.TestCaseExecutor.doExecute(TestCaseExecutor.java:319)
	at com.kms.katalon.core.main.TestCaseExecutor.processExecutionPhase(TestCaseExecutor.java:298)
	at com.kms.katalon.core.main.TestCaseExecutor.accessMainPhase(TestCaseExecutor.java:290)
	at com.kms.katalon.core.main.TestCaseExecutor.execute(TestCaseExecutor.java:224)
	at com.kms.katalon.core.main.TestSuiteExecutor.accessTestCaseMainPhase(TestSuiteExecutor.java:129)
	at com.kms.katalon.core.main.TestSuiteExecutor.accessTestSuiteMainPhase(TestSuiteExecutor.java:112)
	at com.kms.katalon.core.main.TestSuiteExecutor.execute(TestSuiteExecutor.java:81)
	at com.kms.katalon.core.main.TestCaseMain.startTestSuite(TestCaseMain.java:149)
	at com.kms.katalon.core.main.TestCaseMain$startTestSuite$0.call(Unknown Source)
	at TempTestSuite1560802135767.run(TempTestSuite1560802135767.groovy:36)]]></system-err>
      </testcase>
      <testcase name="Test Cases/OCS - MOBILE/OCS- PRODUCT PAGE/More items to consider" classname="Test Cases/OCS - MOBILE/OCS- PRODUCT PAGE/More items to consider" status="FAILED">
         <failure type="FAILED" message="Test Cases/OCS - MOBILE/OCS- PRODUCT PAGE/More items to consider FAILED.
Reason:
com.kms.katalon.core.exception.StepFailedException: Unable to click on object 'Object Repository/OCS-MOBILE /Age gate and burger menu/Dried Flower_Plus icon' (Root cause: org.openqa.selenium.WebDriverException: unknown error: Element &lt;i class=&quot;icon icon--plus menu__tier-three__link--icon&quot;>&lt;/i> is not clickable at point (462, 120). Other element would receive the click: &lt;ul class=&quot;menu__learn-more--mobile only-mobile-tablet&quot;>...&lt;/ul>
  (Session info: chrome=75.0.3770.90)
  (Driver info: chromedriver=2.43.600229 (3fae4d0cda5334b4f533bede5a4787f7b832d052),platform=Mac OS X 10.13.6 x86_64) (WARNING: The server did not provide any stacktrace information)
Command duration or timeout: 0 milliseconds
Build info: version: '3.7.1', revision: '8a0099a', time: '2017-11-06T21:07:36.161Z'
System info: host: 'sumans-MacBook-Pro.local', ip: 'fe80:0:0:0:10f0:11f1:8277:c429%en0', os.name: 'Mac OS X', os.arch: 'x86_64', os.version: '10.13.6', java.version: '1.8.0_181'
Driver info: com.kms.katalon.selenium.driver.CChromeDriver
Capabilities {acceptInsecureCerts: false, acceptSslCerts: false, applicationCacheEnabled: false, browserConnectionEnabled: false, browserName: chrome, chrome: {chromedriverVersion: 2.43.600229 (3fae4d0cda5334..., userDataDir: /var/folders/1t/c55l8xzs6gq...}, cssSelectorsEnabled: true, databaseEnabled: false, goog:chromeOptions: {debuggerAddress: localhost:62350}, handlesAlerts: true, hasTouchScreen: false, javascriptEnabled: true, locationContextEnabled: true, mobileEmulationEnabled: false, nativeEvents: true, networkConnectionEnabled: false, pageLoadStrategy: normal, platform: MAC, platformName: MAC, rotatable: false, setWindowRect: true, takesHeapSnapshot: true, takesScreenshot: true, unexpectedAlertBehaviour: , unhandledPromptBehavior: , version: 75.0.3770.90, webStorageEnabled: true}
Session ID: 4a95ae5348558c5cabeb68b405a57740)
	at com.kms.katalon.core.keyword.internal.KeywordMain.stepFailed(KeywordMain.groovy:36)
	at com.kms.katalon.core.webui.keyword.internal.WebUIKeywordMain.stepFailed(WebUIKeywordMain.groovy:65)
	at com.kms.katalon.core.webui.keyword.internal.WebUIKeywordMain.runKeyword(WebUIKeywordMain.groovy:27)
	at com.kms.katalon.core.webui.keyword.builtin.ClickKeyword.click(ClickKeyword.groovy:86)
	at com.kms.katalon.core.webui.keyword.builtin.ClickKeyword.execute(ClickKeyword.groovy:67)
	at com.kms.katalon.core.keyword.internal.KeywordExecutor.executeKeywordForPlatform(KeywordExecutor.groovy:53)
	at com.kms.katalon.core.webui.keyword.WebUiBuiltInKeywords.click(WebUiBuiltInKeywords.groovy:616)
	at com.kms.katalon.core.webui.keyword.WebUiBuiltInKeywords$click$4.call(Unknown Source)
	at CALL - PDP.run(CALL - PDP:55)
	at com.kms.katalon.core.main.ScriptEngine.run(ScriptEngine.java:194)
	at com.kms.katalon.core.main.ScriptEngine.runScriptAsRawText(ScriptEngine.java:119)
	at com.kms.katalon.core.main.TestCaseExecutor.runScript(TestCaseExecutor.java:328)
	at com.kms.katalon.core.main.TestCaseExecutor.doExecute(TestCaseExecutor.java:319)
	at com.kms.katalon.core.main.TestCaseExecutor.processExecutionPhase(TestCaseExecutor.java:298)
	at com.kms.katalon.core.main.TestCaseExecutor.accessMainPhase(TestCaseExecutor.java:290)
	at com.kms.katalon.core.main.TestCaseExecutor.execute(TestCaseExecutor.java:224)
	at com.kms.katalon.core.main.TestCaseMain.runTestCase(TestCaseMain.java:106)
	at com.kms.katalon.core.keyword.builtin.CallTestCaseKeyword$_callTestCase_closure1.doCall(CallTestCaseKeyword.groovy:59)
	at com.kms.katalon.core.keyword.builtin.CallTestCaseKeyword$_callTestCase_closure1.call(CallTestCaseKeyword.groovy)
	at com.kms.katalon.core.keyword.internal.KeywordMain.runKeyword(KeywordMain.groovy:54)
	at com.kms.katalon.core.keyword.builtin.CallTestCaseKeyword.callTestCase(CallTestCaseKeyword.groovy:80)
	at com.kms.katalon.core.keyword.builtin.CallTestCaseKeyword.execute(CallTestCaseKeyword.groovy:44)
	at com.kms.katalon.core.keyword.internal.KeywordExecutor.executeKeywordForPlatform(KeywordExecutor.groovy:53)
	at com.kms.katalon.core.keyword.BuiltinKeywords.callTestCase(BuiltinKeywords.groovy:334)
	at More items to consider.run(More items to consider:17)
	at com.kms.katalon.core.main.ScriptEngine.run(ScriptEngine.java:194)
	at com.kms.katalon.core.main.ScriptEngine.runScriptAsRawText(ScriptEngine.java:119)
	at com.kms.katalon.core.main.TestCaseExecutor.runScript(TestCaseExecutor.java:328)
	at com.kms.katalon.core.main.TestCaseExecutor.doExecute(TestCaseExecutor.java:319)
	at com.kms.katalon.core.main.TestCaseExecutor.processExecutionPhase(TestCaseExecutor.java:298)
	at com.kms.katalon.core.main.TestCaseExecutor.accessMainPhase(TestCaseExecutor.java:290)
	at com.kms.katalon.core.main.TestCaseExecutor.execute(TestCaseExecutor.java:224)
	at com.kms.katalon.core.main.TestSuiteExecutor.accessTestCaseMainPhase(TestSuiteExecutor.java:129)
	at com.kms.katalon.core.main.TestSuiteExecutor.accessTestSuiteMainPhase(TestSuiteExecutor.java:112)
	at com.kms.katalon.core.main.TestSuiteExecutor.execute(TestSuiteExecutor.java:81)
	at com.kms.katalon.core.main.TestCaseMain.startTestSuite(TestCaseMain.java:149)
	at com.kms.katalon.core.main.TestCaseMain$startTestSuite$0.call(Unknown Source)
	at TempTestSuite1560802135767.run(TempTestSuite1560802135767.groovy:36)
"/>
         <system-out><![CDATA[2019-06-17 16:22:13 - [TEST_CASE][FAILED] - Test Cases/OCS - MOBILE/OCS- PRODUCT PAGE/More items to consider: Test Cases/OCS - MOBILE/OCS- PRODUCT PAGE/More items to consider FAILED.
Reason:
com.kms.katalon.core.exception.StepFailedException: Unable to click on object 'Object Repository/OCS-MOBILE /Age gate and burger menu/Dried Flower_Plus icon' (Root cause: org.openqa.selenium.WebDriverException: unknown error: Element <i class="icon icon--plus menu__tier-three__link--icon"></i> is not clickable at point (462, 120). Other element would receive the click: <ul class="menu__learn-more--mobile only-mobile-tablet">...</ul>
  (Session info: chrome=75.0.3770.90)
  (Driver info: chromedriver=2.43.600229 (3fae4d0cda5334b4f533bede5a4787f7b832d052),platform=Mac OS X 10.13.6 x86_64) (WARNING: The server did not provide any stacktrace information)
Command duration or timeout: 0 milliseconds
Build info: version: '3.7.1', revision: '8a0099a', time: '2017-11-06T21:07:36.161Z'
System info: host: 'sumans-MacBook-Pro.local', ip: 'fe80:0:0:0:10f0:11f1:8277:c429%en0', os.name: 'Mac OS X', os.arch: 'x86_64', os.version: '10.13.6', java.version: '1.8.0_181'
Driver info: com.kms.katalon.selenium.driver.CChromeDriver
Capabilities {acceptInsecureCerts: false, acceptSslCerts: false, applicationCacheEnabled: false, browserConnectionEnabled: false, browserName: chrome, chrome: {chromedriverVersion: 2.43.600229 (3fae4d0cda5334..., userDataDir: /var/folders/1t/c55l8xzs6gq...}, cssSelectorsEnabled: true, databaseEnabled: false, goog:chromeOptions: {debuggerAddress: localhost:62350}, handlesAlerts: true, hasTouchScreen: false, javascriptEnabled: true, locationContextEnabled: true, mobileEmulationEnabled: false, nativeEvents: true, networkConnectionEnabled: false, pageLoadStrategy: normal, platform: MAC, platformName: MAC, rotatable: false, setWindowRect: true, takesHeapSnapshot: true, takesScreenshot: true, unexpectedAlertBehaviour: , unhandledPromptBehavior: , version: 75.0.3770.90, webStorageEnabled: true}
Session ID: 4a95ae5348558c5cabeb68b405a57740)
	at com.kms.katalon.core.keyword.internal.KeywordMain.stepFailed(KeywordMain.groovy:36)
	at com.kms.katalon.core.webui.keyword.internal.WebUIKeywordMain.stepFailed(WebUIKeywordMain.groovy:65)
	at com.kms.katalon.core.webui.keyword.internal.WebUIKeywordMain.runKeyword(WebUIKeywordMain.groovy:27)
	at com.kms.katalon.core.webui.keyword.builtin.ClickKeyword.click(ClickKeyword.groovy:86)
	at com.kms.katalon.core.webui.keyword.builtin.ClickKeyword.execute(ClickKeyword.groovy:67)
	at com.kms.katalon.core.keyword.internal.KeywordExecutor.executeKeywordForPlatform(KeywordExecutor.groovy:53)
	at com.kms.katalon.core.webui.keyword.WebUiBuiltInKeywords.click(WebUiBuiltInKeywords.groovy:616)
	at com.kms.katalon.core.webui.keyword.WebUiBuiltInKeywords$click$4.call(Unknown Source)
	at CALL - PDP.run(CALL - PDP:55)
	at com.kms.katalon.core.main.ScriptEngine.run(ScriptEngine.java:194)
	at com.kms.katalon.core.main.ScriptEngine.runScriptAsRawText(ScriptEngine.java:119)
	at com.kms.katalon.core.main.TestCaseExecutor.runScript(TestCaseExecutor.java:328)
	at com.kms.katalon.core.main.TestCaseExecutor.doExecute(TestCaseExecutor.java:319)
	at com.kms.katalon.core.main.TestCaseExecutor.processExecutionPhase(TestCaseExecutor.java:298)
	at com.kms.katalon.core.main.TestCaseExecutor.accessMainPhase(TestCaseExecutor.java:290)
	at com.kms.katalon.core.main.TestCaseExecutor.execute(TestCaseExecutor.java:224)
	at com.kms.katalon.core.main.TestCaseMain.runTestCase(TestCaseMain.java:106)
	at com.kms.katalon.core.keyword.builtin.CallTestCaseKeyword$_callTestCase_closure1.doCall(CallTestCaseKeyword.groovy:59)
	at com.kms.katalon.core.keyword.builtin.CallTestCaseKeyword$_callTestCase_closure1.call(CallTestCaseKeyword.groovy)
	at com.kms.katalon.core.keyword.internal.KeywordMain.runKeyword(KeywordMain.groovy:54)
	at com.kms.katalon.core.keyword.builtin.CallTestCaseKeyword.callTestCase(CallTestCaseKeyword.groovy:80)
	at com.kms.katalon.core.keyword.builtin.CallTestCaseKeyword.execute(CallTestCaseKeyword.groovy:44)
	at com.kms.katalon.core.keyword.internal.KeywordExecutor.executeKeywordForPlatform(KeywordExecutor.groovy:53)
	at com.kms.katalon.core.keyword.BuiltinKeywords.callTestCase(BuiltinKeywords.groovy:334)
	at More items to consider.run(More items to consider:17)
	at com.kms.katalon.core.main.ScriptEngine.run(ScriptEngine.java:194)
	at com.kms.katalon.core.main.ScriptEngine.runScriptAsRawText(ScriptEngine.java:119)
	at com.kms.katalon.core.main.TestCaseExecutor.runScript(TestCaseExecutor.java:328)
	at com.kms.katalon.core.main.TestCaseExecutor.doExecute(TestCaseExecutor.java:319)
	at com.kms.katalon.core.main.TestCaseExecutor.processExecutionPhase(TestCaseExecutor.java:298)
	at com.kms.katalon.core.main.TestCaseExecutor.accessMainPhase(TestCaseExecutor.java:290)
	at com.kms.katalon.core.main.TestCaseExecutor.execute(TestCaseExecutor.java:224)
	at com.kms.katalon.core.main.TestSuiteExecutor.accessTestCaseMainPhase(TestSuiteExecutor.java:129)
	at com.kms.katalon.core.main.TestSuiteExecutor.accessTestSuiteMainPhase(TestSuiteExecutor.java:112)
	at com.kms.katalon.core.main.TestSuiteExecutor.execute(TestSuiteExecutor.java:81)
	at com.kms.katalon.core.main.TestCaseMain.startTestSuite(TestCaseMain.java:149)
	at com.kms.katalon.core.main.TestCaseMain$startTestSuite$0.call(Unknown Source)
	at TempTestSuite1560802135767.run(TempTestSuite1560802135767.groovy:36)


2019-06-17 16:22:13 - [TEST_STEP][FAILED] - callTestCase(findTestCase("OCS - MOBILE/CALL - PDP"), [:], STOP_ON_FAILURE): callTestCase(findTestCase("OCS - MOBILE/CALL - PDP"), [:], STOP_ON_FAILURE) FAILED.
Reason:
com.kms.katalon.core.exception.StepFailedException: Unable to click on object 'Object Repository/OCS-MOBILE /Age gate and burger menu/Dried Flower_Plus icon' (Root cause: org.openqa.selenium.WebDriverException: unknown error: Element <i class="icon icon--plus menu__tier-three__link--icon"></i> is not clickable at point (462, 120). Other element would receive the click: <ul class="menu__learn-more--mobile only-mobile-tablet">...</ul>
  (Session info: chrome=75.0.3770.90)
  (Driver info: chromedriver=2.43.600229 (3fae4d0cda5334b4f533bede5a4787f7b832d052),platform=Mac OS X 10.13.6 x86_64) (WARNING: The server did not provide any stacktrace information)
Command duration or timeout: 0 milliseconds
Build info: version: '3.7.1', revision: '8a0099a', time: '2017-11-06T21:07:36.161Z'
System info: host: 'sumans-MacBook-Pro.local', ip: 'fe80:0:0:0:10f0:11f1:8277:c429%en0', os.name: 'Mac OS X', os.arch: 'x86_64', os.version: '10.13.6', java.version: '1.8.0_181'
Driver info: com.kms.katalon.selenium.driver.CChromeDriver
Capabilities {acceptInsecureCerts: false, acceptSslCerts: false, applicationCacheEnabled: false, browserConnectionEnabled: false, browserName: chrome, chrome: {chromedriverVersion: 2.43.600229 (3fae4d0cda5334..., userDataDir: /var/folders/1t/c55l8xzs6gq...}, cssSelectorsEnabled: true, databaseEnabled: false, goog:chromeOptions: {debuggerAddress: localhost:62350}, handlesAlerts: true, hasTouchScreen: false, javascriptEnabled: true, locationContextEnabled: true, mobileEmulationEnabled: false, nativeEvents: true, networkConnectionEnabled: false, pageLoadStrategy: normal, platform: MAC, platformName: MAC, rotatable: false, setWindowRect: true, takesHeapSnapshot: true, takesScreenshot: true, unexpectedAlertBehaviour: , unhandledPromptBehavior: , version: 75.0.3770.90, webStorageEnabled: true}
Session ID: 4a95ae5348558c5cabeb68b405a57740)
	at com.kms.katalon.core.keyword.internal.KeywordMain.stepFailed(KeywordMain.groovy:36)
	at com.kms.katalon.core.webui.keyword.internal.WebUIKeywordMain.stepFailed(WebUIKeywordMain.groovy:65)
	at com.kms.katalon.core.webui.keyword.internal.WebUIKeywordMain.runKeyword(WebUIKeywordMain.groovy:27)
	at com.kms.katalon.core.webui.keyword.builtin.ClickKeyword.click(ClickKeyword.groovy:86)
	at com.kms.katalon.core.webui.keyword.builtin.ClickKeyword.execute(ClickKeyword.groovy:67)
	at com.kms.katalon.core.keyword.internal.KeywordExecutor.executeKeywordForPlatform(KeywordExecutor.groovy:53)
	at com.kms.katalon.core.webui.keyword.WebUiBuiltInKeywords.click(WebUiBuiltInKeywords.groovy:616)
	at com.kms.katalon.core.webui.keyword.WebUiBuiltInKeywords$click$4.call(Unknown Source)
	at CALL - PDP.run(CALL - PDP:55)
	at com.kms.katalon.core.main.ScriptEngine.run(ScriptEngine.java:194)
	at com.kms.katalon.core.main.ScriptEngine.runScriptAsRawText(ScriptEngine.java:119)
	at com.kms.katalon.core.main.TestCaseExecutor.runScript(TestCaseExecutor.java:328)
	at com.kms.katalon.core.main.TestCaseExecutor.doExecute(TestCaseExecutor.java:319)
	at com.kms.katalon.core.main.TestCaseExecutor.processExecutionPhase(TestCaseExecutor.java:298)
	at com.kms.katalon.core.main.TestCaseExecutor.accessMainPhase(TestCaseExecutor.java:290)
	at com.kms.katalon.core.main.TestCaseExecutor.execute(TestCaseExecutor.java:224)
	at com.kms.katalon.core.main.TestCaseMain.runTestCase(TestCaseMain.java:106)
	at com.kms.katalon.core.keyword.builtin.CallTestCaseKeyword$_callTestCase_closure1.doCall(CallTestCaseKeyword.groovy:59)
	at com.kms.katalon.core.keyword.builtin.CallTestCaseKeyword$_callTestCase_closure1.call(CallTestCaseKeyword.groovy)
	at com.kms.katalon.core.keyword.internal.KeywordMain.runKeyword(KeywordMain.groovy:54)
	at com.kms.katalon.core.keyword.builtin.CallTestCaseKeyword.callTestCase(CallTestCaseKeyword.groovy:80)
	at com.kms.katalon.core.keyword.builtin.CallTestCaseKeyword.execute(CallTestCaseKeyword.groovy:44)
	at com.kms.katalon.core.keyword.internal.KeywordExecutor.executeKeywordForPlatform(KeywordExecutor.groovy:53)
	at com.kms.katalon.core.keyword.BuiltinKeywords.callTestCase(BuiltinKeywords.groovy:334)
	at More items to consider.run(More items to consider:17)
	at com.kms.katalon.core.main.ScriptEngine.run(ScriptEngine.java:194)
	at com.kms.katalon.core.main.ScriptEngine.runScriptAsRawText(ScriptEngine.java:119)
	at com.kms.katalon.core.main.TestCaseExecutor.runScript(TestCaseExecutor.java:328)
	at com.kms.katalon.core.main.TestCaseExecutor.doExecute(TestCaseExecutor.java:319)
	at com.kms.katalon.core.main.TestCaseExecutor.processExecutionPhase(TestCaseExecutor.java:298)
	at com.kms.katalon.core.main.TestCaseExecutor.accessMainPhase(TestCaseExecutor.java:290)
	at com.kms.katalon.core.main.TestCaseExecutor.execute(TestCaseExecutor.java:224)
	at com.kms.katalon.core.main.TestSuiteExecutor.accessTestCaseMainPhase(TestSuiteExecutor.java:129)
	at com.kms.katalon.core.main.TestSuiteExecutor.accessTestSuiteMainPhase(TestSuiteExecutor.java:112)
	at com.kms.katalon.core.main.TestSuiteExecutor.execute(TestSuiteExecutor.java:81)
	at com.kms.katalon.core.main.TestCaseMain.startTestSuite(TestCaseMain.java:149)
	at com.kms.katalon.core.main.TestCaseMain$startTestSuite$0.call(Unknown Source)
	at TempTestSuite1560802135767.run(TempTestSuite1560802135767.groovy:36)


2019-06-17 16:22:13 - [TEST_CASE][FAILED] - Test Cases/OCS - MOBILE/CALL - PDP: Test Cases/OCS - MOBILE/CALL - PDP FAILED.
Reason:
com.kms.katalon.core.exception.StepFailedException: Unable to click on object 'Object Repository/OCS-MOBILE /Age gate and burger menu/Dried Flower_Plus icon' (Root cause: org.openqa.selenium.WebDriverException: unknown error: Element <i class="icon icon--plus menu__tier-three__link--icon"></i> is not clickable at point (462, 120). Other element would receive the click: <ul class="menu__learn-more--mobile only-mobile-tablet">...</ul>
  (Session info: chrome=75.0.3770.90)
  (Driver info: chromedriver=2.43.600229 (3fae4d0cda5334b4f533bede5a4787f7b832d052),platform=Mac OS X 10.13.6 x86_64) (WARNING: The server did not provide any stacktrace information)
Command duration or timeout: 0 milliseconds
Build info: version: '3.7.1', revision: '8a0099a', time: '2017-11-06T21:07:36.161Z'
System info: host: 'sumans-MacBook-Pro.local', ip: 'fe80:0:0:0:10f0:11f1:8277:c429%en0', os.name: 'Mac OS X', os.arch: 'x86_64', os.version: '10.13.6', java.version: '1.8.0_181'
Driver info: com.kms.katalon.selenium.driver.CChromeDriver
Capabilities {acceptInsecureCerts: false, acceptSslCerts: false, applicationCacheEnabled: false, browserConnectionEnabled: false, browserName: chrome, chrome: {chromedriverVersion: 2.43.600229 (3fae4d0cda5334..., userDataDir: /var/folders/1t/c55l8xzs6gq...}, cssSelectorsEnabled: true, databaseEnabled: false, goog:chromeOptions: {debuggerAddress: localhost:62350}, handlesAlerts: true, hasTouchScreen: false, javascriptEnabled: true, locationContextEnabled: true, mobileEmulationEnabled: false, nativeEvents: true, networkConnectionEnabled: false, pageLoadStrategy: normal, platform: MAC, platformName: MAC, rotatable: false, setWindowRect: true, takesHeapSnapshot: true, takesScreenshot: true, unexpectedAlertBehaviour: , unhandledPromptBehavior: , version: 75.0.3770.90, webStorageEnabled: true}
Session ID: 4a95ae5348558c5cabeb68b405a57740)
	at com.kms.katalon.core.keyword.internal.KeywordMain.stepFailed(KeywordMain.groovy:36)
	at com.kms.katalon.core.webui.keyword.internal.WebUIKeywordMain.stepFailed(WebUIKeywordMain.groovy:65)
	at com.kms.katalon.core.webui.keyword.internal.WebUIKeywordMain.runKeyword(WebUIKeywordMain.groovy:27)
	at com.kms.katalon.core.webui.keyword.builtin.ClickKeyword.click(ClickKeyword.groovy:86)
	at com.kms.katalon.core.webui.keyword.builtin.ClickKeyword.execute(ClickKeyword.groovy:67)
	at com.kms.katalon.core.keyword.internal.KeywordExecutor.executeKeywordForPlatform(KeywordExecutor.groovy:53)
	at com.kms.katalon.core.webui.keyword.WebUiBuiltInKeywords.click(WebUiBuiltInKeywords.groovy:616)
	at com.kms.katalon.core.webui.keyword.WebUiBuiltInKeywords$click$4.call(Unknown Source)
	at CALL - PDP.run(CALL - PDP:55)
	at com.kms.katalon.core.main.ScriptEngine.run(ScriptEngine.java:194)
	at com.kms.katalon.core.main.ScriptEngine.runScriptAsRawText(ScriptEngine.java:119)
	at com.kms.katalon.core.main.TestCaseExecutor.runScript(TestCaseExecutor.java:328)
	at com.kms.katalon.core.main.TestCaseExecutor.doExecute(TestCaseExecutor.java:319)
	at com.kms.katalon.core.main.TestCaseExecutor.processExecutionPhase(TestCaseExecutor.java:298)
	at com.kms.katalon.core.main.TestCaseExecutor.accessMainPhase(TestCaseExecutor.java:290)
	at com.kms.katalon.core.main.TestCaseExecutor.execute(TestCaseExecutor.java:224)
	at com.kms.katalon.core.main.TestCaseMain.runTestCase(TestCaseMain.java:106)
	at com.kms.katalon.core.keyword.builtin.CallTestCaseKeyword$_callTestCase_closure1.doCall(CallTestCaseKeyword.groovy:59)
	at com.kms.katalon.core.keyword.builtin.CallTestCaseKeyword$_callTestCase_closure1.call(CallTestCaseKeyword.groovy)
	at com.kms.katalon.core.keyword.internal.KeywordMain.runKeyword(KeywordMain.groovy:54)
	at com.kms.katalon.core.keyword.builtin.CallTestCaseKeyword.callTestCase(CallTestCaseKeyword.groovy:80)
	at com.kms.katalon.core.keyword.builtin.CallTestCaseKeyword.execute(CallTestCaseKeyword.groovy:44)
	at com.kms.katalon.core.keyword.internal.KeywordExecutor.executeKeywordForPlatform(KeywordExecutor.groovy:53)
	at com.kms.katalon.core.keyword.BuiltinKeywords.callTestCase(BuiltinKeywords.groovy:334)
	at More items to consider.run(More items to consider:17)
	at com.kms.katalon.core.main.ScriptEngine.run(ScriptEngine.java:194)
	at com.kms.katalon.core.main.ScriptEngine.runScriptAsRawText(ScriptEngine.java:119)
	at com.kms.katalon.core.main.TestCaseExecutor.runScript(TestCaseExecutor.java:328)
	at com.kms.katalon.core.main.TestCaseExecutor.doExecute(TestCaseExecutor.java:319)
	at com.kms.katalon.core.main.TestCaseExecutor.processExecutionPhase(TestCaseExecutor.java:298)
	at com.kms.katalon.core.main.TestCaseExecutor.accessMainPhase(TestCaseExecutor.java:290)
	at com.kms.katalon.core.main.TestCaseExecutor.execute(TestCaseExecutor.java:224)
	at com.kms.katalon.core.main.TestSuiteExecutor.accessTestCaseMainPhase(TestSuiteExecutor.java:129)
	at com.kms.katalon.core.main.TestSuiteExecutor.accessTestSuiteMainPhase(TestSuiteExecutor.java:112)
	at com.kms.katalon.core.main.TestSuiteExecutor.execute(TestSuiteExecutor.java:81)
	at com.kms.katalon.core.main.TestCaseMain.startTestSuite(TestCaseMain.java:149)
	at com.kms.katalon.core.main.TestCaseMain$startTestSuite$0.call(Unknown Source)
	at TempTestSuite1560802135767.run(TempTestSuite1560802135767.groovy:36)


2019-06-17 16:22:13 - [TEST_STEP][PASSED] - openBrowser(""): Browser is opened with url: ''

2019-06-17 16:22:13 - [MESSAGE][WARNING] - A browser is already opened. Closing browser and opening a new one

2019-06-17 16:22:13 - [MESSAGE][INFO] - Starting 'Chrome' driver

2019-06-17 16:22:14 - [MESSAGE][PASSED] - Browser is opened with url: ''

2019-06-17 16:22:14 - [TEST_STEP][PASSED] - navigateToUrl("https://ocs.ca/?fts=0&preview_theme_id=72920106828"): Navigate to 'https://ocs.ca/?fts=0&preview_theme_id=72920106828' successfully

2019-06-17 16:22:19 - [MESSAGE][PASSED] - Navigate to 'https://ocs.ca/?fts=0&preview_theme_id=72920106828' successfully

2019-06-17 16:22:19 - [TEST_STEP][PASSED] - executeJavaScript("var previewBar = document.getElementById("preview-bar-iframe"); previewBar.style.display = "none";", []): Execute JavaScript 'var previewBar = document.getElementById("preview-bar-iframe"); previewBar.style.display = "none";' successfully

2019-06-17 16:22:19 - [MESSAGE][PASSED] - Execute JavaScript 'var previewBar = document.getElementById("preview-bar-iframe"); previewBar.style.display = "none";' successfully

2019-06-17 16:22:19 - [TEST_STEP][PASSED] - setViewPortSize(360, 800): Viewport is set to new size with width = 360 and height = 800

2019-06-17 16:22:19 - [MESSAGE][PASSED] - Viewport is set to new size with width = 360 and height = 800

2019-06-17 16:22:19 - [TEST_STEP][PASSED] - delay(4): Delayed 4 second(s)

2019-06-17 16:22:23 - [MESSAGE][PASSED] - Delayed 4 second(s)

2019-06-17 16:22:23 - [TEST_STEP][PASSED] - selectOptionByValue(findTestObject("OCS-MOBILE /Age gate and burger menu/Date"), "12", true): All options with value '12' are selected in object 'Object Repository/OCS-MOBILE /Age gate and burger menu/Date'  using regular expression

2019-06-17 16:22:23 - [MESSAGE][PASSED] - All options with value '12' are selected in object 'Object Repository/OCS-MOBILE /Age gate and burger menu/Date'  using regular expression

2019-06-17 16:22:23 - [TEST_STEP][PASSED] - selectOptionByValue(findTestObject("OCS-MOBILE /Age gate and burger menu/month"), "6", true): All options with value '6' are selected in object 'Object Repository/OCS-MOBILE /Age gate and burger menu/month'  using regular expression

2019-06-17 16:22:23 - [MESSAGE][PASSED] - All options with value '6' are selected in object 'Object Repository/OCS-MOBILE /Age gate and burger menu/month'  using regular expression

2019-06-17 16:22:23 - [TEST_STEP][PASSED] - delay(2): Delayed 2 second(s)

2019-06-17 16:22:25 - [MESSAGE][PASSED] - Delayed 2 second(s)

2019-06-17 16:22:25 - [TEST_STEP][PASSED] - selectOptionByValue(findTestObject("OCS-MOBILE /Age gate and burger menu/Year Dropdown"), "1990", true): All options with value '1990' are selected in object 'Object Repository/OCS-MOBILE /Age gate and burger menu/Year Dropdown'  using regular expression

2019-06-17 16:22:26 - [MESSAGE][PASSED] - All options with value '1990' are selected in object 'Object Repository/OCS-MOBILE /Age gate and burger menu/Year Dropdown'  using regular expression

2019-06-17 16:22:26 - [TEST_STEP][PASSED] - click(findTestObject("OCS-MOBILE /Age gate and Mega menu/button_Verify")): Object: 'Object Repository/OCS-MOBILE /Age gate and Mega menu/button_Verify' is clicked on

2019-06-17 16:22:26 - [MESSAGE][PASSED] - Object: 'Object Repository/OCS-MOBILE /Age gate and Mega menu/button_Verify' is clicked on

2019-06-17 16:22:26 - [TEST_STEP][PASSED] - click(findTestObject("OCS-MOBILE /Age gate and Mega menu/Checkbox_CONFIRM AND ACKNOWLEDGE")): Object: 'Object Repository/OCS-MOBILE /Age gate and Mega menu/Checkbox_CONFIRM AND ACKNOWLEDGE' is clicked on

2019-06-17 16:22:27 - [MESSAGE][PASSED] - Object: 'Object Repository/OCS-MOBILE /Age gate and Mega menu/Checkbox_CONFIRM AND ACKNOWLEDGE' is clicked on

2019-06-17 16:22:27 - [TEST_STEP][PASSED] - click(findTestObject("OCS-MOBILE /Age gate and Mega menu/button_CONFIRM")): Object: 'Object Repository/OCS-MOBILE /Age gate and Mega menu/button_CONFIRM' is clicked on

2019-06-17 16:22:27 - [MESSAGE][PASSED] - Object: 'Object Repository/OCS-MOBILE /Age gate and Mega menu/button_CONFIRM' is clicked on

2019-06-17 16:22:27 - [TEST_STEP][PASSED] - click(findTestObject("OCS-MOBILE /Age gate and Mega menu/button_Start Browsing")): Object: 'Object Repository/OCS-MOBILE /Age gate and Mega menu/button_Start Browsing' is clicked on

2019-06-17 16:22:27 - [MESSAGE][PASSED] - Object: 'Object Repository/OCS-MOBILE /Age gate and Mega menu/button_Start Browsing' is clicked on

2019-06-17 16:22:27 - [TEST_STEP][PASSED] - refresh(): Refresh successfully

2019-06-17 16:22:31 - [MESSAGE][PASSED] - Refresh successfully

2019-06-17 16:22:31 - [TEST_STEP][PASSED] - delay(2): Delayed 2 second(s)

2019-06-17 16:22:33 - [MESSAGE][PASSED] - Delayed 2 second(s)

2019-06-17 16:22:33 - [TEST_STEP][PASSED] - click(findTestObject("OCS-MOBILE /Age gate and burger menu/Burger menu - English")): Object: 'Object Repository/OCS-MOBILE /Age gate and burger menu/Burger menu - English' is clicked on

2019-06-17 16:22:33 - [MESSAGE][PASSED] - Object: 'Object Repository/OCS-MOBILE /Age gate and burger menu/Burger menu - English' is clicked on

2019-06-17 16:22:33 - [TEST_STEP][PASSED] - delay(2): Delayed 2 second(s)

2019-06-17 16:22:35 - [MESSAGE][PASSED] - Delayed 2 second(s)

2019-06-17 16:22:35 - [TEST_STEP][PASSED] - click(findTestObject("OCS-MOBILE /Age gate and burger menu/Chevron_Cannabis")): Object: 'Object Repository/OCS-MOBILE /Age gate and burger menu/Chevron_Cannabis' is clicked on

2019-06-17 16:22:35 - [MESSAGE][PASSED] - Object: 'Object Repository/OCS-MOBILE /Age gate and burger menu/Chevron_Cannabis' is clicked on

2019-06-17 16:22:35 - [TEST_STEP][PASSED] - delay(2): Delayed 2 second(s)

2019-06-17 16:22:37 - [MESSAGE][PASSED] - Delayed 2 second(s)

2019-06-17 16:22:37 - [TEST_STEP][FAILED] - click(findTestObject("OCS-MOBILE /Age gate and burger menu/Dried Flower_Plus icon")): click(findTestObject("OCS-MOBILE /Age gate and burger menu/Dried Flower_Plus icon")) FAILED.
Reason:
com.kms.katalon.core.exception.StepFailedException: Unable to click on object 'Object Repository/OCS-MOBILE /Age gate and burger menu/Dried Flower_Plus icon' (Root cause: org.openqa.selenium.WebDriverException: unknown error: Element <i class="icon icon--plus menu__tier-three__link--icon"></i> is not clickable at point (462, 120). Other element would receive the click: <ul class="menu__learn-more--mobile only-mobile-tablet">...</ul>
  (Session info: chrome=75.0.3770.90)
  (Driver info: chromedriver=2.43.600229 (3fae4d0cda5334b4f533bede5a4787f7b832d052),platform=Mac OS X 10.13.6 x86_64) (WARNING: The server did not provide any stacktrace information)
Command duration or timeout: 0 milliseconds
Build info: version: '3.7.1', revision: '8a0099a', time: '2017-11-06T21:07:36.161Z'
System info: host: 'sumans-MacBook-Pro.local', ip: 'fe80:0:0:0:10f0:11f1:8277:c429%en0', os.name: 'Mac OS X', os.arch: 'x86_64', os.version: '10.13.6', java.version: '1.8.0_181'
Driver info: com.kms.katalon.selenium.driver.CChromeDriver
Capabilities {acceptInsecureCerts: false, acceptSslCerts: false, applicationCacheEnabled: false, browserConnectionEnabled: false, browserName: chrome, chrome: {chromedriverVersion: 2.43.600229 (3fae4d0cda5334..., userDataDir: /var/folders/1t/c55l8xzs6gq...}, cssSelectorsEnabled: true, databaseEnabled: false, goog:chromeOptions: {debuggerAddress: localhost:62350}, handlesAlerts: true, hasTouchScreen: false, javascriptEnabled: true, locationContextEnabled: true, mobileEmulationEnabled: false, nativeEvents: true, networkConnectionEnabled: false, pageLoadStrategy: normal, platform: MAC, platformName: MAC, rotatable: false, setWindowRect: true, takesHeapSnapshot: true, takesScreenshot: true, unexpectedAlertBehaviour: , unhandledPromptBehavior: , version: 75.0.3770.90, webStorageEnabled: true}
Session ID: 4a95ae5348558c5cabeb68b405a57740)
	at com.kms.katalon.core.keyword.internal.KeywordMain.stepFailed(KeywordMain.groovy:36)
	at com.kms.katalon.core.webui.keyword.internal.WebUIKeywordMain.stepFailed(WebUIKeywordMain.groovy:65)
	at com.kms.katalon.core.webui.keyword.internal.WebUIKeywordMain.runKeyword(WebUIKeywordMain.groovy:27)
	at com.kms.katalon.core.webui.keyword.builtin.ClickKeyword.click(ClickKeyword.groovy:86)
	at com.kms.katalon.core.webui.keyword.builtin.ClickKeyword.execute(ClickKeyword.groovy:67)
	at com.kms.katalon.core.keyword.internal.KeywordExecutor.executeKeywordForPlatform(KeywordExecutor.groovy:53)
	at com.kms.katalon.core.webui.keyword.WebUiBuiltInKeywords.click(WebUiBuiltInKeywords.groovy:616)
	at com.kms.katalon.core.webui.keyword.WebUiBuiltInKeywords$click$4.call(Unknown Source)
	at CALL - PDP.run(CALL - PDP:55)
	at com.kms.katalon.core.main.ScriptEngine.run(ScriptEngine.java:194)
	at com.kms.katalon.core.main.ScriptEngine.runScriptAsRawText(ScriptEngine.java:119)
	at com.kms.katalon.core.main.TestCaseExecutor.runScript(TestCaseExecutor.java:328)
	at com.kms.katalon.core.main.TestCaseExecutor.doExecute(TestCaseExecutor.java:319)
	at com.kms.katalon.core.main.TestCaseExecutor.processExecutionPhase(TestCaseExecutor.java:298)
	at com.kms.katalon.core.main.TestCaseExecutor.accessMainPhase(TestCaseExecutor.java:290)
	at com.kms.katalon.core.main.TestCaseExecutor.execute(TestCaseExecutor.java:224)
	at com.kms.katalon.core.main.TestCaseMain.runTestCase(TestCaseMain.java:106)
	at com.kms.katalon.core.keyword.builtin.CallTestCaseKeyword$_callTestCase_closure1.doCall(CallTestCaseKeyword.groovy:59)
	at com.kms.katalon.core.keyword.builtin.CallTestCaseKeyword$_callTestCase_closure1.call(CallTestCaseKeyword.groovy)
	at com.kms.katalon.core.keyword.internal.KeywordMain.runKeyword(KeywordMain.groovy:54)
	at com.kms.katalon.core.keyword.builtin.CallTestCaseKeyword.callTestCase(CallTestCaseKeyword.groovy:80)
	at com.kms.katalon.core.keyword.builtin.CallTestCaseKeyword.execute(CallTestCaseKeyword.groovy:44)
	at com.kms.katalon.core.keyword.internal.KeywordExecutor.executeKeywordForPlatform(KeywordExecutor.groovy:53)
	at com.kms.katalon.core.keyword.BuiltinKeywords.callTestCase(BuiltinKeywords.groovy:334)
	at More items to consider.run(More items to consider:17)
	at com.kms.katalon.core.main.ScriptEngine.run(ScriptEngine.java:194)
	at com.kms.katalon.core.main.ScriptEngine.runScriptAsRawText(ScriptEngine.java:119)
	at com.kms.katalon.core.main.TestCaseExecutor.runScript(TestCaseExecutor.java:328)
	at com.kms.katalon.core.main.TestCaseExecutor.doExecute(TestCaseExecutor.java:319)
	at com.kms.katalon.core.main.TestCaseExecutor.processExecutionPhase(TestCaseExecutor.java:298)
	at com.kms.katalon.core.main.TestCaseExecutor.accessMainPhase(TestCaseExecutor.java:290)
	at com.kms.katalon.core.main.TestCaseExecutor.execute(TestCaseExecutor.java:224)
	at com.kms.katalon.core.main.TestSuiteExecutor.accessTestCaseMainPhase(TestSuiteExecutor.java:129)
	at com.kms.katalon.core.main.TestSuiteExecutor.accessTestSuiteMainPhase(TestSuiteExecutor.java:112)
	at com.kms.katalon.core.main.TestSuiteExecutor.execute(TestSuiteExecutor.java:81)
	at com.kms.katalon.core.main.TestCaseMain.startTestSuite(TestCaseMain.java:149)
	at com.kms.katalon.core.main.TestCaseMain$startTestSuite$0.call(Unknown Source)
	at TempTestSuite1560802135767.run(TempTestSuite1560802135767.groovy:36)


2019-06-17 16:22:38 - [MESSAGE][FAILED] - Unable to click on object 'Object Repository/OCS-MOBILE /Age gate and burger menu/Dried Flower_Plus icon' (Root cause: org.openqa.selenium.WebDriverException: unknown error: Element <i class="icon icon--plus menu__tier-three__link--icon"></i> is not clickable at point (462, 120). Other element would receive the click: <ul class="menu__learn-more--mobile only-mobile-tablet">...</ul>
  (Session info: chrome=75.0.3770.90)
  (Driver info: chromedriver=2.43.600229 (3fae4d0cda5334b4f533bede5a4787f7b832d052),platform=Mac OS X 10.13.6 x86_64) (WARNING: The server did not provide any stacktrace information)
Command duration or timeout: 0 milliseconds
Build info: version: '3.7.1', revision: '8a0099a', time: '2017-11-06T21:07:36.161Z'
System info: host: 'sumans-MacBook-Pro.local', ip: 'fe80:0:0:0:10f0:11f1:8277:c429%en0', os.name: 'Mac OS X', os.arch: 'x86_64', os.version: '10.13.6', java.version: '1.8.0_181'
Driver info: com.kms.katalon.selenium.driver.CChromeDriver
Capabilities {acceptInsecureCerts: false, acceptSslCerts: false, applicationCacheEnabled: false, browserConnectionEnabled: false, browserName: chrome, chrome: {chromedriverVersion: 2.43.600229 (3fae4d0cda5334..., userDataDir: /var/folders/1t/c55l8xzs6gq...}, cssSelectorsEnabled: true, databaseEnabled: false, goog:chromeOptions: {debuggerAddress: localhost:62350}, handlesAlerts: true, hasTouchScreen: false, javascriptEnabled: true, locationContextEnabled: true, mobileEmulationEnabled: false, nativeEvents: true, networkConnectionEnabled: false, pageLoadStrategy: normal, platform: MAC, platformName: MAC, rotatable: false, setWindowRect: true, takesHeapSnapshot: true, takesScreenshot: true, unexpectedAlertBehaviour: , unhandledPromptBehavior: , version: 75.0.3770.90, webStorageEnabled: true}
Session ID: 4a95ae5348558c5cabeb68b405a57740)
[[ATTACHMENT|/Users/sumankompelly/Relative xpath-Mobile/Reports/OCS- 1.10.1/20190617_160855/1560802958036.png]]

2019-06-17 16:22:38 - [MESSAGE][FAILED] - click(findTestObject("OCS-MOBILE /Age gate and burger menu/Dried Flower_Plus icon")) FAILED.
Reason:
com.kms.katalon.core.exception.StepFailedException: Unable to click on object 'Object Repository/OCS-MOBILE /Age gate and burger menu/Dried Flower_Plus icon' (Root cause: org.openqa.selenium.WebDriverException: unknown error: Element <i class="icon icon--plus menu__tier-three__link--icon"></i> is not clickable at point (462, 120). Other element would receive the click: <ul class="menu__learn-more--mobile only-mobile-tablet">...</ul>
  (Session info: chrome=75.0.3770.90)
  (Driver info: chromedriver=2.43.600229 (3fae4d0cda5334b4f533bede5a4787f7b832d052),platform=Mac OS X 10.13.6 x86_64) (WARNING: The server did not provide any stacktrace information)
Command duration or timeout: 0 milliseconds
Build info: version: '3.7.1', revision: '8a0099a', time: '2017-11-06T21:07:36.161Z'
System info: host: 'sumans-MacBook-Pro.local', ip: 'fe80:0:0:0:10f0:11f1:8277:c429%en0', os.name: 'Mac OS X', os.arch: 'x86_64', os.version: '10.13.6', java.version: '1.8.0_181'
Driver info: com.kms.katalon.selenium.driver.CChromeDriver
Capabilities {acceptInsecureCerts: false, acceptSslCerts: false, applicationCacheEnabled: false, browserConnectionEnabled: false, browserName: chrome, chrome: {chromedriverVersion: 2.43.600229 (3fae4d0cda5334..., userDataDir: /var/folders/1t/c55l8xzs6gq...}, cssSelectorsEnabled: true, databaseEnabled: false, goog:chromeOptions: {debuggerAddress: localhost:62350}, handlesAlerts: true, hasTouchScreen: false, javascriptEnabled: true, locationContextEnabled: true, mobileEmulationEnabled: false, nativeEvents: true, networkConnectionEnabled: false, pageLoadStrategy: normal, platform: MAC, platformName: MAC, rotatable: false, setWindowRect: true, takesHeapSnapshot: true, takesScreenshot: true, unexpectedAlertBehaviour: , unhandledPromptBehavior: , version: 75.0.3770.90, webStorageEnabled: true}
Session ID: 4a95ae5348558c5cabeb68b405a57740)
	at com.kms.katalon.core.keyword.internal.KeywordMain.stepFailed(KeywordMain.groovy:36)
	at com.kms.katalon.core.webui.keyword.internal.WebUIKeywordMain.stepFailed(WebUIKeywordMain.groovy:65)
	at com.kms.katalon.core.webui.keyword.internal.WebUIKeywordMain.runKeyword(WebUIKeywordMain.groovy:27)
	at com.kms.katalon.core.webui.keyword.builtin.ClickKeyword.click(ClickKeyword.groovy:86)
	at com.kms.katalon.core.webui.keyword.builtin.ClickKeyword.execute(ClickKeyword.groovy:67)
	at com.kms.katalon.core.keyword.internal.KeywordExecutor.executeKeywordForPlatform(KeywordExecutor.groovy:53)
	at com.kms.katalon.core.webui.keyword.WebUiBuiltInKeywords.click(WebUiBuiltInKeywords.groovy:616)
	at com.kms.katalon.core.webui.keyword.WebUiBuiltInKeywords$click$4.call(Unknown Source)
	at CALL - PDP.run(CALL - PDP:55)
	at com.kms.katalon.core.main.ScriptEngine.run(ScriptEngine.java:194)
	at com.kms.katalon.core.main.ScriptEngine.runScriptAsRawText(ScriptEngine.java:119)
	at com.kms.katalon.core.main.TestCaseExecutor.runScript(TestCaseExecutor.java:328)
	at com.kms.katalon.core.main.TestCaseExecutor.doExecute(TestCaseExecutor.java:319)
	at com.kms.katalon.core.main.TestCaseExecutor.processExecutionPhase(TestCaseExecutor.java:298)
	at com.kms.katalon.core.main.TestCaseExecutor.accessMainPhase(TestCaseExecutor.java:290)
	at com.kms.katalon.core.main.TestCaseExecutor.execute(TestCaseExecutor.java:224)
	at com.kms.katalon.core.main.TestCaseMain.runTestCase(TestCaseMain.java:106)
	at com.kms.katalon.core.keyword.builtin.CallTestCaseKeyword$_callTestCase_closure1.doCall(CallTestCaseKeyword.groovy:59)
	at com.kms.katalon.core.keyword.builtin.CallTestCaseKeyword$_callTestCase_closure1.call(CallTestCaseKeyword.groovy)
	at com.kms.katalon.core.keyword.internal.KeywordMain.runKeyword(KeywordMain.groovy:54)
	at com.kms.katalon.core.keyword.builtin.CallTestCaseKeyword.callTestCase(CallTestCaseKeyword.groovy:80)
	at com.kms.katalon.core.keyword.builtin.CallTestCaseKeyword.execute(CallTestCaseKeyword.groovy:44)
	at com.kms.katalon.core.keyword.internal.KeywordExecutor.executeKeywordForPlatform(KeywordExecutor.groovy:53)
	at com.kms.katalon.core.keyword.BuiltinKeywords.callTestCase(BuiltinKeywords.groovy:334)
	at More items to consider.run(More items to consider:17)
	at com.kms.katalon.core.main.ScriptEngine.run(ScriptEngine.java:194)
	at com.kms.katalon.core.main.ScriptEngine.runScriptAsRawText(ScriptEngine.java:119)
	at com.kms.katalon.core.main.TestCaseExecutor.runScript(TestCaseExecutor.java:328)
	at com.kms.katalon.core.main.TestCaseExecutor.doExecute(TestCaseExecutor.java:319)
	at com.kms.katalon.core.main.TestCaseExecutor.processExecutionPhase(TestCaseExecutor.java:298)
	at com.kms.katalon.core.main.TestCaseExecutor.accessMainPhase(TestCaseExecutor.java:290)
	at com.kms.katalon.core.main.TestCaseExecutor.execute(TestCaseExecutor.java:224)
	at com.kms.katalon.core.main.TestSuiteExecutor.accessTestCaseMainPhase(TestSuiteExecutor.java:129)
	at com.kms.katalon.core.main.TestSuiteExecutor.accessTestSuiteMainPhase(TestSuiteExecutor.java:112)
	at com.kms.katalon.core.main.TestSuiteExecutor.execute(TestSuiteExecutor.java:81)
	at com.kms.katalon.core.main.TestCaseMain.startTestSuite(TestCaseMain.java:149)
	at com.kms.katalon.core.main.TestCaseMain$startTestSuite$0.call(Unknown Source)
	at TempTestSuite1560802135767.run(TempTestSuite1560802135767.groovy:36)


2019-06-17 16:22:38 - [MESSAGE][FAILED] - Unable to call Test Case 'Test Cases/OCS - MOBILE/CALL - PDP' (Root cause: com.kms.katalon.core.exception.StepFailedException: Call Test Case 'Test Cases/OCS - MOBILE/CALL - PDP' failed)

2019-06-17 16:22:38 - [MESSAGE][FAILED] - callTestCase(findTestCase("OCS - MOBILE/CALL - PDP"), [:], STOP_ON_FAILURE) FAILED.
Reason:
com.kms.katalon.core.exception.StepFailedException: Unable to click on object 'Object Repository/OCS-MOBILE /Age gate and burger menu/Dried Flower_Plus icon' (Root cause: org.openqa.selenium.WebDriverException: unknown error: Element <i class="icon icon--plus menu__tier-three__link--icon"></i> is not clickable at point (462, 120). Other element would receive the click: <ul class="menu__learn-more--mobile only-mobile-tablet">...</ul>
  (Session info: chrome=75.0.3770.90)
  (Driver info: chromedriver=2.43.600229 (3fae4d0cda5334b4f533bede5a4787f7b832d052),platform=Mac OS X 10.13.6 x86_64) (WARNING: The server did not provide any stacktrace information)
Command duration or timeout: 0 milliseconds
Build info: version: '3.7.1', revision: '8a0099a', time: '2017-11-06T21:07:36.161Z'
System info: host: 'sumans-MacBook-Pro.local', ip: 'fe80:0:0:0:10f0:11f1:8277:c429%en0', os.name: 'Mac OS X', os.arch: 'x86_64', os.version: '10.13.6', java.version: '1.8.0_181'
Driver info: com.kms.katalon.selenium.driver.CChromeDriver
Capabilities {acceptInsecureCerts: false, acceptSslCerts: false, applicationCacheEnabled: false, browserConnectionEnabled: false, browserName: chrome, chrome: {chromedriverVersion: 2.43.600229 (3fae4d0cda5334..., userDataDir: /var/folders/1t/c55l8xzs6gq...}, cssSelectorsEnabled: true, databaseEnabled: false, goog:chromeOptions: {debuggerAddress: localhost:62350}, handlesAlerts: true, hasTouchScreen: false, javascriptEnabled: true, locationContextEnabled: true, mobileEmulationEnabled: false, nativeEvents: true, networkConnectionEnabled: false, pageLoadStrategy: normal, platform: MAC, platformName: MAC, rotatable: false, setWindowRect: true, takesHeapSnapshot: true, takesScreenshot: true, unexpectedAlertBehaviour: , unhandledPromptBehavior: , version: 75.0.3770.90, webStorageEnabled: true}
Session ID: 4a95ae5348558c5cabeb68b405a57740)
	at com.kms.katalon.core.keyword.internal.KeywordMain.stepFailed(KeywordMain.groovy:36)
	at com.kms.katalon.core.webui.keyword.internal.WebUIKeywordMain.stepFailed(WebUIKeywordMain.groovy:65)
	at com.kms.katalon.core.webui.keyword.internal.WebUIKeywordMain.runKeyword(WebUIKeywordMain.groovy:27)
	at com.kms.katalon.core.webui.keyword.builtin.ClickKeyword.click(ClickKeyword.groovy:86)
	at com.kms.katalon.core.webui.keyword.builtin.ClickKeyword.execute(ClickKeyword.groovy:67)
	at com.kms.katalon.core.keyword.internal.KeywordExecutor.executeKeywordForPlatform(KeywordExecutor.groovy:53)
	at com.kms.katalon.core.webui.keyword.WebUiBuiltInKeywords.click(WebUiBuiltInKeywords.groovy:616)
	at com.kms.katalon.core.webui.keyword.WebUiBuiltInKeywords$click$4.call(Unknown Source)
	at CALL - PDP.run(CALL - PDP:55)
	at com.kms.katalon.core.main.ScriptEngine.run(ScriptEngine.java:194)
	at com.kms.katalon.core.main.ScriptEngine.runScriptAsRawText(ScriptEngine.java:119)
	at com.kms.katalon.core.main.TestCaseExecutor.runScript(TestCaseExecutor.java:328)
	at com.kms.katalon.core.main.TestCaseExecutor.doExecute(TestCaseExecutor.java:319)
	at com.kms.katalon.core.main.TestCaseExecutor.processExecutionPhase(TestCaseExecutor.java:298)
	at com.kms.katalon.core.main.TestCaseExecutor.accessMainPhase(TestCaseExecutor.java:290)
	at com.kms.katalon.core.main.TestCaseExecutor.execute(TestCaseExecutor.java:224)
	at com.kms.katalon.core.main.TestCaseMain.runTestCase(TestCaseMain.java:106)
	at com.kms.katalon.core.keyword.builtin.CallTestCaseKeyword$_callTestCase_closure1.doCall(CallTestCaseKeyword.groovy:59)
	at com.kms.katalon.core.keyword.builtin.CallTestCaseKeyword$_callTestCase_closure1.call(CallTestCaseKeyword.groovy)
	at com.kms.katalon.core.keyword.internal.KeywordMain.runKeyword(KeywordMain.groovy:54)
	at com.kms.katalon.core.keyword.builtin.CallTestCaseKeyword.callTestCase(CallTestCaseKeyword.groovy:80)
	at com.kms.katalon.core.keyword.builtin.CallTestCaseKeyword.execute(CallTestCaseKeyword.groovy:44)
	at com.kms.katalon.core.keyword.internal.KeywordExecutor.executeKeywordForPlatform(KeywordExecutor.groovy:53)
	at com.kms.katalon.core.keyword.BuiltinKeywords.callTestCase(BuiltinKeywords.groovy:334)
	at More items to consider.run(More items to consider:17)
	at com.kms.katalon.core.main.ScriptEngine.run(ScriptEngine.java:194)
	at com.kms.katalon.core.main.ScriptEngine.runScriptAsRawText(ScriptEngine.java:119)
	at com.kms.katalon.core.main.TestCaseExecutor.runScript(TestCaseExecutor.java:328)
	at com.kms.katalon.core.main.TestCaseExecutor.doExecute(TestCaseExecutor.java:319)
	at com.kms.katalon.core.main.TestCaseExecutor.processExecutionPhase(TestCaseExecutor.java:298)
	at com.kms.katalon.core.main.TestCaseExecutor.accessMainPhase(TestCaseExecutor.java:290)
	at com.kms.katalon.core.main.TestCaseExecutor.execute(TestCaseExecutor.java:224)
	at com.kms.katalon.core.main.TestSuiteExecutor.accessTestCaseMainPhase(TestSuiteExecutor.java:129)
	at com.kms.katalon.core.main.TestSuiteExecutor.accessTestSuiteMainPhase(TestSuiteExecutor.java:112)
	at com.kms.katalon.core.main.TestSuiteExecutor.execute(TestSuiteExecutor.java:81)
	at com.kms.katalon.core.main.TestCaseMain.startTestSuite(TestCaseMain.java:149)
	at com.kms.katalon.core.main.TestCaseMain$startTestSuite$0.call(Unknown Source)
	at TempTestSuite1560802135767.run(TempTestSuite1560802135767.groovy:36)]]></system-out>
         <system-err><![CDATA[2019-06-17 16:22:13 - [TEST_CASE][FAILED] - Test Cases/OCS - MOBILE/OCS- PRODUCT PAGE/More items to consider: Test Cases/OCS - MOBILE/OCS- PRODUCT PAGE/More items to consider FAILED.
Reason:
com.kms.katalon.core.exception.StepFailedException: Unable to click on object 'Object Repository/OCS-MOBILE /Age gate and burger menu/Dried Flower_Plus icon' (Root cause: org.openqa.selenium.WebDriverException: unknown error: Element <i class="icon icon--plus menu__tier-three__link--icon"></i> is not clickable at point (462, 120). Other element would receive the click: <ul class="menu__learn-more--mobile only-mobile-tablet">...</ul>
  (Session info: chrome=75.0.3770.90)
  (Driver info: chromedriver=2.43.600229 (3fae4d0cda5334b4f533bede5a4787f7b832d052),platform=Mac OS X 10.13.6 x86_64) (WARNING: The server did not provide any stacktrace information)
Command duration or timeout: 0 milliseconds
Build info: version: '3.7.1', revision: '8a0099a', time: '2017-11-06T21:07:36.161Z'
System info: host: 'sumans-MacBook-Pro.local', ip: 'fe80:0:0:0:10f0:11f1:8277:c429%en0', os.name: 'Mac OS X', os.arch: 'x86_64', os.version: '10.13.6', java.version: '1.8.0_181'
Driver info: com.kms.katalon.selenium.driver.CChromeDriver
Capabilities {acceptInsecureCerts: false, acceptSslCerts: false, applicationCacheEnabled: false, browserConnectionEnabled: false, browserName: chrome, chrome: {chromedriverVersion: 2.43.600229 (3fae4d0cda5334..., userDataDir: /var/folders/1t/c55l8xzs6gq...}, cssSelectorsEnabled: true, databaseEnabled: false, goog:chromeOptions: {debuggerAddress: localhost:62350}, handlesAlerts: true, hasTouchScreen: false, javascriptEnabled: true, locationContextEnabled: true, mobileEmulationEnabled: false, nativeEvents: true, networkConnectionEnabled: false, pageLoadStrategy: normal, platform: MAC, platformName: MAC, rotatable: false, setWindowRect: true, takesHeapSnapshot: true, takesScreenshot: true, unexpectedAlertBehaviour: , unhandledPromptBehavior: , version: 75.0.3770.90, webStorageEnabled: true}
Session ID: 4a95ae5348558c5cabeb68b405a57740)
	at com.kms.katalon.core.keyword.internal.KeywordMain.stepFailed(KeywordMain.groovy:36)
	at com.kms.katalon.core.webui.keyword.internal.WebUIKeywordMain.stepFailed(WebUIKeywordMain.groovy:65)
	at com.kms.katalon.core.webui.keyword.internal.WebUIKeywordMain.runKeyword(WebUIKeywordMain.groovy:27)
	at com.kms.katalon.core.webui.keyword.builtin.ClickKeyword.click(ClickKeyword.groovy:86)
	at com.kms.katalon.core.webui.keyword.builtin.ClickKeyword.execute(ClickKeyword.groovy:67)
	at com.kms.katalon.core.keyword.internal.KeywordExecutor.executeKeywordForPlatform(KeywordExecutor.groovy:53)
	at com.kms.katalon.core.webui.keyword.WebUiBuiltInKeywords.click(WebUiBuiltInKeywords.groovy:616)
	at com.kms.katalon.core.webui.keyword.WebUiBuiltInKeywords$click$4.call(Unknown Source)
	at CALL - PDP.run(CALL - PDP:55)
	at com.kms.katalon.core.main.ScriptEngine.run(ScriptEngine.java:194)
	at com.kms.katalon.core.main.ScriptEngine.runScriptAsRawText(ScriptEngine.java:119)
	at com.kms.katalon.core.main.TestCaseExecutor.runScript(TestCaseExecutor.java:328)
	at com.kms.katalon.core.main.TestCaseExecutor.doExecute(TestCaseExecutor.java:319)
	at com.kms.katalon.core.main.TestCaseExecutor.processExecutionPhase(TestCaseExecutor.java:298)
	at com.kms.katalon.core.main.TestCaseExecutor.accessMainPhase(TestCaseExecutor.java:290)
	at com.kms.katalon.core.main.TestCaseExecutor.execute(TestCaseExecutor.java:224)
	at com.kms.katalon.core.main.TestCaseMain.runTestCase(TestCaseMain.java:106)
	at com.kms.katalon.core.keyword.builtin.CallTestCaseKeyword$_callTestCase_closure1.doCall(CallTestCaseKeyword.groovy:59)
	at com.kms.katalon.core.keyword.builtin.CallTestCaseKeyword$_callTestCase_closure1.call(CallTestCaseKeyword.groovy)
	at com.kms.katalon.core.keyword.internal.KeywordMain.runKeyword(KeywordMain.groovy:54)
	at com.kms.katalon.core.keyword.builtin.CallTestCaseKeyword.callTestCase(CallTestCaseKeyword.groovy:80)
	at com.kms.katalon.core.keyword.builtin.CallTestCaseKeyword.execute(CallTestCaseKeyword.groovy:44)
	at com.kms.katalon.core.keyword.internal.KeywordExecutor.executeKeywordForPlatform(KeywordExecutor.groovy:53)
	at com.kms.katalon.core.keyword.BuiltinKeywords.callTestCase(BuiltinKeywords.groovy:334)
	at More items to consider.run(More items to consider:17)
	at com.kms.katalon.core.main.ScriptEngine.run(ScriptEngine.java:194)
	at com.kms.katalon.core.main.ScriptEngine.runScriptAsRawText(ScriptEngine.java:119)
	at com.kms.katalon.core.main.TestCaseExecutor.runScript(TestCaseExecutor.java:328)
	at com.kms.katalon.core.main.TestCaseExecutor.doExecute(TestCaseExecutor.java:319)
	at com.kms.katalon.core.main.TestCaseExecutor.processExecutionPhase(TestCaseExecutor.java:298)
	at com.kms.katalon.core.main.TestCaseExecutor.accessMainPhase(TestCaseExecutor.java:290)
	at com.kms.katalon.core.main.TestCaseExecutor.execute(TestCaseExecutor.java:224)
	at com.kms.katalon.core.main.TestSuiteExecutor.accessTestCaseMainPhase(TestSuiteExecutor.java:129)
	at com.kms.katalon.core.main.TestSuiteExecutor.accessTestSuiteMainPhase(TestSuiteExecutor.java:112)
	at com.kms.katalon.core.main.TestSuiteExecutor.execute(TestSuiteExecutor.java:81)
	at com.kms.katalon.core.main.TestCaseMain.startTestSuite(TestCaseMain.java:149)
	at com.kms.katalon.core.main.TestCaseMain$startTestSuite$0.call(Unknown Source)
	at TempTestSuite1560802135767.run(TempTestSuite1560802135767.groovy:36)]]></system-err>
      </testcase>
      <testcase name="Test Cases/OCS - MOBILE/OCS- PRODUCT PAGE/Price" classname="Test Cases/OCS - MOBILE/OCS- PRODUCT PAGE/Price" status="FAILED">
         <failure type="FAILED" message="Test Cases/OCS - MOBILE/OCS- PRODUCT PAGE/Price FAILED.
Reason:
com.kms.katalon.core.exception.StepFailedException: Unable to click on object 'Object Repository/OCS-MOBILE /Age gate and burger menu/Dried Flower_Plus icon' (Root cause: org.openqa.selenium.WebDriverException: unknown error: Element &lt;i class=&quot;icon icon--plus menu__tier-three__link--icon&quot;>&lt;/i> is not clickable at point (462, 120). Other element would receive the click: &lt;ul class=&quot;menu__learn-more--mobile only-mobile-tablet&quot;>...&lt;/ul>
  (Session info: chrome=75.0.3770.90)
  (Driver info: chromedriver=2.43.600229 (3fae4d0cda5334b4f533bede5a4787f7b832d052),platform=Mac OS X 10.13.6 x86_64) (WARNING: The server did not provide any stacktrace information)
Command duration or timeout: 0 milliseconds
Build info: version: '3.7.1', revision: '8a0099a', time: '2017-11-06T21:07:36.161Z'
System info: host: 'sumans-MacBook-Pro.local', ip: 'fe80:0:0:0:10f0:11f1:8277:c429%en0', os.name: 'Mac OS X', os.arch: 'x86_64', os.version: '10.13.6', java.version: '1.8.0_181'
Driver info: com.kms.katalon.selenium.driver.CChromeDriver
Capabilities {acceptInsecureCerts: false, acceptSslCerts: false, applicationCacheEnabled: false, browserConnectionEnabled: false, browserName: chrome, chrome: {chromedriverVersion: 2.43.600229 (3fae4d0cda5334..., userDataDir: /var/folders/1t/c55l8xzs6gq...}, cssSelectorsEnabled: true, databaseEnabled: false, goog:chromeOptions: {debuggerAddress: localhost:62492}, handlesAlerts: true, hasTouchScreen: false, javascriptEnabled: true, locationContextEnabled: true, mobileEmulationEnabled: false, nativeEvents: true, networkConnectionEnabled: false, pageLoadStrategy: normal, platform: MAC, platformName: MAC, rotatable: false, setWindowRect: true, takesHeapSnapshot: true, takesScreenshot: true, unexpectedAlertBehaviour: , unhandledPromptBehavior: , version: 75.0.3770.90, webStorageEnabled: true}
Session ID: 0871098e73ee0d0d422b5b72f78ecea6)
	at com.kms.katalon.core.keyword.internal.KeywordMain.stepFailed(KeywordMain.groovy:36)
	at com.kms.katalon.core.webui.keyword.internal.WebUIKeywordMain.stepFailed(WebUIKeywordMain.groovy:65)
	at com.kms.katalon.core.webui.keyword.internal.WebUIKeywordMain.runKeyword(WebUIKeywordMain.groovy:27)
	at com.kms.katalon.core.webui.keyword.builtin.ClickKeyword.click(ClickKeyword.groovy:86)
	at com.kms.katalon.core.webui.keyword.builtin.ClickKeyword.execute(ClickKeyword.groovy:67)
	at com.kms.katalon.core.keyword.internal.KeywordExecutor.executeKeywordForPlatform(KeywordExecutor.groovy:53)
	at com.kms.katalon.core.webui.keyword.WebUiBuiltInKeywords.click(WebUiBuiltInKeywords.groovy:616)
	at com.kms.katalon.core.webui.keyword.WebUiBuiltInKeywords$click$4.call(Unknown Source)
	at CALL - PDP.run(CALL - PDP:55)
	at com.kms.katalon.core.main.ScriptEngine.run(ScriptEngine.java:194)
	at com.kms.katalon.core.main.ScriptEngine.runScriptAsRawText(ScriptEngine.java:119)
	at com.kms.katalon.core.main.TestCaseExecutor.runScript(TestCaseExecutor.java:328)
	at com.kms.katalon.core.main.TestCaseExecutor.doExecute(TestCaseExecutor.java:319)
	at com.kms.katalon.core.main.TestCaseExecutor.processExecutionPhase(TestCaseExecutor.java:298)
	at com.kms.katalon.core.main.TestCaseExecutor.accessMainPhase(TestCaseExecutor.java:290)
	at com.kms.katalon.core.main.TestCaseExecutor.execute(TestCaseExecutor.java:224)
	at com.kms.katalon.core.main.TestCaseMain.runTestCase(TestCaseMain.java:106)
	at com.kms.katalon.core.keyword.builtin.CallTestCaseKeyword$_callTestCase_closure1.doCall(CallTestCaseKeyword.groovy:59)
	at com.kms.katalon.core.keyword.builtin.CallTestCaseKeyword$_callTestCase_closure1.call(CallTestCaseKeyword.groovy)
	at com.kms.katalon.core.keyword.internal.KeywordMain.runKeyword(KeywordMain.groovy:54)
	at com.kms.katalon.core.keyword.builtin.CallTestCaseKeyword.callTestCase(CallTestCaseKeyword.groovy:80)
	at com.kms.katalon.core.keyword.builtin.CallTestCaseKeyword.execute(CallTestCaseKeyword.groovy:44)
	at com.kms.katalon.core.keyword.internal.KeywordExecutor.executeKeywordForPlatform(KeywordExecutor.groovy:53)
	at com.kms.katalon.core.keyword.BuiltinKeywords.callTestCase(BuiltinKeywords.groovy:334)
	at Price.run(Price:16)
	at com.kms.katalon.core.main.ScriptEngine.run(ScriptEngine.java:194)
	at com.kms.katalon.core.main.ScriptEngine.runScriptAsRawText(ScriptEngine.java:119)
	at com.kms.katalon.core.main.TestCaseExecutor.runScript(TestCaseExecutor.java:328)
	at com.kms.katalon.core.main.TestCaseExecutor.doExecute(TestCaseExecutor.java:319)
	at com.kms.katalon.core.main.TestCaseExecutor.processExecutionPhase(TestCaseExecutor.java:298)
	at com.kms.katalon.core.main.TestCaseExecutor.accessMainPhase(TestCaseExecutor.java:290)
	at com.kms.katalon.core.main.TestCaseExecutor.execute(TestCaseExecutor.java:224)
	at com.kms.katalon.core.main.TestSuiteExecutor.accessTestCaseMainPhase(TestSuiteExecutor.java:129)
	at com.kms.katalon.core.main.TestSuiteExecutor.accessTestSuiteMainPhase(TestSuiteExecutor.java:112)
	at com.kms.katalon.core.main.TestSuiteExecutor.execute(TestSuiteExecutor.java:81)
	at com.kms.katalon.core.main.TestCaseMain.startTestSuite(TestCaseMain.java:149)
	at com.kms.katalon.core.main.TestCaseMain$startTestSuite$0.call(Unknown Source)
	at TempTestSuite1560802135767.run(TempTestSuite1560802135767.groovy:36)
"/>
         <system-out><![CDATA[2019-06-17 16:22:38 - [TEST_CASE][FAILED] - Test Cases/OCS - MOBILE/OCS- PRODUCT PAGE/Price: Test Cases/OCS - MOBILE/OCS- PRODUCT PAGE/Price FAILED.
Reason:
com.kms.katalon.core.exception.StepFailedException: Unable to click on object 'Object Repository/OCS-MOBILE /Age gate and burger menu/Dried Flower_Plus icon' (Root cause: org.openqa.selenium.WebDriverException: unknown error: Element <i class="icon icon--plus menu__tier-three__link--icon"></i> is not clickable at point (462, 120). Other element would receive the click: <ul class="menu__learn-more--mobile only-mobile-tablet">...</ul>
  (Session info: chrome=75.0.3770.90)
  (Driver info: chromedriver=2.43.600229 (3fae4d0cda5334b4f533bede5a4787f7b832d052),platform=Mac OS X 10.13.6 x86_64) (WARNING: The server did not provide any stacktrace information)
Command duration or timeout: 0 milliseconds
Build info: version: '3.7.1', revision: '8a0099a', time: '2017-11-06T21:07:36.161Z'
System info: host: 'sumans-MacBook-Pro.local', ip: 'fe80:0:0:0:10f0:11f1:8277:c429%en0', os.name: 'Mac OS X', os.arch: 'x86_64', os.version: '10.13.6', java.version: '1.8.0_181'
Driver info: com.kms.katalon.selenium.driver.CChromeDriver
Capabilities {acceptInsecureCerts: false, acceptSslCerts: false, applicationCacheEnabled: false, browserConnectionEnabled: false, browserName: chrome, chrome: {chromedriverVersion: 2.43.600229 (3fae4d0cda5334..., userDataDir: /var/folders/1t/c55l8xzs6gq...}, cssSelectorsEnabled: true, databaseEnabled: false, goog:chromeOptions: {debuggerAddress: localhost:62492}, handlesAlerts: true, hasTouchScreen: false, javascriptEnabled: true, locationContextEnabled: true, mobileEmulationEnabled: false, nativeEvents: true, networkConnectionEnabled: false, pageLoadStrategy: normal, platform: MAC, platformName: MAC, rotatable: false, setWindowRect: true, takesHeapSnapshot: true, takesScreenshot: true, unexpectedAlertBehaviour: , unhandledPromptBehavior: , version: 75.0.3770.90, webStorageEnabled: true}
Session ID: 0871098e73ee0d0d422b5b72f78ecea6)
	at com.kms.katalon.core.keyword.internal.KeywordMain.stepFailed(KeywordMain.groovy:36)
	at com.kms.katalon.core.webui.keyword.internal.WebUIKeywordMain.stepFailed(WebUIKeywordMain.groovy:65)
	at com.kms.katalon.core.webui.keyword.internal.WebUIKeywordMain.runKeyword(WebUIKeywordMain.groovy:27)
	at com.kms.katalon.core.webui.keyword.builtin.ClickKeyword.click(ClickKeyword.groovy:86)
	at com.kms.katalon.core.webui.keyword.builtin.ClickKeyword.execute(ClickKeyword.groovy:67)
	at com.kms.katalon.core.keyword.internal.KeywordExecutor.executeKeywordForPlatform(KeywordExecutor.groovy:53)
	at com.kms.katalon.core.webui.keyword.WebUiBuiltInKeywords.click(WebUiBuiltInKeywords.groovy:616)
	at com.kms.katalon.core.webui.keyword.WebUiBuiltInKeywords$click$4.call(Unknown Source)
	at CALL - PDP.run(CALL - PDP:55)
	at com.kms.katalon.core.main.ScriptEngine.run(ScriptEngine.java:194)
	at com.kms.katalon.core.main.ScriptEngine.runScriptAsRawText(ScriptEngine.java:119)
	at com.kms.katalon.core.main.TestCaseExecutor.runScript(TestCaseExecutor.java:328)
	at com.kms.katalon.core.main.TestCaseExecutor.doExecute(TestCaseExecutor.java:319)
	at com.kms.katalon.core.main.TestCaseExecutor.processExecutionPhase(TestCaseExecutor.java:298)
	at com.kms.katalon.core.main.TestCaseExecutor.accessMainPhase(TestCaseExecutor.java:290)
	at com.kms.katalon.core.main.TestCaseExecutor.execute(TestCaseExecutor.java:224)
	at com.kms.katalon.core.main.TestCaseMain.runTestCase(TestCaseMain.java:106)
	at com.kms.katalon.core.keyword.builtin.CallTestCaseKeyword$_callTestCase_closure1.doCall(CallTestCaseKeyword.groovy:59)
	at com.kms.katalon.core.keyword.builtin.CallTestCaseKeyword$_callTestCase_closure1.call(CallTestCaseKeyword.groovy)
	at com.kms.katalon.core.keyword.internal.KeywordMain.runKeyword(KeywordMain.groovy:54)
	at com.kms.katalon.core.keyword.builtin.CallTestCaseKeyword.callTestCase(CallTestCaseKeyword.groovy:80)
	at com.kms.katalon.core.keyword.builtin.CallTestCaseKeyword.execute(CallTestCaseKeyword.groovy:44)
	at com.kms.katalon.core.keyword.internal.KeywordExecutor.executeKeywordForPlatform(KeywordExecutor.groovy:53)
	at com.kms.katalon.core.keyword.BuiltinKeywords.callTestCase(BuiltinKeywords.groovy:334)
	at Price.run(Price:16)
	at com.kms.katalon.core.main.ScriptEngine.run(ScriptEngine.java:194)
	at com.kms.katalon.core.main.ScriptEngine.runScriptAsRawText(ScriptEngine.java:119)
	at com.kms.katalon.core.main.TestCaseExecutor.runScript(TestCaseExecutor.java:328)
	at com.kms.katalon.core.main.TestCaseExecutor.doExecute(TestCaseExecutor.java:319)
	at com.kms.katalon.core.main.TestCaseExecutor.processExecutionPhase(TestCaseExecutor.java:298)
	at com.kms.katalon.core.main.TestCaseExecutor.accessMainPhase(TestCaseExecutor.java:290)
	at com.kms.katalon.core.main.TestCaseExecutor.execute(TestCaseExecutor.java:224)
	at com.kms.katalon.core.main.TestSuiteExecutor.accessTestCaseMainPhase(TestSuiteExecutor.java:129)
	at com.kms.katalon.core.main.TestSuiteExecutor.accessTestSuiteMainPhase(TestSuiteExecutor.java:112)
	at com.kms.katalon.core.main.TestSuiteExecutor.execute(TestSuiteExecutor.java:81)
	at com.kms.katalon.core.main.TestCaseMain.startTestSuite(TestCaseMain.java:149)
	at com.kms.katalon.core.main.TestCaseMain$startTestSuite$0.call(Unknown Source)
	at TempTestSuite1560802135767.run(TempTestSuite1560802135767.groovy:36)


2019-06-17 16:22:38 - [TEST_STEP][FAILED] - callTestCase(findTestCase("OCS - MOBILE/CALL - PDP"), [:], STOP_ON_FAILURE): callTestCase(findTestCase("OCS - MOBILE/CALL - PDP"), [:], STOP_ON_FAILURE) FAILED.
Reason:
com.kms.katalon.core.exception.StepFailedException: Unable to click on object 'Object Repository/OCS-MOBILE /Age gate and burger menu/Dried Flower_Plus icon' (Root cause: org.openqa.selenium.WebDriverException: unknown error: Element <i class="icon icon--plus menu__tier-three__link--icon"></i> is not clickable at point (462, 120). Other element would receive the click: <ul class="menu__learn-more--mobile only-mobile-tablet">...</ul>
  (Session info: chrome=75.0.3770.90)
  (Driver info: chromedriver=2.43.600229 (3fae4d0cda5334b4f533bede5a4787f7b832d052),platform=Mac OS X 10.13.6 x86_64) (WARNING: The server did not provide any stacktrace information)
Command duration or timeout: 0 milliseconds
Build info: version: '3.7.1', revision: '8a0099a', time: '2017-11-06T21:07:36.161Z'
System info: host: 'sumans-MacBook-Pro.local', ip: 'fe80:0:0:0:10f0:11f1:8277:c429%en0', os.name: 'Mac OS X', os.arch: 'x86_64', os.version: '10.13.6', java.version: '1.8.0_181'
Driver info: com.kms.katalon.selenium.driver.CChromeDriver
Capabilities {acceptInsecureCerts: false, acceptSslCerts: false, applicationCacheEnabled: false, browserConnectionEnabled: false, browserName: chrome, chrome: {chromedriverVersion: 2.43.600229 (3fae4d0cda5334..., userDataDir: /var/folders/1t/c55l8xzs6gq...}, cssSelectorsEnabled: true, databaseEnabled: false, goog:chromeOptions: {debuggerAddress: localhost:62492}, handlesAlerts: true, hasTouchScreen: false, javascriptEnabled: true, locationContextEnabled: true, mobileEmulationEnabled: false, nativeEvents: true, networkConnectionEnabled: false, pageLoadStrategy: normal, platform: MAC, platformName: MAC, rotatable: false, setWindowRect: true, takesHeapSnapshot: true, takesScreenshot: true, unexpectedAlertBehaviour: , unhandledPromptBehavior: , version: 75.0.3770.90, webStorageEnabled: true}
Session ID: 0871098e73ee0d0d422b5b72f78ecea6)
	at com.kms.katalon.core.keyword.internal.KeywordMain.stepFailed(KeywordMain.groovy:36)
	at com.kms.katalon.core.webui.keyword.internal.WebUIKeywordMain.stepFailed(WebUIKeywordMain.groovy:65)
	at com.kms.katalon.core.webui.keyword.internal.WebUIKeywordMain.runKeyword(WebUIKeywordMain.groovy:27)
	at com.kms.katalon.core.webui.keyword.builtin.ClickKeyword.click(ClickKeyword.groovy:86)
	at com.kms.katalon.core.webui.keyword.builtin.ClickKeyword.execute(ClickKeyword.groovy:67)
	at com.kms.katalon.core.keyword.internal.KeywordExecutor.executeKeywordForPlatform(KeywordExecutor.groovy:53)
	at com.kms.katalon.core.webui.keyword.WebUiBuiltInKeywords.click(WebUiBuiltInKeywords.groovy:616)
	at com.kms.katalon.core.webui.keyword.WebUiBuiltInKeywords$click$4.call(Unknown Source)
	at CALL - PDP.run(CALL - PDP:55)
	at com.kms.katalon.core.main.ScriptEngine.run(ScriptEngine.java:194)
	at com.kms.katalon.core.main.ScriptEngine.runScriptAsRawText(ScriptEngine.java:119)
	at com.kms.katalon.core.main.TestCaseExecutor.runScript(TestCaseExecutor.java:328)
	at com.kms.katalon.core.main.TestCaseExecutor.doExecute(TestCaseExecutor.java:319)
	at com.kms.katalon.core.main.TestCaseExecutor.processExecutionPhase(TestCaseExecutor.java:298)
	at com.kms.katalon.core.main.TestCaseExecutor.accessMainPhase(TestCaseExecutor.java:290)
	at com.kms.katalon.core.main.TestCaseExecutor.execute(TestCaseExecutor.java:224)
	at com.kms.katalon.core.main.TestCaseMain.runTestCase(TestCaseMain.java:106)
	at com.kms.katalon.core.keyword.builtin.CallTestCaseKeyword$_callTestCase_closure1.doCall(CallTestCaseKeyword.groovy:59)
	at com.kms.katalon.core.keyword.builtin.CallTestCaseKeyword$_callTestCase_closure1.call(CallTestCaseKeyword.groovy)
	at com.kms.katalon.core.keyword.internal.KeywordMain.runKeyword(KeywordMain.groovy:54)
	at com.kms.katalon.core.keyword.builtin.CallTestCaseKeyword.callTestCase(CallTestCaseKeyword.groovy:80)
	at com.kms.katalon.core.keyword.builtin.CallTestCaseKeyword.execute(CallTestCaseKeyword.groovy:44)
	at com.kms.katalon.core.keyword.internal.KeywordExecutor.executeKeywordForPlatform(KeywordExecutor.groovy:53)
	at com.kms.katalon.core.keyword.BuiltinKeywords.callTestCase(BuiltinKeywords.groovy:334)
	at Price.run(Price:16)
	at com.kms.katalon.core.main.ScriptEngine.run(ScriptEngine.java:194)
	at com.kms.katalon.core.main.ScriptEngine.runScriptAsRawText(ScriptEngine.java:119)
	at com.kms.katalon.core.main.TestCaseExecutor.runScript(TestCaseExecutor.java:328)
	at com.kms.katalon.core.main.TestCaseExecutor.doExecute(TestCaseExecutor.java:319)
	at com.kms.katalon.core.main.TestCaseExecutor.processExecutionPhase(TestCaseExecutor.java:298)
	at com.kms.katalon.core.main.TestCaseExecutor.accessMainPhase(TestCaseExecutor.java:290)
	at com.kms.katalon.core.main.TestCaseExecutor.execute(TestCaseExecutor.java:224)
	at com.kms.katalon.core.main.TestSuiteExecutor.accessTestCaseMainPhase(TestSuiteExecutor.java:129)
	at com.kms.katalon.core.main.TestSuiteExecutor.accessTestSuiteMainPhase(TestSuiteExecutor.java:112)
	at com.kms.katalon.core.main.TestSuiteExecutor.execute(TestSuiteExecutor.java:81)
	at com.kms.katalon.core.main.TestCaseMain.startTestSuite(TestCaseMain.java:149)
	at com.kms.katalon.core.main.TestCaseMain$startTestSuite$0.call(Unknown Source)
	at TempTestSuite1560802135767.run(TempTestSuite1560802135767.groovy:36)


2019-06-17 16:22:38 - [TEST_CASE][FAILED] - Test Cases/OCS - MOBILE/CALL - PDP: Test Cases/OCS - MOBILE/CALL - PDP FAILED.
Reason:
com.kms.katalon.core.exception.StepFailedException: Unable to click on object 'Object Repository/OCS-MOBILE /Age gate and burger menu/Dried Flower_Plus icon' (Root cause: org.openqa.selenium.WebDriverException: unknown error: Element <i class="icon icon--plus menu__tier-three__link--icon"></i> is not clickable at point (462, 120). Other element would receive the click: <ul class="menu__learn-more--mobile only-mobile-tablet">...</ul>
  (Session info: chrome=75.0.3770.90)
  (Driver info: chromedriver=2.43.600229 (3fae4d0cda5334b4f533bede5a4787f7b832d052),platform=Mac OS X 10.13.6 x86_64) (WARNING: The server did not provide any stacktrace information)
Command duration or timeout: 0 milliseconds
Build info: version: '3.7.1', revision: '8a0099a', time: '2017-11-06T21:07:36.161Z'
System info: host: 'sumans-MacBook-Pro.local', ip: 'fe80:0:0:0:10f0:11f1:8277:c429%en0', os.name: 'Mac OS X', os.arch: 'x86_64', os.version: '10.13.6', java.version: '1.8.0_181'
Driver info: com.kms.katalon.selenium.driver.CChromeDriver
Capabilities {acceptInsecureCerts: false, acceptSslCerts: false, applicationCacheEnabled: false, browserConnectionEnabled: false, browserName: chrome, chrome: {chromedriverVersion: 2.43.600229 (3fae4d0cda5334..., userDataDir: /var/folders/1t/c55l8xzs6gq...}, cssSelectorsEnabled: true, databaseEnabled: false, goog:chromeOptions: {debuggerAddress: localhost:62492}, handlesAlerts: true, hasTouchScreen: false, javascriptEnabled: true, locationContextEnabled: true, mobileEmulationEnabled: false, nativeEvents: true, networkConnectionEnabled: false, pageLoadStrategy: normal, platform: MAC, platformName: MAC, rotatable: false, setWindowRect: true, takesHeapSnapshot: true, takesScreenshot: true, unexpectedAlertBehaviour: , unhandledPromptBehavior: , version: 75.0.3770.90, webStorageEnabled: true}
Session ID: 0871098e73ee0d0d422b5b72f78ecea6)
	at com.kms.katalon.core.keyword.internal.KeywordMain.stepFailed(KeywordMain.groovy:36)
	at com.kms.katalon.core.webui.keyword.internal.WebUIKeywordMain.stepFailed(WebUIKeywordMain.groovy:65)
	at com.kms.katalon.core.webui.keyword.internal.WebUIKeywordMain.runKeyword(WebUIKeywordMain.groovy:27)
	at com.kms.katalon.core.webui.keyword.builtin.ClickKeyword.click(ClickKeyword.groovy:86)
	at com.kms.katalon.core.webui.keyword.builtin.ClickKeyword.execute(ClickKeyword.groovy:67)
	at com.kms.katalon.core.keyword.internal.KeywordExecutor.executeKeywordForPlatform(KeywordExecutor.groovy:53)
	at com.kms.katalon.core.webui.keyword.WebUiBuiltInKeywords.click(WebUiBuiltInKeywords.groovy:616)
	at com.kms.katalon.core.webui.keyword.WebUiBuiltInKeywords$click$4.call(Unknown Source)
	at CALL - PDP.run(CALL - PDP:55)
	at com.kms.katalon.core.main.ScriptEngine.run(ScriptEngine.java:194)
	at com.kms.katalon.core.main.ScriptEngine.runScriptAsRawText(ScriptEngine.java:119)
	at com.kms.katalon.core.main.TestCaseExecutor.runScript(TestCaseExecutor.java:328)
	at com.kms.katalon.core.main.TestCaseExecutor.doExecute(TestCaseExecutor.java:319)
	at com.kms.katalon.core.main.TestCaseExecutor.processExecutionPhase(TestCaseExecutor.java:298)
	at com.kms.katalon.core.main.TestCaseExecutor.accessMainPhase(TestCaseExecutor.java:290)
	at com.kms.katalon.core.main.TestCaseExecutor.execute(TestCaseExecutor.java:224)
	at com.kms.katalon.core.main.TestCaseMain.runTestCase(TestCaseMain.java:106)
	at com.kms.katalon.core.keyword.builtin.CallTestCaseKeyword$_callTestCase_closure1.doCall(CallTestCaseKeyword.groovy:59)
	at com.kms.katalon.core.keyword.builtin.CallTestCaseKeyword$_callTestCase_closure1.call(CallTestCaseKeyword.groovy)
	at com.kms.katalon.core.keyword.internal.KeywordMain.runKeyword(KeywordMain.groovy:54)
	at com.kms.katalon.core.keyword.builtin.CallTestCaseKeyword.callTestCase(CallTestCaseKeyword.groovy:80)
	at com.kms.katalon.core.keyword.builtin.CallTestCaseKeyword.execute(CallTestCaseKeyword.groovy:44)
	at com.kms.katalon.core.keyword.internal.KeywordExecutor.executeKeywordForPlatform(KeywordExecutor.groovy:53)
	at com.kms.katalon.core.keyword.BuiltinKeywords.callTestCase(BuiltinKeywords.groovy:334)
	at Price.run(Price:16)
	at com.kms.katalon.core.main.ScriptEngine.run(ScriptEngine.java:194)
	at com.kms.katalon.core.main.ScriptEngine.runScriptAsRawText(ScriptEngine.java:119)
	at com.kms.katalon.core.main.TestCaseExecutor.runScript(TestCaseExecutor.java:328)
	at com.kms.katalon.core.main.TestCaseExecutor.doExecute(TestCaseExecutor.java:319)
	at com.kms.katalon.core.main.TestCaseExecutor.processExecutionPhase(TestCaseExecutor.java:298)
	at com.kms.katalon.core.main.TestCaseExecutor.accessMainPhase(TestCaseExecutor.java:290)
	at com.kms.katalon.core.main.TestCaseExecutor.execute(TestCaseExecutor.java:224)
	at com.kms.katalon.core.main.TestSuiteExecutor.accessTestCaseMainPhase(TestSuiteExecutor.java:129)
	at com.kms.katalon.core.main.TestSuiteExecutor.accessTestSuiteMainPhase(TestSuiteExecutor.java:112)
	at com.kms.katalon.core.main.TestSuiteExecutor.execute(TestSuiteExecutor.java:81)
	at com.kms.katalon.core.main.TestCaseMain.startTestSuite(TestCaseMain.java:149)
	at com.kms.katalon.core.main.TestCaseMain$startTestSuite$0.call(Unknown Source)
	at TempTestSuite1560802135767.run(TempTestSuite1560802135767.groovy:36)


2019-06-17 16:22:38 - [TEST_STEP][PASSED] - openBrowser(""): Browser is opened with url: ''

2019-06-17 16:22:38 - [MESSAGE][WARNING] - A browser is already opened. Closing browser and opening a new one

2019-06-17 16:22:38 - [MESSAGE][INFO] - Starting 'Chrome' driver

2019-06-17 16:22:39 - [MESSAGE][PASSED] - Browser is opened with url: ''

2019-06-17 16:22:39 - [TEST_STEP][PASSED] - navigateToUrl("https://ocs.ca/?fts=0&preview_theme_id=72920106828"): Navigate to 'https://ocs.ca/?fts=0&preview_theme_id=72920106828' successfully

2019-06-17 16:22:44 - [MESSAGE][PASSED] - Navigate to 'https://ocs.ca/?fts=0&preview_theme_id=72920106828' successfully

2019-06-17 16:22:44 - [TEST_STEP][PASSED] - executeJavaScript("var previewBar = document.getElementById("preview-bar-iframe"); previewBar.style.display = "none";", []): Execute JavaScript 'var previewBar = document.getElementById("preview-bar-iframe"); previewBar.style.display = "none";' successfully

2019-06-17 16:22:44 - [MESSAGE][PASSED] - Execute JavaScript 'var previewBar = document.getElementById("preview-bar-iframe"); previewBar.style.display = "none";' successfully

2019-06-17 16:22:44 - [TEST_STEP][PASSED] - setViewPortSize(360, 800): Viewport is set to new size with width = 360 and height = 800

2019-06-17 16:22:45 - [MESSAGE][PASSED] - Viewport is set to new size with width = 360 and height = 800

2019-06-17 16:22:45 - [TEST_STEP][PASSED] - delay(4): Delayed 4 second(s)

2019-06-17 16:22:49 - [MESSAGE][PASSED] - Delayed 4 second(s)

2019-06-17 16:22:49 - [TEST_STEP][PASSED] - selectOptionByValue(findTestObject("OCS-MOBILE /Age gate and burger menu/Date"), "12", true): All options with value '12' are selected in object 'Object Repository/OCS-MOBILE /Age gate and burger menu/Date'  using regular expression

2019-06-17 16:22:49 - [MESSAGE][PASSED] - All options with value '12' are selected in object 'Object Repository/OCS-MOBILE /Age gate and burger menu/Date'  using regular expression

2019-06-17 16:22:49 - [TEST_STEP][PASSED] - selectOptionByValue(findTestObject("OCS-MOBILE /Age gate and burger menu/month"), "6", true): All options with value '6' are selected in object 'Object Repository/OCS-MOBILE /Age gate and burger menu/month'  using regular expression

2019-06-17 16:22:49 - [MESSAGE][PASSED] - All options with value '6' are selected in object 'Object Repository/OCS-MOBILE /Age gate and burger menu/month'  using regular expression

2019-06-17 16:22:49 - [TEST_STEP][PASSED] - delay(2): Delayed 2 second(s)

2019-06-17 16:22:51 - [MESSAGE][PASSED] - Delayed 2 second(s)

2019-06-17 16:22:51 - [TEST_STEP][PASSED] - selectOptionByValue(findTestObject("OCS-MOBILE /Age gate and burger menu/Year Dropdown"), "1990", true): All options with value '1990' are selected in object 'Object Repository/OCS-MOBILE /Age gate and burger menu/Year Dropdown'  using regular expression

2019-06-17 16:22:52 - [MESSAGE][PASSED] - All options with value '1990' are selected in object 'Object Repository/OCS-MOBILE /Age gate and burger menu/Year Dropdown'  using regular expression

2019-06-17 16:22:52 - [TEST_STEP][PASSED] - click(findTestObject("OCS-MOBILE /Age gate and Mega menu/button_Verify")): Object: 'Object Repository/OCS-MOBILE /Age gate and Mega menu/button_Verify' is clicked on

2019-06-17 16:22:52 - [MESSAGE][PASSED] - Object: 'Object Repository/OCS-MOBILE /Age gate and Mega menu/button_Verify' is clicked on

2019-06-17 16:22:52 - [TEST_STEP][PASSED] - click(findTestObject("OCS-MOBILE /Age gate and Mega menu/Checkbox_CONFIRM AND ACKNOWLEDGE")): Object: 'Object Repository/OCS-MOBILE /Age gate and Mega menu/Checkbox_CONFIRM AND ACKNOWLEDGE' is clicked on

2019-06-17 16:22:52 - [MESSAGE][PASSED] - Object: 'Object Repository/OCS-MOBILE /Age gate and Mega menu/Checkbox_CONFIRM AND ACKNOWLEDGE' is clicked on

2019-06-17 16:22:52 - [TEST_STEP][PASSED] - click(findTestObject("OCS-MOBILE /Age gate and Mega menu/button_CONFIRM")): Object: 'Object Repository/OCS-MOBILE /Age gate and Mega menu/button_CONFIRM' is clicked on

2019-06-17 16:22:52 - [MESSAGE][PASSED] - Object: 'Object Repository/OCS-MOBILE /Age gate and Mega menu/button_CONFIRM' is clicked on

2019-06-17 16:22:52 - [TEST_STEP][PASSED] - click(findTestObject("OCS-MOBILE /Age gate and Mega menu/button_Start Browsing")): Object: 'Object Repository/OCS-MOBILE /Age gate and Mega menu/button_Start Browsing' is clicked on

2019-06-17 16:22:52 - [MESSAGE][PASSED] - Object: 'Object Repository/OCS-MOBILE /Age gate and Mega menu/button_Start Browsing' is clicked on

2019-06-17 16:22:52 - [TEST_STEP][PASSED] - refresh(): Refresh successfully

2019-06-17 16:22:52 - [MESSAGE][PASSED] - Refresh successfully

2019-06-17 16:22:52 - [TEST_STEP][PASSED] - delay(2): Delayed 2 second(s)

2019-06-17 16:22:54 - [MESSAGE][PASSED] - Delayed 2 second(s)

2019-06-17 16:22:54 - [TEST_STEP][PASSED] - click(findTestObject("OCS-MOBILE /Age gate and burger menu/Burger menu - English")): Object: 'Object Repository/OCS-MOBILE /Age gate and burger menu/Burger menu - English' is clicked on

2019-06-17 16:22:57 - [MESSAGE][PASSED] - Object: 'Object Repository/OCS-MOBILE /Age gate and burger menu/Burger menu - English' is clicked on

2019-06-17 16:22:57 - [TEST_STEP][PASSED] - delay(2): Delayed 2 second(s)

2019-06-17 16:22:59 - [MESSAGE][PASSED] - Delayed 2 second(s)

2019-06-17 16:22:59 - [TEST_STEP][PASSED] - click(findTestObject("OCS-MOBILE /Age gate and burger menu/Chevron_Cannabis")): Object: 'Object Repository/OCS-MOBILE /Age gate and burger menu/Chevron_Cannabis' is clicked on

2019-06-17 16:22:59 - [MESSAGE][PASSED] - Object: 'Object Repository/OCS-MOBILE /Age gate and burger menu/Chevron_Cannabis' is clicked on

2019-06-17 16:22:59 - [TEST_STEP][PASSED] - delay(2): Delayed 2 second(s)

2019-06-17 16:23:01 - [MESSAGE][PASSED] - Delayed 2 second(s)

2019-06-17 16:23:01 - [TEST_STEP][FAILED] - click(findTestObject("OCS-MOBILE /Age gate and burger menu/Dried Flower_Plus icon")): click(findTestObject("OCS-MOBILE /Age gate and burger menu/Dried Flower_Plus icon")) FAILED.
Reason:
com.kms.katalon.core.exception.StepFailedException: Unable to click on object 'Object Repository/OCS-MOBILE /Age gate and burger menu/Dried Flower_Plus icon' (Root cause: org.openqa.selenium.WebDriverException: unknown error: Element <i class="icon icon--plus menu__tier-three__link--icon"></i> is not clickable at point (462, 120). Other element would receive the click: <ul class="menu__learn-more--mobile only-mobile-tablet">...</ul>
  (Session info: chrome=75.0.3770.90)
  (Driver info: chromedriver=2.43.600229 (3fae4d0cda5334b4f533bede5a4787f7b832d052),platform=Mac OS X 10.13.6 x86_64) (WARNING: The server did not provide any stacktrace information)
Command duration or timeout: 0 milliseconds
Build info: version: '3.7.1', revision: '8a0099a', time: '2017-11-06T21:07:36.161Z'
System info: host: 'sumans-MacBook-Pro.local', ip: 'fe80:0:0:0:10f0:11f1:8277:c429%en0', os.name: 'Mac OS X', os.arch: 'x86_64', os.version: '10.13.6', java.version: '1.8.0_181'
Driver info: com.kms.katalon.selenium.driver.CChromeDriver
Capabilities {acceptInsecureCerts: false, acceptSslCerts: false, applicationCacheEnabled: false, browserConnectionEnabled: false, browserName: chrome, chrome: {chromedriverVersion: 2.43.600229 (3fae4d0cda5334..., userDataDir: /var/folders/1t/c55l8xzs6gq...}, cssSelectorsEnabled: true, databaseEnabled: false, goog:chromeOptions: {debuggerAddress: localhost:62492}, handlesAlerts: true, hasTouchScreen: false, javascriptEnabled: true, locationContextEnabled: true, mobileEmulationEnabled: false, nativeEvents: true, networkConnectionEnabled: false, pageLoadStrategy: normal, platform: MAC, platformName: MAC, rotatable: false, setWindowRect: true, takesHeapSnapshot: true, takesScreenshot: true, unexpectedAlertBehaviour: , unhandledPromptBehavior: , version: 75.0.3770.90, webStorageEnabled: true}
Session ID: 0871098e73ee0d0d422b5b72f78ecea6)
	at com.kms.katalon.core.keyword.internal.KeywordMain.stepFailed(KeywordMain.groovy:36)
	at com.kms.katalon.core.webui.keyword.internal.WebUIKeywordMain.stepFailed(WebUIKeywordMain.groovy:65)
	at com.kms.katalon.core.webui.keyword.internal.WebUIKeywordMain.runKeyword(WebUIKeywordMain.groovy:27)
	at com.kms.katalon.core.webui.keyword.builtin.ClickKeyword.click(ClickKeyword.groovy:86)
	at com.kms.katalon.core.webui.keyword.builtin.ClickKeyword.execute(ClickKeyword.groovy:67)
	at com.kms.katalon.core.keyword.internal.KeywordExecutor.executeKeywordForPlatform(KeywordExecutor.groovy:53)
	at com.kms.katalon.core.webui.keyword.WebUiBuiltInKeywords.click(WebUiBuiltInKeywords.groovy:616)
	at com.kms.katalon.core.webui.keyword.WebUiBuiltInKeywords$click$4.call(Unknown Source)
	at CALL - PDP.run(CALL - PDP:55)
	at com.kms.katalon.core.main.ScriptEngine.run(ScriptEngine.java:194)
	at com.kms.katalon.core.main.ScriptEngine.runScriptAsRawText(ScriptEngine.java:119)
	at com.kms.katalon.core.main.TestCaseExecutor.runScript(TestCaseExecutor.java:328)
	at com.kms.katalon.core.main.TestCaseExecutor.doExecute(TestCaseExecutor.java:319)
	at com.kms.katalon.core.main.TestCaseExecutor.processExecutionPhase(TestCaseExecutor.java:298)
	at com.kms.katalon.core.main.TestCaseExecutor.accessMainPhase(TestCaseExecutor.java:290)
	at com.kms.katalon.core.main.TestCaseExecutor.execute(TestCaseExecutor.java:224)
	at com.kms.katalon.core.main.TestCaseMain.runTestCase(TestCaseMain.java:106)
	at com.kms.katalon.core.keyword.builtin.CallTestCaseKeyword$_callTestCase_closure1.doCall(CallTestCaseKeyword.groovy:59)
	at com.kms.katalon.core.keyword.builtin.CallTestCaseKeyword$_callTestCase_closure1.call(CallTestCaseKeyword.groovy)
	at com.kms.katalon.core.keyword.internal.KeywordMain.runKeyword(KeywordMain.groovy:54)
	at com.kms.katalon.core.keyword.builtin.CallTestCaseKeyword.callTestCase(CallTestCaseKeyword.groovy:80)
	at com.kms.katalon.core.keyword.builtin.CallTestCaseKeyword.execute(CallTestCaseKeyword.groovy:44)
	at com.kms.katalon.core.keyword.internal.KeywordExecutor.executeKeywordForPlatform(KeywordExecutor.groovy:53)
	at com.kms.katalon.core.keyword.BuiltinKeywords.callTestCase(BuiltinKeywords.groovy:334)
	at Price.run(Price:16)
	at com.kms.katalon.core.main.ScriptEngine.run(ScriptEngine.java:194)
	at com.kms.katalon.core.main.ScriptEngine.runScriptAsRawText(ScriptEngine.java:119)
	at com.kms.katalon.core.main.TestCaseExecutor.runScript(TestCaseExecutor.java:328)
	at com.kms.katalon.core.main.TestCaseExecutor.doExecute(TestCaseExecutor.java:319)
	at com.kms.katalon.core.main.TestCaseExecutor.processExecutionPhase(TestCaseExecutor.java:298)
	at com.kms.katalon.core.main.TestCaseExecutor.accessMainPhase(TestCaseExecutor.java:290)
	at com.kms.katalon.core.main.TestCaseExecutor.execute(TestCaseExecutor.java:224)
	at com.kms.katalon.core.main.TestSuiteExecutor.accessTestCaseMainPhase(TestSuiteExecutor.java:129)
	at com.kms.katalon.core.main.TestSuiteExecutor.accessTestSuiteMainPhase(TestSuiteExecutor.java:112)
	at com.kms.katalon.core.main.TestSuiteExecutor.execute(TestSuiteExecutor.java:81)
	at com.kms.katalon.core.main.TestCaseMain.startTestSuite(TestCaseMain.java:149)
	at com.kms.katalon.core.main.TestCaseMain$startTestSuite$0.call(Unknown Source)
	at TempTestSuite1560802135767.run(TempTestSuite1560802135767.groovy:36)


2019-06-17 16:23:01 - [MESSAGE][FAILED] - Unable to click on object 'Object Repository/OCS-MOBILE /Age gate and burger menu/Dried Flower_Plus icon' (Root cause: org.openqa.selenium.WebDriverException: unknown error: Element <i class="icon icon--plus menu__tier-three__link--icon"></i> is not clickable at point (462, 120). Other element would receive the click: <ul class="menu__learn-more--mobile only-mobile-tablet">...</ul>
  (Session info: chrome=75.0.3770.90)
  (Driver info: chromedriver=2.43.600229 (3fae4d0cda5334b4f533bede5a4787f7b832d052),platform=Mac OS X 10.13.6 x86_64) (WARNING: The server did not provide any stacktrace information)
Command duration or timeout: 0 milliseconds
Build info: version: '3.7.1', revision: '8a0099a', time: '2017-11-06T21:07:36.161Z'
System info: host: 'sumans-MacBook-Pro.local', ip: 'fe80:0:0:0:10f0:11f1:8277:c429%en0', os.name: 'Mac OS X', os.arch: 'x86_64', os.version: '10.13.6', java.version: '1.8.0_181'
Driver info: com.kms.katalon.selenium.driver.CChromeDriver
Capabilities {acceptInsecureCerts: false, acceptSslCerts: false, applicationCacheEnabled: false, browserConnectionEnabled: false, browserName: chrome, chrome: {chromedriverVersion: 2.43.600229 (3fae4d0cda5334..., userDataDir: /var/folders/1t/c55l8xzs6gq...}, cssSelectorsEnabled: true, databaseEnabled: false, goog:chromeOptions: {debuggerAddress: localhost:62492}, handlesAlerts: true, hasTouchScreen: false, javascriptEnabled: true, locationContextEnabled: true, mobileEmulationEnabled: false, nativeEvents: true, networkConnectionEnabled: false, pageLoadStrategy: normal, platform: MAC, platformName: MAC, rotatable: false, setWindowRect: true, takesHeapSnapshot: true, takesScreenshot: true, unexpectedAlertBehaviour: , unhandledPromptBehavior: , version: 75.0.3770.90, webStorageEnabled: true}
Session ID: 0871098e73ee0d0d422b5b72f78ecea6)
[[ATTACHMENT|/Users/sumankompelly/Relative xpath-Mobile/Reports/OCS- 1.10.1/20190617_160855/1560802981136.png]]

2019-06-17 16:23:01 - [MESSAGE][FAILED] - click(findTestObject("OCS-MOBILE /Age gate and burger menu/Dried Flower_Plus icon")) FAILED.
Reason:
com.kms.katalon.core.exception.StepFailedException: Unable to click on object 'Object Repository/OCS-MOBILE /Age gate and burger menu/Dried Flower_Plus icon' (Root cause: org.openqa.selenium.WebDriverException: unknown error: Element <i class="icon icon--plus menu__tier-three__link--icon"></i> is not clickable at point (462, 120). Other element would receive the click: <ul class="menu__learn-more--mobile only-mobile-tablet">...</ul>
  (Session info: chrome=75.0.3770.90)
  (Driver info: chromedriver=2.43.600229 (3fae4d0cda5334b4f533bede5a4787f7b832d052),platform=Mac OS X 10.13.6 x86_64) (WARNING: The server did not provide any stacktrace information)
Command duration or timeout: 0 milliseconds
Build info: version: '3.7.1', revision: '8a0099a', time: '2017-11-06T21:07:36.161Z'
System info: host: 'sumans-MacBook-Pro.local', ip: 'fe80:0:0:0:10f0:11f1:8277:c429%en0', os.name: 'Mac OS X', os.arch: 'x86_64', os.version: '10.13.6', java.version: '1.8.0_181'
Driver info: com.kms.katalon.selenium.driver.CChromeDriver
Capabilities {acceptInsecureCerts: false, acceptSslCerts: false, applicationCacheEnabled: false, browserConnectionEnabled: false, browserName: chrome, chrome: {chromedriverVersion: 2.43.600229 (3fae4d0cda5334..., userDataDir: /var/folders/1t/c55l8xzs6gq...}, cssSelectorsEnabled: true, databaseEnabled: false, goog:chromeOptions: {debuggerAddress: localhost:62492}, handlesAlerts: true, hasTouchScreen: false, javascriptEnabled: true, locationContextEnabled: true, mobileEmulationEnabled: false, nativeEvents: true, networkConnectionEnabled: false, pageLoadStrategy: normal, platform: MAC, platformName: MAC, rotatable: false, setWindowRect: true, takesHeapSnapshot: true, takesScreenshot: true, unexpectedAlertBehaviour: , unhandledPromptBehavior: , version: 75.0.3770.90, webStorageEnabled: true}
Session ID: 0871098e73ee0d0d422b5b72f78ecea6)
	at com.kms.katalon.core.keyword.internal.KeywordMain.stepFailed(KeywordMain.groovy:36)
	at com.kms.katalon.core.webui.keyword.internal.WebUIKeywordMain.stepFailed(WebUIKeywordMain.groovy:65)
	at com.kms.katalon.core.webui.keyword.internal.WebUIKeywordMain.runKeyword(WebUIKeywordMain.groovy:27)
	at com.kms.katalon.core.webui.keyword.builtin.ClickKeyword.click(ClickKeyword.groovy:86)
	at com.kms.katalon.core.webui.keyword.builtin.ClickKeyword.execute(ClickKeyword.groovy:67)
	at com.kms.katalon.core.keyword.internal.KeywordExecutor.executeKeywordForPlatform(KeywordExecutor.groovy:53)
	at com.kms.katalon.core.webui.keyword.WebUiBuiltInKeywords.click(WebUiBuiltInKeywords.groovy:616)
	at com.kms.katalon.core.webui.keyword.WebUiBuiltInKeywords$click$4.call(Unknown Source)
	at CALL - PDP.run(CALL - PDP:55)
	at com.kms.katalon.core.main.ScriptEngine.run(ScriptEngine.java:194)
	at com.kms.katalon.core.main.ScriptEngine.runScriptAsRawText(ScriptEngine.java:119)
	at com.kms.katalon.core.main.TestCaseExecutor.runScript(TestCaseExecutor.java:328)
	at com.kms.katalon.core.main.TestCaseExecutor.doExecute(TestCaseExecutor.java:319)
	at com.kms.katalon.core.main.TestCaseExecutor.processExecutionPhase(TestCaseExecutor.java:298)
	at com.kms.katalon.core.main.TestCaseExecutor.accessMainPhase(TestCaseExecutor.java:290)
	at com.kms.katalon.core.main.TestCaseExecutor.execute(TestCaseExecutor.java:224)
	at com.kms.katalon.core.main.TestCaseMain.runTestCase(TestCaseMain.java:106)
	at com.kms.katalon.core.keyword.builtin.CallTestCaseKeyword$_callTestCase_closure1.doCall(CallTestCaseKeyword.groovy:59)
	at com.kms.katalon.core.keyword.builtin.CallTestCaseKeyword$_callTestCase_closure1.call(CallTestCaseKeyword.groovy)
	at com.kms.katalon.core.keyword.internal.KeywordMain.runKeyword(KeywordMain.groovy:54)
	at com.kms.katalon.core.keyword.builtin.CallTestCaseKeyword.callTestCase(CallTestCaseKeyword.groovy:80)
	at com.kms.katalon.core.keyword.builtin.CallTestCaseKeyword.execute(CallTestCaseKeyword.groovy:44)
	at com.kms.katalon.core.keyword.internal.KeywordExecutor.executeKeywordForPlatform(KeywordExecutor.groovy:53)
	at com.kms.katalon.core.keyword.BuiltinKeywords.callTestCase(BuiltinKeywords.groovy:334)
	at Price.run(Price:16)
	at com.kms.katalon.core.main.ScriptEngine.run(ScriptEngine.java:194)
	at com.kms.katalon.core.main.ScriptEngine.runScriptAsRawText(ScriptEngine.java:119)
	at com.kms.katalon.core.main.TestCaseExecutor.runScript(TestCaseExecutor.java:328)
	at com.kms.katalon.core.main.TestCaseExecutor.doExecute(TestCaseExecutor.java:319)
	at com.kms.katalon.core.main.TestCaseExecutor.processExecutionPhase(TestCaseExecutor.java:298)
	at com.kms.katalon.core.main.TestCaseExecutor.accessMainPhase(TestCaseExecutor.java:290)
	at com.kms.katalon.core.main.TestCaseExecutor.execute(TestCaseExecutor.java:224)
	at com.kms.katalon.core.main.TestSuiteExecutor.accessTestCaseMainPhase(TestSuiteExecutor.java:129)
	at com.kms.katalon.core.main.TestSuiteExecutor.accessTestSuiteMainPhase(TestSuiteExecutor.java:112)
	at com.kms.katalon.core.main.TestSuiteExecutor.execute(TestSuiteExecutor.java:81)
	at com.kms.katalon.core.main.TestCaseMain.startTestSuite(TestCaseMain.java:149)
	at com.kms.katalon.core.main.TestCaseMain$startTestSuite$0.call(Unknown Source)
	at TempTestSuite1560802135767.run(TempTestSuite1560802135767.groovy:36)


2019-06-17 16:23:01 - [MESSAGE][FAILED] - Unable to call Test Case 'Test Cases/OCS - MOBILE/CALL - PDP' (Root cause: com.kms.katalon.core.exception.StepFailedException: Call Test Case 'Test Cases/OCS - MOBILE/CALL - PDP' failed)

2019-06-17 16:23:01 - [MESSAGE][FAILED] - callTestCase(findTestCase("OCS - MOBILE/CALL - PDP"), [:], STOP_ON_FAILURE) FAILED.
Reason:
com.kms.katalon.core.exception.StepFailedException: Unable to click on object 'Object Repository/OCS-MOBILE /Age gate and burger menu/Dried Flower_Plus icon' (Root cause: org.openqa.selenium.WebDriverException: unknown error: Element <i class="icon icon--plus menu__tier-three__link--icon"></i> is not clickable at point (462, 120). Other element would receive the click: <ul class="menu__learn-more--mobile only-mobile-tablet">...</ul>
  (Session info: chrome=75.0.3770.90)
  (Driver info: chromedriver=2.43.600229 (3fae4d0cda5334b4f533bede5a4787f7b832d052),platform=Mac OS X 10.13.6 x86_64) (WARNING: The server did not provide any stacktrace information)
Command duration or timeout: 0 milliseconds
Build info: version: '3.7.1', revision: '8a0099a', time: '2017-11-06T21:07:36.161Z'
System info: host: 'sumans-MacBook-Pro.local', ip: 'fe80:0:0:0:10f0:11f1:8277:c429%en0', os.name: 'Mac OS X', os.arch: 'x86_64', os.version: '10.13.6', java.version: '1.8.0_181'
Driver info: com.kms.katalon.selenium.driver.CChromeDriver
Capabilities {acceptInsecureCerts: false, acceptSslCerts: false, applicationCacheEnabled: false, browserConnectionEnabled: false, browserName: chrome, chrome: {chromedriverVersion: 2.43.600229 (3fae4d0cda5334..., userDataDir: /var/folders/1t/c55l8xzs6gq...}, cssSelectorsEnabled: true, databaseEnabled: false, goog:chromeOptions: {debuggerAddress: localhost:62492}, handlesAlerts: true, hasTouchScreen: false, javascriptEnabled: true, locationContextEnabled: true, mobileEmulationEnabled: false, nativeEvents: true, networkConnectionEnabled: false, pageLoadStrategy: normal, platform: MAC, platformName: MAC, rotatable: false, setWindowRect: true, takesHeapSnapshot: true, takesScreenshot: true, unexpectedAlertBehaviour: , unhandledPromptBehavior: , version: 75.0.3770.90, webStorageEnabled: true}
Session ID: 0871098e73ee0d0d422b5b72f78ecea6)
	at com.kms.katalon.core.keyword.internal.KeywordMain.stepFailed(KeywordMain.groovy:36)
	at com.kms.katalon.core.webui.keyword.internal.WebUIKeywordMain.stepFailed(WebUIKeywordMain.groovy:65)
	at com.kms.katalon.core.webui.keyword.internal.WebUIKeywordMain.runKeyword(WebUIKeywordMain.groovy:27)
	at com.kms.katalon.core.webui.keyword.builtin.ClickKeyword.click(ClickKeyword.groovy:86)
	at com.kms.katalon.core.webui.keyword.builtin.ClickKeyword.execute(ClickKeyword.groovy:67)
	at com.kms.katalon.core.keyword.internal.KeywordExecutor.executeKeywordForPlatform(KeywordExecutor.groovy:53)
	at com.kms.katalon.core.webui.keyword.WebUiBuiltInKeywords.click(WebUiBuiltInKeywords.groovy:616)
	at com.kms.katalon.core.webui.keyword.WebUiBuiltInKeywords$click$4.call(Unknown Source)
	at CALL - PDP.run(CALL - PDP:55)
	at com.kms.katalon.core.main.ScriptEngine.run(ScriptEngine.java:194)
	at com.kms.katalon.core.main.ScriptEngine.runScriptAsRawText(ScriptEngine.java:119)
	at com.kms.katalon.core.main.TestCaseExecutor.runScript(TestCaseExecutor.java:328)
	at com.kms.katalon.core.main.TestCaseExecutor.doExecute(TestCaseExecutor.java:319)
	at com.kms.katalon.core.main.TestCaseExecutor.processExecutionPhase(TestCaseExecutor.java:298)
	at com.kms.katalon.core.main.TestCaseExecutor.accessMainPhase(TestCaseExecutor.java:290)
	at com.kms.katalon.core.main.TestCaseExecutor.execute(TestCaseExecutor.java:224)
	at com.kms.katalon.core.main.TestCaseMain.runTestCase(TestCaseMain.java:106)
	at com.kms.katalon.core.keyword.builtin.CallTestCaseKeyword$_callTestCase_closure1.doCall(CallTestCaseKeyword.groovy:59)
	at com.kms.katalon.core.keyword.builtin.CallTestCaseKeyword$_callTestCase_closure1.call(CallTestCaseKeyword.groovy)
	at com.kms.katalon.core.keyword.internal.KeywordMain.runKeyword(KeywordMain.groovy:54)
	at com.kms.katalon.core.keyword.builtin.CallTestCaseKeyword.callTestCase(CallTestCaseKeyword.groovy:80)
	at com.kms.katalon.core.keyword.builtin.CallTestCaseKeyword.execute(CallTestCaseKeyword.groovy:44)
	at com.kms.katalon.core.keyword.internal.KeywordExecutor.executeKeywordForPlatform(KeywordExecutor.groovy:53)
	at com.kms.katalon.core.keyword.BuiltinKeywords.callTestCase(BuiltinKeywords.groovy:334)
	at Price.run(Price:16)
	at com.kms.katalon.core.main.ScriptEngine.run(ScriptEngine.java:194)
	at com.kms.katalon.core.main.ScriptEngine.runScriptAsRawText(ScriptEngine.java:119)
	at com.kms.katalon.core.main.TestCaseExecutor.runScript(TestCaseExecutor.java:328)
	at com.kms.katalon.core.main.TestCaseExecutor.doExecute(TestCaseExecutor.java:319)
	at com.kms.katalon.core.main.TestCaseExecutor.processExecutionPhase(TestCaseExecutor.java:298)
	at com.kms.katalon.core.main.TestCaseExecutor.accessMainPhase(TestCaseExecutor.java:290)
	at com.kms.katalon.core.main.TestCaseExecutor.execute(TestCaseExecutor.java:224)
	at com.kms.katalon.core.main.TestSuiteExecutor.accessTestCaseMainPhase(TestSuiteExecutor.java:129)
	at com.kms.katalon.core.main.TestSuiteExecutor.accessTestSuiteMainPhase(TestSuiteExecutor.java:112)
	at com.kms.katalon.core.main.TestSuiteExecutor.execute(TestSuiteExecutor.java:81)
	at com.kms.katalon.core.main.TestCaseMain.startTestSuite(TestCaseMain.java:149)
	at com.kms.katalon.core.main.TestCaseMain$startTestSuite$0.call(Unknown Source)
	at TempTestSuite1560802135767.run(TempTestSuite1560802135767.groovy:36)]]></system-out>
         <system-err><![CDATA[2019-06-17 16:22:38 - [TEST_CASE][FAILED] - Test Cases/OCS - MOBILE/OCS- PRODUCT PAGE/Price: Test Cases/OCS - MOBILE/OCS- PRODUCT PAGE/Price FAILED.
Reason:
com.kms.katalon.core.exception.StepFailedException: Unable to click on object 'Object Repository/OCS-MOBILE /Age gate and burger menu/Dried Flower_Plus icon' (Root cause: org.openqa.selenium.WebDriverException: unknown error: Element <i class="icon icon--plus menu__tier-three__link--icon"></i> is not clickable at point (462, 120). Other element would receive the click: <ul class="menu__learn-more--mobile only-mobile-tablet">...</ul>
  (Session info: chrome=75.0.3770.90)
  (Driver info: chromedriver=2.43.600229 (3fae4d0cda5334b4f533bede5a4787f7b832d052),platform=Mac OS X 10.13.6 x86_64) (WARNING: The server did not provide any stacktrace information)
Command duration or timeout: 0 milliseconds
Build info: version: '3.7.1', revision: '8a0099a', time: '2017-11-06T21:07:36.161Z'
System info: host: 'sumans-MacBook-Pro.local', ip: 'fe80:0:0:0:10f0:11f1:8277:c429%en0', os.name: 'Mac OS X', os.arch: 'x86_64', os.version: '10.13.6', java.version: '1.8.0_181'
Driver info: com.kms.katalon.selenium.driver.CChromeDriver
Capabilities {acceptInsecureCerts: false, acceptSslCerts: false, applicationCacheEnabled: false, browserConnectionEnabled: false, browserName: chrome, chrome: {chromedriverVersion: 2.43.600229 (3fae4d0cda5334..., userDataDir: /var/folders/1t/c55l8xzs6gq...}, cssSelectorsEnabled: true, databaseEnabled: false, goog:chromeOptions: {debuggerAddress: localhost:62492}, handlesAlerts: true, hasTouchScreen: false, javascriptEnabled: true, locationContextEnabled: true, mobileEmulationEnabled: false, nativeEvents: true, networkConnectionEnabled: false, pageLoadStrategy: normal, platform: MAC, platformName: MAC, rotatable: false, setWindowRect: true, takesHeapSnapshot: true, takesScreenshot: true, unexpectedAlertBehaviour: , unhandledPromptBehavior: , version: 75.0.3770.90, webStorageEnabled: true}
Session ID: 0871098e73ee0d0d422b5b72f78ecea6)
	at com.kms.katalon.core.keyword.internal.KeywordMain.stepFailed(KeywordMain.groovy:36)
	at com.kms.katalon.core.webui.keyword.internal.WebUIKeywordMain.stepFailed(WebUIKeywordMain.groovy:65)
	at com.kms.katalon.core.webui.keyword.internal.WebUIKeywordMain.runKeyword(WebUIKeywordMain.groovy:27)
	at com.kms.katalon.core.webui.keyword.builtin.ClickKeyword.click(ClickKeyword.groovy:86)
	at com.kms.katalon.core.webui.keyword.builtin.ClickKeyword.execute(ClickKeyword.groovy:67)
	at com.kms.katalon.core.keyword.internal.KeywordExecutor.executeKeywordForPlatform(KeywordExecutor.groovy:53)
	at com.kms.katalon.core.webui.keyword.WebUiBuiltInKeywords.click(WebUiBuiltInKeywords.groovy:616)
	at com.kms.katalon.core.webui.keyword.WebUiBuiltInKeywords$click$4.call(Unknown Source)
	at CALL - PDP.run(CALL - PDP:55)
	at com.kms.katalon.core.main.ScriptEngine.run(ScriptEngine.java:194)
	at com.kms.katalon.core.main.ScriptEngine.runScriptAsRawText(ScriptEngine.java:119)
	at com.kms.katalon.core.main.TestCaseExecutor.runScript(TestCaseExecutor.java:328)
	at com.kms.katalon.core.main.TestCaseExecutor.doExecute(TestCaseExecutor.java:319)
	at com.kms.katalon.core.main.TestCaseExecutor.processExecutionPhase(TestCaseExecutor.java:298)
	at com.kms.katalon.core.main.TestCaseExecutor.accessMainPhase(TestCaseExecutor.java:290)
	at com.kms.katalon.core.main.TestCaseExecutor.execute(TestCaseExecutor.java:224)
	at com.kms.katalon.core.main.TestCaseMain.runTestCase(TestCaseMain.java:106)
	at com.kms.katalon.core.keyword.builtin.CallTestCaseKeyword$_callTestCase_closure1.doCall(CallTestCaseKeyword.groovy:59)
	at com.kms.katalon.core.keyword.builtin.CallTestCaseKeyword$_callTestCase_closure1.call(CallTestCaseKeyword.groovy)
	at com.kms.katalon.core.keyword.internal.KeywordMain.runKeyword(KeywordMain.groovy:54)
	at com.kms.katalon.core.keyword.builtin.CallTestCaseKeyword.callTestCase(CallTestCaseKeyword.groovy:80)
	at com.kms.katalon.core.keyword.builtin.CallTestCaseKeyword.execute(CallTestCaseKeyword.groovy:44)
	at com.kms.katalon.core.keyword.internal.KeywordExecutor.executeKeywordForPlatform(KeywordExecutor.groovy:53)
	at com.kms.katalon.core.keyword.BuiltinKeywords.callTestCase(BuiltinKeywords.groovy:334)
	at Price.run(Price:16)
	at com.kms.katalon.core.main.ScriptEngine.run(ScriptEngine.java:194)
	at com.kms.katalon.core.main.ScriptEngine.runScriptAsRawText(ScriptEngine.java:119)
	at com.kms.katalon.core.main.TestCaseExecutor.runScript(TestCaseExecutor.java:328)
	at com.kms.katalon.core.main.TestCaseExecutor.doExecute(TestCaseExecutor.java:319)
	at com.kms.katalon.core.main.TestCaseExecutor.processExecutionPhase(TestCaseExecutor.java:298)
	at com.kms.katalon.core.main.TestCaseExecutor.accessMainPhase(TestCaseExecutor.java:290)
	at com.kms.katalon.core.main.TestCaseExecutor.execute(TestCaseExecutor.java:224)
	at com.kms.katalon.core.main.TestSuiteExecutor.accessTestCaseMainPhase(TestSuiteExecutor.java:129)
	at com.kms.katalon.core.main.TestSuiteExecutor.accessTestSuiteMainPhase(TestSuiteExecutor.java:112)
	at com.kms.katalon.core.main.TestSuiteExecutor.execute(TestSuiteExecutor.java:81)
	at com.kms.katalon.core.main.TestCaseMain.startTestSuite(TestCaseMain.java:149)
	at com.kms.katalon.core.main.TestCaseMain$startTestSuite$0.call(Unknown Source)
	at TempTestSuite1560802135767.run(TempTestSuite1560802135767.groovy:36)]]></system-err>
      </testcase>
      <testcase name="Test Cases/OCS - MOBILE/OCS- PRODUCT PAGE/Learn More" classname="Test Cases/OCS - MOBILE/OCS- PRODUCT PAGE/Learn More" status="FAILED">
         <failure type="FAILED" message="Test Cases/OCS - MOBILE/OCS- PRODUCT PAGE/Learn More FAILED.
Reason:
com.kms.katalon.core.exception.StepFailedException: Unable to click on object 'Object Repository/OCS-MOBILE /Age gate and burger menu/Dried Flower_Plus icon' (Root cause: org.openqa.selenium.WebDriverException: unknown error: Element &lt;i class=&quot;icon icon--plus menu__tier-three__link--icon&quot;>&lt;/i> is not clickable at point (462, 120). Other element would receive the click: &lt;ul class=&quot;menu__learn-more--mobile only-mobile-tablet&quot;>...&lt;/ul>
  (Session info: chrome=75.0.3770.90)
  (Driver info: chromedriver=2.43.600229 (3fae4d0cda5334b4f533bede5a4787f7b832d052),platform=Mac OS X 10.13.6 x86_64) (WARNING: The server did not provide any stacktrace information)
Command duration or timeout: 0 milliseconds
Build info: version: '3.7.1', revision: '8a0099a', time: '2017-11-06T21:07:36.161Z'
System info: host: 'sumans-MacBook-Pro.local', ip: 'fe80:0:0:0:10f0:11f1:8277:c429%en0', os.name: 'Mac OS X', os.arch: 'x86_64', os.version: '10.13.6', java.version: '1.8.0_181'
Driver info: com.kms.katalon.selenium.driver.CChromeDriver
Capabilities {acceptInsecureCerts: false, acceptSslCerts: false, applicationCacheEnabled: false, browserConnectionEnabled: false, browserName: chrome, chrome: {chromedriverVersion: 2.43.600229 (3fae4d0cda5334..., userDataDir: /var/folders/1t/c55l8xzs6gq...}, cssSelectorsEnabled: true, databaseEnabled: false, goog:chromeOptions: {debuggerAddress: localhost:62629}, handlesAlerts: true, hasTouchScreen: false, javascriptEnabled: true, locationContextEnabled: true, mobileEmulationEnabled: false, nativeEvents: true, networkConnectionEnabled: false, pageLoadStrategy: normal, platform: MAC, platformName: MAC, rotatable: false, setWindowRect: true, takesHeapSnapshot: true, takesScreenshot: true, unexpectedAlertBehaviour: , unhandledPromptBehavior: , version: 75.0.3770.90, webStorageEnabled: true}
Session ID: 3868fa6b344e099118035e7d313314a8)
	at com.kms.katalon.core.keyword.internal.KeywordMain.stepFailed(KeywordMain.groovy:36)
	at com.kms.katalon.core.webui.keyword.internal.WebUIKeywordMain.stepFailed(WebUIKeywordMain.groovy:65)
	at com.kms.katalon.core.webui.keyword.internal.WebUIKeywordMain.runKeyword(WebUIKeywordMain.groovy:27)
	at com.kms.katalon.core.webui.keyword.builtin.ClickKeyword.click(ClickKeyword.groovy:86)
	at com.kms.katalon.core.webui.keyword.builtin.ClickKeyword.execute(ClickKeyword.groovy:67)
	at com.kms.katalon.core.keyword.internal.KeywordExecutor.executeKeywordForPlatform(KeywordExecutor.groovy:53)
	at com.kms.katalon.core.webui.keyword.WebUiBuiltInKeywords.click(WebUiBuiltInKeywords.groovy:616)
	at com.kms.katalon.core.webui.keyword.WebUiBuiltInKeywords$click$4.call(Unknown Source)
	at CALL - PDP.run(CALL - PDP:55)
	at com.kms.katalon.core.main.ScriptEngine.run(ScriptEngine.java:194)
	at com.kms.katalon.core.main.ScriptEngine.runScriptAsRawText(ScriptEngine.java:119)
	at com.kms.katalon.core.main.TestCaseExecutor.runScript(TestCaseExecutor.java:328)
	at com.kms.katalon.core.main.TestCaseExecutor.doExecute(TestCaseExecutor.java:319)
	at com.kms.katalon.core.main.TestCaseExecutor.processExecutionPhase(TestCaseExecutor.java:298)
	at com.kms.katalon.core.main.TestCaseExecutor.accessMainPhase(TestCaseExecutor.java:290)
	at com.kms.katalon.core.main.TestCaseExecutor.execute(TestCaseExecutor.java:224)
	at com.kms.katalon.core.main.TestCaseMain.runTestCase(TestCaseMain.java:106)
	at com.kms.katalon.core.keyword.builtin.CallTestCaseKeyword$_callTestCase_closure1.doCall(CallTestCaseKeyword.groovy:59)
	at com.kms.katalon.core.keyword.builtin.CallTestCaseKeyword$_callTestCase_closure1.call(CallTestCaseKeyword.groovy)
	at com.kms.katalon.core.keyword.internal.KeywordMain.runKeyword(KeywordMain.groovy:54)
	at com.kms.katalon.core.keyword.builtin.CallTestCaseKeyword.callTestCase(CallTestCaseKeyword.groovy:80)
	at com.kms.katalon.core.keyword.builtin.CallTestCaseKeyword.execute(CallTestCaseKeyword.groovy:44)
	at com.kms.katalon.core.keyword.internal.KeywordExecutor.executeKeywordForPlatform(KeywordExecutor.groovy:53)
	at com.kms.katalon.core.keyword.BuiltinKeywords.callTestCase(BuiltinKeywords.groovy:334)
	at Learn More.run(Learn More:16)
	at com.kms.katalon.core.main.ScriptEngine.run(ScriptEngine.java:194)
	at com.kms.katalon.core.main.ScriptEngine.runScriptAsRawText(ScriptEngine.java:119)
	at com.kms.katalon.core.main.TestCaseExecutor.runScript(TestCaseExecutor.java:328)
	at com.kms.katalon.core.main.TestCaseExecutor.doExecute(TestCaseExecutor.java:319)
	at com.kms.katalon.core.main.TestCaseExecutor.processExecutionPhase(TestCaseExecutor.java:298)
	at com.kms.katalon.core.main.TestCaseExecutor.accessMainPhase(TestCaseExecutor.java:290)
	at com.kms.katalon.core.main.TestCaseExecutor.execute(TestCaseExecutor.java:224)
	at com.kms.katalon.core.main.TestSuiteExecutor.accessTestCaseMainPhase(TestSuiteExecutor.java:129)
	at com.kms.katalon.core.main.TestSuiteExecutor.accessTestSuiteMainPhase(TestSuiteExecutor.java:112)
	at com.kms.katalon.core.main.TestSuiteExecutor.execute(TestSuiteExecutor.java:81)
	at com.kms.katalon.core.main.TestCaseMain.startTestSuite(TestCaseMain.java:149)
	at com.kms.katalon.core.main.TestCaseMain$startTestSuite$0.call(Unknown Source)
	at TempTestSuite1560802135767.run(TempTestSuite1560802135767.groovy:36)
"/>
         <system-out><![CDATA[2019-06-17 16:23:01 - [TEST_CASE][FAILED] - Test Cases/OCS - MOBILE/OCS- PRODUCT PAGE/Learn More: Test Cases/OCS - MOBILE/OCS- PRODUCT PAGE/Learn More FAILED.
Reason:
com.kms.katalon.core.exception.StepFailedException: Unable to click on object 'Object Repository/OCS-MOBILE /Age gate and burger menu/Dried Flower_Plus icon' (Root cause: org.openqa.selenium.WebDriverException: unknown error: Element <i class="icon icon--plus menu__tier-three__link--icon"></i> is not clickable at point (462, 120). Other element would receive the click: <ul class="menu__learn-more--mobile only-mobile-tablet">...</ul>
  (Session info: chrome=75.0.3770.90)
  (Driver info: chromedriver=2.43.600229 (3fae4d0cda5334b4f533bede5a4787f7b832d052),platform=Mac OS X 10.13.6 x86_64) (WARNING: The server did not provide any stacktrace information)
Command duration or timeout: 0 milliseconds
Build info: version: '3.7.1', revision: '8a0099a', time: '2017-11-06T21:07:36.161Z'
System info: host: 'sumans-MacBook-Pro.local', ip: 'fe80:0:0:0:10f0:11f1:8277:c429%en0', os.name: 'Mac OS X', os.arch: 'x86_64', os.version: '10.13.6', java.version: '1.8.0_181'
Driver info: com.kms.katalon.selenium.driver.CChromeDriver
Capabilities {acceptInsecureCerts: false, acceptSslCerts: false, applicationCacheEnabled: false, browserConnectionEnabled: false, browserName: chrome, chrome: {chromedriverVersion: 2.43.600229 (3fae4d0cda5334..., userDataDir: /var/folders/1t/c55l8xzs6gq...}, cssSelectorsEnabled: true, databaseEnabled: false, goog:chromeOptions: {debuggerAddress: localhost:62629}, handlesAlerts: true, hasTouchScreen: false, javascriptEnabled: true, locationContextEnabled: true, mobileEmulationEnabled: false, nativeEvents: true, networkConnectionEnabled: false, pageLoadStrategy: normal, platform: MAC, platformName: MAC, rotatable: false, setWindowRect: true, takesHeapSnapshot: true, takesScreenshot: true, unexpectedAlertBehaviour: , unhandledPromptBehavior: , version: 75.0.3770.90, webStorageEnabled: true}
Session ID: 3868fa6b344e099118035e7d313314a8)
	at com.kms.katalon.core.keyword.internal.KeywordMain.stepFailed(KeywordMain.groovy:36)
	at com.kms.katalon.core.webui.keyword.internal.WebUIKeywordMain.stepFailed(WebUIKeywordMain.groovy:65)
	at com.kms.katalon.core.webui.keyword.internal.WebUIKeywordMain.runKeyword(WebUIKeywordMain.groovy:27)
	at com.kms.katalon.core.webui.keyword.builtin.ClickKeyword.click(ClickKeyword.groovy:86)
	at com.kms.katalon.core.webui.keyword.builtin.ClickKeyword.execute(ClickKeyword.groovy:67)
	at com.kms.katalon.core.keyword.internal.KeywordExecutor.executeKeywordForPlatform(KeywordExecutor.groovy:53)
	at com.kms.katalon.core.webui.keyword.WebUiBuiltInKeywords.click(WebUiBuiltInKeywords.groovy:616)
	at com.kms.katalon.core.webui.keyword.WebUiBuiltInKeywords$click$4.call(Unknown Source)
	at CALL - PDP.run(CALL - PDP:55)
	at com.kms.katalon.core.main.ScriptEngine.run(ScriptEngine.java:194)
	at com.kms.katalon.core.main.ScriptEngine.runScriptAsRawText(ScriptEngine.java:119)
	at com.kms.katalon.core.main.TestCaseExecutor.runScript(TestCaseExecutor.java:328)
	at com.kms.katalon.core.main.TestCaseExecutor.doExecute(TestCaseExecutor.java:319)
	at com.kms.katalon.core.main.TestCaseExecutor.processExecutionPhase(TestCaseExecutor.java:298)
	at com.kms.katalon.core.main.TestCaseExecutor.accessMainPhase(TestCaseExecutor.java:290)
	at com.kms.katalon.core.main.TestCaseExecutor.execute(TestCaseExecutor.java:224)
	at com.kms.katalon.core.main.TestCaseMain.runTestCase(TestCaseMain.java:106)
	at com.kms.katalon.core.keyword.builtin.CallTestCaseKeyword$_callTestCase_closure1.doCall(CallTestCaseKeyword.groovy:59)
	at com.kms.katalon.core.keyword.builtin.CallTestCaseKeyword$_callTestCase_closure1.call(CallTestCaseKeyword.groovy)
	at com.kms.katalon.core.keyword.internal.KeywordMain.runKeyword(KeywordMain.groovy:54)
	at com.kms.katalon.core.keyword.builtin.CallTestCaseKeyword.callTestCase(CallTestCaseKeyword.groovy:80)
	at com.kms.katalon.core.keyword.builtin.CallTestCaseKeyword.execute(CallTestCaseKeyword.groovy:44)
	at com.kms.katalon.core.keyword.internal.KeywordExecutor.executeKeywordForPlatform(KeywordExecutor.groovy:53)
	at com.kms.katalon.core.keyword.BuiltinKeywords.callTestCase(BuiltinKeywords.groovy:334)
	at Learn More.run(Learn More:16)
	at com.kms.katalon.core.main.ScriptEngine.run(ScriptEngine.java:194)
	at com.kms.katalon.core.main.ScriptEngine.runScriptAsRawText(ScriptEngine.java:119)
	at com.kms.katalon.core.main.TestCaseExecutor.runScript(TestCaseExecutor.java:328)
	at com.kms.katalon.core.main.TestCaseExecutor.doExecute(TestCaseExecutor.java:319)
	at com.kms.katalon.core.main.TestCaseExecutor.processExecutionPhase(TestCaseExecutor.java:298)
	at com.kms.katalon.core.main.TestCaseExecutor.accessMainPhase(TestCaseExecutor.java:290)
	at com.kms.katalon.core.main.TestCaseExecutor.execute(TestCaseExecutor.java:224)
	at com.kms.katalon.core.main.TestSuiteExecutor.accessTestCaseMainPhase(TestSuiteExecutor.java:129)
	at com.kms.katalon.core.main.TestSuiteExecutor.accessTestSuiteMainPhase(TestSuiteExecutor.java:112)
	at com.kms.katalon.core.main.TestSuiteExecutor.execute(TestSuiteExecutor.java:81)
	at com.kms.katalon.core.main.TestCaseMain.startTestSuite(TestCaseMain.java:149)
	at com.kms.katalon.core.main.TestCaseMain$startTestSuite$0.call(Unknown Source)
	at TempTestSuite1560802135767.run(TempTestSuite1560802135767.groovy:36)


2019-06-17 16:23:01 - [TEST_STEP][FAILED] - callTestCase(findTestCase("OCS - MOBILE/CALL - PDP"), [:], STOP_ON_FAILURE): callTestCase(findTestCase("OCS - MOBILE/CALL - PDP"), [:], STOP_ON_FAILURE) FAILED.
Reason:
com.kms.katalon.core.exception.StepFailedException: Unable to click on object 'Object Repository/OCS-MOBILE /Age gate and burger menu/Dried Flower_Plus icon' (Root cause: org.openqa.selenium.WebDriverException: unknown error: Element <i class="icon icon--plus menu__tier-three__link--icon"></i> is not clickable at point (462, 120). Other element would receive the click: <ul class="menu__learn-more--mobile only-mobile-tablet">...</ul>
  (Session info: chrome=75.0.3770.90)
  (Driver info: chromedriver=2.43.600229 (3fae4d0cda5334b4f533bede5a4787f7b832d052),platform=Mac OS X 10.13.6 x86_64) (WARNING: The server did not provide any stacktrace information)
Command duration or timeout: 0 milliseconds
Build info: version: '3.7.1', revision: '8a0099a', time: '2017-11-06T21:07:36.161Z'
System info: host: 'sumans-MacBook-Pro.local', ip: 'fe80:0:0:0:10f0:11f1:8277:c429%en0', os.name: 'Mac OS X', os.arch: 'x86_64', os.version: '10.13.6', java.version: '1.8.0_181'
Driver info: com.kms.katalon.selenium.driver.CChromeDriver
Capabilities {acceptInsecureCerts: false, acceptSslCerts: false, applicationCacheEnabled: false, browserConnectionEnabled: false, browserName: chrome, chrome: {chromedriverVersion: 2.43.600229 (3fae4d0cda5334..., userDataDir: /var/folders/1t/c55l8xzs6gq...}, cssSelectorsEnabled: true, databaseEnabled: false, goog:chromeOptions: {debuggerAddress: localhost:62629}, handlesAlerts: true, hasTouchScreen: false, javascriptEnabled: true, locationContextEnabled: true, mobileEmulationEnabled: false, nativeEvents: true, networkConnectionEnabled: false, pageLoadStrategy: normal, platform: MAC, platformName: MAC, rotatable: false, setWindowRect: true, takesHeapSnapshot: true, takesScreenshot: true, unexpectedAlertBehaviour: , unhandledPromptBehavior: , version: 75.0.3770.90, webStorageEnabled: true}
Session ID: 3868fa6b344e099118035e7d313314a8)
	at com.kms.katalon.core.keyword.internal.KeywordMain.stepFailed(KeywordMain.groovy:36)
	at com.kms.katalon.core.webui.keyword.internal.WebUIKeywordMain.stepFailed(WebUIKeywordMain.groovy:65)
	at com.kms.katalon.core.webui.keyword.internal.WebUIKeywordMain.runKeyword(WebUIKeywordMain.groovy:27)
	at com.kms.katalon.core.webui.keyword.builtin.ClickKeyword.click(ClickKeyword.groovy:86)
	at com.kms.katalon.core.webui.keyword.builtin.ClickKeyword.execute(ClickKeyword.groovy:67)
	at com.kms.katalon.core.keyword.internal.KeywordExecutor.executeKeywordForPlatform(KeywordExecutor.groovy:53)
	at com.kms.katalon.core.webui.keyword.WebUiBuiltInKeywords.click(WebUiBuiltInKeywords.groovy:616)
	at com.kms.katalon.core.webui.keyword.WebUiBuiltInKeywords$click$4.call(Unknown Source)
	at CALL - PDP.run(CALL - PDP:55)
	at com.kms.katalon.core.main.ScriptEngine.run(ScriptEngine.java:194)
	at com.kms.katalon.core.main.ScriptEngine.runScriptAsRawText(ScriptEngine.java:119)
	at com.kms.katalon.core.main.TestCaseExecutor.runScript(TestCaseExecutor.java:328)
	at com.kms.katalon.core.main.TestCaseExecutor.doExecute(TestCaseExecutor.java:319)
	at com.kms.katalon.core.main.TestCaseExecutor.processExecutionPhase(TestCaseExecutor.java:298)
	at com.kms.katalon.core.main.TestCaseExecutor.accessMainPhase(TestCaseExecutor.java:290)
	at com.kms.katalon.core.main.TestCaseExecutor.execute(TestCaseExecutor.java:224)
	at com.kms.katalon.core.main.TestCaseMain.runTestCase(TestCaseMain.java:106)
	at com.kms.katalon.core.keyword.builtin.CallTestCaseKeyword$_callTestCase_closure1.doCall(CallTestCaseKeyword.groovy:59)
	at com.kms.katalon.core.keyword.builtin.CallTestCaseKeyword$_callTestCase_closure1.call(CallTestCaseKeyword.groovy)
	at com.kms.katalon.core.keyword.internal.KeywordMain.runKeyword(KeywordMain.groovy:54)
	at com.kms.katalon.core.keyword.builtin.CallTestCaseKeyword.callTestCase(CallTestCaseKeyword.groovy:80)
	at com.kms.katalon.core.keyword.builtin.CallTestCaseKeyword.execute(CallTestCaseKeyword.groovy:44)
	at com.kms.katalon.core.keyword.internal.KeywordExecutor.executeKeywordForPlatform(KeywordExecutor.groovy:53)
	at com.kms.katalon.core.keyword.BuiltinKeywords.callTestCase(BuiltinKeywords.groovy:334)
	at Learn More.run(Learn More:16)
	at com.kms.katalon.core.main.ScriptEngine.run(ScriptEngine.java:194)
	at com.kms.katalon.core.main.ScriptEngine.runScriptAsRawText(ScriptEngine.java:119)
	at com.kms.katalon.core.main.TestCaseExecutor.runScript(TestCaseExecutor.java:328)
	at com.kms.katalon.core.main.TestCaseExecutor.doExecute(TestCaseExecutor.java:319)
	at com.kms.katalon.core.main.TestCaseExecutor.processExecutionPhase(TestCaseExecutor.java:298)
	at com.kms.katalon.core.main.TestCaseExecutor.accessMainPhase(TestCaseExecutor.java:290)
	at com.kms.katalon.core.main.TestCaseExecutor.execute(TestCaseExecutor.java:224)
	at com.kms.katalon.core.main.TestSuiteExecutor.accessTestCaseMainPhase(TestSuiteExecutor.java:129)
	at com.kms.katalon.core.main.TestSuiteExecutor.accessTestSuiteMainPhase(TestSuiteExecutor.java:112)
	at com.kms.katalon.core.main.TestSuiteExecutor.execute(TestSuiteExecutor.java:81)
	at com.kms.katalon.core.main.TestCaseMain.startTestSuite(TestCaseMain.java:149)
	at com.kms.katalon.core.main.TestCaseMain$startTestSuite$0.call(Unknown Source)
	at TempTestSuite1560802135767.run(TempTestSuite1560802135767.groovy:36)


2019-06-17 16:23:01 - [TEST_CASE][FAILED] - Test Cases/OCS - MOBILE/CALL - PDP: Test Cases/OCS - MOBILE/CALL - PDP FAILED.
Reason:
com.kms.katalon.core.exception.StepFailedException: Unable to click on object 'Object Repository/OCS-MOBILE /Age gate and burger menu/Dried Flower_Plus icon' (Root cause: org.openqa.selenium.WebDriverException: unknown error: Element <i class="icon icon--plus menu__tier-three__link--icon"></i> is not clickable at point (462, 120). Other element would receive the click: <ul class="menu__learn-more--mobile only-mobile-tablet">...</ul>
  (Session info: chrome=75.0.3770.90)
  (Driver info: chromedriver=2.43.600229 (3fae4d0cda5334b4f533bede5a4787f7b832d052),platform=Mac OS X 10.13.6 x86_64) (WARNING: The server did not provide any stacktrace information)
Command duration or timeout: 0 milliseconds
Build info: version: '3.7.1', revision: '8a0099a', time: '2017-11-06T21:07:36.161Z'
System info: host: 'sumans-MacBook-Pro.local', ip: 'fe80:0:0:0:10f0:11f1:8277:c429%en0', os.name: 'Mac OS X', os.arch: 'x86_64', os.version: '10.13.6', java.version: '1.8.0_181'
Driver info: com.kms.katalon.selenium.driver.CChromeDriver
Capabilities {acceptInsecureCerts: false, acceptSslCerts: false, applicationCacheEnabled: false, browserConnectionEnabled: false, browserName: chrome, chrome: {chromedriverVersion: 2.43.600229 (3fae4d0cda5334..., userDataDir: /var/folders/1t/c55l8xzs6gq...}, cssSelectorsEnabled: true, databaseEnabled: false, goog:chromeOptions: {debuggerAddress: localhost:62629}, handlesAlerts: true, hasTouchScreen: false, javascriptEnabled: true, locationContextEnabled: true, mobileEmulationEnabled: false, nativeEvents: true, networkConnectionEnabled: false, pageLoadStrategy: normal, platform: MAC, platformName: MAC, rotatable: false, setWindowRect: true, takesHeapSnapshot: true, takesScreenshot: true, unexpectedAlertBehaviour: , unhandledPromptBehavior: , version: 75.0.3770.90, webStorageEnabled: true}
Session ID: 3868fa6b344e099118035e7d313314a8)
	at com.kms.katalon.core.keyword.internal.KeywordMain.stepFailed(KeywordMain.groovy:36)
	at com.kms.katalon.core.webui.keyword.internal.WebUIKeywordMain.stepFailed(WebUIKeywordMain.groovy:65)
	at com.kms.katalon.core.webui.keyword.internal.WebUIKeywordMain.runKeyword(WebUIKeywordMain.groovy:27)
	at com.kms.katalon.core.webui.keyword.builtin.ClickKeyword.click(ClickKeyword.groovy:86)
	at com.kms.katalon.core.webui.keyword.builtin.ClickKeyword.execute(ClickKeyword.groovy:67)
	at com.kms.katalon.core.keyword.internal.KeywordExecutor.executeKeywordForPlatform(KeywordExecutor.groovy:53)
	at com.kms.katalon.core.webui.keyword.WebUiBuiltInKeywords.click(WebUiBuiltInKeywords.groovy:616)
	at com.kms.katalon.core.webui.keyword.WebUiBuiltInKeywords$click$4.call(Unknown Source)
	at CALL - PDP.run(CALL - PDP:55)
	at com.kms.katalon.core.main.ScriptEngine.run(ScriptEngine.java:194)
	at com.kms.katalon.core.main.ScriptEngine.runScriptAsRawText(ScriptEngine.java:119)
	at com.kms.katalon.core.main.TestCaseExecutor.runScript(TestCaseExecutor.java:328)
	at com.kms.katalon.core.main.TestCaseExecutor.doExecute(TestCaseExecutor.java:319)
	at com.kms.katalon.core.main.TestCaseExecutor.processExecutionPhase(TestCaseExecutor.java:298)
	at com.kms.katalon.core.main.TestCaseExecutor.accessMainPhase(TestCaseExecutor.java:290)
	at com.kms.katalon.core.main.TestCaseExecutor.execute(TestCaseExecutor.java:224)
	at com.kms.katalon.core.main.TestCaseMain.runTestCase(TestCaseMain.java:106)
	at com.kms.katalon.core.keyword.builtin.CallTestCaseKeyword$_callTestCase_closure1.doCall(CallTestCaseKeyword.groovy:59)
	at com.kms.katalon.core.keyword.builtin.CallTestCaseKeyword$_callTestCase_closure1.call(CallTestCaseKeyword.groovy)
	at com.kms.katalon.core.keyword.internal.KeywordMain.runKeyword(KeywordMain.groovy:54)
	at com.kms.katalon.core.keyword.builtin.CallTestCaseKeyword.callTestCase(CallTestCaseKeyword.groovy:80)
	at com.kms.katalon.core.keyword.builtin.CallTestCaseKeyword.execute(CallTestCaseKeyword.groovy:44)
	at com.kms.katalon.core.keyword.internal.KeywordExecutor.executeKeywordForPlatform(KeywordExecutor.groovy:53)
	at com.kms.katalon.core.keyword.BuiltinKeywords.callTestCase(BuiltinKeywords.groovy:334)
	at Learn More.run(Learn More:16)
	at com.kms.katalon.core.main.ScriptEngine.run(ScriptEngine.java:194)
	at com.kms.katalon.core.main.ScriptEngine.runScriptAsRawText(ScriptEngine.java:119)
	at com.kms.katalon.core.main.TestCaseExecutor.runScript(TestCaseExecutor.java:328)
	at com.kms.katalon.core.main.TestCaseExecutor.doExecute(TestCaseExecutor.java:319)
	at com.kms.katalon.core.main.TestCaseExecutor.processExecutionPhase(TestCaseExecutor.java:298)
	at com.kms.katalon.core.main.TestCaseExecutor.accessMainPhase(TestCaseExecutor.java:290)
	at com.kms.katalon.core.main.TestCaseExecutor.execute(TestCaseExecutor.java:224)
	at com.kms.katalon.core.main.TestSuiteExecutor.accessTestCaseMainPhase(TestSuiteExecutor.java:129)
	at com.kms.katalon.core.main.TestSuiteExecutor.accessTestSuiteMainPhase(TestSuiteExecutor.java:112)
	at com.kms.katalon.core.main.TestSuiteExecutor.execute(TestSuiteExecutor.java:81)
	at com.kms.katalon.core.main.TestCaseMain.startTestSuite(TestCaseMain.java:149)
	at com.kms.katalon.core.main.TestCaseMain$startTestSuite$0.call(Unknown Source)
	at TempTestSuite1560802135767.run(TempTestSuite1560802135767.groovy:36)


2019-06-17 16:23:01 - [TEST_STEP][PASSED] - openBrowser(""): Browser is opened with url: ''

2019-06-17 16:23:01 - [MESSAGE][WARNING] - A browser is already opened. Closing browser and opening a new one

2019-06-17 16:23:01 - [MESSAGE][INFO] - Starting 'Chrome' driver

2019-06-17 16:23:02 - [MESSAGE][PASSED] - Browser is opened with url: ''

2019-06-17 16:23:02 - [TEST_STEP][PASSED] - navigateToUrl("https://ocs.ca/?fts=0&preview_theme_id=72920106828"): Navigate to 'https://ocs.ca/?fts=0&preview_theme_id=72920106828' successfully

2019-06-17 16:23:07 - [MESSAGE][PASSED] - Navigate to 'https://ocs.ca/?fts=0&preview_theme_id=72920106828' successfully

2019-06-17 16:23:07 - [TEST_STEP][PASSED] - executeJavaScript("var previewBar = document.getElementById("preview-bar-iframe"); previewBar.style.display = "none";", []): Execute JavaScript 'var previewBar = document.getElementById("preview-bar-iframe"); previewBar.style.display = "none";' successfully

2019-06-17 16:23:07 - [MESSAGE][PASSED] - Execute JavaScript 'var previewBar = document.getElementById("preview-bar-iframe"); previewBar.style.display = "none";' successfully

2019-06-17 16:23:07 - [TEST_STEP][PASSED] - setViewPortSize(360, 800): Viewport is set to new size with width = 360 and height = 800

2019-06-17 16:23:07 - [MESSAGE][PASSED] - Viewport is set to new size with width = 360 and height = 800

2019-06-17 16:23:07 - [TEST_STEP][PASSED] - delay(4): Delayed 4 second(s)

2019-06-17 16:23:11 - [MESSAGE][PASSED] - Delayed 4 second(s)

2019-06-17 16:23:11 - [TEST_STEP][PASSED] - selectOptionByValue(findTestObject("OCS-MOBILE /Age gate and burger menu/Date"), "12", true): All options with value '12' are selected in object 'Object Repository/OCS-MOBILE /Age gate and burger menu/Date'  using regular expression

2019-06-17 16:23:11 - [MESSAGE][PASSED] - All options with value '12' are selected in object 'Object Repository/OCS-MOBILE /Age gate and burger menu/Date'  using regular expression

2019-06-17 16:23:11 - [TEST_STEP][PASSED] - selectOptionByValue(findTestObject("OCS-MOBILE /Age gate and burger menu/month"), "6", true): All options with value '6' are selected in object 'Object Repository/OCS-MOBILE /Age gate and burger menu/month'  using regular expression

2019-06-17 16:23:11 - [MESSAGE][PASSED] - All options with value '6' are selected in object 'Object Repository/OCS-MOBILE /Age gate and burger menu/month'  using regular expression

2019-06-17 16:23:11 - [TEST_STEP][PASSED] - delay(2): Delayed 2 second(s)

2019-06-17 16:23:13 - [MESSAGE][PASSED] - Delayed 2 second(s)

2019-06-17 16:23:13 - [TEST_STEP][PASSED] - selectOptionByValue(findTestObject("OCS-MOBILE /Age gate and burger menu/Year Dropdown"), "1990", true): All options with value '1990' are selected in object 'Object Repository/OCS-MOBILE /Age gate and burger menu/Year Dropdown'  using regular expression

2019-06-17 16:23:14 - [MESSAGE][PASSED] - All options with value '1990' are selected in object 'Object Repository/OCS-MOBILE /Age gate and burger menu/Year Dropdown'  using regular expression

2019-06-17 16:23:14 - [TEST_STEP][PASSED] - click(findTestObject("OCS-MOBILE /Age gate and Mega menu/button_Verify")): Object: 'Object Repository/OCS-MOBILE /Age gate and Mega menu/button_Verify' is clicked on

2019-06-17 16:23:15 - [MESSAGE][PASSED] - Object: 'Object Repository/OCS-MOBILE /Age gate and Mega menu/button_Verify' is clicked on

2019-06-17 16:23:15 - [TEST_STEP][PASSED] - click(findTestObject("OCS-MOBILE /Age gate and Mega menu/Checkbox_CONFIRM AND ACKNOWLEDGE")): Object: 'Object Repository/OCS-MOBILE /Age gate and Mega menu/Checkbox_CONFIRM AND ACKNOWLEDGE' is clicked on

2019-06-17 16:23:15 - [MESSAGE][PASSED] - Object: 'Object Repository/OCS-MOBILE /Age gate and Mega menu/Checkbox_CONFIRM AND ACKNOWLEDGE' is clicked on

2019-06-17 16:23:15 - [TEST_STEP][PASSED] - click(findTestObject("OCS-MOBILE /Age gate and Mega menu/button_CONFIRM")): Object: 'Object Repository/OCS-MOBILE /Age gate and Mega menu/button_CONFIRM' is clicked on

2019-06-17 16:23:15 - [MESSAGE][PASSED] - Object: 'Object Repository/OCS-MOBILE /Age gate and Mega menu/button_CONFIRM' is clicked on

2019-06-17 16:23:15 - [TEST_STEP][PASSED] - click(findTestObject("OCS-MOBILE /Age gate and Mega menu/button_Start Browsing")): Object: 'Object Repository/OCS-MOBILE /Age gate and Mega menu/button_Start Browsing' is clicked on

2019-06-17 16:23:15 - [MESSAGE][PASSED] - Object: 'Object Repository/OCS-MOBILE /Age gate and Mega menu/button_Start Browsing' is clicked on

2019-06-17 16:23:15 - [TEST_STEP][PASSED] - refresh(): Refresh successfully

2019-06-17 16:23:18 - [MESSAGE][PASSED] - Refresh successfully

2019-06-17 16:23:18 - [TEST_STEP][PASSED] - delay(2): Delayed 2 second(s)

2019-06-17 16:23:20 - [MESSAGE][PASSED] - Delayed 2 second(s)

2019-06-17 16:23:20 - [TEST_STEP][PASSED] - click(findTestObject("OCS-MOBILE /Age gate and burger menu/Burger menu - English")): Object: 'Object Repository/OCS-MOBILE /Age gate and burger menu/Burger menu - English' is clicked on

2019-06-17 16:23:20 - [MESSAGE][PASSED] - Object: 'Object Repository/OCS-MOBILE /Age gate and burger menu/Burger menu - English' is clicked on

2019-06-17 16:23:20 - [TEST_STEP][PASSED] - delay(2): Delayed 2 second(s)

2019-06-17 16:23:22 - [MESSAGE][PASSED] - Delayed 2 second(s)

2019-06-17 16:23:22 - [TEST_STEP][PASSED] - click(findTestObject("OCS-MOBILE /Age gate and burger menu/Chevron_Cannabis")): Object: 'Object Repository/OCS-MOBILE /Age gate and burger menu/Chevron_Cannabis' is clicked on

2019-06-17 16:23:22 - [MESSAGE][PASSED] - Object: 'Object Repository/OCS-MOBILE /Age gate and burger menu/Chevron_Cannabis' is clicked on

2019-06-17 16:23:22 - [TEST_STEP][PASSED] - delay(2): Delayed 2 second(s)

2019-06-17 16:23:24 - [MESSAGE][PASSED] - Delayed 2 second(s)

2019-06-17 16:23:24 - [TEST_STEP][FAILED] - click(findTestObject("OCS-MOBILE /Age gate and burger menu/Dried Flower_Plus icon")): click(findTestObject("OCS-MOBILE /Age gate and burger menu/Dried Flower_Plus icon")) FAILED.
Reason:
com.kms.katalon.core.exception.StepFailedException: Unable to click on object 'Object Repository/OCS-MOBILE /Age gate and burger menu/Dried Flower_Plus icon' (Root cause: org.openqa.selenium.WebDriverException: unknown error: Element <i class="icon icon--plus menu__tier-three__link--icon"></i> is not clickable at point (462, 120). Other element would receive the click: <ul class="menu__learn-more--mobile only-mobile-tablet">...</ul>
  (Session info: chrome=75.0.3770.90)
  (Driver info: chromedriver=2.43.600229 (3fae4d0cda5334b4f533bede5a4787f7b832d052),platform=Mac OS X 10.13.6 x86_64) (WARNING: The server did not provide any stacktrace information)
Command duration or timeout: 0 milliseconds
Build info: version: '3.7.1', revision: '8a0099a', time: '2017-11-06T21:07:36.161Z'
System info: host: 'sumans-MacBook-Pro.local', ip: 'fe80:0:0:0:10f0:11f1:8277:c429%en0', os.name: 'Mac OS X', os.arch: 'x86_64', os.version: '10.13.6', java.version: '1.8.0_181'
Driver info: com.kms.katalon.selenium.driver.CChromeDriver
Capabilities {acceptInsecureCerts: false, acceptSslCerts: false, applicationCacheEnabled: false, browserConnectionEnabled: false, browserName: chrome, chrome: {chromedriverVersion: 2.43.600229 (3fae4d0cda5334..., userDataDir: /var/folders/1t/c55l8xzs6gq...}, cssSelectorsEnabled: true, databaseEnabled: false, goog:chromeOptions: {debuggerAddress: localhost:62629}, handlesAlerts: true, hasTouchScreen: false, javascriptEnabled: true, locationContextEnabled: true, mobileEmulationEnabled: false, nativeEvents: true, networkConnectionEnabled: false, pageLoadStrategy: normal, platform: MAC, platformName: MAC, rotatable: false, setWindowRect: true, takesHeapSnapshot: true, takesScreenshot: true, unexpectedAlertBehaviour: , unhandledPromptBehavior: , version: 75.0.3770.90, webStorageEnabled: true}
Session ID: 3868fa6b344e099118035e7d313314a8)
	at com.kms.katalon.core.keyword.internal.KeywordMain.stepFailed(KeywordMain.groovy:36)
	at com.kms.katalon.core.webui.keyword.internal.WebUIKeywordMain.stepFailed(WebUIKeywordMain.groovy:65)
	at com.kms.katalon.core.webui.keyword.internal.WebUIKeywordMain.runKeyword(WebUIKeywordMain.groovy:27)
	at com.kms.katalon.core.webui.keyword.builtin.ClickKeyword.click(ClickKeyword.groovy:86)
	at com.kms.katalon.core.webui.keyword.builtin.ClickKeyword.execute(ClickKeyword.groovy:67)
	at com.kms.katalon.core.keyword.internal.KeywordExecutor.executeKeywordForPlatform(KeywordExecutor.groovy:53)
	at com.kms.katalon.core.webui.keyword.WebUiBuiltInKeywords.click(WebUiBuiltInKeywords.groovy:616)
	at com.kms.katalon.core.webui.keyword.WebUiBuiltInKeywords$click$4.call(Unknown Source)
	at CALL - PDP.run(CALL - PDP:55)
	at com.kms.katalon.core.main.ScriptEngine.run(ScriptEngine.java:194)
	at com.kms.katalon.core.main.ScriptEngine.runScriptAsRawText(ScriptEngine.java:119)
	at com.kms.katalon.core.main.TestCaseExecutor.runScript(TestCaseExecutor.java:328)
	at com.kms.katalon.core.main.TestCaseExecutor.doExecute(TestCaseExecutor.java:319)
	at com.kms.katalon.core.main.TestCaseExecutor.processExecutionPhase(TestCaseExecutor.java:298)
	at com.kms.katalon.core.main.TestCaseExecutor.accessMainPhase(TestCaseExecutor.java:290)
	at com.kms.katalon.core.main.TestCaseExecutor.execute(TestCaseExecutor.java:224)
	at com.kms.katalon.core.main.TestCaseMain.runTestCase(TestCaseMain.java:106)
	at com.kms.katalon.core.keyword.builtin.CallTestCaseKeyword$_callTestCase_closure1.doCall(CallTestCaseKeyword.groovy:59)
	at com.kms.katalon.core.keyword.builtin.CallTestCaseKeyword$_callTestCase_closure1.call(CallTestCaseKeyword.groovy)
	at com.kms.katalon.core.keyword.internal.KeywordMain.runKeyword(KeywordMain.groovy:54)
	at com.kms.katalon.core.keyword.builtin.CallTestCaseKeyword.callTestCase(CallTestCaseKeyword.groovy:80)
	at com.kms.katalon.core.keyword.builtin.CallTestCaseKeyword.execute(CallTestCaseKeyword.groovy:44)
	at com.kms.katalon.core.keyword.internal.KeywordExecutor.executeKeywordForPlatform(KeywordExecutor.groovy:53)
	at com.kms.katalon.core.keyword.BuiltinKeywords.callTestCase(BuiltinKeywords.groovy:334)
	at Learn More.run(Learn More:16)
	at com.kms.katalon.core.main.ScriptEngine.run(ScriptEngine.java:194)
	at com.kms.katalon.core.main.ScriptEngine.runScriptAsRawText(ScriptEngine.java:119)
	at com.kms.katalon.core.main.TestCaseExecutor.runScript(TestCaseExecutor.java:328)
	at com.kms.katalon.core.main.TestCaseExecutor.doExecute(TestCaseExecutor.java:319)
	at com.kms.katalon.core.main.TestCaseExecutor.processExecutionPhase(TestCaseExecutor.java:298)
	at com.kms.katalon.core.main.TestCaseExecutor.accessMainPhase(TestCaseExecutor.java:290)
	at com.kms.katalon.core.main.TestCaseExecutor.execute(TestCaseExecutor.java:224)
	at com.kms.katalon.core.main.TestSuiteExecutor.accessTestCaseMainPhase(TestSuiteExecutor.java:129)
	at com.kms.katalon.core.main.TestSuiteExecutor.accessTestSuiteMainPhase(TestSuiteExecutor.java:112)
	at com.kms.katalon.core.main.TestSuiteExecutor.execute(TestSuiteExecutor.java:81)
	at com.kms.katalon.core.main.TestCaseMain.startTestSuite(TestCaseMain.java:149)
	at com.kms.katalon.core.main.TestCaseMain$startTestSuite$0.call(Unknown Source)
	at TempTestSuite1560802135767.run(TempTestSuite1560802135767.groovy:36)


2019-06-17 16:23:25 - [MESSAGE][FAILED] - Unable to click on object 'Object Repository/OCS-MOBILE /Age gate and burger menu/Dried Flower_Plus icon' (Root cause: org.openqa.selenium.WebDriverException: unknown error: Element <i class="icon icon--plus menu__tier-three__link--icon"></i> is not clickable at point (462, 120). Other element would receive the click: <ul class="menu__learn-more--mobile only-mobile-tablet">...</ul>
  (Session info: chrome=75.0.3770.90)
  (Driver info: chromedriver=2.43.600229 (3fae4d0cda5334b4f533bede5a4787f7b832d052),platform=Mac OS X 10.13.6 x86_64) (WARNING: The server did not provide any stacktrace information)
Command duration or timeout: 0 milliseconds
Build info: version: '3.7.1', revision: '8a0099a', time: '2017-11-06T21:07:36.161Z'
System info: host: 'sumans-MacBook-Pro.local', ip: 'fe80:0:0:0:10f0:11f1:8277:c429%en0', os.name: 'Mac OS X', os.arch: 'x86_64', os.version: '10.13.6', java.version: '1.8.0_181'
Driver info: com.kms.katalon.selenium.driver.CChromeDriver
Capabilities {acceptInsecureCerts: false, acceptSslCerts: false, applicationCacheEnabled: false, browserConnectionEnabled: false, browserName: chrome, chrome: {chromedriverVersion: 2.43.600229 (3fae4d0cda5334..., userDataDir: /var/folders/1t/c55l8xzs6gq...}, cssSelectorsEnabled: true, databaseEnabled: false, goog:chromeOptions: {debuggerAddress: localhost:62629}, handlesAlerts: true, hasTouchScreen: false, javascriptEnabled: true, locationContextEnabled: true, mobileEmulationEnabled: false, nativeEvents: true, networkConnectionEnabled: false, pageLoadStrategy: normal, platform: MAC, platformName: MAC, rotatable: false, setWindowRect: true, takesHeapSnapshot: true, takesScreenshot: true, unexpectedAlertBehaviour: , unhandledPromptBehavior: , version: 75.0.3770.90, webStorageEnabled: true}
Session ID: 3868fa6b344e099118035e7d313314a8)
[[ATTACHMENT|/Users/sumankompelly/Relative xpath-Mobile/Reports/OCS- 1.10.1/20190617_160855/1560803004976.png]]

2019-06-17 16:23:25 - [MESSAGE][FAILED] - click(findTestObject("OCS-MOBILE /Age gate and burger menu/Dried Flower_Plus icon")) FAILED.
Reason:
com.kms.katalon.core.exception.StepFailedException: Unable to click on object 'Object Repository/OCS-MOBILE /Age gate and burger menu/Dried Flower_Plus icon' (Root cause: org.openqa.selenium.WebDriverException: unknown error: Element <i class="icon icon--plus menu__tier-three__link--icon"></i> is not clickable at point (462, 120). Other element would receive the click: <ul class="menu__learn-more--mobile only-mobile-tablet">...</ul>
  (Session info: chrome=75.0.3770.90)
  (Driver info: chromedriver=2.43.600229 (3fae4d0cda5334b4f533bede5a4787f7b832d052),platform=Mac OS X 10.13.6 x86_64) (WARNING: The server did not provide any stacktrace information)
Command duration or timeout: 0 milliseconds
Build info: version: '3.7.1', revision: '8a0099a', time: '2017-11-06T21:07:36.161Z'
System info: host: 'sumans-MacBook-Pro.local', ip: 'fe80:0:0:0:10f0:11f1:8277:c429%en0', os.name: 'Mac OS X', os.arch: 'x86_64', os.version: '10.13.6', java.version: '1.8.0_181'
Driver info: com.kms.katalon.selenium.driver.CChromeDriver
Capabilities {acceptInsecureCerts: false, acceptSslCerts: false, applicationCacheEnabled: false, browserConnectionEnabled: false, browserName: chrome, chrome: {chromedriverVersion: 2.43.600229 (3fae4d0cda5334..., userDataDir: /var/folders/1t/c55l8xzs6gq...}, cssSelectorsEnabled: true, databaseEnabled: false, goog:chromeOptions: {debuggerAddress: localhost:62629}, handlesAlerts: true, hasTouchScreen: false, javascriptEnabled: true, locationContextEnabled: true, mobileEmulationEnabled: false, nativeEvents: true, networkConnectionEnabled: false, pageLoadStrategy: normal, platform: MAC, platformName: MAC, rotatable: false, setWindowRect: true, takesHeapSnapshot: true, takesScreenshot: true, unexpectedAlertBehaviour: , unhandledPromptBehavior: , version: 75.0.3770.90, webStorageEnabled: true}
Session ID: 3868fa6b344e099118035e7d313314a8)
	at com.kms.katalon.core.keyword.internal.KeywordMain.stepFailed(KeywordMain.groovy:36)
	at com.kms.katalon.core.webui.keyword.internal.WebUIKeywordMain.stepFailed(WebUIKeywordMain.groovy:65)
	at com.kms.katalon.core.webui.keyword.internal.WebUIKeywordMain.runKeyword(WebUIKeywordMain.groovy:27)
	at com.kms.katalon.core.webui.keyword.builtin.ClickKeyword.click(ClickKeyword.groovy:86)
	at com.kms.katalon.core.webui.keyword.builtin.ClickKeyword.execute(ClickKeyword.groovy:67)
	at com.kms.katalon.core.keyword.internal.KeywordExecutor.executeKeywordForPlatform(KeywordExecutor.groovy:53)
	at com.kms.katalon.core.webui.keyword.WebUiBuiltInKeywords.click(WebUiBuiltInKeywords.groovy:616)
	at com.kms.katalon.core.webui.keyword.WebUiBuiltInKeywords$click$4.call(Unknown Source)
	at CALL - PDP.run(CALL - PDP:55)
	at com.kms.katalon.core.main.ScriptEngine.run(ScriptEngine.java:194)
	at com.kms.katalon.core.main.ScriptEngine.runScriptAsRawText(ScriptEngine.java:119)
	at com.kms.katalon.core.main.TestCaseExecutor.runScript(TestCaseExecutor.java:328)
	at com.kms.katalon.core.main.TestCaseExecutor.doExecute(TestCaseExecutor.java:319)
	at com.kms.katalon.core.main.TestCaseExecutor.processExecutionPhase(TestCaseExecutor.java:298)
	at com.kms.katalon.core.main.TestCaseExecutor.accessMainPhase(TestCaseExecutor.java:290)
	at com.kms.katalon.core.main.TestCaseExecutor.execute(TestCaseExecutor.java:224)
	at com.kms.katalon.core.main.TestCaseMain.runTestCase(TestCaseMain.java:106)
	at com.kms.katalon.core.keyword.builtin.CallTestCaseKeyword$_callTestCase_closure1.doCall(CallTestCaseKeyword.groovy:59)
	at com.kms.katalon.core.keyword.builtin.CallTestCaseKeyword$_callTestCase_closure1.call(CallTestCaseKeyword.groovy)
	at com.kms.katalon.core.keyword.internal.KeywordMain.runKeyword(KeywordMain.groovy:54)
	at com.kms.katalon.core.keyword.builtin.CallTestCaseKeyword.callTestCase(CallTestCaseKeyword.groovy:80)
	at com.kms.katalon.core.keyword.builtin.CallTestCaseKeyword.execute(CallTestCaseKeyword.groovy:44)
	at com.kms.katalon.core.keyword.internal.KeywordExecutor.executeKeywordForPlatform(KeywordExecutor.groovy:53)
	at com.kms.katalon.core.keyword.BuiltinKeywords.callTestCase(BuiltinKeywords.groovy:334)
	at Learn More.run(Learn More:16)
	at com.kms.katalon.core.main.ScriptEngine.run(ScriptEngine.java:194)
	at com.kms.katalon.core.main.ScriptEngine.runScriptAsRawText(ScriptEngine.java:119)
	at com.kms.katalon.core.main.TestCaseExecutor.runScript(TestCaseExecutor.java:328)
	at com.kms.katalon.core.main.TestCaseExecutor.doExecute(TestCaseExecutor.java:319)
	at com.kms.katalon.core.main.TestCaseExecutor.processExecutionPhase(TestCaseExecutor.java:298)
	at com.kms.katalon.core.main.TestCaseExecutor.accessMainPhase(TestCaseExecutor.java:290)
	at com.kms.katalon.core.main.TestCaseExecutor.execute(TestCaseExecutor.java:224)
	at com.kms.katalon.core.main.TestSuiteExecutor.accessTestCaseMainPhase(TestSuiteExecutor.java:129)
	at com.kms.katalon.core.main.TestSuiteExecutor.accessTestSuiteMainPhase(TestSuiteExecutor.java:112)
	at com.kms.katalon.core.main.TestSuiteExecutor.execute(TestSuiteExecutor.java:81)
	at com.kms.katalon.core.main.TestCaseMain.startTestSuite(TestCaseMain.java:149)
	at com.kms.katalon.core.main.TestCaseMain$startTestSuite$0.call(Unknown Source)
	at TempTestSuite1560802135767.run(TempTestSuite1560802135767.groovy:36)


2019-06-17 16:23:25 - [MESSAGE][FAILED] - Unable to call Test Case 'Test Cases/OCS - MOBILE/CALL - PDP' (Root cause: com.kms.katalon.core.exception.StepFailedException: Call Test Case 'Test Cases/OCS - MOBILE/CALL - PDP' failed)

2019-06-17 16:23:25 - [MESSAGE][FAILED] - callTestCase(findTestCase("OCS - MOBILE/CALL - PDP"), [:], STOP_ON_FAILURE) FAILED.
Reason:
com.kms.katalon.core.exception.StepFailedException: Unable to click on object 'Object Repository/OCS-MOBILE /Age gate and burger menu/Dried Flower_Plus icon' (Root cause: org.openqa.selenium.WebDriverException: unknown error: Element <i class="icon icon--plus menu__tier-three__link--icon"></i> is not clickable at point (462, 120). Other element would receive the click: <ul class="menu__learn-more--mobile only-mobile-tablet">...</ul>
  (Session info: chrome=75.0.3770.90)
  (Driver info: chromedriver=2.43.600229 (3fae4d0cda5334b4f533bede5a4787f7b832d052),platform=Mac OS X 10.13.6 x86_64) (WARNING: The server did not provide any stacktrace information)
Command duration or timeout: 0 milliseconds
Build info: version: '3.7.1', revision: '8a0099a', time: '2017-11-06T21:07:36.161Z'
System info: host: 'sumans-MacBook-Pro.local', ip: 'fe80:0:0:0:10f0:11f1:8277:c429%en0', os.name: 'Mac OS X', os.arch: 'x86_64', os.version: '10.13.6', java.version: '1.8.0_181'
Driver info: com.kms.katalon.selenium.driver.CChromeDriver
Capabilities {acceptInsecureCerts: false, acceptSslCerts: false, applicationCacheEnabled: false, browserConnectionEnabled: false, browserName: chrome, chrome: {chromedriverVersion: 2.43.600229 (3fae4d0cda5334..., userDataDir: /var/folders/1t/c55l8xzs6gq...}, cssSelectorsEnabled: true, databaseEnabled: false, goog:chromeOptions: {debuggerAddress: localhost:62629}, handlesAlerts: true, hasTouchScreen: false, javascriptEnabled: true, locationContextEnabled: true, mobileEmulationEnabled: false, nativeEvents: true, networkConnectionEnabled: false, pageLoadStrategy: normal, platform: MAC, platformName: MAC, rotatable: false, setWindowRect: true, takesHeapSnapshot: true, takesScreenshot: true, unexpectedAlertBehaviour: , unhandledPromptBehavior: , version: 75.0.3770.90, webStorageEnabled: true}
Session ID: 3868fa6b344e099118035e7d313314a8)
	at com.kms.katalon.core.keyword.internal.KeywordMain.stepFailed(KeywordMain.groovy:36)
	at com.kms.katalon.core.webui.keyword.internal.WebUIKeywordMain.stepFailed(WebUIKeywordMain.groovy:65)
	at com.kms.katalon.core.webui.keyword.internal.WebUIKeywordMain.runKeyword(WebUIKeywordMain.groovy:27)
	at com.kms.katalon.core.webui.keyword.builtin.ClickKeyword.click(ClickKeyword.groovy:86)
	at com.kms.katalon.core.webui.keyword.builtin.ClickKeyword.execute(ClickKeyword.groovy:67)
	at com.kms.katalon.core.keyword.internal.KeywordExecutor.executeKeywordForPlatform(KeywordExecutor.groovy:53)
	at com.kms.katalon.core.webui.keyword.WebUiBuiltInKeywords.click(WebUiBuiltInKeywords.groovy:616)
	at com.kms.katalon.core.webui.keyword.WebUiBuiltInKeywords$click$4.call(Unknown Source)
	at CALL - PDP.run(CALL - PDP:55)
	at com.kms.katalon.core.main.ScriptEngine.run(ScriptEngine.java:194)
	at com.kms.katalon.core.main.ScriptEngine.runScriptAsRawText(ScriptEngine.java:119)
	at com.kms.katalon.core.main.TestCaseExecutor.runScript(TestCaseExecutor.java:328)
	at com.kms.katalon.core.main.TestCaseExecutor.doExecute(TestCaseExecutor.java:319)
	at com.kms.katalon.core.main.TestCaseExecutor.processExecutionPhase(TestCaseExecutor.java:298)
	at com.kms.katalon.core.main.TestCaseExecutor.accessMainPhase(TestCaseExecutor.java:290)
	at com.kms.katalon.core.main.TestCaseExecutor.execute(TestCaseExecutor.java:224)
	at com.kms.katalon.core.main.TestCaseMain.runTestCase(TestCaseMain.java:106)
	at com.kms.katalon.core.keyword.builtin.CallTestCaseKeyword$_callTestCase_closure1.doCall(CallTestCaseKeyword.groovy:59)
	at com.kms.katalon.core.keyword.builtin.CallTestCaseKeyword$_callTestCase_closure1.call(CallTestCaseKeyword.groovy)
	at com.kms.katalon.core.keyword.internal.KeywordMain.runKeyword(KeywordMain.groovy:54)
	at com.kms.katalon.core.keyword.builtin.CallTestCaseKeyword.callTestCase(CallTestCaseKeyword.groovy:80)
	at com.kms.katalon.core.keyword.builtin.CallTestCaseKeyword.execute(CallTestCaseKeyword.groovy:44)
	at com.kms.katalon.core.keyword.internal.KeywordExecutor.executeKeywordForPlatform(KeywordExecutor.groovy:53)
	at com.kms.katalon.core.keyword.BuiltinKeywords.callTestCase(BuiltinKeywords.groovy:334)
	at Learn More.run(Learn More:16)
	at com.kms.katalon.core.main.ScriptEngine.run(ScriptEngine.java:194)
	at com.kms.katalon.core.main.ScriptEngine.runScriptAsRawText(ScriptEngine.java:119)
	at com.kms.katalon.core.main.TestCaseExecutor.runScript(TestCaseExecutor.java:328)
	at com.kms.katalon.core.main.TestCaseExecutor.doExecute(TestCaseExecutor.java:319)
	at com.kms.katalon.core.main.TestCaseExecutor.processExecutionPhase(TestCaseExecutor.java:298)
	at com.kms.katalon.core.main.TestCaseExecutor.accessMainPhase(TestCaseExecutor.java:290)
	at com.kms.katalon.core.main.TestCaseExecutor.execute(TestCaseExecutor.java:224)
	at com.kms.katalon.core.main.TestSuiteExecutor.accessTestCaseMainPhase(TestSuiteExecutor.java:129)
	at com.kms.katalon.core.main.TestSuiteExecutor.accessTestSuiteMainPhase(TestSuiteExecutor.java:112)
	at com.kms.katalon.core.main.TestSuiteExecutor.execute(TestSuiteExecutor.java:81)
	at com.kms.katalon.core.main.TestCaseMain.startTestSuite(TestCaseMain.java:149)
	at com.kms.katalon.core.main.TestCaseMain$startTestSuite$0.call(Unknown Source)
	at TempTestSuite1560802135767.run(TempTestSuite1560802135767.groovy:36)]]></system-out>
         <system-err><![CDATA[2019-06-17 16:23:01 - [TEST_CASE][FAILED] - Test Cases/OCS - MOBILE/OCS- PRODUCT PAGE/Learn More: Test Cases/OCS - MOBILE/OCS- PRODUCT PAGE/Learn More FAILED.
Reason:
com.kms.katalon.core.exception.StepFailedException: Unable to click on object 'Object Repository/OCS-MOBILE /Age gate and burger menu/Dried Flower_Plus icon' (Root cause: org.openqa.selenium.WebDriverException: unknown error: Element <i class="icon icon--plus menu__tier-three__link--icon"></i> is not clickable at point (462, 120). Other element would receive the click: <ul class="menu__learn-more--mobile only-mobile-tablet">...</ul>
  (Session info: chrome=75.0.3770.90)
  (Driver info: chromedriver=2.43.600229 (3fae4d0cda5334b4f533bede5a4787f7b832d052),platform=Mac OS X 10.13.6 x86_64) (WARNING: The server did not provide any stacktrace information)
Command duration or timeout: 0 milliseconds
Build info: version: '3.7.1', revision: '8a0099a', time: '2017-11-06T21:07:36.161Z'
System info: host: 'sumans-MacBook-Pro.local', ip: 'fe80:0:0:0:10f0:11f1:8277:c429%en0', os.name: 'Mac OS X', os.arch: 'x86_64', os.version: '10.13.6', java.version: '1.8.0_181'
Driver info: com.kms.katalon.selenium.driver.CChromeDriver
Capabilities {acceptInsecureCerts: false, acceptSslCerts: false, applicationCacheEnabled: false, browserConnectionEnabled: false, browserName: chrome, chrome: {chromedriverVersion: 2.43.600229 (3fae4d0cda5334..., userDataDir: /var/folders/1t/c55l8xzs6gq...}, cssSelectorsEnabled: true, databaseEnabled: false, goog:chromeOptions: {debuggerAddress: localhost:62629}, handlesAlerts: true, hasTouchScreen: false, javascriptEnabled: true, locationContextEnabled: true, mobileEmulationEnabled: false, nativeEvents: true, networkConnectionEnabled: false, pageLoadStrategy: normal, platform: MAC, platformName: MAC, rotatable: false, setWindowRect: true, takesHeapSnapshot: true, takesScreenshot: true, unexpectedAlertBehaviour: , unhandledPromptBehavior: , version: 75.0.3770.90, webStorageEnabled: true}
Session ID: 3868fa6b344e099118035e7d313314a8)
	at com.kms.katalon.core.keyword.internal.KeywordMain.stepFailed(KeywordMain.groovy:36)
	at com.kms.katalon.core.webui.keyword.internal.WebUIKeywordMain.stepFailed(WebUIKeywordMain.groovy:65)
	at com.kms.katalon.core.webui.keyword.internal.WebUIKeywordMain.runKeyword(WebUIKeywordMain.groovy:27)
	at com.kms.katalon.core.webui.keyword.builtin.ClickKeyword.click(ClickKeyword.groovy:86)
	at com.kms.katalon.core.webui.keyword.builtin.ClickKeyword.execute(ClickKeyword.groovy:67)
	at com.kms.katalon.core.keyword.internal.KeywordExecutor.executeKeywordForPlatform(KeywordExecutor.groovy:53)
	at com.kms.katalon.core.webui.keyword.WebUiBuiltInKeywords.click(WebUiBuiltInKeywords.groovy:616)
	at com.kms.katalon.core.webui.keyword.WebUiBuiltInKeywords$click$4.call(Unknown Source)
	at CALL - PDP.run(CALL - PDP:55)
	at com.kms.katalon.core.main.ScriptEngine.run(ScriptEngine.java:194)
	at com.kms.katalon.core.main.ScriptEngine.runScriptAsRawText(ScriptEngine.java:119)
	at com.kms.katalon.core.main.TestCaseExecutor.runScript(TestCaseExecutor.java:328)
	at com.kms.katalon.core.main.TestCaseExecutor.doExecute(TestCaseExecutor.java:319)
	at com.kms.katalon.core.main.TestCaseExecutor.processExecutionPhase(TestCaseExecutor.java:298)
	at com.kms.katalon.core.main.TestCaseExecutor.accessMainPhase(TestCaseExecutor.java:290)
	at com.kms.katalon.core.main.TestCaseExecutor.execute(TestCaseExecutor.java:224)
	at com.kms.katalon.core.main.TestCaseMain.runTestCase(TestCaseMain.java:106)
	at com.kms.katalon.core.keyword.builtin.CallTestCaseKeyword$_callTestCase_closure1.doCall(CallTestCaseKeyword.groovy:59)
	at com.kms.katalon.core.keyword.builtin.CallTestCaseKeyword$_callTestCase_closure1.call(CallTestCaseKeyword.groovy)
	at com.kms.katalon.core.keyword.internal.KeywordMain.runKeyword(KeywordMain.groovy:54)
	at com.kms.katalon.core.keyword.builtin.CallTestCaseKeyword.callTestCase(CallTestCaseKeyword.groovy:80)
	at com.kms.katalon.core.keyword.builtin.CallTestCaseKeyword.execute(CallTestCaseKeyword.groovy:44)
	at com.kms.katalon.core.keyword.internal.KeywordExecutor.executeKeywordForPlatform(KeywordExecutor.groovy:53)
	at com.kms.katalon.core.keyword.BuiltinKeywords.callTestCase(BuiltinKeywords.groovy:334)
	at Learn More.run(Learn More:16)
	at com.kms.katalon.core.main.ScriptEngine.run(ScriptEngine.java:194)
	at com.kms.katalon.core.main.ScriptEngine.runScriptAsRawText(ScriptEngine.java:119)
	at com.kms.katalon.core.main.TestCaseExecutor.runScript(TestCaseExecutor.java:328)
	at com.kms.katalon.core.main.TestCaseExecutor.doExecute(TestCaseExecutor.java:319)
	at com.kms.katalon.core.main.TestCaseExecutor.processExecutionPhase(TestCaseExecutor.java:298)
	at com.kms.katalon.core.main.TestCaseExecutor.accessMainPhase(TestCaseExecutor.java:290)
	at com.kms.katalon.core.main.TestCaseExecutor.execute(TestCaseExecutor.java:224)
	at com.kms.katalon.core.main.TestSuiteExecutor.accessTestCaseMainPhase(TestSuiteExecutor.java:129)
	at com.kms.katalon.core.main.TestSuiteExecutor.accessTestSuiteMainPhase(TestSuiteExecutor.java:112)
	at com.kms.katalon.core.main.TestSuiteExecutor.execute(TestSuiteExecutor.java:81)
	at com.kms.katalon.core.main.TestCaseMain.startTestSuite(TestCaseMain.java:149)
	at com.kms.katalon.core.main.TestCaseMain$startTestSuite$0.call(Unknown Source)
	at TempTestSuite1560802135767.run(TempTestSuite1560802135767.groovy:36)]]></system-err>
      </testcase>
      <testcase name="Test Cases/OCS - MOBILE/OCS- PRODUCT PAGE/Recently viewed" classname="Test Cases/OCS - MOBILE/OCS- PRODUCT PAGE/Recently viewed" status="FAILED">
         <failure type="FAILED" message="Test Cases/OCS - MOBILE/OCS- PRODUCT PAGE/Recently viewed FAILED.
Reason:
com.kms.katalon.core.exception.StepFailedException: Unable to click on object 'Object Repository/OCS-MOBILE /Age gate and burger menu/Dried Flower_Plus icon' (Root cause: org.openqa.selenium.WebDriverException: unknown error: Element &lt;i class=&quot;icon icon--plus menu__tier-three__link--icon&quot;>&lt;/i> is not clickable at point (462, 120). Other element would receive the click: &lt;ul class=&quot;menu__learn-more--mobile only-mobile-tablet&quot;>...&lt;/ul>
  (Session info: chrome=75.0.3770.90)
  (Driver info: chromedriver=2.43.600229 (3fae4d0cda5334b4f533bede5a4787f7b832d052),platform=Mac OS X 10.13.6 x86_64) (WARNING: The server did not provide any stacktrace information)
Command duration or timeout: 0 milliseconds
Build info: version: '3.7.1', revision: '8a0099a', time: '2017-11-06T21:07:36.161Z'
System info: host: 'sumans-MacBook-Pro.local', ip: 'fe80:0:0:0:10f0:11f1:8277:c429%en0', os.name: 'Mac OS X', os.arch: 'x86_64', os.version: '10.13.6', java.version: '1.8.0_181'
Driver info: com.kms.katalon.selenium.driver.CChromeDriver
Capabilities {acceptInsecureCerts: false, acceptSslCerts: false, applicationCacheEnabled: false, browserConnectionEnabled: false, browserName: chrome, chrome: {chromedriverVersion: 2.43.600229 (3fae4d0cda5334..., userDataDir: /var/folders/1t/c55l8xzs6gq...}, cssSelectorsEnabled: true, databaseEnabled: false, goog:chromeOptions: {debuggerAddress: localhost:62767}, handlesAlerts: true, hasTouchScreen: false, javascriptEnabled: true, locationContextEnabled: true, mobileEmulationEnabled: false, nativeEvents: true, networkConnectionEnabled: false, pageLoadStrategy: normal, platform: MAC, platformName: MAC, rotatable: false, setWindowRect: true, takesHeapSnapshot: true, takesScreenshot: true, unexpectedAlertBehaviour: , unhandledPromptBehavior: , version: 75.0.3770.90, webStorageEnabled: true}
Session ID: a9fd96ef1d3ec52d83bb320c5df7ca01)
	at com.kms.katalon.core.keyword.internal.KeywordMain.stepFailed(KeywordMain.groovy:36)
	at com.kms.katalon.core.webui.keyword.internal.WebUIKeywordMain.stepFailed(WebUIKeywordMain.groovy:65)
	at com.kms.katalon.core.webui.keyword.internal.WebUIKeywordMain.runKeyword(WebUIKeywordMain.groovy:27)
	at com.kms.katalon.core.webui.keyword.builtin.ClickKeyword.click(ClickKeyword.groovy:86)
	at com.kms.katalon.core.webui.keyword.builtin.ClickKeyword.execute(ClickKeyword.groovy:67)
	at com.kms.katalon.core.keyword.internal.KeywordExecutor.executeKeywordForPlatform(KeywordExecutor.groovy:53)
	at com.kms.katalon.core.webui.keyword.WebUiBuiltInKeywords.click(WebUiBuiltInKeywords.groovy:616)
	at com.kms.katalon.core.webui.keyword.WebUiBuiltInKeywords$click$4.call(Unknown Source)
	at CALL - PDP.run(CALL - PDP:55)
	at com.kms.katalon.core.main.ScriptEngine.run(ScriptEngine.java:194)
	at com.kms.katalon.core.main.ScriptEngine.runScriptAsRawText(ScriptEngine.java:119)
	at com.kms.katalon.core.main.TestCaseExecutor.runScript(TestCaseExecutor.java:328)
	at com.kms.katalon.core.main.TestCaseExecutor.doExecute(TestCaseExecutor.java:319)
	at com.kms.katalon.core.main.TestCaseExecutor.processExecutionPhase(TestCaseExecutor.java:298)
	at com.kms.katalon.core.main.TestCaseExecutor.accessMainPhase(TestCaseExecutor.java:290)
	at com.kms.katalon.core.main.TestCaseExecutor.execute(TestCaseExecutor.java:224)
	at com.kms.katalon.core.main.TestCaseMain.runTestCase(TestCaseMain.java:106)
	at com.kms.katalon.core.keyword.builtin.CallTestCaseKeyword$_callTestCase_closure1.doCall(CallTestCaseKeyword.groovy:59)
	at com.kms.katalon.core.keyword.builtin.CallTestCaseKeyword$_callTestCase_closure1.call(CallTestCaseKeyword.groovy)
	at com.kms.katalon.core.keyword.internal.KeywordMain.runKeyword(KeywordMain.groovy:54)
	at com.kms.katalon.core.keyword.builtin.CallTestCaseKeyword.callTestCase(CallTestCaseKeyword.groovy:80)
	at com.kms.katalon.core.keyword.builtin.CallTestCaseKeyword.execute(CallTestCaseKeyword.groovy:44)
	at com.kms.katalon.core.keyword.internal.KeywordExecutor.executeKeywordForPlatform(KeywordExecutor.groovy:53)
	at com.kms.katalon.core.keyword.BuiltinKeywords.callTestCase(BuiltinKeywords.groovy:334)
	at Recently viewed.run(Recently viewed:16)
	at com.kms.katalon.core.main.ScriptEngine.run(ScriptEngine.java:194)
	at com.kms.katalon.core.main.ScriptEngine.runScriptAsRawText(ScriptEngine.java:119)
	at com.kms.katalon.core.main.TestCaseExecutor.runScript(TestCaseExecutor.java:328)
	at com.kms.katalon.core.main.TestCaseExecutor.doExecute(TestCaseExecutor.java:319)
	at com.kms.katalon.core.main.TestCaseExecutor.processExecutionPhase(TestCaseExecutor.java:298)
	at com.kms.katalon.core.main.TestCaseExecutor.accessMainPhase(TestCaseExecutor.java:290)
	at com.kms.katalon.core.main.TestCaseExecutor.execute(TestCaseExecutor.java:224)
	at com.kms.katalon.core.main.TestSuiteExecutor.accessTestCaseMainPhase(TestSuiteExecutor.java:129)
	at com.kms.katalon.core.main.TestSuiteExecutor.accessTestSuiteMainPhase(TestSuiteExecutor.java:112)
	at com.kms.katalon.core.main.TestSuiteExecutor.execute(TestSuiteExecutor.java:81)
	at com.kms.katalon.core.main.TestCaseMain.startTestSuite(TestCaseMain.java:149)
	at com.kms.katalon.core.main.TestCaseMain$startTestSuite$0.call(Unknown Source)
	at TempTestSuite1560802135767.run(TempTestSuite1560802135767.groovy:36)
"/>
         <system-out><![CDATA[2019-06-17 16:23:25 - [TEST_CASE][FAILED] - Test Cases/OCS - MOBILE/OCS- PRODUCT PAGE/Recently viewed: Test Cases/OCS - MOBILE/OCS- PRODUCT PAGE/Recently viewed FAILED.
Reason:
com.kms.katalon.core.exception.StepFailedException: Unable to click on object 'Object Repository/OCS-MOBILE /Age gate and burger menu/Dried Flower_Plus icon' (Root cause: org.openqa.selenium.WebDriverException: unknown error: Element <i class="icon icon--plus menu__tier-three__link--icon"></i> is not clickable at point (462, 120). Other element would receive the click: <ul class="menu__learn-more--mobile only-mobile-tablet">...</ul>
  (Session info: chrome=75.0.3770.90)
  (Driver info: chromedriver=2.43.600229 (3fae4d0cda5334b4f533bede5a4787f7b832d052),platform=Mac OS X 10.13.6 x86_64) (WARNING: The server did not provide any stacktrace information)
Command duration or timeout: 0 milliseconds
Build info: version: '3.7.1', revision: '8a0099a', time: '2017-11-06T21:07:36.161Z'
System info: host: 'sumans-MacBook-Pro.local', ip: 'fe80:0:0:0:10f0:11f1:8277:c429%en0', os.name: 'Mac OS X', os.arch: 'x86_64', os.version: '10.13.6', java.version: '1.8.0_181'
Driver info: com.kms.katalon.selenium.driver.CChromeDriver
Capabilities {acceptInsecureCerts: false, acceptSslCerts: false, applicationCacheEnabled: false, browserConnectionEnabled: false, browserName: chrome, chrome: {chromedriverVersion: 2.43.600229 (3fae4d0cda5334..., userDataDir: /var/folders/1t/c55l8xzs6gq...}, cssSelectorsEnabled: true, databaseEnabled: false, goog:chromeOptions: {debuggerAddress: localhost:62767}, handlesAlerts: true, hasTouchScreen: false, javascriptEnabled: true, locationContextEnabled: true, mobileEmulationEnabled: false, nativeEvents: true, networkConnectionEnabled: false, pageLoadStrategy: normal, platform: MAC, platformName: MAC, rotatable: false, setWindowRect: true, takesHeapSnapshot: true, takesScreenshot: true, unexpectedAlertBehaviour: , unhandledPromptBehavior: , version: 75.0.3770.90, webStorageEnabled: true}
Session ID: a9fd96ef1d3ec52d83bb320c5df7ca01)
	at com.kms.katalon.core.keyword.internal.KeywordMain.stepFailed(KeywordMain.groovy:36)
	at com.kms.katalon.core.webui.keyword.internal.WebUIKeywordMain.stepFailed(WebUIKeywordMain.groovy:65)
	at com.kms.katalon.core.webui.keyword.internal.WebUIKeywordMain.runKeyword(WebUIKeywordMain.groovy:27)
	at com.kms.katalon.core.webui.keyword.builtin.ClickKeyword.click(ClickKeyword.groovy:86)
	at com.kms.katalon.core.webui.keyword.builtin.ClickKeyword.execute(ClickKeyword.groovy:67)
	at com.kms.katalon.core.keyword.internal.KeywordExecutor.executeKeywordForPlatform(KeywordExecutor.groovy:53)
	at com.kms.katalon.core.webui.keyword.WebUiBuiltInKeywords.click(WebUiBuiltInKeywords.groovy:616)
	at com.kms.katalon.core.webui.keyword.WebUiBuiltInKeywords$click$4.call(Unknown Source)
	at CALL - PDP.run(CALL - PDP:55)
	at com.kms.katalon.core.main.ScriptEngine.run(ScriptEngine.java:194)
	at com.kms.katalon.core.main.ScriptEngine.runScriptAsRawText(ScriptEngine.java:119)
	at com.kms.katalon.core.main.TestCaseExecutor.runScript(TestCaseExecutor.java:328)
	at com.kms.katalon.core.main.TestCaseExecutor.doExecute(TestCaseExecutor.java:319)
	at com.kms.katalon.core.main.TestCaseExecutor.processExecutionPhase(TestCaseExecutor.java:298)
	at com.kms.katalon.core.main.TestCaseExecutor.accessMainPhase(TestCaseExecutor.java:290)
	at com.kms.katalon.core.main.TestCaseExecutor.execute(TestCaseExecutor.java:224)
	at com.kms.katalon.core.main.TestCaseMain.runTestCase(TestCaseMain.java:106)
	at com.kms.katalon.core.keyword.builtin.CallTestCaseKeyword$_callTestCase_closure1.doCall(CallTestCaseKeyword.groovy:59)
	at com.kms.katalon.core.keyword.builtin.CallTestCaseKeyword$_callTestCase_closure1.call(CallTestCaseKeyword.groovy)
	at com.kms.katalon.core.keyword.internal.KeywordMain.runKeyword(KeywordMain.groovy:54)
	at com.kms.katalon.core.keyword.builtin.CallTestCaseKeyword.callTestCase(CallTestCaseKeyword.groovy:80)
	at com.kms.katalon.core.keyword.builtin.CallTestCaseKeyword.execute(CallTestCaseKeyword.groovy:44)
	at com.kms.katalon.core.keyword.internal.KeywordExecutor.executeKeywordForPlatform(KeywordExecutor.groovy:53)
	at com.kms.katalon.core.keyword.BuiltinKeywords.callTestCase(BuiltinKeywords.groovy:334)
	at Recently viewed.run(Recently viewed:16)
	at com.kms.katalon.core.main.ScriptEngine.run(ScriptEngine.java:194)
	at com.kms.katalon.core.main.ScriptEngine.runScriptAsRawText(ScriptEngine.java:119)
	at com.kms.katalon.core.main.TestCaseExecutor.runScript(TestCaseExecutor.java:328)
	at com.kms.katalon.core.main.TestCaseExecutor.doExecute(TestCaseExecutor.java:319)
	at com.kms.katalon.core.main.TestCaseExecutor.processExecutionPhase(TestCaseExecutor.java:298)
	at com.kms.katalon.core.main.TestCaseExecutor.accessMainPhase(TestCaseExecutor.java:290)
	at com.kms.katalon.core.main.TestCaseExecutor.execute(TestCaseExecutor.java:224)
	at com.kms.katalon.core.main.TestSuiteExecutor.accessTestCaseMainPhase(TestSuiteExecutor.java:129)
	at com.kms.katalon.core.main.TestSuiteExecutor.accessTestSuiteMainPhase(TestSuiteExecutor.java:112)
	at com.kms.katalon.core.main.TestSuiteExecutor.execute(TestSuiteExecutor.java:81)
	at com.kms.katalon.core.main.TestCaseMain.startTestSuite(TestCaseMain.java:149)
	at com.kms.katalon.core.main.TestCaseMain$startTestSuite$0.call(Unknown Source)
	at TempTestSuite1560802135767.run(TempTestSuite1560802135767.groovy:36)


2019-06-17 16:23:25 - [TEST_STEP][FAILED] - callTestCase(findTestCase("OCS - MOBILE/CALL - PDP"), [:], STOP_ON_FAILURE): callTestCase(findTestCase("OCS - MOBILE/CALL - PDP"), [:], STOP_ON_FAILURE) FAILED.
Reason:
com.kms.katalon.core.exception.StepFailedException: Unable to click on object 'Object Repository/OCS-MOBILE /Age gate and burger menu/Dried Flower_Plus icon' (Root cause: org.openqa.selenium.WebDriverException: unknown error: Element <i class="icon icon--plus menu__tier-three__link--icon"></i> is not clickable at point (462, 120). Other element would receive the click: <ul class="menu__learn-more--mobile only-mobile-tablet">...</ul>
  (Session info: chrome=75.0.3770.90)
  (Driver info: chromedriver=2.43.600229 (3fae4d0cda5334b4f533bede5a4787f7b832d052),platform=Mac OS X 10.13.6 x86_64) (WARNING: The server did not provide any stacktrace information)
Command duration or timeout: 0 milliseconds
Build info: version: '3.7.1', revision: '8a0099a', time: '2017-11-06T21:07:36.161Z'
System info: host: 'sumans-MacBook-Pro.local', ip: 'fe80:0:0:0:10f0:11f1:8277:c429%en0', os.name: 'Mac OS X', os.arch: 'x86_64', os.version: '10.13.6', java.version: '1.8.0_181'
Driver info: com.kms.katalon.selenium.driver.CChromeDriver
Capabilities {acceptInsecureCerts: false, acceptSslCerts: false, applicationCacheEnabled: false, browserConnectionEnabled: false, browserName: chrome, chrome: {chromedriverVersion: 2.43.600229 (3fae4d0cda5334..., userDataDir: /var/folders/1t/c55l8xzs6gq...}, cssSelectorsEnabled: true, databaseEnabled: false, goog:chromeOptions: {debuggerAddress: localhost:62767}, handlesAlerts: true, hasTouchScreen: false, javascriptEnabled: true, locationContextEnabled: true, mobileEmulationEnabled: false, nativeEvents: true, networkConnectionEnabled: false, pageLoadStrategy: normal, platform: MAC, platformName: MAC, rotatable: false, setWindowRect: true, takesHeapSnapshot: true, takesScreenshot: true, unexpectedAlertBehaviour: , unhandledPromptBehavior: , version: 75.0.3770.90, webStorageEnabled: true}
Session ID: a9fd96ef1d3ec52d83bb320c5df7ca01)
	at com.kms.katalon.core.keyword.internal.KeywordMain.stepFailed(KeywordMain.groovy:36)
	at com.kms.katalon.core.webui.keyword.internal.WebUIKeywordMain.stepFailed(WebUIKeywordMain.groovy:65)
	at com.kms.katalon.core.webui.keyword.internal.WebUIKeywordMain.runKeyword(WebUIKeywordMain.groovy:27)
	at com.kms.katalon.core.webui.keyword.builtin.ClickKeyword.click(ClickKeyword.groovy:86)
	at com.kms.katalon.core.webui.keyword.builtin.ClickKeyword.execute(ClickKeyword.groovy:67)
	at com.kms.katalon.core.keyword.internal.KeywordExecutor.executeKeywordForPlatform(KeywordExecutor.groovy:53)
	at com.kms.katalon.core.webui.keyword.WebUiBuiltInKeywords.click(WebUiBuiltInKeywords.groovy:616)
	at com.kms.katalon.core.webui.keyword.WebUiBuiltInKeywords$click$4.call(Unknown Source)
	at CALL - PDP.run(CALL - PDP:55)
	at com.kms.katalon.core.main.ScriptEngine.run(ScriptEngine.java:194)
	at com.kms.katalon.core.main.ScriptEngine.runScriptAsRawText(ScriptEngine.java:119)
	at com.kms.katalon.core.main.TestCaseExecutor.runScript(TestCaseExecutor.java:328)
	at com.kms.katalon.core.main.TestCaseExecutor.doExecute(TestCaseExecutor.java:319)
	at com.kms.katalon.core.main.TestCaseExecutor.processExecutionPhase(TestCaseExecutor.java:298)
	at com.kms.katalon.core.main.TestCaseExecutor.accessMainPhase(TestCaseExecutor.java:290)
	at com.kms.katalon.core.main.TestCaseExecutor.execute(TestCaseExecutor.java:224)
	at com.kms.katalon.core.main.TestCaseMain.runTestCase(TestCaseMain.java:106)
	at com.kms.katalon.core.keyword.builtin.CallTestCaseKeyword$_callTestCase_closure1.doCall(CallTestCaseKeyword.groovy:59)
	at com.kms.katalon.core.keyword.builtin.CallTestCaseKeyword$_callTestCase_closure1.call(CallTestCaseKeyword.groovy)
	at com.kms.katalon.core.keyword.internal.KeywordMain.runKeyword(KeywordMain.groovy:54)
	at com.kms.katalon.core.keyword.builtin.CallTestCaseKeyword.callTestCase(CallTestCaseKeyword.groovy:80)
	at com.kms.katalon.core.keyword.builtin.CallTestCaseKeyword.execute(CallTestCaseKeyword.groovy:44)
	at com.kms.katalon.core.keyword.internal.KeywordExecutor.executeKeywordForPlatform(KeywordExecutor.groovy:53)
	at com.kms.katalon.core.keyword.BuiltinKeywords.callTestCase(BuiltinKeywords.groovy:334)
	at Recently viewed.run(Recently viewed:16)
	at com.kms.katalon.core.main.ScriptEngine.run(ScriptEngine.java:194)
	at com.kms.katalon.core.main.ScriptEngine.runScriptAsRawText(ScriptEngine.java:119)
	at com.kms.katalon.core.main.TestCaseExecutor.runScript(TestCaseExecutor.java:328)
	at com.kms.katalon.core.main.TestCaseExecutor.doExecute(TestCaseExecutor.java:319)
	at com.kms.katalon.core.main.TestCaseExecutor.processExecutionPhase(TestCaseExecutor.java:298)
	at com.kms.katalon.core.main.TestCaseExecutor.accessMainPhase(TestCaseExecutor.java:290)
	at com.kms.katalon.core.main.TestCaseExecutor.execute(TestCaseExecutor.java:224)
	at com.kms.katalon.core.main.TestSuiteExecutor.accessTestCaseMainPhase(TestSuiteExecutor.java:129)
	at com.kms.katalon.core.main.TestSuiteExecutor.accessTestSuiteMainPhase(TestSuiteExecutor.java:112)
	at com.kms.katalon.core.main.TestSuiteExecutor.execute(TestSuiteExecutor.java:81)
	at com.kms.katalon.core.main.TestCaseMain.startTestSuite(TestCaseMain.java:149)
	at com.kms.katalon.core.main.TestCaseMain$startTestSuite$0.call(Unknown Source)
	at TempTestSuite1560802135767.run(TempTestSuite1560802135767.groovy:36)


2019-06-17 16:23:25 - [TEST_CASE][FAILED] - Test Cases/OCS - MOBILE/CALL - PDP: Test Cases/OCS - MOBILE/CALL - PDP FAILED.
Reason:
com.kms.katalon.core.exception.StepFailedException: Unable to click on object 'Object Repository/OCS-MOBILE /Age gate and burger menu/Dried Flower_Plus icon' (Root cause: org.openqa.selenium.WebDriverException: unknown error: Element <i class="icon icon--plus menu__tier-three__link--icon"></i> is not clickable at point (462, 120). Other element would receive the click: <ul class="menu__learn-more--mobile only-mobile-tablet">...</ul>
  (Session info: chrome=75.0.3770.90)
  (Driver info: chromedriver=2.43.600229 (3fae4d0cda5334b4f533bede5a4787f7b832d052),platform=Mac OS X 10.13.6 x86_64) (WARNING: The server did not provide any stacktrace information)
Command duration or timeout: 0 milliseconds
Build info: version: '3.7.1', revision: '8a0099a', time: '2017-11-06T21:07:36.161Z'
System info: host: 'sumans-MacBook-Pro.local', ip: 'fe80:0:0:0:10f0:11f1:8277:c429%en0', os.name: 'Mac OS X', os.arch: 'x86_64', os.version: '10.13.6', java.version: '1.8.0_181'
Driver info: com.kms.katalon.selenium.driver.CChromeDriver
Capabilities {acceptInsecureCerts: false, acceptSslCerts: false, applicationCacheEnabled: false, browserConnectionEnabled: false, browserName: chrome, chrome: {chromedriverVersion: 2.43.600229 (3fae4d0cda5334..., userDataDir: /var/folders/1t/c55l8xzs6gq...}, cssSelectorsEnabled: true, databaseEnabled: false, goog:chromeOptions: {debuggerAddress: localhost:62767}, handlesAlerts: true, hasTouchScreen: false, javascriptEnabled: true, locationContextEnabled: true, mobileEmulationEnabled: false, nativeEvents: true, networkConnectionEnabled: false, pageLoadStrategy: normal, platform: MAC, platformName: MAC, rotatable: false, setWindowRect: true, takesHeapSnapshot: true, takesScreenshot: true, unexpectedAlertBehaviour: , unhandledPromptBehavior: , version: 75.0.3770.90, webStorageEnabled: true}
Session ID: a9fd96ef1d3ec52d83bb320c5df7ca01)
	at com.kms.katalon.core.keyword.internal.KeywordMain.stepFailed(KeywordMain.groovy:36)
	at com.kms.katalon.core.webui.keyword.internal.WebUIKeywordMain.stepFailed(WebUIKeywordMain.groovy:65)
	at com.kms.katalon.core.webui.keyword.internal.WebUIKeywordMain.runKeyword(WebUIKeywordMain.groovy:27)
	at com.kms.katalon.core.webui.keyword.builtin.ClickKeyword.click(ClickKeyword.groovy:86)
	at com.kms.katalon.core.webui.keyword.builtin.ClickKeyword.execute(ClickKeyword.groovy:67)
	at com.kms.katalon.core.keyword.internal.KeywordExecutor.executeKeywordForPlatform(KeywordExecutor.groovy:53)
	at com.kms.katalon.core.webui.keyword.WebUiBuiltInKeywords.click(WebUiBuiltInKeywords.groovy:616)
	at com.kms.katalon.core.webui.keyword.WebUiBuiltInKeywords$click$4.call(Unknown Source)
	at CALL - PDP.run(CALL - PDP:55)
	at com.kms.katalon.core.main.ScriptEngine.run(ScriptEngine.java:194)
	at com.kms.katalon.core.main.ScriptEngine.runScriptAsRawText(ScriptEngine.java:119)
	at com.kms.katalon.core.main.TestCaseExecutor.runScript(TestCaseExecutor.java:328)
	at com.kms.katalon.core.main.TestCaseExecutor.doExecute(TestCaseExecutor.java:319)
	at com.kms.katalon.core.main.TestCaseExecutor.processExecutionPhase(TestCaseExecutor.java:298)
	at com.kms.katalon.core.main.TestCaseExecutor.accessMainPhase(TestCaseExecutor.java:290)
	at com.kms.katalon.core.main.TestCaseExecutor.execute(TestCaseExecutor.java:224)
	at com.kms.katalon.core.main.TestCaseMain.runTestCase(TestCaseMain.java:106)
	at com.kms.katalon.core.keyword.builtin.CallTestCaseKeyword$_callTestCase_closure1.doCall(CallTestCaseKeyword.groovy:59)
	at com.kms.katalon.core.keyword.builtin.CallTestCaseKeyword$_callTestCase_closure1.call(CallTestCaseKeyword.groovy)
	at com.kms.katalon.core.keyword.internal.KeywordMain.runKeyword(KeywordMain.groovy:54)
	at com.kms.katalon.core.keyword.builtin.CallTestCaseKeyword.callTestCase(CallTestCaseKeyword.groovy:80)
	at com.kms.katalon.core.keyword.builtin.CallTestCaseKeyword.execute(CallTestCaseKeyword.groovy:44)
	at com.kms.katalon.core.keyword.internal.KeywordExecutor.executeKeywordForPlatform(KeywordExecutor.groovy:53)
	at com.kms.katalon.core.keyword.BuiltinKeywords.callTestCase(BuiltinKeywords.groovy:334)
	at Recently viewed.run(Recently viewed:16)
	at com.kms.katalon.core.main.ScriptEngine.run(ScriptEngine.java:194)
	at com.kms.katalon.core.main.ScriptEngine.runScriptAsRawText(ScriptEngine.java:119)
	at com.kms.katalon.core.main.TestCaseExecutor.runScript(TestCaseExecutor.java:328)
	at com.kms.katalon.core.main.TestCaseExecutor.doExecute(TestCaseExecutor.java:319)
	at com.kms.katalon.core.main.TestCaseExecutor.processExecutionPhase(TestCaseExecutor.java:298)
	at com.kms.katalon.core.main.TestCaseExecutor.accessMainPhase(TestCaseExecutor.java:290)
	at com.kms.katalon.core.main.TestCaseExecutor.execute(TestCaseExecutor.java:224)
	at com.kms.katalon.core.main.TestSuiteExecutor.accessTestCaseMainPhase(TestSuiteExecutor.java:129)
	at com.kms.katalon.core.main.TestSuiteExecutor.accessTestSuiteMainPhase(TestSuiteExecutor.java:112)
	at com.kms.katalon.core.main.TestSuiteExecutor.execute(TestSuiteExecutor.java:81)
	at com.kms.katalon.core.main.TestCaseMain.startTestSuite(TestCaseMain.java:149)
	at com.kms.katalon.core.main.TestCaseMain$startTestSuite$0.call(Unknown Source)
	at TempTestSuite1560802135767.run(TempTestSuite1560802135767.groovy:36)


2019-06-17 16:23:25 - [TEST_STEP][PASSED] - openBrowser(""): Browser is opened with url: ''

2019-06-17 16:23:25 - [MESSAGE][WARNING] - A browser is already opened. Closing browser and opening a new one

2019-06-17 16:23:25 - [MESSAGE][INFO] - Starting 'Chrome' driver

2019-06-17 16:23:26 - [MESSAGE][PASSED] - Browser is opened with url: ''

2019-06-17 16:23:26 - [TEST_STEP][PASSED] - navigateToUrl("https://ocs.ca/?fts=0&preview_theme_id=72920106828"): Navigate to 'https://ocs.ca/?fts=0&preview_theme_id=72920106828' successfully

2019-06-17 16:23:31 - [MESSAGE][PASSED] - Navigate to 'https://ocs.ca/?fts=0&preview_theme_id=72920106828' successfully

2019-06-17 16:23:31 - [TEST_STEP][PASSED] - executeJavaScript("var previewBar = document.getElementById("preview-bar-iframe"); previewBar.style.display = "none";", []): Execute JavaScript 'var previewBar = document.getElementById("preview-bar-iframe"); previewBar.style.display = "none";' successfully

2019-06-17 16:23:31 - [MESSAGE][PASSED] - Execute JavaScript 'var previewBar = document.getElementById("preview-bar-iframe"); previewBar.style.display = "none";' successfully

2019-06-17 16:23:31 - [TEST_STEP][PASSED] - setViewPortSize(360, 800): Viewport is set to new size with width = 360 and height = 800

2019-06-17 16:23:31 - [MESSAGE][PASSED] - Viewport is set to new size with width = 360 and height = 800

2019-06-17 16:23:31 - [TEST_STEP][PASSED] - delay(4): Delayed 4 second(s)

2019-06-17 16:23:35 - [MESSAGE][PASSED] - Delayed 4 second(s)

2019-06-17 16:23:35 - [TEST_STEP][PASSED] - selectOptionByValue(findTestObject("OCS-MOBILE /Age gate and burger menu/Date"), "12", true): All options with value '12' are selected in object 'Object Repository/OCS-MOBILE /Age gate and burger menu/Date'  using regular expression

2019-06-17 16:23:36 - [MESSAGE][PASSED] - All options with value '12' are selected in object 'Object Repository/OCS-MOBILE /Age gate and burger menu/Date'  using regular expression

2019-06-17 16:23:36 - [TEST_STEP][PASSED] - selectOptionByValue(findTestObject("OCS-MOBILE /Age gate and burger menu/month"), "6", true): All options with value '6' are selected in object 'Object Repository/OCS-MOBILE /Age gate and burger menu/month'  using regular expression

2019-06-17 16:23:36 - [MESSAGE][PASSED] - All options with value '6' are selected in object 'Object Repository/OCS-MOBILE /Age gate and burger menu/month'  using regular expression

2019-06-17 16:23:36 - [TEST_STEP][PASSED] - delay(2): Delayed 2 second(s)

2019-06-17 16:23:38 - [MESSAGE][PASSED] - Delayed 2 second(s)

2019-06-17 16:23:38 - [TEST_STEP][PASSED] - selectOptionByValue(findTestObject("OCS-MOBILE /Age gate and burger menu/Year Dropdown"), "1990", true): All options with value '1990' are selected in object 'Object Repository/OCS-MOBILE /Age gate and burger menu/Year Dropdown'  using regular expression

2019-06-17 16:23:39 - [MESSAGE][PASSED] - All options with value '1990' are selected in object 'Object Repository/OCS-MOBILE /Age gate and burger menu/Year Dropdown'  using regular expression

2019-06-17 16:23:39 - [TEST_STEP][PASSED] - click(findTestObject("OCS-MOBILE /Age gate and Mega menu/button_Verify")): Object: 'Object Repository/OCS-MOBILE /Age gate and Mega menu/button_Verify' is clicked on

2019-06-17 16:23:39 - [MESSAGE][PASSED] - Object: 'Object Repository/OCS-MOBILE /Age gate and Mega menu/button_Verify' is clicked on

2019-06-17 16:23:39 - [TEST_STEP][PASSED] - click(findTestObject("OCS-MOBILE /Age gate and Mega menu/Checkbox_CONFIRM AND ACKNOWLEDGE")): Object: 'Object Repository/OCS-MOBILE /Age gate and Mega menu/Checkbox_CONFIRM AND ACKNOWLEDGE' is clicked on

2019-06-17 16:23:39 - [MESSAGE][PASSED] - Object: 'Object Repository/OCS-MOBILE /Age gate and Mega menu/Checkbox_CONFIRM AND ACKNOWLEDGE' is clicked on

2019-06-17 16:23:39 - [TEST_STEP][PASSED] - click(findTestObject("OCS-MOBILE /Age gate and Mega menu/button_CONFIRM")): Object: 'Object Repository/OCS-MOBILE /Age gate and Mega menu/button_CONFIRM' is clicked on

2019-06-17 16:23:39 - [MESSAGE][PASSED] - Object: 'Object Repository/OCS-MOBILE /Age gate and Mega menu/button_CONFIRM' is clicked on

2019-06-17 16:23:39 - [TEST_STEP][PASSED] - click(findTestObject("OCS-MOBILE /Age gate and Mega menu/button_Start Browsing")): Object: 'Object Repository/OCS-MOBILE /Age gate and Mega menu/button_Start Browsing' is clicked on

2019-06-17 16:23:39 - [MESSAGE][PASSED] - Object: 'Object Repository/OCS-MOBILE /Age gate and Mega menu/button_Start Browsing' is clicked on

2019-06-17 16:23:39 - [TEST_STEP][PASSED] - refresh(): Refresh successfully

2019-06-17 16:23:42 - [MESSAGE][PASSED] - Refresh successfully

2019-06-17 16:23:42 - [TEST_STEP][PASSED] - delay(2): Delayed 2 second(s)

2019-06-17 16:23:44 - [MESSAGE][PASSED] - Delayed 2 second(s)

2019-06-17 16:23:44 - [TEST_STEP][PASSED] - click(findTestObject("OCS-MOBILE /Age gate and burger menu/Burger menu - English")): Object: 'Object Repository/OCS-MOBILE /Age gate and burger menu/Burger menu - English' is clicked on

2019-06-17 16:23:44 - [MESSAGE][PASSED] - Object: 'Object Repository/OCS-MOBILE /Age gate and burger menu/Burger menu - English' is clicked on

2019-06-17 16:23:44 - [TEST_STEP][PASSED] - delay(2): Delayed 2 second(s)

2019-06-17 16:23:46 - [MESSAGE][PASSED] - Delayed 2 second(s)

2019-06-17 16:23:46 - [TEST_STEP][PASSED] - click(findTestObject("OCS-MOBILE /Age gate and burger menu/Chevron_Cannabis")): Object: 'Object Repository/OCS-MOBILE /Age gate and burger menu/Chevron_Cannabis' is clicked on

2019-06-17 16:23:46 - [MESSAGE][PASSED] - Object: 'Object Repository/OCS-MOBILE /Age gate and burger menu/Chevron_Cannabis' is clicked on

2019-06-17 16:23:46 - [TEST_STEP][PASSED] - delay(2): Delayed 2 second(s)

2019-06-17 16:23:48 - [MESSAGE][PASSED] - Delayed 2 second(s)

2019-06-17 16:23:48 - [TEST_STEP][FAILED] - click(findTestObject("OCS-MOBILE /Age gate and burger menu/Dried Flower_Plus icon")): click(findTestObject("OCS-MOBILE /Age gate and burger menu/Dried Flower_Plus icon")) FAILED.
Reason:
com.kms.katalon.core.exception.StepFailedException: Unable to click on object 'Object Repository/OCS-MOBILE /Age gate and burger menu/Dried Flower_Plus icon' (Root cause: org.openqa.selenium.WebDriverException: unknown error: Element <i class="icon icon--plus menu__tier-three__link--icon"></i> is not clickable at point (462, 120). Other element would receive the click: <ul class="menu__learn-more--mobile only-mobile-tablet">...</ul>
  (Session info: chrome=75.0.3770.90)
  (Driver info: chromedriver=2.43.600229 (3fae4d0cda5334b4f533bede5a4787f7b832d052),platform=Mac OS X 10.13.6 x86_64) (WARNING: The server did not provide any stacktrace information)
Command duration or timeout: 0 milliseconds
Build info: version: '3.7.1', revision: '8a0099a', time: '2017-11-06T21:07:36.161Z'
System info: host: 'sumans-MacBook-Pro.local', ip: 'fe80:0:0:0:10f0:11f1:8277:c429%en0', os.name: 'Mac OS X', os.arch: 'x86_64', os.version: '10.13.6', java.version: '1.8.0_181'
Driver info: com.kms.katalon.selenium.driver.CChromeDriver
Capabilities {acceptInsecureCerts: false, acceptSslCerts: false, applicationCacheEnabled: false, browserConnectionEnabled: false, browserName: chrome, chrome: {chromedriverVersion: 2.43.600229 (3fae4d0cda5334..., userDataDir: /var/folders/1t/c55l8xzs6gq...}, cssSelectorsEnabled: true, databaseEnabled: false, goog:chromeOptions: {debuggerAddress: localhost:62767}, handlesAlerts: true, hasTouchScreen: false, javascriptEnabled: true, locationContextEnabled: true, mobileEmulationEnabled: false, nativeEvents: true, networkConnectionEnabled: false, pageLoadStrategy: normal, platform: MAC, platformName: MAC, rotatable: false, setWindowRect: true, takesHeapSnapshot: true, takesScreenshot: true, unexpectedAlertBehaviour: , unhandledPromptBehavior: , version: 75.0.3770.90, webStorageEnabled: true}
Session ID: a9fd96ef1d3ec52d83bb320c5df7ca01)
	at com.kms.katalon.core.keyword.internal.KeywordMain.stepFailed(KeywordMain.groovy:36)
	at com.kms.katalon.core.webui.keyword.internal.WebUIKeywordMain.stepFailed(WebUIKeywordMain.groovy:65)
	at com.kms.katalon.core.webui.keyword.internal.WebUIKeywordMain.runKeyword(WebUIKeywordMain.groovy:27)
	at com.kms.katalon.core.webui.keyword.builtin.ClickKeyword.click(ClickKeyword.groovy:86)
	at com.kms.katalon.core.webui.keyword.builtin.ClickKeyword.execute(ClickKeyword.groovy:67)
	at com.kms.katalon.core.keyword.internal.KeywordExecutor.executeKeywordForPlatform(KeywordExecutor.groovy:53)
	at com.kms.katalon.core.webui.keyword.WebUiBuiltInKeywords.click(WebUiBuiltInKeywords.groovy:616)
	at com.kms.katalon.core.webui.keyword.WebUiBuiltInKeywords$click$4.call(Unknown Source)
	at CALL - PDP.run(CALL - PDP:55)
	at com.kms.katalon.core.main.ScriptEngine.run(ScriptEngine.java:194)
	at com.kms.katalon.core.main.ScriptEngine.runScriptAsRawText(ScriptEngine.java:119)
	at com.kms.katalon.core.main.TestCaseExecutor.runScript(TestCaseExecutor.java:328)
	at com.kms.katalon.core.main.TestCaseExecutor.doExecute(TestCaseExecutor.java:319)
	at com.kms.katalon.core.main.TestCaseExecutor.processExecutionPhase(TestCaseExecutor.java:298)
	at com.kms.katalon.core.main.TestCaseExecutor.accessMainPhase(TestCaseExecutor.java:290)
	at com.kms.katalon.core.main.TestCaseExecutor.execute(TestCaseExecutor.java:224)
	at com.kms.katalon.core.main.TestCaseMain.runTestCase(TestCaseMain.java:106)
	at com.kms.katalon.core.keyword.builtin.CallTestCaseKeyword$_callTestCase_closure1.doCall(CallTestCaseKeyword.groovy:59)
	at com.kms.katalon.core.keyword.builtin.CallTestCaseKeyword$_callTestCase_closure1.call(CallTestCaseKeyword.groovy)
	at com.kms.katalon.core.keyword.internal.KeywordMain.runKeyword(KeywordMain.groovy:54)
	at com.kms.katalon.core.keyword.builtin.CallTestCaseKeyword.callTestCase(CallTestCaseKeyword.groovy:80)
	at com.kms.katalon.core.keyword.builtin.CallTestCaseKeyword.execute(CallTestCaseKeyword.groovy:44)
	at com.kms.katalon.core.keyword.internal.KeywordExecutor.executeKeywordForPlatform(KeywordExecutor.groovy:53)
	at com.kms.katalon.core.keyword.BuiltinKeywords.callTestCase(BuiltinKeywords.groovy:334)
	at Recently viewed.run(Recently viewed:16)
	at com.kms.katalon.core.main.ScriptEngine.run(ScriptEngine.java:194)
	at com.kms.katalon.core.main.ScriptEngine.runScriptAsRawText(ScriptEngine.java:119)
	at com.kms.katalon.core.main.TestCaseExecutor.runScript(TestCaseExecutor.java:328)
	at com.kms.katalon.core.main.TestCaseExecutor.doExecute(TestCaseExecutor.java:319)
	at com.kms.katalon.core.main.TestCaseExecutor.processExecutionPhase(TestCaseExecutor.java:298)
	at com.kms.katalon.core.main.TestCaseExecutor.accessMainPhase(TestCaseExecutor.java:290)
	at com.kms.katalon.core.main.TestCaseExecutor.execute(TestCaseExecutor.java:224)
	at com.kms.katalon.core.main.TestSuiteExecutor.accessTestCaseMainPhase(TestSuiteExecutor.java:129)
	at com.kms.katalon.core.main.TestSuiteExecutor.accessTestSuiteMainPhase(TestSuiteExecutor.java:112)
	at com.kms.katalon.core.main.TestSuiteExecutor.execute(TestSuiteExecutor.java:81)
	at com.kms.katalon.core.main.TestCaseMain.startTestSuite(TestCaseMain.java:149)
	at com.kms.katalon.core.main.TestCaseMain$startTestSuite$0.call(Unknown Source)
	at TempTestSuite1560802135767.run(TempTestSuite1560802135767.groovy:36)


2019-06-17 16:23:49 - [MESSAGE][FAILED] - Unable to click on object 'Object Repository/OCS-MOBILE /Age gate and burger menu/Dried Flower_Plus icon' (Root cause: org.openqa.selenium.WebDriverException: unknown error: Element <i class="icon icon--plus menu__tier-three__link--icon"></i> is not clickable at point (462, 120). Other element would receive the click: <ul class="menu__learn-more--mobile only-mobile-tablet">...</ul>
  (Session info: chrome=75.0.3770.90)
  (Driver info: chromedriver=2.43.600229 (3fae4d0cda5334b4f533bede5a4787f7b832d052),platform=Mac OS X 10.13.6 x86_64) (WARNING: The server did not provide any stacktrace information)
Command duration or timeout: 0 milliseconds
Build info: version: '3.7.1', revision: '8a0099a', time: '2017-11-06T21:07:36.161Z'
System info: host: 'sumans-MacBook-Pro.local', ip: 'fe80:0:0:0:10f0:11f1:8277:c429%en0', os.name: 'Mac OS X', os.arch: 'x86_64', os.version: '10.13.6', java.version: '1.8.0_181'
Driver info: com.kms.katalon.selenium.driver.CChromeDriver
Capabilities {acceptInsecureCerts: false, acceptSslCerts: false, applicationCacheEnabled: false, browserConnectionEnabled: false, browserName: chrome, chrome: {chromedriverVersion: 2.43.600229 (3fae4d0cda5334..., userDataDir: /var/folders/1t/c55l8xzs6gq...}, cssSelectorsEnabled: true, databaseEnabled: false, goog:chromeOptions: {debuggerAddress: localhost:62767}, handlesAlerts: true, hasTouchScreen: false, javascriptEnabled: true, locationContextEnabled: true, mobileEmulationEnabled: false, nativeEvents: true, networkConnectionEnabled: false, pageLoadStrategy: normal, platform: MAC, platformName: MAC, rotatable: false, setWindowRect: true, takesHeapSnapshot: true, takesScreenshot: true, unexpectedAlertBehaviour: , unhandledPromptBehavior: , version: 75.0.3770.90, webStorageEnabled: true}
Session ID: a9fd96ef1d3ec52d83bb320c5df7ca01)
[[ATTACHMENT|/Users/sumankompelly/Relative xpath-Mobile/Reports/OCS- 1.10.1/20190617_160855/1560803028776.png]]

2019-06-17 16:23:49 - [MESSAGE][FAILED] - click(findTestObject("OCS-MOBILE /Age gate and burger menu/Dried Flower_Plus icon")) FAILED.
Reason:
com.kms.katalon.core.exception.StepFailedException: Unable to click on object 'Object Repository/OCS-MOBILE /Age gate and burger menu/Dried Flower_Plus icon' (Root cause: org.openqa.selenium.WebDriverException: unknown error: Element <i class="icon icon--plus menu__tier-three__link--icon"></i> is not clickable at point (462, 120). Other element would receive the click: <ul class="menu__learn-more--mobile only-mobile-tablet">...</ul>
  (Session info: chrome=75.0.3770.90)
  (Driver info: chromedriver=2.43.600229 (3fae4d0cda5334b4f533bede5a4787f7b832d052),platform=Mac OS X 10.13.6 x86_64) (WARNING: The server did not provide any stacktrace information)
Command duration or timeout: 0 milliseconds
Build info: version: '3.7.1', revision: '8a0099a', time: '2017-11-06T21:07:36.161Z'
System info: host: 'sumans-MacBook-Pro.local', ip: 'fe80:0:0:0:10f0:11f1:8277:c429%en0', os.name: 'Mac OS X', os.arch: 'x86_64', os.version: '10.13.6', java.version: '1.8.0_181'
Driver info: com.kms.katalon.selenium.driver.CChromeDriver
Capabilities {acceptInsecureCerts: false, acceptSslCerts: false, applicationCacheEnabled: false, browserConnectionEnabled: false, browserName: chrome, chrome: {chromedriverVersion: 2.43.600229 (3fae4d0cda5334..., userDataDir: /var/folders/1t/c55l8xzs6gq...}, cssSelectorsEnabled: true, databaseEnabled: false, goog:chromeOptions: {debuggerAddress: localhost:62767}, handlesAlerts: true, hasTouchScreen: false, javascriptEnabled: true, locationContextEnabled: true, mobileEmulationEnabled: false, nativeEvents: true, networkConnectionEnabled: false, pageLoadStrategy: normal, platform: MAC, platformName: MAC, rotatable: false, setWindowRect: true, takesHeapSnapshot: true, takesScreenshot: true, unexpectedAlertBehaviour: , unhandledPromptBehavior: , version: 75.0.3770.90, webStorageEnabled: true}
Session ID: a9fd96ef1d3ec52d83bb320c5df7ca01)
	at com.kms.katalon.core.keyword.internal.KeywordMain.stepFailed(KeywordMain.groovy:36)
	at com.kms.katalon.core.webui.keyword.internal.WebUIKeywordMain.stepFailed(WebUIKeywordMain.groovy:65)
	at com.kms.katalon.core.webui.keyword.internal.WebUIKeywordMain.runKeyword(WebUIKeywordMain.groovy:27)
	at com.kms.katalon.core.webui.keyword.builtin.ClickKeyword.click(ClickKeyword.groovy:86)
	at com.kms.katalon.core.webui.keyword.builtin.ClickKeyword.execute(ClickKeyword.groovy:67)
	at com.kms.katalon.core.keyword.internal.KeywordExecutor.executeKeywordForPlatform(KeywordExecutor.groovy:53)
	at com.kms.katalon.core.webui.keyword.WebUiBuiltInKeywords.click(WebUiBuiltInKeywords.groovy:616)
	at com.kms.katalon.core.webui.keyword.WebUiBuiltInKeywords$click$4.call(Unknown Source)
	at CALL - PDP.run(CALL - PDP:55)
	at com.kms.katalon.core.main.ScriptEngine.run(ScriptEngine.java:194)
	at com.kms.katalon.core.main.ScriptEngine.runScriptAsRawText(ScriptEngine.java:119)
	at com.kms.katalon.core.main.TestCaseExecutor.runScript(TestCaseExecutor.java:328)
	at com.kms.katalon.core.main.TestCaseExecutor.doExecute(TestCaseExecutor.java:319)
	at com.kms.katalon.core.main.TestCaseExecutor.processExecutionPhase(TestCaseExecutor.java:298)
	at com.kms.katalon.core.main.TestCaseExecutor.accessMainPhase(TestCaseExecutor.java:290)
	at com.kms.katalon.core.main.TestCaseExecutor.execute(TestCaseExecutor.java:224)
	at com.kms.katalon.core.main.TestCaseMain.runTestCase(TestCaseMain.java:106)
	at com.kms.katalon.core.keyword.builtin.CallTestCaseKeyword$_callTestCase_closure1.doCall(CallTestCaseKeyword.groovy:59)
	at com.kms.katalon.core.keyword.builtin.CallTestCaseKeyword$_callTestCase_closure1.call(CallTestCaseKeyword.groovy)
	at com.kms.katalon.core.keyword.internal.KeywordMain.runKeyword(KeywordMain.groovy:54)
	at com.kms.katalon.core.keyword.builtin.CallTestCaseKeyword.callTestCase(CallTestCaseKeyword.groovy:80)
	at com.kms.katalon.core.keyword.builtin.CallTestCaseKeyword.execute(CallTestCaseKeyword.groovy:44)
	at com.kms.katalon.core.keyword.internal.KeywordExecutor.executeKeywordForPlatform(KeywordExecutor.groovy:53)
	at com.kms.katalon.core.keyword.BuiltinKeywords.callTestCase(BuiltinKeywords.groovy:334)
	at Recently viewed.run(Recently viewed:16)
	at com.kms.katalon.core.main.ScriptEngine.run(ScriptEngine.java:194)
	at com.kms.katalon.core.main.ScriptEngine.runScriptAsRawText(ScriptEngine.java:119)
	at com.kms.katalon.core.main.TestCaseExecutor.runScript(TestCaseExecutor.java:328)
	at com.kms.katalon.core.main.TestCaseExecutor.doExecute(TestCaseExecutor.java:319)
	at com.kms.katalon.core.main.TestCaseExecutor.processExecutionPhase(TestCaseExecutor.java:298)
	at com.kms.katalon.core.main.TestCaseExecutor.accessMainPhase(TestCaseExecutor.java:290)
	at com.kms.katalon.core.main.TestCaseExecutor.execute(TestCaseExecutor.java:224)
	at com.kms.katalon.core.main.TestSuiteExecutor.accessTestCaseMainPhase(TestSuiteExecutor.java:129)
	at com.kms.katalon.core.main.TestSuiteExecutor.accessTestSuiteMainPhase(TestSuiteExecutor.java:112)
	at com.kms.katalon.core.main.TestSuiteExecutor.execute(TestSuiteExecutor.java:81)
	at com.kms.katalon.core.main.TestCaseMain.startTestSuite(TestCaseMain.java:149)
	at com.kms.katalon.core.main.TestCaseMain$startTestSuite$0.call(Unknown Source)
	at TempTestSuite1560802135767.run(TempTestSuite1560802135767.groovy:36)


2019-06-17 16:23:49 - [MESSAGE][FAILED] - Unable to call Test Case 'Test Cases/OCS - MOBILE/CALL - PDP' (Root cause: com.kms.katalon.core.exception.StepFailedException: Call Test Case 'Test Cases/OCS - MOBILE/CALL - PDP' failed)

2019-06-17 16:23:49 - [MESSAGE][FAILED] - callTestCase(findTestCase("OCS - MOBILE/CALL - PDP"), [:], STOP_ON_FAILURE) FAILED.
Reason:
com.kms.katalon.core.exception.StepFailedException: Unable to click on object 'Object Repository/OCS-MOBILE /Age gate and burger menu/Dried Flower_Plus icon' (Root cause: org.openqa.selenium.WebDriverException: unknown error: Element <i class="icon icon--plus menu__tier-three__link--icon"></i> is not clickable at point (462, 120). Other element would receive the click: <ul class="menu__learn-more--mobile only-mobile-tablet">...</ul>
  (Session info: chrome=75.0.3770.90)
  (Driver info: chromedriver=2.43.600229 (3fae4d0cda5334b4f533bede5a4787f7b832d052),platform=Mac OS X 10.13.6 x86_64) (WARNING: The server did not provide any stacktrace information)
Command duration or timeout: 0 milliseconds
Build info: version: '3.7.1', revision: '8a0099a', time: '2017-11-06T21:07:36.161Z'
System info: host: 'sumans-MacBook-Pro.local', ip: 'fe80:0:0:0:10f0:11f1:8277:c429%en0', os.name: 'Mac OS X', os.arch: 'x86_64', os.version: '10.13.6', java.version: '1.8.0_181'
Driver info: com.kms.katalon.selenium.driver.CChromeDriver
Capabilities {acceptInsecureCerts: false, acceptSslCerts: false, applicationCacheEnabled: false, browserConnectionEnabled: false, browserName: chrome, chrome: {chromedriverVersion: 2.43.600229 (3fae4d0cda5334..., userDataDir: /var/folders/1t/c55l8xzs6gq...}, cssSelectorsEnabled: true, databaseEnabled: false, goog:chromeOptions: {debuggerAddress: localhost:62767}, handlesAlerts: true, hasTouchScreen: false, javascriptEnabled: true, locationContextEnabled: true, mobileEmulationEnabled: false, nativeEvents: true, networkConnectionEnabled: false, pageLoadStrategy: normal, platform: MAC, platformName: MAC, rotatable: false, setWindowRect: true, takesHeapSnapshot: true, takesScreenshot: true, unexpectedAlertBehaviour: , unhandledPromptBehavior: , version: 75.0.3770.90, webStorageEnabled: true}
Session ID: a9fd96ef1d3ec52d83bb320c5df7ca01)
	at com.kms.katalon.core.keyword.internal.KeywordMain.stepFailed(KeywordMain.groovy:36)
	at com.kms.katalon.core.webui.keyword.internal.WebUIKeywordMain.stepFailed(WebUIKeywordMain.groovy:65)
	at com.kms.katalon.core.webui.keyword.internal.WebUIKeywordMain.runKeyword(WebUIKeywordMain.groovy:27)
	at com.kms.katalon.core.webui.keyword.builtin.ClickKeyword.click(ClickKeyword.groovy:86)
	at com.kms.katalon.core.webui.keyword.builtin.ClickKeyword.execute(ClickKeyword.groovy:67)
	at com.kms.katalon.core.keyword.internal.KeywordExecutor.executeKeywordForPlatform(KeywordExecutor.groovy:53)
	at com.kms.katalon.core.webui.keyword.WebUiBuiltInKeywords.click(WebUiBuiltInKeywords.groovy:616)
	at com.kms.katalon.core.webui.keyword.WebUiBuiltInKeywords$click$4.call(Unknown Source)
	at CALL - PDP.run(CALL - PDP:55)
	at com.kms.katalon.core.main.ScriptEngine.run(ScriptEngine.java:194)
	at com.kms.katalon.core.main.ScriptEngine.runScriptAsRawText(ScriptEngine.java:119)
	at com.kms.katalon.core.main.TestCaseExecutor.runScript(TestCaseExecutor.java:328)
	at com.kms.katalon.core.main.TestCaseExecutor.doExecute(TestCaseExecutor.java:319)
	at com.kms.katalon.core.main.TestCaseExecutor.processExecutionPhase(TestCaseExecutor.java:298)
	at com.kms.katalon.core.main.TestCaseExecutor.accessMainPhase(TestCaseExecutor.java:290)
	at com.kms.katalon.core.main.TestCaseExecutor.execute(TestCaseExecutor.java:224)
	at com.kms.katalon.core.main.TestCaseMain.runTestCase(TestCaseMain.java:106)
	at com.kms.katalon.core.keyword.builtin.CallTestCaseKeyword$_callTestCase_closure1.doCall(CallTestCaseKeyword.groovy:59)
	at com.kms.katalon.core.keyword.builtin.CallTestCaseKeyword$_callTestCase_closure1.call(CallTestCaseKeyword.groovy)
	at com.kms.katalon.core.keyword.internal.KeywordMain.runKeyword(KeywordMain.groovy:54)
	at com.kms.katalon.core.keyword.builtin.CallTestCaseKeyword.callTestCase(CallTestCaseKeyword.groovy:80)
	at com.kms.katalon.core.keyword.builtin.CallTestCaseKeyword.execute(CallTestCaseKeyword.groovy:44)
	at com.kms.katalon.core.keyword.internal.KeywordExecutor.executeKeywordForPlatform(KeywordExecutor.groovy:53)
	at com.kms.katalon.core.keyword.BuiltinKeywords.callTestCase(BuiltinKeywords.groovy:334)
	at Recently viewed.run(Recently viewed:16)
	at com.kms.katalon.core.main.ScriptEngine.run(ScriptEngine.java:194)
	at com.kms.katalon.core.main.ScriptEngine.runScriptAsRawText(ScriptEngine.java:119)
	at com.kms.katalon.core.main.TestCaseExecutor.runScript(TestCaseExecutor.java:328)
	at com.kms.katalon.core.main.TestCaseExecutor.doExecute(TestCaseExecutor.java:319)
	at com.kms.katalon.core.main.TestCaseExecutor.processExecutionPhase(TestCaseExecutor.java:298)
	at com.kms.katalon.core.main.TestCaseExecutor.accessMainPhase(TestCaseExecutor.java:290)
	at com.kms.katalon.core.main.TestCaseExecutor.execute(TestCaseExecutor.java:224)
	at com.kms.katalon.core.main.TestSuiteExecutor.accessTestCaseMainPhase(TestSuiteExecutor.java:129)
	at com.kms.katalon.core.main.TestSuiteExecutor.accessTestSuiteMainPhase(TestSuiteExecutor.java:112)
	at com.kms.katalon.core.main.TestSuiteExecutor.execute(TestSuiteExecutor.java:81)
	at com.kms.katalon.core.main.TestCaseMain.startTestSuite(TestCaseMain.java:149)
	at com.kms.katalon.core.main.TestCaseMain$startTestSuite$0.call(Unknown Source)
	at TempTestSuite1560802135767.run(TempTestSuite1560802135767.groovy:36)]]></system-out>
         <system-err><![CDATA[2019-06-17 16:23:25 - [TEST_CASE][FAILED] - Test Cases/OCS - MOBILE/OCS- PRODUCT PAGE/Recently viewed: Test Cases/OCS - MOBILE/OCS- PRODUCT PAGE/Recently viewed FAILED.
Reason:
com.kms.katalon.core.exception.StepFailedException: Unable to click on object 'Object Repository/OCS-MOBILE /Age gate and burger menu/Dried Flower_Plus icon' (Root cause: org.openqa.selenium.WebDriverException: unknown error: Element <i class="icon icon--plus menu__tier-three__link--icon"></i> is not clickable at point (462, 120). Other element would receive the click: <ul class="menu__learn-more--mobile only-mobile-tablet">...</ul>
  (Session info: chrome=75.0.3770.90)
  (Driver info: chromedriver=2.43.600229 (3fae4d0cda5334b4f533bede5a4787f7b832d052),platform=Mac OS X 10.13.6 x86_64) (WARNING: The server did not provide any stacktrace information)
Command duration or timeout: 0 milliseconds
Build info: version: '3.7.1', revision: '8a0099a', time: '2017-11-06T21:07:36.161Z'
System info: host: 'sumans-MacBook-Pro.local', ip: 'fe80:0:0:0:10f0:11f1:8277:c429%en0', os.name: 'Mac OS X', os.arch: 'x86_64', os.version: '10.13.6', java.version: '1.8.0_181'
Driver info: com.kms.katalon.selenium.driver.CChromeDriver
Capabilities {acceptInsecureCerts: false, acceptSslCerts: false, applicationCacheEnabled: false, browserConnectionEnabled: false, browserName: chrome, chrome: {chromedriverVersion: 2.43.600229 (3fae4d0cda5334..., userDataDir: /var/folders/1t/c55l8xzs6gq...}, cssSelectorsEnabled: true, databaseEnabled: false, goog:chromeOptions: {debuggerAddress: localhost:62767}, handlesAlerts: true, hasTouchScreen: false, javascriptEnabled: true, locationContextEnabled: true, mobileEmulationEnabled: false, nativeEvents: true, networkConnectionEnabled: false, pageLoadStrategy: normal, platform: MAC, platformName: MAC, rotatable: false, setWindowRect: true, takesHeapSnapshot: true, takesScreenshot: true, unexpectedAlertBehaviour: , unhandledPromptBehavior: , version: 75.0.3770.90, webStorageEnabled: true}
Session ID: a9fd96ef1d3ec52d83bb320c5df7ca01)
	at com.kms.katalon.core.keyword.internal.KeywordMain.stepFailed(KeywordMain.groovy:36)
	at com.kms.katalon.core.webui.keyword.internal.WebUIKeywordMain.stepFailed(WebUIKeywordMain.groovy:65)
	at com.kms.katalon.core.webui.keyword.internal.WebUIKeywordMain.runKeyword(WebUIKeywordMain.groovy:27)
	at com.kms.katalon.core.webui.keyword.builtin.ClickKeyword.click(ClickKeyword.groovy:86)
	at com.kms.katalon.core.webui.keyword.builtin.ClickKeyword.execute(ClickKeyword.groovy:67)
	at com.kms.katalon.core.keyword.internal.KeywordExecutor.executeKeywordForPlatform(KeywordExecutor.groovy:53)
	at com.kms.katalon.core.webui.keyword.WebUiBuiltInKeywords.click(WebUiBuiltInKeywords.groovy:616)
	at com.kms.katalon.core.webui.keyword.WebUiBuiltInKeywords$click$4.call(Unknown Source)
	at CALL - PDP.run(CALL - PDP:55)
	at com.kms.katalon.core.main.ScriptEngine.run(ScriptEngine.java:194)
	at com.kms.katalon.core.main.ScriptEngine.runScriptAsRawText(ScriptEngine.java:119)
	at com.kms.katalon.core.main.TestCaseExecutor.runScript(TestCaseExecutor.java:328)
	at com.kms.katalon.core.main.TestCaseExecutor.doExecute(TestCaseExecutor.java:319)
	at com.kms.katalon.core.main.TestCaseExecutor.processExecutionPhase(TestCaseExecutor.java:298)
	at com.kms.katalon.core.main.TestCaseExecutor.accessMainPhase(TestCaseExecutor.java:290)
	at com.kms.katalon.core.main.TestCaseExecutor.execute(TestCaseExecutor.java:224)
	at com.kms.katalon.core.main.TestCaseMain.runTestCase(TestCaseMain.java:106)
	at com.kms.katalon.core.keyword.builtin.CallTestCaseKeyword$_callTestCase_closure1.doCall(CallTestCaseKeyword.groovy:59)
	at com.kms.katalon.core.keyword.builtin.CallTestCaseKeyword$_callTestCase_closure1.call(CallTestCaseKeyword.groovy)
	at com.kms.katalon.core.keyword.internal.KeywordMain.runKeyword(KeywordMain.groovy:54)
	at com.kms.katalon.core.keyword.builtin.CallTestCaseKeyword.callTestCase(CallTestCaseKeyword.groovy:80)
	at com.kms.katalon.core.keyword.builtin.CallTestCaseKeyword.execute(CallTestCaseKeyword.groovy:44)
	at com.kms.katalon.core.keyword.internal.KeywordExecutor.executeKeywordForPlatform(KeywordExecutor.groovy:53)
	at com.kms.katalon.core.keyword.BuiltinKeywords.callTestCase(BuiltinKeywords.groovy:334)
	at Recently viewed.run(Recently viewed:16)
	at com.kms.katalon.core.main.ScriptEngine.run(ScriptEngine.java:194)
	at com.kms.katalon.core.main.ScriptEngine.runScriptAsRawText(ScriptEngine.java:119)
	at com.kms.katalon.core.main.TestCaseExecutor.runScript(TestCaseExecutor.java:328)
	at com.kms.katalon.core.main.TestCaseExecutor.doExecute(TestCaseExecutor.java:319)
	at com.kms.katalon.core.main.TestCaseExecutor.processExecutionPhase(TestCaseExecutor.java:298)
	at com.kms.katalon.core.main.TestCaseExecutor.accessMainPhase(TestCaseExecutor.java:290)
	at com.kms.katalon.core.main.TestCaseExecutor.execute(TestCaseExecutor.java:224)
	at com.kms.katalon.core.main.TestSuiteExecutor.accessTestCaseMainPhase(TestSuiteExecutor.java:129)
	at com.kms.katalon.core.main.TestSuiteExecutor.accessTestSuiteMainPhase(TestSuiteExecutor.java:112)
	at com.kms.katalon.core.main.TestSuiteExecutor.execute(TestSuiteExecutor.java:81)
	at com.kms.katalon.core.main.TestCaseMain.startTestSuite(TestCaseMain.java:149)
	at com.kms.katalon.core.main.TestCaseMain$startTestSuite$0.call(Unknown Source)
	at TempTestSuite1560802135767.run(TempTestSuite1560802135767.groovy:36)]]></system-err>
      </testcase>
      <testcase name="Test Cases/OCS - MOBILE/OCS- PRODUCT PAGE/variants selector" classname="Test Cases/OCS - MOBILE/OCS- PRODUCT PAGE/variants selector" status="FAILED">
         <failure type="FAILED" message="Test Cases/OCS - MOBILE/OCS- PRODUCT PAGE/variants selector FAILED.
Reason:
com.kms.katalon.core.exception.StepFailedException: Unable to click on object 'Object Repository/OCS-MOBILE /Age gate and burger menu/Dried Flower_Plus icon' (Root cause: org.openqa.selenium.WebDriverException: unknown error: Element &lt;i class=&quot;icon icon--plus menu__tier-three__link--icon&quot;>&lt;/i> is not clickable at point (462, 120). Other element would receive the click: &lt;ul class=&quot;menu__learn-more--mobile only-mobile-tablet&quot;>...&lt;/ul>
  (Session info: chrome=75.0.3770.90)
  (Driver info: chromedriver=2.43.600229 (3fae4d0cda5334b4f533bede5a4787f7b832d052),platform=Mac OS X 10.13.6 x86_64) (WARNING: The server did not provide any stacktrace information)
Command duration or timeout: 0 milliseconds
Build info: version: '3.7.1', revision: '8a0099a', time: '2017-11-06T21:07:36.161Z'
System info: host: 'sumans-MacBook-Pro.local', ip: 'fe80:0:0:0:10f0:11f1:8277:c429%en0', os.name: 'Mac OS X', os.arch: 'x86_64', os.version: '10.13.6', java.version: '1.8.0_181'
Driver info: com.kms.katalon.selenium.driver.CChromeDriver
Capabilities {acceptInsecureCerts: false, acceptSslCerts: false, applicationCacheEnabled: false, browserConnectionEnabled: false, browserName: chrome, chrome: {chromedriverVersion: 2.43.600229 (3fae4d0cda5334..., userDataDir: /var/folders/1t/c55l8xzs6gq...}, cssSelectorsEnabled: true, databaseEnabled: false, goog:chromeOptions: {debuggerAddress: localhost:62905}, handlesAlerts: true, hasTouchScreen: false, javascriptEnabled: true, locationContextEnabled: true, mobileEmulationEnabled: false, nativeEvents: true, networkConnectionEnabled: false, pageLoadStrategy: normal, platform: MAC, platformName: MAC, rotatable: false, setWindowRect: true, takesHeapSnapshot: true, takesScreenshot: true, unexpectedAlertBehaviour: , unhandledPromptBehavior: , version: 75.0.3770.90, webStorageEnabled: true}
Session ID: 88f991c5498f19ba6dc419f8d2b3f648)
	at com.kms.katalon.core.keyword.internal.KeywordMain.stepFailed(KeywordMain.groovy:36)
	at com.kms.katalon.core.webui.keyword.internal.WebUIKeywordMain.stepFailed(WebUIKeywordMain.groovy:65)
	at com.kms.katalon.core.webui.keyword.internal.WebUIKeywordMain.runKeyword(WebUIKeywordMain.groovy:27)
	at com.kms.katalon.core.webui.keyword.builtin.ClickKeyword.click(ClickKeyword.groovy:86)
	at com.kms.katalon.core.webui.keyword.builtin.ClickKeyword.execute(ClickKeyword.groovy:67)
	at com.kms.katalon.core.keyword.internal.KeywordExecutor.executeKeywordForPlatform(KeywordExecutor.groovy:53)
	at com.kms.katalon.core.webui.keyword.WebUiBuiltInKeywords.click(WebUiBuiltInKeywords.groovy:616)
	at com.kms.katalon.core.webui.keyword.WebUiBuiltInKeywords$click$4.call(Unknown Source)
	at CALL - PDP.run(CALL - PDP:55)
	at com.kms.katalon.core.main.ScriptEngine.run(ScriptEngine.java:194)
	at com.kms.katalon.core.main.ScriptEngine.runScriptAsRawText(ScriptEngine.java:119)
	at com.kms.katalon.core.main.TestCaseExecutor.runScript(TestCaseExecutor.java:328)
	at com.kms.katalon.core.main.TestCaseExecutor.doExecute(TestCaseExecutor.java:319)
	at com.kms.katalon.core.main.TestCaseExecutor.processExecutionPhase(TestCaseExecutor.java:298)
	at com.kms.katalon.core.main.TestCaseExecutor.accessMainPhase(TestCaseExecutor.java:290)
	at com.kms.katalon.core.main.TestCaseExecutor.execute(TestCaseExecutor.java:224)
	at com.kms.katalon.core.main.TestCaseMain.runTestCase(TestCaseMain.java:106)
	at com.kms.katalon.core.keyword.builtin.CallTestCaseKeyword$_callTestCase_closure1.doCall(CallTestCaseKeyword.groovy:59)
	at com.kms.katalon.core.keyword.builtin.CallTestCaseKeyword$_callTestCase_closure1.call(CallTestCaseKeyword.groovy)
	at com.kms.katalon.core.keyword.internal.KeywordMain.runKeyword(KeywordMain.groovy:54)
	at com.kms.katalon.core.keyword.builtin.CallTestCaseKeyword.callTestCase(CallTestCaseKeyword.groovy:80)
	at com.kms.katalon.core.keyword.builtin.CallTestCaseKeyword.execute(CallTestCaseKeyword.groovy:44)
	at com.kms.katalon.core.keyword.internal.KeywordExecutor.executeKeywordForPlatform(KeywordExecutor.groovy:53)
	at com.kms.katalon.core.keyword.BuiltinKeywords.callTestCase(BuiltinKeywords.groovy:334)
	at variants selector.run(variants selector:16)
	at com.kms.katalon.core.main.ScriptEngine.run(ScriptEngine.java:194)
	at com.kms.katalon.core.main.ScriptEngine.runScriptAsRawText(ScriptEngine.java:119)
	at com.kms.katalon.core.main.TestCaseExecutor.runScript(TestCaseExecutor.java:328)
	at com.kms.katalon.core.main.TestCaseExecutor.doExecute(TestCaseExecutor.java:319)
	at com.kms.katalon.core.main.TestCaseExecutor.processExecutionPhase(TestCaseExecutor.java:298)
	at com.kms.katalon.core.main.TestCaseExecutor.accessMainPhase(TestCaseExecutor.java:290)
	at com.kms.katalon.core.main.TestCaseExecutor.execute(TestCaseExecutor.java:224)
	at com.kms.katalon.core.main.TestSuiteExecutor.accessTestCaseMainPhase(TestSuiteExecutor.java:129)
	at com.kms.katalon.core.main.TestSuiteExecutor.accessTestSuiteMainPhase(TestSuiteExecutor.java:112)
	at com.kms.katalon.core.main.TestSuiteExecutor.execute(TestSuiteExecutor.java:81)
	at com.kms.katalon.core.main.TestCaseMain.startTestSuite(TestCaseMain.java:149)
	at com.kms.katalon.core.main.TestCaseMain$startTestSuite$0.call(Unknown Source)
	at TempTestSuite1560802135767.run(TempTestSuite1560802135767.groovy:36)
"/>
         <system-out><![CDATA[2019-06-17 16:23:49 - [TEST_CASE][FAILED] - Test Cases/OCS - MOBILE/OCS- PRODUCT PAGE/variants selector: Test Cases/OCS - MOBILE/OCS- PRODUCT PAGE/variants selector FAILED.
Reason:
com.kms.katalon.core.exception.StepFailedException: Unable to click on object 'Object Repository/OCS-MOBILE /Age gate and burger menu/Dried Flower_Plus icon' (Root cause: org.openqa.selenium.WebDriverException: unknown error: Element <i class="icon icon--plus menu__tier-three__link--icon"></i> is not clickable at point (462, 120). Other element would receive the click: <ul class="menu__learn-more--mobile only-mobile-tablet">...</ul>
  (Session info: chrome=75.0.3770.90)
  (Driver info: chromedriver=2.43.600229 (3fae4d0cda5334b4f533bede5a4787f7b832d052),platform=Mac OS X 10.13.6 x86_64) (WARNING: The server did not provide any stacktrace information)
Command duration or timeout: 0 milliseconds
Build info: version: '3.7.1', revision: '8a0099a', time: '2017-11-06T21:07:36.161Z'
System info: host: 'sumans-MacBook-Pro.local', ip: 'fe80:0:0:0:10f0:11f1:8277:c429%en0', os.name: 'Mac OS X', os.arch: 'x86_64', os.version: '10.13.6', java.version: '1.8.0_181'
Driver info: com.kms.katalon.selenium.driver.CChromeDriver
Capabilities {acceptInsecureCerts: false, acceptSslCerts: false, applicationCacheEnabled: false, browserConnectionEnabled: false, browserName: chrome, chrome: {chromedriverVersion: 2.43.600229 (3fae4d0cda5334..., userDataDir: /var/folders/1t/c55l8xzs6gq...}, cssSelectorsEnabled: true, databaseEnabled: false, goog:chromeOptions: {debuggerAddress: localhost:62905}, handlesAlerts: true, hasTouchScreen: false, javascriptEnabled: true, locationContextEnabled: true, mobileEmulationEnabled: false, nativeEvents: true, networkConnectionEnabled: false, pageLoadStrategy: normal, platform: MAC, platformName: MAC, rotatable: false, setWindowRect: true, takesHeapSnapshot: true, takesScreenshot: true, unexpectedAlertBehaviour: , unhandledPromptBehavior: , version: 75.0.3770.90, webStorageEnabled: true}
Session ID: 88f991c5498f19ba6dc419f8d2b3f648)
	at com.kms.katalon.core.keyword.internal.KeywordMain.stepFailed(KeywordMain.groovy:36)
	at com.kms.katalon.core.webui.keyword.internal.WebUIKeywordMain.stepFailed(WebUIKeywordMain.groovy:65)
	at com.kms.katalon.core.webui.keyword.internal.WebUIKeywordMain.runKeyword(WebUIKeywordMain.groovy:27)
	at com.kms.katalon.core.webui.keyword.builtin.ClickKeyword.click(ClickKeyword.groovy:86)
	at com.kms.katalon.core.webui.keyword.builtin.ClickKeyword.execute(ClickKeyword.groovy:67)
	at com.kms.katalon.core.keyword.internal.KeywordExecutor.executeKeywordForPlatform(KeywordExecutor.groovy:53)
	at com.kms.katalon.core.webui.keyword.WebUiBuiltInKeywords.click(WebUiBuiltInKeywords.groovy:616)
	at com.kms.katalon.core.webui.keyword.WebUiBuiltInKeywords$click$4.call(Unknown Source)
	at CALL - PDP.run(CALL - PDP:55)
	at com.kms.katalon.core.main.ScriptEngine.run(ScriptEngine.java:194)
	at com.kms.katalon.core.main.ScriptEngine.runScriptAsRawText(ScriptEngine.java:119)
	at com.kms.katalon.core.main.TestCaseExecutor.runScript(TestCaseExecutor.java:328)
	at com.kms.katalon.core.main.TestCaseExecutor.doExecute(TestCaseExecutor.java:319)
	at com.kms.katalon.core.main.TestCaseExecutor.processExecutionPhase(TestCaseExecutor.java:298)
	at com.kms.katalon.core.main.TestCaseExecutor.accessMainPhase(TestCaseExecutor.java:290)
	at com.kms.katalon.core.main.TestCaseExecutor.execute(TestCaseExecutor.java:224)
	at com.kms.katalon.core.main.TestCaseMain.runTestCase(TestCaseMain.java:106)
	at com.kms.katalon.core.keyword.builtin.CallTestCaseKeyword$_callTestCase_closure1.doCall(CallTestCaseKeyword.groovy:59)
	at com.kms.katalon.core.keyword.builtin.CallTestCaseKeyword$_callTestCase_closure1.call(CallTestCaseKeyword.groovy)
	at com.kms.katalon.core.keyword.internal.KeywordMain.runKeyword(KeywordMain.groovy:54)
	at com.kms.katalon.core.keyword.builtin.CallTestCaseKeyword.callTestCase(CallTestCaseKeyword.groovy:80)
	at com.kms.katalon.core.keyword.builtin.CallTestCaseKeyword.execute(CallTestCaseKeyword.groovy:44)
	at com.kms.katalon.core.keyword.internal.KeywordExecutor.executeKeywordForPlatform(KeywordExecutor.groovy:53)
	at com.kms.katalon.core.keyword.BuiltinKeywords.callTestCase(BuiltinKeywords.groovy:334)
	at variants selector.run(variants selector:16)
	at com.kms.katalon.core.main.ScriptEngine.run(ScriptEngine.java:194)
	at com.kms.katalon.core.main.ScriptEngine.runScriptAsRawText(ScriptEngine.java:119)
	at com.kms.katalon.core.main.TestCaseExecutor.runScript(TestCaseExecutor.java:328)
	at com.kms.katalon.core.main.TestCaseExecutor.doExecute(TestCaseExecutor.java:319)
	at com.kms.katalon.core.main.TestCaseExecutor.processExecutionPhase(TestCaseExecutor.java:298)
	at com.kms.katalon.core.main.TestCaseExecutor.accessMainPhase(TestCaseExecutor.java:290)
	at com.kms.katalon.core.main.TestCaseExecutor.execute(TestCaseExecutor.java:224)
	at com.kms.katalon.core.main.TestSuiteExecutor.accessTestCaseMainPhase(TestSuiteExecutor.java:129)
	at com.kms.katalon.core.main.TestSuiteExecutor.accessTestSuiteMainPhase(TestSuiteExecutor.java:112)
	at com.kms.katalon.core.main.TestSuiteExecutor.execute(TestSuiteExecutor.java:81)
	at com.kms.katalon.core.main.TestCaseMain.startTestSuite(TestCaseMain.java:149)
	at com.kms.katalon.core.main.TestCaseMain$startTestSuite$0.call(Unknown Source)
	at TempTestSuite1560802135767.run(TempTestSuite1560802135767.groovy:36)


2019-06-17 16:23:49 - [TEST_STEP][FAILED] - callTestCase(findTestCase("OCS - MOBILE/CALL - PDP"), [:], STOP_ON_FAILURE): callTestCase(findTestCase("OCS - MOBILE/CALL - PDP"), [:], STOP_ON_FAILURE) FAILED.
Reason:
com.kms.katalon.core.exception.StepFailedException: Unable to click on object 'Object Repository/OCS-MOBILE /Age gate and burger menu/Dried Flower_Plus icon' (Root cause: org.openqa.selenium.WebDriverException: unknown error: Element <i class="icon icon--plus menu__tier-three__link--icon"></i> is not clickable at point (462, 120). Other element would receive the click: <ul class="menu__learn-more--mobile only-mobile-tablet">...</ul>
  (Session info: chrome=75.0.3770.90)
  (Driver info: chromedriver=2.43.600229 (3fae4d0cda5334b4f533bede5a4787f7b832d052),platform=Mac OS X 10.13.6 x86_64) (WARNING: The server did not provide any stacktrace information)
Command duration or timeout: 0 milliseconds
Build info: version: '3.7.1', revision: '8a0099a', time: '2017-11-06T21:07:36.161Z'
System info: host: 'sumans-MacBook-Pro.local', ip: 'fe80:0:0:0:10f0:11f1:8277:c429%en0', os.name: 'Mac OS X', os.arch: 'x86_64', os.version: '10.13.6', java.version: '1.8.0_181'
Driver info: com.kms.katalon.selenium.driver.CChromeDriver
Capabilities {acceptInsecureCerts: false, acceptSslCerts: false, applicationCacheEnabled: false, browserConnectionEnabled: false, browserName: chrome, chrome: {chromedriverVersion: 2.43.600229 (3fae4d0cda5334..., userDataDir: /var/folders/1t/c55l8xzs6gq...}, cssSelectorsEnabled: true, databaseEnabled: false, goog:chromeOptions: {debuggerAddress: localhost:62905}, handlesAlerts: true, hasTouchScreen: false, javascriptEnabled: true, locationContextEnabled: true, mobileEmulationEnabled: false, nativeEvents: true, networkConnectionEnabled: false, pageLoadStrategy: normal, platform: MAC, platformName: MAC, rotatable: false, setWindowRect: true, takesHeapSnapshot: true, takesScreenshot: true, unexpectedAlertBehaviour: , unhandledPromptBehavior: , version: 75.0.3770.90, webStorageEnabled: true}
Session ID: 88f991c5498f19ba6dc419f8d2b3f648)
	at com.kms.katalon.core.keyword.internal.KeywordMain.stepFailed(KeywordMain.groovy:36)
	at com.kms.katalon.core.webui.keyword.internal.WebUIKeywordMain.stepFailed(WebUIKeywordMain.groovy:65)
	at com.kms.katalon.core.webui.keyword.internal.WebUIKeywordMain.runKeyword(WebUIKeywordMain.groovy:27)
	at com.kms.katalon.core.webui.keyword.builtin.ClickKeyword.click(ClickKeyword.groovy:86)
	at com.kms.katalon.core.webui.keyword.builtin.ClickKeyword.execute(ClickKeyword.groovy:67)
	at com.kms.katalon.core.keyword.internal.KeywordExecutor.executeKeywordForPlatform(KeywordExecutor.groovy:53)
	at com.kms.katalon.core.webui.keyword.WebUiBuiltInKeywords.click(WebUiBuiltInKeywords.groovy:616)
	at com.kms.katalon.core.webui.keyword.WebUiBuiltInKeywords$click$4.call(Unknown Source)
	at CALL - PDP.run(CALL - PDP:55)
	at com.kms.katalon.core.main.ScriptEngine.run(ScriptEngine.java:194)
	at com.kms.katalon.core.main.ScriptEngine.runScriptAsRawText(ScriptEngine.java:119)
	at com.kms.katalon.core.main.TestCaseExecutor.runScript(TestCaseExecutor.java:328)
	at com.kms.katalon.core.main.TestCaseExecutor.doExecute(TestCaseExecutor.java:319)
	at com.kms.katalon.core.main.TestCaseExecutor.processExecutionPhase(TestCaseExecutor.java:298)
	at com.kms.katalon.core.main.TestCaseExecutor.accessMainPhase(TestCaseExecutor.java:290)
	at com.kms.katalon.core.main.TestCaseExecutor.execute(TestCaseExecutor.java:224)
	at com.kms.katalon.core.main.TestCaseMain.runTestCase(TestCaseMain.java:106)
	at com.kms.katalon.core.keyword.builtin.CallTestCaseKeyword$_callTestCase_closure1.doCall(CallTestCaseKeyword.groovy:59)
	at com.kms.katalon.core.keyword.builtin.CallTestCaseKeyword$_callTestCase_closure1.call(CallTestCaseKeyword.groovy)
	at com.kms.katalon.core.keyword.internal.KeywordMain.runKeyword(KeywordMain.groovy:54)
	at com.kms.katalon.core.keyword.builtin.CallTestCaseKeyword.callTestCase(CallTestCaseKeyword.groovy:80)
	at com.kms.katalon.core.keyword.builtin.CallTestCaseKeyword.execute(CallTestCaseKeyword.groovy:44)
	at com.kms.katalon.core.keyword.internal.KeywordExecutor.executeKeywordForPlatform(KeywordExecutor.groovy:53)
	at com.kms.katalon.core.keyword.BuiltinKeywords.callTestCase(BuiltinKeywords.groovy:334)
	at variants selector.run(variants selector:16)
	at com.kms.katalon.core.main.ScriptEngine.run(ScriptEngine.java:194)
	at com.kms.katalon.core.main.ScriptEngine.runScriptAsRawText(ScriptEngine.java:119)
	at com.kms.katalon.core.main.TestCaseExecutor.runScript(TestCaseExecutor.java:328)
	at com.kms.katalon.core.main.TestCaseExecutor.doExecute(TestCaseExecutor.java:319)
	at com.kms.katalon.core.main.TestCaseExecutor.processExecutionPhase(TestCaseExecutor.java:298)
	at com.kms.katalon.core.main.TestCaseExecutor.accessMainPhase(TestCaseExecutor.java:290)
	at com.kms.katalon.core.main.TestCaseExecutor.execute(TestCaseExecutor.java:224)
	at com.kms.katalon.core.main.TestSuiteExecutor.accessTestCaseMainPhase(TestSuiteExecutor.java:129)
	at com.kms.katalon.core.main.TestSuiteExecutor.accessTestSuiteMainPhase(TestSuiteExecutor.java:112)
	at com.kms.katalon.core.main.TestSuiteExecutor.execute(TestSuiteExecutor.java:81)
	at com.kms.katalon.core.main.TestCaseMain.startTestSuite(TestCaseMain.java:149)
	at com.kms.katalon.core.main.TestCaseMain$startTestSuite$0.call(Unknown Source)
	at TempTestSuite1560802135767.run(TempTestSuite1560802135767.groovy:36)


2019-06-17 16:23:49 - [TEST_CASE][FAILED] - Test Cases/OCS - MOBILE/CALL - PDP: Test Cases/OCS - MOBILE/CALL - PDP FAILED.
Reason:
com.kms.katalon.core.exception.StepFailedException: Unable to click on object 'Object Repository/OCS-MOBILE /Age gate and burger menu/Dried Flower_Plus icon' (Root cause: org.openqa.selenium.WebDriverException: unknown error: Element <i class="icon icon--plus menu__tier-three__link--icon"></i> is not clickable at point (462, 120). Other element would receive the click: <ul class="menu__learn-more--mobile only-mobile-tablet">...</ul>
  (Session info: chrome=75.0.3770.90)
  (Driver info: chromedriver=2.43.600229 (3fae4d0cda5334b4f533bede5a4787f7b832d052),platform=Mac OS X 10.13.6 x86_64) (WARNING: The server did not provide any stacktrace information)
Command duration or timeout: 0 milliseconds
Build info: version: '3.7.1', revision: '8a0099a', time: '2017-11-06T21:07:36.161Z'
System info: host: 'sumans-MacBook-Pro.local', ip: 'fe80:0:0:0:10f0:11f1:8277:c429%en0', os.name: 'Mac OS X', os.arch: 'x86_64', os.version: '10.13.6', java.version: '1.8.0_181'
Driver info: com.kms.katalon.selenium.driver.CChromeDriver
Capabilities {acceptInsecureCerts: false, acceptSslCerts: false, applicationCacheEnabled: false, browserConnectionEnabled: false, browserName: chrome, chrome: {chromedriverVersion: 2.43.600229 (3fae4d0cda5334..., userDataDir: /var/folders/1t/c55l8xzs6gq...}, cssSelectorsEnabled: true, databaseEnabled: false, goog:chromeOptions: {debuggerAddress: localhost:62905}, handlesAlerts: true, hasTouchScreen: false, javascriptEnabled: true, locationContextEnabled: true, mobileEmulationEnabled: false, nativeEvents: true, networkConnectionEnabled: false, pageLoadStrategy: normal, platform: MAC, platformName: MAC, rotatable: false, setWindowRect: true, takesHeapSnapshot: true, takesScreenshot: true, unexpectedAlertBehaviour: , unhandledPromptBehavior: , version: 75.0.3770.90, webStorageEnabled: true}
Session ID: 88f991c5498f19ba6dc419f8d2b3f648)
	at com.kms.katalon.core.keyword.internal.KeywordMain.stepFailed(KeywordMain.groovy:36)
	at com.kms.katalon.core.webui.keyword.internal.WebUIKeywordMain.stepFailed(WebUIKeywordMain.groovy:65)
	at com.kms.katalon.core.webui.keyword.internal.WebUIKeywordMain.runKeyword(WebUIKeywordMain.groovy:27)
	at com.kms.katalon.core.webui.keyword.builtin.ClickKeyword.click(ClickKeyword.groovy:86)
	at com.kms.katalon.core.webui.keyword.builtin.ClickKeyword.execute(ClickKeyword.groovy:67)
	at com.kms.katalon.core.keyword.internal.KeywordExecutor.executeKeywordForPlatform(KeywordExecutor.groovy:53)
	at com.kms.katalon.core.webui.keyword.WebUiBuiltInKeywords.click(WebUiBuiltInKeywords.groovy:616)
	at com.kms.katalon.core.webui.keyword.WebUiBuiltInKeywords$click$4.call(Unknown Source)
	at CALL - PDP.run(CALL - PDP:55)
	at com.kms.katalon.core.main.ScriptEngine.run(ScriptEngine.java:194)
	at com.kms.katalon.core.main.ScriptEngine.runScriptAsRawText(ScriptEngine.java:119)
	at com.kms.katalon.core.main.TestCaseExecutor.runScript(TestCaseExecutor.java:328)
	at com.kms.katalon.core.main.TestCaseExecutor.doExecute(TestCaseExecutor.java:319)
	at com.kms.katalon.core.main.TestCaseExecutor.processExecutionPhase(TestCaseExecutor.java:298)
	at com.kms.katalon.core.main.TestCaseExecutor.accessMainPhase(TestCaseExecutor.java:290)
	at com.kms.katalon.core.main.TestCaseExecutor.execute(TestCaseExecutor.java:224)
	at com.kms.katalon.core.main.TestCaseMain.runTestCase(TestCaseMain.java:106)
	at com.kms.katalon.core.keyword.builtin.CallTestCaseKeyword$_callTestCase_closure1.doCall(CallTestCaseKeyword.groovy:59)
	at com.kms.katalon.core.keyword.builtin.CallTestCaseKeyword$_callTestCase_closure1.call(CallTestCaseKeyword.groovy)
	at com.kms.katalon.core.keyword.internal.KeywordMain.runKeyword(KeywordMain.groovy:54)
	at com.kms.katalon.core.keyword.builtin.CallTestCaseKeyword.callTestCase(CallTestCaseKeyword.groovy:80)
	at com.kms.katalon.core.keyword.builtin.CallTestCaseKeyword.execute(CallTestCaseKeyword.groovy:44)
	at com.kms.katalon.core.keyword.internal.KeywordExecutor.executeKeywordForPlatform(KeywordExecutor.groovy:53)
	at com.kms.katalon.core.keyword.BuiltinKeywords.callTestCase(BuiltinKeywords.groovy:334)
	at variants selector.run(variants selector:16)
	at com.kms.katalon.core.main.ScriptEngine.run(ScriptEngine.java:194)
	at com.kms.katalon.core.main.ScriptEngine.runScriptAsRawText(ScriptEngine.java:119)
	at com.kms.katalon.core.main.TestCaseExecutor.runScript(TestCaseExecutor.java:328)
	at com.kms.katalon.core.main.TestCaseExecutor.doExecute(TestCaseExecutor.java:319)
	at com.kms.katalon.core.main.TestCaseExecutor.processExecutionPhase(TestCaseExecutor.java:298)
	at com.kms.katalon.core.main.TestCaseExecutor.accessMainPhase(TestCaseExecutor.java:290)
	at com.kms.katalon.core.main.TestCaseExecutor.execute(TestCaseExecutor.java:224)
	at com.kms.katalon.core.main.TestSuiteExecutor.accessTestCaseMainPhase(TestSuiteExecutor.java:129)
	at com.kms.katalon.core.main.TestSuiteExecutor.accessTestSuiteMainPhase(TestSuiteExecutor.java:112)
	at com.kms.katalon.core.main.TestSuiteExecutor.execute(TestSuiteExecutor.java:81)
	at com.kms.katalon.core.main.TestCaseMain.startTestSuite(TestCaseMain.java:149)
	at com.kms.katalon.core.main.TestCaseMain$startTestSuite$0.call(Unknown Source)
	at TempTestSuite1560802135767.run(TempTestSuite1560802135767.groovy:36)


2019-06-17 16:23:49 - [TEST_STEP][PASSED] - openBrowser(""): Browser is opened with url: ''

2019-06-17 16:23:49 - [MESSAGE][WARNING] - A browser is already opened. Closing browser and opening a new one

2019-06-17 16:23:49 - [MESSAGE][INFO] - Starting 'Chrome' driver

2019-06-17 16:23:50 - [MESSAGE][PASSED] - Browser is opened with url: ''

2019-06-17 16:23:50 - [TEST_STEP][PASSED] - navigateToUrl("https://ocs.ca/?fts=0&preview_theme_id=72920106828"): Navigate to 'https://ocs.ca/?fts=0&preview_theme_id=72920106828' successfully

2019-06-17 16:23:56 - [MESSAGE][PASSED] - Navigate to 'https://ocs.ca/?fts=0&preview_theme_id=72920106828' successfully

2019-06-17 16:23:56 - [TEST_STEP][PASSED] - executeJavaScript("var previewBar = document.getElementById("preview-bar-iframe"); previewBar.style.display = "none";", []): Execute JavaScript 'var previewBar = document.getElementById("preview-bar-iframe"); previewBar.style.display = "none";' successfully

2019-06-17 16:23:56 - [MESSAGE][PASSED] - Execute JavaScript 'var previewBar = document.getElementById("preview-bar-iframe"); previewBar.style.display = "none";' successfully

2019-06-17 16:23:56 - [TEST_STEP][PASSED] - setViewPortSize(360, 800): Viewport is set to new size with width = 360 and height = 800

2019-06-17 16:23:56 - [MESSAGE][PASSED] - Viewport is set to new size with width = 360 and height = 800

2019-06-17 16:23:56 - [TEST_STEP][PASSED] - delay(4): Delayed 4 second(s)

2019-06-17 16:24:00 - [MESSAGE][PASSED] - Delayed 4 second(s)

2019-06-17 16:24:00 - [TEST_STEP][PASSED] - selectOptionByValue(findTestObject("OCS-MOBILE /Age gate and burger menu/Date"), "12", true): All options with value '12' are selected in object 'Object Repository/OCS-MOBILE /Age gate and burger menu/Date'  using regular expression

2019-06-17 16:24:01 - [MESSAGE][PASSED] - All options with value '12' are selected in object 'Object Repository/OCS-MOBILE /Age gate and burger menu/Date'  using regular expression

2019-06-17 16:24:01 - [TEST_STEP][PASSED] - selectOptionByValue(findTestObject("OCS-MOBILE /Age gate and burger menu/month"), "6", true): All options with value '6' are selected in object 'Object Repository/OCS-MOBILE /Age gate and burger menu/month'  using regular expression

2019-06-17 16:24:01 - [MESSAGE][PASSED] - All options with value '6' are selected in object 'Object Repository/OCS-MOBILE /Age gate and burger menu/month'  using regular expression

2019-06-17 16:24:01 - [TEST_STEP][PASSED] - delay(2): Delayed 2 second(s)

2019-06-17 16:24:03 - [MESSAGE][PASSED] - Delayed 2 second(s)

2019-06-17 16:24:03 - [TEST_STEP][PASSED] - selectOptionByValue(findTestObject("OCS-MOBILE /Age gate and burger menu/Year Dropdown"), "1990", true): All options with value '1990' are selected in object 'Object Repository/OCS-MOBILE /Age gate and burger menu/Year Dropdown'  using regular expression

2019-06-17 16:24:04 - [MESSAGE][PASSED] - All options with value '1990' are selected in object 'Object Repository/OCS-MOBILE /Age gate and burger menu/Year Dropdown'  using regular expression

2019-06-17 16:24:04 - [TEST_STEP][PASSED] - click(findTestObject("OCS-MOBILE /Age gate and Mega menu/button_Verify")): Object: 'Object Repository/OCS-MOBILE /Age gate and Mega menu/button_Verify' is clicked on

2019-06-17 16:24:04 - [MESSAGE][PASSED] - Object: 'Object Repository/OCS-MOBILE /Age gate and Mega menu/button_Verify' is clicked on

2019-06-17 16:24:04 - [TEST_STEP][PASSED] - click(findTestObject("OCS-MOBILE /Age gate and Mega menu/Checkbox_CONFIRM AND ACKNOWLEDGE")): Object: 'Object Repository/OCS-MOBILE /Age gate and Mega menu/Checkbox_CONFIRM AND ACKNOWLEDGE' is clicked on

2019-06-17 16:24:04 - [MESSAGE][PASSED] - Object: 'Object Repository/OCS-MOBILE /Age gate and Mega menu/Checkbox_CONFIRM AND ACKNOWLEDGE' is clicked on

2019-06-17 16:24:04 - [TEST_STEP][PASSED] - click(findTestObject("OCS-MOBILE /Age gate and Mega menu/button_CONFIRM")): Object: 'Object Repository/OCS-MOBILE /Age gate and Mega menu/button_CONFIRM' is clicked on

2019-06-17 16:24:04 - [MESSAGE][PASSED] - Object: 'Object Repository/OCS-MOBILE /Age gate and Mega menu/button_CONFIRM' is clicked on

2019-06-17 16:24:04 - [TEST_STEP][PASSED] - click(findTestObject("OCS-MOBILE /Age gate and Mega menu/button_Start Browsing")): Object: 'Object Repository/OCS-MOBILE /Age gate and Mega menu/button_Start Browsing' is clicked on

2019-06-17 16:24:04 - [MESSAGE][PASSED] - Object: 'Object Repository/OCS-MOBILE /Age gate and Mega menu/button_Start Browsing' is clicked on

2019-06-17 16:24:04 - [TEST_STEP][PASSED] - refresh(): Refresh successfully

2019-06-17 16:24:07 - [MESSAGE][PASSED] - Refresh successfully

2019-06-17 16:24:07 - [TEST_STEP][PASSED] - delay(2): Delayed 2 second(s)

2019-06-17 16:24:09 - [MESSAGE][PASSED] - Delayed 2 second(s)

2019-06-17 16:24:09 - [TEST_STEP][PASSED] - click(findTestObject("OCS-MOBILE /Age gate and burger menu/Burger menu - English")): Object: 'Object Repository/OCS-MOBILE /Age gate and burger menu/Burger menu - English' is clicked on

2019-06-17 16:24:09 - [MESSAGE][PASSED] - Object: 'Object Repository/OCS-MOBILE /Age gate and burger menu/Burger menu - English' is clicked on

2019-06-17 16:24:09 - [TEST_STEP][PASSED] - delay(2): Delayed 2 second(s)

2019-06-17 16:24:11 - [MESSAGE][PASSED] - Delayed 2 second(s)

2019-06-17 16:24:11 - [TEST_STEP][PASSED] - click(findTestObject("OCS-MOBILE /Age gate and burger menu/Chevron_Cannabis")): Object: 'Object Repository/OCS-MOBILE /Age gate and burger menu/Chevron_Cannabis' is clicked on

2019-06-17 16:24:11 - [MESSAGE][PASSED] - Object: 'Object Repository/OCS-MOBILE /Age gate and burger menu/Chevron_Cannabis' is clicked on

2019-06-17 16:24:11 - [TEST_STEP][PASSED] - delay(2): Delayed 2 second(s)

2019-06-17 16:24:13 - [MESSAGE][PASSED] - Delayed 2 second(s)

2019-06-17 16:24:13 - [TEST_STEP][FAILED] - click(findTestObject("OCS-MOBILE /Age gate and burger menu/Dried Flower_Plus icon")): click(findTestObject("OCS-MOBILE /Age gate and burger menu/Dried Flower_Plus icon")) FAILED.
Reason:
com.kms.katalon.core.exception.StepFailedException: Unable to click on object 'Object Repository/OCS-MOBILE /Age gate and burger menu/Dried Flower_Plus icon' (Root cause: org.openqa.selenium.WebDriverException: unknown error: Element <i class="icon icon--plus menu__tier-three__link--icon"></i> is not clickable at point (462, 120). Other element would receive the click: <ul class="menu__learn-more--mobile only-mobile-tablet">...</ul>
  (Session info: chrome=75.0.3770.90)
  (Driver info: chromedriver=2.43.600229 (3fae4d0cda5334b4f533bede5a4787f7b832d052),platform=Mac OS X 10.13.6 x86_64) (WARNING: The server did not provide any stacktrace information)
Command duration or timeout: 0 milliseconds
Build info: version: '3.7.1', revision: '8a0099a', time: '2017-11-06T21:07:36.161Z'
System info: host: 'sumans-MacBook-Pro.local', ip: 'fe80:0:0:0:10f0:11f1:8277:c429%en0', os.name: 'Mac OS X', os.arch: 'x86_64', os.version: '10.13.6', java.version: '1.8.0_181'
Driver info: com.kms.katalon.selenium.driver.CChromeDriver
Capabilities {acceptInsecureCerts: false, acceptSslCerts: false, applicationCacheEnabled: false, browserConnectionEnabled: false, browserName: chrome, chrome: {chromedriverVersion: 2.43.600229 (3fae4d0cda5334..., userDataDir: /var/folders/1t/c55l8xzs6gq...}, cssSelectorsEnabled: true, databaseEnabled: false, goog:chromeOptions: {debuggerAddress: localhost:62905}, handlesAlerts: true, hasTouchScreen: false, javascriptEnabled: true, locationContextEnabled: true, mobileEmulationEnabled: false, nativeEvents: true, networkConnectionEnabled: false, pageLoadStrategy: normal, platform: MAC, platformName: MAC, rotatable: false, setWindowRect: true, takesHeapSnapshot: true, takesScreenshot: true, unexpectedAlertBehaviour: , unhandledPromptBehavior: , version: 75.0.3770.90, webStorageEnabled: true}
Session ID: 88f991c5498f19ba6dc419f8d2b3f648)
	at com.kms.katalon.core.keyword.internal.KeywordMain.stepFailed(KeywordMain.groovy:36)
	at com.kms.katalon.core.webui.keyword.internal.WebUIKeywordMain.stepFailed(WebUIKeywordMain.groovy:65)
	at com.kms.katalon.core.webui.keyword.internal.WebUIKeywordMain.runKeyword(WebUIKeywordMain.groovy:27)
	at com.kms.katalon.core.webui.keyword.builtin.ClickKeyword.click(ClickKeyword.groovy:86)
	at com.kms.katalon.core.webui.keyword.builtin.ClickKeyword.execute(ClickKeyword.groovy:67)
	at com.kms.katalon.core.keyword.internal.KeywordExecutor.executeKeywordForPlatform(KeywordExecutor.groovy:53)
	at com.kms.katalon.core.webui.keyword.WebUiBuiltInKeywords.click(WebUiBuiltInKeywords.groovy:616)
	at com.kms.katalon.core.webui.keyword.WebUiBuiltInKeywords$click$4.call(Unknown Source)
	at CALL - PDP.run(CALL - PDP:55)
	at com.kms.katalon.core.main.ScriptEngine.run(ScriptEngine.java:194)
	at com.kms.katalon.core.main.ScriptEngine.runScriptAsRawText(ScriptEngine.java:119)
	at com.kms.katalon.core.main.TestCaseExecutor.runScript(TestCaseExecutor.java:328)
	at com.kms.katalon.core.main.TestCaseExecutor.doExecute(TestCaseExecutor.java:319)
	at com.kms.katalon.core.main.TestCaseExecutor.processExecutionPhase(TestCaseExecutor.java:298)
	at com.kms.katalon.core.main.TestCaseExecutor.accessMainPhase(TestCaseExecutor.java:290)
	at com.kms.katalon.core.main.TestCaseExecutor.execute(TestCaseExecutor.java:224)
	at com.kms.katalon.core.main.TestCaseMain.runTestCase(TestCaseMain.java:106)
	at com.kms.katalon.core.keyword.builtin.CallTestCaseKeyword$_callTestCase_closure1.doCall(CallTestCaseKeyword.groovy:59)
	at com.kms.katalon.core.keyword.builtin.CallTestCaseKeyword$_callTestCase_closure1.call(CallTestCaseKeyword.groovy)
	at com.kms.katalon.core.keyword.internal.KeywordMain.runKeyword(KeywordMain.groovy:54)
	at com.kms.katalon.core.keyword.builtin.CallTestCaseKeyword.callTestCase(CallTestCaseKeyword.groovy:80)
	at com.kms.katalon.core.keyword.builtin.CallTestCaseKeyword.execute(CallTestCaseKeyword.groovy:44)
	at com.kms.katalon.core.keyword.internal.KeywordExecutor.executeKeywordForPlatform(KeywordExecutor.groovy:53)
	at com.kms.katalon.core.keyword.BuiltinKeywords.callTestCase(BuiltinKeywords.groovy:334)
	at variants selector.run(variants selector:16)
	at com.kms.katalon.core.main.ScriptEngine.run(ScriptEngine.java:194)
	at com.kms.katalon.core.main.ScriptEngine.runScriptAsRawText(ScriptEngine.java:119)
	at com.kms.katalon.core.main.TestCaseExecutor.runScript(TestCaseExecutor.java:328)
	at com.kms.katalon.core.main.TestCaseExecutor.doExecute(TestCaseExecutor.java:319)
	at com.kms.katalon.core.main.TestCaseExecutor.processExecutionPhase(TestCaseExecutor.java:298)
	at com.kms.katalon.core.main.TestCaseExecutor.accessMainPhase(TestCaseExecutor.java:290)
	at com.kms.katalon.core.main.TestCaseExecutor.execute(TestCaseExecutor.java:224)
	at com.kms.katalon.core.main.TestSuiteExecutor.accessTestCaseMainPhase(TestSuiteExecutor.java:129)
	at com.kms.katalon.core.main.TestSuiteExecutor.accessTestSuiteMainPhase(TestSuiteExecutor.java:112)
	at com.kms.katalon.core.main.TestSuiteExecutor.execute(TestSuiteExecutor.java:81)
	at com.kms.katalon.core.main.TestCaseMain.startTestSuite(TestCaseMain.java:149)
	at com.kms.katalon.core.main.TestCaseMain$startTestSuite$0.call(Unknown Source)
	at TempTestSuite1560802135767.run(TempTestSuite1560802135767.groovy:36)


2019-06-17 16:24:13 - [MESSAGE][FAILED] - Unable to click on object 'Object Repository/OCS-MOBILE /Age gate and burger menu/Dried Flower_Plus icon' (Root cause: org.openqa.selenium.WebDriverException: unknown error: Element <i class="icon icon--plus menu__tier-three__link--icon"></i> is not clickable at point (462, 120). Other element would receive the click: <ul class="menu__learn-more--mobile only-mobile-tablet">...</ul>
  (Session info: chrome=75.0.3770.90)
  (Driver info: chromedriver=2.43.600229 (3fae4d0cda5334b4f533bede5a4787f7b832d052),platform=Mac OS X 10.13.6 x86_64) (WARNING: The server did not provide any stacktrace information)
Command duration or timeout: 0 milliseconds
Build info: version: '3.7.1', revision: '8a0099a', time: '2017-11-06T21:07:36.161Z'
System info: host: 'sumans-MacBook-Pro.local', ip: 'fe80:0:0:0:10f0:11f1:8277:c429%en0', os.name: 'Mac OS X', os.arch: 'x86_64', os.version: '10.13.6', java.version: '1.8.0_181'
Driver info: com.kms.katalon.selenium.driver.CChromeDriver
Capabilities {acceptInsecureCerts: false, acceptSslCerts: false, applicationCacheEnabled: false, browserConnectionEnabled: false, browserName: chrome, chrome: {chromedriverVersion: 2.43.600229 (3fae4d0cda5334..., userDataDir: /var/folders/1t/c55l8xzs6gq...}, cssSelectorsEnabled: true, databaseEnabled: false, goog:chromeOptions: {debuggerAddress: localhost:62905}, handlesAlerts: true, hasTouchScreen: false, javascriptEnabled: true, locationContextEnabled: true, mobileEmulationEnabled: false, nativeEvents: true, networkConnectionEnabled: false, pageLoadStrategy: normal, platform: MAC, platformName: MAC, rotatable: false, setWindowRect: true, takesHeapSnapshot: true, takesScreenshot: true, unexpectedAlertBehaviour: , unhandledPromptBehavior: , version: 75.0.3770.90, webStorageEnabled: true}
Session ID: 88f991c5498f19ba6dc419f8d2b3f648)
[[ATTACHMENT|/Users/sumankompelly/Relative xpath-Mobile/Reports/OCS- 1.10.1/20190617_160855/1560803053455.png]]

2019-06-17 16:24:13 - [MESSAGE][FAILED] - click(findTestObject("OCS-MOBILE /Age gate and burger menu/Dried Flower_Plus icon")) FAILED.
Reason:
com.kms.katalon.core.exception.StepFailedException: Unable to click on object 'Object Repository/OCS-MOBILE /Age gate and burger menu/Dried Flower_Plus icon' (Root cause: org.openqa.selenium.WebDriverException: unknown error: Element <i class="icon icon--plus menu__tier-three__link--icon"></i> is not clickable at point (462, 120). Other element would receive the click: <ul class="menu__learn-more--mobile only-mobile-tablet">...</ul>
  (Session info: chrome=75.0.3770.90)
  (Driver info: chromedriver=2.43.600229 (3fae4d0cda5334b4f533bede5a4787f7b832d052),platform=Mac OS X 10.13.6 x86_64) (WARNING: The server did not provide any stacktrace information)
Command duration or timeout: 0 milliseconds
Build info: version: '3.7.1', revision: '8a0099a', time: '2017-11-06T21:07:36.161Z'
System info: host: 'sumans-MacBook-Pro.local', ip: 'fe80:0:0:0:10f0:11f1:8277:c429%en0', os.name: 'Mac OS X', os.arch: 'x86_64', os.version: '10.13.6', java.version: '1.8.0_181'
Driver info: com.kms.katalon.selenium.driver.CChromeDriver
Capabilities {acceptInsecureCerts: false, acceptSslCerts: false, applicationCacheEnabled: false, browserConnectionEnabled: false, browserName: chrome, chrome: {chromedriverVersion: 2.43.600229 (3fae4d0cda5334..., userDataDir: /var/folders/1t/c55l8xzs6gq...}, cssSelectorsEnabled: true, databaseEnabled: false, goog:chromeOptions: {debuggerAddress: localhost:62905}, handlesAlerts: true, hasTouchScreen: false, javascriptEnabled: true, locationContextEnabled: true, mobileEmulationEnabled: false, nativeEvents: true, networkConnectionEnabled: false, pageLoadStrategy: normal, platform: MAC, platformName: MAC, rotatable: false, setWindowRect: true, takesHeapSnapshot: true, takesScreenshot: true, unexpectedAlertBehaviour: , unhandledPromptBehavior: , version: 75.0.3770.90, webStorageEnabled: true}
Session ID: 88f991c5498f19ba6dc419f8d2b3f648)
	at com.kms.katalon.core.keyword.internal.KeywordMain.stepFailed(KeywordMain.groovy:36)
	at com.kms.katalon.core.webui.keyword.internal.WebUIKeywordMain.stepFailed(WebUIKeywordMain.groovy:65)
	at com.kms.katalon.core.webui.keyword.internal.WebUIKeywordMain.runKeyword(WebUIKeywordMain.groovy:27)
	at com.kms.katalon.core.webui.keyword.builtin.ClickKeyword.click(ClickKeyword.groovy:86)
	at com.kms.katalon.core.webui.keyword.builtin.ClickKeyword.execute(ClickKeyword.groovy:67)
	at com.kms.katalon.core.keyword.internal.KeywordExecutor.executeKeywordForPlatform(KeywordExecutor.groovy:53)
	at com.kms.katalon.core.webui.keyword.WebUiBuiltInKeywords.click(WebUiBuiltInKeywords.groovy:616)
	at com.kms.katalon.core.webui.keyword.WebUiBuiltInKeywords$click$4.call(Unknown Source)
	at CALL - PDP.run(CALL - PDP:55)
	at com.kms.katalon.core.main.ScriptEngine.run(ScriptEngine.java:194)
	at com.kms.katalon.core.main.ScriptEngine.runScriptAsRawText(ScriptEngine.java:119)
	at com.kms.katalon.core.main.TestCaseExecutor.runScript(TestCaseExecutor.java:328)
	at com.kms.katalon.core.main.TestCaseExecutor.doExecute(TestCaseExecutor.java:319)
	at com.kms.katalon.core.main.TestCaseExecutor.processExecutionPhase(TestCaseExecutor.java:298)
	at com.kms.katalon.core.main.TestCaseExecutor.accessMainPhase(TestCaseExecutor.java:290)
	at com.kms.katalon.core.main.TestCaseExecutor.execute(TestCaseExecutor.java:224)
	at com.kms.katalon.core.main.TestCaseMain.runTestCase(TestCaseMain.java:106)
	at com.kms.katalon.core.keyword.builtin.CallTestCaseKeyword$_callTestCase_closure1.doCall(CallTestCaseKeyword.groovy:59)
	at com.kms.katalon.core.keyword.builtin.CallTestCaseKeyword$_callTestCase_closure1.call(CallTestCaseKeyword.groovy)
	at com.kms.katalon.core.keyword.internal.KeywordMain.runKeyword(KeywordMain.groovy:54)
	at com.kms.katalon.core.keyword.builtin.CallTestCaseKeyword.callTestCase(CallTestCaseKeyword.groovy:80)
	at com.kms.katalon.core.keyword.builtin.CallTestCaseKeyword.execute(CallTestCaseKeyword.groovy:44)
	at com.kms.katalon.core.keyword.internal.KeywordExecutor.executeKeywordForPlatform(KeywordExecutor.groovy:53)
	at com.kms.katalon.core.keyword.BuiltinKeywords.callTestCase(BuiltinKeywords.groovy:334)
	at variants selector.run(variants selector:16)
	at com.kms.katalon.core.main.ScriptEngine.run(ScriptEngine.java:194)
	at com.kms.katalon.core.main.ScriptEngine.runScriptAsRawText(ScriptEngine.java:119)
	at com.kms.katalon.core.main.TestCaseExecutor.runScript(TestCaseExecutor.java:328)
	at com.kms.katalon.core.main.TestCaseExecutor.doExecute(TestCaseExecutor.java:319)
	at com.kms.katalon.core.main.TestCaseExecutor.processExecutionPhase(TestCaseExecutor.java:298)
	at com.kms.katalon.core.main.TestCaseExecutor.accessMainPhase(TestCaseExecutor.java:290)
	at com.kms.katalon.core.main.TestCaseExecutor.execute(TestCaseExecutor.java:224)
	at com.kms.katalon.core.main.TestSuiteExecutor.accessTestCaseMainPhase(TestSuiteExecutor.java:129)
	at com.kms.katalon.core.main.TestSuiteExecutor.accessTestSuiteMainPhase(TestSuiteExecutor.java:112)
	at com.kms.katalon.core.main.TestSuiteExecutor.execute(TestSuiteExecutor.java:81)
	at com.kms.katalon.core.main.TestCaseMain.startTestSuite(TestCaseMain.java:149)
	at com.kms.katalon.core.main.TestCaseMain$startTestSuite$0.call(Unknown Source)
	at TempTestSuite1560802135767.run(TempTestSuite1560802135767.groovy:36)


2019-06-17 16:24:13 - [MESSAGE][FAILED] - Unable to call Test Case 'Test Cases/OCS - MOBILE/CALL - PDP' (Root cause: com.kms.katalon.core.exception.StepFailedException: Call Test Case 'Test Cases/OCS - MOBILE/CALL - PDP' failed)

2019-06-17 16:24:13 - [MESSAGE][FAILED] - callTestCase(findTestCase("OCS - MOBILE/CALL - PDP"), [:], STOP_ON_FAILURE) FAILED.
Reason:
com.kms.katalon.core.exception.StepFailedException: Unable to click on object 'Object Repository/OCS-MOBILE /Age gate and burger menu/Dried Flower_Plus icon' (Root cause: org.openqa.selenium.WebDriverException: unknown error: Element <i class="icon icon--plus menu__tier-three__link--icon"></i> is not clickable at point (462, 120). Other element would receive the click: <ul class="menu__learn-more--mobile only-mobile-tablet">...</ul>
  (Session info: chrome=75.0.3770.90)
  (Driver info: chromedriver=2.43.600229 (3fae4d0cda5334b4f533bede5a4787f7b832d052),platform=Mac OS X 10.13.6 x86_64) (WARNING: The server did not provide any stacktrace information)
Command duration or timeout: 0 milliseconds
Build info: version: '3.7.1', revision: '8a0099a', time: '2017-11-06T21:07:36.161Z'
System info: host: 'sumans-MacBook-Pro.local', ip: 'fe80:0:0:0:10f0:11f1:8277:c429%en0', os.name: 'Mac OS X', os.arch: 'x86_64', os.version: '10.13.6', java.version: '1.8.0_181'
Driver info: com.kms.katalon.selenium.driver.CChromeDriver
Capabilities {acceptInsecureCerts: false, acceptSslCerts: false, applicationCacheEnabled: false, browserConnectionEnabled: false, browserName: chrome, chrome: {chromedriverVersion: 2.43.600229 (3fae4d0cda5334..., userDataDir: /var/folders/1t/c55l8xzs6gq...}, cssSelectorsEnabled: true, databaseEnabled: false, goog:chromeOptions: {debuggerAddress: localhost:62905}, handlesAlerts: true, hasTouchScreen: false, javascriptEnabled: true, locationContextEnabled: true, mobileEmulationEnabled: false, nativeEvents: true, networkConnectionEnabled: false, pageLoadStrategy: normal, platform: MAC, platformName: MAC, rotatable: false, setWindowRect: true, takesHeapSnapshot: true, takesScreenshot: true, unexpectedAlertBehaviour: , unhandledPromptBehavior: , version: 75.0.3770.90, webStorageEnabled: true}
Session ID: 88f991c5498f19ba6dc419f8d2b3f648)
	at com.kms.katalon.core.keyword.internal.KeywordMain.stepFailed(KeywordMain.groovy:36)
	at com.kms.katalon.core.webui.keyword.internal.WebUIKeywordMain.stepFailed(WebUIKeywordMain.groovy:65)
	at com.kms.katalon.core.webui.keyword.internal.WebUIKeywordMain.runKeyword(WebUIKeywordMain.groovy:27)
	at com.kms.katalon.core.webui.keyword.builtin.ClickKeyword.click(ClickKeyword.groovy:86)
	at com.kms.katalon.core.webui.keyword.builtin.ClickKeyword.execute(ClickKeyword.groovy:67)
	at com.kms.katalon.core.keyword.internal.KeywordExecutor.executeKeywordForPlatform(KeywordExecutor.groovy:53)
	at com.kms.katalon.core.webui.keyword.WebUiBuiltInKeywords.click(WebUiBuiltInKeywords.groovy:616)
	at com.kms.katalon.core.webui.keyword.WebUiBuiltInKeywords$click$4.call(Unknown Source)
	at CALL - PDP.run(CALL - PDP:55)
	at com.kms.katalon.core.main.ScriptEngine.run(ScriptEngine.java:194)
	at com.kms.katalon.core.main.ScriptEngine.runScriptAsRawText(ScriptEngine.java:119)
	at com.kms.katalon.core.main.TestCaseExecutor.runScript(TestCaseExecutor.java:328)
	at com.kms.katalon.core.main.TestCaseExecutor.doExecute(TestCaseExecutor.java:319)
	at com.kms.katalon.core.main.TestCaseExecutor.processExecutionPhase(TestCaseExecutor.java:298)
	at com.kms.katalon.core.main.TestCaseExecutor.accessMainPhase(TestCaseExecutor.java:290)
	at com.kms.katalon.core.main.TestCaseExecutor.execute(TestCaseExecutor.java:224)
	at com.kms.katalon.core.main.TestCaseMain.runTestCase(TestCaseMain.java:106)
	at com.kms.katalon.core.keyword.builtin.CallTestCaseKeyword$_callTestCase_closure1.doCall(CallTestCaseKeyword.groovy:59)
	at com.kms.katalon.core.keyword.builtin.CallTestCaseKeyword$_callTestCase_closure1.call(CallTestCaseKeyword.groovy)
	at com.kms.katalon.core.keyword.internal.KeywordMain.runKeyword(KeywordMain.groovy:54)
	at com.kms.katalon.core.keyword.builtin.CallTestCaseKeyword.callTestCase(CallTestCaseKeyword.groovy:80)
	at com.kms.katalon.core.keyword.builtin.CallTestCaseKeyword.execute(CallTestCaseKeyword.groovy:44)
	at com.kms.katalon.core.keyword.internal.KeywordExecutor.executeKeywordForPlatform(KeywordExecutor.groovy:53)
	at com.kms.katalon.core.keyword.BuiltinKeywords.callTestCase(BuiltinKeywords.groovy:334)
	at variants selector.run(variants selector:16)
	at com.kms.katalon.core.main.ScriptEngine.run(ScriptEngine.java:194)
	at com.kms.katalon.core.main.ScriptEngine.runScriptAsRawText(ScriptEngine.java:119)
	at com.kms.katalon.core.main.TestCaseExecutor.runScript(TestCaseExecutor.java:328)
	at com.kms.katalon.core.main.TestCaseExecutor.doExecute(TestCaseExecutor.java:319)
	at com.kms.katalon.core.main.TestCaseExecutor.processExecutionPhase(TestCaseExecutor.java:298)
	at com.kms.katalon.core.main.TestCaseExecutor.accessMainPhase(TestCaseExecutor.java:290)
	at com.kms.katalon.core.main.TestCaseExecutor.execute(TestCaseExecutor.java:224)
	at com.kms.katalon.core.main.TestSuiteExecutor.accessTestCaseMainPhase(TestSuiteExecutor.java:129)
	at com.kms.katalon.core.main.TestSuiteExecutor.accessTestSuiteMainPhase(TestSuiteExecutor.java:112)
	at com.kms.katalon.core.main.TestSuiteExecutor.execute(TestSuiteExecutor.java:81)
	at com.kms.katalon.core.main.TestCaseMain.startTestSuite(TestCaseMain.java:149)
	at com.kms.katalon.core.main.TestCaseMain$startTestSuite$0.call(Unknown Source)
	at TempTestSuite1560802135767.run(TempTestSuite1560802135767.groovy:36)]]></system-out>
         <system-err><![CDATA[2019-06-17 16:23:49 - [TEST_CASE][FAILED] - Test Cases/OCS - MOBILE/OCS- PRODUCT PAGE/variants selector: Test Cases/OCS - MOBILE/OCS- PRODUCT PAGE/variants selector FAILED.
Reason:
com.kms.katalon.core.exception.StepFailedException: Unable to click on object 'Object Repository/OCS-MOBILE /Age gate and burger menu/Dried Flower_Plus icon' (Root cause: org.openqa.selenium.WebDriverException: unknown error: Element <i class="icon icon--plus menu__tier-three__link--icon"></i> is not clickable at point (462, 120). Other element would receive the click: <ul class="menu__learn-more--mobile only-mobile-tablet">...</ul>
  (Session info: chrome=75.0.3770.90)
  (Driver info: chromedriver=2.43.600229 (3fae4d0cda5334b4f533bede5a4787f7b832d052),platform=Mac OS X 10.13.6 x86_64) (WARNING: The server did not provide any stacktrace information)
Command duration or timeout: 0 milliseconds
Build info: version: '3.7.1', revision: '8a0099a', time: '2017-11-06T21:07:36.161Z'
System info: host: 'sumans-MacBook-Pro.local', ip: 'fe80:0:0:0:10f0:11f1:8277:c429%en0', os.name: 'Mac OS X', os.arch: 'x86_64', os.version: '10.13.6', java.version: '1.8.0_181'
Driver info: com.kms.katalon.selenium.driver.CChromeDriver
Capabilities {acceptInsecureCerts: false, acceptSslCerts: false, applicationCacheEnabled: false, browserConnectionEnabled: false, browserName: chrome, chrome: {chromedriverVersion: 2.43.600229 (3fae4d0cda5334..., userDataDir: /var/folders/1t/c55l8xzs6gq...}, cssSelectorsEnabled: true, databaseEnabled: false, goog:chromeOptions: {debuggerAddress: localhost:62905}, handlesAlerts: true, hasTouchScreen: false, javascriptEnabled: true, locationContextEnabled: true, mobileEmulationEnabled: false, nativeEvents: true, networkConnectionEnabled: false, pageLoadStrategy: normal, platform: MAC, platformName: MAC, rotatable: false, setWindowRect: true, takesHeapSnapshot: true, takesScreenshot: true, unexpectedAlertBehaviour: , unhandledPromptBehavior: , version: 75.0.3770.90, webStorageEnabled: true}
Session ID: 88f991c5498f19ba6dc419f8d2b3f648)
	at com.kms.katalon.core.keyword.internal.KeywordMain.stepFailed(KeywordMain.groovy:36)
	at com.kms.katalon.core.webui.keyword.internal.WebUIKeywordMain.stepFailed(WebUIKeywordMain.groovy:65)
	at com.kms.katalon.core.webui.keyword.internal.WebUIKeywordMain.runKeyword(WebUIKeywordMain.groovy:27)
	at com.kms.katalon.core.webui.keyword.builtin.ClickKeyword.click(ClickKeyword.groovy:86)
	at com.kms.katalon.core.webui.keyword.builtin.ClickKeyword.execute(ClickKeyword.groovy:67)
	at com.kms.katalon.core.keyword.internal.KeywordExecutor.executeKeywordForPlatform(KeywordExecutor.groovy:53)
	at com.kms.katalon.core.webui.keyword.WebUiBuiltInKeywords.click(WebUiBuiltInKeywords.groovy:616)
	at com.kms.katalon.core.webui.keyword.WebUiBuiltInKeywords$click$4.call(Unknown Source)
	at CALL - PDP.run(CALL - PDP:55)
	at com.kms.katalon.core.main.ScriptEngine.run(ScriptEngine.java:194)
	at com.kms.katalon.core.main.ScriptEngine.runScriptAsRawText(ScriptEngine.java:119)
	at com.kms.katalon.core.main.TestCaseExecutor.runScript(TestCaseExecutor.java:328)
	at com.kms.katalon.core.main.TestCaseExecutor.doExecute(TestCaseExecutor.java:319)
	at com.kms.katalon.core.main.TestCaseExecutor.processExecutionPhase(TestCaseExecutor.java:298)
	at com.kms.katalon.core.main.TestCaseExecutor.accessMainPhase(TestCaseExecutor.java:290)
	at com.kms.katalon.core.main.TestCaseExecutor.execute(TestCaseExecutor.java:224)
	at com.kms.katalon.core.main.TestCaseMain.runTestCase(TestCaseMain.java:106)
	at com.kms.katalon.core.keyword.builtin.CallTestCaseKeyword$_callTestCase_closure1.doCall(CallTestCaseKeyword.groovy:59)
	at com.kms.katalon.core.keyword.builtin.CallTestCaseKeyword$_callTestCase_closure1.call(CallTestCaseKeyword.groovy)
	at com.kms.katalon.core.keyword.internal.KeywordMain.runKeyword(KeywordMain.groovy:54)
	at com.kms.katalon.core.keyword.builtin.CallTestCaseKeyword.callTestCase(CallTestCaseKeyword.groovy:80)
	at com.kms.katalon.core.keyword.builtin.CallTestCaseKeyword.execute(CallTestCaseKeyword.groovy:44)
	at com.kms.katalon.core.keyword.internal.KeywordExecutor.executeKeywordForPlatform(KeywordExecutor.groovy:53)
	at com.kms.katalon.core.keyword.BuiltinKeywords.callTestCase(BuiltinKeywords.groovy:334)
	at variants selector.run(variants selector:16)
	at com.kms.katalon.core.main.ScriptEngine.run(ScriptEngine.java:194)
	at com.kms.katalon.core.main.ScriptEngine.runScriptAsRawText(ScriptEngine.java:119)
	at com.kms.katalon.core.main.TestCaseExecutor.runScript(TestCaseExecutor.java:328)
	at com.kms.katalon.core.main.TestCaseExecutor.doExecute(TestCaseExecutor.java:319)
	at com.kms.katalon.core.main.TestCaseExecutor.processExecutionPhase(TestCaseExecutor.java:298)
	at com.kms.katalon.core.main.TestCaseExecutor.accessMainPhase(TestCaseExecutor.java:290)
	at com.kms.katalon.core.main.TestCaseExecutor.execute(TestCaseExecutor.java:224)
	at com.kms.katalon.core.main.TestSuiteExecutor.accessTestCaseMainPhase(TestSuiteExecutor.java:129)
	at com.kms.katalon.core.main.TestSuiteExecutor.accessTestSuiteMainPhase(TestSuiteExecutor.java:112)
	at com.kms.katalon.core.main.TestSuiteExecutor.execute(TestSuiteExecutor.java:81)
	at com.kms.katalon.core.main.TestCaseMain.startTestSuite(TestCaseMain.java:149)
	at com.kms.katalon.core.main.TestCaseMain$startTestSuite$0.call(Unknown Source)
	at TempTestSuite1560802135767.run(TempTestSuite1560802135767.groovy:36)]]></system-err>
      </testcase>
      <testcase name="Test Cases/OCS - MOBILE/OCS- PRODUCT PAGE/How to choose cannbis products" classname="Test Cases/OCS - MOBILE/OCS- PRODUCT PAGE/How to choose cannbis products" status="FAILED">
         <failure type="FAILED" message="Test Cases/OCS - MOBILE/OCS- PRODUCT PAGE/How to choose cannbis products FAILED.
Reason:
com.kms.katalon.core.exception.StepFailedException: Unable to click on object 'Object Repository/OCS-MOBILE /Age gate and burger menu/Dried Flower_Plus icon' (Root cause: org.openqa.selenium.WebDriverException: unknown error: Element &lt;i class=&quot;icon icon--plus menu__tier-three__link--icon&quot;>&lt;/i> is not clickable at point (462, 120). Other element would receive the click: &lt;ul class=&quot;menu__learn-more--mobile only-mobile-tablet&quot;>...&lt;/ul>
  (Session info: chrome=75.0.3770.90)
  (Driver info: chromedriver=2.43.600229 (3fae4d0cda5334b4f533bede5a4787f7b832d052),platform=Mac OS X 10.13.6 x86_64) (WARNING: The server did not provide any stacktrace information)
Command duration or timeout: 0 milliseconds
Build info: version: '3.7.1', revision: '8a0099a', time: '2017-11-06T21:07:36.161Z'
System info: host: 'sumans-MacBook-Pro.local', ip: 'fe80:0:0:0:10f0:11f1:8277:c429%en0', os.name: 'Mac OS X', os.arch: 'x86_64', os.version: '10.13.6', java.version: '1.8.0_181'
Driver info: com.kms.katalon.selenium.driver.CChromeDriver
Capabilities {acceptInsecureCerts: false, acceptSslCerts: false, applicationCacheEnabled: false, browserConnectionEnabled: false, browserName: chrome, chrome: {chromedriverVersion: 2.43.600229 (3fae4d0cda5334..., userDataDir: /var/folders/1t/c55l8xzs6gq...}, cssSelectorsEnabled: true, databaseEnabled: false, goog:chromeOptions: {debuggerAddress: localhost:63043}, handlesAlerts: true, hasTouchScreen: false, javascriptEnabled: true, locationContextEnabled: true, mobileEmulationEnabled: false, nativeEvents: true, networkConnectionEnabled: false, pageLoadStrategy: normal, platform: MAC, platformName: MAC, rotatable: false, setWindowRect: true, takesHeapSnapshot: true, takesScreenshot: true, unexpectedAlertBehaviour: , unhandledPromptBehavior: , version: 75.0.3770.90, webStorageEnabled: true}
Session ID: 52e69058952697602074bd17dc620874)
	at com.kms.katalon.core.keyword.internal.KeywordMain.stepFailed(KeywordMain.groovy:36)
	at com.kms.katalon.core.webui.keyword.internal.WebUIKeywordMain.stepFailed(WebUIKeywordMain.groovy:65)
	at com.kms.katalon.core.webui.keyword.internal.WebUIKeywordMain.runKeyword(WebUIKeywordMain.groovy:27)
	at com.kms.katalon.core.webui.keyword.builtin.ClickKeyword.click(ClickKeyword.groovy:86)
	at com.kms.katalon.core.webui.keyword.builtin.ClickKeyword.execute(ClickKeyword.groovy:67)
	at com.kms.katalon.core.keyword.internal.KeywordExecutor.executeKeywordForPlatform(KeywordExecutor.groovy:53)
	at com.kms.katalon.core.webui.keyword.WebUiBuiltInKeywords.click(WebUiBuiltInKeywords.groovy:616)
	at com.kms.katalon.core.webui.keyword.WebUiBuiltInKeywords$click$4.call(Unknown Source)
	at CALL - PDP.run(CALL - PDP:55)
	at com.kms.katalon.core.main.ScriptEngine.run(ScriptEngine.java:194)
	at com.kms.katalon.core.main.ScriptEngine.runScriptAsRawText(ScriptEngine.java:119)
	at com.kms.katalon.core.main.TestCaseExecutor.runScript(TestCaseExecutor.java:328)
	at com.kms.katalon.core.main.TestCaseExecutor.doExecute(TestCaseExecutor.java:319)
	at com.kms.katalon.core.main.TestCaseExecutor.processExecutionPhase(TestCaseExecutor.java:298)
	at com.kms.katalon.core.main.TestCaseExecutor.accessMainPhase(TestCaseExecutor.java:290)
	at com.kms.katalon.core.main.TestCaseExecutor.execute(TestCaseExecutor.java:224)
	at com.kms.katalon.core.main.TestCaseMain.runTestCase(TestCaseMain.java:106)
	at com.kms.katalon.core.keyword.builtin.CallTestCaseKeyword$_callTestCase_closure1.doCall(CallTestCaseKeyword.groovy:59)
	at com.kms.katalon.core.keyword.builtin.CallTestCaseKeyword$_callTestCase_closure1.call(CallTestCaseKeyword.groovy)
	at com.kms.katalon.core.keyword.internal.KeywordMain.runKeyword(KeywordMain.groovy:54)
	at com.kms.katalon.core.keyword.builtin.CallTestCaseKeyword.callTestCase(CallTestCaseKeyword.groovy:80)
	at com.kms.katalon.core.keyword.builtin.CallTestCaseKeyword.execute(CallTestCaseKeyword.groovy:44)
	at com.kms.katalon.core.keyword.internal.KeywordExecutor.executeKeywordForPlatform(KeywordExecutor.groovy:53)
	at com.kms.katalon.core.keyword.BuiltinKeywords.callTestCase(BuiltinKeywords.groovy:334)
	at How to choose cannbis products.run(How to choose cannbis products:16)
	at com.kms.katalon.core.main.ScriptEngine.run(ScriptEngine.java:194)
	at com.kms.katalon.core.main.ScriptEngine.runScriptAsRawText(ScriptEngine.java:119)
	at com.kms.katalon.core.main.TestCaseExecutor.runScript(TestCaseExecutor.java:328)
	at com.kms.katalon.core.main.TestCaseExecutor.doExecute(TestCaseExecutor.java:319)
	at com.kms.katalon.core.main.TestCaseExecutor.processExecutionPhase(TestCaseExecutor.java:298)
	at com.kms.katalon.core.main.TestCaseExecutor.accessMainPhase(TestCaseExecutor.java:290)
	at com.kms.katalon.core.main.TestCaseExecutor.execute(TestCaseExecutor.java:224)
	at com.kms.katalon.core.main.TestSuiteExecutor.accessTestCaseMainPhase(TestSuiteExecutor.java:129)
	at com.kms.katalon.core.main.TestSuiteExecutor.accessTestSuiteMainPhase(TestSuiteExecutor.java:112)
	at com.kms.katalon.core.main.TestSuiteExecutor.execute(TestSuiteExecutor.java:81)
	at com.kms.katalon.core.main.TestCaseMain.startTestSuite(TestCaseMain.java:149)
	at com.kms.katalon.core.main.TestCaseMain$startTestSuite$0.call(Unknown Source)
	at TempTestSuite1560802135767.run(TempTestSuite1560802135767.groovy:36)
"/>
         <system-out><![CDATA[2019-06-17 16:24:13 - [TEST_CASE][FAILED] - Test Cases/OCS - MOBILE/OCS- PRODUCT PAGE/How to choose cannbis products: Test Cases/OCS - MOBILE/OCS- PRODUCT PAGE/How to choose cannbis products FAILED.
Reason:
com.kms.katalon.core.exception.StepFailedException: Unable to click on object 'Object Repository/OCS-MOBILE /Age gate and burger menu/Dried Flower_Plus icon' (Root cause: org.openqa.selenium.WebDriverException: unknown error: Element <i class="icon icon--plus menu__tier-three__link--icon"></i> is not clickable at point (462, 120). Other element would receive the click: <ul class="menu__learn-more--mobile only-mobile-tablet">...</ul>
  (Session info: chrome=75.0.3770.90)
  (Driver info: chromedriver=2.43.600229 (3fae4d0cda5334b4f533bede5a4787f7b832d052),platform=Mac OS X 10.13.6 x86_64) (WARNING: The server did not provide any stacktrace information)
Command duration or timeout: 0 milliseconds
Build info: version: '3.7.1', revision: '8a0099a', time: '2017-11-06T21:07:36.161Z'
System info: host: 'sumans-MacBook-Pro.local', ip: 'fe80:0:0:0:10f0:11f1:8277:c429%en0', os.name: 'Mac OS X', os.arch: 'x86_64', os.version: '10.13.6', java.version: '1.8.0_181'
Driver info: com.kms.katalon.selenium.driver.CChromeDriver
Capabilities {acceptInsecureCerts: false, acceptSslCerts: false, applicationCacheEnabled: false, browserConnectionEnabled: false, browserName: chrome, chrome: {chromedriverVersion: 2.43.600229 (3fae4d0cda5334..., userDataDir: /var/folders/1t/c55l8xzs6gq...}, cssSelectorsEnabled: true, databaseEnabled: false, goog:chromeOptions: {debuggerAddress: localhost:63043}, handlesAlerts: true, hasTouchScreen: false, javascriptEnabled: true, locationContextEnabled: true, mobileEmulationEnabled: false, nativeEvents: true, networkConnectionEnabled: false, pageLoadStrategy: normal, platform: MAC, platformName: MAC, rotatable: false, setWindowRect: true, takesHeapSnapshot: true, takesScreenshot: true, unexpectedAlertBehaviour: , unhandledPromptBehavior: , version: 75.0.3770.90, webStorageEnabled: true}
Session ID: 52e69058952697602074bd17dc620874)
	at com.kms.katalon.core.keyword.internal.KeywordMain.stepFailed(KeywordMain.groovy:36)
	at com.kms.katalon.core.webui.keyword.internal.WebUIKeywordMain.stepFailed(WebUIKeywordMain.groovy:65)
	at com.kms.katalon.core.webui.keyword.internal.WebUIKeywordMain.runKeyword(WebUIKeywordMain.groovy:27)
	at com.kms.katalon.core.webui.keyword.builtin.ClickKeyword.click(ClickKeyword.groovy:86)
	at com.kms.katalon.core.webui.keyword.builtin.ClickKeyword.execute(ClickKeyword.groovy:67)
	at com.kms.katalon.core.keyword.internal.KeywordExecutor.executeKeywordForPlatform(KeywordExecutor.groovy:53)
	at com.kms.katalon.core.webui.keyword.WebUiBuiltInKeywords.click(WebUiBuiltInKeywords.groovy:616)
	at com.kms.katalon.core.webui.keyword.WebUiBuiltInKeywords$click$4.call(Unknown Source)
	at CALL - PDP.run(CALL - PDP:55)
	at com.kms.katalon.core.main.ScriptEngine.run(ScriptEngine.java:194)
	at com.kms.katalon.core.main.ScriptEngine.runScriptAsRawText(ScriptEngine.java:119)
	at com.kms.katalon.core.main.TestCaseExecutor.runScript(TestCaseExecutor.java:328)
	at com.kms.katalon.core.main.TestCaseExecutor.doExecute(TestCaseExecutor.java:319)
	at com.kms.katalon.core.main.TestCaseExecutor.processExecutionPhase(TestCaseExecutor.java:298)
	at com.kms.katalon.core.main.TestCaseExecutor.accessMainPhase(TestCaseExecutor.java:290)
	at com.kms.katalon.core.main.TestCaseExecutor.execute(TestCaseExecutor.java:224)
	at com.kms.katalon.core.main.TestCaseMain.runTestCase(TestCaseMain.java:106)
	at com.kms.katalon.core.keyword.builtin.CallTestCaseKeyword$_callTestCase_closure1.doCall(CallTestCaseKeyword.groovy:59)
	at com.kms.katalon.core.keyword.builtin.CallTestCaseKeyword$_callTestCase_closure1.call(CallTestCaseKeyword.groovy)
	at com.kms.katalon.core.keyword.internal.KeywordMain.runKeyword(KeywordMain.groovy:54)
	at com.kms.katalon.core.keyword.builtin.CallTestCaseKeyword.callTestCase(CallTestCaseKeyword.groovy:80)
	at com.kms.katalon.core.keyword.builtin.CallTestCaseKeyword.execute(CallTestCaseKeyword.groovy:44)
	at com.kms.katalon.core.keyword.internal.KeywordExecutor.executeKeywordForPlatform(KeywordExecutor.groovy:53)
	at com.kms.katalon.core.keyword.BuiltinKeywords.callTestCase(BuiltinKeywords.groovy:334)
	at How to choose cannbis products.run(How to choose cannbis products:16)
	at com.kms.katalon.core.main.ScriptEngine.run(ScriptEngine.java:194)
	at com.kms.katalon.core.main.ScriptEngine.runScriptAsRawText(ScriptEngine.java:119)
	at com.kms.katalon.core.main.TestCaseExecutor.runScript(TestCaseExecutor.java:328)
	at com.kms.katalon.core.main.TestCaseExecutor.doExecute(TestCaseExecutor.java:319)
	at com.kms.katalon.core.main.TestCaseExecutor.processExecutionPhase(TestCaseExecutor.java:298)
	at com.kms.katalon.core.main.TestCaseExecutor.accessMainPhase(TestCaseExecutor.java:290)
	at com.kms.katalon.core.main.TestCaseExecutor.execute(TestCaseExecutor.java:224)
	at com.kms.katalon.core.main.TestSuiteExecutor.accessTestCaseMainPhase(TestSuiteExecutor.java:129)
	at com.kms.katalon.core.main.TestSuiteExecutor.accessTestSuiteMainPhase(TestSuiteExecutor.java:112)
	at com.kms.katalon.core.main.TestSuiteExecutor.execute(TestSuiteExecutor.java:81)
	at com.kms.katalon.core.main.TestCaseMain.startTestSuite(TestCaseMain.java:149)
	at com.kms.katalon.core.main.TestCaseMain$startTestSuite$0.call(Unknown Source)
	at TempTestSuite1560802135767.run(TempTestSuite1560802135767.groovy:36)


2019-06-17 16:24:13 - [TEST_STEP][FAILED] - callTestCase(findTestCase("OCS - MOBILE/CALL - PDP"), [:], STOP_ON_FAILURE): callTestCase(findTestCase("OCS - MOBILE/CALL - PDP"), [:], STOP_ON_FAILURE) FAILED.
Reason:
com.kms.katalon.core.exception.StepFailedException: Unable to click on object 'Object Repository/OCS-MOBILE /Age gate and burger menu/Dried Flower_Plus icon' (Root cause: org.openqa.selenium.WebDriverException: unknown error: Element <i class="icon icon--plus menu__tier-three__link--icon"></i> is not clickable at point (462, 120). Other element would receive the click: <ul class="menu__learn-more--mobile only-mobile-tablet">...</ul>
  (Session info: chrome=75.0.3770.90)
  (Driver info: chromedriver=2.43.600229 (3fae4d0cda5334b4f533bede5a4787f7b832d052),platform=Mac OS X 10.13.6 x86_64) (WARNING: The server did not provide any stacktrace information)
Command duration or timeout: 0 milliseconds
Build info: version: '3.7.1', revision: '8a0099a', time: '2017-11-06T21:07:36.161Z'
System info: host: 'sumans-MacBook-Pro.local', ip: 'fe80:0:0:0:10f0:11f1:8277:c429%en0', os.name: 'Mac OS X', os.arch: 'x86_64', os.version: '10.13.6', java.version: '1.8.0_181'
Driver info: com.kms.katalon.selenium.driver.CChromeDriver
Capabilities {acceptInsecureCerts: false, acceptSslCerts: false, applicationCacheEnabled: false, browserConnectionEnabled: false, browserName: chrome, chrome: {chromedriverVersion: 2.43.600229 (3fae4d0cda5334..., userDataDir: /var/folders/1t/c55l8xzs6gq...}, cssSelectorsEnabled: true, databaseEnabled: false, goog:chromeOptions: {debuggerAddress: localhost:63043}, handlesAlerts: true, hasTouchScreen: false, javascriptEnabled: true, locationContextEnabled: true, mobileEmulationEnabled: false, nativeEvents: true, networkConnectionEnabled: false, pageLoadStrategy: normal, platform: MAC, platformName: MAC, rotatable: false, setWindowRect: true, takesHeapSnapshot: true, takesScreenshot: true, unexpectedAlertBehaviour: , unhandledPromptBehavior: , version: 75.0.3770.90, webStorageEnabled: true}
Session ID: 52e69058952697602074bd17dc620874)
	at com.kms.katalon.core.keyword.internal.KeywordMain.stepFailed(KeywordMain.groovy:36)
	at com.kms.katalon.core.webui.keyword.internal.WebUIKeywordMain.stepFailed(WebUIKeywordMain.groovy:65)
	at com.kms.katalon.core.webui.keyword.internal.WebUIKeywordMain.runKeyword(WebUIKeywordMain.groovy:27)
	at com.kms.katalon.core.webui.keyword.builtin.ClickKeyword.click(ClickKeyword.groovy:86)
	at com.kms.katalon.core.webui.keyword.builtin.ClickKeyword.execute(ClickKeyword.groovy:67)
	at com.kms.katalon.core.keyword.internal.KeywordExecutor.executeKeywordForPlatform(KeywordExecutor.groovy:53)
	at com.kms.katalon.core.webui.keyword.WebUiBuiltInKeywords.click(WebUiBuiltInKeywords.groovy:616)
	at com.kms.katalon.core.webui.keyword.WebUiBuiltInKeywords$click$4.call(Unknown Source)
	at CALL - PDP.run(CALL - PDP:55)
	at com.kms.katalon.core.main.ScriptEngine.run(ScriptEngine.java:194)
	at com.kms.katalon.core.main.ScriptEngine.runScriptAsRawText(ScriptEngine.java:119)
	at com.kms.katalon.core.main.TestCaseExecutor.runScript(TestCaseExecutor.java:328)
	at com.kms.katalon.core.main.TestCaseExecutor.doExecute(TestCaseExecutor.java:319)
	at com.kms.katalon.core.main.TestCaseExecutor.processExecutionPhase(TestCaseExecutor.java:298)
	at com.kms.katalon.core.main.TestCaseExecutor.accessMainPhase(TestCaseExecutor.java:290)
	at com.kms.katalon.core.main.TestCaseExecutor.execute(TestCaseExecutor.java:224)
	at com.kms.katalon.core.main.TestCaseMain.runTestCase(TestCaseMain.java:106)
	at com.kms.katalon.core.keyword.builtin.CallTestCaseKeyword$_callTestCase_closure1.doCall(CallTestCaseKeyword.groovy:59)
	at com.kms.katalon.core.keyword.builtin.CallTestCaseKeyword$_callTestCase_closure1.call(CallTestCaseKeyword.groovy)
	at com.kms.katalon.core.keyword.internal.KeywordMain.runKeyword(KeywordMain.groovy:54)
	at com.kms.katalon.core.keyword.builtin.CallTestCaseKeyword.callTestCase(CallTestCaseKeyword.groovy:80)
	at com.kms.katalon.core.keyword.builtin.CallTestCaseKeyword.execute(CallTestCaseKeyword.groovy:44)
	at com.kms.katalon.core.keyword.internal.KeywordExecutor.executeKeywordForPlatform(KeywordExecutor.groovy:53)
	at com.kms.katalon.core.keyword.BuiltinKeywords.callTestCase(BuiltinKeywords.groovy:334)
	at How to choose cannbis products.run(How to choose cannbis products:16)
	at com.kms.katalon.core.main.ScriptEngine.run(ScriptEngine.java:194)
	at com.kms.katalon.core.main.ScriptEngine.runScriptAsRawText(ScriptEngine.java:119)
	at com.kms.katalon.core.main.TestCaseExecutor.runScript(TestCaseExecutor.java:328)
	at com.kms.katalon.core.main.TestCaseExecutor.doExecute(TestCaseExecutor.java:319)
	at com.kms.katalon.core.main.TestCaseExecutor.processExecutionPhase(TestCaseExecutor.java:298)
	at com.kms.katalon.core.main.TestCaseExecutor.accessMainPhase(TestCaseExecutor.java:290)
	at com.kms.katalon.core.main.TestCaseExecutor.execute(TestCaseExecutor.java:224)
	at com.kms.katalon.core.main.TestSuiteExecutor.accessTestCaseMainPhase(TestSuiteExecutor.java:129)
	at com.kms.katalon.core.main.TestSuiteExecutor.accessTestSuiteMainPhase(TestSuiteExecutor.java:112)
	at com.kms.katalon.core.main.TestSuiteExecutor.execute(TestSuiteExecutor.java:81)
	at com.kms.katalon.core.main.TestCaseMain.startTestSuite(TestCaseMain.java:149)
	at com.kms.katalon.core.main.TestCaseMain$startTestSuite$0.call(Unknown Source)
	at TempTestSuite1560802135767.run(TempTestSuite1560802135767.groovy:36)


2019-06-17 16:24:13 - [TEST_CASE][FAILED] - Test Cases/OCS - MOBILE/CALL - PDP: Test Cases/OCS - MOBILE/CALL - PDP FAILED.
Reason:
com.kms.katalon.core.exception.StepFailedException: Unable to click on object 'Object Repository/OCS-MOBILE /Age gate and burger menu/Dried Flower_Plus icon' (Root cause: org.openqa.selenium.WebDriverException: unknown error: Element <i class="icon icon--plus menu__tier-three__link--icon"></i> is not clickable at point (462, 120). Other element would receive the click: <ul class="menu__learn-more--mobile only-mobile-tablet">...</ul>
  (Session info: chrome=75.0.3770.90)
  (Driver info: chromedriver=2.43.600229 (3fae4d0cda5334b4f533bede5a4787f7b832d052),platform=Mac OS X 10.13.6 x86_64) (WARNING: The server did not provide any stacktrace information)
Command duration or timeout: 0 milliseconds
Build info: version: '3.7.1', revision: '8a0099a', time: '2017-11-06T21:07:36.161Z'
System info: host: 'sumans-MacBook-Pro.local', ip: 'fe80:0:0:0:10f0:11f1:8277:c429%en0', os.name: 'Mac OS X', os.arch: 'x86_64', os.version: '10.13.6', java.version: '1.8.0_181'
Driver info: com.kms.katalon.selenium.driver.CChromeDriver
Capabilities {acceptInsecureCerts: false, acceptSslCerts: false, applicationCacheEnabled: false, browserConnectionEnabled: false, browserName: chrome, chrome: {chromedriverVersion: 2.43.600229 (3fae4d0cda5334..., userDataDir: /var/folders/1t/c55l8xzs6gq...}, cssSelectorsEnabled: true, databaseEnabled: false, goog:chromeOptions: {debuggerAddress: localhost:63043}, handlesAlerts: true, hasTouchScreen: false, javascriptEnabled: true, locationContextEnabled: true, mobileEmulationEnabled: false, nativeEvents: true, networkConnectionEnabled: false, pageLoadStrategy: normal, platform: MAC, platformName: MAC, rotatable: false, setWindowRect: true, takesHeapSnapshot: true, takesScreenshot: true, unexpectedAlertBehaviour: , unhandledPromptBehavior: , version: 75.0.3770.90, webStorageEnabled: true}
Session ID: 52e69058952697602074bd17dc620874)
	at com.kms.katalon.core.keyword.internal.KeywordMain.stepFailed(KeywordMain.groovy:36)
	at com.kms.katalon.core.webui.keyword.internal.WebUIKeywordMain.stepFailed(WebUIKeywordMain.groovy:65)
	at com.kms.katalon.core.webui.keyword.internal.WebUIKeywordMain.runKeyword(WebUIKeywordMain.groovy:27)
	at com.kms.katalon.core.webui.keyword.builtin.ClickKeyword.click(ClickKeyword.groovy:86)
	at com.kms.katalon.core.webui.keyword.builtin.ClickKeyword.execute(ClickKeyword.groovy:67)
	at com.kms.katalon.core.keyword.internal.KeywordExecutor.executeKeywordForPlatform(KeywordExecutor.groovy:53)
	at com.kms.katalon.core.webui.keyword.WebUiBuiltInKeywords.click(WebUiBuiltInKeywords.groovy:616)
	at com.kms.katalon.core.webui.keyword.WebUiBuiltInKeywords$click$4.call(Unknown Source)
	at CALL - PDP.run(CALL - PDP:55)
	at com.kms.katalon.core.main.ScriptEngine.run(ScriptEngine.java:194)
	at com.kms.katalon.core.main.ScriptEngine.runScriptAsRawText(ScriptEngine.java:119)
	at com.kms.katalon.core.main.TestCaseExecutor.runScript(TestCaseExecutor.java:328)
	at com.kms.katalon.core.main.TestCaseExecutor.doExecute(TestCaseExecutor.java:319)
	at com.kms.katalon.core.main.TestCaseExecutor.processExecutionPhase(TestCaseExecutor.java:298)
	at com.kms.katalon.core.main.TestCaseExecutor.accessMainPhase(TestCaseExecutor.java:290)
	at com.kms.katalon.core.main.TestCaseExecutor.execute(TestCaseExecutor.java:224)
	at com.kms.katalon.core.main.TestCaseMain.runTestCase(TestCaseMain.java:106)
	at com.kms.katalon.core.keyword.builtin.CallTestCaseKeyword$_callTestCase_closure1.doCall(CallTestCaseKeyword.groovy:59)
	at com.kms.katalon.core.keyword.builtin.CallTestCaseKeyword$_callTestCase_closure1.call(CallTestCaseKeyword.groovy)
	at com.kms.katalon.core.keyword.internal.KeywordMain.runKeyword(KeywordMain.groovy:54)
	at com.kms.katalon.core.keyword.builtin.CallTestCaseKeyword.callTestCase(CallTestCaseKeyword.groovy:80)
	at com.kms.katalon.core.keyword.builtin.CallTestCaseKeyword.execute(CallTestCaseKeyword.groovy:44)
	at com.kms.katalon.core.keyword.internal.KeywordExecutor.executeKeywordForPlatform(KeywordExecutor.groovy:53)
	at com.kms.katalon.core.keyword.BuiltinKeywords.callTestCase(BuiltinKeywords.groovy:334)
	at How to choose cannbis products.run(How to choose cannbis products:16)
	at com.kms.katalon.core.main.ScriptEngine.run(ScriptEngine.java:194)
	at com.kms.katalon.core.main.ScriptEngine.runScriptAsRawText(ScriptEngine.java:119)
	at com.kms.katalon.core.main.TestCaseExecutor.runScript(TestCaseExecutor.java:328)
	at com.kms.katalon.core.main.TestCaseExecutor.doExecute(TestCaseExecutor.java:319)
	at com.kms.katalon.core.main.TestCaseExecutor.processExecutionPhase(TestCaseExecutor.java:298)
	at com.kms.katalon.core.main.TestCaseExecutor.accessMainPhase(TestCaseExecutor.java:290)
	at com.kms.katalon.core.main.TestCaseExecutor.execute(TestCaseExecutor.java:224)
	at com.kms.katalon.core.main.TestSuiteExecutor.accessTestCaseMainPhase(TestSuiteExecutor.java:129)
	at com.kms.katalon.core.main.TestSuiteExecutor.accessTestSuiteMainPhase(TestSuiteExecutor.java:112)
	at com.kms.katalon.core.main.TestSuiteExecutor.execute(TestSuiteExecutor.java:81)
	at com.kms.katalon.core.main.TestCaseMain.startTestSuite(TestCaseMain.java:149)
	at com.kms.katalon.core.main.TestCaseMain$startTestSuite$0.call(Unknown Source)
	at TempTestSuite1560802135767.run(TempTestSuite1560802135767.groovy:36)


2019-06-17 16:24:13 - [TEST_STEP][PASSED] - openBrowser(""): Browser is opened with url: ''

2019-06-17 16:24:13 - [MESSAGE][WARNING] - A browser is already opened. Closing browser and opening a new one

2019-06-17 16:24:14 - [MESSAGE][INFO] - Starting 'Chrome' driver

2019-06-17 16:24:15 - [MESSAGE][PASSED] - Browser is opened with url: ''

2019-06-17 16:24:15 - [TEST_STEP][PASSED] - navigateToUrl("https://ocs.ca/?fts=0&preview_theme_id=72920106828"): Navigate to 'https://ocs.ca/?fts=0&preview_theme_id=72920106828' successfully

2019-06-17 16:24:20 - [MESSAGE][PASSED] - Navigate to 'https://ocs.ca/?fts=0&preview_theme_id=72920106828' successfully

2019-06-17 16:24:20 - [TEST_STEP][PASSED] - executeJavaScript("var previewBar = document.getElementById("preview-bar-iframe"); previewBar.style.display = "none";", []): Execute JavaScript 'var previewBar = document.getElementById("preview-bar-iframe"); previewBar.style.display = "none";' successfully

2019-06-17 16:24:20 - [MESSAGE][PASSED] - Execute JavaScript 'var previewBar = document.getElementById("preview-bar-iframe"); previewBar.style.display = "none";' successfully

2019-06-17 16:24:20 - [TEST_STEP][PASSED] - setViewPortSize(360, 800): Viewport is set to new size with width = 360 and height = 800

2019-06-17 16:24:20 - [MESSAGE][PASSED] - Viewport is set to new size with width = 360 and height = 800

2019-06-17 16:24:20 - [TEST_STEP][PASSED] - delay(4): Delayed 4 second(s)

2019-06-17 16:24:24 - [MESSAGE][PASSED] - Delayed 4 second(s)

2019-06-17 16:24:24 - [TEST_STEP][PASSED] - selectOptionByValue(findTestObject("OCS-MOBILE /Age gate and burger menu/Date"), "12", true): All options with value '12' are selected in object 'Object Repository/OCS-MOBILE /Age gate and burger menu/Date'  using regular expression

2019-06-17 16:24:24 - [MESSAGE][PASSED] - All options with value '12' are selected in object 'Object Repository/OCS-MOBILE /Age gate and burger menu/Date'  using regular expression

2019-06-17 16:24:24 - [TEST_STEP][PASSED] - selectOptionByValue(findTestObject("OCS-MOBILE /Age gate and burger menu/month"), "6", true): All options with value '6' are selected in object 'Object Repository/OCS-MOBILE /Age gate and burger menu/month'  using regular expression

2019-06-17 16:24:25 - [MESSAGE][PASSED] - All options with value '6' are selected in object 'Object Repository/OCS-MOBILE /Age gate and burger menu/month'  using regular expression

2019-06-17 16:24:25 - [TEST_STEP][PASSED] - delay(2): Delayed 2 second(s)

2019-06-17 16:24:27 - [MESSAGE][PASSED] - Delayed 2 second(s)

2019-06-17 16:24:27 - [TEST_STEP][PASSED] - selectOptionByValue(findTestObject("OCS-MOBILE /Age gate and burger menu/Year Dropdown"), "1990", true): All options with value '1990' are selected in object 'Object Repository/OCS-MOBILE /Age gate and burger menu/Year Dropdown'  using regular expression

2019-06-17 16:24:28 - [MESSAGE][PASSED] - All options with value '1990' are selected in object 'Object Repository/OCS-MOBILE /Age gate and burger menu/Year Dropdown'  using regular expression

2019-06-17 16:24:28 - [TEST_STEP][PASSED] - click(findTestObject("OCS-MOBILE /Age gate and Mega menu/button_Verify")): Object: 'Object Repository/OCS-MOBILE /Age gate and Mega menu/button_Verify' is clicked on

2019-06-17 16:24:28 - [MESSAGE][PASSED] - Object: 'Object Repository/OCS-MOBILE /Age gate and Mega menu/button_Verify' is clicked on

2019-06-17 16:24:28 - [TEST_STEP][PASSED] - click(findTestObject("OCS-MOBILE /Age gate and Mega menu/Checkbox_CONFIRM AND ACKNOWLEDGE")): Object: 'Object Repository/OCS-MOBILE /Age gate and Mega menu/Checkbox_CONFIRM AND ACKNOWLEDGE' is clicked on

2019-06-17 16:24:28 - [MESSAGE][PASSED] - Object: 'Object Repository/OCS-MOBILE /Age gate and Mega menu/Checkbox_CONFIRM AND ACKNOWLEDGE' is clicked on

2019-06-17 16:24:28 - [TEST_STEP][PASSED] - click(findTestObject("OCS-MOBILE /Age gate and Mega menu/button_CONFIRM")): Object: 'Object Repository/OCS-MOBILE /Age gate and Mega menu/button_CONFIRM' is clicked on

2019-06-17 16:24:28 - [MESSAGE][PASSED] - Object: 'Object Repository/OCS-MOBILE /Age gate and Mega menu/button_CONFIRM' is clicked on

2019-06-17 16:24:28 - [TEST_STEP][PASSED] - click(findTestObject("OCS-MOBILE /Age gate and Mega menu/button_Start Browsing")): Object: 'Object Repository/OCS-MOBILE /Age gate and Mega menu/button_Start Browsing' is clicked on

2019-06-17 16:24:28 - [MESSAGE][PASSED] - Object: 'Object Repository/OCS-MOBILE /Age gate and Mega menu/button_Start Browsing' is clicked on

2019-06-17 16:24:28 - [TEST_STEP][PASSED] - refresh(): Refresh successfully

2019-06-17 16:24:31 - [MESSAGE][PASSED] - Refresh successfully

2019-06-17 16:24:31 - [TEST_STEP][PASSED] - delay(2): Delayed 2 second(s)

2019-06-17 16:24:33 - [MESSAGE][PASSED] - Delayed 2 second(s)

2019-06-17 16:24:33 - [TEST_STEP][PASSED] - click(findTestObject("OCS-MOBILE /Age gate and burger menu/Burger menu - English")): Object: 'Object Repository/OCS-MOBILE /Age gate and burger menu/Burger menu - English' is clicked on

2019-06-17 16:24:33 - [MESSAGE][PASSED] - Object: 'Object Repository/OCS-MOBILE /Age gate and burger menu/Burger menu - English' is clicked on

2019-06-17 16:24:33 - [TEST_STEP][PASSED] - delay(2): Delayed 2 second(s)

2019-06-17 16:24:35 - [MESSAGE][PASSED] - Delayed 2 second(s)

2019-06-17 16:24:35 - [TEST_STEP][PASSED] - click(findTestObject("OCS-MOBILE /Age gate and burger menu/Chevron_Cannabis")): Object: 'Object Repository/OCS-MOBILE /Age gate and burger menu/Chevron_Cannabis' is clicked on

2019-06-17 16:24:35 - [MESSAGE][PASSED] - Object: 'Object Repository/OCS-MOBILE /Age gate and burger menu/Chevron_Cannabis' is clicked on

2019-06-17 16:24:35 - [TEST_STEP][PASSED] - delay(2): Delayed 2 second(s)

2019-06-17 16:24:37 - [MESSAGE][PASSED] - Delayed 2 second(s)

2019-06-17 16:24:37 - [TEST_STEP][FAILED] - click(findTestObject("OCS-MOBILE /Age gate and burger menu/Dried Flower_Plus icon")): click(findTestObject("OCS-MOBILE /Age gate and burger menu/Dried Flower_Plus icon")) FAILED.
Reason:
com.kms.katalon.core.exception.StepFailedException: Unable to click on object 'Object Repository/OCS-MOBILE /Age gate and burger menu/Dried Flower_Plus icon' (Root cause: org.openqa.selenium.WebDriverException: unknown error: Element <i class="icon icon--plus menu__tier-three__link--icon"></i> is not clickable at point (462, 120). Other element would receive the click: <ul class="menu__learn-more--mobile only-mobile-tablet">...</ul>
  (Session info: chrome=75.0.3770.90)
  (Driver info: chromedriver=2.43.600229 (3fae4d0cda5334b4f533bede5a4787f7b832d052),platform=Mac OS X 10.13.6 x86_64) (WARNING: The server did not provide any stacktrace information)
Command duration or timeout: 0 milliseconds
Build info: version: '3.7.1', revision: '8a0099a', time: '2017-11-06T21:07:36.161Z'
System info: host: 'sumans-MacBook-Pro.local', ip: 'fe80:0:0:0:10f0:11f1:8277:c429%en0', os.name: 'Mac OS X', os.arch: 'x86_64', os.version: '10.13.6', java.version: '1.8.0_181'
Driver info: com.kms.katalon.selenium.driver.CChromeDriver
Capabilities {acceptInsecureCerts: false, acceptSslCerts: false, applicationCacheEnabled: false, browserConnectionEnabled: false, browserName: chrome, chrome: {chromedriverVersion: 2.43.600229 (3fae4d0cda5334..., userDataDir: /var/folders/1t/c55l8xzs6gq...}, cssSelectorsEnabled: true, databaseEnabled: false, goog:chromeOptions: {debuggerAddress: localhost:63043}, handlesAlerts: true, hasTouchScreen: false, javascriptEnabled: true, locationContextEnabled: true, mobileEmulationEnabled: false, nativeEvents: true, networkConnectionEnabled: false, pageLoadStrategy: normal, platform: MAC, platformName: MAC, rotatable: false, setWindowRect: true, takesHeapSnapshot: true, takesScreenshot: true, unexpectedAlertBehaviour: , unhandledPromptBehavior: , version: 75.0.3770.90, webStorageEnabled: true}
Session ID: 52e69058952697602074bd17dc620874)
	at com.kms.katalon.core.keyword.internal.KeywordMain.stepFailed(KeywordMain.groovy:36)
	at com.kms.katalon.core.webui.keyword.internal.WebUIKeywordMain.stepFailed(WebUIKeywordMain.groovy:65)
	at com.kms.katalon.core.webui.keyword.internal.WebUIKeywordMain.runKeyword(WebUIKeywordMain.groovy:27)
	at com.kms.katalon.core.webui.keyword.builtin.ClickKeyword.click(ClickKeyword.groovy:86)
	at com.kms.katalon.core.webui.keyword.builtin.ClickKeyword.execute(ClickKeyword.groovy:67)
	at com.kms.katalon.core.keyword.internal.KeywordExecutor.executeKeywordForPlatform(KeywordExecutor.groovy:53)
	at com.kms.katalon.core.webui.keyword.WebUiBuiltInKeywords.click(WebUiBuiltInKeywords.groovy:616)
	at com.kms.katalon.core.webui.keyword.WebUiBuiltInKeywords$click$4.call(Unknown Source)
	at CALL - PDP.run(CALL - PDP:55)
	at com.kms.katalon.core.main.ScriptEngine.run(ScriptEngine.java:194)
	at com.kms.katalon.core.main.ScriptEngine.runScriptAsRawText(ScriptEngine.java:119)
	at com.kms.katalon.core.main.TestCaseExecutor.runScript(TestCaseExecutor.java:328)
	at com.kms.katalon.core.main.TestCaseExecutor.doExecute(TestCaseExecutor.java:319)
	at com.kms.katalon.core.main.TestCaseExecutor.processExecutionPhase(TestCaseExecutor.java:298)
	at com.kms.katalon.core.main.TestCaseExecutor.accessMainPhase(TestCaseExecutor.java:290)
	at com.kms.katalon.core.main.TestCaseExecutor.execute(TestCaseExecutor.java:224)
	at com.kms.katalon.core.main.TestCaseMain.runTestCase(TestCaseMain.java:106)
	at com.kms.katalon.core.keyword.builtin.CallTestCaseKeyword$_callTestCase_closure1.doCall(CallTestCaseKeyword.groovy:59)
	at com.kms.katalon.core.keyword.builtin.CallTestCaseKeyword$_callTestCase_closure1.call(CallTestCaseKeyword.groovy)
	at com.kms.katalon.core.keyword.internal.KeywordMain.runKeyword(KeywordMain.groovy:54)
	at com.kms.katalon.core.keyword.builtin.CallTestCaseKeyword.callTestCase(CallTestCaseKeyword.groovy:80)
	at com.kms.katalon.core.keyword.builtin.CallTestCaseKeyword.execute(CallTestCaseKeyword.groovy:44)
	at com.kms.katalon.core.keyword.internal.KeywordExecutor.executeKeywordForPlatform(KeywordExecutor.groovy:53)
	at com.kms.katalon.core.keyword.BuiltinKeywords.callTestCase(BuiltinKeywords.groovy:334)
	at How to choose cannbis products.run(How to choose cannbis products:16)
	at com.kms.katalon.core.main.ScriptEngine.run(ScriptEngine.java:194)
	at com.kms.katalon.core.main.ScriptEngine.runScriptAsRawText(ScriptEngine.java:119)
	at com.kms.katalon.core.main.TestCaseExecutor.runScript(TestCaseExecutor.java:328)
	at com.kms.katalon.core.main.TestCaseExecutor.doExecute(TestCaseExecutor.java:319)
	at com.kms.katalon.core.main.TestCaseExecutor.processExecutionPhase(TestCaseExecutor.java:298)
	at com.kms.katalon.core.main.TestCaseExecutor.accessMainPhase(TestCaseExecutor.java:290)
	at com.kms.katalon.core.main.TestCaseExecutor.execute(TestCaseExecutor.java:224)
	at com.kms.katalon.core.main.TestSuiteExecutor.accessTestCaseMainPhase(TestSuiteExecutor.java:129)
	at com.kms.katalon.core.main.TestSuiteExecutor.accessTestSuiteMainPhase(TestSuiteExecutor.java:112)
	at com.kms.katalon.core.main.TestSuiteExecutor.execute(TestSuiteExecutor.java:81)
	at com.kms.katalon.core.main.TestCaseMain.startTestSuite(TestCaseMain.java:149)
	at com.kms.katalon.core.main.TestCaseMain$startTestSuite$0.call(Unknown Source)
	at TempTestSuite1560802135767.run(TempTestSuite1560802135767.groovy:36)


2019-06-17 16:24:38 - [MESSAGE][FAILED] - Unable to click on object 'Object Repository/OCS-MOBILE /Age gate and burger menu/Dried Flower_Plus icon' (Root cause: org.openqa.selenium.WebDriverException: unknown error: Element <i class="icon icon--plus menu__tier-three__link--icon"></i> is not clickable at point (462, 120). Other element would receive the click: <ul class="menu__learn-more--mobile only-mobile-tablet">...</ul>
  (Session info: chrome=75.0.3770.90)
  (Driver info: chromedriver=2.43.600229 (3fae4d0cda5334b4f533bede5a4787f7b832d052),platform=Mac OS X 10.13.6 x86_64) (WARNING: The server did not provide any stacktrace information)
Command duration or timeout: 0 milliseconds
Build info: version: '3.7.1', revision: '8a0099a', time: '2017-11-06T21:07:36.161Z'
System info: host: 'sumans-MacBook-Pro.local', ip: 'fe80:0:0:0:10f0:11f1:8277:c429%en0', os.name: 'Mac OS X', os.arch: 'x86_64', os.version: '10.13.6', java.version: '1.8.0_181'
Driver info: com.kms.katalon.selenium.driver.CChromeDriver
Capabilities {acceptInsecureCerts: false, acceptSslCerts: false, applicationCacheEnabled: false, browserConnectionEnabled: false, browserName: chrome, chrome: {chromedriverVersion: 2.43.600229 (3fae4d0cda5334..., userDataDir: /var/folders/1t/c55l8xzs6gq...}, cssSelectorsEnabled: true, databaseEnabled: false, goog:chromeOptions: {debuggerAddress: localhost:63043}, handlesAlerts: true, hasTouchScreen: false, javascriptEnabled: true, locationContextEnabled: true, mobileEmulationEnabled: false, nativeEvents: true, networkConnectionEnabled: false, pageLoadStrategy: normal, platform: MAC, platformName: MAC, rotatable: false, setWindowRect: true, takesHeapSnapshot: true, takesScreenshot: true, unexpectedAlertBehaviour: , unhandledPromptBehavior: , version: 75.0.3770.90, webStorageEnabled: true}
Session ID: 52e69058952697602074bd17dc620874)
[[ATTACHMENT|/Users/sumankompelly/Relative xpath-Mobile/Reports/OCS- 1.10.1/20190617_160855/1560803077688.png]]

2019-06-17 16:24:38 - [MESSAGE][FAILED] - click(findTestObject("OCS-MOBILE /Age gate and burger menu/Dried Flower_Plus icon")) FAILED.
Reason:
com.kms.katalon.core.exception.StepFailedException: Unable to click on object 'Object Repository/OCS-MOBILE /Age gate and burger menu/Dried Flower_Plus icon' (Root cause: org.openqa.selenium.WebDriverException: unknown error: Element <i class="icon icon--plus menu__tier-three__link--icon"></i> is not clickable at point (462, 120). Other element would receive the click: <ul class="menu__learn-more--mobile only-mobile-tablet">...</ul>
  (Session info: chrome=75.0.3770.90)
  (Driver info: chromedriver=2.43.600229 (3fae4d0cda5334b4f533bede5a4787f7b832d052),platform=Mac OS X 10.13.6 x86_64) (WARNING: The server did not provide any stacktrace information)
Command duration or timeout: 0 milliseconds
Build info: version: '3.7.1', revision: '8a0099a', time: '2017-11-06T21:07:36.161Z'
System info: host: 'sumans-MacBook-Pro.local', ip: 'fe80:0:0:0:10f0:11f1:8277:c429%en0', os.name: 'Mac OS X', os.arch: 'x86_64', os.version: '10.13.6', java.version: '1.8.0_181'
Driver info: com.kms.katalon.selenium.driver.CChromeDriver
Capabilities {acceptInsecureCerts: false, acceptSslCerts: false, applicationCacheEnabled: false, browserConnectionEnabled: false, browserName: chrome, chrome: {chromedriverVersion: 2.43.600229 (3fae4d0cda5334..., userDataDir: /var/folders/1t/c55l8xzs6gq...}, cssSelectorsEnabled: true, databaseEnabled: false, goog:chromeOptions: {debuggerAddress: localhost:63043}, handlesAlerts: true, hasTouchScreen: false, javascriptEnabled: true, locationContextEnabled: true, mobileEmulationEnabled: false, nativeEvents: true, networkConnectionEnabled: false, pageLoadStrategy: normal, platform: MAC, platformName: MAC, rotatable: false, setWindowRect: true, takesHeapSnapshot: true, takesScreenshot: true, unexpectedAlertBehaviour: , unhandledPromptBehavior: , version: 75.0.3770.90, webStorageEnabled: true}
Session ID: 52e69058952697602074bd17dc620874)
	at com.kms.katalon.core.keyword.internal.KeywordMain.stepFailed(KeywordMain.groovy:36)
	at com.kms.katalon.core.webui.keyword.internal.WebUIKeywordMain.stepFailed(WebUIKeywordMain.groovy:65)
	at com.kms.katalon.core.webui.keyword.internal.WebUIKeywordMain.runKeyword(WebUIKeywordMain.groovy:27)
	at com.kms.katalon.core.webui.keyword.builtin.ClickKeyword.click(ClickKeyword.groovy:86)
	at com.kms.katalon.core.webui.keyword.builtin.ClickKeyword.execute(ClickKeyword.groovy:67)
	at com.kms.katalon.core.keyword.internal.KeywordExecutor.executeKeywordForPlatform(KeywordExecutor.groovy:53)
	at com.kms.katalon.core.webui.keyword.WebUiBuiltInKeywords.click(WebUiBuiltInKeywords.groovy:616)
	at com.kms.katalon.core.webui.keyword.WebUiBuiltInKeywords$click$4.call(Unknown Source)
	at CALL - PDP.run(CALL - PDP:55)
	at com.kms.katalon.core.main.ScriptEngine.run(ScriptEngine.java:194)
	at com.kms.katalon.core.main.ScriptEngine.runScriptAsRawText(ScriptEngine.java:119)
	at com.kms.katalon.core.main.TestCaseExecutor.runScript(TestCaseExecutor.java:328)
	at com.kms.katalon.core.main.TestCaseExecutor.doExecute(TestCaseExecutor.java:319)
	at com.kms.katalon.core.main.TestCaseExecutor.processExecutionPhase(TestCaseExecutor.java:298)
	at com.kms.katalon.core.main.TestCaseExecutor.accessMainPhase(TestCaseExecutor.java:290)
	at com.kms.katalon.core.main.TestCaseExecutor.execute(TestCaseExecutor.java:224)
	at com.kms.katalon.core.main.TestCaseMain.runTestCase(TestCaseMain.java:106)
	at com.kms.katalon.core.keyword.builtin.CallTestCaseKeyword$_callTestCase_closure1.doCall(CallTestCaseKeyword.groovy:59)
	at com.kms.katalon.core.keyword.builtin.CallTestCaseKeyword$_callTestCase_closure1.call(CallTestCaseKeyword.groovy)
	at com.kms.katalon.core.keyword.internal.KeywordMain.runKeyword(KeywordMain.groovy:54)
	at com.kms.katalon.core.keyword.builtin.CallTestCaseKeyword.callTestCase(CallTestCaseKeyword.groovy:80)
	at com.kms.katalon.core.keyword.builtin.CallTestCaseKeyword.execute(CallTestCaseKeyword.groovy:44)
	at com.kms.katalon.core.keyword.internal.KeywordExecutor.executeKeywordForPlatform(KeywordExecutor.groovy:53)
	at com.kms.katalon.core.keyword.BuiltinKeywords.callTestCase(BuiltinKeywords.groovy:334)
	at How to choose cannbis products.run(How to choose cannbis products:16)
	at com.kms.katalon.core.main.ScriptEngine.run(ScriptEngine.java:194)
	at com.kms.katalon.core.main.ScriptEngine.runScriptAsRawText(ScriptEngine.java:119)
	at com.kms.katalon.core.main.TestCaseExecutor.runScript(TestCaseExecutor.java:328)
	at com.kms.katalon.core.main.TestCaseExecutor.doExecute(TestCaseExecutor.java:319)
	at com.kms.katalon.core.main.TestCaseExecutor.processExecutionPhase(TestCaseExecutor.java:298)
	at com.kms.katalon.core.main.TestCaseExecutor.accessMainPhase(TestCaseExecutor.java:290)
	at com.kms.katalon.core.main.TestCaseExecutor.execute(TestCaseExecutor.java:224)
	at com.kms.katalon.core.main.TestSuiteExecutor.accessTestCaseMainPhase(TestSuiteExecutor.java:129)
	at com.kms.katalon.core.main.TestSuiteExecutor.accessTestSuiteMainPhase(TestSuiteExecutor.java:112)
	at com.kms.katalon.core.main.TestSuiteExecutor.execute(TestSuiteExecutor.java:81)
	at com.kms.katalon.core.main.TestCaseMain.startTestSuite(TestCaseMain.java:149)
	at com.kms.katalon.core.main.TestCaseMain$startTestSuite$0.call(Unknown Source)
	at TempTestSuite1560802135767.run(TempTestSuite1560802135767.groovy:36)


2019-06-17 16:24:38 - [MESSAGE][FAILED] - Unable to call Test Case 'Test Cases/OCS - MOBILE/CALL - PDP' (Root cause: com.kms.katalon.core.exception.StepFailedException: Call Test Case 'Test Cases/OCS - MOBILE/CALL - PDP' failed)

2019-06-17 16:24:38 - [MESSAGE][FAILED] - callTestCase(findTestCase("OCS - MOBILE/CALL - PDP"), [:], STOP_ON_FAILURE) FAILED.
Reason:
com.kms.katalon.core.exception.StepFailedException: Unable to click on object 'Object Repository/OCS-MOBILE /Age gate and burger menu/Dried Flower_Plus icon' (Root cause: org.openqa.selenium.WebDriverException: unknown error: Element <i class="icon icon--plus menu__tier-three__link--icon"></i> is not clickable at point (462, 120). Other element would receive the click: <ul class="menu__learn-more--mobile only-mobile-tablet">...</ul>
  (Session info: chrome=75.0.3770.90)
  (Driver info: chromedriver=2.43.600229 (3fae4d0cda5334b4f533bede5a4787f7b832d052),platform=Mac OS X 10.13.6 x86_64) (WARNING: The server did not provide any stacktrace information)
Command duration or timeout: 0 milliseconds
Build info: version: '3.7.1', revision: '8a0099a', time: '2017-11-06T21:07:36.161Z'
System info: host: 'sumans-MacBook-Pro.local', ip: 'fe80:0:0:0:10f0:11f1:8277:c429%en0', os.name: 'Mac OS X', os.arch: 'x86_64', os.version: '10.13.6', java.version: '1.8.0_181'
Driver info: com.kms.katalon.selenium.driver.CChromeDriver
Capabilities {acceptInsecureCerts: false, acceptSslCerts: false, applicationCacheEnabled: false, browserConnectionEnabled: false, browserName: chrome, chrome: {chromedriverVersion: 2.43.600229 (3fae4d0cda5334..., userDataDir: /var/folders/1t/c55l8xzs6gq...}, cssSelectorsEnabled: true, databaseEnabled: false, goog:chromeOptions: {debuggerAddress: localhost:63043}, handlesAlerts: true, hasTouchScreen: false, javascriptEnabled: true, locationContextEnabled: true, mobileEmulationEnabled: false, nativeEvents: true, networkConnectionEnabled: false, pageLoadStrategy: normal, platform: MAC, platformName: MAC, rotatable: false, setWindowRect: true, takesHeapSnapshot: true, takesScreenshot: true, unexpectedAlertBehaviour: , unhandledPromptBehavior: , version: 75.0.3770.90, webStorageEnabled: true}
Session ID: 52e69058952697602074bd17dc620874)
	at com.kms.katalon.core.keyword.internal.KeywordMain.stepFailed(KeywordMain.groovy:36)
	at com.kms.katalon.core.webui.keyword.internal.WebUIKeywordMain.stepFailed(WebUIKeywordMain.groovy:65)
	at com.kms.katalon.core.webui.keyword.internal.WebUIKeywordMain.runKeyword(WebUIKeywordMain.groovy:27)
	at com.kms.katalon.core.webui.keyword.builtin.ClickKeyword.click(ClickKeyword.groovy:86)
	at com.kms.katalon.core.webui.keyword.builtin.ClickKeyword.execute(ClickKeyword.groovy:67)
	at com.kms.katalon.core.keyword.internal.KeywordExecutor.executeKeywordForPlatform(KeywordExecutor.groovy:53)
	at com.kms.katalon.core.webui.keyword.WebUiBuiltInKeywords.click(WebUiBuiltInKeywords.groovy:616)
	at com.kms.katalon.core.webui.keyword.WebUiBuiltInKeywords$click$4.call(Unknown Source)
	at CALL - PDP.run(CALL - PDP:55)
	at com.kms.katalon.core.main.ScriptEngine.run(ScriptEngine.java:194)
	at com.kms.katalon.core.main.ScriptEngine.runScriptAsRawText(ScriptEngine.java:119)
	at com.kms.katalon.core.main.TestCaseExecutor.runScript(TestCaseExecutor.java:328)
	at com.kms.katalon.core.main.TestCaseExecutor.doExecute(TestCaseExecutor.java:319)
	at com.kms.katalon.core.main.TestCaseExecutor.processExecutionPhase(TestCaseExecutor.java:298)
	at com.kms.katalon.core.main.TestCaseExecutor.accessMainPhase(TestCaseExecutor.java:290)
	at com.kms.katalon.core.main.TestCaseExecutor.execute(TestCaseExecutor.java:224)
	at com.kms.katalon.core.main.TestCaseMain.runTestCase(TestCaseMain.java:106)
	at com.kms.katalon.core.keyword.builtin.CallTestCaseKeyword$_callTestCase_closure1.doCall(CallTestCaseKeyword.groovy:59)
	at com.kms.katalon.core.keyword.builtin.CallTestCaseKeyword$_callTestCase_closure1.call(CallTestCaseKeyword.groovy)
	at com.kms.katalon.core.keyword.internal.KeywordMain.runKeyword(KeywordMain.groovy:54)
	at com.kms.katalon.core.keyword.builtin.CallTestCaseKeyword.callTestCase(CallTestCaseKeyword.groovy:80)
	at com.kms.katalon.core.keyword.builtin.CallTestCaseKeyword.execute(CallTestCaseKeyword.groovy:44)
	at com.kms.katalon.core.keyword.internal.KeywordExecutor.executeKeywordForPlatform(KeywordExecutor.groovy:53)
	at com.kms.katalon.core.keyword.BuiltinKeywords.callTestCase(BuiltinKeywords.groovy:334)
	at How to choose cannbis products.run(How to choose cannbis products:16)
	at com.kms.katalon.core.main.ScriptEngine.run(ScriptEngine.java:194)
	at com.kms.katalon.core.main.ScriptEngine.runScriptAsRawText(ScriptEngine.java:119)
	at com.kms.katalon.core.main.TestCaseExecutor.runScript(TestCaseExecutor.java:328)
	at com.kms.katalon.core.main.TestCaseExecutor.doExecute(TestCaseExecutor.java:319)
	at com.kms.katalon.core.main.TestCaseExecutor.processExecutionPhase(TestCaseExecutor.java:298)
	at com.kms.katalon.core.main.TestCaseExecutor.accessMainPhase(TestCaseExecutor.java:290)
	at com.kms.katalon.core.main.TestCaseExecutor.execute(TestCaseExecutor.java:224)
	at com.kms.katalon.core.main.TestSuiteExecutor.accessTestCaseMainPhase(TestSuiteExecutor.java:129)
	at com.kms.katalon.core.main.TestSuiteExecutor.accessTestSuiteMainPhase(TestSuiteExecutor.java:112)
	at com.kms.katalon.core.main.TestSuiteExecutor.execute(TestSuiteExecutor.java:81)
	at com.kms.katalon.core.main.TestCaseMain.startTestSuite(TestCaseMain.java:149)
	at com.kms.katalon.core.main.TestCaseMain$startTestSuite$0.call(Unknown Source)
	at TempTestSuite1560802135767.run(TempTestSuite1560802135767.groovy:36)]]></system-out>
         <system-err><![CDATA[2019-06-17 16:24:13 - [TEST_CASE][FAILED] - Test Cases/OCS - MOBILE/OCS- PRODUCT PAGE/How to choose cannbis products: Test Cases/OCS - MOBILE/OCS- PRODUCT PAGE/How to choose cannbis products FAILED.
Reason:
com.kms.katalon.core.exception.StepFailedException: Unable to click on object 'Object Repository/OCS-MOBILE /Age gate and burger menu/Dried Flower_Plus icon' (Root cause: org.openqa.selenium.WebDriverException: unknown error: Element <i class="icon icon--plus menu__tier-three__link--icon"></i> is not clickable at point (462, 120). Other element would receive the click: <ul class="menu__learn-more--mobile only-mobile-tablet">...</ul>
  (Session info: chrome=75.0.3770.90)
  (Driver info: chromedriver=2.43.600229 (3fae4d0cda5334b4f533bede5a4787f7b832d052),platform=Mac OS X 10.13.6 x86_64) (WARNING: The server did not provide any stacktrace information)
Command duration or timeout: 0 milliseconds
Build info: version: '3.7.1', revision: '8a0099a', time: '2017-11-06T21:07:36.161Z'
System info: host: 'sumans-MacBook-Pro.local', ip: 'fe80:0:0:0:10f0:11f1:8277:c429%en0', os.name: 'Mac OS X', os.arch: 'x86_64', os.version: '10.13.6', java.version: '1.8.0_181'
Driver info: com.kms.katalon.selenium.driver.CChromeDriver
Capabilities {acceptInsecureCerts: false, acceptSslCerts: false, applicationCacheEnabled: false, browserConnectionEnabled: false, browserName: chrome, chrome: {chromedriverVersion: 2.43.600229 (3fae4d0cda5334..., userDataDir: /var/folders/1t/c55l8xzs6gq...}, cssSelectorsEnabled: true, databaseEnabled: false, goog:chromeOptions: {debuggerAddress: localhost:63043}, handlesAlerts: true, hasTouchScreen: false, javascriptEnabled: true, locationContextEnabled: true, mobileEmulationEnabled: false, nativeEvents: true, networkConnectionEnabled: false, pageLoadStrategy: normal, platform: MAC, platformName: MAC, rotatable: false, setWindowRect: true, takesHeapSnapshot: true, takesScreenshot: true, unexpectedAlertBehaviour: , unhandledPromptBehavior: , version: 75.0.3770.90, webStorageEnabled: true}
Session ID: 52e69058952697602074bd17dc620874)
	at com.kms.katalon.core.keyword.internal.KeywordMain.stepFailed(KeywordMain.groovy:36)
	at com.kms.katalon.core.webui.keyword.internal.WebUIKeywordMain.stepFailed(WebUIKeywordMain.groovy:65)
	at com.kms.katalon.core.webui.keyword.internal.WebUIKeywordMain.runKeyword(WebUIKeywordMain.groovy:27)
	at com.kms.katalon.core.webui.keyword.builtin.ClickKeyword.click(ClickKeyword.groovy:86)
	at com.kms.katalon.core.webui.keyword.builtin.ClickKeyword.execute(ClickKeyword.groovy:67)
	at com.kms.katalon.core.keyword.internal.KeywordExecutor.executeKeywordForPlatform(KeywordExecutor.groovy:53)
	at com.kms.katalon.core.webui.keyword.WebUiBuiltInKeywords.click(WebUiBuiltInKeywords.groovy:616)
	at com.kms.katalon.core.webui.keyword.WebUiBuiltInKeywords$click$4.call(Unknown Source)
	at CALL - PDP.run(CALL - PDP:55)
	at com.kms.katalon.core.main.ScriptEngine.run(ScriptEngine.java:194)
	at com.kms.katalon.core.main.ScriptEngine.runScriptAsRawText(ScriptEngine.java:119)
	at com.kms.katalon.core.main.TestCaseExecutor.runScript(TestCaseExecutor.java:328)
	at com.kms.katalon.core.main.TestCaseExecutor.doExecute(TestCaseExecutor.java:319)
	at com.kms.katalon.core.main.TestCaseExecutor.processExecutionPhase(TestCaseExecutor.java:298)
	at com.kms.katalon.core.main.TestCaseExecutor.accessMainPhase(TestCaseExecutor.java:290)
	at com.kms.katalon.core.main.TestCaseExecutor.execute(TestCaseExecutor.java:224)
	at com.kms.katalon.core.main.TestCaseMain.runTestCase(TestCaseMain.java:106)
	at com.kms.katalon.core.keyword.builtin.CallTestCaseKeyword$_callTestCase_closure1.doCall(CallTestCaseKeyword.groovy:59)
	at com.kms.katalon.core.keyword.builtin.CallTestCaseKeyword$_callTestCase_closure1.call(CallTestCaseKeyword.groovy)
	at com.kms.katalon.core.keyword.internal.KeywordMain.runKeyword(KeywordMain.groovy:54)
	at com.kms.katalon.core.keyword.builtin.CallTestCaseKeyword.callTestCase(CallTestCaseKeyword.groovy:80)
	at com.kms.katalon.core.keyword.builtin.CallTestCaseKeyword.execute(CallTestCaseKeyword.groovy:44)
	at com.kms.katalon.core.keyword.internal.KeywordExecutor.executeKeywordForPlatform(KeywordExecutor.groovy:53)
	at com.kms.katalon.core.keyword.BuiltinKeywords.callTestCase(BuiltinKeywords.groovy:334)
	at How to choose cannbis products.run(How to choose cannbis products:16)
	at com.kms.katalon.core.main.ScriptEngine.run(ScriptEngine.java:194)
	at com.kms.katalon.core.main.ScriptEngine.runScriptAsRawText(ScriptEngine.java:119)
	at com.kms.katalon.core.main.TestCaseExecutor.runScript(TestCaseExecutor.java:328)
	at com.kms.katalon.core.main.TestCaseExecutor.doExecute(TestCaseExecutor.java:319)
	at com.kms.katalon.core.main.TestCaseExecutor.processExecutionPhase(TestCaseExecutor.java:298)
	at com.kms.katalon.core.main.TestCaseExecutor.accessMainPhase(TestCaseExecutor.java:290)
	at com.kms.katalon.core.main.TestCaseExecutor.execute(TestCaseExecutor.java:224)
	at com.kms.katalon.core.main.TestSuiteExecutor.accessTestCaseMainPhase(TestSuiteExecutor.java:129)
	at com.kms.katalon.core.main.TestSuiteExecutor.accessTestSuiteMainPhase(TestSuiteExecutor.java:112)
	at com.kms.katalon.core.main.TestSuiteExecutor.execute(TestSuiteExecutor.java:81)
	at com.kms.katalon.core.main.TestCaseMain.startTestSuite(TestCaseMain.java:149)
	at com.kms.katalon.core.main.TestCaseMain$startTestSuite$0.call(Unknown Source)
	at TempTestSuite1560802135767.run(TempTestSuite1560802135767.groovy:36)]]></system-err>
      </testcase>
      <testcase name="Test Cases/OCS - MOBILE/OCS-AGE GATE/AG- Under Age" classname="Test Cases/OCS - MOBILE/OCS-AGE GATE/AG- Under Age" status="PASSED">
         <system-out><![CDATA[2019-06-17 16:24:38 - [TEST_CASE][PASSED] - Test Cases/OCS - MOBILE/OCS-AGE GATE/AG- Under Age: Test Cases/OCS - MOBILE/OCS-AGE GATE/AG- Under Age

2019-06-17 16:24:38 - [TEST_STEP][PASSED] - openBrowser(""): Browser is opened with url: ''

2019-06-17 16:24:38 - [MESSAGE][WARNING] - A browser is already opened. Closing browser and opening a new one

2019-06-17 16:24:38 - [MESSAGE][INFO] - Starting 'Chrome' driver

2019-06-17 16:24:39 - [MESSAGE][PASSED] - Browser is opened with url: ''

2019-06-17 16:24:39 - [TEST_STEP][PASSED] - navigateToUrl("https://ocs.ca/?fts=0&preview_theme_id=53376026444"): Navigate to 'https://ocs.ca/?fts=0&preview_theme_id=53376026444' successfully

2019-06-17 16:24:47 - [MESSAGE][PASSED] - Navigate to 'https://ocs.ca/?fts=0&preview_theme_id=53376026444' successfully

2019-06-17 16:24:47 - [TEST_STEP][NOT_RUN] - executeJavaScript("var previewBar = document.getElementById("preview-bar-iframe"); previewBar.style.display = "none";", []): NOT_RUN: executeJavaScript("var previewBar = document.getElementById("preview-bar-iframe"); previewBar.style.display = "none";", [])

2019-06-17 16:24:47 - [MESSAGE][NOT_RUN] - NOT_RUN: executeJavaScript("var previewBar = document.getElementById("preview-bar-iframe"); previewBar.style.display = "none";", [])

2019-06-17 16:24:47 - [TEST_STEP][PASSED] - setViewPortSize(360, 800): Viewport is set to new size with width = 360 and height = 800

2019-06-17 16:24:48 - [MESSAGE][PASSED] - Viewport is set to new size with width = 360 and height = 800

2019-06-17 16:24:48 - [TEST_STEP][PASSED] - delay(4): Delayed 4 second(s)

2019-06-17 16:24:52 - [MESSAGE][PASSED] - Delayed 4 second(s)

2019-06-17 16:24:52 - [TEST_STEP][PASSED] - selectOptionByValue(findTestObject("OCS-MOBILE /Age gate and Mega menu/Date"), "12", true): All options with value '12' are selected in object 'Object Repository/OCS-MOBILE /Age gate and Mega menu/Date'  using regular expression

2019-06-17 16:24:52 - [MESSAGE][PASSED] - All options with value '12' are selected in object 'Object Repository/OCS-MOBILE /Age gate and Mega menu/Date'  using regular expression

2019-06-17 16:24:52 - [TEST_STEP][PASSED] - selectOptionByValue(findTestObject("OCS-MOBILE /Age gate and Mega menu/month"), "6", true): All options with value '6' are selected in object 'Object Repository/OCS-MOBILE /Age gate and Mega menu/month'  using regular expression

2019-06-17 16:24:52 - [MESSAGE][PASSED] - All options with value '6' are selected in object 'Object Repository/OCS-MOBILE /Age gate and Mega menu/month'  using regular expression

2019-06-17 16:24:52 - [TEST_STEP][PASSED] - delay(2): Delayed 2 second(s)

2019-06-17 16:24:54 - [MESSAGE][PASSED] - Delayed 2 second(s)

2019-06-17 16:24:54 - [TEST_STEP][PASSED] - selectOptionByValue(findTestObject("OCS-MOBILE /Age gate and Mega menu/Year Dropdown"), "2017", true): All options with value '2017' are selected in object 'Object Repository/OCS-MOBILE /Age gate and Mega menu/Year Dropdown'  using regular expression

2019-06-17 16:24:55 - [MESSAGE][PASSED] - All options with value '2017' are selected in object 'Object Repository/OCS-MOBILE /Age gate and Mega menu/Year Dropdown'  using regular expression

2019-06-17 16:24:55 - [TEST_STEP][PASSED] - click(findTestObject("OCS-MOBILE /Age gate and burger menu/button_Verify")): Object: 'Object Repository/OCS-MOBILE /Age gate and burger menu/button_Verify' is clicked on

2019-06-17 16:24:55 - [MESSAGE][PASSED] - Object: 'Object Repository/OCS-MOBILE /Age gate and burger menu/button_Verify' is clicked on

2019-06-17 16:24:55 - [TEST_STEP][PASSED] - click(findTestObject("OCS-MOBILE /Age gate and burger menu/Checkbox_CONFIRM AND ACKNOWLEDGE")): Object: 'Object Repository/OCS-MOBILE /Age gate and burger menu/Checkbox_CONFIRM AND ACKNOWLEDGE' is clicked on

2019-06-17 16:24:55 - [MESSAGE][PASSED] - Object: 'Object Repository/OCS-MOBILE /Age gate and burger menu/Checkbox_CONFIRM AND ACKNOWLEDGE' is clicked on

2019-06-17 16:24:55 - [TEST_STEP][PASSED] - click(findTestObject("OCS-MOBILE /Age gate and burger menu/button_CONFIRM")): Object: 'Object Repository/OCS-MOBILE /Age gate and burger menu/button_CONFIRM' is clicked on

2019-06-17 16:24:55 - [MESSAGE][PASSED] - Object: 'Object Repository/OCS-MOBILE /Age gate and burger menu/button_CONFIRM' is clicked on

2019-06-17 16:24:55 - [TEST_STEP][PASSED] - delay(3): Delayed 3 second(s)

2019-06-17 16:24:58 - [MESSAGE][PASSED] - Delayed 3 second(s)

2019-06-17 16:24:58 - [TEST_STEP][PASSED] - click(findTestObject("OCS-MOBILE /Age gate and burger menu/Oops Im actually 19 or older - Link")): Object: 'Object Repository/OCS-MOBILE /Age gate and burger menu/Oops Im actually 19 or older - Link' is clicked on

2019-06-17 16:24:58 - [MESSAGE][PASSED] - Object: 'Object Repository/OCS-MOBILE /Age gate and burger menu/Oops Im actually 19 or older - Link' is clicked on

2019-06-17 16:24:58 - [TEST_STEP][PASSED] - selectOptionByValue(findTestObject("OCS-MOBILE /Age gate and burger menu/Date"), "5", true): All options with value '5' are selected in object 'Object Repository/OCS-MOBILE /Age gate and burger menu/Date'  using regular expression

2019-06-17 16:24:59 - [MESSAGE][PASSED] - All options with value '5' are selected in object 'Object Repository/OCS-MOBILE /Age gate and burger menu/Date'  using regular expression

2019-06-17 16:24:59 - [TEST_STEP][PASSED] - selectOptionByValue(findTestObject("OCS-MOBILE /Age gate and burger menu/month"), "6", true): All options with value '6' are selected in object 'Object Repository/OCS-MOBILE /Age gate and burger menu/month'  using regular expression

2019-06-17 16:24:59 - [MESSAGE][PASSED] - All options with value '6' are selected in object 'Object Repository/OCS-MOBILE /Age gate and burger menu/month'  using regular expression

2019-06-17 16:24:59 - [TEST_STEP][PASSED] - selectOptionByValue(findTestObject("OCS-MOBILE /Age gate and Mega menu/Year Dropdown"), "1970", true): All options with value '1970' are selected in object 'Object Repository/OCS-MOBILE /Age gate and Mega menu/Year Dropdown'  using regular expression

2019-06-17 16:25:00 - [MESSAGE][PASSED] - All options with value '1970' are selected in object 'Object Repository/OCS-MOBILE /Age gate and Mega menu/Year Dropdown'  using regular expression

2019-06-17 16:25:00 - [TEST_STEP][PASSED] - click(findTestObject("OCS-MOBILE /Age gate and Mega menu/button_Verify")): Object: 'Object Repository/OCS-MOBILE /Age gate and Mega menu/button_Verify' is clicked on

2019-06-17 16:25:00 - [MESSAGE][PASSED] - Object: 'Object Repository/OCS-MOBILE /Age gate and Mega menu/button_Verify' is clicked on

2019-06-17 16:25:00 - [TEST_STEP][PASSED] - click(findTestObject("OCS-MOBILE /Age gate and Mega menu/Checkbox_CONFIRM AND ACKNOWLEDGE")): Object: 'Object Repository/OCS-MOBILE /Age gate and Mega menu/Checkbox_CONFIRM AND ACKNOWLEDGE' is clicked on

2019-06-17 16:25:00 - [MESSAGE][PASSED] - Object: 'Object Repository/OCS-MOBILE /Age gate and Mega menu/Checkbox_CONFIRM AND ACKNOWLEDGE' is clicked on

2019-06-17 16:25:00 - [TEST_STEP][PASSED] - click(findTestObject("OCS-MOBILE /Age gate and Mega menu/button_CONFIRM")): Object: 'Object Repository/OCS-MOBILE /Age gate and Mega menu/button_CONFIRM' is clicked on

2019-06-17 16:25:00 - [MESSAGE][PASSED] - Object: 'Object Repository/OCS-MOBILE /Age gate and Mega menu/button_CONFIRM' is clicked on

2019-06-17 16:25:00 - [TEST_STEP][PASSED] - click(findTestObject("OCS-MOBILE /Age gate and Mega menu/button_Start Browsing")): Object: 'Object Repository/OCS-MOBILE /Age gate and Mega menu/button_Start Browsing' is clicked on

2019-06-17 16:25:00 - [MESSAGE][PASSED] - Object: 'Object Repository/OCS-MOBILE /Age gate and Mega menu/button_Start Browsing' is clicked on

2019-06-17 16:25:00 - [TEST_STEP][PASSED] - delay(3): Delayed 3 second(s)

2019-06-17 16:25:03 - [MESSAGE][PASSED] - Delayed 3 second(s)

2019-06-17 16:25:03 - [TEST_STEP][PASSED] - closeBrowser(): Browser is closed

2019-06-17 16:25:03 - [MESSAGE][PASSED] - Browser is closed]]></system-out>
         <system-err><![CDATA[]]></system-err>
      </testcase>
      <testcase name="Test Cases/OCS - MOBILE/OCS-AGE GATE/AG - Date correction" classname="Test Cases/OCS - MOBILE/OCS-AGE GATE/AG - Date correction" status="PASSED">
         <system-out><![CDATA[2019-06-17 16:25:03 - [TEST_CASE][PASSED] - Test Cases/OCS - MOBILE/OCS-AGE GATE/AG - Date correction: Test Cases/OCS - MOBILE/OCS-AGE GATE/AG - Date correction

2019-06-17 16:25:03 - [TEST_STEP][PASSED] - openBrowser(""): Browser is opened with url: ''

2019-06-17 16:25:03 - [MESSAGE][INFO] - Starting 'Chrome' driver

2019-06-17 16:25:05 - [MESSAGE][PASSED] - Browser is opened with url: ''

2019-06-17 16:25:05 - [TEST_STEP][PASSED] - navigateToUrl("https://ocs.ca/?fts=0&preview_theme_id=53376026444"): Navigate to 'https://ocs.ca/?fts=0&preview_theme_id=53376026444' successfully

2019-06-17 16:25:11 - [MESSAGE][PASSED] - Navigate to 'https://ocs.ca/?fts=0&preview_theme_id=53376026444' successfully

2019-06-17 16:25:11 - [TEST_STEP][PASSED] - executeJavaScript("var previewBar = document.getElementById("preview-bar-iframe"); previewBar.style.display = "none";", []): Execute JavaScript 'var previewBar = document.getElementById("preview-bar-iframe"); previewBar.style.display = "none";' successfully

2019-06-17 16:25:11 - [MESSAGE][PASSED] - Execute JavaScript 'var previewBar = document.getElementById("preview-bar-iframe"); previewBar.style.display = "none";' successfully

2019-06-17 16:25:11 - [TEST_STEP][PASSED] - setViewPortSize(360, 800): Viewport is set to new size with width = 360 and height = 800

2019-06-17 16:25:11 - [MESSAGE][PASSED] - Viewport is set to new size with width = 360 and height = 800

2019-06-17 16:25:11 - [TEST_STEP][PASSED] - delay(4): Delayed 4 second(s)

2019-06-17 16:25:15 - [MESSAGE][PASSED] - Delayed 4 second(s)

2019-06-17 16:25:15 - [TEST_STEP][PASSED] - selectOptionByValue(findTestObject("OCS-MOBILE /Age gate and Mega menu/Date"), "12", true): All options with value '12' are selected in object 'Object Repository/OCS-MOBILE /Age gate and Mega menu/Date'  using regular expression

2019-06-17 16:25:15 - [MESSAGE][PASSED] - All options with value '12' are selected in object 'Object Repository/OCS-MOBILE /Age gate and Mega menu/Date'  using regular expression

2019-06-17 16:25:15 - [TEST_STEP][PASSED] - selectOptionByValue(findTestObject("OCS-MOBILE /Age gate and Mega menu/month"), "6", true): All options with value '6' are selected in object 'Object Repository/OCS-MOBILE /Age gate and Mega menu/month'  using regular expression

2019-06-17 16:25:15 - [MESSAGE][PASSED] - All options with value '6' are selected in object 'Object Repository/OCS-MOBILE /Age gate and Mega menu/month'  using regular expression

2019-06-17 16:25:15 - [TEST_STEP][PASSED] - delay(2): Delayed 2 second(s)

2019-06-17 16:25:17 - [MESSAGE][PASSED] - Delayed 2 second(s)

2019-06-17 16:25:17 - [TEST_STEP][PASSED] - selectOptionByValue(findTestObject("OCS-MOBILE /Age gate and Mega menu/Year Dropdown"), "1990", true): All options with value '1990' are selected in object 'Object Repository/OCS-MOBILE /Age gate and Mega menu/Year Dropdown'  using regular expression

2019-06-17 16:25:18 - [MESSAGE][PASSED] - All options with value '1990' are selected in object 'Object Repository/OCS-MOBILE /Age gate and Mega menu/Year Dropdown'  using regular expression

2019-06-17 16:25:18 - [TEST_STEP][PASSED] - delay(3): Delayed 3 second(s)

2019-06-17 16:25:21 - [MESSAGE][PASSED] - Delayed 3 second(s)

2019-06-17 16:25:21 - [TEST_STEP][PASSED] - click(findTestObject("OCS-MOBILE /Age gate and Mega menu/button_Verify")): Object: 'Object Repository/OCS-MOBILE /Age gate and Mega menu/button_Verify' is clicked on

2019-06-17 16:25:22 - [MESSAGE][PASSED] - Object: 'Object Repository/OCS-MOBILE /Age gate and Mega menu/button_Verify' is clicked on

2019-06-17 16:25:22 - [TEST_STEP][PASSED] - delay(1): Delayed 1 second(s)

2019-06-17 16:25:23 - [MESSAGE][PASSED] - Delayed 1 second(s)

2019-06-17 16:25:23 - [TEST_STEP][PASSED] - click(findTestObject("OCS-MOBILE /Age gate and Mega menu/a_Correct your date of birth")): Object: 'Object Repository/OCS-MOBILE /Age gate and Mega menu/a_Correct your date of birth' is clicked on

2019-06-17 16:25:23 - [MESSAGE][PASSED] - Object: 'Object Repository/OCS-MOBILE /Age gate and Mega menu/a_Correct your date of birth' is clicked on

2019-06-17 16:25:23 - [TEST_STEP][PASSED] - selectOptionByValue(findTestObject("OCS-MOBILE /Age gate and Mega menu/Date"), "1", true): All options with value '1' are selected in object 'Object Repository/OCS-MOBILE /Age gate and Mega menu/Date'  using regular expression

2019-06-17 16:25:23 - [MESSAGE][PASSED] - All options with value '1' are selected in object 'Object Repository/OCS-MOBILE /Age gate and Mega menu/Date'  using regular expression

2019-06-17 16:25:23 - [TEST_STEP][PASSED] - selectOptionByValue(findTestObject("OCS-MOBILE /Age gate and Mega menu/month"), "5", true): All options with value '5' are selected in object 'Object Repository/OCS-MOBILE /Age gate and Mega menu/month'  using regular expression

2019-06-17 16:25:23 - [MESSAGE][PASSED] - All options with value '5' are selected in object 'Object Repository/OCS-MOBILE /Age gate and Mega menu/month'  using regular expression

2019-06-17 16:25:23 - [TEST_STEP][PASSED] - selectOptionByValue(findTestObject("OCS-MOBILE /Age gate and Mega menu/Year Dropdown"), "1980", true): All options with value '1980' are selected in object 'Object Repository/OCS-MOBILE /Age gate and Mega menu/Year Dropdown'  using regular expression

2019-06-17 16:25:24 - [MESSAGE][PASSED] - All options with value '1980' are selected in object 'Object Repository/OCS-MOBILE /Age gate and Mega menu/Year Dropdown'  using regular expression

2019-06-17 16:25:24 - [TEST_STEP][PASSED] - click(findTestObject("OCS-MOBILE /Age gate and Mega menu/button_Verify")): Object: 'Object Repository/OCS-MOBILE /Age gate and Mega menu/button_Verify' is clicked on

2019-06-17 16:25:24 - [MESSAGE][PASSED] - Object: 'Object Repository/OCS-MOBILE /Age gate and Mega menu/button_Verify' is clicked on

2019-06-17 16:25:24 - [TEST_STEP][PASSED] - closeBrowser(): Browser is closed

2019-06-17 16:25:24 - [MESSAGE][PASSED] - Browser is closed]]></system-out>
         <system-err><![CDATA[]]></system-err>
      </testcase>
      <testcase name="Test Cases/OCS - MOBILE/OCS-COLLECTION PAGE/Sort" classname="Test Cases/OCS - MOBILE/OCS-COLLECTION PAGE/Sort" status="FAILED">
         <failure type="FAILED" message="Test Cases/OCS - MOBILE/OCS-COLLECTION PAGE/Sort FAILED.
Reason:
com.kms.katalon.core.exception.StepFailedException: Unable to click on object 'Object Repository/OCS-MOBILE /Cannabis page/Dried flower' (Root cause: org.openqa.selenium.WebDriverException: unknown error: Element &lt;span>...&lt;/span> is not clickable at point (55, 120). Other element would receive the click: &lt;ul class=&quot;menu__learn-more--mobile only-mobile-tablet&quot;>...&lt;/ul>
  (Session info: chrome=75.0.3770.90)
  (Driver info: chromedriver=2.43.600229 (3fae4d0cda5334b4f533bede5a4787f7b832d052),platform=Mac OS X 10.13.6 x86_64) (WARNING: The server did not provide any stacktrace information)
Command duration or timeout: 0 milliseconds
Build info: version: '3.7.1', revision: '8a0099a', time: '2017-11-06T21:07:36.161Z'
System info: host: 'sumans-MacBook-Pro.local', ip: 'fe80:0:0:0:10f0:11f1:8277:c429%en0', os.name: 'Mac OS X', os.arch: 'x86_64', os.version: '10.13.6', java.version: '1.8.0_181'
Driver info: com.kms.katalon.selenium.driver.CChromeDriver
Capabilities {acceptInsecureCerts: false, acceptSslCerts: false, applicationCacheEnabled: false, browserConnectionEnabled: false, browserName: chrome, chrome: {chromedriverVersion: 2.43.600229 (3fae4d0cda5334..., userDataDir: /var/folders/1t/c55l8xzs6gq...}, cssSelectorsEnabled: true, databaseEnabled: false, goog:chromeOptions: {debuggerAddress: localhost:63455}, handlesAlerts: true, hasTouchScreen: false, javascriptEnabled: true, locationContextEnabled: true, mobileEmulationEnabled: false, nativeEvents: true, networkConnectionEnabled: false, pageLoadStrategy: normal, platform: MAC, platformName: MAC, rotatable: false, setWindowRect: true, takesHeapSnapshot: true, takesScreenshot: true, unexpectedAlertBehaviour: , unhandledPromptBehavior: , version: 75.0.3770.90, webStorageEnabled: true}
Session ID: 7625e8e3fd54862a393c4a23611fabc2)
	at com.kms.katalon.core.keyword.internal.KeywordMain.stepFailed(KeywordMain.groovy:36)
	at com.kms.katalon.core.webui.keyword.internal.WebUIKeywordMain.stepFailed(WebUIKeywordMain.groovy:65)
	at com.kms.katalon.core.webui.keyword.internal.WebUIKeywordMain.runKeyword(WebUIKeywordMain.groovy:27)
	at com.kms.katalon.core.webui.keyword.builtin.ClickKeyword.click(ClickKeyword.groovy:86)
	at com.kms.katalon.core.webui.keyword.builtin.ClickKeyword.execute(ClickKeyword.groovy:67)
	at com.kms.katalon.core.keyword.internal.KeywordExecutor.executeKeywordForPlatform(KeywordExecutor.groovy:53)
	at com.kms.katalon.core.webui.keyword.WebUiBuiltInKeywords.click(WebUiBuiltInKeywords.groovy:616)
	at com.kms.katalon.core.webui.keyword.WebUiBuiltInKeywords$click$4.call(Unknown Source)
	at Sort.run(Sort:28)
	at com.kms.katalon.core.main.ScriptEngine.run(ScriptEngine.java:194)
	at com.kms.katalon.core.main.ScriptEngine.runScriptAsRawText(ScriptEngine.java:119)
	at com.kms.katalon.core.main.TestCaseExecutor.runScript(TestCaseExecutor.java:328)
	at com.kms.katalon.core.main.TestCaseExecutor.doExecute(TestCaseExecutor.java:319)
	at com.kms.katalon.core.main.TestCaseExecutor.processExecutionPhase(TestCaseExecutor.java:298)
	at com.kms.katalon.core.main.TestCaseExecutor.accessMainPhase(TestCaseExecutor.java:290)
	at com.kms.katalon.core.main.TestCaseExecutor.execute(TestCaseExecutor.java:224)
	at com.kms.katalon.core.main.TestSuiteExecutor.accessTestCaseMainPhase(TestSuiteExecutor.java:129)
	at com.kms.katalon.core.main.TestSuiteExecutor.accessTestSuiteMainPhase(TestSuiteExecutor.java:112)
	at com.kms.katalon.core.main.TestSuiteExecutor.execute(TestSuiteExecutor.java:81)
	at com.kms.katalon.core.main.TestCaseMain.startTestSuite(TestCaseMain.java:149)
	at com.kms.katalon.core.main.TestCaseMain$startTestSuite$0.call(Unknown Source)
	at TempTestSuite1560802135767.run(TempTestSuite1560802135767.groovy:36)
"/>
         <system-out><![CDATA[2019-06-17 16:25:24 - [TEST_CASE][FAILED] - Test Cases/OCS - MOBILE/OCS-COLLECTION PAGE/Sort: Test Cases/OCS - MOBILE/OCS-COLLECTION PAGE/Sort FAILED.
Reason:
com.kms.katalon.core.exception.StepFailedException: Unable to click on object 'Object Repository/OCS-MOBILE /Cannabis page/Dried flower' (Root cause: org.openqa.selenium.WebDriverException: unknown error: Element <span>...</span> is not clickable at point (55, 120). Other element would receive the click: <ul class="menu__learn-more--mobile only-mobile-tablet">...</ul>
  (Session info: chrome=75.0.3770.90)
  (Driver info: chromedriver=2.43.600229 (3fae4d0cda5334b4f533bede5a4787f7b832d052),platform=Mac OS X 10.13.6 x86_64) (WARNING: The server did not provide any stacktrace information)
Command duration or timeout: 0 milliseconds
Build info: version: '3.7.1', revision: '8a0099a', time: '2017-11-06T21:07:36.161Z'
System info: host: 'sumans-MacBook-Pro.local', ip: 'fe80:0:0:0:10f0:11f1:8277:c429%en0', os.name: 'Mac OS X', os.arch: 'x86_64', os.version: '10.13.6', java.version: '1.8.0_181'
Driver info: com.kms.katalon.selenium.driver.CChromeDriver
Capabilities {acceptInsecureCerts: false, acceptSslCerts: false, applicationCacheEnabled: false, browserConnectionEnabled: false, browserName: chrome, chrome: {chromedriverVersion: 2.43.600229 (3fae4d0cda5334..., userDataDir: /var/folders/1t/c55l8xzs6gq...}, cssSelectorsEnabled: true, databaseEnabled: false, goog:chromeOptions: {debuggerAddress: localhost:63455}, handlesAlerts: true, hasTouchScreen: false, javascriptEnabled: true, locationContextEnabled: true, mobileEmulationEnabled: false, nativeEvents: true, networkConnectionEnabled: false, pageLoadStrategy: normal, platform: MAC, platformName: MAC, rotatable: false, setWindowRect: true, takesHeapSnapshot: true, takesScreenshot: true, unexpectedAlertBehaviour: , unhandledPromptBehavior: , version: 75.0.3770.90, webStorageEnabled: true}
Session ID: 7625e8e3fd54862a393c4a23611fabc2)
	at com.kms.katalon.core.keyword.internal.KeywordMain.stepFailed(KeywordMain.groovy:36)
	at com.kms.katalon.core.webui.keyword.internal.WebUIKeywordMain.stepFailed(WebUIKeywordMain.groovy:65)
	at com.kms.katalon.core.webui.keyword.internal.WebUIKeywordMain.runKeyword(WebUIKeywordMain.groovy:27)
	at com.kms.katalon.core.webui.keyword.builtin.ClickKeyword.click(ClickKeyword.groovy:86)
	at com.kms.katalon.core.webui.keyword.builtin.ClickKeyword.execute(ClickKeyword.groovy:67)
	at com.kms.katalon.core.keyword.internal.KeywordExecutor.executeKeywordForPlatform(KeywordExecutor.groovy:53)
	at com.kms.katalon.core.webui.keyword.WebUiBuiltInKeywords.click(WebUiBuiltInKeywords.groovy:616)
	at com.kms.katalon.core.webui.keyword.WebUiBuiltInKeywords$click$4.call(Unknown Source)
	at Sort.run(Sort:28)
	at com.kms.katalon.core.main.ScriptEngine.run(ScriptEngine.java:194)
	at com.kms.katalon.core.main.ScriptEngine.runScriptAsRawText(ScriptEngine.java:119)
	at com.kms.katalon.core.main.TestCaseExecutor.runScript(TestCaseExecutor.java:328)
	at com.kms.katalon.core.main.TestCaseExecutor.doExecute(TestCaseExecutor.java:319)
	at com.kms.katalon.core.main.TestCaseExecutor.processExecutionPhase(TestCaseExecutor.java:298)
	at com.kms.katalon.core.main.TestCaseExecutor.accessMainPhase(TestCaseExecutor.java:290)
	at com.kms.katalon.core.main.TestCaseExecutor.execute(TestCaseExecutor.java:224)
	at com.kms.katalon.core.main.TestSuiteExecutor.accessTestCaseMainPhase(TestSuiteExecutor.java:129)
	at com.kms.katalon.core.main.TestSuiteExecutor.accessTestSuiteMainPhase(TestSuiteExecutor.java:112)
	at com.kms.katalon.core.main.TestSuiteExecutor.execute(TestSuiteExecutor.java:81)
	at com.kms.katalon.core.main.TestCaseMain.startTestSuite(TestCaseMain.java:149)
	at com.kms.katalon.core.main.TestCaseMain$startTestSuite$0.call(Unknown Source)
	at TempTestSuite1560802135767.run(TempTestSuite1560802135767.groovy:36)


2019-06-17 16:25:24 - [TEST_STEP][PASSED] - callTestCase(findTestCase("OCS - MOBILE/CALL - AGE GATE"), [:], STOP_ON_FAILURE): Call Test Case 'Test Cases/OCS - MOBILE/CALL - AGE GATE' successfully

2019-06-17 16:25:24 - [TEST_CASE][PASSED] - Test Cases/OCS - MOBILE/CALL - AGE GATE: Test Cases/OCS - MOBILE/CALL - AGE GATE

2019-06-17 16:25:24 - [TEST_STEP][PASSED] - openBrowser(""): Browser is opened with url: ''

2019-06-17 16:25:24 - [MESSAGE][INFO] - Starting 'Chrome' driver

2019-06-17 16:25:26 - [MESSAGE][PASSED] - Browser is opened with url: ''

2019-06-17 16:25:26 - [TEST_STEP][PASSED] - navigateToUrl("https://ocs.ca/?fts=0&preview_theme_id=72920106828"): Navigate to 'https://ocs.ca/?fts=0&preview_theme_id=72920106828' successfully

2019-06-17 16:25:31 - [MESSAGE][PASSED] - Navigate to 'https://ocs.ca/?fts=0&preview_theme_id=72920106828' successfully

2019-06-17 16:25:31 - [TEST_STEP][PASSED] - executeJavaScript("var previewBar = document.getElementById("preview-bar-iframe"); previewBar.style.display = "none";", []): Execute JavaScript 'var previewBar = document.getElementById("preview-bar-iframe"); previewBar.style.display = "none";' successfully

2019-06-17 16:25:31 - [MESSAGE][PASSED] - Execute JavaScript 'var previewBar = document.getElementById("preview-bar-iframe"); previewBar.style.display = "none";' successfully

2019-06-17 16:25:31 - [TEST_STEP][PASSED] - setViewPortSize(360, 800): Viewport is set to new size with width = 360 and height = 800

2019-06-17 16:25:31 - [MESSAGE][PASSED] - Viewport is set to new size with width = 360 and height = 800

2019-06-17 16:25:31 - [TEST_STEP][PASSED] - delay(4): Delayed 4 second(s)

2019-06-17 16:25:35 - [MESSAGE][PASSED] - Delayed 4 second(s)

2019-06-17 16:25:35 - [TEST_STEP][PASSED] - selectOptionByValue(findTestObject("OCS-MOBILE /Age gate and burger menu/Date"), "12", true): All options with value '12' are selected in object 'Object Repository/OCS-MOBILE /Age gate and burger menu/Date'  using regular expression

2019-06-17 16:25:35 - [MESSAGE][PASSED] - All options with value '12' are selected in object 'Object Repository/OCS-MOBILE /Age gate and burger menu/Date'  using regular expression

2019-06-17 16:25:35 - [TEST_STEP][PASSED] - selectOptionByValue(findTestObject("OCS-MOBILE /Age gate and burger menu/month"), "6", true): All options with value '6' are selected in object 'Object Repository/OCS-MOBILE /Age gate and burger menu/month'  using regular expression

2019-06-17 16:25:35 - [MESSAGE][PASSED] - All options with value '6' are selected in object 'Object Repository/OCS-MOBILE /Age gate and burger menu/month'  using regular expression

2019-06-17 16:25:35 - [TEST_STEP][PASSED] - delay(2): Delayed 2 second(s)

2019-06-17 16:25:37 - [MESSAGE][PASSED] - Delayed 2 second(s)

2019-06-17 16:25:37 - [TEST_STEP][PASSED] - selectOptionByValue(findTestObject("OCS-MOBILE /Age gate and burger menu/Year Dropdown"), "1990", true): All options with value '1990' are selected in object 'Object Repository/OCS-MOBILE /Age gate and burger menu/Year Dropdown'  using regular expression

2019-06-17 16:25:38 - [MESSAGE][PASSED] - All options with value '1990' are selected in object 'Object Repository/OCS-MOBILE /Age gate and burger menu/Year Dropdown'  using regular expression

2019-06-17 16:25:38 - [TEST_STEP][PASSED] - click(findTestObject("OCS-MOBILE /Age gate and Mega menu/button_Verify")): Object: 'Object Repository/OCS-MOBILE /Age gate and Mega menu/button_Verify' is clicked on

2019-06-17 16:25:38 - [MESSAGE][PASSED] - Object: 'Object Repository/OCS-MOBILE /Age gate and Mega menu/button_Verify' is clicked on

2019-06-17 16:25:38 - [TEST_STEP][PASSED] - click(findTestObject("OCS-MOBILE /Age gate and Mega menu/Checkbox_CONFIRM AND ACKNOWLEDGE")): Object: 'Object Repository/OCS-MOBILE /Age gate and Mega menu/Checkbox_CONFIRM AND ACKNOWLEDGE' is clicked on

2019-06-17 16:25:38 - [MESSAGE][PASSED] - Object: 'Object Repository/OCS-MOBILE /Age gate and Mega menu/Checkbox_CONFIRM AND ACKNOWLEDGE' is clicked on

2019-06-17 16:25:38 - [TEST_STEP][PASSED] - click(findTestObject("OCS-MOBILE /Age gate and Mega menu/button_CONFIRM")): Object: 'Object Repository/OCS-MOBILE /Age gate and Mega menu/button_CONFIRM' is clicked on

2019-06-17 16:25:38 - [MESSAGE][PASSED] - Object: 'Object Repository/OCS-MOBILE /Age gate and Mega menu/button_CONFIRM' is clicked on

2019-06-17 16:25:38 - [TEST_STEP][PASSED] - click(findTestObject("OCS-MOBILE /Age gate and Mega menu/button_Start Browsing")): Object: 'Object Repository/OCS-MOBILE /Age gate and Mega menu/button_Start Browsing' is clicked on

2019-06-17 16:25:39 - [MESSAGE][PASSED] - Object: 'Object Repository/OCS-MOBILE /Age gate and Mega menu/button_Start Browsing' is clicked on

2019-06-17 16:25:39 - [TEST_STEP][PASSED] - refresh(): Refresh successfully

2019-06-17 16:25:39 - [MESSAGE][PASSED] - Refresh successfully

2019-06-17 16:25:39 - [MESSAGE][PASSED] - Call Test Case 'Test Cases/OCS - MOBILE/CALL - AGE GATE' successfully

2019-06-17 16:25:39 - [TEST_STEP][PASSED] - delay(2): Delayed 2 second(s)

2019-06-17 16:25:41 - [MESSAGE][PASSED] - Delayed 2 second(s)

2019-06-17 16:25:41 - [TEST_STEP][PASSED] - click(findTestObject("OCS-MOBILE /Age gate and burger menu/Burger menu - English")): Object: 'Object Repository/OCS-MOBILE /Age gate and burger menu/Burger menu - English' is clicked on

2019-06-17 16:25:43 - [MESSAGE][PASSED] - Object: 'Object Repository/OCS-MOBILE /Age gate and burger menu/Burger menu - English' is clicked on

2019-06-17 16:25:43 - [TEST_STEP][PASSED] - delay(2): Delayed 2 second(s)

2019-06-17 16:25:45 - [MESSAGE][PASSED] - Delayed 2 second(s)

2019-06-17 16:25:45 - [TEST_STEP][PASSED] - click(findTestObject("OCS-MOBILE /Age gate and Mega menu/Chevron_Cannabis")): Object: 'Object Repository/OCS-MOBILE /Age gate and Mega menu/Chevron_Cannabis' is clicked on

2019-06-17 16:25:45 - [MESSAGE][PASSED] - Object: 'Object Repository/OCS-MOBILE /Age gate and Mega menu/Chevron_Cannabis' is clicked on

2019-06-17 16:25:45 - [TEST_STEP][PASSED] - delay(2): Delayed 2 second(s)

2019-06-17 16:25:47 - [MESSAGE][PASSED] - Delayed 2 second(s)

2019-06-17 16:25:47 - [TEST_STEP][FAILED] - click(findTestObject("OCS-MOBILE /Cannabis page/Dried flower")): click(findTestObject("OCS-MOBILE /Cannabis page/Dried flower")) FAILED.
Reason:
com.kms.katalon.core.exception.StepFailedException: Unable to click on object 'Object Repository/OCS-MOBILE /Cannabis page/Dried flower' (Root cause: org.openqa.selenium.WebDriverException: unknown error: Element <span>...</span> is not clickable at point (55, 120). Other element would receive the click: <ul class="menu__learn-more--mobile only-mobile-tablet">...</ul>
  (Session info: chrome=75.0.3770.90)
  (Driver info: chromedriver=2.43.600229 (3fae4d0cda5334b4f533bede5a4787f7b832d052),platform=Mac OS X 10.13.6 x86_64) (WARNING: The server did not provide any stacktrace information)
Command duration or timeout: 0 milliseconds
Build info: version: '3.7.1', revision: '8a0099a', time: '2017-11-06T21:07:36.161Z'
System info: host: 'sumans-MacBook-Pro.local', ip: 'fe80:0:0:0:10f0:11f1:8277:c429%en0', os.name: 'Mac OS X', os.arch: 'x86_64', os.version: '10.13.6', java.version: '1.8.0_181'
Driver info: com.kms.katalon.selenium.driver.CChromeDriver
Capabilities {acceptInsecureCerts: false, acceptSslCerts: false, applicationCacheEnabled: false, browserConnectionEnabled: false, browserName: chrome, chrome: {chromedriverVersion: 2.43.600229 (3fae4d0cda5334..., userDataDir: /var/folders/1t/c55l8xzs6gq...}, cssSelectorsEnabled: true, databaseEnabled: false, goog:chromeOptions: {debuggerAddress: localhost:63455}, handlesAlerts: true, hasTouchScreen: false, javascriptEnabled: true, locationContextEnabled: true, mobileEmulationEnabled: false, nativeEvents: true, networkConnectionEnabled: false, pageLoadStrategy: normal, platform: MAC, platformName: MAC, rotatable: false, setWindowRect: true, takesHeapSnapshot: true, takesScreenshot: true, unexpectedAlertBehaviour: , unhandledPromptBehavior: , version: 75.0.3770.90, webStorageEnabled: true}
Session ID: 7625e8e3fd54862a393c4a23611fabc2)
	at com.kms.katalon.core.keyword.internal.KeywordMain.stepFailed(KeywordMain.groovy:36)
	at com.kms.katalon.core.webui.keyword.internal.WebUIKeywordMain.stepFailed(WebUIKeywordMain.groovy:65)
	at com.kms.katalon.core.webui.keyword.internal.WebUIKeywordMain.runKeyword(WebUIKeywordMain.groovy:27)
	at com.kms.katalon.core.webui.keyword.builtin.ClickKeyword.click(ClickKeyword.groovy:86)
	at com.kms.katalon.core.webui.keyword.builtin.ClickKeyword.execute(ClickKeyword.groovy:67)
	at com.kms.katalon.core.keyword.internal.KeywordExecutor.executeKeywordForPlatform(KeywordExecutor.groovy:53)
	at com.kms.katalon.core.webui.keyword.WebUiBuiltInKeywords.click(WebUiBuiltInKeywords.groovy:616)
	at com.kms.katalon.core.webui.keyword.WebUiBuiltInKeywords$click$4.call(Unknown Source)
	at Sort.run(Sort:28)
	at com.kms.katalon.core.main.ScriptEngine.run(ScriptEngine.java:194)
	at com.kms.katalon.core.main.ScriptEngine.runScriptAsRawText(ScriptEngine.java:119)
	at com.kms.katalon.core.main.TestCaseExecutor.runScript(TestCaseExecutor.java:328)
	at com.kms.katalon.core.main.TestCaseExecutor.doExecute(TestCaseExecutor.java:319)
	at com.kms.katalon.core.main.TestCaseExecutor.processExecutionPhase(TestCaseExecutor.java:298)
	at com.kms.katalon.core.main.TestCaseExecutor.accessMainPhase(TestCaseExecutor.java:290)
	at com.kms.katalon.core.main.TestCaseExecutor.execute(TestCaseExecutor.java:224)
	at com.kms.katalon.core.main.TestSuiteExecutor.accessTestCaseMainPhase(TestSuiteExecutor.java:129)
	at com.kms.katalon.core.main.TestSuiteExecutor.accessTestSuiteMainPhase(TestSuiteExecutor.java:112)
	at com.kms.katalon.core.main.TestSuiteExecutor.execute(TestSuiteExecutor.java:81)
	at com.kms.katalon.core.main.TestCaseMain.startTestSuite(TestCaseMain.java:149)
	at com.kms.katalon.core.main.TestCaseMain$startTestSuite$0.call(Unknown Source)
	at TempTestSuite1560802135767.run(TempTestSuite1560802135767.groovy:36)


2019-06-17 16:25:48 - [MESSAGE][FAILED] - Unable to click on object 'Object Repository/OCS-MOBILE /Cannabis page/Dried flower' (Root cause: org.openqa.selenium.WebDriverException: unknown error: Element <span>...</span> is not clickable at point (55, 120). Other element would receive the click: <ul class="menu__learn-more--mobile only-mobile-tablet">...</ul>
  (Session info: chrome=75.0.3770.90)
  (Driver info: chromedriver=2.43.600229 (3fae4d0cda5334b4f533bede5a4787f7b832d052),platform=Mac OS X 10.13.6 x86_64) (WARNING: The server did not provide any stacktrace information)
Command duration or timeout: 0 milliseconds
Build info: version: '3.7.1', revision: '8a0099a', time: '2017-11-06T21:07:36.161Z'
System info: host: 'sumans-MacBook-Pro.local', ip: 'fe80:0:0:0:10f0:11f1:8277:c429%en0', os.name: 'Mac OS X', os.arch: 'x86_64', os.version: '10.13.6', java.version: '1.8.0_181'
Driver info: com.kms.katalon.selenium.driver.CChromeDriver
Capabilities {acceptInsecureCerts: false, acceptSslCerts: false, applicationCacheEnabled: false, browserConnectionEnabled: false, browserName: chrome, chrome: {chromedriverVersion: 2.43.600229 (3fae4d0cda5334..., userDataDir: /var/folders/1t/c55l8xzs6gq...}, cssSelectorsEnabled: true, databaseEnabled: false, goog:chromeOptions: {debuggerAddress: localhost:63455}, handlesAlerts: true, hasTouchScreen: false, javascriptEnabled: true, locationContextEnabled: true, mobileEmulationEnabled: false, nativeEvents: true, networkConnectionEnabled: false, pageLoadStrategy: normal, platform: MAC, platformName: MAC, rotatable: false, setWindowRect: true, takesHeapSnapshot: true, takesScreenshot: true, unexpectedAlertBehaviour: , unhandledPromptBehavior: , version: 75.0.3770.90, webStorageEnabled: true}
Session ID: 7625e8e3fd54862a393c4a23611fabc2)
[[ATTACHMENT|/Users/sumankompelly/Relative xpath-Mobile/Reports/OCS- 1.10.1/20190617_160855/1560803147960.png]]

2019-06-17 16:25:48 - [MESSAGE][FAILED] - click(findTestObject("OCS-MOBILE /Cannabis page/Dried flower")) FAILED.
Reason:
com.kms.katalon.core.exception.StepFailedException: Unable to click on object 'Object Repository/OCS-MOBILE /Cannabis page/Dried flower' (Root cause: org.openqa.selenium.WebDriverException: unknown error: Element <span>...</span> is not clickable at point (55, 120). Other element would receive the click: <ul class="menu__learn-more--mobile only-mobile-tablet">...</ul>
  (Session info: chrome=75.0.3770.90)
  (Driver info: chromedriver=2.43.600229 (3fae4d0cda5334b4f533bede5a4787f7b832d052),platform=Mac OS X 10.13.6 x86_64) (WARNING: The server did not provide any stacktrace information)
Command duration or timeout: 0 milliseconds
Build info: version: '3.7.1', revision: '8a0099a', time: '2017-11-06T21:07:36.161Z'
System info: host: 'sumans-MacBook-Pro.local', ip: 'fe80:0:0:0:10f0:11f1:8277:c429%en0', os.name: 'Mac OS X', os.arch: 'x86_64', os.version: '10.13.6', java.version: '1.8.0_181'
Driver info: com.kms.katalon.selenium.driver.CChromeDriver
Capabilities {acceptInsecureCerts: false, acceptSslCerts: false, applicationCacheEnabled: false, browserConnectionEnabled: false, browserName: chrome, chrome: {chromedriverVersion: 2.43.600229 (3fae4d0cda5334..., userDataDir: /var/folders/1t/c55l8xzs6gq...}, cssSelectorsEnabled: true, databaseEnabled: false, goog:chromeOptions: {debuggerAddress: localhost:63455}, handlesAlerts: true, hasTouchScreen: false, javascriptEnabled: true, locationContextEnabled: true, mobileEmulationEnabled: false, nativeEvents: true, networkConnectionEnabled: false, pageLoadStrategy: normal, platform: MAC, platformName: MAC, rotatable: false, setWindowRect: true, takesHeapSnapshot: true, takesScreenshot: true, unexpectedAlertBehaviour: , unhandledPromptBehavior: , version: 75.0.3770.90, webStorageEnabled: true}
Session ID: 7625e8e3fd54862a393c4a23611fabc2)
	at com.kms.katalon.core.keyword.internal.KeywordMain.stepFailed(KeywordMain.groovy:36)
	at com.kms.katalon.core.webui.keyword.internal.WebUIKeywordMain.stepFailed(WebUIKeywordMain.groovy:65)
	at com.kms.katalon.core.webui.keyword.internal.WebUIKeywordMain.runKeyword(WebUIKeywordMain.groovy:27)
	at com.kms.katalon.core.webui.keyword.builtin.ClickKeyword.click(ClickKeyword.groovy:86)
	at com.kms.katalon.core.webui.keyword.builtin.ClickKeyword.execute(ClickKeyword.groovy:67)
	at com.kms.katalon.core.keyword.internal.KeywordExecutor.executeKeywordForPlatform(KeywordExecutor.groovy:53)
	at com.kms.katalon.core.webui.keyword.WebUiBuiltInKeywords.click(WebUiBuiltInKeywords.groovy:616)
	at com.kms.katalon.core.webui.keyword.WebUiBuiltInKeywords$click$4.call(Unknown Source)
	at Sort.run(Sort:28)
	at com.kms.katalon.core.main.ScriptEngine.run(ScriptEngine.java:194)
	at com.kms.katalon.core.main.ScriptEngine.runScriptAsRawText(ScriptEngine.java:119)
	at com.kms.katalon.core.main.TestCaseExecutor.runScript(TestCaseExecutor.java:328)
	at com.kms.katalon.core.main.TestCaseExecutor.doExecute(TestCaseExecutor.java:319)
	at com.kms.katalon.core.main.TestCaseExecutor.processExecutionPhase(TestCaseExecutor.java:298)
	at com.kms.katalon.core.main.TestCaseExecutor.accessMainPhase(TestCaseExecutor.java:290)
	at com.kms.katalon.core.main.TestCaseExecutor.execute(TestCaseExecutor.java:224)
	at com.kms.katalon.core.main.TestSuiteExecutor.accessTestCaseMainPhase(TestSuiteExecutor.java:129)
	at com.kms.katalon.core.main.TestSuiteExecutor.accessTestSuiteMainPhase(TestSuiteExecutor.java:112)
	at com.kms.katalon.core.main.TestSuiteExecutor.execute(TestSuiteExecutor.java:81)
	at com.kms.katalon.core.main.TestCaseMain.startTestSuite(TestCaseMain.java:149)
	at com.kms.katalon.core.main.TestCaseMain$startTestSuite$0.call(Unknown Source)
	at TempTestSuite1560802135767.run(TempTestSuite1560802135767.groovy:36)]]></system-out>
         <system-err><![CDATA[2019-06-17 16:25:24 - [TEST_CASE][FAILED] - Test Cases/OCS - MOBILE/OCS-COLLECTION PAGE/Sort: Test Cases/OCS - MOBILE/OCS-COLLECTION PAGE/Sort FAILED.
Reason:
com.kms.katalon.core.exception.StepFailedException: Unable to click on object 'Object Repository/OCS-MOBILE /Cannabis page/Dried flower' (Root cause: org.openqa.selenium.WebDriverException: unknown error: Element <span>...</span> is not clickable at point (55, 120). Other element would receive the click: <ul class="menu__learn-more--mobile only-mobile-tablet">...</ul>
  (Session info: chrome=75.0.3770.90)
  (Driver info: chromedriver=2.43.600229 (3fae4d0cda5334b4f533bede5a4787f7b832d052),platform=Mac OS X 10.13.6 x86_64) (WARNING: The server did not provide any stacktrace information)
Command duration or timeout: 0 milliseconds
Build info: version: '3.7.1', revision: '8a0099a', time: '2017-11-06T21:07:36.161Z'
System info: host: 'sumans-MacBook-Pro.local', ip: 'fe80:0:0:0:10f0:11f1:8277:c429%en0', os.name: 'Mac OS X', os.arch: 'x86_64', os.version: '10.13.6', java.version: '1.8.0_181'
Driver info: com.kms.katalon.selenium.driver.CChromeDriver
Capabilities {acceptInsecureCerts: false, acceptSslCerts: false, applicationCacheEnabled: false, browserConnectionEnabled: false, browserName: chrome, chrome: {chromedriverVersion: 2.43.600229 (3fae4d0cda5334..., userDataDir: /var/folders/1t/c55l8xzs6gq...}, cssSelectorsEnabled: true, databaseEnabled: false, goog:chromeOptions: {debuggerAddress: localhost:63455}, handlesAlerts: true, hasTouchScreen: false, javascriptEnabled: true, locationContextEnabled: true, mobileEmulationEnabled: false, nativeEvents: true, networkConnectionEnabled: false, pageLoadStrategy: normal, platform: MAC, platformName: MAC, rotatable: false, setWindowRect: true, takesHeapSnapshot: true, takesScreenshot: true, unexpectedAlertBehaviour: , unhandledPromptBehavior: , version: 75.0.3770.90, webStorageEnabled: true}
Session ID: 7625e8e3fd54862a393c4a23611fabc2)
	at com.kms.katalon.core.keyword.internal.KeywordMain.stepFailed(KeywordMain.groovy:36)
	at com.kms.katalon.core.webui.keyword.internal.WebUIKeywordMain.stepFailed(WebUIKeywordMain.groovy:65)
	at com.kms.katalon.core.webui.keyword.internal.WebUIKeywordMain.runKeyword(WebUIKeywordMain.groovy:27)
	at com.kms.katalon.core.webui.keyword.builtin.ClickKeyword.click(ClickKeyword.groovy:86)
	at com.kms.katalon.core.webui.keyword.builtin.ClickKeyword.execute(ClickKeyword.groovy:67)
	at com.kms.katalon.core.keyword.internal.KeywordExecutor.executeKeywordForPlatform(KeywordExecutor.groovy:53)
	at com.kms.katalon.core.webui.keyword.WebUiBuiltInKeywords.click(WebUiBuiltInKeywords.groovy:616)
	at com.kms.katalon.core.webui.keyword.WebUiBuiltInKeywords$click$4.call(Unknown Source)
	at Sort.run(Sort:28)
	at com.kms.katalon.core.main.ScriptEngine.run(ScriptEngine.java:194)
	at com.kms.katalon.core.main.ScriptEngine.runScriptAsRawText(ScriptEngine.java:119)
	at com.kms.katalon.core.main.TestCaseExecutor.runScript(TestCaseExecutor.java:328)
	at com.kms.katalon.core.main.TestCaseExecutor.doExecute(TestCaseExecutor.java:319)
	at com.kms.katalon.core.main.TestCaseExecutor.processExecutionPhase(TestCaseExecutor.java:298)
	at com.kms.katalon.core.main.TestCaseExecutor.accessMainPhase(TestCaseExecutor.java:290)
	at com.kms.katalon.core.main.TestCaseExecutor.execute(TestCaseExecutor.java:224)
	at com.kms.katalon.core.main.TestSuiteExecutor.accessTestCaseMainPhase(TestSuiteExecutor.java:129)
	at com.kms.katalon.core.main.TestSuiteExecutor.accessTestSuiteMainPhase(TestSuiteExecutor.java:112)
	at com.kms.katalon.core.main.TestSuiteExecutor.execute(TestSuiteExecutor.java:81)
	at com.kms.katalon.core.main.TestCaseMain.startTestSuite(TestCaseMain.java:149)
	at com.kms.katalon.core.main.TestCaseMain$startTestSuite$0.call(Unknown Source)
	at TempTestSuite1560802135767.run(TempTestSuite1560802135767.groovy:36)]]></system-err>
      </testcase>
      <testcase name="Test Cases/OCS - MOBILE/OCS-COLLECTION PAGE/Chevron dropdown" classname="Test Cases/OCS - MOBILE/OCS-COLLECTION PAGE/Chevron dropdown" status="FAILED">
         <failure type="FAILED" message="Test Cases/OCS - MOBILE/OCS-COLLECTION PAGE/Chevron dropdown FAILED.
Reason:
com.kms.katalon.core.exception.StepFailedException: Unable to click on object 'Object Repository/OCS-MOBILE /Cannabis page/Dried flower' (Root cause: org.openqa.selenium.WebDriverException: unknown error: Element &lt;span>...&lt;/span> is not clickable at point (55, 120). Other element would receive the click: &lt;ul class=&quot;menu__learn-more--mobile only-mobile-tablet&quot;>...&lt;/ul>
  (Session info: chrome=75.0.3770.90)
  (Driver info: chromedriver=2.43.600229 (3fae4d0cda5334b4f533bede5a4787f7b832d052),platform=Mac OS X 10.13.6 x86_64) (WARNING: The server did not provide any stacktrace information)
Command duration or timeout: 0 milliseconds
Build info: version: '3.7.1', revision: '8a0099a', time: '2017-11-06T21:07:36.161Z'
System info: host: 'sumans-MacBook-Pro.local', ip: 'fe80:0:0:0:10f0:11f1:8277:c429%en0', os.name: 'Mac OS X', os.arch: 'x86_64', os.version: '10.13.6', java.version: '1.8.0_181'
Driver info: com.kms.katalon.selenium.driver.CChromeDriver
Capabilities {acceptInsecureCerts: false, acceptSslCerts: false, applicationCacheEnabled: false, browserConnectionEnabled: false, browserName: chrome, chrome: {chromedriverVersion: 2.43.600229 (3fae4d0cda5334..., userDataDir: /var/folders/1t/c55l8xzs6gq...}, cssSelectorsEnabled: true, databaseEnabled: false, goog:chromeOptions: {debuggerAddress: localhost:63594}, handlesAlerts: true, hasTouchScreen: false, javascriptEnabled: true, locationContextEnabled: true, mobileEmulationEnabled: false, nativeEvents: true, networkConnectionEnabled: false, pageLoadStrategy: normal, platform: MAC, platformName: MAC, rotatable: false, setWindowRect: true, takesHeapSnapshot: true, takesScreenshot: true, unexpectedAlertBehaviour: , unhandledPromptBehavior: , version: 75.0.3770.90, webStorageEnabled: true}
Session ID: 5d8248dca8ef947d097a393868f48b61)
	at com.kms.katalon.core.keyword.internal.KeywordMain.stepFailed(KeywordMain.groovy:36)
	at com.kms.katalon.core.webui.keyword.internal.WebUIKeywordMain.stepFailed(WebUIKeywordMain.groovy:65)
	at com.kms.katalon.core.webui.keyword.internal.WebUIKeywordMain.runKeyword(WebUIKeywordMain.groovy:27)
	at com.kms.katalon.core.webui.keyword.builtin.ClickKeyword.click(ClickKeyword.groovy:86)
	at com.kms.katalon.core.webui.keyword.builtin.ClickKeyword.execute(ClickKeyword.groovy:67)
	at com.kms.katalon.core.keyword.internal.KeywordExecutor.executeKeywordForPlatform(KeywordExecutor.groovy:53)
	at com.kms.katalon.core.webui.keyword.WebUiBuiltInKeywords.click(WebUiBuiltInKeywords.groovy:616)
	at com.kms.katalon.core.webui.keyword.WebUiBuiltInKeywords$click$4.call(Unknown Source)
	at Chevron dropdown.run(Chevron dropdown:28)
	at com.kms.katalon.core.main.ScriptEngine.run(ScriptEngine.java:194)
	at com.kms.katalon.core.main.ScriptEngine.runScriptAsRawText(ScriptEngine.java:119)
	at com.kms.katalon.core.main.TestCaseExecutor.runScript(TestCaseExecutor.java:328)
	at com.kms.katalon.core.main.TestCaseExecutor.doExecute(TestCaseExecutor.java:319)
	at com.kms.katalon.core.main.TestCaseExecutor.processExecutionPhase(TestCaseExecutor.java:298)
	at com.kms.katalon.core.main.TestCaseExecutor.accessMainPhase(TestCaseExecutor.java:290)
	at com.kms.katalon.core.main.TestCaseExecutor.execute(TestCaseExecutor.java:224)
	at com.kms.katalon.core.main.TestSuiteExecutor.accessTestCaseMainPhase(TestSuiteExecutor.java:129)
	at com.kms.katalon.core.main.TestSuiteExecutor.accessTestSuiteMainPhase(TestSuiteExecutor.java:112)
	at com.kms.katalon.core.main.TestSuiteExecutor.execute(TestSuiteExecutor.java:81)
	at com.kms.katalon.core.main.TestCaseMain.startTestSuite(TestCaseMain.java:149)
	at com.kms.katalon.core.main.TestCaseMain$startTestSuite$0.call(Unknown Source)
	at TempTestSuite1560802135767.run(TempTestSuite1560802135767.groovy:36)
"/>
         <system-out><![CDATA[2019-06-17 16:25:48 - [TEST_CASE][FAILED] - Test Cases/OCS - MOBILE/OCS-COLLECTION PAGE/Chevron dropdown: Test Cases/OCS - MOBILE/OCS-COLLECTION PAGE/Chevron dropdown FAILED.
Reason:
com.kms.katalon.core.exception.StepFailedException: Unable to click on object 'Object Repository/OCS-MOBILE /Cannabis page/Dried flower' (Root cause: org.openqa.selenium.WebDriverException: unknown error: Element <span>...</span> is not clickable at point (55, 120). Other element would receive the click: <ul class="menu__learn-more--mobile only-mobile-tablet">...</ul>
  (Session info: chrome=75.0.3770.90)
  (Driver info: chromedriver=2.43.600229 (3fae4d0cda5334b4f533bede5a4787f7b832d052),platform=Mac OS X 10.13.6 x86_64) (WARNING: The server did not provide any stacktrace information)
Command duration or timeout: 0 milliseconds
Build info: version: '3.7.1', revision: '8a0099a', time: '2017-11-06T21:07:36.161Z'
System info: host: 'sumans-MacBook-Pro.local', ip: 'fe80:0:0:0:10f0:11f1:8277:c429%en0', os.name: 'Mac OS X', os.arch: 'x86_64', os.version: '10.13.6', java.version: '1.8.0_181'
Driver info: com.kms.katalon.selenium.driver.CChromeDriver
Capabilities {acceptInsecureCerts: false, acceptSslCerts: false, applicationCacheEnabled: false, browserConnectionEnabled: false, browserName: chrome, chrome: {chromedriverVersion: 2.43.600229 (3fae4d0cda5334..., userDataDir: /var/folders/1t/c55l8xzs6gq...}, cssSelectorsEnabled: true, databaseEnabled: false, goog:chromeOptions: {debuggerAddress: localhost:63594}, handlesAlerts: true, hasTouchScreen: false, javascriptEnabled: true, locationContextEnabled: true, mobileEmulationEnabled: false, nativeEvents: true, networkConnectionEnabled: false, pageLoadStrategy: normal, platform: MAC, platformName: MAC, rotatable: false, setWindowRect: true, takesHeapSnapshot: true, takesScreenshot: true, unexpectedAlertBehaviour: , unhandledPromptBehavior: , version: 75.0.3770.90, webStorageEnabled: true}
Session ID: 5d8248dca8ef947d097a393868f48b61)
	at com.kms.katalon.core.keyword.internal.KeywordMain.stepFailed(KeywordMain.groovy:36)
	at com.kms.katalon.core.webui.keyword.internal.WebUIKeywordMain.stepFailed(WebUIKeywordMain.groovy:65)
	at com.kms.katalon.core.webui.keyword.internal.WebUIKeywordMain.runKeyword(WebUIKeywordMain.groovy:27)
	at com.kms.katalon.core.webui.keyword.builtin.ClickKeyword.click(ClickKeyword.groovy:86)
	at com.kms.katalon.core.webui.keyword.builtin.ClickKeyword.execute(ClickKeyword.groovy:67)
	at com.kms.katalon.core.keyword.internal.KeywordExecutor.executeKeywordForPlatform(KeywordExecutor.groovy:53)
	at com.kms.katalon.core.webui.keyword.WebUiBuiltInKeywords.click(WebUiBuiltInKeywords.groovy:616)
	at com.kms.katalon.core.webui.keyword.WebUiBuiltInKeywords$click$4.call(Unknown Source)
	at Chevron dropdown.run(Chevron dropdown:28)
	at com.kms.katalon.core.main.ScriptEngine.run(ScriptEngine.java:194)
	at com.kms.katalon.core.main.ScriptEngine.runScriptAsRawText(ScriptEngine.java:119)
	at com.kms.katalon.core.main.TestCaseExecutor.runScript(TestCaseExecutor.java:328)
	at com.kms.katalon.core.main.TestCaseExecutor.doExecute(TestCaseExecutor.java:319)
	at com.kms.katalon.core.main.TestCaseExecutor.processExecutionPhase(TestCaseExecutor.java:298)
	at com.kms.katalon.core.main.TestCaseExecutor.accessMainPhase(TestCaseExecutor.java:290)
	at com.kms.katalon.core.main.TestCaseExecutor.execute(TestCaseExecutor.java:224)
	at com.kms.katalon.core.main.TestSuiteExecutor.accessTestCaseMainPhase(TestSuiteExecutor.java:129)
	at com.kms.katalon.core.main.TestSuiteExecutor.accessTestSuiteMainPhase(TestSuiteExecutor.java:112)
	at com.kms.katalon.core.main.TestSuiteExecutor.execute(TestSuiteExecutor.java:81)
	at com.kms.katalon.core.main.TestCaseMain.startTestSuite(TestCaseMain.java:149)
	at com.kms.katalon.core.main.TestCaseMain$startTestSuite$0.call(Unknown Source)
	at TempTestSuite1560802135767.run(TempTestSuite1560802135767.groovy:36)


2019-06-17 16:25:48 - [TEST_STEP][PASSED] - callTestCase(findTestCase("OCS - MOBILE/CALL - AGE GATE"), [:], STOP_ON_FAILURE): Call Test Case 'Test Cases/OCS - MOBILE/CALL - AGE GATE' successfully

2019-06-17 16:25:48 - [TEST_CASE][PASSED] - Test Cases/OCS - MOBILE/CALL - AGE GATE: Test Cases/OCS - MOBILE/CALL - AGE GATE

2019-06-17 16:25:48 - [TEST_STEP][PASSED] - openBrowser(""): Browser is opened with url: ''

2019-06-17 16:25:48 - [MESSAGE][WARNING] - A browser is already opened. Closing browser and opening a new one

2019-06-17 16:25:48 - [MESSAGE][INFO] - Starting 'Chrome' driver

2019-06-17 16:25:49 - [MESSAGE][PASSED] - Browser is opened with url: ''

2019-06-17 16:25:49 - [TEST_STEP][PASSED] - navigateToUrl("https://ocs.ca/?fts=0&preview_theme_id=72920106828"): Navigate to 'https://ocs.ca/?fts=0&preview_theme_id=72920106828' successfully

2019-06-17 16:25:55 - [MESSAGE][PASSED] - Navigate to 'https://ocs.ca/?fts=0&preview_theme_id=72920106828' successfully

2019-06-17 16:25:55 - [TEST_STEP][PASSED] - executeJavaScript("var previewBar = document.getElementById("preview-bar-iframe"); previewBar.style.display = "none";", []): Execute JavaScript 'var previewBar = document.getElementById("preview-bar-iframe"); previewBar.style.display = "none";' successfully

2019-06-17 16:25:55 - [MESSAGE][PASSED] - Execute JavaScript 'var previewBar = document.getElementById("preview-bar-iframe"); previewBar.style.display = "none";' successfully

2019-06-17 16:25:55 - [TEST_STEP][PASSED] - setViewPortSize(360, 800): Viewport is set to new size with width = 360 and height = 800

2019-06-17 16:25:55 - [MESSAGE][PASSED] - Viewport is set to new size with width = 360 and height = 800

2019-06-17 16:25:55 - [TEST_STEP][PASSED] - delay(4): Delayed 4 second(s)

2019-06-17 16:25:59 - [MESSAGE][PASSED] - Delayed 4 second(s)

2019-06-17 16:25:59 - [TEST_STEP][PASSED] - selectOptionByValue(findTestObject("OCS-MOBILE /Age gate and burger menu/Date"), "12", true): All options with value '12' are selected in object 'Object Repository/OCS-MOBILE /Age gate and burger menu/Date'  using regular expression

2019-06-17 16:25:59 - [MESSAGE][PASSED] - All options with value '12' are selected in object 'Object Repository/OCS-MOBILE /Age gate and burger menu/Date'  using regular expression

2019-06-17 16:25:59 - [TEST_STEP][PASSED] - selectOptionByValue(findTestObject("OCS-MOBILE /Age gate and burger menu/month"), "6", true): All options with value '6' are selected in object 'Object Repository/OCS-MOBILE /Age gate and burger menu/month'  using regular expression

2019-06-17 16:25:59 - [MESSAGE][PASSED] - All options with value '6' are selected in object 'Object Repository/OCS-MOBILE /Age gate and burger menu/month'  using regular expression

2019-06-17 16:25:59 - [TEST_STEP][PASSED] - delay(2): Delayed 2 second(s)

2019-06-17 16:26:01 - [MESSAGE][PASSED] - Delayed 2 second(s)

2019-06-17 16:26:01 - [TEST_STEP][PASSED] - selectOptionByValue(findTestObject("OCS-MOBILE /Age gate and burger menu/Year Dropdown"), "1990", true): All options with value '1990' are selected in object 'Object Repository/OCS-MOBILE /Age gate and burger menu/Year Dropdown'  using regular expression

2019-06-17 16:26:02 - [MESSAGE][PASSED] - All options with value '1990' are selected in object 'Object Repository/OCS-MOBILE /Age gate and burger menu/Year Dropdown'  using regular expression

2019-06-17 16:26:02 - [TEST_STEP][PASSED] - click(findTestObject("OCS-MOBILE /Age gate and Mega menu/button_Verify")): Object: 'Object Repository/OCS-MOBILE /Age gate and Mega menu/button_Verify' is clicked on

2019-06-17 16:26:02 - [MESSAGE][PASSED] - Object: 'Object Repository/OCS-MOBILE /Age gate and Mega menu/button_Verify' is clicked on

2019-06-17 16:26:02 - [TEST_STEP][PASSED] - click(findTestObject("OCS-MOBILE /Age gate and Mega menu/Checkbox_CONFIRM AND ACKNOWLEDGE")): Object: 'Object Repository/OCS-MOBILE /Age gate and Mega menu/Checkbox_CONFIRM AND ACKNOWLEDGE' is clicked on

2019-06-17 16:26:03 - [MESSAGE][PASSED] - Object: 'Object Repository/OCS-MOBILE /Age gate and Mega menu/Checkbox_CONFIRM AND ACKNOWLEDGE' is clicked on

2019-06-17 16:26:03 - [TEST_STEP][PASSED] - click(findTestObject("OCS-MOBILE /Age gate and Mega menu/button_CONFIRM")): Object: 'Object Repository/OCS-MOBILE /Age gate and Mega menu/button_CONFIRM' is clicked on

2019-06-17 16:26:03 - [MESSAGE][PASSED] - Object: 'Object Repository/OCS-MOBILE /Age gate and Mega menu/button_CONFIRM' is clicked on

2019-06-17 16:26:03 - [TEST_STEP][PASSED] - click(findTestObject("OCS-MOBILE /Age gate and Mega menu/button_Start Browsing")): Object: 'Object Repository/OCS-MOBILE /Age gate and Mega menu/button_Start Browsing' is clicked on

2019-06-17 16:26:03 - [MESSAGE][PASSED] - Object: 'Object Repository/OCS-MOBILE /Age gate and Mega menu/button_Start Browsing' is clicked on

2019-06-17 16:26:03 - [TEST_STEP][PASSED] - refresh(): Refresh successfully

2019-06-17 16:26:03 - [MESSAGE][PASSED] - Refresh successfully

2019-06-17 16:26:03 - [MESSAGE][PASSED] - Call Test Case 'Test Cases/OCS - MOBILE/CALL - AGE GATE' successfully

2019-06-17 16:26:03 - [TEST_STEP][PASSED] - delay(2): Delayed 2 second(s)

2019-06-17 16:26:05 - [MESSAGE][PASSED] - Delayed 2 second(s)

2019-06-17 16:26:05 - [TEST_STEP][PASSED] - click(findTestObject("OCS-MOBILE /Age gate and burger menu/Burger menu - English")): Object: 'Object Repository/OCS-MOBILE /Age gate and burger menu/Burger menu - English' is clicked on

2019-06-17 16:26:05 - [MESSAGE][PASSED] - Object: 'Object Repository/OCS-MOBILE /Age gate and burger menu/Burger menu - English' is clicked on

2019-06-17 16:26:05 - [TEST_STEP][PASSED] - delay(2): Delayed 2 second(s)

2019-06-17 16:26:07 - [MESSAGE][PASSED] - Delayed 2 second(s)

2019-06-17 16:26:08 - [TEST_STEP][PASSED] - click(findTestObject("OCS-MOBILE /Age gate and Mega menu/Chevron_Cannabis")): Object: 'Object Repository/OCS-MOBILE /Age gate and Mega menu/Chevron_Cannabis' is clicked on

2019-06-17 16:26:08 - [MESSAGE][PASSED] - Object: 'Object Repository/OCS-MOBILE /Age gate and Mega menu/Chevron_Cannabis' is clicked on

2019-06-17 16:26:08 - [TEST_STEP][PASSED] - delay(2): Delayed 2 second(s)

2019-06-17 16:26:10 - [MESSAGE][PASSED] - Delayed 2 second(s)

2019-06-17 16:26:10 - [TEST_STEP][FAILED] - click(findTestObject("OCS-MOBILE /Cannabis page/Dried flower")): click(findTestObject("OCS-MOBILE /Cannabis page/Dried flower")) FAILED.
Reason:
com.kms.katalon.core.exception.StepFailedException: Unable to click on object 'Object Repository/OCS-MOBILE /Cannabis page/Dried flower' (Root cause: org.openqa.selenium.WebDriverException: unknown error: Element <span>...</span> is not clickable at point (55, 120). Other element would receive the click: <ul class="menu__learn-more--mobile only-mobile-tablet">...</ul>
  (Session info: chrome=75.0.3770.90)
  (Driver info: chromedriver=2.43.600229 (3fae4d0cda5334b4f533bede5a4787f7b832d052),platform=Mac OS X 10.13.6 x86_64) (WARNING: The server did not provide any stacktrace information)
Command duration or timeout: 0 milliseconds
Build info: version: '3.7.1', revision: '8a0099a', time: '2017-11-06T21:07:36.161Z'
System info: host: 'sumans-MacBook-Pro.local', ip: 'fe80:0:0:0:10f0:11f1:8277:c429%en0', os.name: 'Mac OS X', os.arch: 'x86_64', os.version: '10.13.6', java.version: '1.8.0_181'
Driver info: com.kms.katalon.selenium.driver.CChromeDriver
Capabilities {acceptInsecureCerts: false, acceptSslCerts: false, applicationCacheEnabled: false, browserConnectionEnabled: false, browserName: chrome, chrome: {chromedriverVersion: 2.43.600229 (3fae4d0cda5334..., userDataDir: /var/folders/1t/c55l8xzs6gq...}, cssSelectorsEnabled: true, databaseEnabled: false, goog:chromeOptions: {debuggerAddress: localhost:63594}, handlesAlerts: true, hasTouchScreen: false, javascriptEnabled: true, locationContextEnabled: true, mobileEmulationEnabled: false, nativeEvents: true, networkConnectionEnabled: false, pageLoadStrategy: normal, platform: MAC, platformName: MAC, rotatable: false, setWindowRect: true, takesHeapSnapshot: true, takesScreenshot: true, unexpectedAlertBehaviour: , unhandledPromptBehavior: , version: 75.0.3770.90, webStorageEnabled: true}
Session ID: 5d8248dca8ef947d097a393868f48b61)
	at com.kms.katalon.core.keyword.internal.KeywordMain.stepFailed(KeywordMain.groovy:36)
	at com.kms.katalon.core.webui.keyword.internal.WebUIKeywordMain.stepFailed(WebUIKeywordMain.groovy:65)
	at com.kms.katalon.core.webui.keyword.internal.WebUIKeywordMain.runKeyword(WebUIKeywordMain.groovy:27)
	at com.kms.katalon.core.webui.keyword.builtin.ClickKeyword.click(ClickKeyword.groovy:86)
	at com.kms.katalon.core.webui.keyword.builtin.ClickKeyword.execute(ClickKeyword.groovy:67)
	at com.kms.katalon.core.keyword.internal.KeywordExecutor.executeKeywordForPlatform(KeywordExecutor.groovy:53)
	at com.kms.katalon.core.webui.keyword.WebUiBuiltInKeywords.click(WebUiBuiltInKeywords.groovy:616)
	at com.kms.katalon.core.webui.keyword.WebUiBuiltInKeywords$click$4.call(Unknown Source)
	at Chevron dropdown.run(Chevron dropdown:28)
	at com.kms.katalon.core.main.ScriptEngine.run(ScriptEngine.java:194)
	at com.kms.katalon.core.main.ScriptEngine.runScriptAsRawText(ScriptEngine.java:119)
	at com.kms.katalon.core.main.TestCaseExecutor.runScript(TestCaseExecutor.java:328)
	at com.kms.katalon.core.main.TestCaseExecutor.doExecute(TestCaseExecutor.java:319)
	at com.kms.katalon.core.main.TestCaseExecutor.processExecutionPhase(TestCaseExecutor.java:298)
	at com.kms.katalon.core.main.TestCaseExecutor.accessMainPhase(TestCaseExecutor.java:290)
	at com.kms.katalon.core.main.TestCaseExecutor.execute(TestCaseExecutor.java:224)
	at com.kms.katalon.core.main.TestSuiteExecutor.accessTestCaseMainPhase(TestSuiteExecutor.java:129)
	at com.kms.katalon.core.main.TestSuiteExecutor.accessTestSuiteMainPhase(TestSuiteExecutor.java:112)
	at com.kms.katalon.core.main.TestSuiteExecutor.execute(TestSuiteExecutor.java:81)
	at com.kms.katalon.core.main.TestCaseMain.startTestSuite(TestCaseMain.java:149)
	at com.kms.katalon.core.main.TestCaseMain$startTestSuite$0.call(Unknown Source)
	at TempTestSuite1560802135767.run(TempTestSuite1560802135767.groovy:36)


2019-06-17 16:26:10 - [MESSAGE][FAILED] - Unable to click on object 'Object Repository/OCS-MOBILE /Cannabis page/Dried flower' (Root cause: org.openqa.selenium.WebDriverException: unknown error: Element <span>...</span> is not clickable at point (55, 120). Other element would receive the click: <ul class="menu__learn-more--mobile only-mobile-tablet">...</ul>
  (Session info: chrome=75.0.3770.90)
  (Driver info: chromedriver=2.43.600229 (3fae4d0cda5334b4f533bede5a4787f7b832d052),platform=Mac OS X 10.13.6 x86_64) (WARNING: The server did not provide any stacktrace information)
Command duration or timeout: 0 milliseconds
Build info: version: '3.7.1', revision: '8a0099a', time: '2017-11-06T21:07:36.161Z'
System info: host: 'sumans-MacBook-Pro.local', ip: 'fe80:0:0:0:10f0:11f1:8277:c429%en0', os.name: 'Mac OS X', os.arch: 'x86_64', os.version: '10.13.6', java.version: '1.8.0_181'
Driver info: com.kms.katalon.selenium.driver.CChromeDriver
Capabilities {acceptInsecureCerts: false, acceptSslCerts: false, applicationCacheEnabled: false, browserConnectionEnabled: false, browserName: chrome, chrome: {chromedriverVersion: 2.43.600229 (3fae4d0cda5334..., userDataDir: /var/folders/1t/c55l8xzs6gq...}, cssSelectorsEnabled: true, databaseEnabled: false, goog:chromeOptions: {debuggerAddress: localhost:63594}, handlesAlerts: true, hasTouchScreen: false, javascriptEnabled: true, locationContextEnabled: true, mobileEmulationEnabled: false, nativeEvents: true, networkConnectionEnabled: false, pageLoadStrategy: normal, platform: MAC, platformName: MAC, rotatable: false, setWindowRect: true, takesHeapSnapshot: true, takesScreenshot: true, unexpectedAlertBehaviour: , unhandledPromptBehavior: , version: 75.0.3770.90, webStorageEnabled: true}
Session ID: 5d8248dca8ef947d097a393868f48b61)
[[ATTACHMENT|/Users/sumankompelly/Relative xpath-Mobile/Reports/OCS- 1.10.1/20190617_160855/1560803170117.png]]

2019-06-17 16:26:10 - [MESSAGE][FAILED] - click(findTestObject("OCS-MOBILE /Cannabis page/Dried flower")) FAILED.
Reason:
com.kms.katalon.core.exception.StepFailedException: Unable to click on object 'Object Repository/OCS-MOBILE /Cannabis page/Dried flower' (Root cause: org.openqa.selenium.WebDriverException: unknown error: Element <span>...</span> is not clickable at point (55, 120). Other element would receive the click: <ul class="menu__learn-more--mobile only-mobile-tablet">...</ul>
  (Session info: chrome=75.0.3770.90)
  (Driver info: chromedriver=2.43.600229 (3fae4d0cda5334b4f533bede5a4787f7b832d052),platform=Mac OS X 10.13.6 x86_64) (WARNING: The server did not provide any stacktrace information)
Command duration or timeout: 0 milliseconds
Build info: version: '3.7.1', revision: '8a0099a', time: '2017-11-06T21:07:36.161Z'
System info: host: 'sumans-MacBook-Pro.local', ip: 'fe80:0:0:0:10f0:11f1:8277:c429%en0', os.name: 'Mac OS X', os.arch: 'x86_64', os.version: '10.13.6', java.version: '1.8.0_181'
Driver info: com.kms.katalon.selenium.driver.CChromeDriver
Capabilities {acceptInsecureCerts: false, acceptSslCerts: false, applicationCacheEnabled: false, browserConnectionEnabled: false, browserName: chrome, chrome: {chromedriverVersion: 2.43.600229 (3fae4d0cda5334..., userDataDir: /var/folders/1t/c55l8xzs6gq...}, cssSelectorsEnabled: true, databaseEnabled: false, goog:chromeOptions: {debuggerAddress: localhost:63594}, handlesAlerts: true, hasTouchScreen: false, javascriptEnabled: true, locationContextEnabled: true, mobileEmulationEnabled: false, nativeEvents: true, networkConnectionEnabled: false, pageLoadStrategy: normal, platform: MAC, platformName: MAC, rotatable: false, setWindowRect: true, takesHeapSnapshot: true, takesScreenshot: true, unexpectedAlertBehaviour: , unhandledPromptBehavior: , version: 75.0.3770.90, webStorageEnabled: true}
Session ID: 5d8248dca8ef947d097a393868f48b61)
	at com.kms.katalon.core.keyword.internal.KeywordMain.stepFailed(KeywordMain.groovy:36)
	at com.kms.katalon.core.webui.keyword.internal.WebUIKeywordMain.stepFailed(WebUIKeywordMain.groovy:65)
	at com.kms.katalon.core.webui.keyword.internal.WebUIKeywordMain.runKeyword(WebUIKeywordMain.groovy:27)
	at com.kms.katalon.core.webui.keyword.builtin.ClickKeyword.click(ClickKeyword.groovy:86)
	at com.kms.katalon.core.webui.keyword.builtin.ClickKeyword.execute(ClickKeyword.groovy:67)
	at com.kms.katalon.core.keyword.internal.KeywordExecutor.executeKeywordForPlatform(KeywordExecutor.groovy:53)
	at com.kms.katalon.core.webui.keyword.WebUiBuiltInKeywords.click(WebUiBuiltInKeywords.groovy:616)
	at com.kms.katalon.core.webui.keyword.WebUiBuiltInKeywords$click$4.call(Unknown Source)
	at Chevron dropdown.run(Chevron dropdown:28)
	at com.kms.katalon.core.main.ScriptEngine.run(ScriptEngine.java:194)
	at com.kms.katalon.core.main.ScriptEngine.runScriptAsRawText(ScriptEngine.java:119)
	at com.kms.katalon.core.main.TestCaseExecutor.runScript(TestCaseExecutor.java:328)
	at com.kms.katalon.core.main.TestCaseExecutor.doExecute(TestCaseExecutor.java:319)
	at com.kms.katalon.core.main.TestCaseExecutor.processExecutionPhase(TestCaseExecutor.java:298)
	at com.kms.katalon.core.main.TestCaseExecutor.accessMainPhase(TestCaseExecutor.java:290)
	at com.kms.katalon.core.main.TestCaseExecutor.execute(TestCaseExecutor.java:224)
	at com.kms.katalon.core.main.TestSuiteExecutor.accessTestCaseMainPhase(TestSuiteExecutor.java:129)
	at com.kms.katalon.core.main.TestSuiteExecutor.accessTestSuiteMainPhase(TestSuiteExecutor.java:112)
	at com.kms.katalon.core.main.TestSuiteExecutor.execute(TestSuiteExecutor.java:81)
	at com.kms.katalon.core.main.TestCaseMain.startTestSuite(TestCaseMain.java:149)
	at com.kms.katalon.core.main.TestCaseMain$startTestSuite$0.call(Unknown Source)
	at TempTestSuite1560802135767.run(TempTestSuite1560802135767.groovy:36)]]></system-out>
         <system-err><![CDATA[2019-06-17 16:25:48 - [TEST_CASE][FAILED] - Test Cases/OCS - MOBILE/OCS-COLLECTION PAGE/Chevron dropdown: Test Cases/OCS - MOBILE/OCS-COLLECTION PAGE/Chevron dropdown FAILED.
Reason:
com.kms.katalon.core.exception.StepFailedException: Unable to click on object 'Object Repository/OCS-MOBILE /Cannabis page/Dried flower' (Root cause: org.openqa.selenium.WebDriverException: unknown error: Element <span>...</span> is not clickable at point (55, 120). Other element would receive the click: <ul class="menu__learn-more--mobile only-mobile-tablet">...</ul>
  (Session info: chrome=75.0.3770.90)
  (Driver info: chromedriver=2.43.600229 (3fae4d0cda5334b4f533bede5a4787f7b832d052),platform=Mac OS X 10.13.6 x86_64) (WARNING: The server did not provide any stacktrace information)
Command duration or timeout: 0 milliseconds
Build info: version: '3.7.1', revision: '8a0099a', time: '2017-11-06T21:07:36.161Z'
System info: host: 'sumans-MacBook-Pro.local', ip: 'fe80:0:0:0:10f0:11f1:8277:c429%en0', os.name: 'Mac OS X', os.arch: 'x86_64', os.version: '10.13.6', java.version: '1.8.0_181'
Driver info: com.kms.katalon.selenium.driver.CChromeDriver
Capabilities {acceptInsecureCerts: false, acceptSslCerts: false, applicationCacheEnabled: false, browserConnectionEnabled: false, browserName: chrome, chrome: {chromedriverVersion: 2.43.600229 (3fae4d0cda5334..., userDataDir: /var/folders/1t/c55l8xzs6gq...}, cssSelectorsEnabled: true, databaseEnabled: false, goog:chromeOptions: {debuggerAddress: localhost:63594}, handlesAlerts: true, hasTouchScreen: false, javascriptEnabled: true, locationContextEnabled: true, mobileEmulationEnabled: false, nativeEvents: true, networkConnectionEnabled: false, pageLoadStrategy: normal, platform: MAC, platformName: MAC, rotatable: false, setWindowRect: true, takesHeapSnapshot: true, takesScreenshot: true, unexpectedAlertBehaviour: , unhandledPromptBehavior: , version: 75.0.3770.90, webStorageEnabled: true}
Session ID: 5d8248dca8ef947d097a393868f48b61)
	at com.kms.katalon.core.keyword.internal.KeywordMain.stepFailed(KeywordMain.groovy:36)
	at com.kms.katalon.core.webui.keyword.internal.WebUIKeywordMain.stepFailed(WebUIKeywordMain.groovy:65)
	at com.kms.katalon.core.webui.keyword.internal.WebUIKeywordMain.runKeyword(WebUIKeywordMain.groovy:27)
	at com.kms.katalon.core.webui.keyword.builtin.ClickKeyword.click(ClickKeyword.groovy:86)
	at com.kms.katalon.core.webui.keyword.builtin.ClickKeyword.execute(ClickKeyword.groovy:67)
	at com.kms.katalon.core.keyword.internal.KeywordExecutor.executeKeywordForPlatform(KeywordExecutor.groovy:53)
	at com.kms.katalon.core.webui.keyword.WebUiBuiltInKeywords.click(WebUiBuiltInKeywords.groovy:616)
	at com.kms.katalon.core.webui.keyword.WebUiBuiltInKeywords$click$4.call(Unknown Source)
	at Chevron dropdown.run(Chevron dropdown:28)
	at com.kms.katalon.core.main.ScriptEngine.run(ScriptEngine.java:194)
	at com.kms.katalon.core.main.ScriptEngine.runScriptAsRawText(ScriptEngine.java:119)
	at com.kms.katalon.core.main.TestCaseExecutor.runScript(TestCaseExecutor.java:328)
	at com.kms.katalon.core.main.TestCaseExecutor.doExecute(TestCaseExecutor.java:319)
	at com.kms.katalon.core.main.TestCaseExecutor.processExecutionPhase(TestCaseExecutor.java:298)
	at com.kms.katalon.core.main.TestCaseExecutor.accessMainPhase(TestCaseExecutor.java:290)
	at com.kms.katalon.core.main.TestCaseExecutor.execute(TestCaseExecutor.java:224)
	at com.kms.katalon.core.main.TestSuiteExecutor.accessTestCaseMainPhase(TestSuiteExecutor.java:129)
	at com.kms.katalon.core.main.TestSuiteExecutor.accessTestSuiteMainPhase(TestSuiteExecutor.java:112)
	at com.kms.katalon.core.main.TestSuiteExecutor.execute(TestSuiteExecutor.java:81)
	at com.kms.katalon.core.main.TestCaseMain.startTestSuite(TestCaseMain.java:149)
	at com.kms.katalon.core.main.TestCaseMain$startTestSuite$0.call(Unknown Source)
	at TempTestSuite1560802135767.run(TempTestSuite1560802135767.groovy:36)]]></system-err>
      </testcase>
      <testcase name="Test Cases/OCS - MOBILE/OCS-COLLECTION PAGE/What to consider" classname="Test Cases/OCS - MOBILE/OCS-COLLECTION PAGE/What to consider" status="FAILED">
         <failure type="FAILED" message="Test Cases/OCS - MOBILE/OCS-COLLECTION PAGE/What to consider FAILED.
Reason:
com.kms.katalon.core.exception.StepFailedException: Unable to click on object 'Object Repository/OCS-MOBILE /Cannabis page/Dried flower' (Root cause: org.openqa.selenium.WebDriverException: unknown error: Element &lt;span>...&lt;/span> is not clickable at point (55, 120). Other element would receive the click: &lt;ul class=&quot;menu__learn-more--mobile only-mobile-tablet&quot;>...&lt;/ul>
  (Session info: chrome=75.0.3770.90)
  (Driver info: chromedriver=2.43.600229 (3fae4d0cda5334b4f533bede5a4787f7b832d052),platform=Mac OS X 10.13.6 x86_64) (WARNING: The server did not provide any stacktrace information)
Command duration or timeout: 0 milliseconds
Build info: version: '3.7.1', revision: '8a0099a', time: '2017-11-06T21:07:36.161Z'
System info: host: 'sumans-MacBook-Pro.local', ip: 'fe80:0:0:0:10f0:11f1:8277:c429%en0', os.name: 'Mac OS X', os.arch: 'x86_64', os.version: '10.13.6', java.version: '1.8.0_181'
Driver info: com.kms.katalon.selenium.driver.CChromeDriver
Capabilities {acceptInsecureCerts: false, acceptSslCerts: false, applicationCacheEnabled: false, browserConnectionEnabled: false, browserName: chrome, chrome: {chromedriverVersion: 2.43.600229 (3fae4d0cda5334..., userDataDir: /var/folders/1t/c55l8xzs6gq...}, cssSelectorsEnabled: true, databaseEnabled: false, goog:chromeOptions: {debuggerAddress: localhost:63725}, handlesAlerts: true, hasTouchScreen: false, javascriptEnabled: true, locationContextEnabled: true, mobileEmulationEnabled: false, nativeEvents: true, networkConnectionEnabled: false, pageLoadStrategy: normal, platform: MAC, platformName: MAC, rotatable: false, setWindowRect: true, takesHeapSnapshot: true, takesScreenshot: true, unexpectedAlertBehaviour: , unhandledPromptBehavior: , version: 75.0.3770.90, webStorageEnabled: true}
Session ID: 9b95f84a89b4c69d096f110363d8d210)
	at com.kms.katalon.core.keyword.internal.KeywordMain.stepFailed(KeywordMain.groovy:36)
	at com.kms.katalon.core.webui.keyword.internal.WebUIKeywordMain.stepFailed(WebUIKeywordMain.groovy:65)
	at com.kms.katalon.core.webui.keyword.internal.WebUIKeywordMain.runKeyword(WebUIKeywordMain.groovy:27)
	at com.kms.katalon.core.webui.keyword.builtin.ClickKeyword.click(ClickKeyword.groovy:86)
	at com.kms.katalon.core.webui.keyword.builtin.ClickKeyword.execute(ClickKeyword.groovy:67)
	at com.kms.katalon.core.keyword.internal.KeywordExecutor.executeKeywordForPlatform(KeywordExecutor.groovy:53)
	at com.kms.katalon.core.webui.keyword.WebUiBuiltInKeywords.click(WebUiBuiltInKeywords.groovy:616)
	at com.kms.katalon.core.webui.keyword.WebUiBuiltInKeywords$click$4.call(Unknown Source)
	at What to consider.run(What to consider:28)
	at com.kms.katalon.core.main.ScriptEngine.run(ScriptEngine.java:194)
	at com.kms.katalon.core.main.ScriptEngine.runScriptAsRawText(ScriptEngine.java:119)
	at com.kms.katalon.core.main.TestCaseExecutor.runScript(TestCaseExecutor.java:328)
	at com.kms.katalon.core.main.TestCaseExecutor.doExecute(TestCaseExecutor.java:319)
	at com.kms.katalon.core.main.TestCaseExecutor.processExecutionPhase(TestCaseExecutor.java:298)
	at com.kms.katalon.core.main.TestCaseExecutor.accessMainPhase(TestCaseExecutor.java:290)
	at com.kms.katalon.core.main.TestCaseExecutor.execute(TestCaseExecutor.java:224)
	at com.kms.katalon.core.main.TestSuiteExecutor.accessTestCaseMainPhase(TestSuiteExecutor.java:129)
	at com.kms.katalon.core.main.TestSuiteExecutor.accessTestSuiteMainPhase(TestSuiteExecutor.java:112)
	at com.kms.katalon.core.main.TestSuiteExecutor.execute(TestSuiteExecutor.java:81)
	at com.kms.katalon.core.main.TestCaseMain.startTestSuite(TestCaseMain.java:149)
	at com.kms.katalon.core.main.TestCaseMain$startTestSuite$0.call(Unknown Source)
	at TempTestSuite1560802135767.run(TempTestSuite1560802135767.groovy:36)
"/>
         <system-out><![CDATA[2019-06-17 16:26:10 - [TEST_CASE][FAILED] - Test Cases/OCS - MOBILE/OCS-COLLECTION PAGE/What to consider: Test Cases/OCS - MOBILE/OCS-COLLECTION PAGE/What to consider FAILED.
Reason:
com.kms.katalon.core.exception.StepFailedException: Unable to click on object 'Object Repository/OCS-MOBILE /Cannabis page/Dried flower' (Root cause: org.openqa.selenium.WebDriverException: unknown error: Element <span>...</span> is not clickable at point (55, 120). Other element would receive the click: <ul class="menu__learn-more--mobile only-mobile-tablet">...</ul>
  (Session info: chrome=75.0.3770.90)
  (Driver info: chromedriver=2.43.600229 (3fae4d0cda5334b4f533bede5a4787f7b832d052),platform=Mac OS X 10.13.6 x86_64) (WARNING: The server did not provide any stacktrace information)
Command duration or timeout: 0 milliseconds
Build info: version: '3.7.1', revision: '8a0099a', time: '2017-11-06T21:07:36.161Z'
System info: host: 'sumans-MacBook-Pro.local', ip: 'fe80:0:0:0:10f0:11f1:8277:c429%en0', os.name: 'Mac OS X', os.arch: 'x86_64', os.version: '10.13.6', java.version: '1.8.0_181'
Driver info: com.kms.katalon.selenium.driver.CChromeDriver
Capabilities {acceptInsecureCerts: false, acceptSslCerts: false, applicationCacheEnabled: false, browserConnectionEnabled: false, browserName: chrome, chrome: {chromedriverVersion: 2.43.600229 (3fae4d0cda5334..., userDataDir: /var/folders/1t/c55l8xzs6gq...}, cssSelectorsEnabled: true, databaseEnabled: false, goog:chromeOptions: {debuggerAddress: localhost:63725}, handlesAlerts: true, hasTouchScreen: false, javascriptEnabled: true, locationContextEnabled: true, mobileEmulationEnabled: false, nativeEvents: true, networkConnectionEnabled: false, pageLoadStrategy: normal, platform: MAC, platformName: MAC, rotatable: false, setWindowRect: true, takesHeapSnapshot: true, takesScreenshot: true, unexpectedAlertBehaviour: , unhandledPromptBehavior: , version: 75.0.3770.90, webStorageEnabled: true}
Session ID: 9b95f84a89b4c69d096f110363d8d210)
	at com.kms.katalon.core.keyword.internal.KeywordMain.stepFailed(KeywordMain.groovy:36)
	at com.kms.katalon.core.webui.keyword.internal.WebUIKeywordMain.stepFailed(WebUIKeywordMain.groovy:65)
	at com.kms.katalon.core.webui.keyword.internal.WebUIKeywordMain.runKeyword(WebUIKeywordMain.groovy:27)
	at com.kms.katalon.core.webui.keyword.builtin.ClickKeyword.click(ClickKeyword.groovy:86)
	at com.kms.katalon.core.webui.keyword.builtin.ClickKeyword.execute(ClickKeyword.groovy:67)
	at com.kms.katalon.core.keyword.internal.KeywordExecutor.executeKeywordForPlatform(KeywordExecutor.groovy:53)
	at com.kms.katalon.core.webui.keyword.WebUiBuiltInKeywords.click(WebUiBuiltInKeywords.groovy:616)
	at com.kms.katalon.core.webui.keyword.WebUiBuiltInKeywords$click$4.call(Unknown Source)
	at What to consider.run(What to consider:28)
	at com.kms.katalon.core.main.ScriptEngine.run(ScriptEngine.java:194)
	at com.kms.katalon.core.main.ScriptEngine.runScriptAsRawText(ScriptEngine.java:119)
	at com.kms.katalon.core.main.TestCaseExecutor.runScript(TestCaseExecutor.java:328)
	at com.kms.katalon.core.main.TestCaseExecutor.doExecute(TestCaseExecutor.java:319)
	at com.kms.katalon.core.main.TestCaseExecutor.processExecutionPhase(TestCaseExecutor.java:298)
	at com.kms.katalon.core.main.TestCaseExecutor.accessMainPhase(TestCaseExecutor.java:290)
	at com.kms.katalon.core.main.TestCaseExecutor.execute(TestCaseExecutor.java:224)
	at com.kms.katalon.core.main.TestSuiteExecutor.accessTestCaseMainPhase(TestSuiteExecutor.java:129)
	at com.kms.katalon.core.main.TestSuiteExecutor.accessTestSuiteMainPhase(TestSuiteExecutor.java:112)
	at com.kms.katalon.core.main.TestSuiteExecutor.execute(TestSuiteExecutor.java:81)
	at com.kms.katalon.core.main.TestCaseMain.startTestSuite(TestCaseMain.java:149)
	at com.kms.katalon.core.main.TestCaseMain$startTestSuite$0.call(Unknown Source)
	at TempTestSuite1560802135767.run(TempTestSuite1560802135767.groovy:36)


2019-06-17 16:26:10 - [TEST_STEP][PASSED] - callTestCase(findTestCase("OCS - MOBILE/CALL - AGE GATE"), [:], STOP_ON_FAILURE): Call Test Case 'Test Cases/OCS - MOBILE/CALL - AGE GATE' successfully

2019-06-17 16:26:10 - [TEST_CASE][PASSED] - Test Cases/OCS - MOBILE/CALL - AGE GATE: Test Cases/OCS - MOBILE/CALL - AGE GATE

2019-06-17 16:26:10 - [TEST_STEP][PASSED] - openBrowser(""): Browser is opened with url: ''

2019-06-17 16:26:10 - [MESSAGE][WARNING] - A browser is already opened. Closing browser and opening a new one

2019-06-17 16:26:10 - [MESSAGE][INFO] - Starting 'Chrome' driver

2019-06-17 16:26:12 - [MESSAGE][PASSED] - Browser is opened with url: ''

2019-06-17 16:26:12 - [TEST_STEP][PASSED] - navigateToUrl("https://ocs.ca/?fts=0&preview_theme_id=72920106828"): Navigate to 'https://ocs.ca/?fts=0&preview_theme_id=72920106828' successfully

2019-06-17 16:26:18 - [MESSAGE][PASSED] - Navigate to 'https://ocs.ca/?fts=0&preview_theme_id=72920106828' successfully

2019-06-17 16:26:18 - [TEST_STEP][PASSED] - executeJavaScript("var previewBar = document.getElementById("preview-bar-iframe"); previewBar.style.display = "none";", []): Execute JavaScript 'var previewBar = document.getElementById("preview-bar-iframe"); previewBar.style.display = "none";' successfully

2019-06-17 16:26:18 - [MESSAGE][PASSED] - Execute JavaScript 'var previewBar = document.getElementById("preview-bar-iframe"); previewBar.style.display = "none";' successfully

2019-06-17 16:26:18 - [TEST_STEP][PASSED] - setViewPortSize(360, 800): Viewport is set to new size with width = 360 and height = 800

2019-06-17 16:26:18 - [MESSAGE][PASSED] - Viewport is set to new size with width = 360 and height = 800

2019-06-17 16:26:18 - [TEST_STEP][PASSED] - delay(4): Delayed 4 second(s)

2019-06-17 16:26:22 - [MESSAGE][PASSED] - Delayed 4 second(s)

2019-06-17 16:26:22 - [TEST_STEP][PASSED] - selectOptionByValue(findTestObject("OCS-MOBILE /Age gate and burger menu/Date"), "12", true): All options with value '12' are selected in object 'Object Repository/OCS-MOBILE /Age gate and burger menu/Date'  using regular expression

2019-06-17 16:26:22 - [MESSAGE][PASSED] - All options with value '12' are selected in object 'Object Repository/OCS-MOBILE /Age gate and burger menu/Date'  using regular expression

2019-06-17 16:26:22 - [TEST_STEP][PASSED] - selectOptionByValue(findTestObject("OCS-MOBILE /Age gate and burger menu/month"), "6", true): All options with value '6' are selected in object 'Object Repository/OCS-MOBILE /Age gate and burger menu/month'  using regular expression

2019-06-17 16:26:22 - [MESSAGE][PASSED] - All options with value '6' are selected in object 'Object Repository/OCS-MOBILE /Age gate and burger menu/month'  using regular expression

2019-06-17 16:26:22 - [TEST_STEP][PASSED] - delay(2): Delayed 2 second(s)

2019-06-17 16:26:24 - [MESSAGE][PASSED] - Delayed 2 second(s)

2019-06-17 16:26:24 - [TEST_STEP][PASSED] - selectOptionByValue(findTestObject("OCS-MOBILE /Age gate and burger menu/Year Dropdown"), "1990", true): All options with value '1990' are selected in object 'Object Repository/OCS-MOBILE /Age gate and burger menu/Year Dropdown'  using regular expression

2019-06-17 16:26:25 - [MESSAGE][PASSED] - All options with value '1990' are selected in object 'Object Repository/OCS-MOBILE /Age gate and burger menu/Year Dropdown'  using regular expression

2019-06-17 16:26:25 - [TEST_STEP][PASSED] - click(findTestObject("OCS-MOBILE /Age gate and Mega menu/button_Verify")): Object: 'Object Repository/OCS-MOBILE /Age gate and Mega menu/button_Verify' is clicked on

2019-06-17 16:26:25 - [MESSAGE][PASSED] - Object: 'Object Repository/OCS-MOBILE /Age gate and Mega menu/button_Verify' is clicked on

2019-06-17 16:26:25 - [TEST_STEP][PASSED] - click(findTestObject("OCS-MOBILE /Age gate and Mega menu/Checkbox_CONFIRM AND ACKNOWLEDGE")): Object: 'Object Repository/OCS-MOBILE /Age gate and Mega menu/Checkbox_CONFIRM AND ACKNOWLEDGE' is clicked on

2019-06-17 16:26:25 - [MESSAGE][PASSED] - Object: 'Object Repository/OCS-MOBILE /Age gate and Mega menu/Checkbox_CONFIRM AND ACKNOWLEDGE' is clicked on

2019-06-17 16:26:25 - [TEST_STEP][PASSED] - click(findTestObject("OCS-MOBILE /Age gate and Mega menu/button_CONFIRM")): Object: 'Object Repository/OCS-MOBILE /Age gate and Mega menu/button_CONFIRM' is clicked on

2019-06-17 16:26:26 - [MESSAGE][PASSED] - Object: 'Object Repository/OCS-MOBILE /Age gate and Mega menu/button_CONFIRM' is clicked on

2019-06-17 16:26:26 - [TEST_STEP][PASSED] - click(findTestObject("OCS-MOBILE /Age gate and Mega menu/button_Start Browsing")): Object: 'Object Repository/OCS-MOBILE /Age gate and Mega menu/button_Start Browsing' is clicked on

2019-06-17 16:26:26 - [MESSAGE][PASSED] - Object: 'Object Repository/OCS-MOBILE /Age gate and Mega menu/button_Start Browsing' is clicked on

2019-06-17 16:26:26 - [TEST_STEP][PASSED] - refresh(): Refresh successfully

2019-06-17 16:26:26 - [MESSAGE][PASSED] - Refresh successfully

2019-06-17 16:26:26 - [MESSAGE][PASSED] - Call Test Case 'Test Cases/OCS - MOBILE/CALL - AGE GATE' successfully

2019-06-17 16:26:26 - [TEST_STEP][PASSED] - delay(2): Delayed 2 second(s)

2019-06-17 16:26:28 - [MESSAGE][PASSED] - Delayed 2 second(s)

2019-06-17 16:26:28 - [TEST_STEP][PASSED] - click(findTestObject("OCS-MOBILE /Age gate and burger menu/Burger menu - English")): Object: 'Object Repository/OCS-MOBILE /Age gate and burger menu/Burger menu - English' is clicked on

2019-06-17 16:26:29 - [MESSAGE][PASSED] - Object: 'Object Repository/OCS-MOBILE /Age gate and burger menu/Burger menu - English' is clicked on

2019-06-17 16:26:29 - [TEST_STEP][PASSED] - delay(2): Delayed 2 second(s)

2019-06-17 16:26:31 - [MESSAGE][PASSED] - Delayed 2 second(s)

2019-06-17 16:26:31 - [TEST_STEP][PASSED] - click(findTestObject("OCS-MOBILE /Age gate and Mega menu/Chevron_Cannabis")): Object: 'Object Repository/OCS-MOBILE /Age gate and Mega menu/Chevron_Cannabis' is clicked on

2019-06-17 16:26:31 - [MESSAGE][PASSED] - Object: 'Object Repository/OCS-MOBILE /Age gate and Mega menu/Chevron_Cannabis' is clicked on

2019-06-17 16:26:31 - [TEST_STEP][PASSED] - delay(2): Delayed 2 second(s)

2019-06-17 16:26:33 - [MESSAGE][PASSED] - Delayed 2 second(s)

2019-06-17 16:26:33 - [TEST_STEP][FAILED] - click(findTestObject("OCS-MOBILE /Cannabis page/Dried flower")): click(findTestObject("OCS-MOBILE /Cannabis page/Dried flower")) FAILED.
Reason:
com.kms.katalon.core.exception.StepFailedException: Unable to click on object 'Object Repository/OCS-MOBILE /Cannabis page/Dried flower' (Root cause: org.openqa.selenium.WebDriverException: unknown error: Element <span>...</span> is not clickable at point (55, 120). Other element would receive the click: <ul class="menu__learn-more--mobile only-mobile-tablet">...</ul>
  (Session info: chrome=75.0.3770.90)
  (Driver info: chromedriver=2.43.600229 (3fae4d0cda5334b4f533bede5a4787f7b832d052),platform=Mac OS X 10.13.6 x86_64) (WARNING: The server did not provide any stacktrace information)
Command duration or timeout: 0 milliseconds
Build info: version: '3.7.1', revision: '8a0099a', time: '2017-11-06T21:07:36.161Z'
System info: host: 'sumans-MacBook-Pro.local', ip: 'fe80:0:0:0:10f0:11f1:8277:c429%en0', os.name: 'Mac OS X', os.arch: 'x86_64', os.version: '10.13.6', java.version: '1.8.0_181'
Driver info: com.kms.katalon.selenium.driver.CChromeDriver
Capabilities {acceptInsecureCerts: false, acceptSslCerts: false, applicationCacheEnabled: false, browserConnectionEnabled: false, browserName: chrome, chrome: {chromedriverVersion: 2.43.600229 (3fae4d0cda5334..., userDataDir: /var/folders/1t/c55l8xzs6gq...}, cssSelectorsEnabled: true, databaseEnabled: false, goog:chromeOptions: {debuggerAddress: localhost:63725}, handlesAlerts: true, hasTouchScreen: false, javascriptEnabled: true, locationContextEnabled: true, mobileEmulationEnabled: false, nativeEvents: true, networkConnectionEnabled: false, pageLoadStrategy: normal, platform: MAC, platformName: MAC, rotatable: false, setWindowRect: true, takesHeapSnapshot: true, takesScreenshot: true, unexpectedAlertBehaviour: , unhandledPromptBehavior: , version: 75.0.3770.90, webStorageEnabled: true}
Session ID: 9b95f84a89b4c69d096f110363d8d210)
	at com.kms.katalon.core.keyword.internal.KeywordMain.stepFailed(KeywordMain.groovy:36)
	at com.kms.katalon.core.webui.keyword.internal.WebUIKeywordMain.stepFailed(WebUIKeywordMain.groovy:65)
	at com.kms.katalon.core.webui.keyword.internal.WebUIKeywordMain.runKeyword(WebUIKeywordMain.groovy:27)
	at com.kms.katalon.core.webui.keyword.builtin.ClickKeyword.click(ClickKeyword.groovy:86)
	at com.kms.katalon.core.webui.keyword.builtin.ClickKeyword.execute(ClickKeyword.groovy:67)
	at com.kms.katalon.core.keyword.internal.KeywordExecutor.executeKeywordForPlatform(KeywordExecutor.groovy:53)
	at com.kms.katalon.core.webui.keyword.WebUiBuiltInKeywords.click(WebUiBuiltInKeywords.groovy:616)
	at com.kms.katalon.core.webui.keyword.WebUiBuiltInKeywords$click$4.call(Unknown Source)
	at What to consider.run(What to consider:28)
	at com.kms.katalon.core.main.ScriptEngine.run(ScriptEngine.java:194)
	at com.kms.katalon.core.main.ScriptEngine.runScriptAsRawText(ScriptEngine.java:119)
	at com.kms.katalon.core.main.TestCaseExecutor.runScript(TestCaseExecutor.java:328)
	at com.kms.katalon.core.main.TestCaseExecutor.doExecute(TestCaseExecutor.java:319)
	at com.kms.katalon.core.main.TestCaseExecutor.processExecutionPhase(TestCaseExecutor.java:298)
	at com.kms.katalon.core.main.TestCaseExecutor.accessMainPhase(TestCaseExecutor.java:290)
	at com.kms.katalon.core.main.TestCaseExecutor.execute(TestCaseExecutor.java:224)
	at com.kms.katalon.core.main.TestSuiteExecutor.accessTestCaseMainPhase(TestSuiteExecutor.java:129)
	at com.kms.katalon.core.main.TestSuiteExecutor.accessTestSuiteMainPhase(TestSuiteExecutor.java:112)
	at com.kms.katalon.core.main.TestSuiteExecutor.execute(TestSuiteExecutor.java:81)
	at com.kms.katalon.core.main.TestCaseMain.startTestSuite(TestCaseMain.java:149)
	at com.kms.katalon.core.main.TestCaseMain$startTestSuite$0.call(Unknown Source)
	at TempTestSuite1560802135767.run(TempTestSuite1560802135767.groovy:36)


2019-06-17 16:26:33 - [MESSAGE][FAILED] - Unable to click on object 'Object Repository/OCS-MOBILE /Cannabis page/Dried flower' (Root cause: org.openqa.selenium.WebDriverException: unknown error: Element <span>...</span> is not clickable at point (55, 120). Other element would receive the click: <ul class="menu__learn-more--mobile only-mobile-tablet">...</ul>
  (Session info: chrome=75.0.3770.90)
  (Driver info: chromedriver=2.43.600229 (3fae4d0cda5334b4f533bede5a4787f7b832d052),platform=Mac OS X 10.13.6 x86_64) (WARNING: The server did not provide any stacktrace information)
Command duration or timeout: 0 milliseconds
Build info: version: '3.7.1', revision: '8a0099a', time: '2017-11-06T21:07:36.161Z'
System info: host: 'sumans-MacBook-Pro.local', ip: 'fe80:0:0:0:10f0:11f1:8277:c429%en0', os.name: 'Mac OS X', os.arch: 'x86_64', os.version: '10.13.6', java.version: '1.8.0_181'
Driver info: com.kms.katalon.selenium.driver.CChromeDriver
Capabilities {acceptInsecureCerts: false, acceptSslCerts: false, applicationCacheEnabled: false, browserConnectionEnabled: false, browserName: chrome, chrome: {chromedriverVersion: 2.43.600229 (3fae4d0cda5334..., userDataDir: /var/folders/1t/c55l8xzs6gq...}, cssSelectorsEnabled: true, databaseEnabled: false, goog:chromeOptions: {debuggerAddress: localhost:63725}, handlesAlerts: true, hasTouchScreen: false, javascriptEnabled: true, locationContextEnabled: true, mobileEmulationEnabled: false, nativeEvents: true, networkConnectionEnabled: false, pageLoadStrategy: normal, platform: MAC, platformName: MAC, rotatable: false, setWindowRect: true, takesHeapSnapshot: true, takesScreenshot: true, unexpectedAlertBehaviour: , unhandledPromptBehavior: , version: 75.0.3770.90, webStorageEnabled: true}
Session ID: 9b95f84a89b4c69d096f110363d8d210)
[[ATTACHMENT|/Users/sumankompelly/Relative xpath-Mobile/Reports/OCS- 1.10.1/20190617_160855/1560803193309.png]]

2019-06-17 16:26:33 - [MESSAGE][FAILED] - click(findTestObject("OCS-MOBILE /Cannabis page/Dried flower")) FAILED.
Reason:
com.kms.katalon.core.exception.StepFailedException: Unable to click on object 'Object Repository/OCS-MOBILE /Cannabis page/Dried flower' (Root cause: org.openqa.selenium.WebDriverException: unknown error: Element <span>...</span> is not clickable at point (55, 120). Other element would receive the click: <ul class="menu__learn-more--mobile only-mobile-tablet">...</ul>
  (Session info: chrome=75.0.3770.90)
  (Driver info: chromedriver=2.43.600229 (3fae4d0cda5334b4f533bede5a4787f7b832d052),platform=Mac OS X 10.13.6 x86_64) (WARNING: The server did not provide any stacktrace information)
Command duration or timeout: 0 milliseconds
Build info: version: '3.7.1', revision: '8a0099a', time: '2017-11-06T21:07:36.161Z'
System info: host: 'sumans-MacBook-Pro.local', ip: 'fe80:0:0:0:10f0:11f1:8277:c429%en0', os.name: 'Mac OS X', os.arch: 'x86_64', os.version: '10.13.6', java.version: '1.8.0_181'
Driver info: com.kms.katalon.selenium.driver.CChromeDriver
Capabilities {acceptInsecureCerts: false, acceptSslCerts: false, applicationCacheEnabled: false, browserConnectionEnabled: false, browserName: chrome, chrome: {chromedriverVersion: 2.43.600229 (3fae4d0cda5334..., userDataDir: /var/folders/1t/c55l8xzs6gq...}, cssSelectorsEnabled: true, databaseEnabled: false, goog:chromeOptions: {debuggerAddress: localhost:63725}, handlesAlerts: true, hasTouchScreen: false, javascriptEnabled: true, locationContextEnabled: true, mobileEmulationEnabled: false, nativeEvents: true, networkConnectionEnabled: false, pageLoadStrategy: normal, platform: MAC, platformName: MAC, rotatable: false, setWindowRect: true, takesHeapSnapshot: true, takesScreenshot: true, unexpectedAlertBehaviour: , unhandledPromptBehavior: , version: 75.0.3770.90, webStorageEnabled: true}
Session ID: 9b95f84a89b4c69d096f110363d8d210)
	at com.kms.katalon.core.keyword.internal.KeywordMain.stepFailed(KeywordMain.groovy:36)
	at com.kms.katalon.core.webui.keyword.internal.WebUIKeywordMain.stepFailed(WebUIKeywordMain.groovy:65)
	at com.kms.katalon.core.webui.keyword.internal.WebUIKeywordMain.runKeyword(WebUIKeywordMain.groovy:27)
	at com.kms.katalon.core.webui.keyword.builtin.ClickKeyword.click(ClickKeyword.groovy:86)
	at com.kms.katalon.core.webui.keyword.builtin.ClickKeyword.execute(ClickKeyword.groovy:67)
	at com.kms.katalon.core.keyword.internal.KeywordExecutor.executeKeywordForPlatform(KeywordExecutor.groovy:53)
	at com.kms.katalon.core.webui.keyword.WebUiBuiltInKeywords.click(WebUiBuiltInKeywords.groovy:616)
	at com.kms.katalon.core.webui.keyword.WebUiBuiltInKeywords$click$4.call(Unknown Source)
	at What to consider.run(What to consider:28)
	at com.kms.katalon.core.main.ScriptEngine.run(ScriptEngine.java:194)
	at com.kms.katalon.core.main.ScriptEngine.runScriptAsRawText(ScriptEngine.java:119)
	at com.kms.katalon.core.main.TestCaseExecutor.runScript(TestCaseExecutor.java:328)
	at com.kms.katalon.core.main.TestCaseExecutor.doExecute(TestCaseExecutor.java:319)
	at com.kms.katalon.core.main.TestCaseExecutor.processExecutionPhase(TestCaseExecutor.java:298)
	at com.kms.katalon.core.main.TestCaseExecutor.accessMainPhase(TestCaseExecutor.java:290)
	at com.kms.katalon.core.main.TestCaseExecutor.execute(TestCaseExecutor.java:224)
	at com.kms.katalon.core.main.TestSuiteExecutor.accessTestCaseMainPhase(TestSuiteExecutor.java:129)
	at com.kms.katalon.core.main.TestSuiteExecutor.accessTestSuiteMainPhase(TestSuiteExecutor.java:112)
	at com.kms.katalon.core.main.TestSuiteExecutor.execute(TestSuiteExecutor.java:81)
	at com.kms.katalon.core.main.TestCaseMain.startTestSuite(TestCaseMain.java:149)
	at com.kms.katalon.core.main.TestCaseMain$startTestSuite$0.call(Unknown Source)
	at TempTestSuite1560802135767.run(TempTestSuite1560802135767.groovy:36)]]></system-out>
         <system-err><![CDATA[2019-06-17 16:26:10 - [TEST_CASE][FAILED] - Test Cases/OCS - MOBILE/OCS-COLLECTION PAGE/What to consider: Test Cases/OCS - MOBILE/OCS-COLLECTION PAGE/What to consider FAILED.
Reason:
com.kms.katalon.core.exception.StepFailedException: Unable to click on object 'Object Repository/OCS-MOBILE /Cannabis page/Dried flower' (Root cause: org.openqa.selenium.WebDriverException: unknown error: Element <span>...</span> is not clickable at point (55, 120). Other element would receive the click: <ul class="menu__learn-more--mobile only-mobile-tablet">...</ul>
  (Session info: chrome=75.0.3770.90)
  (Driver info: chromedriver=2.43.600229 (3fae4d0cda5334b4f533bede5a4787f7b832d052),platform=Mac OS X 10.13.6 x86_64) (WARNING: The server did not provide any stacktrace information)
Command duration or timeout: 0 milliseconds
Build info: version: '3.7.1', revision: '8a0099a', time: '2017-11-06T21:07:36.161Z'
System info: host: 'sumans-MacBook-Pro.local', ip: 'fe80:0:0:0:10f0:11f1:8277:c429%en0', os.name: 'Mac OS X', os.arch: 'x86_64', os.version: '10.13.6', java.version: '1.8.0_181'
Driver info: com.kms.katalon.selenium.driver.CChromeDriver
Capabilities {acceptInsecureCerts: false, acceptSslCerts: false, applicationCacheEnabled: false, browserConnectionEnabled: false, browserName: chrome, chrome: {chromedriverVersion: 2.43.600229 (3fae4d0cda5334..., userDataDir: /var/folders/1t/c55l8xzs6gq...}, cssSelectorsEnabled: true, databaseEnabled: false, goog:chromeOptions: {debuggerAddress: localhost:63725}, handlesAlerts: true, hasTouchScreen: false, javascriptEnabled: true, locationContextEnabled: true, mobileEmulationEnabled: false, nativeEvents: true, networkConnectionEnabled: false, pageLoadStrategy: normal, platform: MAC, platformName: MAC, rotatable: false, setWindowRect: true, takesHeapSnapshot: true, takesScreenshot: true, unexpectedAlertBehaviour: , unhandledPromptBehavior: , version: 75.0.3770.90, webStorageEnabled: true}
Session ID: 9b95f84a89b4c69d096f110363d8d210)
	at com.kms.katalon.core.keyword.internal.KeywordMain.stepFailed(KeywordMain.groovy:36)
	at com.kms.katalon.core.webui.keyword.internal.WebUIKeywordMain.stepFailed(WebUIKeywordMain.groovy:65)
	at com.kms.katalon.core.webui.keyword.internal.WebUIKeywordMain.runKeyword(WebUIKeywordMain.groovy:27)
	at com.kms.katalon.core.webui.keyword.builtin.ClickKeyword.click(ClickKeyword.groovy:86)
	at com.kms.katalon.core.webui.keyword.builtin.ClickKeyword.execute(ClickKeyword.groovy:67)
	at com.kms.katalon.core.keyword.internal.KeywordExecutor.executeKeywordForPlatform(KeywordExecutor.groovy:53)
	at com.kms.katalon.core.webui.keyword.WebUiBuiltInKeywords.click(WebUiBuiltInKeywords.groovy:616)
	at com.kms.katalon.core.webui.keyword.WebUiBuiltInKeywords$click$4.call(Unknown Source)
	at What to consider.run(What to consider:28)
	at com.kms.katalon.core.main.ScriptEngine.run(ScriptEngine.java:194)
	at com.kms.katalon.core.main.ScriptEngine.runScriptAsRawText(ScriptEngine.java:119)
	at com.kms.katalon.core.main.TestCaseExecutor.runScript(TestCaseExecutor.java:328)
	at com.kms.katalon.core.main.TestCaseExecutor.doExecute(TestCaseExecutor.java:319)
	at com.kms.katalon.core.main.TestCaseExecutor.processExecutionPhase(TestCaseExecutor.java:298)
	at com.kms.katalon.core.main.TestCaseExecutor.accessMainPhase(TestCaseExecutor.java:290)
	at com.kms.katalon.core.main.TestCaseExecutor.execute(TestCaseExecutor.java:224)
	at com.kms.katalon.core.main.TestSuiteExecutor.accessTestCaseMainPhase(TestSuiteExecutor.java:129)
	at com.kms.katalon.core.main.TestSuiteExecutor.accessTestSuiteMainPhase(TestSuiteExecutor.java:112)
	at com.kms.katalon.core.main.TestSuiteExecutor.execute(TestSuiteExecutor.java:81)
	at com.kms.katalon.core.main.TestCaseMain.startTestSuite(TestCaseMain.java:149)
	at com.kms.katalon.core.main.TestCaseMain$startTestSuite$0.call(Unknown Source)
	at TempTestSuite1560802135767.run(TempTestSuite1560802135767.groovy:36)]]></system-err>
      </testcase>
      <testcase name="Test Cases/OCS - MOBILE/OCS-COLLECTION PAGE/Filter" classname="Test Cases/OCS - MOBILE/OCS-COLLECTION PAGE/Filter" status="FAILED">
         <failure type="FAILED" message="Test Cases/OCS - MOBILE/OCS-COLLECTION PAGE/Filter FAILED.
Reason:
com.kms.katalon.core.exception.StepFailedException: Unable to click on object 'Object Repository/OCS-MOBILE /Cannabis page/Dried flower' (Root cause: org.openqa.selenium.WebDriverException: unknown error: Element &lt;span>...&lt;/span> is not clickable at point (55, 120). Other element would receive the click: &lt;ul class=&quot;menu__learn-more--mobile only-mobile-tablet&quot;>...&lt;/ul>
  (Session info: chrome=75.0.3770.90)
  (Driver info: chromedriver=2.43.600229 (3fae4d0cda5334b4f533bede5a4787f7b832d052),platform=Mac OS X 10.13.6 x86_64) (WARNING: The server did not provide any stacktrace information)
Command duration or timeout: 0 milliseconds
Build info: version: '3.7.1', revision: '8a0099a', time: '2017-11-06T21:07:36.161Z'
System info: host: 'sumans-MacBook-Pro.local', ip: 'fe80:0:0:0:10f0:11f1:8277:c429%en0', os.name: 'Mac OS X', os.arch: 'x86_64', os.version: '10.13.6', java.version: '1.8.0_181'
Driver info: com.kms.katalon.selenium.driver.CChromeDriver
Capabilities {acceptInsecureCerts: false, acceptSslCerts: false, applicationCacheEnabled: false, browserConnectionEnabled: false, browserName: chrome, chrome: {chromedriverVersion: 2.43.600229 (3fae4d0cda5334..., userDataDir: /var/folders/1t/c55l8xzs6gq...}, cssSelectorsEnabled: true, databaseEnabled: false, goog:chromeOptions: {debuggerAddress: localhost:63860}, handlesAlerts: true, hasTouchScreen: false, javascriptEnabled: true, locationContextEnabled: true, mobileEmulationEnabled: false, nativeEvents: true, networkConnectionEnabled: false, pageLoadStrategy: normal, platform: MAC, platformName: MAC, rotatable: false, setWindowRect: true, takesHeapSnapshot: true, takesScreenshot: true, unexpectedAlertBehaviour: , unhandledPromptBehavior: , version: 75.0.3770.90, webStorageEnabled: true}
Session ID: b5c7bf714730c57c530affd275b9fa54)
	at com.kms.katalon.core.keyword.internal.KeywordMain.stepFailed(KeywordMain.groovy:36)
	at com.kms.katalon.core.webui.keyword.internal.WebUIKeywordMain.stepFailed(WebUIKeywordMain.groovy:65)
	at com.kms.katalon.core.webui.keyword.internal.WebUIKeywordMain.runKeyword(WebUIKeywordMain.groovy:27)
	at com.kms.katalon.core.webui.keyword.builtin.ClickKeyword.click(ClickKeyword.groovy:86)
	at com.kms.katalon.core.webui.keyword.builtin.ClickKeyword.execute(ClickKeyword.groovy:67)
	at com.kms.katalon.core.keyword.internal.KeywordExecutor.executeKeywordForPlatform(KeywordExecutor.groovy:53)
	at com.kms.katalon.core.webui.keyword.WebUiBuiltInKeywords.click(WebUiBuiltInKeywords.groovy:616)
	at com.kms.katalon.core.webui.keyword.WebUiBuiltInKeywords$click$4.call(Unknown Source)
	at Filter.run(Filter:26)
	at com.kms.katalon.core.main.ScriptEngine.run(ScriptEngine.java:194)
	at com.kms.katalon.core.main.ScriptEngine.runScriptAsRawText(ScriptEngine.java:119)
	at com.kms.katalon.core.main.TestCaseExecutor.runScript(TestCaseExecutor.java:328)
	at com.kms.katalon.core.main.TestCaseExecutor.doExecute(TestCaseExecutor.java:319)
	at com.kms.katalon.core.main.TestCaseExecutor.processExecutionPhase(TestCaseExecutor.java:298)
	at com.kms.katalon.core.main.TestCaseExecutor.accessMainPhase(TestCaseExecutor.java:290)
	at com.kms.katalon.core.main.TestCaseExecutor.execute(TestCaseExecutor.java:224)
	at com.kms.katalon.core.main.TestSuiteExecutor.accessTestCaseMainPhase(TestSuiteExecutor.java:129)
	at com.kms.katalon.core.main.TestSuiteExecutor.accessTestSuiteMainPhase(TestSuiteExecutor.java:112)
	at com.kms.katalon.core.main.TestSuiteExecutor.execute(TestSuiteExecutor.java:81)
	at com.kms.katalon.core.main.TestCaseMain.startTestSuite(TestCaseMain.java:149)
	at com.kms.katalon.core.main.TestCaseMain$startTestSuite$0.call(Unknown Source)
	at TempTestSuite1560802135767.run(TempTestSuite1560802135767.groovy:36)
"/>
         <system-out><![CDATA[2019-06-17 16:26:33 - [TEST_CASE][FAILED] - Test Cases/OCS - MOBILE/OCS-COLLECTION PAGE/Filter: Test Cases/OCS - MOBILE/OCS-COLLECTION PAGE/Filter FAILED.
Reason:
com.kms.katalon.core.exception.StepFailedException: Unable to click on object 'Object Repository/OCS-MOBILE /Cannabis page/Dried flower' (Root cause: org.openqa.selenium.WebDriverException: unknown error: Element <span>...</span> is not clickable at point (55, 120). Other element would receive the click: <ul class="menu__learn-more--mobile only-mobile-tablet">...</ul>
  (Session info: chrome=75.0.3770.90)
  (Driver info: chromedriver=2.43.600229 (3fae4d0cda5334b4f533bede5a4787f7b832d052),platform=Mac OS X 10.13.6 x86_64) (WARNING: The server did not provide any stacktrace information)
Command duration or timeout: 0 milliseconds
Build info: version: '3.7.1', revision: '8a0099a', time: '2017-11-06T21:07:36.161Z'
System info: host: 'sumans-MacBook-Pro.local', ip: 'fe80:0:0:0:10f0:11f1:8277:c429%en0', os.name: 'Mac OS X', os.arch: 'x86_64', os.version: '10.13.6', java.version: '1.8.0_181'
Driver info: com.kms.katalon.selenium.driver.CChromeDriver
Capabilities {acceptInsecureCerts: false, acceptSslCerts: false, applicationCacheEnabled: false, browserConnectionEnabled: false, browserName: chrome, chrome: {chromedriverVersion: 2.43.600229 (3fae4d0cda5334..., userDataDir: /var/folders/1t/c55l8xzs6gq...}, cssSelectorsEnabled: true, databaseEnabled: false, goog:chromeOptions: {debuggerAddress: localhost:63860}, handlesAlerts: true, hasTouchScreen: false, javascriptEnabled: true, locationContextEnabled: true, mobileEmulationEnabled: false, nativeEvents: true, networkConnectionEnabled: false, pageLoadStrategy: normal, platform: MAC, platformName: MAC, rotatable: false, setWindowRect: true, takesHeapSnapshot: true, takesScreenshot: true, unexpectedAlertBehaviour: , unhandledPromptBehavior: , version: 75.0.3770.90, webStorageEnabled: true}
Session ID: b5c7bf714730c57c530affd275b9fa54)
	at com.kms.katalon.core.keyword.internal.KeywordMain.stepFailed(KeywordMain.groovy:36)
	at com.kms.katalon.core.webui.keyword.internal.WebUIKeywordMain.stepFailed(WebUIKeywordMain.groovy:65)
	at com.kms.katalon.core.webui.keyword.internal.WebUIKeywordMain.runKeyword(WebUIKeywordMain.groovy:27)
	at com.kms.katalon.core.webui.keyword.builtin.ClickKeyword.click(ClickKeyword.groovy:86)
	at com.kms.katalon.core.webui.keyword.builtin.ClickKeyword.execute(ClickKeyword.groovy:67)
	at com.kms.katalon.core.keyword.internal.KeywordExecutor.executeKeywordForPlatform(KeywordExecutor.groovy:53)
	at com.kms.katalon.core.webui.keyword.WebUiBuiltInKeywords.click(WebUiBuiltInKeywords.groovy:616)
	at com.kms.katalon.core.webui.keyword.WebUiBuiltInKeywords$click$4.call(Unknown Source)
	at Filter.run(Filter:26)
	at com.kms.katalon.core.main.ScriptEngine.run(ScriptEngine.java:194)
	at com.kms.katalon.core.main.ScriptEngine.runScriptAsRawText(ScriptEngine.java:119)
	at com.kms.katalon.core.main.TestCaseExecutor.runScript(TestCaseExecutor.java:328)
	at com.kms.katalon.core.main.TestCaseExecutor.doExecute(TestCaseExecutor.java:319)
	at com.kms.katalon.core.main.TestCaseExecutor.processExecutionPhase(TestCaseExecutor.java:298)
	at com.kms.katalon.core.main.TestCaseExecutor.accessMainPhase(TestCaseExecutor.java:290)
	at com.kms.katalon.core.main.TestCaseExecutor.execute(TestCaseExecutor.java:224)
	at com.kms.katalon.core.main.TestSuiteExecutor.accessTestCaseMainPhase(TestSuiteExecutor.java:129)
	at com.kms.katalon.core.main.TestSuiteExecutor.accessTestSuiteMainPhase(TestSuiteExecutor.java:112)
	at com.kms.katalon.core.main.TestSuiteExecutor.execute(TestSuiteExecutor.java:81)
	at com.kms.katalon.core.main.TestCaseMain.startTestSuite(TestCaseMain.java:149)
	at com.kms.katalon.core.main.TestCaseMain$startTestSuite$0.call(Unknown Source)
	at TempTestSuite1560802135767.run(TempTestSuite1560802135767.groovy:36)


2019-06-17 16:26:33 - [TEST_STEP][PASSED] - callTestCase(findTestCase("OCS - MOBILE/CALL - AGE GATE"), [:], STOP_ON_FAILURE): Call Test Case 'Test Cases/OCS - MOBILE/CALL - AGE GATE' successfully

2019-06-17 16:26:33 - [TEST_CASE][PASSED] - Test Cases/OCS - MOBILE/CALL - AGE GATE: Test Cases/OCS - MOBILE/CALL - AGE GATE

2019-06-17 16:26:33 - [TEST_STEP][PASSED] - openBrowser(""): Browser is opened with url: ''

2019-06-17 16:26:33 - [MESSAGE][WARNING] - A browser is already opened. Closing browser and opening a new one

2019-06-17 16:26:34 - [MESSAGE][INFO] - Starting 'Chrome' driver

2019-06-17 16:26:35 - [MESSAGE][PASSED] - Browser is opened with url: ''

2019-06-17 16:26:35 - [TEST_STEP][PASSED] - navigateToUrl("https://ocs.ca/?fts=0&preview_theme_id=72920106828"): Navigate to 'https://ocs.ca/?fts=0&preview_theme_id=72920106828' successfully

2019-06-17 16:26:40 - [MESSAGE][PASSED] - Navigate to 'https://ocs.ca/?fts=0&preview_theme_id=72920106828' successfully

2019-06-17 16:26:40 - [TEST_STEP][PASSED] - executeJavaScript("var previewBar = document.getElementById("preview-bar-iframe"); previewBar.style.display = "none";", []): Execute JavaScript 'var previewBar = document.getElementById("preview-bar-iframe"); previewBar.style.display = "none";' successfully

2019-06-17 16:26:40 - [MESSAGE][PASSED] - Execute JavaScript 'var previewBar = document.getElementById("preview-bar-iframe"); previewBar.style.display = "none";' successfully

2019-06-17 16:26:40 - [TEST_STEP][PASSED] - setViewPortSize(360, 800): Viewport is set to new size with width = 360 and height = 800

2019-06-17 16:26:40 - [MESSAGE][PASSED] - Viewport is set to new size with width = 360 and height = 800

2019-06-17 16:26:40 - [TEST_STEP][PASSED] - delay(4): Delayed 4 second(s)

2019-06-17 16:26:44 - [MESSAGE][PASSED] - Delayed 4 second(s)

2019-06-17 16:26:44 - [TEST_STEP][PASSED] - selectOptionByValue(findTestObject("OCS-MOBILE /Age gate and burger menu/Date"), "12", true): All options with value '12' are selected in object 'Object Repository/OCS-MOBILE /Age gate and burger menu/Date'  using regular expression

2019-06-17 16:26:44 - [MESSAGE][PASSED] - All options with value '12' are selected in object 'Object Repository/OCS-MOBILE /Age gate and burger menu/Date'  using regular expression

2019-06-17 16:26:44 - [TEST_STEP][PASSED] - selectOptionByValue(findTestObject("OCS-MOBILE /Age gate and burger menu/month"), "6", true): All options with value '6' are selected in object 'Object Repository/OCS-MOBILE /Age gate and burger menu/month'  using regular expression

2019-06-17 16:26:44 - [MESSAGE][PASSED] - All options with value '6' are selected in object 'Object Repository/OCS-MOBILE /Age gate and burger menu/month'  using regular expression

2019-06-17 16:26:44 - [TEST_STEP][PASSED] - delay(2): Delayed 2 second(s)

2019-06-17 16:26:46 - [MESSAGE][PASSED] - Delayed 2 second(s)

2019-06-17 16:26:46 - [TEST_STEP][PASSED] - selectOptionByValue(findTestObject("OCS-MOBILE /Age gate and burger menu/Year Dropdown"), "1990", true): All options with value '1990' are selected in object 'Object Repository/OCS-MOBILE /Age gate and burger menu/Year Dropdown'  using regular expression

2019-06-17 16:26:47 - [MESSAGE][PASSED] - All options with value '1990' are selected in object 'Object Repository/OCS-MOBILE /Age gate and burger menu/Year Dropdown'  using regular expression

2019-06-17 16:26:47 - [TEST_STEP][PASSED] - click(findTestObject("OCS-MOBILE /Age gate and Mega menu/button_Verify")): Object: 'Object Repository/OCS-MOBILE /Age gate and Mega menu/button_Verify' is clicked on

2019-06-17 16:26:47 - [MESSAGE][PASSED] - Object: 'Object Repository/OCS-MOBILE /Age gate and Mega menu/button_Verify' is clicked on

2019-06-17 16:26:47 - [TEST_STEP][PASSED] - click(findTestObject("OCS-MOBILE /Age gate and Mega menu/Checkbox_CONFIRM AND ACKNOWLEDGE")): Object: 'Object Repository/OCS-MOBILE /Age gate and Mega menu/Checkbox_CONFIRM AND ACKNOWLEDGE' is clicked on

2019-06-17 16:26:47 - [MESSAGE][PASSED] - Object: 'Object Repository/OCS-MOBILE /Age gate and Mega menu/Checkbox_CONFIRM AND ACKNOWLEDGE' is clicked on

2019-06-17 16:26:47 - [TEST_STEP][PASSED] - click(findTestObject("OCS-MOBILE /Age gate and Mega menu/button_CONFIRM")): Object: 'Object Repository/OCS-MOBILE /Age gate and Mega menu/button_CONFIRM' is clicked on

2019-06-17 16:26:47 - [MESSAGE][PASSED] - Object: 'Object Repository/OCS-MOBILE /Age gate and Mega menu/button_CONFIRM' is clicked on

2019-06-17 16:26:47 - [TEST_STEP][PASSED] - click(findTestObject("OCS-MOBILE /Age gate and Mega menu/button_Start Browsing")): Object: 'Object Repository/OCS-MOBILE /Age gate and Mega menu/button_Start Browsing' is clicked on

2019-06-17 16:26:48 - [MESSAGE][PASSED] - Object: 'Object Repository/OCS-MOBILE /Age gate and Mega menu/button_Start Browsing' is clicked on

2019-06-17 16:26:48 - [TEST_STEP][PASSED] - refresh(): Refresh successfully

2019-06-17 16:26:48 - [MESSAGE][PASSED] - Refresh successfully

2019-06-17 16:26:48 - [MESSAGE][PASSED] - Call Test Case 'Test Cases/OCS - MOBILE/CALL - AGE GATE' successfully

2019-06-17 16:26:48 - [TEST_STEP][PASSED] - click(findTestObject("OCS-MOBILE /Age gate and burger menu/Burger menu - English")): Object: 'Object Repository/OCS-MOBILE /Age gate and burger menu/Burger menu - English' is clicked on

2019-06-17 16:26:51 - [MESSAGE][PASSED] - Object: 'Object Repository/OCS-MOBILE /Age gate and burger menu/Burger menu - English' is clicked on

2019-06-17 16:26:51 - [TEST_STEP][PASSED] - delay(2): Delayed 2 second(s)

2019-06-17 16:26:53 - [MESSAGE][PASSED] - Delayed 2 second(s)

2019-06-17 16:26:53 - [TEST_STEP][PASSED] - click(findTestObject("OCS-MOBILE /Age gate and Mega menu/Chevron_Cannabis")): Object: 'Object Repository/OCS-MOBILE /Age gate and Mega menu/Chevron_Cannabis' is clicked on

2019-06-17 16:26:53 - [MESSAGE][PASSED] - Object: 'Object Repository/OCS-MOBILE /Age gate and Mega menu/Chevron_Cannabis' is clicked on

2019-06-17 16:26:53 - [TEST_STEP][PASSED] - delay(1): Delayed 1 second(s)

2019-06-17 16:26:54 - [MESSAGE][PASSED] - Delayed 1 second(s)

2019-06-17 16:26:54 - [TEST_STEP][FAILED] - click(findTestObject("OCS-MOBILE /Cannabis page/Dried flower")): click(findTestObject("OCS-MOBILE /Cannabis page/Dried flower")) FAILED.
Reason:
com.kms.katalon.core.exception.StepFailedException: Unable to click on object 'Object Repository/OCS-MOBILE /Cannabis page/Dried flower' (Root cause: org.openqa.selenium.WebDriverException: unknown error: Element <span>...</span> is not clickable at point (55, 120). Other element would receive the click: <ul class="menu__learn-more--mobile only-mobile-tablet">...</ul>
  (Session info: chrome=75.0.3770.90)
  (Driver info: chromedriver=2.43.600229 (3fae4d0cda5334b4f533bede5a4787f7b832d052),platform=Mac OS X 10.13.6 x86_64) (WARNING: The server did not provide any stacktrace information)
Command duration or timeout: 0 milliseconds
Build info: version: '3.7.1', revision: '8a0099a', time: '2017-11-06T21:07:36.161Z'
System info: host: 'sumans-MacBook-Pro.local', ip: 'fe80:0:0:0:10f0:11f1:8277:c429%en0', os.name: 'Mac OS X', os.arch: 'x86_64', os.version: '10.13.6', java.version: '1.8.0_181'
Driver info: com.kms.katalon.selenium.driver.CChromeDriver
Capabilities {acceptInsecureCerts: false, acceptSslCerts: false, applicationCacheEnabled: false, browserConnectionEnabled: false, browserName: chrome, chrome: {chromedriverVersion: 2.43.600229 (3fae4d0cda5334..., userDataDir: /var/folders/1t/c55l8xzs6gq...}, cssSelectorsEnabled: true, databaseEnabled: false, goog:chromeOptions: {debuggerAddress: localhost:63860}, handlesAlerts: true, hasTouchScreen: false, javascriptEnabled: true, locationContextEnabled: true, mobileEmulationEnabled: false, nativeEvents: true, networkConnectionEnabled: false, pageLoadStrategy: normal, platform: MAC, platformName: MAC, rotatable: false, setWindowRect: true, takesHeapSnapshot: true, takesScreenshot: true, unexpectedAlertBehaviour: , unhandledPromptBehavior: , version: 75.0.3770.90, webStorageEnabled: true}
Session ID: b5c7bf714730c57c530affd275b9fa54)
	at com.kms.katalon.core.keyword.internal.KeywordMain.stepFailed(KeywordMain.groovy:36)
	at com.kms.katalon.core.webui.keyword.internal.WebUIKeywordMain.stepFailed(WebUIKeywordMain.groovy:65)
	at com.kms.katalon.core.webui.keyword.internal.WebUIKeywordMain.runKeyword(WebUIKeywordMain.groovy:27)
	at com.kms.katalon.core.webui.keyword.builtin.ClickKeyword.click(ClickKeyword.groovy:86)
	at com.kms.katalon.core.webui.keyword.builtin.ClickKeyword.execute(ClickKeyword.groovy:67)
	at com.kms.katalon.core.keyword.internal.KeywordExecutor.executeKeywordForPlatform(KeywordExecutor.groovy:53)
	at com.kms.katalon.core.webui.keyword.WebUiBuiltInKeywords.click(WebUiBuiltInKeywords.groovy:616)
	at com.kms.katalon.core.webui.keyword.WebUiBuiltInKeywords$click$4.call(Unknown Source)
	at Filter.run(Filter:26)
	at com.kms.katalon.core.main.ScriptEngine.run(ScriptEngine.java:194)
	at com.kms.katalon.core.main.ScriptEngine.runScriptAsRawText(ScriptEngine.java:119)
	at com.kms.katalon.core.main.TestCaseExecutor.runScript(TestCaseExecutor.java:328)
	at com.kms.katalon.core.main.TestCaseExecutor.doExecute(TestCaseExecutor.java:319)
	at com.kms.katalon.core.main.TestCaseExecutor.processExecutionPhase(TestCaseExecutor.java:298)
	at com.kms.katalon.core.main.TestCaseExecutor.accessMainPhase(TestCaseExecutor.java:290)
	at com.kms.katalon.core.main.TestCaseExecutor.execute(TestCaseExecutor.java:224)
	at com.kms.katalon.core.main.TestSuiteExecutor.accessTestCaseMainPhase(TestSuiteExecutor.java:129)
	at com.kms.katalon.core.main.TestSuiteExecutor.accessTestSuiteMainPhase(TestSuiteExecutor.java:112)
	at com.kms.katalon.core.main.TestSuiteExecutor.execute(TestSuiteExecutor.java:81)
	at com.kms.katalon.core.main.TestCaseMain.startTestSuite(TestCaseMain.java:149)
	at com.kms.katalon.core.main.TestCaseMain$startTestSuite$0.call(Unknown Source)
	at TempTestSuite1560802135767.run(TempTestSuite1560802135767.groovy:36)


2019-06-17 16:26:54 - [MESSAGE][FAILED] - Unable to click on object 'Object Repository/OCS-MOBILE /Cannabis page/Dried flower' (Root cause: org.openqa.selenium.WebDriverException: unknown error: Element <span>...</span> is not clickable at point (55, 120). Other element would receive the click: <ul class="menu__learn-more--mobile only-mobile-tablet">...</ul>
  (Session info: chrome=75.0.3770.90)
  (Driver info: chromedriver=2.43.600229 (3fae4d0cda5334b4f533bede5a4787f7b832d052),platform=Mac OS X 10.13.6 x86_64) (WARNING: The server did not provide any stacktrace information)
Command duration or timeout: 0 milliseconds
Build info: version: '3.7.1', revision: '8a0099a', time: '2017-11-06T21:07:36.161Z'
System info: host: 'sumans-MacBook-Pro.local', ip: 'fe80:0:0:0:10f0:11f1:8277:c429%en0', os.name: 'Mac OS X', os.arch: 'x86_64', os.version: '10.13.6', java.version: '1.8.0_181'
Driver info: com.kms.katalon.selenium.driver.CChromeDriver
Capabilities {acceptInsecureCerts: false, acceptSslCerts: false, applicationCacheEnabled: false, browserConnectionEnabled: false, browserName: chrome, chrome: {chromedriverVersion: 2.43.600229 (3fae4d0cda5334..., userDataDir: /var/folders/1t/c55l8xzs6gq...}, cssSelectorsEnabled: true, databaseEnabled: false, goog:chromeOptions: {debuggerAddress: localhost:63860}, handlesAlerts: true, hasTouchScreen: false, javascriptEnabled: true, locationContextEnabled: true, mobileEmulationEnabled: false, nativeEvents: true, networkConnectionEnabled: false, pageLoadStrategy: normal, platform: MAC, platformName: MAC, rotatable: false, setWindowRect: true, takesHeapSnapshot: true, takesScreenshot: true, unexpectedAlertBehaviour: , unhandledPromptBehavior: , version: 75.0.3770.90, webStorageEnabled: true}
Session ID: b5c7bf714730c57c530affd275b9fa54)
[[ATTACHMENT|/Users/sumankompelly/Relative xpath-Mobile/Reports/OCS- 1.10.1/20190617_160855/1560803214510.png]]

2019-06-17 16:26:54 - [MESSAGE][FAILED] - click(findTestObject("OCS-MOBILE /Cannabis page/Dried flower")) FAILED.
Reason:
com.kms.katalon.core.exception.StepFailedException: Unable to click on object 'Object Repository/OCS-MOBILE /Cannabis page/Dried flower' (Root cause: org.openqa.selenium.WebDriverException: unknown error: Element <span>...</span> is not clickable at point (55, 120). Other element would receive the click: <ul class="menu__learn-more--mobile only-mobile-tablet">...</ul>
  (Session info: chrome=75.0.3770.90)
  (Driver info: chromedriver=2.43.600229 (3fae4d0cda5334b4f533bede5a4787f7b832d052),platform=Mac OS X 10.13.6 x86_64) (WARNING: The server did not provide any stacktrace information)
Command duration or timeout: 0 milliseconds
Build info: version: '3.7.1', revision: '8a0099a', time: '2017-11-06T21:07:36.161Z'
System info: host: 'sumans-MacBook-Pro.local', ip: 'fe80:0:0:0:10f0:11f1:8277:c429%en0', os.name: 'Mac OS X', os.arch: 'x86_64', os.version: '10.13.6', java.version: '1.8.0_181'
Driver info: com.kms.katalon.selenium.driver.CChromeDriver
Capabilities {acceptInsecureCerts: false, acceptSslCerts: false, applicationCacheEnabled: false, browserConnectionEnabled: false, browserName: chrome, chrome: {chromedriverVersion: 2.43.600229 (3fae4d0cda5334..., userDataDir: /var/folders/1t/c55l8xzs6gq...}, cssSelectorsEnabled: true, databaseEnabled: false, goog:chromeOptions: {debuggerAddress: localhost:63860}, handlesAlerts: true, hasTouchScreen: false, javascriptEnabled: true, locationContextEnabled: true, mobileEmulationEnabled: false, nativeEvents: true, networkConnectionEnabled: false, pageLoadStrategy: normal, platform: MAC, platformName: MAC, rotatable: false, setWindowRect: true, takesHeapSnapshot: true, takesScreenshot: true, unexpectedAlertBehaviour: , unhandledPromptBehavior: , version: 75.0.3770.90, webStorageEnabled: true}
Session ID: b5c7bf714730c57c530affd275b9fa54)
	at com.kms.katalon.core.keyword.internal.KeywordMain.stepFailed(KeywordMain.groovy:36)
	at com.kms.katalon.core.webui.keyword.internal.WebUIKeywordMain.stepFailed(WebUIKeywordMain.groovy:65)
	at com.kms.katalon.core.webui.keyword.internal.WebUIKeywordMain.runKeyword(WebUIKeywordMain.groovy:27)
	at com.kms.katalon.core.webui.keyword.builtin.ClickKeyword.click(ClickKeyword.groovy:86)
	at com.kms.katalon.core.webui.keyword.builtin.ClickKeyword.execute(ClickKeyword.groovy:67)
	at com.kms.katalon.core.keyword.internal.KeywordExecutor.executeKeywordForPlatform(KeywordExecutor.groovy:53)
	at com.kms.katalon.core.webui.keyword.WebUiBuiltInKeywords.click(WebUiBuiltInKeywords.groovy:616)
	at com.kms.katalon.core.webui.keyword.WebUiBuiltInKeywords$click$4.call(Unknown Source)
	at Filter.run(Filter:26)
	at com.kms.katalon.core.main.ScriptEngine.run(ScriptEngine.java:194)
	at com.kms.katalon.core.main.ScriptEngine.runScriptAsRawText(ScriptEngine.java:119)
	at com.kms.katalon.core.main.TestCaseExecutor.runScript(TestCaseExecutor.java:328)
	at com.kms.katalon.core.main.TestCaseExecutor.doExecute(TestCaseExecutor.java:319)
	at com.kms.katalon.core.main.TestCaseExecutor.processExecutionPhase(TestCaseExecutor.java:298)
	at com.kms.katalon.core.main.TestCaseExecutor.accessMainPhase(TestCaseExecutor.java:290)
	at com.kms.katalon.core.main.TestCaseExecutor.execute(TestCaseExecutor.java:224)
	at com.kms.katalon.core.main.TestSuiteExecutor.accessTestCaseMainPhase(TestSuiteExecutor.java:129)
	at com.kms.katalon.core.main.TestSuiteExecutor.accessTestSuiteMainPhase(TestSuiteExecutor.java:112)
	at com.kms.katalon.core.main.TestSuiteExecutor.execute(TestSuiteExecutor.java:81)
	at com.kms.katalon.core.main.TestCaseMain.startTestSuite(TestCaseMain.java:149)
	at com.kms.katalon.core.main.TestCaseMain$startTestSuite$0.call(Unknown Source)
	at TempTestSuite1560802135767.run(TempTestSuite1560802135767.groovy:36)]]></system-out>
         <system-err><![CDATA[2019-06-17 16:26:33 - [TEST_CASE][FAILED] - Test Cases/OCS - MOBILE/OCS-COLLECTION PAGE/Filter: Test Cases/OCS - MOBILE/OCS-COLLECTION PAGE/Filter FAILED.
Reason:
com.kms.katalon.core.exception.StepFailedException: Unable to click on object 'Object Repository/OCS-MOBILE /Cannabis page/Dried flower' (Root cause: org.openqa.selenium.WebDriverException: unknown error: Element <span>...</span> is not clickable at point (55, 120). Other element would receive the click: <ul class="menu__learn-more--mobile only-mobile-tablet">...</ul>
  (Session info: chrome=75.0.3770.90)
  (Driver info: chromedriver=2.43.600229 (3fae4d0cda5334b4f533bede5a4787f7b832d052),platform=Mac OS X 10.13.6 x86_64) (WARNING: The server did not provide any stacktrace information)
Command duration or timeout: 0 milliseconds
Build info: version: '3.7.1', revision: '8a0099a', time: '2017-11-06T21:07:36.161Z'
System info: host: 'sumans-MacBook-Pro.local', ip: 'fe80:0:0:0:10f0:11f1:8277:c429%en0', os.name: 'Mac OS X', os.arch: 'x86_64', os.version: '10.13.6', java.version: '1.8.0_181'
Driver info: com.kms.katalon.selenium.driver.CChromeDriver
Capabilities {acceptInsecureCerts: false, acceptSslCerts: false, applicationCacheEnabled: false, browserConnectionEnabled: false, browserName: chrome, chrome: {chromedriverVersion: 2.43.600229 (3fae4d0cda5334..., userDataDir: /var/folders/1t/c55l8xzs6gq...}, cssSelectorsEnabled: true, databaseEnabled: false, goog:chromeOptions: {debuggerAddress: localhost:63860}, handlesAlerts: true, hasTouchScreen: false, javascriptEnabled: true, locationContextEnabled: true, mobileEmulationEnabled: false, nativeEvents: true, networkConnectionEnabled: false, pageLoadStrategy: normal, platform: MAC, platformName: MAC, rotatable: false, setWindowRect: true, takesHeapSnapshot: true, takesScreenshot: true, unexpectedAlertBehaviour: , unhandledPromptBehavior: , version: 75.0.3770.90, webStorageEnabled: true}
Session ID: b5c7bf714730c57c530affd275b9fa54)
	at com.kms.katalon.core.keyword.internal.KeywordMain.stepFailed(KeywordMain.groovy:36)
	at com.kms.katalon.core.webui.keyword.internal.WebUIKeywordMain.stepFailed(WebUIKeywordMain.groovy:65)
	at com.kms.katalon.core.webui.keyword.internal.WebUIKeywordMain.runKeyword(WebUIKeywordMain.groovy:27)
	at com.kms.katalon.core.webui.keyword.builtin.ClickKeyword.click(ClickKeyword.groovy:86)
	at com.kms.katalon.core.webui.keyword.builtin.ClickKeyword.execute(ClickKeyword.groovy:67)
	at com.kms.katalon.core.keyword.internal.KeywordExecutor.executeKeywordForPlatform(KeywordExecutor.groovy:53)
	at com.kms.katalon.core.webui.keyword.WebUiBuiltInKeywords.click(WebUiBuiltInKeywords.groovy:616)
	at com.kms.katalon.core.webui.keyword.WebUiBuiltInKeywords$click$4.call(Unknown Source)
	at Filter.run(Filter:26)
	at com.kms.katalon.core.main.ScriptEngine.run(ScriptEngine.java:194)
	at com.kms.katalon.core.main.ScriptEngine.runScriptAsRawText(ScriptEngine.java:119)
	at com.kms.katalon.core.main.TestCaseExecutor.runScript(TestCaseExecutor.java:328)
	at com.kms.katalon.core.main.TestCaseExecutor.doExecute(TestCaseExecutor.java:319)
	at com.kms.katalon.core.main.TestCaseExecutor.processExecutionPhase(TestCaseExecutor.java:298)
	at com.kms.katalon.core.main.TestCaseExecutor.accessMainPhase(TestCaseExecutor.java:290)
	at com.kms.katalon.core.main.TestCaseExecutor.execute(TestCaseExecutor.java:224)
	at com.kms.katalon.core.main.TestSuiteExecutor.accessTestCaseMainPhase(TestSuiteExecutor.java:129)
	at com.kms.katalon.core.main.TestSuiteExecutor.accessTestSuiteMainPhase(TestSuiteExecutor.java:112)
	at com.kms.katalon.core.main.TestSuiteExecutor.execute(TestSuiteExecutor.java:81)
	at com.kms.katalon.core.main.TestCaseMain.startTestSuite(TestCaseMain.java:149)
	at com.kms.katalon.core.main.TestCaseMain$startTestSuite$0.call(Unknown Source)
	at TempTestSuite1560802135767.run(TempTestSuite1560802135767.groovy:36)]]></system-err>
      </testcase>
      <system-out><![CDATA[2019-06-17 16:08:57 - [TEST_SUITE][FAILED] - OCS- 1.10.1: Test Cases/OCS - MOBILE/OCS- CRITICAL PATH/Cart flyout- increase qty FAILED.
Reason:
com.kms.katalon.core.exception.StepFailedException: Unable to click on object 'Object Repository/OCS-MOBILE /Age gate and burger menu/Dried Flower_Plus icon' (Root cause: org.openqa.selenium.WebDriverException: unknown error: Element <i class="icon icon--plus menu__tier-three__link--icon"></i> is not clickable at point (462, 120). Other element would receive the click: <ul class="menu__learn-more--mobile only-mobile-tablet">...</ul>
  (Session info: chrome=75.0.3770.90)
  (Driver info: chromedriver=2.43.600229 (3fae4d0cda5334b4f533bede5a4787f7b832d052),platform=Mac OS X 10.13.6 x86_64) (WARNING: The server did not provide any stacktrace information)
Command duration or timeout: 0 milliseconds
Build info: version: '3.7.1', revision: '8a0099a', time: '2017-11-06T21:07:36.161Z'
System info: host: 'sumans-MacBook-Pro.local', ip: 'fe80:0:0:0:10f0:11f1:8277:c429%en0', os.name: 'Mac OS X', os.arch: 'x86_64', os.version: '10.13.6', java.version: '1.8.0_181'
Driver info: com.kms.katalon.selenium.driver.CChromeDriver
Capabilities {acceptInsecureCerts: false, acceptSslCerts: false, applicationCacheEnabled: false, browserConnectionEnabled: false, browserName: chrome, chrome: {chromedriverVersion: 2.43.600229 (3fae4d0cda5334..., userDataDir: /var/folders/1t/c55l8xzs6gq...}, cssSelectorsEnabled: true, databaseEnabled: false, goog:chromeOptions: {debuggerAddress: localhost:57987}, handlesAlerts: true, hasTouchScreen: false, javascriptEnabled: true, locationContextEnabled: true, mobileEmulationEnabled: false, nativeEvents: true, networkConnectionEnabled: false, pageLoadStrategy: normal, platform: MAC, platformName: MAC, rotatable: false, setWindowRect: true, takesHeapSnapshot: true, takesScreenshot: true, unexpectedAlertBehaviour: , unhandledPromptBehavior: , version: 75.0.3770.90, webStorageEnabled: true}
Session ID: 3bc0de64dcc063eace333df7b1905cd1)
	at com.kms.katalon.core.keyword.internal.KeywordMain.stepFailed(KeywordMain.groovy:36)
	at com.kms.katalon.core.webui.keyword.internal.WebUIKeywordMain.stepFailed(WebUIKeywordMain.groovy:65)
	at com.kms.katalon.core.webui.keyword.internal.WebUIKeywordMain.runKeyword(WebUIKeywordMain.groovy:27)
	at com.kms.katalon.core.webui.keyword.builtin.ClickKeyword.click(ClickKeyword.groovy:86)
	at com.kms.katalon.core.webui.keyword.builtin.ClickKeyword.execute(ClickKeyword.groovy:67)
	at com.kms.katalon.core.keyword.internal.KeywordExecutor.executeKeywordForPlatform(KeywordExecutor.groovy:53)
	at com.kms.katalon.core.webui.keyword.WebUiBuiltInKeywords.click(WebUiBuiltInKeywords.groovy:616)
	at com.kms.katalon.core.webui.keyword.WebUiBuiltInKeywords$click$4.call(Unknown Source)
	at Cart flyout- increase qty.run(Cart flyout- increase qty:28)
	at com.kms.katalon.core.main.ScriptEngine.run(ScriptEngine.java:194)
	at com.kms.katalon.core.main.ScriptEngine.runScriptAsRawText(ScriptEngine.java:119)
	at com.kms.katalon.core.main.TestCaseExecutor.runScript(TestCaseExecutor.java:328)
	at com.kms.katalon.core.main.TestCaseExecutor.doExecute(TestCaseExecutor.java:319)
	at com.kms.katalon.core.main.TestCaseExecutor.processExecutionPhase(TestCaseExecutor.java:298)
	at com.kms.katalon.core.main.TestCaseExecutor.accessMainPhase(TestCaseExecutor.java:290)
	at com.kms.katalon.core.main.TestCaseExecutor.execute(TestCaseExecutor.java:224)
	at com.kms.katalon.core.main.TestSuiteExecutor.accessTestCaseMainPhase(TestSuiteExecutor.java:129)
	at com.kms.katalon.core.main.TestSuiteExecutor.accessTestSuiteMainPhase(TestSuiteExecutor.java:112)
	at com.kms.katalon.core.main.TestSuiteExecutor.execute(TestSuiteExecutor.java:81)
	at com.kms.katalon.core.main.TestCaseMain.startTestSuite(TestCaseMain.java:149)
	at com.kms.katalon.core.main.TestCaseMain$startTestSuite$0.call(Unknown Source)
	at TempTestSuite1560802135767.run(TempTestSuite1560802135767.groovy:36)]]></system-out>
      <system-err><![CDATA[2019-06-17 16:08:57 - [TEST_SUITE][FAILED] - OCS- 1.10.1: Test Cases/OCS - MOBILE/OCS- CRITICAL PATH/Cart flyout- increase qty FAILED.
Reason:
com.kms.katalon.core.exception.StepFailedException: Unable to click on object 'Object Repository/OCS-MOBILE /Age gate and burger menu/Dried Flower_Plus icon' (Root cause: org.openqa.selenium.WebDriverException: unknown error: Element <i class="icon icon--plus menu__tier-three__link--icon"></i> is not clickable at point (462, 120). Other element would receive the click: <ul class="menu__learn-more--mobile only-mobile-tablet">...</ul>
  (Session info: chrome=75.0.3770.90)
  (Driver info: chromedriver=2.43.600229 (3fae4d0cda5334b4f533bede5a4787f7b832d052),platform=Mac OS X 10.13.6 x86_64) (WARNING: The server did not provide any stacktrace information)
Command duration or timeout: 0 milliseconds
Build info: version: '3.7.1', revision: '8a0099a', time: '2017-11-06T21:07:36.161Z'
System info: host: 'sumans-MacBook-Pro.local', ip: 'fe80:0:0:0:10f0:11f1:8277:c429%en0', os.name: 'Mac OS X', os.arch: 'x86_64', os.version: '10.13.6', java.version: '1.8.0_181'
Driver info: com.kms.katalon.selenium.driver.CChromeDriver
Capabilities {acceptInsecureCerts: false, acceptSslCerts: false, applicationCacheEnabled: false, browserConnectionEnabled: false, browserName: chrome, chrome: {chromedriverVersion: 2.43.600229 (3fae4d0cda5334..., userDataDir: /var/folders/1t/c55l8xzs6gq...}, cssSelectorsEnabled: true, databaseEnabled: false, goog:chromeOptions: {debuggerAddress: localhost:57987}, handlesAlerts: true, hasTouchScreen: false, javascriptEnabled: true, locationContextEnabled: true, mobileEmulationEnabled: false, nativeEvents: true, networkConnectionEnabled: false, pageLoadStrategy: normal, platform: MAC, platformName: MAC, rotatable: false, setWindowRect: true, takesHeapSnapshot: true, takesScreenshot: true, unexpectedAlertBehaviour: , unhandledPromptBehavior: , version: 75.0.3770.90, webStorageEnabled: true}
Session ID: 3bc0de64dcc063eace333df7b1905cd1)
	at com.kms.katalon.core.keyword.internal.KeywordMain.stepFailed(KeywordMain.groovy:36)
	at com.kms.katalon.core.webui.keyword.internal.WebUIKeywordMain.stepFailed(WebUIKeywordMain.groovy:65)
	at com.kms.katalon.core.webui.keyword.internal.WebUIKeywordMain.runKeyword(WebUIKeywordMain.groovy:27)
	at com.kms.katalon.core.webui.keyword.builtin.ClickKeyword.click(ClickKeyword.groovy:86)
	at com.kms.katalon.core.webui.keyword.builtin.ClickKeyword.execute(ClickKeyword.groovy:67)
	at com.kms.katalon.core.keyword.internal.KeywordExecutor.executeKeywordForPlatform(KeywordExecutor.groovy:53)
	at com.kms.katalon.core.webui.keyword.WebUiBuiltInKeywords.click(WebUiBuiltInKeywords.groovy:616)
	at com.kms.katalon.core.webui.keyword.WebUiBuiltInKeywords$click$4.call(Unknown Source)
	at Cart flyout- increase qty.run(Cart flyout- increase qty:28)
	at com.kms.katalon.core.main.ScriptEngine.run(ScriptEngine.java:194)
	at com.kms.katalon.core.main.ScriptEngine.runScriptAsRawText(ScriptEngine.java:119)
	at com.kms.katalon.core.main.TestCaseExecutor.runScript(TestCaseExecutor.java:328)
	at com.kms.katalon.core.main.TestCaseExecutor.doExecute(TestCaseExecutor.java:319)
	at com.kms.katalon.core.main.TestCaseExecutor.processExecutionPhase(TestCaseExecutor.java:298)
	at com.kms.katalon.core.main.TestCaseExecutor.accessMainPhase(TestCaseExecutor.java:290)
	at com.kms.katalon.core.main.TestCaseExecutor.execute(TestCaseExecutor.java:224)
	at com.kms.katalon.core.main.TestSuiteExecutor.accessTestCaseMainPhase(TestSuiteExecutor.java:129)
	at com.kms.katalon.core.main.TestSuiteExecutor.accessTestSuiteMainPhase(TestSuiteExecutor.java:112)
	at com.kms.katalon.core.main.TestSuiteExecutor.execute(TestSuiteExecutor.java:81)
	at com.kms.katalon.core.main.TestCaseMain.startTestSuite(TestCaseMain.java:149)
	at com.kms.katalon.core.main.TestCaseMain$startTestSuite$0.call(Unknown Source)
	at TempTestSuite1560802135767.run(TempTestSuite1560802135767.groovy:36)]]></system-err>
   </testsuite>
</testsuites>
