<?xml version="1.0" encoding="UTF-8"?>
<testsuites name="CRITICAL PATH - 09-05-2019" time="516" tests="8" failures="4" errors="0">
   <testsuite name="CRITICAL PATH - 09-05-2019" tests="8" failures="4" errors="0" time="516" timestamp="2019-05-09 12:28:23" hostname="sumankompelly - 10.0.126.233" id="Test Suites/OCS-09-05-2019 - Theme2/CRITICAL PATH - 09-05-2019">
      <properties>
         <property name="deviceName" value=""/>
         <property name="devicePlatform" value=""/>
         <property name="logFolder" value="/Users/sumankompelly/git/Sample-OCS/Reports/OCS-09-05-2019 - Theme2/CRITICAL PATH - 09-05-2019/20190509_122822"/>
         <property name="logFiles" value="/Users/sumankompelly/git/Sample-OCS/Reports/OCS-09-05-2019 - Theme2/CRITICAL PATH - 09-05-2019/20190509_122822/execution0.log"/>
         <property name="attachments" value="/Users/sumankompelly/git/Sample-OCS/Reports/OCS-09-05-2019 - Theme2/CRITICAL PATH - 09-05-2019/20190509_122822/1557419526176.png, /Users/sumankompelly/git/Sample-OCS/Reports/OCS-09-05-2019 - Theme2/CRITICAL PATH - 09-05-2019/20190509_122822/1557419542235.png, /Users/sumankompelly/git/Sample-OCS/Reports/OCS-09-05-2019 - Theme2/CRITICAL PATH - 09-05-2019/20190509_122822/1557419692362.png, /Users/sumankompelly/git/Sample-OCS/Reports/OCS-09-05-2019 - Theme2/CRITICAL PATH - 09-05-2019/20190509_122822/1557419819979.png"/>
         <property name="hostName" value="sumankompelly - 10.0.126.233"/>
         <property name="os" value="Mac OS X 64bit"/>
         <property name="katalonVersion" value="5.10.1.1"/>
         <property name="browser" value="Firefox 66.0"/>
         <property name="hostAddress" value="10.0.126.233"/>
         <property name="sessionId" value="4df22dd9-20f6-de49-b033-8e90191d9af4"/>
         <property name="seleniumVersion" value="3.7.1"/>
         <property name="proxyInformation" value="ProxyInformation{proxyOption=NO_PROXY, proxyServerType=HTTP, password=, proxyServerAddress=, proxyServerPort=0}"/>
         <property name="platform" value="Mac OS X"/>
      </properties>
      <testcase name="Test Cases/OCS- CRITICAL PATH/Cart" classname="Test Cases/OCS- CRITICAL PATH/Cart" status="PASSED">
         <system-out><![CDATA[2019-05-09 12:28:24 - [TEST_CASE][PASSED] - Test Cases/OCS- CRITICAL PATH/Cart: Test Cases/OCS- CRITICAL PATH/Cart

2019-05-09 12:28:24 - [TEST_STEP][PASSED] - openBrowser(""): Browser is opened with url: ''

2019-05-09 12:28:25 - [MESSAGE][INFO] - Starting 'Firefox' driver

2019-05-09 12:28:25 - [MESSAGE][INFO] - Action delay is set to 0 seconds

2019-05-09 12:28:28 - [MESSAGE][PASSED] - Browser is opened with url: ''

2019-05-09 12:28:28 - [TEST_STEP][PASSED] - navigateToUrl("https://ocs.ca/?fts=0&preview_theme_id=53373863756"): Navigate to 'https://ocs.ca/?fts=0&preview_theme_id=53373863756' successfully

2019-05-09 12:28:47 - [MESSAGE][PASSED] - Navigate to 'https://ocs.ca/?fts=0&preview_theme_id=53373863756' successfully

2019-05-09 12:28:47 - [TEST_STEP][PASSED] - click(findTestObject("Object Repository/Theme_oR/Page_Ontario Cannabis Store  Ontari/button_Close preview")): Object: 'Object Repository/Theme_oR/Page_Ontario Cannabis Store  Ontari/button_Close preview' is clicked on

2019-05-09 12:28:48 - [MESSAGE][PASSED] - Object: 'Object Repository/Theme_oR/Page_Ontario Cannabis Store  Ontari/button_Close preview' is clicked on

2019-05-09 12:28:48 - [TEST_STEP][PASSED] - maximizeWindow(): Current window maximized

2019-05-09 12:28:49 - [MESSAGE][PASSED] - Current window maximized

2019-05-09 12:28:49 - [TEST_STEP][PASSED] - selectOptionByValue(findTestObject("OCS_CRITICAL PATH/cart flyout- price/Page_Ontario Cannabis Store  Ontari/select_Select01020304050607080"), "17", true): All options with value '17' are selected in object 'Object Repository/OCS_CRITICAL PATH/cart flyout- price/Page_Ontario Cannabis Store  Ontari/select_Select01020304050607080'  using regular expression

2019-05-09 12:28:50 - [MESSAGE][PASSED] - All options with value '17' are selected in object 'Object Repository/OCS_CRITICAL PATH/cart flyout- price/Page_Ontario Cannabis Store  Ontari/select_Select01020304050607080'  using regular expression

2019-05-09 12:28:50 - [TEST_STEP][PASSED] - selectOptionByValue(findTestObject("OCS_CRITICAL PATH/cart flyout- price/Page_Ontario Cannabis Store  Ontari/select_SelectJanuary - 01Febru"), "8", true): All options with value '8' are selected in object 'Object Repository/OCS_CRITICAL PATH/cart flyout- price/Page_Ontario Cannabis Store  Ontari/select_SelectJanuary - 01Febru'  using regular expression

2019-05-09 12:28:50 - [MESSAGE][PASSED] - All options with value '8' are selected in object 'Object Repository/OCS_CRITICAL PATH/cart flyout- price/Page_Ontario Cannabis Store  Ontari/select_SelectJanuary - 01Febru'  using regular expression

2019-05-09 12:28:50 - [TEST_STEP][PASSED] - selectOptionByValue(findTestObject("OCS_CRITICAL PATH/cart flyout- price/Page_Ontario Cannabis Store  Ontari/select_Select20182017201620152"), "1950", true): All options with value '1950' are selected in object 'Object Repository/OCS_CRITICAL PATH/cart flyout- price/Page_Ontario Cannabis Store  Ontari/select_Select20182017201620152'  using regular expression

2019-05-09 12:28:52 - [MESSAGE][PASSED] - All options with value '1950' are selected in object 'Object Repository/OCS_CRITICAL PATH/cart flyout- price/Page_Ontario Cannabis Store  Ontari/select_Select20182017201620152'  using regular expression

2019-05-09 12:28:52 - [TEST_STEP][PASSED] - click(findTestObject("OCS_CRITICAL PATH/cart flyout- price/Page_Ontario Cannabis Store  Ontari/button_Verify")): Object: 'Object Repository/OCS_CRITICAL PATH/cart flyout- price/Page_Ontario Cannabis Store  Ontari/button_Verify' is clicked on

2019-05-09 12:28:52 - [MESSAGE][PASSED] - Object: 'Object Repository/OCS_CRITICAL PATH/cart flyout- price/Page_Ontario Cannabis Store  Ontari/button_Verify' is clicked on

2019-05-09 12:28:52 - [TEST_STEP][PASSED] - click(findTestObject("OCS_CRITICAL PATH/cart flyout- price/Page_Ontario Cannabis Store  Ontari/span_CONFIRM AND ACKNOWLEDGE_c")): Object: 'Object Repository/OCS_CRITICAL PATH/cart flyout- price/Page_Ontario Cannabis Store  Ontari/span_CONFIRM AND ACKNOWLEDGE_c' is clicked on

2019-05-09 12:28:53 - [MESSAGE][PASSED] - Object: 'Object Repository/OCS_CRITICAL PATH/cart flyout- price/Page_Ontario Cannabis Store  Ontari/span_CONFIRM AND ACKNOWLEDGE_c' is clicked on

2019-05-09 12:28:53 - [TEST_STEP][PASSED] - click(findTestObject("OCS_CRITICAL PATH/cart flyout- price/Page_Ontario Cannabis Store  Ontari/button_CONFIRM")): Object: 'Object Repository/OCS_CRITICAL PATH/cart flyout- price/Page_Ontario Cannabis Store  Ontari/button_CONFIRM' is clicked on

2019-05-09 12:28:53 - [MESSAGE][PASSED] - Object: 'Object Repository/OCS_CRITICAL PATH/cart flyout- price/Page_Ontario Cannabis Store  Ontari/button_CONFIRM' is clicked on

2019-05-09 12:28:53 - [TEST_STEP][PASSED] - click(findTestObject("OCS_CRITICAL PATH/cart flyout- price/Page_Ontario Cannabis Store  Ontari/button_Start Browsing")): Object: 'Object Repository/OCS_CRITICAL PATH/cart flyout- price/Page_Ontario Cannabis Store  Ontari/button_Start Browsing' is clicked on

2019-05-09 12:28:53 - [MESSAGE][PASSED] - Object: 'Object Repository/OCS_CRITICAL PATH/cart flyout- price/Page_Ontario Cannabis Store  Ontari/button_Start Browsing' is clicked on

2019-05-09 12:28:53 - [TEST_STEP][PASSED] - delay(3): Delayed 3 second(s)

2019-05-09 12:28:56 - [MESSAGE][PASSED] - Delayed 3 second(s)

2019-05-09 12:28:56 - [TEST_STEP][PASSED] - mouseOver(findTestObject("OCS_CRITICAL PATH/cart flyout- price/Page_Ontario Cannabis Store  Ontari/h3_Cannabis")): Object: 'Object Repository/OCS_CRITICAL PATH/cart flyout- price/Page_Ontario Cannabis Store  Ontari/h3_Cannabis' is hovered

2019-05-09 12:28:56 - [MESSAGE][PASSED] - Object: 'Object Repository/OCS_CRITICAL PATH/cart flyout- price/Page_Ontario Cannabis Store  Ontari/h3_Cannabis' is hovered

2019-05-09 12:28:56 - [TEST_STEP][PASSED] - delay(3): Delayed 3 second(s)

2019-05-09 12:28:59 - [MESSAGE][PASSED] - Delayed 3 second(s)

2019-05-09 12:28:59 - [TEST_STEP][PASSED] - click(findTestObject("OCS_CRITICAL PATH/cart flyout- price/Page_Ontario Cannabis Store  Ontari/span_Indica Dominant")): Object: 'Object Repository/OCS_CRITICAL PATH/cart flyout- price/Page_Ontario Cannabis Store  Ontari/span_Indica Dominant' is clicked on

2019-05-09 12:29:00 - [MESSAGE][PASSED] - Object: 'Object Repository/OCS_CRITICAL PATH/cart flyout- price/Page_Ontario Cannabis Store  Ontari/span_Indica Dominant' is clicked on

2019-05-09 12:29:00 - [TEST_STEP][PASSED] - delay(3): Delayed 3 second(s)

2019-05-09 12:29:03 - [MESSAGE][PASSED] - Delayed 3 second(s)

2019-05-09 12:29:03 - [TEST_STEP][PASSED] - click(findTestObject("OCS_CRITICAL PATH/cart flyout- price/Page_Indica Dominant Dried Flower/h3_Shishkaberry")): Object: 'Object Repository/OCS_CRITICAL PATH/cart flyout- price/Page_Indica Dominant Dried Flower/h3_Shishkaberry' is clicked on

2019-05-09 12:29:05 - [MESSAGE][PASSED] - Object: 'Object Repository/OCS_CRITICAL PATH/cart flyout- price/Page_Indica Dominant Dried Flower/h3_Shishkaberry' is clicked on

2019-05-09 12:29:05 - [TEST_STEP][PASSED] - delay(3): Delayed 3 second(s)

2019-05-09 12:29:08 - [MESSAGE][PASSED] - Delayed 3 second(s)

2019-05-09 12:29:08 - [TEST_STEP][PASSED] - click(findTestObject("OCS_CRITICAL PATH/cart flyout- price/Page_Shishkaberry  Ontario Cannabis/label_1g")): Object: 'Object Repository/OCS_CRITICAL PATH/cart flyout- price/Page_Shishkaberry  Ontario Cannabis/label_1g' is clicked on

2019-05-09 12:29:08 - [MESSAGE][PASSED] - Object: 'Object Repository/OCS_CRITICAL PATH/cart flyout- price/Page_Shishkaberry  Ontario Cannabis/label_1g' is clicked on

2019-05-09 12:29:08 - [TEST_STEP][PASSED] - delay(3): Delayed 3 second(s)

2019-05-09 12:29:11 - [MESSAGE][PASSED] - Delayed 3 second(s)

2019-05-09 12:29:11 - [TEST_STEP][PASSED] - click(findTestObject("OCS_CRITICAL PATH/cart flyout- price/Page_Shishkaberry  Ontario Cannabis/button_Add to Bag9.75")): Object: 'Object Repository/OCS_CRITICAL PATH/cart flyout- price/Page_Shishkaberry  Ontario Cannabis/button_Add to Bag9.75' is clicked on

2019-05-09 12:29:12 - [MESSAGE][PASSED] - Object: 'Object Repository/OCS_CRITICAL PATH/cart flyout- price/Page_Shishkaberry  Ontario Cannabis/button_Add to Bag9.75' is clicked on

2019-05-09 12:29:12 - [TEST_STEP][PASSED] - delay(2): Delayed 2 second(s)

2019-05-09 12:29:14 - [MESSAGE][PASSED] - Delayed 2 second(s)

2019-05-09 12:29:14 - [TEST_STEP][PASSED] - click(findTestObject("OCS_CRITICAL PATH/cart flyout- price/Page_Shishkaberry  Ontario Cannabis/i_9.75_icon icon--back js-clos")): Object: 'Object Repository/OCS_CRITICAL PATH/cart flyout- price/Page_Shishkaberry  Ontario Cannabis/i_9.75_icon icon--back js-clos' is clicked on

2019-05-09 12:29:14 - [MESSAGE][PASSED] - Object: 'Object Repository/OCS_CRITICAL PATH/cart flyout- price/Page_Shishkaberry  Ontario Cannabis/i_9.75_icon icon--back js-clos' is clicked on

2019-05-09 12:29:14 - [TEST_STEP][PASSED] - delay(3): Delayed 3 second(s)

2019-05-09 12:29:17 - [MESSAGE][PASSED] - Delayed 3 second(s)

2019-05-09 12:29:17 - [TEST_STEP][PASSED] - click(findTestObject("OCS_CRITICAL PATH/cart flyout- price/Page_Shishkaberry  Ontario Cannabis/label_3.5g")): Object: 'Object Repository/OCS_CRITICAL PATH/cart flyout- price/Page_Shishkaberry  Ontario Cannabis/label_3.5g' is clicked on

2019-05-09 12:29:17 - [MESSAGE][PASSED] - Object: 'Object Repository/OCS_CRITICAL PATH/cart flyout- price/Page_Shishkaberry  Ontario Cannabis/label_3.5g' is clicked on

2019-05-09 12:29:17 - [TEST_STEP][PASSED] - delay(2): Delayed 2 second(s)

2019-05-09 12:29:19 - [MESSAGE][PASSED] - Delayed 2 second(s)

2019-05-09 12:29:19 - [TEST_STEP][PASSED] - click(findTestObject("OCS_CRITICAL PATH/cart flyout- price/Page_Shishkaberry  Ontario Cannabis/button_Add to Bag32.40")): Object: 'Object Repository/OCS_CRITICAL PATH/cart flyout- price/Page_Shishkaberry  Ontario Cannabis/button_Add to Bag32.40' is clicked on

2019-05-09 12:29:20 - [MESSAGE][PASSED] - Object: 'Object Repository/OCS_CRITICAL PATH/cart flyout- price/Page_Shishkaberry  Ontario Cannabis/button_Add to Bag32.40' is clicked on

2019-05-09 12:29:20 - [TEST_STEP][PASSED] - delay(2): Delayed 2 second(s)

2019-05-09 12:29:22 - [MESSAGE][PASSED] - Delayed 2 second(s)

2019-05-09 12:29:22 - [TEST_STEP][PASSED] - click(findTestObject("OCS_CRITICAL PATH/cartpage- decrease qty _OR/Page_Shishkaberry  Ontario Cannabis/span_concat(I confirm that I")): Object: 'Object Repository/OCS_CRITICAL PATH/cartpage- decrease qty _OR/Page_Shishkaberry  Ontario Cannabis/span_concat(I confirm that I' is clicked on

2019-05-09 12:29:22 - [MESSAGE][PASSED] - Object: 'Object Repository/OCS_CRITICAL PATH/cartpage- decrease qty _OR/Page_Shishkaberry  Ontario Cannabis/span_concat(I confirm that I' is clicked on

2019-05-09 12:29:22 - [TEST_STEP][PASSED] - click(findTestObject("OCS_CRITICAL PATH/cartpage- decrease qty _OR/Page_Shishkaberry  Ontario Cannabis/span_Accept the_checkbox")): Object: 'Object Repository/OCS_CRITICAL PATH/cartpage- decrease qty _OR/Page_Shishkaberry  Ontario Cannabis/span_Accept the_checkbox' is clicked on

2019-05-09 12:29:22 - [MESSAGE][PASSED] - Object: 'Object Repository/OCS_CRITICAL PATH/cartpage- decrease qty _OR/Page_Shishkaberry  Ontario Cannabis/span_Accept the_checkbox' is clicked on

2019-05-09 12:29:22 - [TEST_STEP][PASSED] - delay(3): Delayed 3 second(s)

2019-05-09 12:29:25 - [MESSAGE][PASSED] - Delayed 3 second(s)

2019-05-09 12:29:25 - [TEST_STEP][PASSED] - click(findTestObject("OCS_CRITICAL PATH/cartpage- decrease qty _OR/Page_Shishkaberry  Ontario Cannabis/a_Checkout")): Object: 'Object Repository/OCS_CRITICAL PATH/cartpage- decrease qty _OR/Page_Shishkaberry  Ontario Cannabis/a_Checkout' is clicked on

2019-05-09 12:29:27 - [MESSAGE][PASSED] - Object: 'Object Repository/OCS_CRITICAL PATH/cartpage- decrease qty _OR/Page_Shishkaberry  Ontario Cannabis/a_Checkout' is clicked on

2019-05-09 12:29:27 - [TEST_STEP][PASSED] - click(findTestObject("OCS_CRITICAL PATH/cartpage- decrease qty _OR/Page_Ontario Cannabis Store - Infor/a_Cart")): Object: 'Object Repository/OCS_CRITICAL PATH/cartpage- decrease qty _OR/Page_Ontario Cannabis Store - Infor/a_Cart' is clicked on

2019-05-09 12:29:28 - [MESSAGE][PASSED] - Object: 'Object Repository/OCS_CRITICAL PATH/cartpage- decrease qty _OR/Page_Ontario Cannabis Store - Infor/a_Cart' is clicked on

2019-05-09 12:29:28 - [TEST_STEP][PASSED] - a = getText(findTestObject("OCS_CRITICAL PATH/cart flyout- price/Page_Your Shopping Cart  Ontario Ca/span_9.75")): Text of object 'Object Repository/OCS_CRITICAL PATH/cart flyout- price/Page_Your Shopping Cart  Ontario Ca/span_9.75' is: '$9.75'

2019-05-09 12:29:29 - [MESSAGE][PASSED] - Text of object 'Object Repository/OCS_CRITICAL PATH/cart flyout- price/Page_Your Shopping Cart  Ontario Ca/span_9.75' is: '$9.75'

2019-05-09 12:29:29 - [TEST_STEP][PASSED] - comment(a): $9.75

2019-05-09 12:29:29 - [MESSAGE][INFO] - $9.75

2019-05-09 12:29:29 - [TEST_STEP][PASSED] - a1 = a.substring(1): null

2019-05-09 12:29:29 - [TEST_STEP][PASSED] - comment("a1 = " + a1): a1 = 9.75

2019-05-09 12:29:29 - [MESSAGE][INFO] - a1 = 9.75

2019-05-09 12:29:29 - [TEST_STEP][PASSED] - delay(2): Delayed 2 second(s)

2019-05-09 12:29:31 - [MESSAGE][PASSED] - Delayed 2 second(s)

2019-05-09 12:29:31 - [TEST_STEP][PASSED] - b = getText(findTestObject("OCS_CRITICAL PATH/cart flyout- price/Page_Your Shopping Cart  Ontario Ca/span_32.40")): Text of object 'Object Repository/OCS_CRITICAL PATH/cart flyout- price/Page_Your Shopping Cart  Ontario Ca/span_32.40' is: '$32.40'

2019-05-09 12:29:31 - [MESSAGE][PASSED] - Text of object 'Object Repository/OCS_CRITICAL PATH/cart flyout- price/Page_Your Shopping Cart  Ontario Ca/span_32.40' is: '$32.40'

2019-05-09 12:29:31 - [TEST_STEP][PASSED] - comment(b): $32.40

2019-05-09 12:29:31 - [MESSAGE][INFO] - $32.40

2019-05-09 12:29:31 - [TEST_STEP][PASSED] - a2 = b.substring(1): null

2019-05-09 12:29:31 - [TEST_STEP][PASSED] - comment("a2 = " + a2): a2 = 32.40

2019-05-09 12:29:31 - [MESSAGE][INFO] - a2 = 32.40

2019-05-09 12:29:31 - [TEST_STEP][PASSED] - c = getText(findTestObject("OCS_CRITICAL PATH/cart flyout- price/Page_Your Shopping Cart  Ontario Ca/p_42.15")): Text of object 'Object Repository/OCS_CRITICAL PATH/cart flyout- price/Page_Your Shopping Cart  Ontario Ca/p_42.15' is: '$42.15'

2019-05-09 12:29:31 - [MESSAGE][PASSED] - Text of object 'Object Repository/OCS_CRITICAL PATH/cart flyout- price/Page_Your Shopping Cart  Ontario Ca/p_42.15' is: '$42.15'

2019-05-09 12:29:31 - [TEST_STEP][PASSED] - comment(c): $42.15

2019-05-09 12:29:31 - [MESSAGE][INFO] - $42.15

2019-05-09 12:29:31 - [TEST_STEP][PASSED] - a3 = c.substring(1): null

2019-05-09 12:29:31 - [TEST_STEP][PASSED] - comment("a3 = " + a3): a3 = 42.15

2019-05-09 12:29:31 - [MESSAGE][INFO] - a3 = 42.15

2019-05-09 12:29:31 - [TEST_STEP][PASSED] - p2 = <not implemented yet for class: org.codehaus.groovy.ast.expr.EmptyExpression>: null

2019-05-09 12:29:31 - [TEST_STEP][PASSED] - p3 = <not implemented yet for class: org.codehaus.groovy.ast.expr.EmptyExpression>: null

2019-05-09 12:29:31 - [TEST_STEP][PASSED] - try: p2=9.75

2019-05-09 12:29:31 - [TEST_STEP][PASSED] - x1 = a1: null

2019-05-09 12:29:31 - [TEST_STEP][PASSED] - comment("x1=" + x1): x1=9.75

2019-05-09 12:29:31 - [MESSAGE][INFO] - x1=9.75

2019-05-09 12:29:31 - [TEST_STEP][PASSED] - p2 = Double.valueOf(x1): null

2019-05-09 12:29:31 - [TEST_STEP][PASSED] - comment("p2=" + p2): p2=9.75

2019-05-09 12:29:31 - [MESSAGE][INFO] - p2=9.75

2019-05-09 12:29:31 - [TEST_STEP][PASSED] - try: p3=32.4

2019-05-09 12:29:31 - [TEST_STEP][PASSED] - x2 = a2: null

2019-05-09 12:29:31 - [TEST_STEP][PASSED] - comment("x2=" + x2): x2=32.40

2019-05-09 12:29:31 - [MESSAGE][INFO] - x2=32.40

2019-05-09 12:29:31 - [TEST_STEP][PASSED] - p3 = Double.valueOf(x2): null

2019-05-09 12:29:31 - [TEST_STEP][PASSED] - comment("p3=" + p3): p3=32.4

2019-05-09 12:29:31 - [MESSAGE][INFO] - p3=32.4

2019-05-09 12:29:31 - [TEST_STEP][PASSED] - comment("p2=" + p2): p2=9.75

2019-05-09 12:29:31 - [MESSAGE][INFO] - p2=9.75

2019-05-09 12:29:31 - [TEST_STEP][PASSED] - comment("p3=" + p3): p3=32.4

2019-05-09 12:29:31 - [MESSAGE][INFO] - p3=32.4

2019-05-09 12:29:31 - [TEST_STEP][PASSED] - total = p2 + p3: null

2019-05-09 12:29:31 - [TEST_STEP][PASSED] - comment("total=" + total): total=42.15

2019-05-09 12:29:31 - [MESSAGE][INFO] - total=42.15

2019-05-09 12:29:31 - [TEST_STEP][PASSED] - verifyEqual(total, a3): Actual object '42.15' and expected object '42.15' are equal

2019-05-09 12:29:31 - [MESSAGE][PASSED] - Actual object '42.15' and expected object '42.15' are equal

2019-05-09 12:29:31 - [TEST_STEP][PASSED] - click(findTestObject("Object Repository/OCS_CRITICAL PATH/cart flyout- price/Page_Your Shopping Cart  Ontario Ca/i_Remove_icon icon--close-thic")): Object: 'Object Repository/OCS_CRITICAL PATH/cart flyout- price/Page_Your Shopping Cart  Ontario Ca/i_Remove_icon icon--close-thic' is clicked on

2019-05-09 12:29:32 - [MESSAGE][PASSED] - Object: 'Object Repository/OCS_CRITICAL PATH/cart flyout- price/Page_Your Shopping Cart  Ontario Ca/i_Remove_icon icon--close-thic' is clicked on

2019-05-09 12:29:32 - [TEST_STEP][PASSED] - delay(2): Delayed 2 second(s)

2019-05-09 12:29:34 - [MESSAGE][PASSED] - Delayed 2 second(s)

2019-05-09 12:29:34 - [TEST_STEP][PASSED] - c23 = getText(findTestObject("OCS_CRITICAL PATH/cart flyout- price/Page_Your Shopping Cart  Ontario Ca/p_42.15")): Text of object 'Object Repository/OCS_CRITICAL PATH/cart flyout- price/Page_Your Shopping Cart  Ontario Ca/p_42.15' is: '$32.40'

2019-05-09 12:29:34 - [MESSAGE][PASSED] - Text of object 'Object Repository/OCS_CRITICAL PATH/cart flyout- price/Page_Your Shopping Cart  Ontario Ca/p_42.15' is: '$32.40'

2019-05-09 12:29:34 - [TEST_STEP][PASSED] - comment(c23): $32.40

2019-05-09 12:29:34 - [MESSAGE][INFO] - $32.40

2019-05-09 12:29:34 - [TEST_STEP][PASSED] - a4 = c23.substring(1): null

2019-05-09 12:29:34 - [TEST_STEP][PASSED] - comment("a4= " + a4): a4= 32.40

2019-05-09 12:29:34 - [MESSAGE][INFO] - a4= 32.40

2019-05-09 12:29:34 - [TEST_STEP][PASSED] - b25 = getText(findTestObject("OCS_CRITICAL PATH/cart flyout- price/Page_Your Shopping Cart  Ontario Ca/span_32.40")): Text of object 'Object Repository/OCS_CRITICAL PATH/cart flyout- price/Page_Your Shopping Cart  Ontario Ca/span_32.40' is: '$32.40'

2019-05-09 12:29:34 - [MESSAGE][PASSED] - Text of object 'Object Repository/OCS_CRITICAL PATH/cart flyout- price/Page_Your Shopping Cart  Ontario Ca/span_32.40' is: '$32.40'

2019-05-09 12:29:34 - [TEST_STEP][PASSED] - comment(b25): $32.40

2019-05-09 12:29:34 - [MESSAGE][INFO] - $32.40

2019-05-09 12:29:34 - [TEST_STEP][PASSED] - a25 = b25.substring(1): null

2019-05-09 12:29:34 - [TEST_STEP][PASSED] - comment("a25 = " + a25): a25 = 32.40

2019-05-09 12:29:34 - [MESSAGE][INFO] - a25 = 32.40

2019-05-09 12:29:34 - [TEST_STEP][PASSED] - verifyEqual(a4, a25): Actual object '32.40' and expected object '32.40' are equal

2019-05-09 12:29:34 - [MESSAGE][PASSED] - Actual object '32.40' and expected object '32.40' are equal]]></system-out>
         <system-err><![CDATA[]]></system-err>
      </testcase>
      <testcase name="Test Cases/OCS- CRITICAL PATH/cart flyout- accessories" classname="Test Cases/OCS- CRITICAL PATH/cart flyout- accessories" status="PASSED">
         <system-out><![CDATA[2019-05-09 12:29:34 - [TEST_CASE][PASSED] - Test Cases/OCS- CRITICAL PATH/cart flyout- accessories: Test Cases/OCS- CRITICAL PATH/cart flyout- accessories

2019-05-09 12:29:34 - [TEST_STEP][PASSED] - openBrowser(""): Browser is opened with url: ''

2019-05-09 12:29:34 - [MESSAGE][WARNING] - A browser is already opened. Closing browser and opening a new one

2019-05-09 12:29:35 - [MESSAGE][INFO] - Starting 'Firefox' driver

2019-05-09 12:29:37 - [MESSAGE][PASSED] - Browser is opened with url: ''

2019-05-09 12:29:37 - [TEST_STEP][PASSED] - navigateToUrl("https://ocs.ca/?fts=0&preview_theme_id=53373863756"): Navigate to 'https://ocs.ca/?fts=0&preview_theme_id=53373863756' successfully

2019-05-09 12:29:48 - [MESSAGE][PASSED] - Navigate to 'https://ocs.ca/?fts=0&preview_theme_id=53373863756' successfully

2019-05-09 12:29:48 - [TEST_STEP][PASSED] - delay(2): Delayed 2 second(s)

2019-05-09 12:29:50 - [MESSAGE][PASSED] - Delayed 2 second(s)

2019-05-09 12:29:50 - [TEST_STEP][PASSED] - click(findTestObject("Object Repository/CART FLYOUT-accessories_OR/Page_Ontario Cannabis Store  Ontari/button_Close preview")): Object: 'Object Repository/CART FLYOUT-accessories_OR/Page_Ontario Cannabis Store  Ontari/button_Close preview' is clicked on

2019-05-09 12:29:51 - [MESSAGE][PASSED] - Object: 'Object Repository/CART FLYOUT-accessories_OR/Page_Ontario Cannabis Store  Ontari/button_Close preview' is clicked on

2019-05-09 12:29:51 - [TEST_STEP][PASSED] - maximizeWindow(): Current window maximized

2019-05-09 12:29:51 - [MESSAGE][PASSED] - Current window maximized

2019-05-09 12:29:51 - [TEST_STEP][PASSED] - selectOptionByValue(findTestObject("Object Repository/CART FLYOUT-accessories_OR/Page_Ontario Cannabis Store  Ontari/select_Select01020304050607080"), "3", true): All options with value '3' are selected in object 'Object Repository/CART FLYOUT-accessories_OR/Page_Ontario Cannabis Store  Ontari/select_Select01020304050607080'  using regular expression

2019-05-09 12:29:52 - [MESSAGE][PASSED] - All options with value '3' are selected in object 'Object Repository/CART FLYOUT-accessories_OR/Page_Ontario Cannabis Store  Ontari/select_Select01020304050607080'  using regular expression

2019-05-09 12:29:52 - [TEST_STEP][PASSED] - selectOptionByValue(findTestObject("Object Repository/CART FLYOUT-accessories_OR/Page_Ontario Cannabis Store  Ontari/select_SelectJanuary - 01Febru"), "3", true): All options with value '3' are selected in object 'Object Repository/CART FLYOUT-accessories_OR/Page_Ontario Cannabis Store  Ontari/select_SelectJanuary - 01Febru'  using regular expression

2019-05-09 12:29:53 - [MESSAGE][PASSED] - All options with value '3' are selected in object 'Object Repository/CART FLYOUT-accessories_OR/Page_Ontario Cannabis Store  Ontari/select_SelectJanuary - 01Febru'  using regular expression

2019-05-09 12:29:53 - [TEST_STEP][PASSED] - selectOptionByValue(findTestObject("Object Repository/CART FLYOUT-accessories_OR/Page_Ontario Cannabis Store  Ontari/select_Select20182017201620152"), "1991", true): All options with value '1991' are selected in object 'Object Repository/CART FLYOUT-accessories_OR/Page_Ontario Cannabis Store  Ontari/select_Select20182017201620152'  using regular expression

2019-05-09 12:29:54 - [MESSAGE][PASSED] - All options with value '1991' are selected in object 'Object Repository/CART FLYOUT-accessories_OR/Page_Ontario Cannabis Store  Ontari/select_Select20182017201620152'  using regular expression

2019-05-09 12:29:54 - [TEST_STEP][PASSED] - click(findTestObject("Object Repository/CART FLYOUT-accessories_OR/Page_Ontario Cannabis Store  Ontari/button_Verify")): Object: 'Object Repository/CART FLYOUT-accessories_OR/Page_Ontario Cannabis Store  Ontari/button_Verify' is clicked on

2019-05-09 12:29:55 - [MESSAGE][PASSED] - Object: 'Object Repository/CART FLYOUT-accessories_OR/Page_Ontario Cannabis Store  Ontari/button_Verify' is clicked on

2019-05-09 12:29:55 - [TEST_STEP][PASSED] - click(findTestObject("Object Repository/CART FLYOUT-accessories_OR/Page_Ontario Cannabis Store  Ontari/span_CONFIRM AND ACKNOWLEDGE_c")): Object: 'Object Repository/CART FLYOUT-accessories_OR/Page_Ontario Cannabis Store  Ontari/span_CONFIRM AND ACKNOWLEDGE_c' is clicked on

2019-05-09 12:29:55 - [MESSAGE][PASSED] - Object: 'Object Repository/CART FLYOUT-accessories_OR/Page_Ontario Cannabis Store  Ontari/span_CONFIRM AND ACKNOWLEDGE_c' is clicked on

2019-05-09 12:29:55 - [TEST_STEP][PASSED] - click(findTestObject("Object Repository/CART FLYOUT-accessories_OR/Page_Ontario Cannabis Store  Ontari/button_CONFIRM")): Object: 'Object Repository/CART FLYOUT-accessories_OR/Page_Ontario Cannabis Store  Ontari/button_CONFIRM' is clicked on

2019-05-09 12:29:55 - [MESSAGE][PASSED] - Object: 'Object Repository/CART FLYOUT-accessories_OR/Page_Ontario Cannabis Store  Ontari/button_CONFIRM' is clicked on

2019-05-09 12:29:55 - [TEST_STEP][PASSED] - click(findTestObject("Object Repository/CART FLYOUT-accessories_OR/Page_Ontario Cannabis Store  Ontari/button_Start Browsing")): Object: 'Object Repository/CART FLYOUT-accessories_OR/Page_Ontario Cannabis Store  Ontari/button_Start Browsing' is clicked on

2019-05-09 12:29:55 - [MESSAGE][PASSED] - Object: 'Object Repository/CART FLYOUT-accessories_OR/Page_Ontario Cannabis Store  Ontari/button_Start Browsing' is clicked on

2019-05-09 12:29:55 - [TEST_STEP][PASSED] - delay(3): Delayed 3 second(s)

2019-05-09 12:29:58 - [MESSAGE][PASSED] - Delayed 3 second(s)

2019-05-09 12:29:58 - [TEST_STEP][PASSED] - mouseOver(findTestObject("Object Repository/CART FLYOUT-accessories_OR/Page_Ontario Cannabis Store  Ontari/h3_Cannabis")): Object: 'Object Repository/CART FLYOUT-accessories_OR/Page_Ontario Cannabis Store  Ontari/h3_Cannabis' is hovered

2019-05-09 12:29:59 - [MESSAGE][PASSED] - Object: 'Object Repository/CART FLYOUT-accessories_OR/Page_Ontario Cannabis Store  Ontari/h3_Cannabis' is hovered

2019-05-09 12:29:59 - [TEST_STEP][PASSED] - click(findTestObject("Object Repository/CART FLYOUT-accessories_OR/Page_Ontario Cannabis Store  Ontari/span_Indica Dominant")): Object: 'Object Repository/CART FLYOUT-accessories_OR/Page_Ontario Cannabis Store  Ontari/span_Indica Dominant' is clicked on

2019-05-09 12:29:59 - [MESSAGE][PASSED] - Object: 'Object Repository/CART FLYOUT-accessories_OR/Page_Ontario Cannabis Store  Ontari/span_Indica Dominant' is clicked on

2019-05-09 12:29:59 - [TEST_STEP][PASSED] - click(findTestObject("Object Repository/CART FLYOUT-accessories_OR/Page_Indica Dominant Dried Flower/h3_Shishkaberry")): Object: 'Object Repository/CART FLYOUT-accessories_OR/Page_Indica Dominant Dried Flower/h3_Shishkaberry' is clicked on

2019-05-09 12:30:01 - [MESSAGE][PASSED] - Object: 'Object Repository/CART FLYOUT-accessories_OR/Page_Indica Dominant Dried Flower/h3_Shishkaberry' is clicked on

2019-05-09 12:30:01 - [TEST_STEP][PASSED] - click(findTestObject("Object Repository/CART FLYOUT-accessories_OR/Page_Shishkaberry  Ontario Cannabis/label_1g")): Object: 'Object Repository/CART FLYOUT-accessories_OR/Page_Shishkaberry  Ontario Cannabis/label_1g' is clicked on

2019-05-09 12:30:02 - [MESSAGE][PASSED] - Object: 'Object Repository/CART FLYOUT-accessories_OR/Page_Shishkaberry  Ontario Cannabis/label_1g' is clicked on

2019-05-09 12:30:02 - [TEST_STEP][PASSED] - click(findTestObject("Object Repository/CART FLYOUT-accessories_OR/Page_Shishkaberry  Ontario Cannabis/button_Add to Bag9.75")): Object: 'Object Repository/CART FLYOUT-accessories_OR/Page_Shishkaberry  Ontario Cannabis/button_Add to Bag9.75' is clicked on

2019-05-09 12:30:02 - [MESSAGE][PASSED] - Object: 'Object Repository/CART FLYOUT-accessories_OR/Page_Shishkaberry  Ontario Cannabis/button_Add to Bag9.75' is clicked on

2019-05-09 12:30:02 - [TEST_STEP][PASSED] - delay(2): Delayed 2 second(s)

2019-05-09 12:30:04 - [MESSAGE][PASSED] - Delayed 2 second(s)

2019-05-09 12:30:04 - [TEST_STEP][PASSED] - click(findTestObject("Object Repository/CART FLYOUT-accessories_OR/Page_Shishkaberry  Ontario Cannabis/i_Accessories you might need_i")): Object: 'Object Repository/CART FLYOUT-accessories_OR/Page_Shishkaberry  Ontario Cannabis/i_Accessories you might need_i' is clicked on

2019-05-09 12:30:05 - [MESSAGE][PASSED] - Object: 'Object Repository/CART FLYOUT-accessories_OR/Page_Shishkaberry  Ontario Cannabis/i_Accessories you might need_i' is clicked on

2019-05-09 12:30:05 - [TEST_STEP][PASSED] - delay(2): Delayed 2 second(s)

2019-05-09 12:30:07 - [MESSAGE][PASSED] - Delayed 2 second(s)

2019-05-09 12:30:07 - [TEST_STEP][PASSED] - click(findTestObject("Object Repository/CART FLYOUT-accessories_OR/Page_Shishkaberry  Ontario Cannabis/i_Accessories you might need_i_1")): Object: 'Object Repository/CART FLYOUT-accessories_OR/Page_Shishkaberry  Ontario Cannabis/i_Accessories you might need_i_1' is clicked on

2019-05-09 12:30:07 - [MESSAGE][PASSED] - Object: 'Object Repository/CART FLYOUT-accessories_OR/Page_Shishkaberry  Ontario Cannabis/i_Accessories you might need_i_1' is clicked on]]></system-out>
         <system-err><![CDATA[]]></system-err>
      </testcase>
      <testcase name="Test Cases/OCS- CRITICAL PATH/Cart flyout- decrease qty" classname="Test Cases/OCS- CRITICAL PATH/Cart flyout- decrease qty" status="PASSED">
         <system-out><![CDATA[2019-05-09 12:30:07 - [TEST_CASE][PASSED] - Test Cases/OCS- CRITICAL PATH/Cart flyout- decrease qty: Test Cases/OCS- CRITICAL PATH/Cart flyout- decrease qty

2019-05-09 12:30:07 - [TEST_STEP][PASSED] - openBrowser(""): Browser is opened with url: ''

2019-05-09 12:30:07 - [MESSAGE][WARNING] - A browser is already opened. Closing browser and opening a new one

2019-05-09 12:30:08 - [MESSAGE][INFO] - Starting 'Firefox' driver

2019-05-09 12:30:10 - [MESSAGE][PASSED] - Browser is opened with url: ''

2019-05-09 12:30:10 - [TEST_STEP][PASSED] - navigateToUrl("https://ocs.ca/?fts=0&preview_theme_id=53373863756"): Navigate to 'https://ocs.ca/?fts=0&preview_theme_id=53373863756' successfully

2019-05-09 12:30:16 - [MESSAGE][PASSED] - Navigate to 'https://ocs.ca/?fts=0&preview_theme_id=53373863756' successfully

2019-05-09 12:30:16 - [TEST_STEP][PASSED] - click(findTestObject("Object Repository/Theme_oR/Page_Ontario Cannabis Store  Ontari/button_Close preview")): Object: 'Object Repository/Theme_oR/Page_Ontario Cannabis Store  Ontari/button_Close preview' is clicked on

2019-05-09 12:30:17 - [MESSAGE][PASSED] - Object: 'Object Repository/Theme_oR/Page_Ontario Cannabis Store  Ontari/button_Close preview' is clicked on

2019-05-09 12:30:18 - [TEST_STEP][PASSED] - maximizeWindow(): Current window maximized

2019-05-09 12:30:18 - [MESSAGE][PASSED] - Current window maximized

2019-05-09 12:30:18 - [TEST_STEP][PASSED] - selectOptionByValue(findTestObject("OCS_CRITICAL PATH/Cartflyout-decrease qty _OR/Page_Ontario Cannabis Store  Ontari/select_Select01020304050607080"), "18", true): All options with value '18' are selected in object 'Object Repository/OCS_CRITICAL PATH/Cartflyout-decrease qty _OR/Page_Ontario Cannabis Store  Ontari/select_Select01020304050607080'  using regular expression

2019-05-09 12:30:20 - [MESSAGE][PASSED] - All options with value '18' are selected in object 'Object Repository/OCS_CRITICAL PATH/Cartflyout-decrease qty _OR/Page_Ontario Cannabis Store  Ontari/select_Select01020304050607080'  using regular expression

2019-05-09 12:30:20 - [TEST_STEP][PASSED] - selectOptionByValue(findTestObject("OCS_CRITICAL PATH/Cartflyout-decrease qty _OR/Page_Ontario Cannabis Store  Ontari/select_SelectJanuary - 01Febru"), "9", true): All options with value '9' are selected in object 'Object Repository/OCS_CRITICAL PATH/Cartflyout-decrease qty _OR/Page_Ontario Cannabis Store  Ontari/select_SelectJanuary - 01Febru'  using regular expression

2019-05-09 12:30:20 - [MESSAGE][PASSED] - All options with value '9' are selected in object 'Object Repository/OCS_CRITICAL PATH/Cartflyout-decrease qty _OR/Page_Ontario Cannabis Store  Ontari/select_SelectJanuary - 01Febru'  using regular expression

2019-05-09 12:30:20 - [TEST_STEP][PASSED] - selectOptionByValue(findTestObject("OCS_CRITICAL PATH/Cartflyout-decrease qty _OR/Page_Ontario Cannabis Store  Ontari/select_Select20182017201620152"), "1933", true): All options with value '1933' are selected in object 'Object Repository/OCS_CRITICAL PATH/Cartflyout-decrease qty _OR/Page_Ontario Cannabis Store  Ontari/select_Select20182017201620152'  using regular expression

2019-05-09 12:30:22 - [MESSAGE][PASSED] - All options with value '1933' are selected in object 'Object Repository/OCS_CRITICAL PATH/Cartflyout-decrease qty _OR/Page_Ontario Cannabis Store  Ontari/select_Select20182017201620152'  using regular expression

2019-05-09 12:30:22 - [TEST_STEP][PASSED] - click(findTestObject("OCS_CRITICAL PATH/Cartflyout-decrease qty _OR/Page_Ontario Cannabis Store  Ontari/button_Verify")): Object: 'Object Repository/OCS_CRITICAL PATH/Cartflyout-decrease qty _OR/Page_Ontario Cannabis Store  Ontari/button_Verify' is clicked on

2019-05-09 12:30:23 - [MESSAGE][PASSED] - Object: 'Object Repository/OCS_CRITICAL PATH/Cartflyout-decrease qty _OR/Page_Ontario Cannabis Store  Ontari/button_Verify' is clicked on

2019-05-09 12:30:23 - [TEST_STEP][PASSED] - click(findTestObject("OCS_CRITICAL PATH/Cartflyout-decrease qty _OR/Page_Ontario Cannabis Store  Ontari/span_CONFIRM AND ACKNOWLEDGE_c")): Object: 'Object Repository/OCS_CRITICAL PATH/Cartflyout-decrease qty _OR/Page_Ontario Cannabis Store  Ontari/span_CONFIRM AND ACKNOWLEDGE_c' is clicked on

2019-05-09 12:30:23 - [MESSAGE][PASSED] - Object: 'Object Repository/OCS_CRITICAL PATH/Cartflyout-decrease qty _OR/Page_Ontario Cannabis Store  Ontari/span_CONFIRM AND ACKNOWLEDGE_c' is clicked on

2019-05-09 12:30:23 - [TEST_STEP][PASSED] - click(findTestObject("OCS_CRITICAL PATH/Cartflyout-decrease qty _OR/Page_Ontario Cannabis Store  Ontari/button_CONFIRM")): Object: 'Object Repository/OCS_CRITICAL PATH/Cartflyout-decrease qty _OR/Page_Ontario Cannabis Store  Ontari/button_CONFIRM' is clicked on

2019-05-09 12:30:23 - [MESSAGE][PASSED] - Object: 'Object Repository/OCS_CRITICAL PATH/Cartflyout-decrease qty _OR/Page_Ontario Cannabis Store  Ontari/button_CONFIRM' is clicked on

2019-05-09 12:30:23 - [TEST_STEP][PASSED] - click(findTestObject("OCS_CRITICAL PATH/Cartflyout-decrease qty _OR/Page_Ontario Cannabis Store  Ontari/button_Start Browsing")): Object: 'Object Repository/OCS_CRITICAL PATH/Cartflyout-decrease qty _OR/Page_Ontario Cannabis Store  Ontari/button_Start Browsing' is clicked on

2019-05-09 12:30:24 - [MESSAGE][PASSED] - Object: 'Object Repository/OCS_CRITICAL PATH/Cartflyout-decrease qty _OR/Page_Ontario Cannabis Store  Ontari/button_Start Browsing' is clicked on

2019-05-09 12:30:24 - [TEST_STEP][PASSED] - delay(3): Delayed 3 second(s)

2019-05-09 12:30:27 - [MESSAGE][PASSED] - Delayed 3 second(s)

2019-05-09 12:30:27 - [TEST_STEP][PASSED] - mouseOver(findTestObject("OCS_CRITICAL PATH/Cartflyout-decrease qty _OR/Page_Ontario Cannabis Store  Ontari/h3_Cannabis")): Object: 'Object Repository/OCS_CRITICAL PATH/Cartflyout-decrease qty _OR/Page_Ontario Cannabis Store  Ontari/h3_Cannabis' is hovered

2019-05-09 12:30:27 - [MESSAGE][PASSED] - Object: 'Object Repository/OCS_CRITICAL PATH/Cartflyout-decrease qty _OR/Page_Ontario Cannabis Store  Ontari/h3_Cannabis' is hovered

2019-05-09 12:30:27 - [TEST_STEP][PASSED] - click(findTestObject("OCS_CRITICAL PATH/Cartflyout-decrease qty _OR/Page_Ontario Cannabis Store  Ontari/span_Indica Dominant")): Object: 'Object Repository/OCS_CRITICAL PATH/Cartflyout-decrease qty _OR/Page_Ontario Cannabis Store  Ontari/span_Indica Dominant' is clicked on

2019-05-09 12:30:27 - [MESSAGE][PASSED] - Object: 'Object Repository/OCS_CRITICAL PATH/Cartflyout-decrease qty _OR/Page_Ontario Cannabis Store  Ontari/span_Indica Dominant' is clicked on

2019-05-09 12:30:27 - [TEST_STEP][PASSED] - delay(3): Delayed 3 second(s)

2019-05-09 12:30:30 - [MESSAGE][PASSED] - Delayed 3 second(s)

2019-05-09 12:30:30 - [TEST_STEP][PASSED] - click(findTestObject("OCS_CRITICAL PATH/Cartflyout-decrease qty _OR/Page_Indica Dominant Dried Flower/h3_Shishkaberry")): Object: 'Object Repository/OCS_CRITICAL PATH/Cartflyout-decrease qty _OR/Page_Indica Dominant Dried Flower/h3_Shishkaberry' is clicked on

2019-05-09 12:30:35 - [MESSAGE][PASSED] - Object: 'Object Repository/OCS_CRITICAL PATH/Cartflyout-decrease qty _OR/Page_Indica Dominant Dried Flower/h3_Shishkaberry' is clicked on

2019-05-09 12:30:35 - [TEST_STEP][PASSED] - click(findTestObject("OCS_CRITICAL PATH/Cartflyout-decrease qty _OR/Page_Shishkaberry  Ontario Cannabis/div_3.5g")): Object: 'Object Repository/OCS_CRITICAL PATH/Cartflyout-decrease qty _OR/Page_Shishkaberry  Ontario Cannabis/div_3.5g' is clicked on

2019-05-09 12:30:36 - [MESSAGE][PASSED] - Object: 'Object Repository/OCS_CRITICAL PATH/Cartflyout-decrease qty _OR/Page_Shishkaberry  Ontario Cannabis/div_3.5g' is clicked on

2019-05-09 12:30:36 - [TEST_STEP][PASSED] - delay(3): Delayed 3 second(s)

2019-05-09 12:30:39 - [MESSAGE][PASSED] - Delayed 3 second(s)

2019-05-09 12:30:39 - [TEST_STEP][PASSED] - click(findTestObject("OCS_CRITICAL PATH/Cartflyout-decrease qty _OR/Page_Shishkaberry  Ontario Cannabis/button_")): Object: 'Object Repository/OCS_CRITICAL PATH/Cartflyout-decrease qty _OR/Page_Shishkaberry  Ontario Cannabis/button_' is clicked on

2019-05-09 12:30:39 - [MESSAGE][PASSED] - Object: 'Object Repository/OCS_CRITICAL PATH/Cartflyout-decrease qty _OR/Page_Shishkaberry  Ontario Cannabis/button_' is clicked on

2019-05-09 12:30:39 - [TEST_STEP][PASSED] - click(findTestObject("OCS_CRITICAL PATH/Cartflyout-decrease qty _OR/Page_Shishkaberry  Ontario Cannabis/button_")): Object: 'Object Repository/OCS_CRITICAL PATH/Cartflyout-decrease qty _OR/Page_Shishkaberry  Ontario Cannabis/button_' is clicked on

2019-05-09 12:30:39 - [MESSAGE][PASSED] - Object: 'Object Repository/OCS_CRITICAL PATH/Cartflyout-decrease qty _OR/Page_Shishkaberry  Ontario Cannabis/button_' is clicked on

2019-05-09 12:30:39 - [TEST_STEP][PASSED] - click(findTestObject("OCS_CRITICAL PATH/Cartflyout-decrease qty _OR/Page_Shishkaberry  Ontario Cannabis/button_")): Object: 'Object Repository/OCS_CRITICAL PATH/Cartflyout-decrease qty _OR/Page_Shishkaberry  Ontario Cannabis/button_' is clicked on

2019-05-09 12:30:39 - [MESSAGE][PASSED] - Object: 'Object Repository/OCS_CRITICAL PATH/Cartflyout-decrease qty _OR/Page_Shishkaberry  Ontario Cannabis/button_' is clicked on

2019-05-09 12:30:39 - [TEST_STEP][PASSED] - click(findTestObject("OCS_CRITICAL PATH/Cartflyout-decrease qty _OR/Page_Shishkaberry  Ontario Cannabis/button_")): Object: 'Object Repository/OCS_CRITICAL PATH/Cartflyout-decrease qty _OR/Page_Shishkaberry  Ontario Cannabis/button_' is clicked on

2019-05-09 12:30:40 - [MESSAGE][PASSED] - Object: 'Object Repository/OCS_CRITICAL PATH/Cartflyout-decrease qty _OR/Page_Shishkaberry  Ontario Cannabis/button_' is clicked on

2019-05-09 12:30:40 - [TEST_STEP][PASSED] - click(findTestObject("OCS_CRITICAL PATH/Cartflyout-decrease qty _OR/Page_Shishkaberry  Ontario Cannabis/button_")): Object: 'Object Repository/OCS_CRITICAL PATH/Cartflyout-decrease qty _OR/Page_Shishkaberry  Ontario Cannabis/button_' is clicked on

2019-05-09 12:30:40 - [MESSAGE][PASSED] - Object: 'Object Repository/OCS_CRITICAL PATH/Cartflyout-decrease qty _OR/Page_Shishkaberry  Ontario Cannabis/button_' is clicked on

2019-05-09 12:30:40 - [TEST_STEP][PASSED] - click(findTestObject("OCS_CRITICAL PATH/Cartflyout-decrease qty _OR/Page_Shishkaberry  Ontario Cannabis/span_Add to Bag")): Object: 'Object Repository/OCS_CRITICAL PATH/Cartflyout-decrease qty _OR/Page_Shishkaberry  Ontario Cannabis/span_Add to Bag' is clicked on

2019-05-09 12:30:40 - [MESSAGE][PASSED] - Object: 'Object Repository/OCS_CRITICAL PATH/Cartflyout-decrease qty _OR/Page_Shishkaberry  Ontario Cannabis/span_Add to Bag' is clicked on

2019-05-09 12:30:40 - [TEST_STEP][PASSED] - click(findTestObject("OCS_CRITICAL PATH/Cartflyout-decrease qty _OR/Page_Shishkaberry  Ontario Cannabis/div_-                         _1")): Object: 'Object Repository/OCS_CRITICAL PATH/Cartflyout-decrease qty _OR/Page_Shishkaberry  Ontario Cannabis/div_-                         _1' is clicked on

2019-05-09 12:30:42 - [MESSAGE][PASSED] - Object: 'Object Repository/OCS_CRITICAL PATH/Cartflyout-decrease qty _OR/Page_Shishkaberry  Ontario Cannabis/div_-                         _1' is clicked on

2019-05-09 12:30:42 - [TEST_STEP][PASSED] - a = getText(findTestObject("OCS_CRITICAL PATH/Cartflyout-decrease qty _OR/Page_Shishkaberry  Ontario Cannabis/Page_Shishkaberry  Ontario Cannabis/div_129.60")): Text of object 'Object Repository/OCS_CRITICAL PATH/Cartflyout-decrease qty _OR/Page_Shishkaberry  Ontario Cannabis/Page_Shishkaberry  Ontario Cannabis/div_129.60' is: '$194.40'

2019-05-09 12:30:42 - [MESSAGE][PASSED] - Text of object 'Object Repository/OCS_CRITICAL PATH/Cartflyout-decrease qty _OR/Page_Shishkaberry  Ontario Cannabis/Page_Shishkaberry  Ontario Cannabis/div_129.60' is: '$194.40'

2019-05-09 12:30:42 - [TEST_STEP][PASSED] - comment(a): $194.40

2019-05-09 12:30:42 - [MESSAGE][INFO] - $194.40

2019-05-09 12:30:42 - [TEST_STEP][PASSED] - b = a.substring(1): null

2019-05-09 12:30:42 - [TEST_STEP][PASSED] - comment(b): 194.40

2019-05-09 12:30:42 - [MESSAGE][INFO] - 194.40

2019-05-09 12:30:42 - [TEST_STEP][PASSED] - setText(findTestObject("OCS_CRITICAL PATH/Cartflyout-decrease qty _OR/Page_Shishkaberry  Ontario Cannabis/input_-_updates"), "5"): Text '5' is set on object 'Object Repository/OCS_CRITICAL PATH/Cartflyout-decrease qty _OR/Page_Shishkaberry  Ontario Cannabis/input_-_updates'

2019-05-09 12:30:42 - [MESSAGE][PASSED] - Text '5' is set on object 'Object Repository/OCS_CRITICAL PATH/Cartflyout-decrease qty _OR/Page_Shishkaberry  Ontario Cannabis/input_-_updates'

2019-05-09 12:30:42 - [TEST_STEP][PASSED] - setText(findTestObject("OCS_CRITICAL PATH/Cartflyout-decrease qty _OR/Page_Shishkaberry  Ontario Cannabis/input_-_updates"), "4"): Text '4' is set on object 'Object Repository/OCS_CRITICAL PATH/Cartflyout-decrease qty _OR/Page_Shishkaberry  Ontario Cannabis/input_-_updates'

2019-05-09 12:30:42 - [MESSAGE][PASSED] - Text '4' is set on object 'Object Repository/OCS_CRITICAL PATH/Cartflyout-decrease qty _OR/Page_Shishkaberry  Ontario Cannabis/input_-_updates'

2019-05-09 12:30:42 - [TEST_STEP][PASSED] - click(findTestObject("OCS_CRITICAL PATH/Cartflyout-decrease qty _OR/Page_Shishkaberry  Ontario Cannabis/i_-_icon--subtract")): Object: 'Object Repository/OCS_CRITICAL PATH/Cartflyout-decrease qty _OR/Page_Shishkaberry  Ontario Cannabis/i_-_icon--subtract' is clicked on

2019-05-09 12:30:42 - [MESSAGE][PASSED] - Object: 'Object Repository/OCS_CRITICAL PATH/Cartflyout-decrease qty _OR/Page_Shishkaberry  Ontario Cannabis/i_-_icon--subtract' is clicked on

2019-05-09 12:30:42 - [TEST_STEP][PASSED] - click(findTestObject("OCS_CRITICAL PATH/Cartflyout-decrease qty _OR/Page_Shishkaberry  Ontario Cannabis/i_-_icon--subtract")): Object: 'Object Repository/OCS_CRITICAL PATH/Cartflyout-decrease qty _OR/Page_Shishkaberry  Ontario Cannabis/i_-_icon--subtract' is clicked on

2019-05-09 12:30:42 - [MESSAGE][PASSED] - Object: 'Object Repository/OCS_CRITICAL PATH/Cartflyout-decrease qty _OR/Page_Shishkaberry  Ontario Cannabis/i_-_icon--subtract' is clicked on

2019-05-09 12:30:42 - [TEST_STEP][PASSED] - click(findTestObject("OCS_CRITICAL PATH/Cartflyout-decrease qty _OR/Page_Shishkaberry  Ontario Cannabis/i_-_icon--subtract")): Object: 'Object Repository/OCS_CRITICAL PATH/Cartflyout-decrease qty _OR/Page_Shishkaberry  Ontario Cannabis/i_-_icon--subtract' is clicked on

2019-05-09 12:30:42 - [MESSAGE][PASSED] - Object: 'Object Repository/OCS_CRITICAL PATH/Cartflyout-decrease qty _OR/Page_Shishkaberry  Ontario Cannabis/i_-_icon--subtract' is clicked on

2019-05-09 12:30:42 - [TEST_STEP][PASSED] - delay(5): Delayed 5 second(s)

2019-05-09 12:30:47 - [MESSAGE][PASSED] - Delayed 5 second(s)

2019-05-09 12:30:47 - [TEST_STEP][PASSED] - c = getText(findTestObject("OCS_CRITICAL PATH/Cartflyout-decrease qty _OR/Page_Shishkaberry  Ontario Cannabis/Page_Shishkaberry  Ontario Cannabis/div_129.60")): Text of object 'Object Repository/OCS_CRITICAL PATH/Cartflyout-decrease qty _OR/Page_Shishkaberry  Ontario Cannabis/Page_Shishkaberry  Ontario Cannabis/div_129.60' is: '$64.80'

2019-05-09 12:30:47 - [MESSAGE][PASSED] - Text of object 'Object Repository/OCS_CRITICAL PATH/Cartflyout-decrease qty _OR/Page_Shishkaberry  Ontario Cannabis/Page_Shishkaberry  Ontario Cannabis/div_129.60' is: '$64.80'

2019-05-09 12:30:47 - [TEST_STEP][PASSED] - comment(c): $64.80

2019-05-09 12:30:47 - [MESSAGE][INFO] - $64.80

2019-05-09 12:30:47 - [TEST_STEP][PASSED] - d = c.substring(1): null

2019-05-09 12:30:47 - [TEST_STEP][PASSED] - comment(d): 64.80

2019-05-09 12:30:47 - [MESSAGE][INFO] - 64.80

2019-05-09 12:30:47 - [TEST_STEP][PASSED] - verifyNotEqual("c", "d"): Actual object 'c' and expected object 'd' are not equal

2019-05-09 12:30:47 - [MESSAGE][PASSED] - Actual object 'c' and expected object 'd' are not equal

2019-05-09 12:30:47 - [TEST_STEP][PASSED] - comment(" price changed . Quantity selector is working"):  price changed . Quantity selector is working

2019-05-09 12:30:47 - [MESSAGE][INFO] -  price changed . Quantity selector is working]]></system-out>
         <system-err><![CDATA[]]></system-err>
      </testcase>
      <testcase name="Test Cases/OCS- CRITICAL PATH/Cart flyout- increase qty" classname="Test Cases/OCS- CRITICAL PATH/Cart flyout- increase qty" status="PASSED">
         <system-out><![CDATA[2019-05-09 12:30:47 - [TEST_CASE][PASSED] - Test Cases/OCS- CRITICAL PATH/Cart flyout- increase qty: Test Cases/OCS- CRITICAL PATH/Cart flyout- increase qty

2019-05-09 12:30:48 - [TEST_STEP][PASSED] - openBrowser(""): Browser is opened with url: ''

2019-05-09 12:30:48 - [MESSAGE][WARNING] - A browser is already opened. Closing browser and opening a new one

2019-05-09 12:30:48 - [MESSAGE][INFO] - Starting 'Firefox' driver

2019-05-09 12:30:50 - [MESSAGE][PASSED] - Browser is opened with url: ''

2019-05-09 12:30:50 - [TEST_STEP][PASSED] - navigateToUrl("https://ocs.ca/?fts=0&preview_theme_id=53373863756"): Navigate to 'https://ocs.ca/?fts=0&preview_theme_id=53373863756' successfully

2019-05-09 12:31:01 - [MESSAGE][PASSED] - Navigate to 'https://ocs.ca/?fts=0&preview_theme_id=53373863756' successfully

2019-05-09 12:31:01 - [TEST_STEP][PASSED] - click(findTestObject("Object Repository/Theme_oR/Page_Ontario Cannabis Store  Ontari/button_Close preview")): Object: 'Object Repository/Theme_oR/Page_Ontario Cannabis Store  Ontari/button_Close preview' is clicked on

2019-05-09 12:31:03 - [MESSAGE][PASSED] - Object: 'Object Repository/Theme_oR/Page_Ontario Cannabis Store  Ontari/button_Close preview' is clicked on

2019-05-09 12:31:03 - [TEST_STEP][PASSED] - maximizeWindow(): Current window maximized

2019-05-09 12:31:03 - [MESSAGE][PASSED] - Current window maximized

2019-05-09 12:31:03 - [TEST_STEP][PASSED] - selectOptionByValue(findTestObject("cart flyout_OR/Page_Ontario Cannabis Store  Ontari/select_Select01020304050607080"), "18", true): All options with value '18' are selected in object 'Object Repository/cart flyout_OR/Page_Ontario Cannabis Store  Ontari/select_Select01020304050607080'  using regular expression

2019-05-09 12:31:04 - [MESSAGE][PASSED] - All options with value '18' are selected in object 'Object Repository/cart flyout_OR/Page_Ontario Cannabis Store  Ontari/select_Select01020304050607080'  using regular expression

2019-05-09 12:31:04 - [TEST_STEP][PASSED] - selectOptionByValue(findTestObject("cart flyout_OR/Page_Ontario Cannabis Store  Ontari/select_SelectJanuary - 01Febru"), "9", true): All options with value '9' are selected in object 'Object Repository/cart flyout_OR/Page_Ontario Cannabis Store  Ontari/select_SelectJanuary - 01Febru'  using regular expression

2019-05-09 12:31:04 - [MESSAGE][PASSED] - All options with value '9' are selected in object 'Object Repository/cart flyout_OR/Page_Ontario Cannabis Store  Ontari/select_SelectJanuary - 01Febru'  using regular expression

2019-05-09 12:31:04 - [TEST_STEP][PASSED] - selectOptionByValue(findTestObject("cart flyout_OR/Page_Ontario Cannabis Store  Ontari/select_Select20182017201620152"), "1933", true): All options with value '1933' are selected in object 'Object Repository/cart flyout_OR/Page_Ontario Cannabis Store  Ontari/select_Select20182017201620152'  using regular expression

2019-05-09 12:31:06 - [MESSAGE][PASSED] - All options with value '1933' are selected in object 'Object Repository/cart flyout_OR/Page_Ontario Cannabis Store  Ontari/select_Select20182017201620152'  using regular expression

2019-05-09 12:31:06 - [TEST_STEP][PASSED] - click(findTestObject("cart flyout_OR/Page_Ontario Cannabis Store  Ontari/button_Verify")): Object: 'Object Repository/cart flyout_OR/Page_Ontario Cannabis Store  Ontari/button_Verify' is clicked on

2019-05-09 12:31:06 - [MESSAGE][PASSED] - Object: 'Object Repository/cart flyout_OR/Page_Ontario Cannabis Store  Ontari/button_Verify' is clicked on

2019-05-09 12:31:06 - [TEST_STEP][PASSED] - click(findTestObject("cart flyout_OR/Page_Ontario Cannabis Store  Ontari/span_CONFIRM AND ACKNOWLEDGE_c")): Object: 'Object Repository/cart flyout_OR/Page_Ontario Cannabis Store  Ontari/span_CONFIRM AND ACKNOWLEDGE_c' is clicked on

2019-05-09 12:31:07 - [MESSAGE][PASSED] - Object: 'Object Repository/cart flyout_OR/Page_Ontario Cannabis Store  Ontari/span_CONFIRM AND ACKNOWLEDGE_c' is clicked on

2019-05-09 12:31:07 - [TEST_STEP][PASSED] - click(findTestObject("cart flyout_OR/Page_Ontario Cannabis Store  Ontari/button_CONFIRM")): Object: 'Object Repository/cart flyout_OR/Page_Ontario Cannabis Store  Ontari/button_CONFIRM' is clicked on

2019-05-09 12:31:07 - [MESSAGE][PASSED] - Object: 'Object Repository/cart flyout_OR/Page_Ontario Cannabis Store  Ontari/button_CONFIRM' is clicked on

2019-05-09 12:31:07 - [TEST_STEP][PASSED] - click(findTestObject("cart flyout_OR/Page_Ontario Cannabis Store  Ontari/button_Start Browsing")): Object: 'Object Repository/cart flyout_OR/Page_Ontario Cannabis Store  Ontari/button_Start Browsing' is clicked on

2019-05-09 12:31:07 - [MESSAGE][PASSED] - Object: 'Object Repository/cart flyout_OR/Page_Ontario Cannabis Store  Ontari/button_Start Browsing' is clicked on

2019-05-09 12:31:07 - [TEST_STEP][PASSED] - mouseOver(findTestObject("OCS_CRITICAL PATH/Cartflyout-decrease qty _OR/Page_Ontario Cannabis Store  Ontari/h3_Cannabis")): Object: 'Object Repository/OCS_CRITICAL PATH/Cartflyout-decrease qty _OR/Page_Ontario Cannabis Store  Ontari/h3_Cannabis' is hovered

2019-05-09 12:31:07 - [MESSAGE][PASSED] - Object: 'Object Repository/OCS_CRITICAL PATH/Cartflyout-decrease qty _OR/Page_Ontario Cannabis Store  Ontari/h3_Cannabis' is hovered

2019-05-09 12:31:07 - [TEST_STEP][PASSED] - delay(2): Delayed 2 second(s)

2019-05-09 12:31:09 - [MESSAGE][PASSED] - Delayed 2 second(s)

2019-05-09 12:31:09 - [TEST_STEP][PASSED] - click(findTestObject("OCS_CRITICAL PATH/Cartflyout-decrease qty _OR/Page_Ontario Cannabis Store  Ontari/span_Indica Dominant")): Object: 'Object Repository/OCS_CRITICAL PATH/Cartflyout-decrease qty _OR/Page_Ontario Cannabis Store  Ontari/span_Indica Dominant' is clicked on

2019-05-09 12:31:12 - [MESSAGE][PASSED] - Object: 'Object Repository/OCS_CRITICAL PATH/Cartflyout-decrease qty _OR/Page_Ontario Cannabis Store  Ontari/span_Indica Dominant' is clicked on

2019-05-09 12:31:12 - [TEST_STEP][PASSED] - delay(3): Delayed 3 second(s)

2019-05-09 12:31:15 - [MESSAGE][PASSED] - Delayed 3 second(s)

2019-05-09 12:31:15 - [TEST_STEP][PASSED] - click(findTestObject("OCS_CRITICAL PATH/Cartflyout-decrease qty _OR/Page_Indica Dominant Dried Flower/h3_Shishkaberry")): Object: 'Object Repository/OCS_CRITICAL PATH/Cartflyout-decrease qty _OR/Page_Indica Dominant Dried Flower/h3_Shishkaberry' is clicked on

2019-05-09 12:31:16 - [MESSAGE][PASSED] - Object: 'Object Repository/OCS_CRITICAL PATH/Cartflyout-decrease qty _OR/Page_Indica Dominant Dried Flower/h3_Shishkaberry' is clicked on

2019-05-09 12:31:16 - [TEST_STEP][PASSED] - click(findTestObject("OCS_CRITICAL PATH/Cartflyout-decrease qty _OR/Page_Shishkaberry  Ontario Cannabis/div_3.5g")): Object: 'Object Repository/OCS_CRITICAL PATH/Cartflyout-decrease qty _OR/Page_Shishkaberry  Ontario Cannabis/div_3.5g' is clicked on

2019-05-09 12:31:17 - [MESSAGE][PASSED] - Object: 'Object Repository/OCS_CRITICAL PATH/Cartflyout-decrease qty _OR/Page_Shishkaberry  Ontario Cannabis/div_3.5g' is clicked on

2019-05-09 12:31:17 - [TEST_STEP][PASSED] - delay(2): Delayed 2 second(s)

2019-05-09 12:31:19 - [MESSAGE][PASSED] - Delayed 2 second(s)

2019-05-09 12:31:19 - [TEST_STEP][NOT_RUN] - click(findTestObject("Object Repository/cart flyout_OR/Page_Shishkaberry  Ontario Cannabis/button_")): NOT_RUN: click(findTestObject("Object Repository/cart flyout_OR/Page_Shishkaberry  Ontario Cannabis/button_"))

2019-05-09 12:31:19 - [MESSAGE][NOT_RUN] - NOT_RUN: click(findTestObject("Object Repository/cart flyout_OR/Page_Shishkaberry  Ontario Cannabis/button_"))

2019-05-09 12:31:19 - [TEST_STEP][PASSED] - click(findTestObject("OCS_CRITICAL PATH/Cartflyout-decrease qty _OR/Page_Shishkaberry  Ontario Cannabis/span_Add to Bag")): Object: 'Object Repository/OCS_CRITICAL PATH/Cartflyout-decrease qty _OR/Page_Shishkaberry  Ontario Cannabis/span_Add to Bag' is clicked on

2019-05-09 12:31:19 - [MESSAGE][PASSED] - Object: 'Object Repository/OCS_CRITICAL PATH/Cartflyout-decrease qty _OR/Page_Shishkaberry  Ontario Cannabis/span_Add to Bag' is clicked on

2019-05-09 12:31:19 - [TEST_STEP][PASSED] - a = getText(findTestObject("cart flyout_OR/Page_Shishkaberry  Ontario Cannabis/div_129.60 (1)")): Text of object 'Object Repository/cart flyout_OR/Page_Shishkaberry  Ontario Cannabis/div_129.60 (1)' is: '$32.40'

2019-05-09 12:31:20 - [MESSAGE][PASSED] - Text of object 'Object Repository/cart flyout_OR/Page_Shishkaberry  Ontario Cannabis/div_129.60 (1)' is: '$32.40'

2019-05-09 12:31:20 - [TEST_STEP][PASSED] - comment(a): $32.40

2019-05-09 12:31:20 - [MESSAGE][INFO] - $32.40

2019-05-09 12:31:20 - [TEST_STEP][PASSED] - b = a.substring(1): null

2019-05-09 12:31:20 - [TEST_STEP][PASSED] - comment(b): 32.40

2019-05-09 12:31:20 - [MESSAGE][INFO] - 32.40

2019-05-09 12:31:20 - [TEST_STEP][PASSED] - setText(findTestObject("cart flyout_OR/Page_Shishkaberry  Ontario Cannabis/input_-_updates"), "3"): Text '3' is set on object 'Object Repository/cart flyout_OR/Page_Shishkaberry  Ontario Cannabis/input_-_updates'

2019-05-09 12:31:20 - [MESSAGE][PASSED] - Text '3' is set on object 'Object Repository/cart flyout_OR/Page_Shishkaberry  Ontario Cannabis/input_-_updates'

2019-05-09 12:31:20 - [TEST_STEP][PASSED] - delay(2): Delayed 2 second(s)

2019-05-09 12:31:22 - [MESSAGE][PASSED] - Delayed 2 second(s)

2019-05-09 12:31:22 - [TEST_STEP][PASSED] - click(findTestObject("Object Repository/cart flyout_OR/Page_Shishkaberry  Ontario Cannabis/i__icon--plus")): Object: 'Object Repository/cart flyout_OR/Page_Shishkaberry  Ontario Cannabis/i__icon--plus' is clicked on

2019-05-09 12:31:23 - [MESSAGE][PASSED] - Object: 'Object Repository/cart flyout_OR/Page_Shishkaberry  Ontario Cannabis/i__icon--plus' is clicked on

2019-05-09 12:31:23 - [TEST_STEP][PASSED] - delay(2): Delayed 2 second(s)

2019-05-09 12:31:25 - [MESSAGE][PASSED] - Delayed 2 second(s)

2019-05-09 12:31:25 - [TEST_STEP][PASSED] - click(findTestObject("Object Repository/cart flyout_OR/Page_Shishkaberry  Ontario Cannabis/i__icon--plus")): Object: 'Object Repository/cart flyout_OR/Page_Shishkaberry  Ontario Cannabis/i__icon--plus' is clicked on

2019-05-09 12:31:25 - [MESSAGE][PASSED] - Object: 'Object Repository/cart flyout_OR/Page_Shishkaberry  Ontario Cannabis/i__icon--plus' is clicked on

2019-05-09 12:31:25 - [TEST_STEP][PASSED] - delay(2): Delayed 2 second(s)

2019-05-09 12:31:27 - [MESSAGE][PASSED] - Delayed 2 second(s)

2019-05-09 12:31:27 - [TEST_STEP][PASSED] - click(findTestObject("Object Repository/cart flyout_OR/Page_Shishkaberry  Ontario Cannabis/i__icon--plus")): Object: 'Object Repository/cart flyout_OR/Page_Shishkaberry  Ontario Cannabis/i__icon--plus' is clicked on

2019-05-09 12:31:27 - [MESSAGE][PASSED] - Object: 'Object Repository/cart flyout_OR/Page_Shishkaberry  Ontario Cannabis/i__icon--plus' is clicked on

2019-05-09 12:31:27 - [TEST_STEP][PASSED] - delay(2): Delayed 2 second(s)

2019-05-09 12:31:29 - [MESSAGE][PASSED] - Delayed 2 second(s)

2019-05-09 12:31:29 - [TEST_STEP][PASSED] - c = getText(findTestObject("Object Repository/cart flyout_OR/Page_Shishkaberry  Ontario Cannabis/div_129.60 (1)")): Text of object 'Object Repository/cart flyout_OR/Page_Shishkaberry  Ontario Cannabis/div_129.60 (1)' is: '$129.60'

2019-05-09 12:31:29 - [MESSAGE][PASSED] - Text of object 'Object Repository/cart flyout_OR/Page_Shishkaberry  Ontario Cannabis/div_129.60 (1)' is: '$129.60'

2019-05-09 12:31:29 - [TEST_STEP][PASSED] - comment(c): $129.60

2019-05-09 12:31:29 - [MESSAGE][INFO] - $129.60

2019-05-09 12:31:29 - [TEST_STEP][PASSED] - d = c.substring(1): null

2019-05-09 12:31:29 - [TEST_STEP][PASSED] - comment(d): 129.60

2019-05-09 12:31:29 - [MESSAGE][INFO] - 129.60

2019-05-09 12:31:29 - [TEST_STEP][PASSED] - verifyNotEqual("c", "d"): Actual object 'c' and expected object 'd' are not equal

2019-05-09 12:31:29 - [MESSAGE][PASSED] - Actual object 'c' and expected object 'd' are not equal

2019-05-09 12:31:29 - [TEST_STEP][PASSED] - comment(" price changed . Quantity selector is working"):  price changed . Quantity selector is working

2019-05-09 12:31:29 - [MESSAGE][INFO] -  price changed . Quantity selector is working

2019-05-09 12:31:29 - [TEST_STEP][PASSED] - openBrowser(""): Browser is opened with url: ''

2019-05-09 12:31:29 - [MESSAGE][WARNING] - A browser is already opened. Closing browser and opening a new one

2019-05-09 12:31:30 - [MESSAGE][INFO] - Starting 'Firefox' driver

2019-05-09 12:31:32 - [MESSAGE][PASSED] - Browser is opened with url: '']]></system-out>
         <system-err><![CDATA[]]></system-err>
      </testcase>
      <testcase name="Test Cases/OCS- CRITICAL PATH/Cart flyout-price comparison" classname="Test Cases/OCS- CRITICAL PATH/Cart flyout-price comparison" status="FAILED">
         <failure type="FAILED" message="Test Cases/OCS- CRITICAL PATH/Cart flyout-price comparison FAILED.
Reason:
com.kms.katalon.core.exception.StepFailedException: Unable to click on object 'Object Repository/OCS_CRITICAL PATH/cart flyout- price/Page_Ontario Cannabis Store  Ontari/span_Indica Dominant' (Root cause: org.openqa.selenium.ElementNotInteractableException: Element &lt;span> could not be scrolled into view
Build info: version: '3.7.1', revision: '8a0099a', time: '2017-11-06T21:07:36.161Z'
System info: host: 'sumans-MacBook-Pro.local', ip: 'fe80:0:0:0:10eb:5cc2:8353:8144%en0', os.name: 'Mac OS X', os.arch: 'x86_64', os.version: '10.13.6', java.version: '1.8.0_181'
Driver info: com.kms.katalon.core.webui.driver.firefox.CGeckoDriver
Capabilities {acceptInsecureCerts: true, browserName: firefox, browserVersion: 66.0.3, javascriptEnabled: true, moz:accessibilityChecks: false, moz:geckodriverVersion: 0.23.0, moz:headless: false, moz:processID: 2203, moz:profile: /var/folders/1t/c55l8xzs6gq..., moz:shutdownTimeout: 60000, moz:useNonSpecCompliantPointerOrigin: false, moz:webdriverClick: true, pageLoadStrategy: normal, platform: MAC, platformName: MAC, platformVersion: 17.7.0, proxy: Proxy(direct), rotatable: false, setWindowRect: true, strictFileInteractability: false, timeouts: {implicit: 0, pageLoad: 300000, script: 30000}, unhandledPromptBehavior: dismiss and notify}
Session ID: 97bfd092-d3ec-6d45-9f69-fdf9a99abcc7)
	at com.kms.katalon.core.keyword.internal.KeywordMain.stepFailed(KeywordMain.groovy:36)
	at com.kms.katalon.core.webui.keyword.internal.WebUIKeywordMain.stepFailed(WebUIKeywordMain.groovy:65)
	at com.kms.katalon.core.webui.keyword.internal.WebUIKeywordMain.runKeyword(WebUIKeywordMain.groovy:27)
	at com.kms.katalon.core.webui.keyword.builtin.ClickKeyword.click(ClickKeyword.groovy:86)
	at com.kms.katalon.core.webui.keyword.builtin.ClickKeyword.execute(ClickKeyword.groovy:67)
	at com.kms.katalon.core.keyword.internal.KeywordExecutor.executeKeywordForPlatform(KeywordExecutor.groovy:53)
	at com.kms.katalon.core.webui.keyword.WebUiBuiltInKeywords.click(WebUiBuiltInKeywords.groovy:616)
	at com.kms.katalon.core.webui.keyword.WebUiBuiltInKeywords$click$1.call(Unknown Source)
	at Cart flyout-price comparison.run(Cart flyout-price comparison:65)
	at com.kms.katalon.core.main.ScriptEngine.run(ScriptEngine.java:194)
	at com.kms.katalon.core.main.ScriptEngine.runScriptAsRawText(ScriptEngine.java:119)
	at com.kms.katalon.core.main.TestCaseExecutor.runScript(TestCaseExecutor.java:328)
	at com.kms.katalon.core.main.TestCaseExecutor.doExecute(TestCaseExecutor.java:319)
	at com.kms.katalon.core.main.TestCaseExecutor.processExecutionPhase(TestCaseExecutor.java:298)
	at com.kms.katalon.core.main.TestCaseExecutor.accessMainPhase(TestCaseExecutor.java:290)
	at com.kms.katalon.core.main.TestCaseExecutor.execute(TestCaseExecutor.java:224)
	at com.kms.katalon.core.main.TestSuiteExecutor.accessTestCaseMainPhase(TestSuiteExecutor.java:129)
	at com.kms.katalon.core.main.TestSuiteExecutor.accessTestSuiteMainPhase(TestSuiteExecutor.java:112)
	at com.kms.katalon.core.main.TestSuiteExecutor.execute(TestSuiteExecutor.java:81)
	at com.kms.katalon.core.main.TestCaseMain.startTestSuite(TestCaseMain.java:149)
	at com.kms.katalon.core.main.TestCaseMain$startTestSuite$0.call(Unknown Source)
	at TempTestSuite1557419302043.run(TempTestSuite1557419302043.groovy:36)
"/>
         <system-out><![CDATA[2019-05-09 12:31:32 - [TEST_CASE][FAILED] - Test Cases/OCS- CRITICAL PATH/Cart flyout-price comparison: Test Cases/OCS- CRITICAL PATH/Cart flyout-price comparison FAILED.
Reason:
com.kms.katalon.core.exception.StepFailedException: Unable to click on object 'Object Repository/OCS_CRITICAL PATH/cart flyout- price/Page_Ontario Cannabis Store  Ontari/span_Indica Dominant' (Root cause: org.openqa.selenium.ElementNotInteractableException: Element <span> could not be scrolled into view
Build info: version: '3.7.1', revision: '8a0099a', time: '2017-11-06T21:07:36.161Z'
System info: host: 'sumans-MacBook-Pro.local', ip: 'fe80:0:0:0:10eb:5cc2:8353:8144%en0', os.name: 'Mac OS X', os.arch: 'x86_64', os.version: '10.13.6', java.version: '1.8.0_181'
Driver info: com.kms.katalon.core.webui.driver.firefox.CGeckoDriver
Capabilities {acceptInsecureCerts: true, browserName: firefox, browserVersion: 66.0.3, javascriptEnabled: true, moz:accessibilityChecks: false, moz:geckodriverVersion: 0.23.0, moz:headless: false, moz:processID: 2203, moz:profile: /var/folders/1t/c55l8xzs6gq..., moz:shutdownTimeout: 60000, moz:useNonSpecCompliantPointerOrigin: false, moz:webdriverClick: true, pageLoadStrategy: normal, platform: MAC, platformName: MAC, platformVersion: 17.7.0, proxy: Proxy(direct), rotatable: false, setWindowRect: true, strictFileInteractability: false, timeouts: {implicit: 0, pageLoad: 300000, script: 30000}, unhandledPromptBehavior: dismiss and notify}
Session ID: 97bfd092-d3ec-6d45-9f69-fdf9a99abcc7)
	at com.kms.katalon.core.keyword.internal.KeywordMain.stepFailed(KeywordMain.groovy:36)
	at com.kms.katalon.core.webui.keyword.internal.WebUIKeywordMain.stepFailed(WebUIKeywordMain.groovy:65)
	at com.kms.katalon.core.webui.keyword.internal.WebUIKeywordMain.runKeyword(WebUIKeywordMain.groovy:27)
	at com.kms.katalon.core.webui.keyword.builtin.ClickKeyword.click(ClickKeyword.groovy:86)
	at com.kms.katalon.core.webui.keyword.builtin.ClickKeyword.execute(ClickKeyword.groovy:67)
	at com.kms.katalon.core.keyword.internal.KeywordExecutor.executeKeywordForPlatform(KeywordExecutor.groovy:53)
	at com.kms.katalon.core.webui.keyword.WebUiBuiltInKeywords.click(WebUiBuiltInKeywords.groovy:616)
	at com.kms.katalon.core.webui.keyword.WebUiBuiltInKeywords$click$1.call(Unknown Source)
	at Cart flyout-price comparison.run(Cart flyout-price comparison:65)
	at com.kms.katalon.core.main.ScriptEngine.run(ScriptEngine.java:194)
	at com.kms.katalon.core.main.ScriptEngine.runScriptAsRawText(ScriptEngine.java:119)
	at com.kms.katalon.core.main.TestCaseExecutor.runScript(TestCaseExecutor.java:328)
	at com.kms.katalon.core.main.TestCaseExecutor.doExecute(TestCaseExecutor.java:319)
	at com.kms.katalon.core.main.TestCaseExecutor.processExecutionPhase(TestCaseExecutor.java:298)
	at com.kms.katalon.core.main.TestCaseExecutor.accessMainPhase(TestCaseExecutor.java:290)
	at com.kms.katalon.core.main.TestCaseExecutor.execute(TestCaseExecutor.java:224)
	at com.kms.katalon.core.main.TestSuiteExecutor.accessTestCaseMainPhase(TestSuiteExecutor.java:129)
	at com.kms.katalon.core.main.TestSuiteExecutor.accessTestSuiteMainPhase(TestSuiteExecutor.java:112)
	at com.kms.katalon.core.main.TestSuiteExecutor.execute(TestSuiteExecutor.java:81)
	at com.kms.katalon.core.main.TestCaseMain.startTestSuite(TestCaseMain.java:149)
	at com.kms.katalon.core.main.TestCaseMain$startTestSuite$0.call(Unknown Source)
	at TempTestSuite1557419302043.run(TempTestSuite1557419302043.groovy:36)


2019-05-09 12:31:32 - [TEST_STEP][PASSED] - openBrowser(""): Browser is opened with url: ''

2019-05-09 12:31:32 - [MESSAGE][WARNING] - A browser is already opened. Closing browser and opening a new one

2019-05-09 12:31:33 - [MESSAGE][INFO] - Starting 'Firefox' driver

2019-05-09 12:31:35 - [MESSAGE][PASSED] - Browser is opened with url: ''

2019-05-09 12:31:35 - [TEST_STEP][PASSED] - navigateToUrl("https://ocs.ca/?fts=0&preview_theme_id=53373863756"): Navigate to 'https://ocs.ca/?fts=0&preview_theme_id=53373863756' successfully

2019-05-09 12:31:40 - [MESSAGE][PASSED] - Navigate to 'https://ocs.ca/?fts=0&preview_theme_id=53373863756' successfully

2019-05-09 12:31:40 - [TEST_STEP][PASSED] - click(findTestObject("Object Repository/Theme_oR/Page_Ontario Cannabis Store  Ontari/button_Close preview")): Object: 'Object Repository/Theme_oR/Page_Ontario Cannabis Store  Ontari/button_Close preview' is clicked on

2019-05-09 12:31:41 - [MESSAGE][PASSED] - Object: 'Object Repository/Theme_oR/Page_Ontario Cannabis Store  Ontari/button_Close preview' is clicked on

2019-05-09 12:31:41 - [TEST_STEP][PASSED] - selectOptionByValue(findTestObject("OCS_CRITICAL PATH/cart flyout- price/Page_Ontario Cannabis Store  Ontari/select_Select01020304050607080"), "17", true): All options with value '17' are selected in object 'Object Repository/OCS_CRITICAL PATH/cart flyout- price/Page_Ontario Cannabis Store  Ontari/select_Select01020304050607080'  using regular expression

2019-05-09 12:31:43 - [MESSAGE][PASSED] - All options with value '17' are selected in object 'Object Repository/OCS_CRITICAL PATH/cart flyout- price/Page_Ontario Cannabis Store  Ontari/select_Select01020304050607080'  using regular expression

2019-05-09 12:31:43 - [TEST_STEP][PASSED] - selectOptionByValue(findTestObject("OCS_CRITICAL PATH/cart flyout- price/Page_Ontario Cannabis Store  Ontari/select_SelectJanuary - 01Febru"), "4", true): All options with value '4' are selected in object 'Object Repository/OCS_CRITICAL PATH/cart flyout- price/Page_Ontario Cannabis Store  Ontari/select_SelectJanuary - 01Febru'  using regular expression

2019-05-09 12:31:43 - [MESSAGE][PASSED] - All options with value '4' are selected in object 'Object Repository/OCS_CRITICAL PATH/cart flyout- price/Page_Ontario Cannabis Store  Ontari/select_SelectJanuary - 01Febru'  using regular expression

2019-05-09 12:31:43 - [TEST_STEP][PASSED] - selectOptionByValue(findTestObject("OCS_CRITICAL PATH/cart flyout- price/Page_Ontario Cannabis Store  Ontari/select_Select20182017201620152"), "1959", true): All options with value '1959' are selected in object 'Object Repository/OCS_CRITICAL PATH/cart flyout- price/Page_Ontario Cannabis Store  Ontari/select_Select20182017201620152'  using regular expression

2019-05-09 12:31:45 - [MESSAGE][PASSED] - All options with value '1959' are selected in object 'Object Repository/OCS_CRITICAL PATH/cart flyout- price/Page_Ontario Cannabis Store  Ontari/select_Select20182017201620152'  using regular expression

2019-05-09 12:31:45 - [TEST_STEP][PASSED] - click(findTestObject("OCS_CRITICAL PATH/cart flyout- price/Page_Ontario Cannabis Store  Ontari/button_Verify")): Object: 'Object Repository/OCS_CRITICAL PATH/cart flyout- price/Page_Ontario Cannabis Store  Ontari/button_Verify' is clicked on

2019-05-09 12:31:45 - [MESSAGE][PASSED] - Object: 'Object Repository/OCS_CRITICAL PATH/cart flyout- price/Page_Ontario Cannabis Store  Ontari/button_Verify' is clicked on

2019-05-09 12:31:45 - [TEST_STEP][PASSED] - click(findTestObject("OCS_CRITICAL PATH/cart flyout- price/Page_Ontario Cannabis Store  Ontari/span_CONFIRM AND ACKNOWLEDGE_c")): Object: 'Object Repository/OCS_CRITICAL PATH/cart flyout- price/Page_Ontario Cannabis Store  Ontari/span_CONFIRM AND ACKNOWLEDGE_c' is clicked on

2019-05-09 12:31:45 - [MESSAGE][PASSED] - Object: 'Object Repository/OCS_CRITICAL PATH/cart flyout- price/Page_Ontario Cannabis Store  Ontari/span_CONFIRM AND ACKNOWLEDGE_c' is clicked on

2019-05-09 12:31:45 - [TEST_STEP][PASSED] - click(findTestObject("OCS_CRITICAL PATH/cart flyout- price/Page_Ontario Cannabis Store  Ontari/button_CONFIRM")): Object: 'Object Repository/OCS_CRITICAL PATH/cart flyout- price/Page_Ontario Cannabis Store  Ontari/button_CONFIRM' is clicked on

2019-05-09 12:31:46 - [MESSAGE][PASSED] - Object: 'Object Repository/OCS_CRITICAL PATH/cart flyout- price/Page_Ontario Cannabis Store  Ontari/button_CONFIRM' is clicked on

2019-05-09 12:31:46 - [TEST_STEP][PASSED] - click(findTestObject("OCS_CRITICAL PATH/cart flyout- price/Page_Ontario Cannabis Store  Ontari/button_Start Browsing")): Object: 'Object Repository/OCS_CRITICAL PATH/cart flyout- price/Page_Ontario Cannabis Store  Ontari/button_Start Browsing' is clicked on

2019-05-09 12:31:46 - [MESSAGE][PASSED] - Object: 'Object Repository/OCS_CRITICAL PATH/cart flyout- price/Page_Ontario Cannabis Store  Ontari/button_Start Browsing' is clicked on

2019-05-09 12:31:46 - [TEST_STEP][PASSED] - delay(2): Delayed 2 second(s)

2019-05-09 12:31:48 - [MESSAGE][PASSED] - Delayed 2 second(s)

2019-05-09 12:31:48 - [TEST_STEP][PASSED] - mouseOver(findTestObject("OCS_CRITICAL PATH/cart flyout- price/Page_Ontario Cannabis Store  Ontari/h3_Cannabis")): Object: 'Object Repository/OCS_CRITICAL PATH/cart flyout- price/Page_Ontario Cannabis Store  Ontari/h3_Cannabis' is hovered

2019-05-09 12:31:48 - [MESSAGE][PASSED] - Object: 'Object Repository/OCS_CRITICAL PATH/cart flyout- price/Page_Ontario Cannabis Store  Ontari/h3_Cannabis' is hovered

2019-05-09 12:31:48 - [TEST_STEP][PASSED] - delay(2): Delayed 2 second(s)

2019-05-09 12:31:50 - [MESSAGE][PASSED] - Delayed 2 second(s)

2019-05-09 12:31:50 - [TEST_STEP][PASSED] - click(findTestObject("OCS_CRITICAL PATH/cart flyout- price/Page_Ontario Cannabis Store  Ontari/span_Indica Dominant")): Object: 'Object Repository/OCS_CRITICAL PATH/cart flyout- price/Page_Ontario Cannabis Store  Ontari/span_Indica Dominant' is clicked on

2019-05-09 12:31:53 - [MESSAGE][PASSED] - Object: 'Object Repository/OCS_CRITICAL PATH/cart flyout- price/Page_Ontario Cannabis Store  Ontari/span_Indica Dominant' is clicked on

2019-05-09 12:31:53 - [TEST_STEP][NOT_RUN] - click(findTestObject("Recently viewed_OR/Page_Shishkaberry  Ontario Cannabis/img")): NOT_RUN: click(findTestObject("Recently viewed_OR/Page_Shishkaberry  Ontario Cannabis/img"))

2019-05-09 12:31:53 - [MESSAGE][NOT_RUN] - NOT_RUN: click(findTestObject("Recently viewed_OR/Page_Shishkaberry  Ontario Cannabis/img"))

2019-05-09 12:31:53 - [TEST_STEP][PASSED] - click(findTestObject("Object Repository/CART FLYOUT-accessories_OR/Page_Indica Dominant Dried Flower/h3_Shishkaberry")): Object: 'Object Repository/CART FLYOUT-accessories_OR/Page_Indica Dominant Dried Flower/h3_Shishkaberry' is clicked on

2019-05-09 12:31:55 - [MESSAGE][PASSED] - Object: 'Object Repository/CART FLYOUT-accessories_OR/Page_Indica Dominant Dried Flower/h3_Shishkaberry' is clicked on

2019-05-09 12:31:55 - [TEST_STEP][PASSED] - click(findTestObject("OCS_CRITICAL PATH/cart flyout- price/Page_Shishkaberry  Ontario Cannabis/label_3.5g")): Object: 'Object Repository/OCS_CRITICAL PATH/cart flyout- price/Page_Shishkaberry  Ontario Cannabis/label_3.5g' is clicked on

2019-05-09 12:31:56 - [MESSAGE][PASSED] - Object: 'Object Repository/OCS_CRITICAL PATH/cart flyout- price/Page_Shishkaberry  Ontario Cannabis/label_3.5g' is clicked on

2019-05-09 12:31:56 - [TEST_STEP][PASSED] - click(findTestObject("OCS_CRITICAL PATH/cart flyout- price/Page_Shishkaberry  Ontario Cannabis/button_Add to Bag32.40")): Object: 'Object Repository/OCS_CRITICAL PATH/cart flyout- price/Page_Shishkaberry  Ontario Cannabis/button_Add to Bag32.40' is clicked on

2019-05-09 12:31:56 - [MESSAGE][PASSED] - Object: 'Object Repository/OCS_CRITICAL PATH/cart flyout- price/Page_Shishkaberry  Ontario Cannabis/button_Add to Bag32.40' is clicked on

2019-05-09 12:31:56 - [TEST_STEP][PASSED] - delay(2): Delayed 2 second(s)

2019-05-09 12:31:58 - [MESSAGE][PASSED] - Delayed 2 second(s)

2019-05-09 12:31:58 - [TEST_STEP][PASSED] - click(findTestObject("OCS_CRITICAL PATH/cart flyout- price/Page_Shishkaberry  Ontario Cannabis/i_9.75_icon icon--back js-clos")): Object: 'Object Repository/OCS_CRITICAL PATH/cart flyout- price/Page_Shishkaberry  Ontario Cannabis/i_9.75_icon icon--back js-clos' is clicked on

2019-05-09 12:31:58 - [MESSAGE][PASSED] - Object: 'Object Repository/OCS_CRITICAL PATH/cart flyout- price/Page_Shishkaberry  Ontario Cannabis/i_9.75_icon icon--back js-clos' is clicked on

2019-05-09 12:31:58 - [TEST_STEP][PASSED] - delay(2): Delayed 2 second(s)

2019-05-09 12:32:00 - [MESSAGE][PASSED] - Delayed 2 second(s)

2019-05-09 12:32:00 - [TEST_STEP][PASSED] - click(findTestObject("OCS_CRITICAL PATH/cart flyout- price/Page_Ontario Cannabis Store  Ontari/h3_Cannabis")): Object: 'Object Repository/OCS_CRITICAL PATH/cart flyout- price/Page_Ontario Cannabis Store  Ontari/h3_Cannabis' is clicked on

2019-05-09 12:32:01 - [MESSAGE][PASSED] - Object: 'Object Repository/OCS_CRITICAL PATH/cart flyout- price/Page_Ontario Cannabis Store  Ontari/h3_Cannabis' is clicked on

2019-05-09 12:32:01 - [TEST_STEP][PASSED] - delay(5): Delayed 5 second(s)

2019-05-09 12:32:06 - [MESSAGE][PASSED] - Delayed 5 second(s)

2019-05-09 12:32:06 - [TEST_STEP][FAILED] - click(findTestObject("OCS_CRITICAL PATH/cart flyout- price/Page_Ontario Cannabis Store  Ontari/span_Indica Dominant")): click(findTestObject("OCS_CRITICAL PATH/cart flyout- price/Page_Ontario Cannabis Store  Ontari/span_Indica Dominant")) FAILED.
Reason:
com.kms.katalon.core.exception.StepFailedException: Unable to click on object 'Object Repository/OCS_CRITICAL PATH/cart flyout- price/Page_Ontario Cannabis Store  Ontari/span_Indica Dominant' (Root cause: org.openqa.selenium.ElementNotInteractableException: Element <span> could not be scrolled into view
Build info: version: '3.7.1', revision: '8a0099a', time: '2017-11-06T21:07:36.161Z'
System info: host: 'sumans-MacBook-Pro.local', ip: 'fe80:0:0:0:10eb:5cc2:8353:8144%en0', os.name: 'Mac OS X', os.arch: 'x86_64', os.version: '10.13.6', java.version: '1.8.0_181'
Driver info: com.kms.katalon.core.webui.driver.firefox.CGeckoDriver
Capabilities {acceptInsecureCerts: true, browserName: firefox, browserVersion: 66.0.3, javascriptEnabled: true, moz:accessibilityChecks: false, moz:geckodriverVersion: 0.23.0, moz:headless: false, moz:processID: 2203, moz:profile: /var/folders/1t/c55l8xzs6gq..., moz:shutdownTimeout: 60000, moz:useNonSpecCompliantPointerOrigin: false, moz:webdriverClick: true, pageLoadStrategy: normal, platform: MAC, platformName: MAC, platformVersion: 17.7.0, proxy: Proxy(direct), rotatable: false, setWindowRect: true, strictFileInteractability: false, timeouts: {implicit: 0, pageLoad: 300000, script: 30000}, unhandledPromptBehavior: dismiss and notify}
Session ID: 97bfd092-d3ec-6d45-9f69-fdf9a99abcc7)
	at com.kms.katalon.core.keyword.internal.KeywordMain.stepFailed(KeywordMain.groovy:36)
	at com.kms.katalon.core.webui.keyword.internal.WebUIKeywordMain.stepFailed(WebUIKeywordMain.groovy:65)
	at com.kms.katalon.core.webui.keyword.internal.WebUIKeywordMain.runKeyword(WebUIKeywordMain.groovy:27)
	at com.kms.katalon.core.webui.keyword.builtin.ClickKeyword.click(ClickKeyword.groovy:86)
	at com.kms.katalon.core.webui.keyword.builtin.ClickKeyword.execute(ClickKeyword.groovy:67)
	at com.kms.katalon.core.keyword.internal.KeywordExecutor.executeKeywordForPlatform(KeywordExecutor.groovy:53)
	at com.kms.katalon.core.webui.keyword.WebUiBuiltInKeywords.click(WebUiBuiltInKeywords.groovy:616)
	at com.kms.katalon.core.webui.keyword.WebUiBuiltInKeywords$click$1.call(Unknown Source)
	at Cart flyout-price comparison.run(Cart flyout-price comparison:65)
	at com.kms.katalon.core.main.ScriptEngine.run(ScriptEngine.java:194)
	at com.kms.katalon.core.main.ScriptEngine.runScriptAsRawText(ScriptEngine.java:119)
	at com.kms.katalon.core.main.TestCaseExecutor.runScript(TestCaseExecutor.java:328)
	at com.kms.katalon.core.main.TestCaseExecutor.doExecute(TestCaseExecutor.java:319)
	at com.kms.katalon.core.main.TestCaseExecutor.processExecutionPhase(TestCaseExecutor.java:298)
	at com.kms.katalon.core.main.TestCaseExecutor.accessMainPhase(TestCaseExecutor.java:290)
	at com.kms.katalon.core.main.TestCaseExecutor.execute(TestCaseExecutor.java:224)
	at com.kms.katalon.core.main.TestSuiteExecutor.accessTestCaseMainPhase(TestSuiteExecutor.java:129)
	at com.kms.katalon.core.main.TestSuiteExecutor.accessTestSuiteMainPhase(TestSuiteExecutor.java:112)
	at com.kms.katalon.core.main.TestSuiteExecutor.execute(TestSuiteExecutor.java:81)
	at com.kms.katalon.core.main.TestCaseMain.startTestSuite(TestCaseMain.java:149)
	at com.kms.katalon.core.main.TestCaseMain$startTestSuite$0.call(Unknown Source)
	at TempTestSuite1557419302043.run(TempTestSuite1557419302043.groovy:36)


2019-05-09 12:32:06 - [MESSAGE][FAILED] - Unable to click on object 'Object Repository/OCS_CRITICAL PATH/cart flyout- price/Page_Ontario Cannabis Store  Ontari/span_Indica Dominant' (Root cause: org.openqa.selenium.ElementNotInteractableException: Element <span> could not be scrolled into view
Build info: version: '3.7.1', revision: '8a0099a', time: '2017-11-06T21:07:36.161Z'
System info: host: 'sumans-MacBook-Pro.local', ip: 'fe80:0:0:0:10eb:5cc2:8353:8144%en0', os.name: 'Mac OS X', os.arch: 'x86_64', os.version: '10.13.6', java.version: '1.8.0_181'
Driver info: com.kms.katalon.core.webui.driver.firefox.CGeckoDriver
Capabilities {acceptInsecureCerts: true, browserName: firefox, browserVersion: 66.0.3, javascriptEnabled: true, moz:accessibilityChecks: false, moz:geckodriverVersion: 0.23.0, moz:headless: false, moz:processID: 2203, moz:profile: /var/folders/1t/c55l8xzs6gq..., moz:shutdownTimeout: 60000, moz:useNonSpecCompliantPointerOrigin: false, moz:webdriverClick: true, pageLoadStrategy: normal, platform: MAC, platformName: MAC, platformVersion: 17.7.0, proxy: Proxy(direct), rotatable: false, setWindowRect: true, strictFileInteractability: false, timeouts: {implicit: 0, pageLoad: 300000, script: 30000}, unhandledPromptBehavior: dismiss and notify}
Session ID: 97bfd092-d3ec-6d45-9f69-fdf9a99abcc7)
[[ATTACHMENT|/Users/sumankompelly/git/Sample-OCS/Reports/OCS-09-05-2019 - Theme2/CRITICAL PATH - 09-05-2019/20190509_122822/1557419526176.png]]

2019-05-09 12:32:06 - [MESSAGE][FAILED] - click(findTestObject("OCS_CRITICAL PATH/cart flyout- price/Page_Ontario Cannabis Store  Ontari/span_Indica Dominant")) FAILED.
Reason:
com.kms.katalon.core.exception.StepFailedException: Unable to click on object 'Object Repository/OCS_CRITICAL PATH/cart flyout- price/Page_Ontario Cannabis Store  Ontari/span_Indica Dominant' (Root cause: org.openqa.selenium.ElementNotInteractableException: Element <span> could not be scrolled into view
Build info: version: '3.7.1', revision: '8a0099a', time: '2017-11-06T21:07:36.161Z'
System info: host: 'sumans-MacBook-Pro.local', ip: 'fe80:0:0:0:10eb:5cc2:8353:8144%en0', os.name: 'Mac OS X', os.arch: 'x86_64', os.version: '10.13.6', java.version: '1.8.0_181'
Driver info: com.kms.katalon.core.webui.driver.firefox.CGeckoDriver
Capabilities {acceptInsecureCerts: true, browserName: firefox, browserVersion: 66.0.3, javascriptEnabled: true, moz:accessibilityChecks: false, moz:geckodriverVersion: 0.23.0, moz:headless: false, moz:processID: 2203, moz:profile: /var/folders/1t/c55l8xzs6gq..., moz:shutdownTimeout: 60000, moz:useNonSpecCompliantPointerOrigin: false, moz:webdriverClick: true, pageLoadStrategy: normal, platform: MAC, platformName: MAC, platformVersion: 17.7.0, proxy: Proxy(direct), rotatable: false, setWindowRect: true, strictFileInteractability: false, timeouts: {implicit: 0, pageLoad: 300000, script: 30000}, unhandledPromptBehavior: dismiss and notify}
Session ID: 97bfd092-d3ec-6d45-9f69-fdf9a99abcc7)
	at com.kms.katalon.core.keyword.internal.KeywordMain.stepFailed(KeywordMain.groovy:36)
	at com.kms.katalon.core.webui.keyword.internal.WebUIKeywordMain.stepFailed(WebUIKeywordMain.groovy:65)
	at com.kms.katalon.core.webui.keyword.internal.WebUIKeywordMain.runKeyword(WebUIKeywordMain.groovy:27)
	at com.kms.katalon.core.webui.keyword.builtin.ClickKeyword.click(ClickKeyword.groovy:86)
	at com.kms.katalon.core.webui.keyword.builtin.ClickKeyword.execute(ClickKeyword.groovy:67)
	at com.kms.katalon.core.keyword.internal.KeywordExecutor.executeKeywordForPlatform(KeywordExecutor.groovy:53)
	at com.kms.katalon.core.webui.keyword.WebUiBuiltInKeywords.click(WebUiBuiltInKeywords.groovy:616)
	at com.kms.katalon.core.webui.keyword.WebUiBuiltInKeywords$click$1.call(Unknown Source)
	at Cart flyout-price comparison.run(Cart flyout-price comparison:65)
	at com.kms.katalon.core.main.ScriptEngine.run(ScriptEngine.java:194)
	at com.kms.katalon.core.main.ScriptEngine.runScriptAsRawText(ScriptEngine.java:119)
	at com.kms.katalon.core.main.TestCaseExecutor.runScript(TestCaseExecutor.java:328)
	at com.kms.katalon.core.main.TestCaseExecutor.doExecute(TestCaseExecutor.java:319)
	at com.kms.katalon.core.main.TestCaseExecutor.processExecutionPhase(TestCaseExecutor.java:298)
	at com.kms.katalon.core.main.TestCaseExecutor.accessMainPhase(TestCaseExecutor.java:290)
	at com.kms.katalon.core.main.TestCaseExecutor.execute(TestCaseExecutor.java:224)
	at com.kms.katalon.core.main.TestSuiteExecutor.accessTestCaseMainPhase(TestSuiteExecutor.java:129)
	at com.kms.katalon.core.main.TestSuiteExecutor.accessTestSuiteMainPhase(TestSuiteExecutor.java:112)
	at com.kms.katalon.core.main.TestSuiteExecutor.execute(TestSuiteExecutor.java:81)
	at com.kms.katalon.core.main.TestCaseMain.startTestSuite(TestCaseMain.java:149)
	at com.kms.katalon.core.main.TestCaseMain$startTestSuite$0.call(Unknown Source)
	at TempTestSuite1557419302043.run(TempTestSuite1557419302043.groovy:36)]]></system-out>
         <system-err><![CDATA[2019-05-09 12:31:32 - [TEST_CASE][FAILED] - Test Cases/OCS- CRITICAL PATH/Cart flyout-price comparison: Test Cases/OCS- CRITICAL PATH/Cart flyout-price comparison FAILED.
Reason:
com.kms.katalon.core.exception.StepFailedException: Unable to click on object 'Object Repository/OCS_CRITICAL PATH/cart flyout- price/Page_Ontario Cannabis Store  Ontari/span_Indica Dominant' (Root cause: org.openqa.selenium.ElementNotInteractableException: Element <span> could not be scrolled into view
Build info: version: '3.7.1', revision: '8a0099a', time: '2017-11-06T21:07:36.161Z'
System info: host: 'sumans-MacBook-Pro.local', ip: 'fe80:0:0:0:10eb:5cc2:8353:8144%en0', os.name: 'Mac OS X', os.arch: 'x86_64', os.version: '10.13.6', java.version: '1.8.0_181'
Driver info: com.kms.katalon.core.webui.driver.firefox.CGeckoDriver
Capabilities {acceptInsecureCerts: true, browserName: firefox, browserVersion: 66.0.3, javascriptEnabled: true, moz:accessibilityChecks: false, moz:geckodriverVersion: 0.23.0, moz:headless: false, moz:processID: 2203, moz:profile: /var/folders/1t/c55l8xzs6gq..., moz:shutdownTimeout: 60000, moz:useNonSpecCompliantPointerOrigin: false, moz:webdriverClick: true, pageLoadStrategy: normal, platform: MAC, platformName: MAC, platformVersion: 17.7.0, proxy: Proxy(direct), rotatable: false, setWindowRect: true, strictFileInteractability: false, timeouts: {implicit: 0, pageLoad: 300000, script: 30000}, unhandledPromptBehavior: dismiss and notify}
Session ID: 97bfd092-d3ec-6d45-9f69-fdf9a99abcc7)
	at com.kms.katalon.core.keyword.internal.KeywordMain.stepFailed(KeywordMain.groovy:36)
	at com.kms.katalon.core.webui.keyword.internal.WebUIKeywordMain.stepFailed(WebUIKeywordMain.groovy:65)
	at com.kms.katalon.core.webui.keyword.internal.WebUIKeywordMain.runKeyword(WebUIKeywordMain.groovy:27)
	at com.kms.katalon.core.webui.keyword.builtin.ClickKeyword.click(ClickKeyword.groovy:86)
	at com.kms.katalon.core.webui.keyword.builtin.ClickKeyword.execute(ClickKeyword.groovy:67)
	at com.kms.katalon.core.keyword.internal.KeywordExecutor.executeKeywordForPlatform(KeywordExecutor.groovy:53)
	at com.kms.katalon.core.webui.keyword.WebUiBuiltInKeywords.click(WebUiBuiltInKeywords.groovy:616)
	at com.kms.katalon.core.webui.keyword.WebUiBuiltInKeywords$click$1.call(Unknown Source)
	at Cart flyout-price comparison.run(Cart flyout-price comparison:65)
	at com.kms.katalon.core.main.ScriptEngine.run(ScriptEngine.java:194)
	at com.kms.katalon.core.main.ScriptEngine.runScriptAsRawText(ScriptEngine.java:119)
	at com.kms.katalon.core.main.TestCaseExecutor.runScript(TestCaseExecutor.java:328)
	at com.kms.katalon.core.main.TestCaseExecutor.doExecute(TestCaseExecutor.java:319)
	at com.kms.katalon.core.main.TestCaseExecutor.processExecutionPhase(TestCaseExecutor.java:298)
	at com.kms.katalon.core.main.TestCaseExecutor.accessMainPhase(TestCaseExecutor.java:290)
	at com.kms.katalon.core.main.TestCaseExecutor.execute(TestCaseExecutor.java:224)
	at com.kms.katalon.core.main.TestSuiteExecutor.accessTestCaseMainPhase(TestSuiteExecutor.java:129)
	at com.kms.katalon.core.main.TestSuiteExecutor.accessTestSuiteMainPhase(TestSuiteExecutor.java:112)
	at com.kms.katalon.core.main.TestSuiteExecutor.execute(TestSuiteExecutor.java:81)
	at com.kms.katalon.core.main.TestCaseMain.startTestSuite(TestCaseMain.java:149)
	at com.kms.katalon.core.main.TestCaseMain$startTestSuite$0.call(Unknown Source)
	at TempTestSuite1557419302043.run(TempTestSuite1557419302043.groovy:36)]]></system-err>
      </testcase>
      <testcase name="Test Cases/OCS- CRITICAL PATH/Cart flyout-tooltips" classname="Test Cases/OCS- CRITICAL PATH/Cart flyout-tooltips" status="FAILED">
         <failure type="FAILED" message="Test Cases/OCS- CRITICAL PATH/Cart flyout-tooltips FAILED.
Reason:
com.kms.katalon.core.exception.StepFailedException: Unable to click on object 'Object Repository/Cart flyout-tooltips_OR/Page_Ontario Cannabis Store  Ontari/span_Indica Dominant' (Root cause: org.openqa.selenium.ElementNotInteractableException: Element &lt;span> could not be scrolled into view
Build info: version: '3.7.1', revision: '8a0099a', time: '2017-11-06T21:07:36.161Z'
System info: host: 'sumans-MacBook-Pro.local', ip: 'fe80:0:0:0:10eb:5cc2:8353:8144%en0', os.name: 'Mac OS X', os.arch: 'x86_64', os.version: '10.13.6', java.version: '1.8.0_181'
Driver info: com.kms.katalon.core.webui.driver.firefox.CGeckoDriver
Capabilities {acceptInsecureCerts: true, browserName: firefox, browserVersion: 66.0.3, javascriptEnabled: true, moz:accessibilityChecks: false, moz:geckodriverVersion: 0.23.0, moz:headless: false, moz:processID: 2210, moz:profile: /var/folders/1t/c55l8xzs6gq..., moz:shutdownTimeout: 60000, moz:useNonSpecCompliantPointerOrigin: false, moz:webdriverClick: true, pageLoadStrategy: normal, platform: MAC, platformName: MAC, platformVersion: 17.7.0, proxy: Proxy(direct), rotatable: false, setWindowRect: true, strictFileInteractability: false, timeouts: {implicit: 0, pageLoad: 300000, script: 30000}, unhandledPromptBehavior: dismiss and notify}
Session ID: fa37e03d-4093-294a-a020-7d3f68d80694)
	at com.kms.katalon.core.keyword.internal.KeywordMain.stepFailed(KeywordMain.groovy:36)
	at com.kms.katalon.core.webui.keyword.internal.WebUIKeywordMain.stepFailed(WebUIKeywordMain.groovy:65)
	at com.kms.katalon.core.webui.keyword.internal.WebUIKeywordMain.runKeyword(WebUIKeywordMain.groovy:27)
	at com.kms.katalon.core.webui.keyword.builtin.ClickKeyword.click(ClickKeyword.groovy:86)
	at com.kms.katalon.core.webui.keyword.builtin.ClickKeyword.execute(ClickKeyword.groovy:67)
	at com.kms.katalon.core.keyword.internal.KeywordExecutor.executeKeywordForPlatform(KeywordExecutor.groovy:53)
	at com.kms.katalon.core.webui.keyword.WebUiBuiltInKeywords.click(WebUiBuiltInKeywords.groovy:616)
	at com.kms.katalon.core.webui.keyword.WebUiBuiltInKeywords$click$1.call(Unknown Source)
	at Cart flyout-tooltips.run(Cart flyout-tooltips:41)
	at com.kms.katalon.core.main.ScriptEngine.run(ScriptEngine.java:194)
	at com.kms.katalon.core.main.ScriptEngine.runScriptAsRawText(ScriptEngine.java:119)
	at com.kms.katalon.core.main.TestCaseExecutor.runScript(TestCaseExecutor.java:328)
	at com.kms.katalon.core.main.TestCaseExecutor.doExecute(TestCaseExecutor.java:319)
	at com.kms.katalon.core.main.TestCaseExecutor.processExecutionPhase(TestCaseExecutor.java:298)
	at com.kms.katalon.core.main.TestCaseExecutor.accessMainPhase(TestCaseExecutor.java:290)
	at com.kms.katalon.core.main.TestCaseExecutor.execute(TestCaseExecutor.java:224)
	at com.kms.katalon.core.main.TestSuiteExecutor.accessTestCaseMainPhase(TestSuiteExecutor.java:129)
	at com.kms.katalon.core.main.TestSuiteExecutor.accessTestSuiteMainPhase(TestSuiteExecutor.java:112)
	at com.kms.katalon.core.main.TestSuiteExecutor.execute(TestSuiteExecutor.java:81)
	at com.kms.katalon.core.main.TestCaseMain.startTestSuite(TestCaseMain.java:149)
	at com.kms.katalon.core.main.TestCaseMain$startTestSuite$0.call(Unknown Source)
	at TempTestSuite1557419302043.run(TempTestSuite1557419302043.groovy:36)
"/>
         <system-out><![CDATA[2019-05-09 12:32:06 - [TEST_CASE][FAILED] - Test Cases/OCS- CRITICAL PATH/Cart flyout-tooltips: Test Cases/OCS- CRITICAL PATH/Cart flyout-tooltips FAILED.
Reason:
com.kms.katalon.core.exception.StepFailedException: Unable to click on object 'Object Repository/Cart flyout-tooltips_OR/Page_Ontario Cannabis Store  Ontari/span_Indica Dominant' (Root cause: org.openqa.selenium.ElementNotInteractableException: Element <span> could not be scrolled into view
Build info: version: '3.7.1', revision: '8a0099a', time: '2017-11-06T21:07:36.161Z'
System info: host: 'sumans-MacBook-Pro.local', ip: 'fe80:0:0:0:10eb:5cc2:8353:8144%en0', os.name: 'Mac OS X', os.arch: 'x86_64', os.version: '10.13.6', java.version: '1.8.0_181'
Driver info: com.kms.katalon.core.webui.driver.firefox.CGeckoDriver
Capabilities {acceptInsecureCerts: true, browserName: firefox, browserVersion: 66.0.3, javascriptEnabled: true, moz:accessibilityChecks: false, moz:geckodriverVersion: 0.23.0, moz:headless: false, moz:processID: 2210, moz:profile: /var/folders/1t/c55l8xzs6gq..., moz:shutdownTimeout: 60000, moz:useNonSpecCompliantPointerOrigin: false, moz:webdriverClick: true, pageLoadStrategy: normal, platform: MAC, platformName: MAC, platformVersion: 17.7.0, proxy: Proxy(direct), rotatable: false, setWindowRect: true, strictFileInteractability: false, timeouts: {implicit: 0, pageLoad: 300000, script: 30000}, unhandledPromptBehavior: dismiss and notify}
Session ID: fa37e03d-4093-294a-a020-7d3f68d80694)
	at com.kms.katalon.core.keyword.internal.KeywordMain.stepFailed(KeywordMain.groovy:36)
	at com.kms.katalon.core.webui.keyword.internal.WebUIKeywordMain.stepFailed(WebUIKeywordMain.groovy:65)
	at com.kms.katalon.core.webui.keyword.internal.WebUIKeywordMain.runKeyword(WebUIKeywordMain.groovy:27)
	at com.kms.katalon.core.webui.keyword.builtin.ClickKeyword.click(ClickKeyword.groovy:86)
	at com.kms.katalon.core.webui.keyword.builtin.ClickKeyword.execute(ClickKeyword.groovy:67)
	at com.kms.katalon.core.keyword.internal.KeywordExecutor.executeKeywordForPlatform(KeywordExecutor.groovy:53)
	at com.kms.katalon.core.webui.keyword.WebUiBuiltInKeywords.click(WebUiBuiltInKeywords.groovy:616)
	at com.kms.katalon.core.webui.keyword.WebUiBuiltInKeywords$click$1.call(Unknown Source)
	at Cart flyout-tooltips.run(Cart flyout-tooltips:41)
	at com.kms.katalon.core.main.ScriptEngine.run(ScriptEngine.java:194)
	at com.kms.katalon.core.main.ScriptEngine.runScriptAsRawText(ScriptEngine.java:119)
	at com.kms.katalon.core.main.TestCaseExecutor.runScript(TestCaseExecutor.java:328)
	at com.kms.katalon.core.main.TestCaseExecutor.doExecute(TestCaseExecutor.java:319)
	at com.kms.katalon.core.main.TestCaseExecutor.processExecutionPhase(TestCaseExecutor.java:298)
	at com.kms.katalon.core.main.TestCaseExecutor.accessMainPhase(TestCaseExecutor.java:290)
	at com.kms.katalon.core.main.TestCaseExecutor.execute(TestCaseExecutor.java:224)
	at com.kms.katalon.core.main.TestSuiteExecutor.accessTestCaseMainPhase(TestSuiteExecutor.java:129)
	at com.kms.katalon.core.main.TestSuiteExecutor.accessTestSuiteMainPhase(TestSuiteExecutor.java:112)
	at com.kms.katalon.core.main.TestSuiteExecutor.execute(TestSuiteExecutor.java:81)
	at com.kms.katalon.core.main.TestCaseMain.startTestSuite(TestCaseMain.java:149)
	at com.kms.katalon.core.main.TestCaseMain$startTestSuite$0.call(Unknown Source)
	at TempTestSuite1557419302043.run(TempTestSuite1557419302043.groovy:36)


2019-05-09 12:32:06 - [TEST_STEP][PASSED] - openBrowser(""): Browser is opened with url: ''

2019-05-09 12:32:06 - [MESSAGE][WARNING] - A browser is already opened. Closing browser and opening a new one

2019-05-09 12:32:07 - [MESSAGE][INFO] - Starting 'Firefox' driver

2019-05-09 12:32:09 - [MESSAGE][PASSED] - Browser is opened with url: ''

2019-05-09 12:32:09 - [TEST_STEP][PASSED] - navigateToUrl("https://ocs.ca/?fts=0&preview_theme_id=53373863756"): Navigate to 'https://ocs.ca/?fts=0&preview_theme_id=53373863756' successfully

2019-05-09 12:32:16 - [MESSAGE][PASSED] - Navigate to 'https://ocs.ca/?fts=0&preview_theme_id=53373863756' successfully

2019-05-09 12:32:16 - [TEST_STEP][PASSED] - click(findTestObject("Object Repository/Theme_oR/Page_Ontario Cannabis Store  Ontari/button_Close preview")): Object: 'Object Repository/Theme_oR/Page_Ontario Cannabis Store  Ontari/button_Close preview' is clicked on

2019-05-09 12:32:17 - [MESSAGE][PASSED] - Object: 'Object Repository/Theme_oR/Page_Ontario Cannabis Store  Ontari/button_Close preview' is clicked on

2019-05-09 12:32:17 - [TEST_STEP][PASSED] - selectOptionByValue(findTestObject("Object Repository/Cart flyout-tooltips_OR/Page_Ontario Cannabis Store  Ontari/select_Select01020304050607080"), "17", true): All options with value '17' are selected in object 'Object Repository/Cart flyout-tooltips_OR/Page_Ontario Cannabis Store  Ontari/select_Select01020304050607080'  using regular expression

2019-05-09 12:32:18 - [MESSAGE][PASSED] - All options with value '17' are selected in object 'Object Repository/Cart flyout-tooltips_OR/Page_Ontario Cannabis Store  Ontari/select_Select01020304050607080'  using regular expression

2019-05-09 12:32:18 - [TEST_STEP][PASSED] - selectOptionByValue(findTestObject("Object Repository/Cart flyout-tooltips_OR/Page_Ontario Cannabis Store  Ontari/select_SelectJanuary - 01Febru"), "7", true): All options with value '7' are selected in object 'Object Repository/Cart flyout-tooltips_OR/Page_Ontario Cannabis Store  Ontari/select_SelectJanuary - 01Febru'  using regular expression

2019-05-09 12:32:19 - [MESSAGE][PASSED] - All options with value '7' are selected in object 'Object Repository/Cart flyout-tooltips_OR/Page_Ontario Cannabis Store  Ontari/select_SelectJanuary - 01Febru'  using regular expression

2019-05-09 12:32:19 - [TEST_STEP][PASSED] - selectOptionByValue(findTestObject("Object Repository/Cart flyout-tooltips_OR/Page_Ontario Cannabis Store  Ontari/select_Select20182017201620152"), "1949", true): All options with value '1949' are selected in object 'Object Repository/Cart flyout-tooltips_OR/Page_Ontario Cannabis Store  Ontari/select_Select20182017201620152'  using regular expression

2019-05-09 12:32:20 - [MESSAGE][PASSED] - All options with value '1949' are selected in object 'Object Repository/Cart flyout-tooltips_OR/Page_Ontario Cannabis Store  Ontari/select_Select20182017201620152'  using regular expression

2019-05-09 12:32:20 - [TEST_STEP][PASSED] - click(findTestObject("Object Repository/Cart flyout-tooltips_OR/Page_Ontario Cannabis Store  Ontari/button_Verify")): Object: 'Object Repository/Cart flyout-tooltips_OR/Page_Ontario Cannabis Store  Ontari/button_Verify' is clicked on

2019-05-09 12:32:21 - [MESSAGE][PASSED] - Object: 'Object Repository/Cart flyout-tooltips_OR/Page_Ontario Cannabis Store  Ontari/button_Verify' is clicked on

2019-05-09 12:32:21 - [TEST_STEP][PASSED] - click(findTestObject("Object Repository/Cart flyout-tooltips_OR/Page_Ontario Cannabis Store  Ontari/span_CONFIRM AND ACKNOWLEDGE_c")): Object: 'Object Repository/Cart flyout-tooltips_OR/Page_Ontario Cannabis Store  Ontari/span_CONFIRM AND ACKNOWLEDGE_c' is clicked on

2019-05-09 12:32:21 - [MESSAGE][PASSED] - Object: 'Object Repository/Cart flyout-tooltips_OR/Page_Ontario Cannabis Store  Ontari/span_CONFIRM AND ACKNOWLEDGE_c' is clicked on

2019-05-09 12:32:21 - [TEST_STEP][PASSED] - click(findTestObject("Object Repository/Cart flyout-tooltips_OR/Page_Ontario Cannabis Store  Ontari/button_CONFIRM")): Object: 'Object Repository/Cart flyout-tooltips_OR/Page_Ontario Cannabis Store  Ontari/button_CONFIRM' is clicked on

2019-05-09 12:32:21 - [MESSAGE][PASSED] - Object: 'Object Repository/Cart flyout-tooltips_OR/Page_Ontario Cannabis Store  Ontari/button_CONFIRM' is clicked on

2019-05-09 12:32:21 - [TEST_STEP][PASSED] - click(findTestObject("Object Repository/Cart flyout-tooltips_OR/Page_Ontario Cannabis Store  Ontari/button_Start Browsing")): Object: 'Object Repository/Cart flyout-tooltips_OR/Page_Ontario Cannabis Store  Ontari/button_Start Browsing' is clicked on

2019-05-09 12:32:21 - [MESSAGE][PASSED] - Object: 'Object Repository/Cart flyout-tooltips_OR/Page_Ontario Cannabis Store  Ontari/button_Start Browsing' is clicked on

2019-05-09 12:32:21 - [TEST_STEP][PASSED] - click(findTestObject("Object Repository/Cart flyout-tooltips_OR/Page_Ontario Cannabis Store  Ontari/h3_Cannabis")): Object: 'Object Repository/Cart flyout-tooltips_OR/Page_Ontario Cannabis Store  Ontari/h3_Cannabis' is clicked on

2019-05-09 12:32:22 - [MESSAGE][PASSED] - Object: 'Object Repository/Cart flyout-tooltips_OR/Page_Ontario Cannabis Store  Ontari/h3_Cannabis' is clicked on

2019-05-09 12:32:22 - [TEST_STEP][FAILED] - click(findTestObject("Object Repository/Cart flyout-tooltips_OR/Page_Ontario Cannabis Store  Ontari/span_Indica Dominant")): click(findTestObject("Object Repository/Cart flyout-tooltips_OR/Page_Ontario Cannabis Store  Ontari/span_Indica Dominant")) FAILED.
Reason:
com.kms.katalon.core.exception.StepFailedException: Unable to click on object 'Object Repository/Cart flyout-tooltips_OR/Page_Ontario Cannabis Store  Ontari/span_Indica Dominant' (Root cause: org.openqa.selenium.ElementNotInteractableException: Element <span> could not be scrolled into view
Build info: version: '3.7.1', revision: '8a0099a', time: '2017-11-06T21:07:36.161Z'
System info: host: 'sumans-MacBook-Pro.local', ip: 'fe80:0:0:0:10eb:5cc2:8353:8144%en0', os.name: 'Mac OS X', os.arch: 'x86_64', os.version: '10.13.6', java.version: '1.8.0_181'
Driver info: com.kms.katalon.core.webui.driver.firefox.CGeckoDriver
Capabilities {acceptInsecureCerts: true, browserName: firefox, browserVersion: 66.0.3, javascriptEnabled: true, moz:accessibilityChecks: false, moz:geckodriverVersion: 0.23.0, moz:headless: false, moz:processID: 2210, moz:profile: /var/folders/1t/c55l8xzs6gq..., moz:shutdownTimeout: 60000, moz:useNonSpecCompliantPointerOrigin: false, moz:webdriverClick: true, pageLoadStrategy: normal, platform: MAC, platformName: MAC, platformVersion: 17.7.0, proxy: Proxy(direct), rotatable: false, setWindowRect: true, strictFileInteractability: false, timeouts: {implicit: 0, pageLoad: 300000, script: 30000}, unhandledPromptBehavior: dismiss and notify}
Session ID: fa37e03d-4093-294a-a020-7d3f68d80694)
	at com.kms.katalon.core.keyword.internal.KeywordMain.stepFailed(KeywordMain.groovy:36)
	at com.kms.katalon.core.webui.keyword.internal.WebUIKeywordMain.stepFailed(WebUIKeywordMain.groovy:65)
	at com.kms.katalon.core.webui.keyword.internal.WebUIKeywordMain.runKeyword(WebUIKeywordMain.groovy:27)
	at com.kms.katalon.core.webui.keyword.builtin.ClickKeyword.click(ClickKeyword.groovy:86)
	at com.kms.katalon.core.webui.keyword.builtin.ClickKeyword.execute(ClickKeyword.groovy:67)
	at com.kms.katalon.core.keyword.internal.KeywordExecutor.executeKeywordForPlatform(KeywordExecutor.groovy:53)
	at com.kms.katalon.core.webui.keyword.WebUiBuiltInKeywords.click(WebUiBuiltInKeywords.groovy:616)
	at com.kms.katalon.core.webui.keyword.WebUiBuiltInKeywords$click$1.call(Unknown Source)
	at Cart flyout-tooltips.run(Cart flyout-tooltips:41)
	at com.kms.katalon.core.main.ScriptEngine.run(ScriptEngine.java:194)
	at com.kms.katalon.core.main.ScriptEngine.runScriptAsRawText(ScriptEngine.java:119)
	at com.kms.katalon.core.main.TestCaseExecutor.runScript(TestCaseExecutor.java:328)
	at com.kms.katalon.core.main.TestCaseExecutor.doExecute(TestCaseExecutor.java:319)
	at com.kms.katalon.core.main.TestCaseExecutor.processExecutionPhase(TestCaseExecutor.java:298)
	at com.kms.katalon.core.main.TestCaseExecutor.accessMainPhase(TestCaseExecutor.java:290)
	at com.kms.katalon.core.main.TestCaseExecutor.execute(TestCaseExecutor.java:224)
	at com.kms.katalon.core.main.TestSuiteExecutor.accessTestCaseMainPhase(TestSuiteExecutor.java:129)
	at com.kms.katalon.core.main.TestSuiteExecutor.accessTestSuiteMainPhase(TestSuiteExecutor.java:112)
	at com.kms.katalon.core.main.TestSuiteExecutor.execute(TestSuiteExecutor.java:81)
	at com.kms.katalon.core.main.TestCaseMain.startTestSuite(TestCaseMain.java:149)
	at com.kms.katalon.core.main.TestCaseMain$startTestSuite$0.call(Unknown Source)
	at TempTestSuite1557419302043.run(TempTestSuite1557419302043.groovy:36)


2019-05-09 12:32:22 - [MESSAGE][FAILED] - Unable to click on object 'Object Repository/Cart flyout-tooltips_OR/Page_Ontario Cannabis Store  Ontari/span_Indica Dominant' (Root cause: org.openqa.selenium.ElementNotInteractableException: Element <span> could not be scrolled into view
Build info: version: '3.7.1', revision: '8a0099a', time: '2017-11-06T21:07:36.161Z'
System info: host: 'sumans-MacBook-Pro.local', ip: 'fe80:0:0:0:10eb:5cc2:8353:8144%en0', os.name: 'Mac OS X', os.arch: 'x86_64', os.version: '10.13.6', java.version: '1.8.0_181'
Driver info: com.kms.katalon.core.webui.driver.firefox.CGeckoDriver
Capabilities {acceptInsecureCerts: true, browserName: firefox, browserVersion: 66.0.3, javascriptEnabled: true, moz:accessibilityChecks: false, moz:geckodriverVersion: 0.23.0, moz:headless: false, moz:processID: 2210, moz:profile: /var/folders/1t/c55l8xzs6gq..., moz:shutdownTimeout: 60000, moz:useNonSpecCompliantPointerOrigin: false, moz:webdriverClick: true, pageLoadStrategy: normal, platform: MAC, platformName: MAC, platformVersion: 17.7.0, proxy: Proxy(direct), rotatable: false, setWindowRect: true, strictFileInteractability: false, timeouts: {implicit: 0, pageLoad: 300000, script: 30000}, unhandledPromptBehavior: dismiss and notify}
Session ID: fa37e03d-4093-294a-a020-7d3f68d80694)
[[ATTACHMENT|/Users/sumankompelly/git/Sample-OCS/Reports/OCS-09-05-2019 - Theme2/CRITICAL PATH - 09-05-2019/20190509_122822/1557419542235.png]]

2019-05-09 12:32:22 - [MESSAGE][FAILED] - click(findTestObject("Object Repository/Cart flyout-tooltips_OR/Page_Ontario Cannabis Store  Ontari/span_Indica Dominant")) FAILED.
Reason:
com.kms.katalon.core.exception.StepFailedException: Unable to click on object 'Object Repository/Cart flyout-tooltips_OR/Page_Ontario Cannabis Store  Ontari/span_Indica Dominant' (Root cause: org.openqa.selenium.ElementNotInteractableException: Element <span> could not be scrolled into view
Build info: version: '3.7.1', revision: '8a0099a', time: '2017-11-06T21:07:36.161Z'
System info: host: 'sumans-MacBook-Pro.local', ip: 'fe80:0:0:0:10eb:5cc2:8353:8144%en0', os.name: 'Mac OS X', os.arch: 'x86_64', os.version: '10.13.6', java.version: '1.8.0_181'
Driver info: com.kms.katalon.core.webui.driver.firefox.CGeckoDriver
Capabilities {acceptInsecureCerts: true, browserName: firefox, browserVersion: 66.0.3, javascriptEnabled: true, moz:accessibilityChecks: false, moz:geckodriverVersion: 0.23.0, moz:headless: false, moz:processID: 2210, moz:profile: /var/folders/1t/c55l8xzs6gq..., moz:shutdownTimeout: 60000, moz:useNonSpecCompliantPointerOrigin: false, moz:webdriverClick: true, pageLoadStrategy: normal, platform: MAC, platformName: MAC, platformVersion: 17.7.0, proxy: Proxy(direct), rotatable: false, setWindowRect: true, strictFileInteractability: false, timeouts: {implicit: 0, pageLoad: 300000, script: 30000}, unhandledPromptBehavior: dismiss and notify}
Session ID: fa37e03d-4093-294a-a020-7d3f68d80694)
	at com.kms.katalon.core.keyword.internal.KeywordMain.stepFailed(KeywordMain.groovy:36)
	at com.kms.katalon.core.webui.keyword.internal.WebUIKeywordMain.stepFailed(WebUIKeywordMain.groovy:65)
	at com.kms.katalon.core.webui.keyword.internal.WebUIKeywordMain.runKeyword(WebUIKeywordMain.groovy:27)
	at com.kms.katalon.core.webui.keyword.builtin.ClickKeyword.click(ClickKeyword.groovy:86)
	at com.kms.katalon.core.webui.keyword.builtin.ClickKeyword.execute(ClickKeyword.groovy:67)
	at com.kms.katalon.core.keyword.internal.KeywordExecutor.executeKeywordForPlatform(KeywordExecutor.groovy:53)
	at com.kms.katalon.core.webui.keyword.WebUiBuiltInKeywords.click(WebUiBuiltInKeywords.groovy:616)
	at com.kms.katalon.core.webui.keyword.WebUiBuiltInKeywords$click$1.call(Unknown Source)
	at Cart flyout-tooltips.run(Cart flyout-tooltips:41)
	at com.kms.katalon.core.main.ScriptEngine.run(ScriptEngine.java:194)
	at com.kms.katalon.core.main.ScriptEngine.runScriptAsRawText(ScriptEngine.java:119)
	at com.kms.katalon.core.main.TestCaseExecutor.runScript(TestCaseExecutor.java:328)
	at com.kms.katalon.core.main.TestCaseExecutor.doExecute(TestCaseExecutor.java:319)
	at com.kms.katalon.core.main.TestCaseExecutor.processExecutionPhase(TestCaseExecutor.java:298)
	at com.kms.katalon.core.main.TestCaseExecutor.accessMainPhase(TestCaseExecutor.java:290)
	at com.kms.katalon.core.main.TestCaseExecutor.execute(TestCaseExecutor.java:224)
	at com.kms.katalon.core.main.TestSuiteExecutor.accessTestCaseMainPhase(TestSuiteExecutor.java:129)
	at com.kms.katalon.core.main.TestSuiteExecutor.accessTestSuiteMainPhase(TestSuiteExecutor.java:112)
	at com.kms.katalon.core.main.TestSuiteExecutor.execute(TestSuiteExecutor.java:81)
	at com.kms.katalon.core.main.TestCaseMain.startTestSuite(TestCaseMain.java:149)
	at com.kms.katalon.core.main.TestCaseMain$startTestSuite$0.call(Unknown Source)
	at TempTestSuite1557419302043.run(TempTestSuite1557419302043.groovy:36)]]></system-out>
         <system-err><![CDATA[2019-05-09 12:32:06 - [TEST_CASE][FAILED] - Test Cases/OCS- CRITICAL PATH/Cart flyout-tooltips: Test Cases/OCS- CRITICAL PATH/Cart flyout-tooltips FAILED.
Reason:
com.kms.katalon.core.exception.StepFailedException: Unable to click on object 'Object Repository/Cart flyout-tooltips_OR/Page_Ontario Cannabis Store  Ontari/span_Indica Dominant' (Root cause: org.openqa.selenium.ElementNotInteractableException: Element <span> could not be scrolled into view
Build info: version: '3.7.1', revision: '8a0099a', time: '2017-11-06T21:07:36.161Z'
System info: host: 'sumans-MacBook-Pro.local', ip: 'fe80:0:0:0:10eb:5cc2:8353:8144%en0', os.name: 'Mac OS X', os.arch: 'x86_64', os.version: '10.13.6', java.version: '1.8.0_181'
Driver info: com.kms.katalon.core.webui.driver.firefox.CGeckoDriver
Capabilities {acceptInsecureCerts: true, browserName: firefox, browserVersion: 66.0.3, javascriptEnabled: true, moz:accessibilityChecks: false, moz:geckodriverVersion: 0.23.0, moz:headless: false, moz:processID: 2210, moz:profile: /var/folders/1t/c55l8xzs6gq..., moz:shutdownTimeout: 60000, moz:useNonSpecCompliantPointerOrigin: false, moz:webdriverClick: true, pageLoadStrategy: normal, platform: MAC, platformName: MAC, platformVersion: 17.7.0, proxy: Proxy(direct), rotatable: false, setWindowRect: true, strictFileInteractability: false, timeouts: {implicit: 0, pageLoad: 300000, script: 30000}, unhandledPromptBehavior: dismiss and notify}
Session ID: fa37e03d-4093-294a-a020-7d3f68d80694)
	at com.kms.katalon.core.keyword.internal.KeywordMain.stepFailed(KeywordMain.groovy:36)
	at com.kms.katalon.core.webui.keyword.internal.WebUIKeywordMain.stepFailed(WebUIKeywordMain.groovy:65)
	at com.kms.katalon.core.webui.keyword.internal.WebUIKeywordMain.runKeyword(WebUIKeywordMain.groovy:27)
	at com.kms.katalon.core.webui.keyword.builtin.ClickKeyword.click(ClickKeyword.groovy:86)
	at com.kms.katalon.core.webui.keyword.builtin.ClickKeyword.execute(ClickKeyword.groovy:67)
	at com.kms.katalon.core.keyword.internal.KeywordExecutor.executeKeywordForPlatform(KeywordExecutor.groovy:53)
	at com.kms.katalon.core.webui.keyword.WebUiBuiltInKeywords.click(WebUiBuiltInKeywords.groovy:616)
	at com.kms.katalon.core.webui.keyword.WebUiBuiltInKeywords$click$1.call(Unknown Source)
	at Cart flyout-tooltips.run(Cart flyout-tooltips:41)
	at com.kms.katalon.core.main.ScriptEngine.run(ScriptEngine.java:194)
	at com.kms.katalon.core.main.ScriptEngine.runScriptAsRawText(ScriptEngine.java:119)
	at com.kms.katalon.core.main.TestCaseExecutor.runScript(TestCaseExecutor.java:328)
	at com.kms.katalon.core.main.TestCaseExecutor.doExecute(TestCaseExecutor.java:319)
	at com.kms.katalon.core.main.TestCaseExecutor.processExecutionPhase(TestCaseExecutor.java:298)
	at com.kms.katalon.core.main.TestCaseExecutor.accessMainPhase(TestCaseExecutor.java:290)
	at com.kms.katalon.core.main.TestCaseExecutor.execute(TestCaseExecutor.java:224)
	at com.kms.katalon.core.main.TestSuiteExecutor.accessTestCaseMainPhase(TestSuiteExecutor.java:129)
	at com.kms.katalon.core.main.TestSuiteExecutor.accessTestSuiteMainPhase(TestSuiteExecutor.java:112)
	at com.kms.katalon.core.main.TestSuiteExecutor.execute(TestSuiteExecutor.java:81)
	at com.kms.katalon.core.main.TestCaseMain.startTestSuite(TestCaseMain.java:149)
	at com.kms.katalon.core.main.TestCaseMain$startTestSuite$0.call(Unknown Source)
	at TempTestSuite1557419302043.run(TempTestSuite1557419302043.groovy:36)]]></system-err>
      </testcase>
      <testcase name="Test Cases/OCS- CRITICAL PATH/Cart page- decrease qty" classname="Test Cases/OCS- CRITICAL PATH/Cart page- decrease qty" status="PASSED">
         <system-out><![CDATA[2019-05-09 12:32:22 - [TEST_CASE][PASSED] - Test Cases/OCS- CRITICAL PATH/Cart page- decrease qty: Test Cases/OCS- CRITICAL PATH/Cart page- decrease qty

2019-05-09 12:32:22 - [TEST_STEP][PASSED] - openBrowser(""): Browser is opened with url: ''

2019-05-09 12:32:22 - [MESSAGE][WARNING] - A browser is already opened. Closing browser and opening a new one

2019-05-09 12:32:23 - [MESSAGE][INFO] - Starting 'Firefox' driver

2019-05-09 12:32:25 - [MESSAGE][PASSED] - Browser is opened with url: ''

2019-05-09 12:32:25 - [TEST_STEP][PASSED] - navigateToUrl("https://ocs.ca/?fts=0&preview_theme_id=53373863756"): Navigate to 'https://ocs.ca/?fts=0&preview_theme_id=53373863756' successfully

2019-05-09 12:32:30 - [MESSAGE][PASSED] - Navigate to 'https://ocs.ca/?fts=0&preview_theme_id=53373863756' successfully

2019-05-09 12:32:30 - [TEST_STEP][PASSED] - click(findTestObject("Object Repository/Theme_oR/Page_Ontario Cannabis Store  Ontari/button_Close preview")): Object: 'Object Repository/Theme_oR/Page_Ontario Cannabis Store  Ontari/button_Close preview' is clicked on

2019-05-09 12:32:32 - [MESSAGE][PASSED] - Object: 'Object Repository/Theme_oR/Page_Ontario Cannabis Store  Ontari/button_Close preview' is clicked on

2019-05-09 12:32:33 - [TEST_STEP][PASSED] - maximizeWindow(): Current window maximized

2019-05-09 12:32:33 - [MESSAGE][PASSED] - Current window maximized

2019-05-09 12:32:33 - [TEST_STEP][PASSED] - selectOptionByValue(findTestObject("OCS_CRITICAL PATH/Cartflyout-decrease qty _OR/Page_Ontario Cannabis Store  Ontari/select_Select01020304050607080"), "18", true): All options with value '18' are selected in object 'Object Repository/OCS_CRITICAL PATH/Cartflyout-decrease qty _OR/Page_Ontario Cannabis Store  Ontari/select_Select01020304050607080'  using regular expression

2019-05-09 12:32:34 - [MESSAGE][PASSED] - All options with value '18' are selected in object 'Object Repository/OCS_CRITICAL PATH/Cartflyout-decrease qty _OR/Page_Ontario Cannabis Store  Ontari/select_Select01020304050607080'  using regular expression

2019-05-09 12:32:34 - [TEST_STEP][PASSED] - selectOptionByValue(findTestObject("OCS_CRITICAL PATH/Cartflyout-decrease qty _OR/Page_Ontario Cannabis Store  Ontari/select_SelectJanuary - 01Febru"), "9", true): All options with value '9' are selected in object 'Object Repository/OCS_CRITICAL PATH/Cartflyout-decrease qty _OR/Page_Ontario Cannabis Store  Ontari/select_SelectJanuary - 01Febru'  using regular expression

2019-05-09 12:32:35 - [MESSAGE][PASSED] - All options with value '9' are selected in object 'Object Repository/OCS_CRITICAL PATH/Cartflyout-decrease qty _OR/Page_Ontario Cannabis Store  Ontari/select_SelectJanuary - 01Febru'  using regular expression

2019-05-09 12:32:35 - [TEST_STEP][PASSED] - selectOptionByValue(findTestObject("OCS_CRITICAL PATH/Cartflyout-decrease qty _OR/Page_Ontario Cannabis Store  Ontari/select_Select20182017201620152"), "1933", true): All options with value '1933' are selected in object 'Object Repository/OCS_CRITICAL PATH/Cartflyout-decrease qty _OR/Page_Ontario Cannabis Store  Ontari/select_Select20182017201620152'  using regular expression

2019-05-09 12:32:36 - [MESSAGE][PASSED] - All options with value '1933' are selected in object 'Object Repository/OCS_CRITICAL PATH/Cartflyout-decrease qty _OR/Page_Ontario Cannabis Store  Ontari/select_Select20182017201620152'  using regular expression

2019-05-09 12:32:36 - [TEST_STEP][PASSED] - click(findTestObject("OCS_CRITICAL PATH/Cartflyout-decrease qty _OR/Page_Ontario Cannabis Store  Ontari/button_Verify")): Object: 'Object Repository/OCS_CRITICAL PATH/Cartflyout-decrease qty _OR/Page_Ontario Cannabis Store  Ontari/button_Verify' is clicked on

2019-05-09 12:32:37 - [MESSAGE][PASSED] - Object: 'Object Repository/OCS_CRITICAL PATH/Cartflyout-decrease qty _OR/Page_Ontario Cannabis Store  Ontari/button_Verify' is clicked on

2019-05-09 12:32:37 - [TEST_STEP][PASSED] - click(findTestObject("OCS_CRITICAL PATH/Cartflyout-decrease qty _OR/Page_Ontario Cannabis Store  Ontari/span_CONFIRM AND ACKNOWLEDGE_c")): Object: 'Object Repository/OCS_CRITICAL PATH/Cartflyout-decrease qty _OR/Page_Ontario Cannabis Store  Ontari/span_CONFIRM AND ACKNOWLEDGE_c' is clicked on

2019-05-09 12:32:37 - [MESSAGE][PASSED] - Object: 'Object Repository/OCS_CRITICAL PATH/Cartflyout-decrease qty _OR/Page_Ontario Cannabis Store  Ontari/span_CONFIRM AND ACKNOWLEDGE_c' is clicked on

2019-05-09 12:32:37 - [TEST_STEP][PASSED] - click(findTestObject("OCS_CRITICAL PATH/Cartflyout-decrease qty _OR/Page_Ontario Cannabis Store  Ontari/button_CONFIRM")): Object: 'Object Repository/OCS_CRITICAL PATH/Cartflyout-decrease qty _OR/Page_Ontario Cannabis Store  Ontari/button_CONFIRM' is clicked on

2019-05-09 12:32:37 - [MESSAGE][PASSED] - Object: 'Object Repository/OCS_CRITICAL PATH/Cartflyout-decrease qty _OR/Page_Ontario Cannabis Store  Ontari/button_CONFIRM' is clicked on

2019-05-09 12:32:37 - [TEST_STEP][PASSED] - click(findTestObject("OCS_CRITICAL PATH/Cartflyout-decrease qty _OR/Page_Ontario Cannabis Store  Ontari/button_Start Browsing")): Object: 'Object Repository/OCS_CRITICAL PATH/Cartflyout-decrease qty _OR/Page_Ontario Cannabis Store  Ontari/button_Start Browsing' is clicked on

2019-05-09 12:32:37 - [MESSAGE][PASSED] - Object: 'Object Repository/OCS_CRITICAL PATH/Cartflyout-decrease qty _OR/Page_Ontario Cannabis Store  Ontari/button_Start Browsing' is clicked on

2019-05-09 12:32:37 - [TEST_STEP][PASSED] - delay(2): Delayed 2 second(s)

2019-05-09 12:32:39 - [MESSAGE][PASSED] - Delayed 2 second(s)

2019-05-09 12:32:39 - [TEST_STEP][PASSED] - mouseOver(findTestObject("OCS_CRITICAL PATH/Cartflyout-decrease qty _OR/Page_Ontario Cannabis Store  Ontari/h3_Cannabis")): Object: 'Object Repository/OCS_CRITICAL PATH/Cartflyout-decrease qty _OR/Page_Ontario Cannabis Store  Ontari/h3_Cannabis' is hovered

2019-05-09 12:32:40 - [MESSAGE][PASSED] - Object: 'Object Repository/OCS_CRITICAL PATH/Cartflyout-decrease qty _OR/Page_Ontario Cannabis Store  Ontari/h3_Cannabis' is hovered

2019-05-09 12:32:40 - [TEST_STEP][PASSED] - delay(2): Delayed 2 second(s)

2019-05-09 12:32:42 - [MESSAGE][PASSED] - Delayed 2 second(s)

2019-05-09 12:32:42 - [TEST_STEP][PASSED] - click(findTestObject("OCS_CRITICAL PATH/Cartflyout-decrease qty _OR/Page_Ontario Cannabis Store  Ontari/span_Indica Dominant")): Object: 'Object Repository/OCS_CRITICAL PATH/Cartflyout-decrease qty _OR/Page_Ontario Cannabis Store  Ontari/span_Indica Dominant' is clicked on

2019-05-09 12:32:43 - [MESSAGE][PASSED] - Object: 'Object Repository/OCS_CRITICAL PATH/Cartflyout-decrease qty _OR/Page_Ontario Cannabis Store  Ontari/span_Indica Dominant' is clicked on

2019-05-09 12:32:43 - [TEST_STEP][PASSED] - delay(3): Delayed 3 second(s)

2019-05-09 12:32:46 - [MESSAGE][PASSED] - Delayed 3 second(s)

2019-05-09 12:32:46 - [TEST_STEP][PASSED] - click(findTestObject("OCS_CRITICAL PATH/Cartflyout-decrease qty _OR/Page_Indica Dominant Dried Flower/h3_Shishkaberry")): Object: 'Object Repository/OCS_CRITICAL PATH/Cartflyout-decrease qty _OR/Page_Indica Dominant Dried Flower/h3_Shishkaberry' is clicked on

2019-05-09 12:32:48 - [MESSAGE][PASSED] - Object: 'Object Repository/OCS_CRITICAL PATH/Cartflyout-decrease qty _OR/Page_Indica Dominant Dried Flower/h3_Shishkaberry' is clicked on

2019-05-09 12:32:48 - [TEST_STEP][PASSED] - click(findTestObject("OCS_CRITICAL PATH/Cartflyout-decrease qty _OR/Page_Shishkaberry  Ontario Cannabis/div_3.5g")): Object: 'Object Repository/OCS_CRITICAL PATH/Cartflyout-decrease qty _OR/Page_Shishkaberry  Ontario Cannabis/div_3.5g' is clicked on

2019-05-09 12:32:49 - [MESSAGE][PASSED] - Object: 'Object Repository/OCS_CRITICAL PATH/Cartflyout-decrease qty _OR/Page_Shishkaberry  Ontario Cannabis/div_3.5g' is clicked on

2019-05-09 12:32:49 - [TEST_STEP][PASSED] - click(findTestObject("OCS_CRITICAL PATH/cartpage- decrease qty _OR/Page_Shishkaberry  Ontario Cannabis/button_")): Object: 'Object Repository/OCS_CRITICAL PATH/cartpage- decrease qty _OR/Page_Shishkaberry  Ontario Cannabis/button_' is clicked on

2019-05-09 12:32:49 - [MESSAGE][PASSED] - Object: 'Object Repository/OCS_CRITICAL PATH/cartpage- decrease qty _OR/Page_Shishkaberry  Ontario Cannabis/button_' is clicked on

2019-05-09 12:32:49 - [TEST_STEP][PASSED] - click(findTestObject("OCS_CRITICAL PATH/cartpage- decrease qty _OR/Page_Shishkaberry  Ontario Cannabis/button_")): Object: 'Object Repository/OCS_CRITICAL PATH/cartpage- decrease qty _OR/Page_Shishkaberry  Ontario Cannabis/button_' is clicked on

2019-05-09 12:32:49 - [MESSAGE][PASSED] - Object: 'Object Repository/OCS_CRITICAL PATH/cartpage- decrease qty _OR/Page_Shishkaberry  Ontario Cannabis/button_' is clicked on

2019-05-09 12:32:49 - [TEST_STEP][PASSED] - click(findTestObject("OCS_CRITICAL PATH/cartpage- decrease qty _OR/Page_Shishkaberry  Ontario Cannabis/button_")): Object: 'Object Repository/OCS_CRITICAL PATH/cartpage- decrease qty _OR/Page_Shishkaberry  Ontario Cannabis/button_' is clicked on

2019-05-09 12:32:49 - [MESSAGE][PASSED] - Object: 'Object Repository/OCS_CRITICAL PATH/cartpage- decrease qty _OR/Page_Shishkaberry  Ontario Cannabis/button_' is clicked on

2019-05-09 12:32:49 - [TEST_STEP][PASSED] - click(findTestObject("OCS_CRITICAL PATH/cartpage- decrease qty _OR/Page_Shishkaberry  Ontario Cannabis/button_")): Object: 'Object Repository/OCS_CRITICAL PATH/cartpage- decrease qty _OR/Page_Shishkaberry  Ontario Cannabis/button_' is clicked on

2019-05-09 12:32:50 - [MESSAGE][PASSED] - Object: 'Object Repository/OCS_CRITICAL PATH/cartpage- decrease qty _OR/Page_Shishkaberry  Ontario Cannabis/button_' is clicked on

2019-05-09 12:32:50 - [TEST_STEP][PASSED] - click(findTestObject("OCS_CRITICAL PATH/cartpage- decrease qty _OR/Page_Shishkaberry  Ontario Cannabis/button_")): Object: 'Object Repository/OCS_CRITICAL PATH/cartpage- decrease qty _OR/Page_Shishkaberry  Ontario Cannabis/button_' is clicked on

2019-05-09 12:32:50 - [MESSAGE][PASSED] - Object: 'Object Repository/OCS_CRITICAL PATH/cartpage- decrease qty _OR/Page_Shishkaberry  Ontario Cannabis/button_' is clicked on

2019-05-09 12:32:50 - [TEST_STEP][PASSED] - click(findTestObject("OCS_CRITICAL PATH/cartpage- decrease qty _OR/Page_Shishkaberry  Ontario Cannabis/button_Add to Bag194.40")): Object: 'Object Repository/OCS_CRITICAL PATH/cartpage- decrease qty _OR/Page_Shishkaberry  Ontario Cannabis/button_Add to Bag194.40' is clicked on

2019-05-09 12:32:50 - [MESSAGE][PASSED] - Object: 'Object Repository/OCS_CRITICAL PATH/cartpage- decrease qty _OR/Page_Shishkaberry  Ontario Cannabis/button_Add to Bag194.40' is clicked on

2019-05-09 12:32:50 - [TEST_STEP][PASSED] - click(findTestObject("OCS_CRITICAL PATH/cartpage- decrease qty _OR/Page_Shishkaberry  Ontario Cannabis/span_concat(I confirm that I")): Object: 'Object Repository/OCS_CRITICAL PATH/cartpage- decrease qty _OR/Page_Shishkaberry  Ontario Cannabis/span_concat(I confirm that I' is clicked on

2019-05-09 12:32:51 - [MESSAGE][PASSED] - Object: 'Object Repository/OCS_CRITICAL PATH/cartpage- decrease qty _OR/Page_Shishkaberry  Ontario Cannabis/span_concat(I confirm that I' is clicked on

2019-05-09 12:32:51 - [TEST_STEP][PASSED] - click(findTestObject("OCS_CRITICAL PATH/cartpage- decrease qty _OR/Page_Shishkaberry  Ontario Cannabis/span_Accept the_checkbox")): Object: 'Object Repository/OCS_CRITICAL PATH/cartpage- decrease qty _OR/Page_Shishkaberry  Ontario Cannabis/span_Accept the_checkbox' is clicked on

2019-05-09 12:32:52 - [MESSAGE][PASSED] - Object: 'Object Repository/OCS_CRITICAL PATH/cartpage- decrease qty _OR/Page_Shishkaberry  Ontario Cannabis/span_Accept the_checkbox' is clicked on

2019-05-09 12:32:52 - [TEST_STEP][PASSED] - delay(3): Delayed 3 second(s)

2019-05-09 12:32:55 - [MESSAGE][PASSED] - Delayed 3 second(s)

2019-05-09 12:32:55 - [TEST_STEP][PASSED] - click(findTestObject("OCS_CRITICAL PATH/cartpage- decrease qty _OR/Page_Shishkaberry  Ontario Cannabis/a_Checkout")): Object: 'Object Repository/OCS_CRITICAL PATH/cartpage- decrease qty _OR/Page_Shishkaberry  Ontario Cannabis/a_Checkout' is clicked on

2019-05-09 12:32:57 - [MESSAGE][PASSED] - Object: 'Object Repository/OCS_CRITICAL PATH/cartpage- decrease qty _OR/Page_Shishkaberry  Ontario Cannabis/a_Checkout' is clicked on

2019-05-09 12:32:57 - [TEST_STEP][PASSED] - click(findTestObject("OCS_CRITICAL PATH/cartpage- decrease qty _OR/Page_Ontario Cannabis Store - Infor/a_Cart")): Object: 'Object Repository/OCS_CRITICAL PATH/cartpage- decrease qty _OR/Page_Ontario Cannabis Store - Infor/a_Cart' is clicked on

2019-05-09 12:32:59 - [MESSAGE][PASSED] - Object: 'Object Repository/OCS_CRITICAL PATH/cartpage- decrease qty _OR/Page_Ontario Cannabis Store - Infor/a_Cart' is clicked on

2019-05-09 12:32:59 - [TEST_STEP][PASSED] - a = getText(findTestObject("OCS_CRITICAL PATH/cartpage- decrease qty _OR/Page_Your Shopping Cart  Ontario Ca/p_194.40")): Text of object 'Object Repository/OCS_CRITICAL PATH/cartpage- decrease qty _OR/Page_Your Shopping Cart  Ontario Ca/p_194.40' is: '$194.40'

2019-05-09 12:32:59 - [MESSAGE][PASSED] - Text of object 'Object Repository/OCS_CRITICAL PATH/cartpage- decrease qty _OR/Page_Your Shopping Cart  Ontario Ca/p_194.40' is: '$194.40'

2019-05-09 12:32:59 - [TEST_STEP][PASSED] - comment(a): $194.40

2019-05-09 12:32:59 - [MESSAGE][INFO] - $194.40

2019-05-09 12:32:59 - [TEST_STEP][PASSED] - click(findTestObject("OCS_CRITICAL PATH/cartpage- decrease qty _OR/Page_Your Shopping Cart  Ontario Ca/button_-")): Object: 'Object Repository/OCS_CRITICAL PATH/cartpage- decrease qty _OR/Page_Your Shopping Cart  Ontario Ca/button_-' is clicked on

2019-05-09 12:32:59 - [MESSAGE][PASSED] - Object: 'Object Repository/OCS_CRITICAL PATH/cartpage- decrease qty _OR/Page_Your Shopping Cart  Ontario Ca/button_-' is clicked on

2019-05-09 12:32:59 - [TEST_STEP][PASSED] - setText(findTestObject("OCS_CRITICAL PATH/cartpage- decrease qty _OR/Page_Your Shopping Cart  Ontario Ca/input_-_updates"), "7"): Text '7' is set on object 'Object Repository/OCS_CRITICAL PATH/cartpage- decrease qty _OR/Page_Your Shopping Cart  Ontario Ca/input_-_updates'

2019-05-09 12:33:00 - [MESSAGE][PASSED] - Text '7' is set on object 'Object Repository/OCS_CRITICAL PATH/cartpage- decrease qty _OR/Page_Your Shopping Cart  Ontario Ca/input_-_updates'

2019-05-09 12:33:00 - [TEST_STEP][NOT_RUN] - click(findTestObject("OCS_CRITICAL PATH/cartpage- decrease qty _OR/Page_Your Shopping Cart  Ontario Ca/div_3.5g")): NOT_RUN: click(findTestObject("OCS_CRITICAL PATH/cartpage- decrease qty _OR/Page_Your Shopping Cart  Ontario Ca/div_3.5g"))

2019-05-09 12:33:00 - [MESSAGE][NOT_RUN] - NOT_RUN: click(findTestObject("OCS_CRITICAL PATH/cartpage- decrease qty _OR/Page_Your Shopping Cart  Ontario Ca/div_3.5g"))

2019-05-09 12:33:00 - [TEST_STEP][PASSED] - setText(findTestObject("OCS_CRITICAL PATH/cartpage- decrease qty _OR/Page_Your Shopping Cart  Ontario Ca/input_-_updates"), "6"): Text '6' is set on object 'Object Repository/OCS_CRITICAL PATH/cartpage- decrease qty _OR/Page_Your Shopping Cart  Ontario Ca/input_-_updates'

2019-05-09 12:33:00 - [MESSAGE][PASSED] - Text '6' is set on object 'Object Repository/OCS_CRITICAL PATH/cartpage- decrease qty _OR/Page_Your Shopping Cart  Ontario Ca/input_-_updates'

2019-05-09 12:33:00 - [TEST_STEP][NOT_RUN] - click(findTestObject("OCS_CRITICAL PATH/cartpage- decrease qty _OR/Page_Your Shopping Cart  Ontario Ca/div_3.5g                      _1")): NOT_RUN: click(findTestObject("OCS_CRITICAL PATH/cartpage- decrease qty _OR/Page_Your Shopping Cart  Ontario Ca/div_3.5g                      _1"))

2019-05-09 12:33:00 - [MESSAGE][NOT_RUN] - NOT_RUN: click(findTestObject("OCS_CRITICAL PATH/cartpage- decrease qty _OR/Page_Your Shopping Cart  Ontario Ca/div_3.5g                      _1"))

2019-05-09 12:33:00 - [TEST_STEP][PASSED] - delay(3): Delayed 3 second(s)

2019-05-09 12:33:03 - [MESSAGE][PASSED] - Delayed 3 second(s)

2019-05-09 12:33:03 - [TEST_STEP][PASSED] - click(findTestObject("OCS_CRITICAL PATH/cartpage- decrease qty _OR/Page_Your Shopping Cart  Ontario Ca/button_-")): Object: 'Object Repository/OCS_CRITICAL PATH/cartpage- decrease qty _OR/Page_Your Shopping Cart  Ontario Ca/button_-' is clicked on

2019-05-09 12:33:03 - [MESSAGE][PASSED] - Object: 'Object Repository/OCS_CRITICAL PATH/cartpage- decrease qty _OR/Page_Your Shopping Cart  Ontario Ca/button_-' is clicked on

2019-05-09 12:33:03 - [TEST_STEP][PASSED] - delay(2): Delayed 2 second(s)

2019-05-09 12:33:05 - [MESSAGE][PASSED] - Delayed 2 second(s)

2019-05-09 12:33:05 - [TEST_STEP][PASSED] - click(findTestObject("OCS_CRITICAL PATH/cartpage- decrease qty _OR/Page_Your Shopping Cart  Ontario Ca/button_-")): Object: 'Object Repository/OCS_CRITICAL PATH/cartpage- decrease qty _OR/Page_Your Shopping Cart  Ontario Ca/button_-' is clicked on

2019-05-09 12:33:05 - [MESSAGE][PASSED] - Object: 'Object Repository/OCS_CRITICAL PATH/cartpage- decrease qty _OR/Page_Your Shopping Cart  Ontario Ca/button_-' is clicked on

2019-05-09 12:33:05 - [TEST_STEP][PASSED] - delay(2): Delayed 2 second(s)

2019-05-09 12:33:07 - [MESSAGE][PASSED] - Delayed 2 second(s)

2019-05-09 12:33:07 - [TEST_STEP][PASSED] - click(findTestObject("OCS_CRITICAL PATH/cartpage- decrease qty _OR/Page_Your Shopping Cart  Ontario Ca/button_-")): Object: 'Object Repository/OCS_CRITICAL PATH/cartpage- decrease qty _OR/Page_Your Shopping Cart  Ontario Ca/button_-' is clicked on

2019-05-09 12:33:07 - [MESSAGE][PASSED] - Object: 'Object Repository/OCS_CRITICAL PATH/cartpage- decrease qty _OR/Page_Your Shopping Cart  Ontario Ca/button_-' is clicked on

2019-05-09 12:33:07 - [TEST_STEP][PASSED] - delay(5): Delayed 5 second(s)

2019-05-09 12:33:12 - [MESSAGE][PASSED] - Delayed 5 second(s)

2019-05-09 12:33:12 - [TEST_STEP][PASSED] - b = getText(findTestObject("OCS_CRITICAL PATH/cartpage- decrease qty _OR/Page_Your Shopping Cart  Ontario Ca/p_194.40")): Text of object 'Object Repository/OCS_CRITICAL PATH/cartpage- decrease qty _OR/Page_Your Shopping Cart  Ontario Ca/p_194.40' is: '$32.40'

2019-05-09 12:33:12 - [MESSAGE][PASSED] - Text of object 'Object Repository/OCS_CRITICAL PATH/cartpage- decrease qty _OR/Page_Your Shopping Cart  Ontario Ca/p_194.40' is: '$32.40'

2019-05-09 12:33:12 - [TEST_STEP][NOT_RUN] - click(findTestObject("OCS_CRITICAL PATH/cartpage- decrease qty _OR/Page_Your Shopping Cart  Ontario Ca/span_My Bag 3")): NOT_RUN: click(findTestObject("OCS_CRITICAL PATH/cartpage- decrease qty _OR/Page_Your Shopping Cart  Ontario Ca/span_My Bag 3"))

2019-05-09 12:33:12 - [MESSAGE][NOT_RUN] - NOT_RUN: click(findTestObject("OCS_CRITICAL PATH/cartpage- decrease qty _OR/Page_Your Shopping Cart  Ontario Ca/span_My Bag 3"))

2019-05-09 12:33:12 - [TEST_STEP][PASSED] - comment(b): $32.40

2019-05-09 12:33:12 - [MESSAGE][INFO] - $32.40

2019-05-09 12:33:12 - [TEST_STEP][NOT_RUN] - d = c.substring(1): NOT_RUN: d = c.substring(1)

2019-05-09 12:33:12 - [MESSAGE][NOT_RUN] - NOT_RUN: d = c.substring(1)

2019-05-09 12:33:12 - [TEST_STEP][NOT_RUN] - comment(d): NOT_RUN: comment(d)

2019-05-09 12:33:12 - [MESSAGE][NOT_RUN] - NOT_RUN: comment(d)

2019-05-09 12:33:12 - [TEST_STEP][PASSED] - verifyNotEqual("a", "b"): Actual object 'a' and expected object 'b' are not equal

2019-05-09 12:33:12 - [MESSAGE][PASSED] - Actual object 'a' and expected object 'b' are not equal

2019-05-09 12:33:12 - [TEST_STEP][PASSED] - comment(" price changed . Quantity selector is working"):  price changed . Quantity selector is working

2019-05-09 12:33:12 - [MESSAGE][INFO] -  price changed . Quantity selector is working]]></system-out>
         <system-err><![CDATA[]]></system-err>
      </testcase>
      <testcase name="Test Cases/OCS- CRITICAL PATH/cart page-increase qty" classname="Test Cases/OCS- CRITICAL PATH/cart page-increase qty" status="PASSED">
         <system-out><![CDATA[2019-05-09 12:33:12 - [TEST_CASE][PASSED] - Test Cases/OCS- CRITICAL PATH/cart page-increase qty: Test Cases/OCS- CRITICAL PATH/cart page-increase qty

2019-05-09 12:33:12 - [TEST_STEP][PASSED] - openBrowser(""): Browser is opened with url: ''

2019-05-09 12:33:12 - [MESSAGE][WARNING] - A browser is already opened. Closing browser and opening a new one

2019-05-09 12:33:13 - [MESSAGE][INFO] - Starting 'Firefox' driver

2019-05-09 12:33:15 - [MESSAGE][PASSED] - Browser is opened with url: ''

2019-05-09 12:33:15 - [TEST_STEP][PASSED] - navigateToUrl("https://ocs.ca/?fts=0&preview_theme_id=53373863756"): Navigate to 'https://ocs.ca/?fts=0&preview_theme_id=53373863756' successfully

2019-05-09 12:33:24 - [MESSAGE][PASSED] - Navigate to 'https://ocs.ca/?fts=0&preview_theme_id=53373863756' successfully

2019-05-09 12:33:24 - [TEST_STEP][PASSED] - click(findTestObject("Object Repository/Theme_oR/Page_Ontario Cannabis Store  Ontari/button_Close preview")): Object: 'Object Repository/Theme_oR/Page_Ontario Cannabis Store  Ontari/button_Close preview' is clicked on

2019-05-09 12:33:25 - [MESSAGE][PASSED] - Object: 'Object Repository/Theme_oR/Page_Ontario Cannabis Store  Ontari/button_Close preview' is clicked on

2019-05-09 12:33:25 - [TEST_STEP][PASSED] - maximizeWindow(): Current window maximized

2019-05-09 12:33:26 - [MESSAGE][PASSED] - Current window maximized

2019-05-09 12:33:26 - [TEST_STEP][PASSED] - selectOptionByValue(findTestObject("OCS_CRITICAL PATH/Cartflyout-decrease qty _OR/Page_Ontario Cannabis Store  Ontari/select_Select01020304050607080"), "18", true): All options with value '18' are selected in object 'Object Repository/OCS_CRITICAL PATH/Cartflyout-decrease qty _OR/Page_Ontario Cannabis Store  Ontari/select_Select01020304050607080'  using regular expression

2019-05-09 12:33:26 - [MESSAGE][PASSED] - All options with value '18' are selected in object 'Object Repository/OCS_CRITICAL PATH/Cartflyout-decrease qty _OR/Page_Ontario Cannabis Store  Ontari/select_Select01020304050607080'  using regular expression

2019-05-09 12:33:26 - [TEST_STEP][PASSED] - selectOptionByValue(findTestObject("OCS_CRITICAL PATH/Cartflyout-decrease qty _OR/Page_Ontario Cannabis Store  Ontari/select_SelectJanuary - 01Febru"), "9", true): All options with value '9' are selected in object 'Object Repository/OCS_CRITICAL PATH/Cartflyout-decrease qty _OR/Page_Ontario Cannabis Store  Ontari/select_SelectJanuary - 01Febru'  using regular expression

2019-05-09 12:33:27 - [MESSAGE][PASSED] - All options with value '9' are selected in object 'Object Repository/OCS_CRITICAL PATH/Cartflyout-decrease qty _OR/Page_Ontario Cannabis Store  Ontari/select_SelectJanuary - 01Febru'  using regular expression

2019-05-09 12:33:27 - [TEST_STEP][PASSED] - selectOptionByValue(findTestObject("OCS_CRITICAL PATH/Cartflyout-decrease qty _OR/Page_Ontario Cannabis Store  Ontari/select_Select20182017201620152"), "1933", true): All options with value '1933' are selected in object 'Object Repository/OCS_CRITICAL PATH/Cartflyout-decrease qty _OR/Page_Ontario Cannabis Store  Ontari/select_Select20182017201620152'  using regular expression

2019-05-09 12:33:29 - [MESSAGE][PASSED] - All options with value '1933' are selected in object 'Object Repository/OCS_CRITICAL PATH/Cartflyout-decrease qty _OR/Page_Ontario Cannabis Store  Ontari/select_Select20182017201620152'  using regular expression

2019-05-09 12:33:29 - [TEST_STEP][PASSED] - click(findTestObject("OCS_CRITICAL PATH/Cartflyout-decrease qty _OR/Page_Ontario Cannabis Store  Ontari/button_Verify")): Object: 'Object Repository/OCS_CRITICAL PATH/Cartflyout-decrease qty _OR/Page_Ontario Cannabis Store  Ontari/button_Verify' is clicked on

2019-05-09 12:33:29 - [MESSAGE][PASSED] - Object: 'Object Repository/OCS_CRITICAL PATH/Cartflyout-decrease qty _OR/Page_Ontario Cannabis Store  Ontari/button_Verify' is clicked on

2019-05-09 12:33:29 - [TEST_STEP][PASSED] - click(findTestObject("OCS_CRITICAL PATH/Cartflyout-decrease qty _OR/Page_Ontario Cannabis Store  Ontari/span_CONFIRM AND ACKNOWLEDGE_c")): Object: 'Object Repository/OCS_CRITICAL PATH/Cartflyout-decrease qty _OR/Page_Ontario Cannabis Store  Ontari/span_CONFIRM AND ACKNOWLEDGE_c' is clicked on

2019-05-09 12:33:30 - [MESSAGE][PASSED] - Object: 'Object Repository/OCS_CRITICAL PATH/Cartflyout-decrease qty _OR/Page_Ontario Cannabis Store  Ontari/span_CONFIRM AND ACKNOWLEDGE_c' is clicked on

2019-05-09 12:33:30 - [TEST_STEP][PASSED] - click(findTestObject("OCS_CRITICAL PATH/Cartflyout-decrease qty _OR/Page_Ontario Cannabis Store  Ontari/button_CONFIRM")): Object: 'Object Repository/OCS_CRITICAL PATH/Cartflyout-decrease qty _OR/Page_Ontario Cannabis Store  Ontari/button_CONFIRM' is clicked on

2019-05-09 12:33:30 - [MESSAGE][PASSED] - Object: 'Object Repository/OCS_CRITICAL PATH/Cartflyout-decrease qty _OR/Page_Ontario Cannabis Store  Ontari/button_CONFIRM' is clicked on

2019-05-09 12:33:30 - [TEST_STEP][PASSED] - click(findTestObject("OCS_CRITICAL PATH/Cartflyout-decrease qty _OR/Page_Ontario Cannabis Store  Ontari/button_Start Browsing")): Object: 'Object Repository/OCS_CRITICAL PATH/Cartflyout-decrease qty _OR/Page_Ontario Cannabis Store  Ontari/button_Start Browsing' is clicked on

2019-05-09 12:33:30 - [MESSAGE][PASSED] - Object: 'Object Repository/OCS_CRITICAL PATH/Cartflyout-decrease qty _OR/Page_Ontario Cannabis Store  Ontari/button_Start Browsing' is clicked on

2019-05-09 12:33:30 - [TEST_STEP][PASSED] - delay(2): Delayed 2 second(s)

2019-05-09 12:33:32 - [MESSAGE][PASSED] - Delayed 2 second(s)

2019-05-09 12:33:32 - [TEST_STEP][PASSED] - mouseOver(findTestObject("OCS_CRITICAL PATH/Cartflyout-decrease qty _OR/Page_Ontario Cannabis Store  Ontari/h3_Cannabis")): Object: 'Object Repository/OCS_CRITICAL PATH/Cartflyout-decrease qty _OR/Page_Ontario Cannabis Store  Ontari/h3_Cannabis' is hovered

2019-05-09 12:33:32 - [MESSAGE][PASSED] - Object: 'Object Repository/OCS_CRITICAL PATH/Cartflyout-decrease qty _OR/Page_Ontario Cannabis Store  Ontari/h3_Cannabis' is hovered

2019-05-09 12:33:32 - [TEST_STEP][PASSED] - delay(2): Delayed 2 second(s)

2019-05-09 12:33:34 - [MESSAGE][PASSED] - Delayed 2 second(s)

2019-05-09 12:33:34 - [TEST_STEP][PASSED] - click(findTestObject("OCS_CRITICAL PATH/Cartflyout-decrease qty _OR/Page_Ontario Cannabis Store  Ontari/span_Indica Dominant")): Object: 'Object Repository/OCS_CRITICAL PATH/Cartflyout-decrease qty _OR/Page_Ontario Cannabis Store  Ontari/span_Indica Dominant' is clicked on

2019-05-09 12:33:37 - [MESSAGE][PASSED] - Object: 'Object Repository/OCS_CRITICAL PATH/Cartflyout-decrease qty _OR/Page_Ontario Cannabis Store  Ontari/span_Indica Dominant' is clicked on

2019-05-09 12:33:37 - [TEST_STEP][PASSED] - delay(3): Delayed 3 second(s)

2019-05-09 12:33:40 - [MESSAGE][PASSED] - Delayed 3 second(s)

2019-05-09 12:33:40 - [TEST_STEP][PASSED] - click(findTestObject("OCS_CRITICAL PATH/Cartflyout-decrease qty _OR/Page_Indica Dominant Dried Flower/h3_Shishkaberry")): Object: 'Object Repository/OCS_CRITICAL PATH/Cartflyout-decrease qty _OR/Page_Indica Dominant Dried Flower/h3_Shishkaberry' is clicked on

2019-05-09 12:33:42 - [MESSAGE][PASSED] - Object: 'Object Repository/OCS_CRITICAL PATH/Cartflyout-decrease qty _OR/Page_Indica Dominant Dried Flower/h3_Shishkaberry' is clicked on

2019-05-09 12:33:42 - [TEST_STEP][PASSED] - click(findTestObject("OCS_CRITICAL PATH/Cartflyout-decrease qty _OR/Page_Shishkaberry  Ontario Cannabis/div_3.5g")): Object: 'Object Repository/OCS_CRITICAL PATH/Cartflyout-decrease qty _OR/Page_Shishkaberry  Ontario Cannabis/div_3.5g' is clicked on

2019-05-09 12:33:42 - [MESSAGE][PASSED] - Object: 'Object Repository/OCS_CRITICAL PATH/Cartflyout-decrease qty _OR/Page_Shishkaberry  Ontario Cannabis/div_3.5g' is clicked on

2019-05-09 12:33:42 - [TEST_STEP][NOT_RUN] - click(findTestObject("Page_Shishkaberry  Ontario Cannabis/button_")): NOT_RUN: click(findTestObject("Page_Shishkaberry  Ontario Cannabis/button_"))

2019-05-09 12:33:42 - [MESSAGE][NOT_RUN] - NOT_RUN: click(findTestObject("Page_Shishkaberry  Ontario Cannabis/button_"))

2019-05-09 12:33:42 - [TEST_STEP][NOT_RUN] - click(findTestObject("Page_Shishkaberry  Ontario Cannabis/button_")): NOT_RUN: click(findTestObject("Page_Shishkaberry  Ontario Cannabis/button_"))

2019-05-09 12:33:42 - [MESSAGE][NOT_RUN] - NOT_RUN: click(findTestObject("Page_Shishkaberry  Ontario Cannabis/button_"))

2019-05-09 12:33:42 - [TEST_STEP][NOT_RUN] - click(findTestObject("Page_Shishkaberry  Ontario Cannabis/button_")): NOT_RUN: click(findTestObject("Page_Shishkaberry  Ontario Cannabis/button_"))

2019-05-09 12:33:42 - [MESSAGE][NOT_RUN] - NOT_RUN: click(findTestObject("Page_Shishkaberry  Ontario Cannabis/button_"))

2019-05-09 12:33:42 - [TEST_STEP][NOT_RUN] - click(findTestObject("Page_Shishkaberry  Ontario Cannabis/button_")): NOT_RUN: click(findTestObject("Page_Shishkaberry  Ontario Cannabis/button_"))

2019-05-09 12:33:42 - [MESSAGE][NOT_RUN] - NOT_RUN: click(findTestObject("Page_Shishkaberry  Ontario Cannabis/button_"))

2019-05-09 12:33:42 - [TEST_STEP][NOT_RUN] - click(findTestObject("Page_Shishkaberry  Ontario Cannabis/button_")): NOT_RUN: click(findTestObject("Page_Shishkaberry  Ontario Cannabis/button_"))

2019-05-09 12:33:42 - [MESSAGE][NOT_RUN] - NOT_RUN: click(findTestObject("Page_Shishkaberry  Ontario Cannabis/button_"))

2019-05-09 12:33:42 - [TEST_STEP][PASSED] - click(findTestObject("OCS_CRITICAL PATH/cartpage- decrease qty _OR/Page_Shishkaberry  Ontario Cannabis/button_Add to Bag194.40")): Object: 'Object Repository/OCS_CRITICAL PATH/cartpage- decrease qty _OR/Page_Shishkaberry  Ontario Cannabis/button_Add to Bag194.40' is clicked on

2019-05-09 12:33:42 - [MESSAGE][PASSED] - Object: 'Object Repository/OCS_CRITICAL PATH/cartpage- decrease qty _OR/Page_Shishkaberry  Ontario Cannabis/button_Add to Bag194.40' is clicked on

2019-05-09 12:33:42 - [TEST_STEP][PASSED] - click(findTestObject("OCS_CRITICAL PATH/cartpage- decrease qty _OR/Page_Shishkaberry  Ontario Cannabis/span_concat(I confirm that I")): Object: 'Object Repository/OCS_CRITICAL PATH/cartpage- decrease qty _OR/Page_Shishkaberry  Ontario Cannabis/span_concat(I confirm that I' is clicked on

2019-05-09 12:33:44 - [MESSAGE][PASSED] - Object: 'Object Repository/OCS_CRITICAL PATH/cartpage- decrease qty _OR/Page_Shishkaberry  Ontario Cannabis/span_concat(I confirm that I' is clicked on

2019-05-09 12:33:44 - [TEST_STEP][PASSED] - click(findTestObject("OCS_CRITICAL PATH/cartpage- decrease qty _OR/Page_Shishkaberry  Ontario Cannabis/span_Accept the_checkbox")): Object: 'Object Repository/OCS_CRITICAL PATH/cartpage- decrease qty _OR/Page_Shishkaberry  Ontario Cannabis/span_Accept the_checkbox' is clicked on

2019-05-09 12:33:44 - [MESSAGE][PASSED] - Object: 'Object Repository/OCS_CRITICAL PATH/cartpage- decrease qty _OR/Page_Shishkaberry  Ontario Cannabis/span_Accept the_checkbox' is clicked on

2019-05-09 12:33:44 - [TEST_STEP][PASSED] - delay(3): Delayed 3 second(s)

2019-05-09 12:33:47 - [MESSAGE][PASSED] - Delayed 3 second(s)

2019-05-09 12:33:47 - [TEST_STEP][PASSED] - click(findTestObject("OCS_CRITICAL PATH/cartpage- decrease qty _OR/Page_Shishkaberry  Ontario Cannabis/a_Checkout")): Object: 'Object Repository/OCS_CRITICAL PATH/cartpage- decrease qty _OR/Page_Shishkaberry  Ontario Cannabis/a_Checkout' is clicked on

2019-05-09 12:33:49 - [MESSAGE][PASSED] - Object: 'Object Repository/OCS_CRITICAL PATH/cartpage- decrease qty _OR/Page_Shishkaberry  Ontario Cannabis/a_Checkout' is clicked on

2019-05-09 12:33:49 - [TEST_STEP][PASSED] - click(findTestObject("OCS_CRITICAL PATH/cartpage- decrease qty _OR/Page_Ontario Cannabis Store - Infor/a_Cart")): Object: 'Object Repository/OCS_CRITICAL PATH/cartpage- decrease qty _OR/Page_Ontario Cannabis Store - Infor/a_Cart' is clicked on

2019-05-09 12:33:51 - [MESSAGE][PASSED] - Object: 'Object Repository/OCS_CRITICAL PATH/cartpage- decrease qty _OR/Page_Ontario Cannabis Store - Infor/a_Cart' is clicked on

2019-05-09 12:33:51 - [TEST_STEP][PASSED] - a = getText(findTestObject("OCS_CRITICAL PATH/cartpage- decrease qty _OR/Page_Your Shopping Cart  Ontario Ca/p_194.40 (1)")): Text of object 'Object Repository/OCS_CRITICAL PATH/cartpage- decrease qty _OR/Page_Your Shopping Cart  Ontario Ca/p_194.40 (1)' is: '$32.40'

2019-05-09 12:33:51 - [MESSAGE][PASSED] - Text of object 'Object Repository/OCS_CRITICAL PATH/cartpage- decrease qty _OR/Page_Your Shopping Cart  Ontario Ca/p_194.40 (1)' is: '$32.40'

2019-05-09 12:33:51 - [TEST_STEP][PASSED] - comment(a): $32.40

2019-05-09 12:33:51 - [MESSAGE][INFO] - $32.40

2019-05-09 12:33:51 - [TEST_STEP][PASSED] - setText(findTestObject("Object Repository/OCS_CRITICAL PATH/cartpage- decrease qty _OR/Page_Your Shopping Cart  Ontario Ca/input_-_updates (1)"), "2"): Text '2' is set on object 'Object Repository/OCS_CRITICAL PATH/cartpage- decrease qty _OR/Page_Your Shopping Cart  Ontario Ca/input_-_updates (1)'

2019-05-09 12:33:51 - [MESSAGE][PASSED] - Text '2' is set on object 'Object Repository/OCS_CRITICAL PATH/cartpage- decrease qty _OR/Page_Your Shopping Cart  Ontario Ca/input_-_updates (1)'

2019-05-09 12:33:51 - [TEST_STEP][PASSED] - setText(findTestObject("Object Repository/OCS_CRITICAL PATH/cartpage- decrease qty _OR/Page_Your Shopping Cart  Ontario Ca/input_-_updates (1)"), "3"): Text '3' is set on object 'Object Repository/OCS_CRITICAL PATH/cartpage- decrease qty _OR/Page_Your Shopping Cart  Ontario Ca/input_-_updates (1)'

2019-05-09 12:33:51 - [MESSAGE][PASSED] - Text '3' is set on object 'Object Repository/OCS_CRITICAL PATH/cartpage- decrease qty _OR/Page_Your Shopping Cart  Ontario Ca/input_-_updates (1)'

2019-05-09 12:33:51 - [TEST_STEP][NOT_RUN] - click(findTestObject("Object Repository/OCS_CRITICAL PATH/cartpage- decrease qty _OR/Page_Your Shopping Cart  Ontario Ca/div_3.5g (1)")): NOT_RUN: click(findTestObject("Object Repository/OCS_CRITICAL PATH/cartpage- decrease qty _OR/Page_Your Shopping Cart  Ontario Ca/div_3.5g (1)"))

2019-05-09 12:33:51 - [MESSAGE][NOT_RUN] - NOT_RUN: click(findTestObject("Object Repository/OCS_CRITICAL PATH/cartpage- decrease qty _OR/Page_Your Shopping Cart  Ontario Ca/div_3.5g (1)"))

2019-05-09 12:33:51 - [TEST_STEP][NOT_RUN] - click(findTestObject("Object Repository/OCS_CRITICAL PATH/cartpage- decrease qty _OR/Page_Your Shopping Cart  Ontario Ca/div_3.5g                      _1 (1)")): NOT_RUN: click(findTestObject("Object Repository/OCS_CRITICAL PATH/cartpage- decrease qty _OR/Page_Your Shopping Cart  Ontario Ca/div_3.5g                      _1 (1)"))

2019-05-09 12:33:51 - [MESSAGE][NOT_RUN] - NOT_RUN: click(findTestObject("Object Repository/OCS_CRITICAL PATH/cartpage- decrease qty _OR/Page_Your Shopping Cart  Ontario Ca/div_3.5g                      _1 (1)"))

2019-05-09 12:33:51 - [TEST_STEP][PASSED] - delay(3): Delayed 3 second(s)

2019-05-09 12:33:54 - [MESSAGE][PASSED] - Delayed 3 second(s)

2019-05-09 12:33:54 - [TEST_STEP][PASSED] - click(findTestObject("Object Repository/OCS_CRITICAL PATH/cartpage- decrease qty _OR/Page_Your Shopping Cart  Ontario Ca/i__icon--plus")): Object: 'Object Repository/OCS_CRITICAL PATH/cartpage- decrease qty _OR/Page_Your Shopping Cart  Ontario Ca/i__icon--plus' is clicked on

2019-05-09 12:33:55 - [MESSAGE][PASSED] - Object: 'Object Repository/OCS_CRITICAL PATH/cartpage- decrease qty _OR/Page_Your Shopping Cart  Ontario Ca/i__icon--plus' is clicked on

2019-05-09 12:33:55 - [TEST_STEP][PASSED] - click(findTestObject("Object Repository/OCS_CRITICAL PATH/cartpage- decrease qty _OR/Page_Your Shopping Cart  Ontario Ca/i__icon--plus")): Object: 'Object Repository/OCS_CRITICAL PATH/cartpage- decrease qty _OR/Page_Your Shopping Cart  Ontario Ca/i__icon--plus' is clicked on

2019-05-09 12:33:55 - [MESSAGE][PASSED] - Object: 'Object Repository/OCS_CRITICAL PATH/cartpage- decrease qty _OR/Page_Your Shopping Cart  Ontario Ca/i__icon--plus' is clicked on

2019-05-09 12:33:55 - [TEST_STEP][PASSED] - click(findTestObject("Object Repository/OCS_CRITICAL PATH/cartpage- decrease qty _OR/Page_Your Shopping Cart  Ontario Ca/i__icon--plus")): Object: 'Object Repository/OCS_CRITICAL PATH/cartpage- decrease qty _OR/Page_Your Shopping Cart  Ontario Ca/i__icon--plus' is clicked on

2019-05-09 12:33:55 - [MESSAGE][PASSED] - Object: 'Object Repository/OCS_CRITICAL PATH/cartpage- decrease qty _OR/Page_Your Shopping Cart  Ontario Ca/i__icon--plus' is clicked on

2019-05-09 12:33:55 - [TEST_STEP][PASSED] - delay(5): Delayed 5 second(s)

2019-05-09 12:34:00 - [MESSAGE][PASSED] - Delayed 5 second(s)

2019-05-09 12:34:00 - [TEST_STEP][PASSED] - b = getText(findTestObject("Object Repository/OCS_CRITICAL PATH/cartpage- decrease qty _OR/Page_Your Shopping Cart  Ontario Ca/p_194.40 (1)")): Text of object 'Object Repository/OCS_CRITICAL PATH/cartpage- decrease qty _OR/Page_Your Shopping Cart  Ontario Ca/p_194.40 (1)' is: '$129.60'

2019-05-09 12:34:00 - [MESSAGE][PASSED] - Text of object 'Object Repository/OCS_CRITICAL PATH/cartpage- decrease qty _OR/Page_Your Shopping Cart  Ontario Ca/p_194.40 (1)' is: '$129.60'

2019-05-09 12:34:00 - [TEST_STEP][NOT_RUN] - click(findTestObject("Object Repository/OCS_CRITICAL PATH/cartpage- decrease qty _OR/Page_Your Shopping Cart  Ontario Ca/span_My Bag 3 (1)")): NOT_RUN: click(findTestObject("Object Repository/OCS_CRITICAL PATH/cartpage- decrease qty _OR/Page_Your Shopping Cart  Ontario Ca/span_My Bag 3 (1)"))

2019-05-09 12:34:00 - [MESSAGE][NOT_RUN] - NOT_RUN: click(findTestObject("Object Repository/OCS_CRITICAL PATH/cartpage- decrease qty _OR/Page_Your Shopping Cart  Ontario Ca/span_My Bag 3 (1)"))

2019-05-09 12:34:00 - [TEST_STEP][PASSED] - comment(b): $129.60

2019-05-09 12:34:00 - [MESSAGE][INFO] - $129.60

2019-05-09 12:34:00 - [TEST_STEP][NOT_RUN] - d = c.substring(1): NOT_RUN: d = c.substring(1)

2019-05-09 12:34:00 - [MESSAGE][NOT_RUN] - NOT_RUN: d = c.substring(1)

2019-05-09 12:34:00 - [TEST_STEP][NOT_RUN] - comment(d): NOT_RUN: comment(d)

2019-05-09 12:34:00 - [MESSAGE][NOT_RUN] - NOT_RUN: comment(d)

2019-05-09 12:34:00 - [TEST_STEP][PASSED] - verifyNotEqual("a", "b"): Actual object 'a' and expected object 'b' are not equal

2019-05-09 12:34:00 - [MESSAGE][PASSED] - Actual object 'a' and expected object 'b' are not equal

2019-05-09 12:34:00 - [TEST_STEP][PASSED] - comment(" price changed . Quantity selector is working"):  price changed . Quantity selector is working

2019-05-09 12:34:00 - [MESSAGE][INFO] -  price changed . Quantity selector is working]]></system-out>
         <system-err><![CDATA[]]></system-err>
      </testcase>
      <testcase name="Test Cases/OCS- CRITICAL PATH/Checkout - customer information page" classname="Test Cases/OCS- CRITICAL PATH/Checkout - customer information page" status="PASSED">
         <system-out><![CDATA[2019-05-09 12:34:00 - [TEST_CASE][PASSED] - Test Cases/OCS- CRITICAL PATH/Checkout - customer information page: Test Cases/OCS- CRITICAL PATH/Checkout - customer information page

2019-05-09 12:34:00 - [TEST_STEP][PASSED] - openBrowser(""): Browser is opened with url: ''

2019-05-09 12:34:00 - [MESSAGE][WARNING] - A browser is already opened. Closing browser and opening a new one

2019-05-09 12:34:01 - [MESSAGE][INFO] - Starting 'Firefox' driver

2019-05-09 12:34:03 - [MESSAGE][PASSED] - Browser is opened with url: ''

2019-05-09 12:34:03 - [TEST_STEP][PASSED] - navigateToUrl("https://ocs.ca/?fts=0&preview_theme_id=53373863756"): Navigate to 'https://ocs.ca/?fts=0&preview_theme_id=53373863756' successfully

2019-05-09 12:34:10 - [MESSAGE][PASSED] - Navigate to 'https://ocs.ca/?fts=0&preview_theme_id=53373863756' successfully

2019-05-09 12:34:10 - [TEST_STEP][PASSED] - click(findTestObject("Object Repository/Theme_oR/Page_Ontario Cannabis Store  Ontari/button_Close preview")): Object: 'Object Repository/Theme_oR/Page_Ontario Cannabis Store  Ontari/button_Close preview' is clicked on

2019-05-09 12:34:11 - [MESSAGE][PASSED] - Object: 'Object Repository/Theme_oR/Page_Ontario Cannabis Store  Ontari/button_Close preview' is clicked on

2019-05-09 12:34:11 - [TEST_STEP][PASSED] - selectOptionByValue(findTestObject("OCS_CRITICAL PATH/Checkout-customer/Page_Ontario Cannabis Store  Ontari/select_Select01020304050607080"), "16", true): All options with value '16' are selected in object 'Object Repository/OCS_CRITICAL PATH/Checkout-customer/Page_Ontario Cannabis Store  Ontari/select_Select01020304050607080'  using regular expression

2019-05-09 12:34:12 - [MESSAGE][PASSED] - All options with value '16' are selected in object 'Object Repository/OCS_CRITICAL PATH/Checkout-customer/Page_Ontario Cannabis Store  Ontari/select_Select01020304050607080'  using regular expression

2019-05-09 12:34:12 - [TEST_STEP][PASSED] - selectOptionByValue(findTestObject("OCS_CRITICAL PATH/Checkout-customer/Page_Ontario Cannabis Store  Ontari/select_SelectJanuary - 01Febru"), "8", true): All options with value '8' are selected in object 'Object Repository/OCS_CRITICAL PATH/Checkout-customer/Page_Ontario Cannabis Store  Ontari/select_SelectJanuary - 01Febru'  using regular expression

2019-05-09 12:34:13 - [MESSAGE][PASSED] - All options with value '8' are selected in object 'Object Repository/OCS_CRITICAL PATH/Checkout-customer/Page_Ontario Cannabis Store  Ontari/select_SelectJanuary - 01Febru'  using regular expression

2019-05-09 12:34:13 - [TEST_STEP][PASSED] - selectOptionByValue(findTestObject("OCS_CRITICAL PATH/Checkout-customer/Page_Ontario Cannabis Store  Ontari/select_Select20182017201620152"), "1955", true): All options with value '1955' are selected in object 'Object Repository/OCS_CRITICAL PATH/Checkout-customer/Page_Ontario Cannabis Store  Ontari/select_Select20182017201620152'  using regular expression

2019-05-09 12:34:15 - [MESSAGE][PASSED] - All options with value '1955' are selected in object 'Object Repository/OCS_CRITICAL PATH/Checkout-customer/Page_Ontario Cannabis Store  Ontari/select_Select20182017201620152'  using regular expression

2019-05-09 12:34:15 - [TEST_STEP][PASSED] - click(findTestObject("OCS_CRITICAL PATH/Checkout-customer/Page_Ontario Cannabis Store  Ontari/button_Verify")): Object: 'Object Repository/OCS_CRITICAL PATH/Checkout-customer/Page_Ontario Cannabis Store  Ontari/button_Verify' is clicked on

2019-05-09 12:34:15 - [MESSAGE][PASSED] - Object: 'Object Repository/OCS_CRITICAL PATH/Checkout-customer/Page_Ontario Cannabis Store  Ontari/button_Verify' is clicked on

2019-05-09 12:34:15 - [TEST_STEP][PASSED] - click(findTestObject("OCS_CRITICAL PATH/Checkout-customer/Page_Ontario Cannabis Store  Ontari/span_CONFIRM AND ACKNOWLEDGE_c")): Object: 'Object Repository/OCS_CRITICAL PATH/Checkout-customer/Page_Ontario Cannabis Store  Ontari/span_CONFIRM AND ACKNOWLEDGE_c' is clicked on

2019-05-09 12:34:15 - [MESSAGE][PASSED] - Object: 'Object Repository/OCS_CRITICAL PATH/Checkout-customer/Page_Ontario Cannabis Store  Ontari/span_CONFIRM AND ACKNOWLEDGE_c' is clicked on

2019-05-09 12:34:15 - [TEST_STEP][PASSED] - click(findTestObject("OCS_CRITICAL PATH/Checkout-customer/Page_Ontario Cannabis Store  Ontari/button_CONFIRM")): Object: 'Object Repository/OCS_CRITICAL PATH/Checkout-customer/Page_Ontario Cannabis Store  Ontari/button_CONFIRM' is clicked on

2019-05-09 12:34:15 - [MESSAGE][PASSED] - Object: 'Object Repository/OCS_CRITICAL PATH/Checkout-customer/Page_Ontario Cannabis Store  Ontari/button_CONFIRM' is clicked on

2019-05-09 12:34:15 - [TEST_STEP][PASSED] - click(findTestObject("OCS_CRITICAL PATH/Checkout-customer/Page_Ontario Cannabis Store  Ontari/button_Start Browsing")): Object: 'Object Repository/OCS_CRITICAL PATH/Checkout-customer/Page_Ontario Cannabis Store  Ontari/button_Start Browsing' is clicked on

2019-05-09 12:34:16 - [MESSAGE][PASSED] - Object: 'Object Repository/OCS_CRITICAL PATH/Checkout-customer/Page_Ontario Cannabis Store  Ontari/button_Start Browsing' is clicked on

2019-05-09 12:34:16 - [TEST_STEP][PASSED] - delay(2): Delayed 2 second(s)

2019-05-09 12:34:18 - [MESSAGE][PASSED] - Delayed 2 second(s)

2019-05-09 12:34:18 - [TEST_STEP][PASSED] - mouseOver(findTestObject("OCS_CRITICAL PATH/Checkout-customer/Page_Ontario Cannabis Store  Ontari/h3_Cannabis")): Object: 'Object Repository/OCS_CRITICAL PATH/Checkout-customer/Page_Ontario Cannabis Store  Ontari/h3_Cannabis' is hovered

2019-05-09 12:34:18 - [MESSAGE][PASSED] - Object: 'Object Repository/OCS_CRITICAL PATH/Checkout-customer/Page_Ontario Cannabis Store  Ontari/h3_Cannabis' is hovered

2019-05-09 12:34:18 - [TEST_STEP][PASSED] - delay(2): Delayed 2 second(s)

2019-05-09 12:34:20 - [MESSAGE][PASSED] - Delayed 2 second(s)

2019-05-09 12:34:20 - [TEST_STEP][PASSED] - click(findTestObject("OCS_CRITICAL PATH/Checkout-customer/Page_Ontario Cannabis Store  Ontari/span_Indica Dominant")): Object: 'Object Repository/OCS_CRITICAL PATH/Checkout-customer/Page_Ontario Cannabis Store  Ontari/span_Indica Dominant' is clicked on

2019-05-09 12:34:20 - [MESSAGE][PASSED] - Object: 'Object Repository/OCS_CRITICAL PATH/Checkout-customer/Page_Ontario Cannabis Store  Ontari/span_Indica Dominant' is clicked on

2019-05-09 12:34:20 - [TEST_STEP][PASSED] - click(findTestObject("OCS_CRITICAL PATH/Checkout-customer/Page_Indica Dominant Dried Flower/h3_Shishkaberry")): Object: 'Object Repository/OCS_CRITICAL PATH/Checkout-customer/Page_Indica Dominant Dried Flower/h3_Shishkaberry' is clicked on

2019-05-09 12:34:22 - [MESSAGE][PASSED] - Object: 'Object Repository/OCS_CRITICAL PATH/Checkout-customer/Page_Indica Dominant Dried Flower/h3_Shishkaberry' is clicked on

2019-05-09 12:34:22 - [TEST_STEP][NOT_RUN] - click(findTestObject("OCS_CRITICAL PATH/Checkout-customer/Page_Shishkaberry  Ontario Cannabis/span_3.5g")): NOT_RUN: click(findTestObject("OCS_CRITICAL PATH/Checkout-customer/Page_Shishkaberry  Ontario Cannabis/span_3.5g"))

2019-05-09 12:34:22 - [MESSAGE][NOT_RUN] - NOT_RUN: click(findTestObject("OCS_CRITICAL PATH/Checkout-customer/Page_Shishkaberry  Ontario Cannabis/span_3.5g"))

2019-05-09 12:34:22 - [TEST_STEP][PASSED] - click(findTestObject("OCS_CRITICAL PATH/Checkout-customer/Page_Shishkaberry  Ontario Cannabis/label_3.5g")): Object: 'Object Repository/OCS_CRITICAL PATH/Checkout-customer/Page_Shishkaberry  Ontario Cannabis/label_3.5g' is clicked on

2019-05-09 12:34:23 - [MESSAGE][PASSED] - Object: 'Object Repository/OCS_CRITICAL PATH/Checkout-customer/Page_Shishkaberry  Ontario Cannabis/label_3.5g' is clicked on

2019-05-09 12:34:23 - [TEST_STEP][PASSED] - click(findTestObject("OCS_CRITICAL PATH/Checkout-customer/Page_Shishkaberry  Ontario Cannabis/button_")): Object: 'Object Repository/OCS_CRITICAL PATH/Checkout-customer/Page_Shishkaberry  Ontario Cannabis/button_' is clicked on

2019-05-09 12:34:23 - [MESSAGE][PASSED] - Object: 'Object Repository/OCS_CRITICAL PATH/Checkout-customer/Page_Shishkaberry  Ontario Cannabis/button_' is clicked on

2019-05-09 12:34:23 - [TEST_STEP][PASSED] - click(findTestObject("OCS_CRITICAL PATH/Checkout-customer/Page_Shishkaberry  Ontario Cannabis/button_")): Object: 'Object Repository/OCS_CRITICAL PATH/Checkout-customer/Page_Shishkaberry  Ontario Cannabis/button_' is clicked on

2019-05-09 12:34:23 - [MESSAGE][PASSED] - Object: 'Object Repository/OCS_CRITICAL PATH/Checkout-customer/Page_Shishkaberry  Ontario Cannabis/button_' is clicked on

2019-05-09 12:34:23 - [TEST_STEP][PASSED] - click(findTestObject("OCS_CRITICAL PATH/Checkout-customer/Page_Shishkaberry  Ontario Cannabis/button_")): Object: 'Object Repository/OCS_CRITICAL PATH/Checkout-customer/Page_Shishkaberry  Ontario Cannabis/button_' is clicked on

2019-05-09 12:34:24 - [MESSAGE][PASSED] - Object: 'Object Repository/OCS_CRITICAL PATH/Checkout-customer/Page_Shishkaberry  Ontario Cannabis/button_' is clicked on

2019-05-09 12:34:24 - [TEST_STEP][PASSED] - click(findTestObject("OCS_CRITICAL PATH/Checkout-customer/Page_Shishkaberry  Ontario Cannabis/button_Add to Bag129.60")): Object: 'Object Repository/OCS_CRITICAL PATH/Checkout-customer/Page_Shishkaberry  Ontario Cannabis/button_Add to Bag129.60' is clicked on

2019-05-09 12:34:24 - [MESSAGE][PASSED] - Object: 'Object Repository/OCS_CRITICAL PATH/Checkout-customer/Page_Shishkaberry  Ontario Cannabis/button_Add to Bag129.60' is clicked on

2019-05-09 12:34:24 - [TEST_STEP][PASSED] - click(findTestObject("OCS_CRITICAL PATH/Checkout-customer/Page_Shishkaberry  Ontario Cannabis/span_concat(I confirm that I")): Object: 'Object Repository/OCS_CRITICAL PATH/Checkout-customer/Page_Shishkaberry  Ontario Cannabis/span_concat(I confirm that I' is clicked on

2019-05-09 12:34:25 - [MESSAGE][PASSED] - Object: 'Object Repository/OCS_CRITICAL PATH/Checkout-customer/Page_Shishkaberry  Ontario Cannabis/span_concat(I confirm that I' is clicked on

2019-05-09 12:34:25 - [TEST_STEP][PASSED] - click(findTestObject("OCS_CRITICAL PATH/Checkout-customer/Page_Shishkaberry  Ontario Cannabis/span_Accept the_checkbox")): Object: 'Object Repository/OCS_CRITICAL PATH/Checkout-customer/Page_Shishkaberry  Ontario Cannabis/span_Accept the_checkbox' is clicked on

2019-05-09 12:34:25 - [MESSAGE][PASSED] - Object: 'Object Repository/OCS_CRITICAL PATH/Checkout-customer/Page_Shishkaberry  Ontario Cannabis/span_Accept the_checkbox' is clicked on

2019-05-09 12:34:25 - [TEST_STEP][PASSED] - delay(3): Delayed 3 second(s)

2019-05-09 12:34:28 - [MESSAGE][PASSED] - Delayed 3 second(s)

2019-05-09 12:34:28 - [TEST_STEP][PASSED] - click(findTestObject("OCS_CRITICAL PATH/Checkout-customer/Page_Shishkaberry  Ontario Cannabis/a_Checkout")): Object: 'Object Repository/OCS_CRITICAL PATH/Checkout-customer/Page_Shishkaberry  Ontario Cannabis/a_Checkout' is clicked on

2019-05-09 12:34:30 - [MESSAGE][PASSED] - Object: 'Object Repository/OCS_CRITICAL PATH/Checkout-customer/Page_Shishkaberry  Ontario Cannabis/a_Checkout' is clicked on

2019-05-09 12:34:30 - [TEST_STEP][PASSED] - setText(findTestObject("OCS_CRITICAL PATH/Checkout-customer/Page_Ontario Cannabis Store - Infor/input_Email_checkoutemail"), "sumankompelly@diffagency.com"): Text 'sumankompelly@diffagency.com' is set on object 'Object Repository/OCS_CRITICAL PATH/Checkout-customer/Page_Ontario Cannabis Store - Infor/input_Email_checkoutemail'

2019-05-09 12:34:30 - [MESSAGE][PASSED] - Text 'sumankompelly@diffagency.com' is set on object 'Object Repository/OCS_CRITICAL PATH/Checkout-customer/Page_Ontario Cannabis Store - Infor/input_Email_checkoutemail'

2019-05-09 12:34:30 - [TEST_STEP][PASSED] - setText(findTestObject("OCS_CRITICAL PATH/Checkout-customer/Page_Ontario Cannabis Store - Infor/input_First name_checkoutshipp"), "suman"): Text 'suman' is set on object 'Object Repository/OCS_CRITICAL PATH/Checkout-customer/Page_Ontario Cannabis Store - Infor/input_First name_checkoutshipp'

2019-05-09 12:34:30 - [MESSAGE][PASSED] - Text 'suman' is set on object 'Object Repository/OCS_CRITICAL PATH/Checkout-customer/Page_Ontario Cannabis Store - Infor/input_First name_checkoutshipp'

2019-05-09 12:34:30 - [TEST_STEP][PASSED] - setText(findTestObject("OCS_CRITICAL PATH/Checkout-customer/Page_Ontario Cannabis Store - Infor/input_Last name_checkoutshippi"), "kompelly"): Text 'kompelly' is set on object 'Object Repository/OCS_CRITICAL PATH/Checkout-customer/Page_Ontario Cannabis Store - Infor/input_Last name_checkoutshippi'

2019-05-09 12:34:31 - [MESSAGE][PASSED] - Text 'kompelly' is set on object 'Object Repository/OCS_CRITICAL PATH/Checkout-customer/Page_Ontario Cannabis Store - Infor/input_Last name_checkoutshippi'

2019-05-09 12:34:31 - [TEST_STEP][PASSED] - setText(findTestObject("OCS_CRITICAL PATH/Checkout-customer/Page_Ontario Cannabis Store - Infor/input_Address_checkoutshipping"), "399 st alxendre"): Text '399 st alxendre' is set on object 'Object Repository/OCS_CRITICAL PATH/Checkout-customer/Page_Ontario Cannabis Store - Infor/input_Address_checkoutshipping'

2019-05-09 12:34:31 - [MESSAGE][PASSED] - Text '399 st alxendre' is set on object 'Object Repository/OCS_CRITICAL PATH/Checkout-customer/Page_Ontario Cannabis Store - Infor/input_Address_checkoutshipping'

2019-05-09 12:34:31 - [TEST_STEP][PASSED] - setText(findTestObject("OCS_CRITICAL PATH/Checkout-customer/Page_Ontario Cannabis Store - Infor/input_Apartment suite etc. (op"), "38"): Text '38' is set on object 'Object Repository/OCS_CRITICAL PATH/Checkout-customer/Page_Ontario Cannabis Store - Infor/input_Apartment suite etc. (op'

2019-05-09 12:34:31 - [MESSAGE][PASSED] - Text '38' is set on object 'Object Repository/OCS_CRITICAL PATH/Checkout-customer/Page_Ontario Cannabis Store - Infor/input_Apartment suite etc. (op'

2019-05-09 12:34:31 - [TEST_STEP][PASSED] - setText(findTestObject("OCS_CRITICAL PATH/Checkout-customer/Page_Ontario Cannabis Store - Infor/input_City_checkoutshipping_ad"), "montreal"): Text 'montreal' is set on object 'Object Repository/OCS_CRITICAL PATH/Checkout-customer/Page_Ontario Cannabis Store - Infor/input_City_checkoutshipping_ad'

2019-05-09 12:34:31 - [MESSAGE][PASSED] - Text 'montreal' is set on object 'Object Repository/OCS_CRITICAL PATH/Checkout-customer/Page_Ontario Cannabis Store - Infor/input_City_checkoutshipping_ad'

2019-05-09 12:34:31 - [TEST_STEP][PASSED] - setText(findTestObject("OCS_CRITICAL PATH/Checkout-customer/Page_Ontario Cannabis Store - Infor/input_Postal code_checkoutship"), "n0r1k0"): Text 'n0r1k0' is set on object 'Object Repository/OCS_CRITICAL PATH/Checkout-customer/Page_Ontario Cannabis Store - Infor/input_Postal code_checkoutship'

2019-05-09 12:34:31 - [MESSAGE][PASSED] - Text 'n0r1k0' is set on object 'Object Repository/OCS_CRITICAL PATH/Checkout-customer/Page_Ontario Cannabis Store - Infor/input_Postal code_checkoutship'

2019-05-09 12:34:31 - [TEST_STEP][PASSED] - setText(findTestObject("OCS_CRITICAL PATH/Checkout-customer/Page_Ontario Cannabis Store - Infor/input_Phone_checkoutshipping_a"), "(514) 449-3882"): Text '(514) 449-3882' is set on object 'Object Repository/OCS_CRITICAL PATH/Checkout-customer/Page_Ontario Cannabis Store - Infor/input_Phone_checkoutshipping_a'

2019-05-09 12:34:31 - [MESSAGE][PASSED] - Text '(514) 449-3882' is set on object 'Object Repository/OCS_CRITICAL PATH/Checkout-customer/Page_Ontario Cannabis Store - Infor/input_Phone_checkoutshipping_a'

2019-05-09 12:34:31 - [TEST_STEP][PASSED] - click(findTestObject("OCS_CRITICAL PATH/Checkout-customer/Page_Ontario Cannabis Store - Infor/button_Continue to shipping me")): Object: 'Object Repository/OCS_CRITICAL PATH/Checkout-customer/Page_Ontario Cannabis Store - Infor/button_Continue to shipping me' is clicked on

2019-05-09 12:34:32 - [MESSAGE][PASSED] - Object: 'Object Repository/OCS_CRITICAL PATH/Checkout-customer/Page_Ontario Cannabis Store - Infor/button_Continue to shipping me' is clicked on

2019-05-09 12:34:32 - [TEST_STEP][PASSED] - a = getWindowTitle(): Current window's title is: 'Concurrent updates'

2019-05-09 12:34:32 - [MESSAGE][PASSED] - Current window's title is: 'Concurrent updates'

2019-05-09 12:34:32 - [TEST_STEP][PASSED] - comment(a): Concurrent updates

2019-05-09 12:34:32 - [MESSAGE][INFO] - Concurrent updates

2019-05-09 12:34:32 - [TEST_STEP][PASSED] - assert getWindowTitle() == a: Current window's title is: 'Concurrent updates'

2019-05-09 12:34:32 - [MESSAGE][PASSED] - Current window's title is: 'Concurrent updates'

2019-05-09 12:34:32 - [TEST_STEP][PASSED] - comment(" navigation is on the right page "):  navigation is on the right page 

2019-05-09 12:34:32 - [MESSAGE][INFO] -  navigation is on the right page]]></system-out>
         <system-err><![CDATA[]]></system-err>
      </testcase>
      <testcase name="Test Cases/OCS- CRITICAL PATH/Checkout - payment" classname="Test Cases/OCS- CRITICAL PATH/Checkout - payment" status="FAILED">
         <failure type="FAILED" message="Test Cases/OCS- CRITICAL PATH/Checkout - payment FAILED.
Reason:
com.kms.katalon.core.exception.StepFailedException: Unable to click on object 'Object Repository/OCS_CRITICAL PATH/Checkout - payment/Page_Ontario Cannabis Store  Ontari/button_Verify' (Root cause: org.openqa.selenium.ElementClickInterceptedException: Element &lt;button class=&quot;btn btn--outline&quot; type=&quot;submit&quot;> is not clickable at point (705,689) because another element &lt;iframe id=&quot;preview-bar-iframe&quot; src=&quot;https://ocs.ca/preview_bar&quot;> obscures it
Build info: version: '3.7.1', revision: '8a0099a', time: '2017-11-06T21:07:36.161Z'
System info: host: 'sumans-MacBook-Pro.local', ip: 'fe80:0:0:0:10eb:5cc2:8353:8144%en0', os.name: 'Mac OS X', os.arch: 'x86_64', os.version: '10.13.6', java.version: '1.8.0_181'
Driver info: com.kms.katalon.core.webui.driver.firefox.CGeckoDriver
Capabilities {acceptInsecureCerts: true, browserName: firefox, browserVersion: 66.0.3, javascriptEnabled: true, moz:accessibilityChecks: false, moz:geckodriverVersion: 0.23.0, moz:headless: false, moz:processID: 2237, moz:profile: /var/folders/1t/c55l8xzs6gq..., moz:shutdownTimeout: 60000, moz:useNonSpecCompliantPointerOrigin: false, moz:webdriverClick: true, pageLoadStrategy: normal, platform: MAC, platformName: MAC, platformVersion: 17.7.0, proxy: Proxy(direct), rotatable: false, setWindowRect: true, strictFileInteractability: false, timeouts: {implicit: 0, pageLoad: 300000, script: 30000}, unhandledPromptBehavior: dismiss and notify}
Session ID: cefce523-130a-3247-8f64-8ad0eab063b7)
	at com.kms.katalon.core.keyword.internal.KeywordMain.stepFailed(KeywordMain.groovy:36)
	at com.kms.katalon.core.webui.keyword.internal.WebUIKeywordMain.stepFailed(WebUIKeywordMain.groovy:65)
	at com.kms.katalon.core.webui.keyword.internal.WebUIKeywordMain.runKeyword(WebUIKeywordMain.groovy:27)
	at com.kms.katalon.core.webui.keyword.builtin.ClickKeyword.click(ClickKeyword.groovy:86)
	at com.kms.katalon.core.webui.keyword.builtin.ClickKeyword.execute(ClickKeyword.groovy:67)
	at com.kms.katalon.core.keyword.internal.KeywordExecutor.executeKeywordForPlatform(KeywordExecutor.groovy:53)
	at com.kms.katalon.core.webui.keyword.WebUiBuiltInKeywords.click(WebUiBuiltInKeywords.groovy:616)
	at com.kms.katalon.core.webui.keyword.WebUiBuiltInKeywords$click$1.call(Unknown Source)
	at Checkout - payment.run(Checkout - payment:39)
	at com.kms.katalon.core.main.ScriptEngine.run(ScriptEngine.java:194)
	at com.kms.katalon.core.main.ScriptEngine.runScriptAsRawText(ScriptEngine.java:119)
	at com.kms.katalon.core.main.TestCaseExecutor.runScript(TestCaseExecutor.java:328)
	at com.kms.katalon.core.main.TestCaseExecutor.doExecute(TestCaseExecutor.java:319)
	at com.kms.katalon.core.main.TestCaseExecutor.processExecutionPhase(TestCaseExecutor.java:298)
	at com.kms.katalon.core.main.TestCaseExecutor.accessMainPhase(TestCaseExecutor.java:290)
	at com.kms.katalon.core.main.TestCaseExecutor.execute(TestCaseExecutor.java:224)
	at com.kms.katalon.core.main.TestSuiteExecutor.accessTestCaseMainPhase(TestSuiteExecutor.java:129)
	at com.kms.katalon.core.main.TestSuiteExecutor.accessTestSuiteMainPhase(TestSuiteExecutor.java:112)
	at com.kms.katalon.core.main.TestSuiteExecutor.execute(TestSuiteExecutor.java:81)
	at com.kms.katalon.core.main.TestCaseMain.startTestSuite(TestCaseMain.java:149)
	at com.kms.katalon.core.main.TestCaseMain$startTestSuite$0.call(Unknown Source)
	at TempTestSuite1557419302043.run(TempTestSuite1557419302043.groovy:36)
"/>
         <system-out><![CDATA[2019-05-09 12:34:32 - [TEST_CASE][FAILED] - Test Cases/OCS- CRITICAL PATH/Checkout - payment: Test Cases/OCS- CRITICAL PATH/Checkout - payment FAILED.
Reason:
com.kms.katalon.core.exception.StepFailedException: Unable to click on object 'Object Repository/OCS_CRITICAL PATH/Checkout - payment/Page_Ontario Cannabis Store  Ontari/button_Verify' (Root cause: org.openqa.selenium.ElementClickInterceptedException: Element <button class="btn btn--outline" type="submit"> is not clickable at point (705,689) because another element <iframe id="preview-bar-iframe" src="https://ocs.ca/preview_bar"> obscures it
Build info: version: '3.7.1', revision: '8a0099a', time: '2017-11-06T21:07:36.161Z'
System info: host: 'sumans-MacBook-Pro.local', ip: 'fe80:0:0:0:10eb:5cc2:8353:8144%en0', os.name: 'Mac OS X', os.arch: 'x86_64', os.version: '10.13.6', java.version: '1.8.0_181'
Driver info: com.kms.katalon.core.webui.driver.firefox.CGeckoDriver
Capabilities {acceptInsecureCerts: true, browserName: firefox, browserVersion: 66.0.3, javascriptEnabled: true, moz:accessibilityChecks: false, moz:geckodriverVersion: 0.23.0, moz:headless: false, moz:processID: 2237, moz:profile: /var/folders/1t/c55l8xzs6gq..., moz:shutdownTimeout: 60000, moz:useNonSpecCompliantPointerOrigin: false, moz:webdriverClick: true, pageLoadStrategy: normal, platform: MAC, platformName: MAC, platformVersion: 17.7.0, proxy: Proxy(direct), rotatable: false, setWindowRect: true, strictFileInteractability: false, timeouts: {implicit: 0, pageLoad: 300000, script: 30000}, unhandledPromptBehavior: dismiss and notify}
Session ID: cefce523-130a-3247-8f64-8ad0eab063b7)
	at com.kms.katalon.core.keyword.internal.KeywordMain.stepFailed(KeywordMain.groovy:36)
	at com.kms.katalon.core.webui.keyword.internal.WebUIKeywordMain.stepFailed(WebUIKeywordMain.groovy:65)
	at com.kms.katalon.core.webui.keyword.internal.WebUIKeywordMain.runKeyword(WebUIKeywordMain.groovy:27)
	at com.kms.katalon.core.webui.keyword.builtin.ClickKeyword.click(ClickKeyword.groovy:86)
	at com.kms.katalon.core.webui.keyword.builtin.ClickKeyword.execute(ClickKeyword.groovy:67)
	at com.kms.katalon.core.keyword.internal.KeywordExecutor.executeKeywordForPlatform(KeywordExecutor.groovy:53)
	at com.kms.katalon.core.webui.keyword.WebUiBuiltInKeywords.click(WebUiBuiltInKeywords.groovy:616)
	at com.kms.katalon.core.webui.keyword.WebUiBuiltInKeywords$click$1.call(Unknown Source)
	at Checkout - payment.run(Checkout - payment:39)
	at com.kms.katalon.core.main.ScriptEngine.run(ScriptEngine.java:194)
	at com.kms.katalon.core.main.ScriptEngine.runScriptAsRawText(ScriptEngine.java:119)
	at com.kms.katalon.core.main.TestCaseExecutor.runScript(TestCaseExecutor.java:328)
	at com.kms.katalon.core.main.TestCaseExecutor.doExecute(TestCaseExecutor.java:319)
	at com.kms.katalon.core.main.TestCaseExecutor.processExecutionPhase(TestCaseExecutor.java:298)
	at com.kms.katalon.core.main.TestCaseExecutor.accessMainPhase(TestCaseExecutor.java:290)
	at com.kms.katalon.core.main.TestCaseExecutor.execute(TestCaseExecutor.java:224)
	at com.kms.katalon.core.main.TestSuiteExecutor.accessTestCaseMainPhase(TestSuiteExecutor.java:129)
	at com.kms.katalon.core.main.TestSuiteExecutor.accessTestSuiteMainPhase(TestSuiteExecutor.java:112)
	at com.kms.katalon.core.main.TestSuiteExecutor.execute(TestSuiteExecutor.java:81)
	at com.kms.katalon.core.main.TestCaseMain.startTestSuite(TestCaseMain.java:149)
	at com.kms.katalon.core.main.TestCaseMain$startTestSuite$0.call(Unknown Source)
	at TempTestSuite1557419302043.run(TempTestSuite1557419302043.groovy:36)


2019-05-09 12:34:32 - [TEST_STEP][PASSED] - openBrowser(""): Browser is opened with url: ''

2019-05-09 12:34:32 - [MESSAGE][WARNING] - A browser is already opened. Closing browser and opening a new one

2019-05-09 12:34:33 - [MESSAGE][INFO] - Starting 'Firefox' driver

2019-05-09 12:34:35 - [MESSAGE][PASSED] - Browser is opened with url: ''

2019-05-09 12:34:35 - [TEST_STEP][PASSED] - navigateToUrl("https://ocs.ca/?fts=0&preview_theme_id=53373863756"): Navigate to 'https://ocs.ca/?fts=0&preview_theme_id=53373863756' successfully

2019-05-09 12:34:41 - [MESSAGE][PASSED] - Navigate to 'https://ocs.ca/?fts=0&preview_theme_id=53373863756' successfully

2019-05-09 12:34:41 - [TEST_STEP][PASSED] - click(findTestObject("Object Repository/Theme_oR/Page_Ontario Cannabis Store  Ontari/button_Close preview")): Object: 'Object Repository/Theme_oR/Page_Ontario Cannabis Store  Ontari/button_Close preview' is clicked on

2019-05-09 12:34:42 - [MESSAGE][PASSED] - Object: 'Object Repository/Theme_oR/Page_Ontario Cannabis Store  Ontari/button_Close preview' is clicked on

2019-05-09 12:34:42 - [TEST_STEP][PASSED] - maximizeWindow(): Current window maximized

2019-05-09 12:34:43 - [MESSAGE][PASSED] - Current window maximized

2019-05-09 12:34:43 - [TEST_STEP][NOT_RUN] - click(findTestObject("Object Repository/Theme_oR/Page_Ontario Cannabis Store  Ontari/button_Close preview")): NOT_RUN: click(findTestObject("Object Repository/Theme_oR/Page_Ontario Cannabis Store  Ontari/button_Close preview"))

2019-05-09 12:34:43 - [MESSAGE][NOT_RUN] - NOT_RUN: click(findTestObject("Object Repository/Theme_oR/Page_Ontario Cannabis Store  Ontari/button_Close preview"))

2019-05-09 12:34:43 - [TEST_STEP][PASSED] - delay(3): Delayed 3 second(s)

2019-05-09 12:34:46 - [MESSAGE][PASSED] - Delayed 3 second(s)

2019-05-09 12:34:46 - [TEST_STEP][PASSED] - selectOptionByValue(findTestObject("OCS_CRITICAL PATH/Checkout - payment/Page_Ontario Cannabis Store  Ontari/select_Select01020304050607080"), "19", true): All options with value '19' are selected in object 'Object Repository/OCS_CRITICAL PATH/Checkout - payment/Page_Ontario Cannabis Store  Ontari/select_Select01020304050607080'  using regular expression

2019-05-09 12:34:47 - [MESSAGE][PASSED] - All options with value '19' are selected in object 'Object Repository/OCS_CRITICAL PATH/Checkout - payment/Page_Ontario Cannabis Store  Ontari/select_Select01020304050607080'  using regular expression

2019-05-09 12:34:47 - [TEST_STEP][PASSED] - selectOptionByValue(findTestObject("OCS_CRITICAL PATH/Checkout - payment/Page_Ontario Cannabis Store  Ontari/select_SelectJanuary - 01Febru"), "9", true): All options with value '9' are selected in object 'Object Repository/OCS_CRITICAL PATH/Checkout - payment/Page_Ontario Cannabis Store  Ontari/select_SelectJanuary - 01Febru'  using regular expression

2019-05-09 12:34:47 - [MESSAGE][PASSED] - All options with value '9' are selected in object 'Object Repository/OCS_CRITICAL PATH/Checkout - payment/Page_Ontario Cannabis Store  Ontari/select_SelectJanuary - 01Febru'  using regular expression

2019-05-09 12:34:47 - [TEST_STEP][PASSED] - selectOptionByValue(findTestObject("OCS_CRITICAL PATH/Checkout - payment/Page_Ontario Cannabis Store  Ontari/select_Select20182017201620152"), "1966", true): All options with value '1966' are selected in object 'Object Repository/OCS_CRITICAL PATH/Checkout - payment/Page_Ontario Cannabis Store  Ontari/select_Select20182017201620152'  using regular expression

2019-05-09 12:34:49 - [MESSAGE][PASSED] - All options with value '1966' are selected in object 'Object Repository/OCS_CRITICAL PATH/Checkout - payment/Page_Ontario Cannabis Store  Ontari/select_Select20182017201620152'  using regular expression

2019-05-09 12:34:49 - [TEST_STEP][PASSED] - delay(3): Delayed 3 second(s)

2019-05-09 12:34:52 - [MESSAGE][PASSED] - Delayed 3 second(s)

2019-05-09 12:34:52 - [TEST_STEP][FAILED] - click(findTestObject("OCS_CRITICAL PATH/Checkout - payment/Page_Ontario Cannabis Store  Ontari/button_Verify")): click(findTestObject("OCS_CRITICAL PATH/Checkout - payment/Page_Ontario Cannabis Store  Ontari/button_Verify")) FAILED.
Reason:
com.kms.katalon.core.exception.StepFailedException: Unable to click on object 'Object Repository/OCS_CRITICAL PATH/Checkout - payment/Page_Ontario Cannabis Store  Ontari/button_Verify' (Root cause: org.openqa.selenium.ElementClickInterceptedException: Element <button class="btn btn--outline" type="submit"> is not clickable at point (705,689) because another element <iframe id="preview-bar-iframe" src="https://ocs.ca/preview_bar"> obscures it
Build info: version: '3.7.1', revision: '8a0099a', time: '2017-11-06T21:07:36.161Z'
System info: host: 'sumans-MacBook-Pro.local', ip: 'fe80:0:0:0:10eb:5cc2:8353:8144%en0', os.name: 'Mac OS X', os.arch: 'x86_64', os.version: '10.13.6', java.version: '1.8.0_181'
Driver info: com.kms.katalon.core.webui.driver.firefox.CGeckoDriver
Capabilities {acceptInsecureCerts: true, browserName: firefox, browserVersion: 66.0.3, javascriptEnabled: true, moz:accessibilityChecks: false, moz:geckodriverVersion: 0.23.0, moz:headless: false, moz:processID: 2237, moz:profile: /var/folders/1t/c55l8xzs6gq..., moz:shutdownTimeout: 60000, moz:useNonSpecCompliantPointerOrigin: false, moz:webdriverClick: true, pageLoadStrategy: normal, platform: MAC, platformName: MAC, platformVersion: 17.7.0, proxy: Proxy(direct), rotatable: false, setWindowRect: true, strictFileInteractability: false, timeouts: {implicit: 0, pageLoad: 300000, script: 30000}, unhandledPromptBehavior: dismiss and notify}
Session ID: cefce523-130a-3247-8f64-8ad0eab063b7)
	at com.kms.katalon.core.keyword.internal.KeywordMain.stepFailed(KeywordMain.groovy:36)
	at com.kms.katalon.core.webui.keyword.internal.WebUIKeywordMain.stepFailed(WebUIKeywordMain.groovy:65)
	at com.kms.katalon.core.webui.keyword.internal.WebUIKeywordMain.runKeyword(WebUIKeywordMain.groovy:27)
	at com.kms.katalon.core.webui.keyword.builtin.ClickKeyword.click(ClickKeyword.groovy:86)
	at com.kms.katalon.core.webui.keyword.builtin.ClickKeyword.execute(ClickKeyword.groovy:67)
	at com.kms.katalon.core.keyword.internal.KeywordExecutor.executeKeywordForPlatform(KeywordExecutor.groovy:53)
	at com.kms.katalon.core.webui.keyword.WebUiBuiltInKeywords.click(WebUiBuiltInKeywords.groovy:616)
	at com.kms.katalon.core.webui.keyword.WebUiBuiltInKeywords$click$1.call(Unknown Source)
	at Checkout - payment.run(Checkout - payment:39)
	at com.kms.katalon.core.main.ScriptEngine.run(ScriptEngine.java:194)
	at com.kms.katalon.core.main.ScriptEngine.runScriptAsRawText(ScriptEngine.java:119)
	at com.kms.katalon.core.main.TestCaseExecutor.runScript(TestCaseExecutor.java:328)
	at com.kms.katalon.core.main.TestCaseExecutor.doExecute(TestCaseExecutor.java:319)
	at com.kms.katalon.core.main.TestCaseExecutor.processExecutionPhase(TestCaseExecutor.java:298)
	at com.kms.katalon.core.main.TestCaseExecutor.accessMainPhase(TestCaseExecutor.java:290)
	at com.kms.katalon.core.main.TestCaseExecutor.execute(TestCaseExecutor.java:224)
	at com.kms.katalon.core.main.TestSuiteExecutor.accessTestCaseMainPhase(TestSuiteExecutor.java:129)
	at com.kms.katalon.core.main.TestSuiteExecutor.accessTestSuiteMainPhase(TestSuiteExecutor.java:112)
	at com.kms.katalon.core.main.TestSuiteExecutor.execute(TestSuiteExecutor.java:81)
	at com.kms.katalon.core.main.TestCaseMain.startTestSuite(TestCaseMain.java:149)
	at com.kms.katalon.core.main.TestCaseMain$startTestSuite$0.call(Unknown Source)
	at TempTestSuite1557419302043.run(TempTestSuite1557419302043.groovy:36)


2019-05-09 12:34:52 - [MESSAGE][FAILED] - Unable to click on object 'Object Repository/OCS_CRITICAL PATH/Checkout - payment/Page_Ontario Cannabis Store  Ontari/button_Verify' (Root cause: org.openqa.selenium.ElementClickInterceptedException: Element <button class="btn btn--outline" type="submit"> is not clickable at point (705,689) because another element <iframe id="preview-bar-iframe" src="https://ocs.ca/preview_bar"> obscures it
Build info: version: '3.7.1', revision: '8a0099a', time: '2017-11-06T21:07:36.161Z'
System info: host: 'sumans-MacBook-Pro.local', ip: 'fe80:0:0:0:10eb:5cc2:8353:8144%en0', os.name: 'Mac OS X', os.arch: 'x86_64', os.version: '10.13.6', java.version: '1.8.0_181'
Driver info: com.kms.katalon.core.webui.driver.firefox.CGeckoDriver
Capabilities {acceptInsecureCerts: true, browserName: firefox, browserVersion: 66.0.3, javascriptEnabled: true, moz:accessibilityChecks: false, moz:geckodriverVersion: 0.23.0, moz:headless: false, moz:processID: 2237, moz:profile: /var/folders/1t/c55l8xzs6gq..., moz:shutdownTimeout: 60000, moz:useNonSpecCompliantPointerOrigin: false, moz:webdriverClick: true, pageLoadStrategy: normal, platform: MAC, platformName: MAC, platformVersion: 17.7.0, proxy: Proxy(direct), rotatable: false, setWindowRect: true, strictFileInteractability: false, timeouts: {implicit: 0, pageLoad: 300000, script: 30000}, unhandledPromptBehavior: dismiss and notify}
Session ID: cefce523-130a-3247-8f64-8ad0eab063b7)
[[ATTACHMENT|/Users/sumankompelly/git/Sample-OCS/Reports/OCS-09-05-2019 - Theme2/CRITICAL PATH - 09-05-2019/20190509_122822/1557419692362.png]]

2019-05-09 12:34:52 - [MESSAGE][FAILED] - click(findTestObject("OCS_CRITICAL PATH/Checkout - payment/Page_Ontario Cannabis Store  Ontari/button_Verify")) FAILED.
Reason:
com.kms.katalon.core.exception.StepFailedException: Unable to click on object 'Object Repository/OCS_CRITICAL PATH/Checkout - payment/Page_Ontario Cannabis Store  Ontari/button_Verify' (Root cause: org.openqa.selenium.ElementClickInterceptedException: Element <button class="btn btn--outline" type="submit"> is not clickable at point (705,689) because another element <iframe id="preview-bar-iframe" src="https://ocs.ca/preview_bar"> obscures it
Build info: version: '3.7.1', revision: '8a0099a', time: '2017-11-06T21:07:36.161Z'
System info: host: 'sumans-MacBook-Pro.local', ip: 'fe80:0:0:0:10eb:5cc2:8353:8144%en0', os.name: 'Mac OS X', os.arch: 'x86_64', os.version: '10.13.6', java.version: '1.8.0_181'
Driver info: com.kms.katalon.core.webui.driver.firefox.CGeckoDriver
Capabilities {acceptInsecureCerts: true, browserName: firefox, browserVersion: 66.0.3, javascriptEnabled: true, moz:accessibilityChecks: false, moz:geckodriverVersion: 0.23.0, moz:headless: false, moz:processID: 2237, moz:profile: /var/folders/1t/c55l8xzs6gq..., moz:shutdownTimeout: 60000, moz:useNonSpecCompliantPointerOrigin: false, moz:webdriverClick: true, pageLoadStrategy: normal, platform: MAC, platformName: MAC, platformVersion: 17.7.0, proxy: Proxy(direct), rotatable: false, setWindowRect: true, strictFileInteractability: false, timeouts: {implicit: 0, pageLoad: 300000, script: 30000}, unhandledPromptBehavior: dismiss and notify}
Session ID: cefce523-130a-3247-8f64-8ad0eab063b7)
	at com.kms.katalon.core.keyword.internal.KeywordMain.stepFailed(KeywordMain.groovy:36)
	at com.kms.katalon.core.webui.keyword.internal.WebUIKeywordMain.stepFailed(WebUIKeywordMain.groovy:65)
	at com.kms.katalon.core.webui.keyword.internal.WebUIKeywordMain.runKeyword(WebUIKeywordMain.groovy:27)
	at com.kms.katalon.core.webui.keyword.builtin.ClickKeyword.click(ClickKeyword.groovy:86)
	at com.kms.katalon.core.webui.keyword.builtin.ClickKeyword.execute(ClickKeyword.groovy:67)
	at com.kms.katalon.core.keyword.internal.KeywordExecutor.executeKeywordForPlatform(KeywordExecutor.groovy:53)
	at com.kms.katalon.core.webui.keyword.WebUiBuiltInKeywords.click(WebUiBuiltInKeywords.groovy:616)
	at com.kms.katalon.core.webui.keyword.WebUiBuiltInKeywords$click$1.call(Unknown Source)
	at Checkout - payment.run(Checkout - payment:39)
	at com.kms.katalon.core.main.ScriptEngine.run(ScriptEngine.java:194)
	at com.kms.katalon.core.main.ScriptEngine.runScriptAsRawText(ScriptEngine.java:119)
	at com.kms.katalon.core.main.TestCaseExecutor.runScript(TestCaseExecutor.java:328)
	at com.kms.katalon.core.main.TestCaseExecutor.doExecute(TestCaseExecutor.java:319)
	at com.kms.katalon.core.main.TestCaseExecutor.processExecutionPhase(TestCaseExecutor.java:298)
	at com.kms.katalon.core.main.TestCaseExecutor.accessMainPhase(TestCaseExecutor.java:290)
	at com.kms.katalon.core.main.TestCaseExecutor.execute(TestCaseExecutor.java:224)
	at com.kms.katalon.core.main.TestSuiteExecutor.accessTestCaseMainPhase(TestSuiteExecutor.java:129)
	at com.kms.katalon.core.main.TestSuiteExecutor.accessTestSuiteMainPhase(TestSuiteExecutor.java:112)
	at com.kms.katalon.core.main.TestSuiteExecutor.execute(TestSuiteExecutor.java:81)
	at com.kms.katalon.core.main.TestCaseMain.startTestSuite(TestCaseMain.java:149)
	at com.kms.katalon.core.main.TestCaseMain$startTestSuite$0.call(Unknown Source)
	at TempTestSuite1557419302043.run(TempTestSuite1557419302043.groovy:36)]]></system-out>
         <system-err><![CDATA[2019-05-09 12:34:32 - [TEST_CASE][FAILED] - Test Cases/OCS- CRITICAL PATH/Checkout - payment: Test Cases/OCS- CRITICAL PATH/Checkout - payment FAILED.
Reason:
com.kms.katalon.core.exception.StepFailedException: Unable to click on object 'Object Repository/OCS_CRITICAL PATH/Checkout - payment/Page_Ontario Cannabis Store  Ontari/button_Verify' (Root cause: org.openqa.selenium.ElementClickInterceptedException: Element <button class="btn btn--outline" type="submit"> is not clickable at point (705,689) because another element <iframe id="preview-bar-iframe" src="https://ocs.ca/preview_bar"> obscures it
Build info: version: '3.7.1', revision: '8a0099a', time: '2017-11-06T21:07:36.161Z'
System info: host: 'sumans-MacBook-Pro.local', ip: 'fe80:0:0:0:10eb:5cc2:8353:8144%en0', os.name: 'Mac OS X', os.arch: 'x86_64', os.version: '10.13.6', java.version: '1.8.0_181'
Driver info: com.kms.katalon.core.webui.driver.firefox.CGeckoDriver
Capabilities {acceptInsecureCerts: true, browserName: firefox, browserVersion: 66.0.3, javascriptEnabled: true, moz:accessibilityChecks: false, moz:geckodriverVersion: 0.23.0, moz:headless: false, moz:processID: 2237, moz:profile: /var/folders/1t/c55l8xzs6gq..., moz:shutdownTimeout: 60000, moz:useNonSpecCompliantPointerOrigin: false, moz:webdriverClick: true, pageLoadStrategy: normal, platform: MAC, platformName: MAC, platformVersion: 17.7.0, proxy: Proxy(direct), rotatable: false, setWindowRect: true, strictFileInteractability: false, timeouts: {implicit: 0, pageLoad: 300000, script: 30000}, unhandledPromptBehavior: dismiss and notify}
Session ID: cefce523-130a-3247-8f64-8ad0eab063b7)
	at com.kms.katalon.core.keyword.internal.KeywordMain.stepFailed(KeywordMain.groovy:36)
	at com.kms.katalon.core.webui.keyword.internal.WebUIKeywordMain.stepFailed(WebUIKeywordMain.groovy:65)
	at com.kms.katalon.core.webui.keyword.internal.WebUIKeywordMain.runKeyword(WebUIKeywordMain.groovy:27)
	at com.kms.katalon.core.webui.keyword.builtin.ClickKeyword.click(ClickKeyword.groovy:86)
	at com.kms.katalon.core.webui.keyword.builtin.ClickKeyword.execute(ClickKeyword.groovy:67)
	at com.kms.katalon.core.keyword.internal.KeywordExecutor.executeKeywordForPlatform(KeywordExecutor.groovy:53)
	at com.kms.katalon.core.webui.keyword.WebUiBuiltInKeywords.click(WebUiBuiltInKeywords.groovy:616)
	at com.kms.katalon.core.webui.keyword.WebUiBuiltInKeywords$click$1.call(Unknown Source)
	at Checkout - payment.run(Checkout - payment:39)
	at com.kms.katalon.core.main.ScriptEngine.run(ScriptEngine.java:194)
	at com.kms.katalon.core.main.ScriptEngine.runScriptAsRawText(ScriptEngine.java:119)
	at com.kms.katalon.core.main.TestCaseExecutor.runScript(TestCaseExecutor.java:328)
	at com.kms.katalon.core.main.TestCaseExecutor.doExecute(TestCaseExecutor.java:319)
	at com.kms.katalon.core.main.TestCaseExecutor.processExecutionPhase(TestCaseExecutor.java:298)
	at com.kms.katalon.core.main.TestCaseExecutor.accessMainPhase(TestCaseExecutor.java:290)
	at com.kms.katalon.core.main.TestCaseExecutor.execute(TestCaseExecutor.java:224)
	at com.kms.katalon.core.main.TestSuiteExecutor.accessTestCaseMainPhase(TestSuiteExecutor.java:129)
	at com.kms.katalon.core.main.TestSuiteExecutor.accessTestSuiteMainPhase(TestSuiteExecutor.java:112)
	at com.kms.katalon.core.main.TestSuiteExecutor.execute(TestSuiteExecutor.java:81)
	at com.kms.katalon.core.main.TestCaseMain.startTestSuite(TestCaseMain.java:149)
	at com.kms.katalon.core.main.TestCaseMain$startTestSuite$0.call(Unknown Source)
	at TempTestSuite1557419302043.run(TempTestSuite1557419302043.groovy:36)]]></system-err>
      </testcase>
      <testcase name="Test Cases/OCS- CRITICAL PATH/Checkout-shipping method" classname="Test Cases/OCS- CRITICAL PATH/Checkout-shipping method" status="PASSED">
         <system-out><![CDATA[2019-05-09 12:34:52 - [TEST_CASE][PASSED] - Test Cases/OCS- CRITICAL PATH/Checkout-shipping method: Test Cases/OCS- CRITICAL PATH/Checkout-shipping method

2019-05-09 12:34:52 - [TEST_STEP][PASSED] - openBrowser(""): Browser is opened with url: ''

2019-05-09 12:34:52 - [MESSAGE][WARNING] - A browser is already opened. Closing browser and opening a new one

2019-05-09 12:34:53 - [MESSAGE][INFO] - Starting 'Firefox' driver

2019-05-09 12:34:55 - [MESSAGE][PASSED] - Browser is opened with url: ''

2019-05-09 12:34:55 - [TEST_STEP][PASSED] - navigateToUrl("https://ocs.ca/?fts=0&preview_theme_id=53373863756"): Navigate to 'https://ocs.ca/?fts=0&preview_theme_id=53373863756' successfully

2019-05-09 12:35:00 - [MESSAGE][PASSED] - Navigate to 'https://ocs.ca/?fts=0&preview_theme_id=53373863756' successfully

2019-05-09 12:35:00 - [TEST_STEP][PASSED] - click(findTestObject("Object Repository/Theme_oR/Page_Ontario Cannabis Store  Ontari/button_Close preview")): Object: 'Object Repository/Theme_oR/Page_Ontario Cannabis Store  Ontari/button_Close preview' is clicked on

2019-05-09 12:35:01 - [MESSAGE][PASSED] - Object: 'Object Repository/Theme_oR/Page_Ontario Cannabis Store  Ontari/button_Close preview' is clicked on

2019-05-09 12:35:01 - [TEST_STEP][PASSED] - selectOptionByValue(findTestObject("OCS_CRITICAL PATH/Checkout-customer/Page_Ontario Cannabis Store  Ontari/select_Select01020304050607080"), "16", true): All options with value '16' are selected in object 'Object Repository/OCS_CRITICAL PATH/Checkout-customer/Page_Ontario Cannabis Store  Ontari/select_Select01020304050607080'  using regular expression

2019-05-09 12:35:03 - [MESSAGE][PASSED] - All options with value '16' are selected in object 'Object Repository/OCS_CRITICAL PATH/Checkout-customer/Page_Ontario Cannabis Store  Ontari/select_Select01020304050607080'  using regular expression

2019-05-09 12:35:03 - [TEST_STEP][PASSED] - selectOptionByValue(findTestObject("OCS_CRITICAL PATH/Checkout-customer/Page_Ontario Cannabis Store  Ontari/select_SelectJanuary - 01Febru"), "8", true): All options with value '8' are selected in object 'Object Repository/OCS_CRITICAL PATH/Checkout-customer/Page_Ontario Cannabis Store  Ontari/select_SelectJanuary - 01Febru'  using regular expression

2019-05-09 12:35:03 - [MESSAGE][PASSED] - All options with value '8' are selected in object 'Object Repository/OCS_CRITICAL PATH/Checkout-customer/Page_Ontario Cannabis Store  Ontari/select_SelectJanuary - 01Febru'  using regular expression

2019-05-09 12:35:03 - [TEST_STEP][PASSED] - selectOptionByValue(findTestObject("OCS_CRITICAL PATH/Checkout-customer/Page_Ontario Cannabis Store  Ontari/select_Select20182017201620152"), "1955", true): All options with value '1955' are selected in object 'Object Repository/OCS_CRITICAL PATH/Checkout-customer/Page_Ontario Cannabis Store  Ontari/select_Select20182017201620152'  using regular expression

2019-05-09 12:35:05 - [MESSAGE][PASSED] - All options with value '1955' are selected in object 'Object Repository/OCS_CRITICAL PATH/Checkout-customer/Page_Ontario Cannabis Store  Ontari/select_Select20182017201620152'  using regular expression

2019-05-09 12:35:05 - [TEST_STEP][PASSED] - click(findTestObject("OCS_CRITICAL PATH/Checkout-customer/Page_Ontario Cannabis Store  Ontari/button_Verify")): Object: 'Object Repository/OCS_CRITICAL PATH/Checkout-customer/Page_Ontario Cannabis Store  Ontari/button_Verify' is clicked on

2019-05-09 12:35:05 - [MESSAGE][PASSED] - Object: 'Object Repository/OCS_CRITICAL PATH/Checkout-customer/Page_Ontario Cannabis Store  Ontari/button_Verify' is clicked on

2019-05-09 12:35:05 - [TEST_STEP][PASSED] - click(findTestObject("OCS_CRITICAL PATH/Checkout-customer/Page_Ontario Cannabis Store  Ontari/span_CONFIRM AND ACKNOWLEDGE_c")): Object: 'Object Repository/OCS_CRITICAL PATH/Checkout-customer/Page_Ontario Cannabis Store  Ontari/span_CONFIRM AND ACKNOWLEDGE_c' is clicked on

2019-05-09 12:35:05 - [MESSAGE][PASSED] - Object: 'Object Repository/OCS_CRITICAL PATH/Checkout-customer/Page_Ontario Cannabis Store  Ontari/span_CONFIRM AND ACKNOWLEDGE_c' is clicked on

2019-05-09 12:35:05 - [TEST_STEP][PASSED] - click(findTestObject("OCS_CRITICAL PATH/Checkout-customer/Page_Ontario Cannabis Store  Ontari/button_CONFIRM")): Object: 'Object Repository/OCS_CRITICAL PATH/Checkout-customer/Page_Ontario Cannabis Store  Ontari/button_CONFIRM' is clicked on

2019-05-09 12:35:06 - [MESSAGE][PASSED] - Object: 'Object Repository/OCS_CRITICAL PATH/Checkout-customer/Page_Ontario Cannabis Store  Ontari/button_CONFIRM' is clicked on

2019-05-09 12:35:06 - [TEST_STEP][PASSED] - click(findTestObject("OCS_CRITICAL PATH/Checkout-customer/Page_Ontario Cannabis Store  Ontari/button_Start Browsing")): Object: 'Object Repository/OCS_CRITICAL PATH/Checkout-customer/Page_Ontario Cannabis Store  Ontari/button_Start Browsing' is clicked on

2019-05-09 12:35:06 - [MESSAGE][PASSED] - Object: 'Object Repository/OCS_CRITICAL PATH/Checkout-customer/Page_Ontario Cannabis Store  Ontari/button_Start Browsing' is clicked on

2019-05-09 12:35:06 - [TEST_STEP][PASSED] - delay(3): Delayed 3 second(s)

2019-05-09 12:35:09 - [MESSAGE][PASSED] - Delayed 3 second(s)

2019-05-09 12:35:09 - [TEST_STEP][PASSED] - mouseOver(findTestObject("OCS_CRITICAL PATH/Checkout-customer/Page_Ontario Cannabis Store  Ontari/h3_Cannabis")): Object: 'Object Repository/OCS_CRITICAL PATH/Checkout-customer/Page_Ontario Cannabis Store  Ontari/h3_Cannabis' is hovered

2019-05-09 12:35:09 - [MESSAGE][PASSED] - Object: 'Object Repository/OCS_CRITICAL PATH/Checkout-customer/Page_Ontario Cannabis Store  Ontari/h3_Cannabis' is hovered

2019-05-09 12:35:09 - [TEST_STEP][PASSED] - delay(3): Delayed 3 second(s)

2019-05-09 12:35:12 - [MESSAGE][PASSED] - Delayed 3 second(s)

2019-05-09 12:35:12 - [TEST_STEP][PASSED] - click(findTestObject("OCS_CRITICAL PATH/Checkout-customer/Page_Ontario Cannabis Store  Ontari/span_Indica Dominant")): Object: 'Object Repository/OCS_CRITICAL PATH/Checkout-customer/Page_Ontario Cannabis Store  Ontari/span_Indica Dominant' is clicked on

2019-05-09 12:35:14 - [MESSAGE][PASSED] - Object: 'Object Repository/OCS_CRITICAL PATH/Checkout-customer/Page_Ontario Cannabis Store  Ontari/span_Indica Dominant' is clicked on

2019-05-09 12:35:14 - [TEST_STEP][PASSED] - delay(3): Delayed 3 second(s)

2019-05-09 12:35:17 - [MESSAGE][PASSED] - Delayed 3 second(s)

2019-05-09 12:35:17 - [TEST_STEP][PASSED] - click(findTestObject("OCS_CRITICAL PATH/Checkout-customer/Page_Indica Dominant Dried Flower/h3_Shishkaberry")): Object: 'Object Repository/OCS_CRITICAL PATH/Checkout-customer/Page_Indica Dominant Dried Flower/h3_Shishkaberry' is clicked on

2019-05-09 12:35:19 - [MESSAGE][PASSED] - Object: 'Object Repository/OCS_CRITICAL PATH/Checkout-customer/Page_Indica Dominant Dried Flower/h3_Shishkaberry' is clicked on

2019-05-09 12:35:19 - [TEST_STEP][NOT_RUN] - click(findTestObject("Page_Shishkaberry  Ontario Cannabis/span_3.5g")): NOT_RUN: click(findTestObject("Page_Shishkaberry  Ontario Cannabis/span_3.5g"))

2019-05-09 12:35:19 - [MESSAGE][NOT_RUN] - NOT_RUN: click(findTestObject("Page_Shishkaberry  Ontario Cannabis/span_3.5g"))

2019-05-09 12:35:19 - [TEST_STEP][PASSED] - click(findTestObject("OCS_CRITICAL PATH/Checkout-customer/Page_Shishkaberry  Ontario Cannabis/label_3.5g")): Object: 'Object Repository/OCS_CRITICAL PATH/Checkout-customer/Page_Shishkaberry  Ontario Cannabis/label_3.5g' is clicked on

2019-05-09 12:35:20 - [MESSAGE][PASSED] - Object: 'Object Repository/OCS_CRITICAL PATH/Checkout-customer/Page_Shishkaberry  Ontario Cannabis/label_3.5g' is clicked on

2019-05-09 12:35:20 - [TEST_STEP][PASSED] - click(findTestObject("OCS_CRITICAL PATH/Checkout-customer/Page_Shishkaberry  Ontario Cannabis/button_")): Object: 'Object Repository/OCS_CRITICAL PATH/Checkout-customer/Page_Shishkaberry  Ontario Cannabis/button_' is clicked on

2019-05-09 12:35:20 - [MESSAGE][PASSED] - Object: 'Object Repository/OCS_CRITICAL PATH/Checkout-customer/Page_Shishkaberry  Ontario Cannabis/button_' is clicked on

2019-05-09 12:35:20 - [TEST_STEP][PASSED] - click(findTestObject("OCS_CRITICAL PATH/Checkout-customer/Page_Shishkaberry  Ontario Cannabis/button_")): Object: 'Object Repository/OCS_CRITICAL PATH/Checkout-customer/Page_Shishkaberry  Ontario Cannabis/button_' is clicked on

2019-05-09 12:35:20 - [MESSAGE][PASSED] - Object: 'Object Repository/OCS_CRITICAL PATH/Checkout-customer/Page_Shishkaberry  Ontario Cannabis/button_' is clicked on

2019-05-09 12:35:20 - [TEST_STEP][PASSED] - click(findTestObject("OCS_CRITICAL PATH/Checkout-customer/Page_Shishkaberry  Ontario Cannabis/button_")): Object: 'Object Repository/OCS_CRITICAL PATH/Checkout-customer/Page_Shishkaberry  Ontario Cannabis/button_' is clicked on

2019-05-09 12:35:20 - [MESSAGE][PASSED] - Object: 'Object Repository/OCS_CRITICAL PATH/Checkout-customer/Page_Shishkaberry  Ontario Cannabis/button_' is clicked on

2019-05-09 12:35:20 - [TEST_STEP][PASSED] - click(findTestObject("OCS_CRITICAL PATH/Checkout-customer/Page_Shishkaberry  Ontario Cannabis/button_Add to Bag129.60")): Object: 'Object Repository/OCS_CRITICAL PATH/Checkout-customer/Page_Shishkaberry  Ontario Cannabis/button_Add to Bag129.60' is clicked on

2019-05-09 12:35:21 - [MESSAGE][PASSED] - Object: 'Object Repository/OCS_CRITICAL PATH/Checkout-customer/Page_Shishkaberry  Ontario Cannabis/button_Add to Bag129.60' is clicked on

2019-05-09 12:35:21 - [TEST_STEP][PASSED] - click(findTestObject("OCS_CRITICAL PATH/Checkout-customer/Page_Shishkaberry  Ontario Cannabis/span_concat(I confirm that I")): Object: 'Object Repository/OCS_CRITICAL PATH/Checkout-customer/Page_Shishkaberry  Ontario Cannabis/span_concat(I confirm that I' is clicked on

2019-05-09 12:35:22 - [MESSAGE][PASSED] - Object: 'Object Repository/OCS_CRITICAL PATH/Checkout-customer/Page_Shishkaberry  Ontario Cannabis/span_concat(I confirm that I' is clicked on

2019-05-09 12:35:22 - [TEST_STEP][PASSED] - click(findTestObject("OCS_CRITICAL PATH/Checkout-customer/Page_Shishkaberry  Ontario Cannabis/span_Accept the_checkbox")): Object: 'Object Repository/OCS_CRITICAL PATH/Checkout-customer/Page_Shishkaberry  Ontario Cannabis/span_Accept the_checkbox' is clicked on

2019-05-09 12:35:22 - [MESSAGE][PASSED] - Object: 'Object Repository/OCS_CRITICAL PATH/Checkout-customer/Page_Shishkaberry  Ontario Cannabis/span_Accept the_checkbox' is clicked on

2019-05-09 12:35:22 - [TEST_STEP][PASSED] - delay(3): Delayed 3 second(s)

2019-05-09 12:35:25 - [MESSAGE][PASSED] - Delayed 3 second(s)

2019-05-09 12:35:25 - [TEST_STEP][PASSED] - click(findTestObject("OCS_CRITICAL PATH/Checkout-customer/Page_Shishkaberry  Ontario Cannabis/a_Checkout")): Object: 'Object Repository/OCS_CRITICAL PATH/Checkout-customer/Page_Shishkaberry  Ontario Cannabis/a_Checkout' is clicked on

2019-05-09 12:35:32 - [MESSAGE][PASSED] - Object: 'Object Repository/OCS_CRITICAL PATH/Checkout-customer/Page_Shishkaberry  Ontario Cannabis/a_Checkout' is clicked on

2019-05-09 12:35:32 - [TEST_STEP][PASSED] - setText(findTestObject("OCS_CRITICAL PATH/Checkout-shipping method/Page_Ontario Cannabis Store - Infor/input_Email_checkoutemail"), "sumankompelly@diffagency.com"): Text 'sumankompelly@diffagency.com' is set on object 'Object Repository/OCS_CRITICAL PATH/Checkout-shipping method/Page_Ontario Cannabis Store - Infor/input_Email_checkoutemail'

2019-05-09 12:35:32 - [MESSAGE][PASSED] - Text 'sumankompelly@diffagency.com' is set on object 'Object Repository/OCS_CRITICAL PATH/Checkout-shipping method/Page_Ontario Cannabis Store - Infor/input_Email_checkoutemail'

2019-05-09 12:35:32 - [TEST_STEP][PASSED] - setText(findTestObject("OCS_CRITICAL PATH/Checkout-shipping method/Page_Ontario Cannabis Store - Infor/input_First name_checkoutshipp"), "suman"): Text 'suman' is set on object 'Object Repository/OCS_CRITICAL PATH/Checkout-shipping method/Page_Ontario Cannabis Store - Infor/input_First name_checkoutshipp'

2019-05-09 12:35:33 - [MESSAGE][PASSED] - Text 'suman' is set on object 'Object Repository/OCS_CRITICAL PATH/Checkout-shipping method/Page_Ontario Cannabis Store - Infor/input_First name_checkoutshipp'

2019-05-09 12:35:33 - [TEST_STEP][PASSED] - setText(findTestObject("OCS_CRITICAL PATH/Checkout-shipping method/Page_Ontario Cannabis Store - Infor/input_Last name_checkoutshippi"), "kompelly"): Text 'kompelly' is set on object 'Object Repository/OCS_CRITICAL PATH/Checkout-shipping method/Page_Ontario Cannabis Store - Infor/input_Last name_checkoutshippi'

2019-05-09 12:35:33 - [MESSAGE][PASSED] - Text 'kompelly' is set on object 'Object Repository/OCS_CRITICAL PATH/Checkout-shipping method/Page_Ontario Cannabis Store - Infor/input_Last name_checkoutshippi'

2019-05-09 12:35:33 - [TEST_STEP][PASSED] - setText(findTestObject("OCS_CRITICAL PATH/Checkout-shipping method/Page_Ontario Cannabis Store - Infor/input_Address_checkoutshipping"), "399 st alxendre"): Text '399 st alxendre' is set on object 'Object Repository/OCS_CRITICAL PATH/Checkout-shipping method/Page_Ontario Cannabis Store - Infor/input_Address_checkoutshipping'

2019-05-09 12:35:33 - [MESSAGE][PASSED] - Text '399 st alxendre' is set on object 'Object Repository/OCS_CRITICAL PATH/Checkout-shipping method/Page_Ontario Cannabis Store - Infor/input_Address_checkoutshipping'

2019-05-09 12:35:33 - [TEST_STEP][PASSED] - setText(findTestObject("OCS_CRITICAL PATH/Checkout-shipping method/Page_Ontario Cannabis Store - Infor/input_Apartment suite etc. (op"), "38"): Text '38' is set on object 'Object Repository/OCS_CRITICAL PATH/Checkout-shipping method/Page_Ontario Cannabis Store - Infor/input_Apartment suite etc. (op'

2019-05-09 12:35:33 - [MESSAGE][PASSED] - Text '38' is set on object 'Object Repository/OCS_CRITICAL PATH/Checkout-shipping method/Page_Ontario Cannabis Store - Infor/input_Apartment suite etc. (op'

2019-05-09 12:35:33 - [TEST_STEP][PASSED] - setText(findTestObject("OCS_CRITICAL PATH/Checkout-shipping method/Page_Ontario Cannabis Store - Infor/input_City_checkoutshipping_ad"), "montreal"): Text 'montreal' is set on object 'Object Repository/OCS_CRITICAL PATH/Checkout-shipping method/Page_Ontario Cannabis Store - Infor/input_City_checkoutshipping_ad'

2019-05-09 12:35:33 - [MESSAGE][PASSED] - Text 'montreal' is set on object 'Object Repository/OCS_CRITICAL PATH/Checkout-shipping method/Page_Ontario Cannabis Store - Infor/input_City_checkoutshipping_ad'

2019-05-09 12:35:33 - [TEST_STEP][PASSED] - setText(findTestObject("OCS_CRITICAL PATH/Checkout-shipping method/Page_Ontario Cannabis Store - Infor/input_Postal code_checkoutship"), "n0r1k0"): Text 'n0r1k0' is set on object 'Object Repository/OCS_CRITICAL PATH/Checkout-shipping method/Page_Ontario Cannabis Store - Infor/input_Postal code_checkoutship'

2019-05-09 12:35:33 - [MESSAGE][PASSED] - Text 'n0r1k0' is set on object 'Object Repository/OCS_CRITICAL PATH/Checkout-shipping method/Page_Ontario Cannabis Store - Infor/input_Postal code_checkoutship'

2019-05-09 12:35:33 - [TEST_STEP][PASSED] - setText(findTestObject("OCS_CRITICAL PATH/Checkout-shipping method/Page_Ontario Cannabis Store - Infor/input_Phone_checkoutshipping_a"), "(514) 449-3882"): Text '(514) 449-3882' is set on object 'Object Repository/OCS_CRITICAL PATH/Checkout-shipping method/Page_Ontario Cannabis Store - Infor/input_Phone_checkoutshipping_a'

2019-05-09 12:35:33 - [MESSAGE][PASSED] - Text '(514) 449-3882' is set on object 'Object Repository/OCS_CRITICAL PATH/Checkout-shipping method/Page_Ontario Cannabis Store - Infor/input_Phone_checkoutshipping_a'

2019-05-09 12:35:33 - [TEST_STEP][PASSED] - delay(3): Delayed 3 second(s)

2019-05-09 12:35:36 - [MESSAGE][PASSED] - Delayed 3 second(s)

2019-05-09 12:35:36 - [TEST_STEP][PASSED] - click(findTestObject("OCS_CRITICAL PATH/Checkout-shipping method/Page_Ontario Cannabis Store - Infor/button_Continue to shipping me")): Object: 'Object Repository/OCS_CRITICAL PATH/Checkout-shipping method/Page_Ontario Cannabis Store - Infor/button_Continue to shipping me' is clicked on

2019-05-09 12:35:41 - [MESSAGE][PASSED] - Object: 'Object Repository/OCS_CRITICAL PATH/Checkout-shipping method/Page_Ontario Cannabis Store - Infor/button_Continue to shipping me' is clicked on

2019-05-09 12:35:41 - [TEST_STEP][NOT_RUN] - a = getWindowTitle(): NOT_RUN: a = getWindowTitle()

2019-05-09 12:35:41 - [MESSAGE][NOT_RUN] - NOT_RUN: a = getWindowTitle()

2019-05-09 12:35:41 - [TEST_STEP][NOT_RUN] - comment(a): NOT_RUN: comment(a)

2019-05-09 12:35:41 - [MESSAGE][NOT_RUN] - NOT_RUN: comment(a)

2019-05-09 12:35:41 - [TEST_STEP][NOT_RUN] - assert getWindowTitle() == a: NOT_RUN: assert getWindowTitle() == a

2019-05-09 12:35:41 - [MESSAGE][NOT_RUN] - NOT_RUN: assert getWindowTitle() == a

2019-05-09 12:35:41 - [TEST_STEP][NOT_RUN] - comment(" navigation is on the right page "): NOT_RUN: comment(" navigation is on the right page ")

2019-05-09 12:35:41 - [MESSAGE][NOT_RUN] - NOT_RUN: comment(" navigation is on the right page ")

2019-05-09 12:35:41 - [TEST_STEP][PASSED] - click(findTestObject("OCS_CRITICAL PATH/Checkout-shipping method/Page_Ontario Cannabis Store - Shipp/a_Information")): Object: 'Object Repository/OCS_CRITICAL PATH/Checkout-shipping method/Page_Ontario Cannabis Store - Shipp/a_Information' is clicked on

2019-05-09 12:35:42 - [MESSAGE][PASSED] - Object: 'Object Repository/OCS_CRITICAL PATH/Checkout-shipping method/Page_Ontario Cannabis Store - Shipp/a_Information' is clicked on

2019-05-09 12:35:42 - [TEST_STEP][PASSED] - click(findTestObject("OCS_CRITICAL PATH/Checkout-shipping method/Page_Ontario Cannabis Store - Infor/a_Shipping")): Object: 'Object Repository/OCS_CRITICAL PATH/Checkout-shipping method/Page_Ontario Cannabis Store - Infor/a_Shipping' is clicked on

2019-05-09 12:35:44 - [MESSAGE][PASSED] - Object: 'Object Repository/OCS_CRITICAL PATH/Checkout-shipping method/Page_Ontario Cannabis Store - Infor/a_Shipping' is clicked on

2019-05-09 12:35:44 - [TEST_STEP][PASSED] - click(findTestObject("OCS_CRITICAL PATH/Checkout-shipping method/Page_Ontario Cannabis Store - Shipp/a_Cart")): Object: 'Object Repository/OCS_CRITICAL PATH/Checkout-shipping method/Page_Ontario Cannabis Store - Shipp/a_Cart' is clicked on

2019-05-09 12:35:45 - [MESSAGE][PASSED] - Object: 'Object Repository/OCS_CRITICAL PATH/Checkout-shipping method/Page_Ontario Cannabis Store - Shipp/a_Cart' is clicked on

2019-05-09 12:35:45 - [TEST_STEP][PASSED] - delay(2): Delayed 2 second(s)

2019-05-09 12:35:47 - [MESSAGE][PASSED] - Delayed 2 second(s)

2019-05-09 12:35:47 - [TEST_STEP][PASSED] - click(findTestObject("OCS_CRITICAL PATH/Checkout-shipping method/Page_Your Shopping Cart  Ontario Ca/span_concat(I confirm that I")): Object: 'Object Repository/OCS_CRITICAL PATH/Checkout-shipping method/Page_Your Shopping Cart  Ontario Ca/span_concat(I confirm that I' is clicked on

2019-05-09 12:35:47 - [MESSAGE][PASSED] - Object: 'Object Repository/OCS_CRITICAL PATH/Checkout-shipping method/Page_Your Shopping Cart  Ontario Ca/span_concat(I confirm that I' is clicked on

2019-05-09 12:35:47 - [TEST_STEP][PASSED] - delay(2): Delayed 2 second(s)

2019-05-09 12:35:49 - [MESSAGE][PASSED] - Delayed 2 second(s)

2019-05-09 12:35:49 - [TEST_STEP][PASSED] - click(findTestObject("OCS_CRITICAL PATH/Checkout-shipping method/Page_Your Shopping Cart  Ontario Ca/span_Accept the_checkbox")): Object: 'Object Repository/OCS_CRITICAL PATH/Checkout-shipping method/Page_Your Shopping Cart  Ontario Ca/span_Accept the_checkbox' is clicked on

2019-05-09 12:35:50 - [MESSAGE][PASSED] - Object: 'Object Repository/OCS_CRITICAL PATH/Checkout-shipping method/Page_Your Shopping Cart  Ontario Ca/span_Accept the_checkbox' is clicked on

2019-05-09 12:35:50 - [TEST_STEP][PASSED] - delay(2): Delayed 2 second(s)

2019-05-09 12:35:52 - [MESSAGE][PASSED] - Delayed 2 second(s)

2019-05-09 12:35:52 - [TEST_STEP][PASSED] - click(findTestObject("OCS_CRITICAL PATH/Checkout-shipping method/Page_Your Shopping Cart  Ontario Ca/a_Checkout")): Object: 'Object Repository/OCS_CRITICAL PATH/Checkout-shipping method/Page_Your Shopping Cart  Ontario Ca/a_Checkout' is clicked on

2019-05-09 12:35:53 - [MESSAGE][PASSED] - Object: 'Object Repository/OCS_CRITICAL PATH/Checkout-shipping method/Page_Your Shopping Cart  Ontario Ca/a_Checkout' is clicked on

2019-05-09 12:35:53 - [TEST_STEP][PASSED] - delay(2): Delayed 2 second(s)

2019-05-09 12:35:55 - [MESSAGE][PASSED] - Delayed 2 second(s)

2019-05-09 12:35:55 - [TEST_STEP][PASSED] - click(findTestObject("OCS_CRITICAL PATH/Checkout-shipping method/Page_Ontario Cannabis Store - Shipp/span_Change")): Object: 'Object Repository/OCS_CRITICAL PATH/Checkout-shipping method/Page_Ontario Cannabis Store - Shipp/span_Change' is clicked on

2019-05-09 12:35:58 - [MESSAGE][PASSED] - Object: 'Object Repository/OCS_CRITICAL PATH/Checkout-shipping method/Page_Ontario Cannabis Store - Shipp/span_Change' is clicked on

2019-05-09 12:35:58 - [TEST_STEP][PASSED] - click(findTestObject("OCS_CRITICAL PATH/Checkout-shipping method/Page_Ontario Cannabis Store - Infor/button_Continue to shipping me")): Object: 'Object Repository/OCS_CRITICAL PATH/Checkout-shipping method/Page_Ontario Cannabis Store - Infor/button_Continue to shipping me' is clicked on

2019-05-09 12:36:00 - [MESSAGE][PASSED] - Object: 'Object Repository/OCS_CRITICAL PATH/Checkout-shipping method/Page_Ontario Cannabis Store - Infor/button_Continue to shipping me' is clicked on

2019-05-09 12:36:00 - [TEST_STEP][PASSED] - delay(2): Delayed 2 second(s)

2019-05-09 12:36:02 - [MESSAGE][PASSED] - Delayed 2 second(s)

2019-05-09 12:36:02 - [TEST_STEP][PASSED] - click(findTestObject("OCS_CRITICAL PATH/Checkout-shipping method/Page_Ontario Cannabis Store - Shipp/span_Change")): Object: 'Object Repository/OCS_CRITICAL PATH/Checkout-shipping method/Page_Ontario Cannabis Store - Shipp/span_Change' is clicked on

2019-05-09 12:36:04 - [MESSAGE][PASSED] - Object: 'Object Repository/OCS_CRITICAL PATH/Checkout-shipping method/Page_Ontario Cannabis Store - Shipp/span_Change' is clicked on

2019-05-09 12:36:04 - [TEST_STEP][PASSED] - delay(2): Delayed 2 second(s)

2019-05-09 12:36:06 - [MESSAGE][PASSED] - Delayed 2 second(s)

2019-05-09 12:36:06 - [TEST_STEP][PASSED] - click(findTestObject("OCS_CRITICAL PATH/Checkout-shipping method/Page_Ontario Cannabis Store - Infor/button_Continue to shipping me")): Object: 'Object Repository/OCS_CRITICAL PATH/Checkout-shipping method/Page_Ontario Cannabis Store - Infor/button_Continue to shipping me' is clicked on

2019-05-09 12:36:07 - [MESSAGE][PASSED] - Object: 'Object Repository/OCS_CRITICAL PATH/Checkout-shipping method/Page_Ontario Cannabis Store - Infor/button_Continue to shipping me' is clicked on

2019-05-09 12:36:07 - [TEST_STEP][PASSED] - click(findTestObject("OCS_CRITICAL PATH/Checkout-shipping method/Page_Ontario Cannabis Store - Shipp/span_Return to customer inform")): Object: 'Object Repository/OCS_CRITICAL PATH/Checkout-shipping method/Page_Ontario Cannabis Store - Shipp/span_Return to customer inform' is clicked on

2019-05-09 12:36:09 - [MESSAGE][PASSED] - Object: 'Object Repository/OCS_CRITICAL PATH/Checkout-shipping method/Page_Ontario Cannabis Store - Shipp/span_Return to customer inform' is clicked on

2019-05-09 12:36:09 - [TEST_STEP][PASSED] - click(findTestObject("OCS_CRITICAL PATH/Checkout-shipping method/Page_Ontario Cannabis Store - Infor/button_Continue to shipping me")): Object: 'Object Repository/OCS_CRITICAL PATH/Checkout-shipping method/Page_Ontario Cannabis Store - Infor/button_Continue to shipping me' is clicked on

2019-05-09 12:36:11 - [MESSAGE][PASSED] - Object: 'Object Repository/OCS_CRITICAL PATH/Checkout-shipping method/Page_Ontario Cannabis Store - Infor/button_Continue to shipping me' is clicked on

2019-05-09 12:36:11 - [TEST_STEP][PASSED] - click(findTestObject("OCS_CRITICAL PATH/Checkout-shipping method/Page_Ontario Cannabis Store - Shipp/button_Continue to payment met")): Object: 'Object Repository/OCS_CRITICAL PATH/Checkout-shipping method/Page_Ontario Cannabis Store - Shipp/button_Continue to payment met' is clicked on

2019-05-09 12:36:14 - [MESSAGE][PASSED] - Object: 'Object Repository/OCS_CRITICAL PATH/Checkout-shipping method/Page_Ontario Cannabis Store - Shipp/button_Continue to payment met' is clicked on

2019-05-09 12:36:14 - [TEST_STEP][PASSED] - r = getWindowTitle(): Current window's title is: 'Ontario Cannabis Store - Payment - Ontario Cannabis Store - Checkout'

2019-05-09 12:36:14 - [MESSAGE][PASSED] - Current window's title is: 'Ontario Cannabis Store - Payment - Ontario Cannabis Store - Checkout'

2019-05-09 12:36:14 - [TEST_STEP][PASSED] - comment(r): Ontario Cannabis Store - Payment - Ontario Cannabis Store - Checkout

2019-05-09 12:36:14 - [MESSAGE][INFO] - Ontario Cannabis Store - Payment - Ontario Cannabis Store - Checkout

2019-05-09 12:36:14 - [TEST_STEP][PASSED] - assert getWindowTitle() == r: Current window's title is: 'Ontario Cannabis Store - Payment - Ontario Cannabis Store - Checkout'

2019-05-09 12:36:14 - [MESSAGE][PASSED] - Current window's title is: 'Ontario Cannabis Store - Payment - Ontario Cannabis Store - Checkout'

2019-05-09 12:36:14 - [TEST_STEP][PASSED] - comment(" navigation is on the right page "):  navigation is on the right page 

2019-05-09 12:36:14 - [MESSAGE][INFO] -  navigation is on the right page]]></system-out>
         <system-err><![CDATA[]]></system-err>
      </testcase>
      <testcase name="Test Cases/OCS- CRITICAL PATH/Miscellaneous" classname="Test Cases/OCS- CRITICAL PATH/Miscellaneous" status="FAILED">
         <failure type="FAILED" message="Test Cases/OCS- CRITICAL PATH/Miscellaneous FAILED.
Reason:
com.kms.katalon.core.exception.StepFailedException: Unable to click on object 'Object Repository/miscellaneous_OR/Page_Ontario Cannabis Store  Ontari/i_Hoss Glass_icon--forward sli' (Root cause: com.kms.katalon.core.webui.exception.WebElementNotFoundException: Web element with id: 'Object Repository/miscellaneous_OR/Page_Ontario Cannabis Store  Ontari/i_Hoss Glass_icon--forward sli' located by 'By.xpath: //div[@id='shopify-section-1549488936323']/section/div/div/i[2]' not found)
	at com.kms.katalon.core.keyword.internal.KeywordMain.stepFailed(KeywordMain.groovy:36)
	at com.kms.katalon.core.webui.keyword.internal.WebUIKeywordMain.stepFailed(WebUIKeywordMain.groovy:65)
	at com.kms.katalon.core.webui.keyword.internal.WebUIKeywordMain.runKeyword(WebUIKeywordMain.groovy:27)
	at com.kms.katalon.core.webui.keyword.builtin.ClickKeyword.click(ClickKeyword.groovy:86)
	at com.kms.katalon.core.webui.keyword.builtin.ClickKeyword.execute(ClickKeyword.groovy:67)
	at com.kms.katalon.core.keyword.internal.KeywordExecutor.executeKeywordForPlatform(KeywordExecutor.groovy:53)
	at com.kms.katalon.core.webui.keyword.WebUiBuiltInKeywords.click(WebUiBuiltInKeywords.groovy:616)
	at com.kms.katalon.core.webui.keyword.WebUiBuiltInKeywords$click$1.call(Unknown Source)
	at Miscellaneous.run(Miscellaneous:41)
	at com.kms.katalon.core.main.ScriptEngine.run(ScriptEngine.java:194)
	at com.kms.katalon.core.main.ScriptEngine.runScriptAsRawText(ScriptEngine.java:119)
	at com.kms.katalon.core.main.TestCaseExecutor.runScript(TestCaseExecutor.java:328)
	at com.kms.katalon.core.main.TestCaseExecutor.doExecute(TestCaseExecutor.java:319)
	at com.kms.katalon.core.main.TestCaseExecutor.processExecutionPhase(TestCaseExecutor.java:298)
	at com.kms.katalon.core.main.TestCaseExecutor.accessMainPhase(TestCaseExecutor.java:290)
	at com.kms.katalon.core.main.TestCaseExecutor.execute(TestCaseExecutor.java:224)
	at com.kms.katalon.core.main.TestSuiteExecutor.accessTestCaseMainPhase(TestSuiteExecutor.java:129)
	at com.kms.katalon.core.main.TestSuiteExecutor.accessTestSuiteMainPhase(TestSuiteExecutor.java:112)
	at com.kms.katalon.core.main.TestSuiteExecutor.execute(TestSuiteExecutor.java:81)
	at com.kms.katalon.core.main.TestCaseMain.startTestSuite(TestCaseMain.java:149)
	at com.kms.katalon.core.main.TestCaseMain$startTestSuite$0.call(Unknown Source)
	at TempTestSuite1557419302043.run(TempTestSuite1557419302043.groovy:36)
"/>
         <system-out><![CDATA[2019-05-09 12:36:14 - [TEST_CASE][FAILED] - Test Cases/OCS- CRITICAL PATH/Miscellaneous: Test Cases/OCS- CRITICAL PATH/Miscellaneous FAILED.
Reason:
com.kms.katalon.core.exception.StepFailedException: Unable to click on object 'Object Repository/miscellaneous_OR/Page_Ontario Cannabis Store  Ontari/i_Hoss Glass_icon--forward sli' (Root cause: com.kms.katalon.core.webui.exception.WebElementNotFoundException: Web element with id: 'Object Repository/miscellaneous_OR/Page_Ontario Cannabis Store  Ontari/i_Hoss Glass_icon--forward sli' located by 'By.xpath: //div[@id='shopify-section-1549488936323']/section/div/div/i[2]' not found)
	at com.kms.katalon.core.keyword.internal.KeywordMain.stepFailed(KeywordMain.groovy:36)
	at com.kms.katalon.core.webui.keyword.internal.WebUIKeywordMain.stepFailed(WebUIKeywordMain.groovy:65)
	at com.kms.katalon.core.webui.keyword.internal.WebUIKeywordMain.runKeyword(WebUIKeywordMain.groovy:27)
	at com.kms.katalon.core.webui.keyword.builtin.ClickKeyword.click(ClickKeyword.groovy:86)
	at com.kms.katalon.core.webui.keyword.builtin.ClickKeyword.execute(ClickKeyword.groovy:67)
	at com.kms.katalon.core.keyword.internal.KeywordExecutor.executeKeywordForPlatform(KeywordExecutor.groovy:53)
	at com.kms.katalon.core.webui.keyword.WebUiBuiltInKeywords.click(WebUiBuiltInKeywords.groovy:616)
	at com.kms.katalon.core.webui.keyword.WebUiBuiltInKeywords$click$1.call(Unknown Source)
	at Miscellaneous.run(Miscellaneous:41)
	at com.kms.katalon.core.main.ScriptEngine.run(ScriptEngine.java:194)
	at com.kms.katalon.core.main.ScriptEngine.runScriptAsRawText(ScriptEngine.java:119)
	at com.kms.katalon.core.main.TestCaseExecutor.runScript(TestCaseExecutor.java:328)
	at com.kms.katalon.core.main.TestCaseExecutor.doExecute(TestCaseExecutor.java:319)
	at com.kms.katalon.core.main.TestCaseExecutor.processExecutionPhase(TestCaseExecutor.java:298)
	at com.kms.katalon.core.main.TestCaseExecutor.accessMainPhase(TestCaseExecutor.java:290)
	at com.kms.katalon.core.main.TestCaseExecutor.execute(TestCaseExecutor.java:224)
	at com.kms.katalon.core.main.TestSuiteExecutor.accessTestCaseMainPhase(TestSuiteExecutor.java:129)
	at com.kms.katalon.core.main.TestSuiteExecutor.accessTestSuiteMainPhase(TestSuiteExecutor.java:112)
	at com.kms.katalon.core.main.TestSuiteExecutor.execute(TestSuiteExecutor.java:81)
	at com.kms.katalon.core.main.TestCaseMain.startTestSuite(TestCaseMain.java:149)
	at com.kms.katalon.core.main.TestCaseMain$startTestSuite$0.call(Unknown Source)
	at TempTestSuite1557419302043.run(TempTestSuite1557419302043.groovy:36)


2019-05-09 12:36:14 - [TEST_STEP][PASSED] - openBrowser(""): Browser is opened with url: ''

2019-05-09 12:36:14 - [MESSAGE][WARNING] - A browser is already opened. Closing browser and opening a new one

2019-05-09 12:36:14 - [MESSAGE][INFO] - Starting 'Firefox' driver

2019-05-09 12:36:16 - [MESSAGE][PASSED] - Browser is opened with url: ''

2019-05-09 12:36:16 - [TEST_STEP][PASSED] - navigateToUrl("https://ocs.ca/?fts=0&preview_theme_id=53373863756"): Navigate to 'https://ocs.ca/?fts=0&preview_theme_id=53373863756' successfully

2019-05-09 12:36:23 - [MESSAGE][PASSED] - Navigate to 'https://ocs.ca/?fts=0&preview_theme_id=53373863756' successfully

2019-05-09 12:36:23 - [TEST_STEP][PASSED] - click(findTestObject("Object Repository/Theme_oR/Page_Ontario Cannabis Store  Ontari/button_Close preview")): Object: 'Object Repository/Theme_oR/Page_Ontario Cannabis Store  Ontari/button_Close preview' is clicked on

2019-05-09 12:36:25 - [MESSAGE][PASSED] - Object: 'Object Repository/Theme_oR/Page_Ontario Cannabis Store  Ontari/button_Close preview' is clicked on

2019-05-09 12:36:25 - [TEST_STEP][PASSED] - selectOptionByValue(findTestObject("Object Repository/miscellaneous_OR/Page_Ontario Cannabis Store  Ontari/select_Select01020304050607080"), "17", true): All options with value '17' are selected in object 'Object Repository/miscellaneous_OR/Page_Ontario Cannabis Store  Ontari/select_Select01020304050607080'  using regular expression

2019-05-09 12:36:26 - [MESSAGE][PASSED] - All options with value '17' are selected in object 'Object Repository/miscellaneous_OR/Page_Ontario Cannabis Store  Ontari/select_Select01020304050607080'  using regular expression

2019-05-09 12:36:26 - [TEST_STEP][PASSED] - selectOptionByValue(findTestObject("Object Repository/miscellaneous_OR/Page_Ontario Cannabis Store  Ontari/select_SelectJanuary - 01Febru"), "9", true): All options with value '9' are selected in object 'Object Repository/miscellaneous_OR/Page_Ontario Cannabis Store  Ontari/select_SelectJanuary - 01Febru'  using regular expression

2019-05-09 12:36:26 - [MESSAGE][PASSED] - All options with value '9' are selected in object 'Object Repository/miscellaneous_OR/Page_Ontario Cannabis Store  Ontari/select_SelectJanuary - 01Febru'  using regular expression

2019-05-09 12:36:26 - [TEST_STEP][PASSED] - selectOptionByValue(findTestObject("Object Repository/miscellaneous_OR/Page_Ontario Cannabis Store  Ontari/select_Select20182017201620152"), "1949", true): All options with value '1949' are selected in object 'Object Repository/miscellaneous_OR/Page_Ontario Cannabis Store  Ontari/select_Select20182017201620152'  using regular expression

2019-05-09 12:36:28 - [MESSAGE][PASSED] - All options with value '1949' are selected in object 'Object Repository/miscellaneous_OR/Page_Ontario Cannabis Store  Ontari/select_Select20182017201620152'  using regular expression

2019-05-09 12:36:28 - [TEST_STEP][PASSED] - click(findTestObject("Object Repository/miscellaneous_OR/Page_Ontario Cannabis Store  Ontari/button_Verify")): Object: 'Object Repository/miscellaneous_OR/Page_Ontario Cannabis Store  Ontari/button_Verify' is clicked on

2019-05-09 12:36:28 - [MESSAGE][PASSED] - Object: 'Object Repository/miscellaneous_OR/Page_Ontario Cannabis Store  Ontari/button_Verify' is clicked on

2019-05-09 12:36:28 - [TEST_STEP][PASSED] - click(findTestObject("Object Repository/miscellaneous_OR/Page_Ontario Cannabis Store  Ontari/span_CONFIRM AND ACKNOWLEDGE_c")): Object: 'Object Repository/miscellaneous_OR/Page_Ontario Cannabis Store  Ontari/span_CONFIRM AND ACKNOWLEDGE_c' is clicked on

2019-05-09 12:36:28 - [MESSAGE][PASSED] - Object: 'Object Repository/miscellaneous_OR/Page_Ontario Cannabis Store  Ontari/span_CONFIRM AND ACKNOWLEDGE_c' is clicked on

2019-05-09 12:36:28 - [TEST_STEP][PASSED] - click(findTestObject("Object Repository/miscellaneous_OR/Page_Ontario Cannabis Store  Ontari/button_CONFIRM")): Object: 'Object Repository/miscellaneous_OR/Page_Ontario Cannabis Store  Ontari/button_CONFIRM' is clicked on

2019-05-09 12:36:29 - [MESSAGE][PASSED] - Object: 'Object Repository/miscellaneous_OR/Page_Ontario Cannabis Store  Ontari/button_CONFIRM' is clicked on

2019-05-09 12:36:29 - [TEST_STEP][PASSED] - click(findTestObject("Object Repository/miscellaneous_OR/Page_Ontario Cannabis Store  Ontari/button_Start Browsing")): Object: 'Object Repository/miscellaneous_OR/Page_Ontario Cannabis Store  Ontari/button_Start Browsing' is clicked on

2019-05-09 12:36:29 - [MESSAGE][PASSED] - Object: 'Object Repository/miscellaneous_OR/Page_Ontario Cannabis Store  Ontari/button_Start Browsing' is clicked on

2019-05-09 12:36:29 - [TEST_STEP][NOT_RUN] - click(findTestObject("Object Repository/miscellaneous_OR/Page_Ontario Cannabis Store  Ontari/span_Indica Dominant")): NOT_RUN: click(findTestObject("Object Repository/miscellaneous_OR/Page_Ontario Cannabis Store  Ontari/span_Indica Dominant"))

2019-05-09 12:36:29 - [MESSAGE][NOT_RUN] - NOT_RUN: click(findTestObject("Object Repository/miscellaneous_OR/Page_Ontario Cannabis Store  Ontari/span_Indica Dominant"))

2019-05-09 12:36:29 - [TEST_STEP][FAILED] - click(findTestObject("Object Repository/miscellaneous_OR/Page_Ontario Cannabis Store  Ontari/i_Hoss Glass_icon--forward sli")): click(findTestObject("Object Repository/miscellaneous_OR/Page_Ontario Cannabis Store  Ontari/i_Hoss Glass_icon--forward sli")) FAILED.
Reason:
com.kms.katalon.core.exception.StepFailedException: Unable to click on object 'Object Repository/miscellaneous_OR/Page_Ontario Cannabis Store  Ontari/i_Hoss Glass_icon--forward sli' (Root cause: com.kms.katalon.core.webui.exception.WebElementNotFoundException: Web element with id: 'Object Repository/miscellaneous_OR/Page_Ontario Cannabis Store  Ontari/i_Hoss Glass_icon--forward sli' located by 'By.xpath: //div[@id='shopify-section-1549488936323']/section/div/div/i[2]' not found)
	at com.kms.katalon.core.keyword.internal.KeywordMain.stepFailed(KeywordMain.groovy:36)
	at com.kms.katalon.core.webui.keyword.internal.WebUIKeywordMain.stepFailed(WebUIKeywordMain.groovy:65)
	at com.kms.katalon.core.webui.keyword.internal.WebUIKeywordMain.runKeyword(WebUIKeywordMain.groovy:27)
	at com.kms.katalon.core.webui.keyword.builtin.ClickKeyword.click(ClickKeyword.groovy:86)
	at com.kms.katalon.core.webui.keyword.builtin.ClickKeyword.execute(ClickKeyword.groovy:67)
	at com.kms.katalon.core.keyword.internal.KeywordExecutor.executeKeywordForPlatform(KeywordExecutor.groovy:53)
	at com.kms.katalon.core.webui.keyword.WebUiBuiltInKeywords.click(WebUiBuiltInKeywords.groovy:616)
	at com.kms.katalon.core.webui.keyword.WebUiBuiltInKeywords$click$1.call(Unknown Source)
	at Miscellaneous.run(Miscellaneous:41)
	at com.kms.katalon.core.main.ScriptEngine.run(ScriptEngine.java:194)
	at com.kms.katalon.core.main.ScriptEngine.runScriptAsRawText(ScriptEngine.java:119)
	at com.kms.katalon.core.main.TestCaseExecutor.runScript(TestCaseExecutor.java:328)
	at com.kms.katalon.core.main.TestCaseExecutor.doExecute(TestCaseExecutor.java:319)
	at com.kms.katalon.core.main.TestCaseExecutor.processExecutionPhase(TestCaseExecutor.java:298)
	at com.kms.katalon.core.main.TestCaseExecutor.accessMainPhase(TestCaseExecutor.java:290)
	at com.kms.katalon.core.main.TestCaseExecutor.execute(TestCaseExecutor.java:224)
	at com.kms.katalon.core.main.TestSuiteExecutor.accessTestCaseMainPhase(TestSuiteExecutor.java:129)
	at com.kms.katalon.core.main.TestSuiteExecutor.accessTestSuiteMainPhase(TestSuiteExecutor.java:112)
	at com.kms.katalon.core.main.TestSuiteExecutor.execute(TestSuiteExecutor.java:81)
	at com.kms.katalon.core.main.TestCaseMain.startTestSuite(TestCaseMain.java:149)
	at com.kms.katalon.core.main.TestCaseMain$startTestSuite$0.call(Unknown Source)
	at TempTestSuite1557419302043.run(TempTestSuite1557419302043.groovy:36)


2019-05-09 12:36:59 - [MESSAGE][INFO] - Unable to find the element located by 'By.xpath: //div[@id='shopify-section-1549488936323']/section/div/div/i[2]'. Please recheck the objects properties to make sure the desired element is located. 

2019-05-09 12:37:00 - [MESSAGE][FAILED] - Unable to click on object 'Object Repository/miscellaneous_OR/Page_Ontario Cannabis Store  Ontari/i_Hoss Glass_icon--forward sli' (Root cause: com.kms.katalon.core.webui.exception.WebElementNotFoundException: Web element with id: 'Object Repository/miscellaneous_OR/Page_Ontario Cannabis Store  Ontari/i_Hoss Glass_icon--forward sli' located by 'By.xpath: //div[@id='shopify-section-1549488936323']/section/div/div/i[2]' not found)
[[ATTACHMENT|/Users/sumankompelly/git/Sample-OCS/Reports/OCS-09-05-2019 - Theme2/CRITICAL PATH - 09-05-2019/20190509_122822/1557419819979.png]]

2019-05-09 12:37:00 - [MESSAGE][FAILED] - click(findTestObject("Object Repository/miscellaneous_OR/Page_Ontario Cannabis Store  Ontari/i_Hoss Glass_icon--forward sli")) FAILED.
Reason:
com.kms.katalon.core.exception.StepFailedException: Unable to click on object 'Object Repository/miscellaneous_OR/Page_Ontario Cannabis Store  Ontari/i_Hoss Glass_icon--forward sli' (Root cause: com.kms.katalon.core.webui.exception.WebElementNotFoundException: Web element with id: 'Object Repository/miscellaneous_OR/Page_Ontario Cannabis Store  Ontari/i_Hoss Glass_icon--forward sli' located by 'By.xpath: //div[@id='shopify-section-1549488936323']/section/div/div/i[2]' not found)
	at com.kms.katalon.core.keyword.internal.KeywordMain.stepFailed(KeywordMain.groovy:36)
	at com.kms.katalon.core.webui.keyword.internal.WebUIKeywordMain.stepFailed(WebUIKeywordMain.groovy:65)
	at com.kms.katalon.core.webui.keyword.internal.WebUIKeywordMain.runKeyword(WebUIKeywordMain.groovy:27)
	at com.kms.katalon.core.webui.keyword.builtin.ClickKeyword.click(ClickKeyword.groovy:86)
	at com.kms.katalon.core.webui.keyword.builtin.ClickKeyword.execute(ClickKeyword.groovy:67)
	at com.kms.katalon.core.keyword.internal.KeywordExecutor.executeKeywordForPlatform(KeywordExecutor.groovy:53)
	at com.kms.katalon.core.webui.keyword.WebUiBuiltInKeywords.click(WebUiBuiltInKeywords.groovy:616)
	at com.kms.katalon.core.webui.keyword.WebUiBuiltInKeywords$click$1.call(Unknown Source)
	at Miscellaneous.run(Miscellaneous:41)
	at com.kms.katalon.core.main.ScriptEngine.run(ScriptEngine.java:194)
	at com.kms.katalon.core.main.ScriptEngine.runScriptAsRawText(ScriptEngine.java:119)
	at com.kms.katalon.core.main.TestCaseExecutor.runScript(TestCaseExecutor.java:328)
	at com.kms.katalon.core.main.TestCaseExecutor.doExecute(TestCaseExecutor.java:319)
	at com.kms.katalon.core.main.TestCaseExecutor.processExecutionPhase(TestCaseExecutor.java:298)
	at com.kms.katalon.core.main.TestCaseExecutor.accessMainPhase(TestCaseExecutor.java:290)
	at com.kms.katalon.core.main.TestCaseExecutor.execute(TestCaseExecutor.java:224)
	at com.kms.katalon.core.main.TestSuiteExecutor.accessTestCaseMainPhase(TestSuiteExecutor.java:129)
	at com.kms.katalon.core.main.TestSuiteExecutor.accessTestSuiteMainPhase(TestSuiteExecutor.java:112)
	at com.kms.katalon.core.main.TestSuiteExecutor.execute(TestSuiteExecutor.java:81)
	at com.kms.katalon.core.main.TestCaseMain.startTestSuite(TestCaseMain.java:149)
	at com.kms.katalon.core.main.TestCaseMain$startTestSuite$0.call(Unknown Source)
	at TempTestSuite1557419302043.run(TempTestSuite1557419302043.groovy:36)]]></system-out>
         <system-err><![CDATA[2019-05-09 12:36:14 - [TEST_CASE][FAILED] - Test Cases/OCS- CRITICAL PATH/Miscellaneous: Test Cases/OCS- CRITICAL PATH/Miscellaneous FAILED.
Reason:
com.kms.katalon.core.exception.StepFailedException: Unable to click on object 'Object Repository/miscellaneous_OR/Page_Ontario Cannabis Store  Ontari/i_Hoss Glass_icon--forward sli' (Root cause: com.kms.katalon.core.webui.exception.WebElementNotFoundException: Web element with id: 'Object Repository/miscellaneous_OR/Page_Ontario Cannabis Store  Ontari/i_Hoss Glass_icon--forward sli' located by 'By.xpath: //div[@id='shopify-section-1549488936323']/section/div/div/i[2]' not found)
	at com.kms.katalon.core.keyword.internal.KeywordMain.stepFailed(KeywordMain.groovy:36)
	at com.kms.katalon.core.webui.keyword.internal.WebUIKeywordMain.stepFailed(WebUIKeywordMain.groovy:65)
	at com.kms.katalon.core.webui.keyword.internal.WebUIKeywordMain.runKeyword(WebUIKeywordMain.groovy:27)
	at com.kms.katalon.core.webui.keyword.builtin.ClickKeyword.click(ClickKeyword.groovy:86)
	at com.kms.katalon.core.webui.keyword.builtin.ClickKeyword.execute(ClickKeyword.groovy:67)
	at com.kms.katalon.core.keyword.internal.KeywordExecutor.executeKeywordForPlatform(KeywordExecutor.groovy:53)
	at com.kms.katalon.core.webui.keyword.WebUiBuiltInKeywords.click(WebUiBuiltInKeywords.groovy:616)
	at com.kms.katalon.core.webui.keyword.WebUiBuiltInKeywords$click$1.call(Unknown Source)
	at Miscellaneous.run(Miscellaneous:41)
	at com.kms.katalon.core.main.ScriptEngine.run(ScriptEngine.java:194)
	at com.kms.katalon.core.main.ScriptEngine.runScriptAsRawText(ScriptEngine.java:119)
	at com.kms.katalon.core.main.TestCaseExecutor.runScript(TestCaseExecutor.java:328)
	at com.kms.katalon.core.main.TestCaseExecutor.doExecute(TestCaseExecutor.java:319)
	at com.kms.katalon.core.main.TestCaseExecutor.processExecutionPhase(TestCaseExecutor.java:298)
	at com.kms.katalon.core.main.TestCaseExecutor.accessMainPhase(TestCaseExecutor.java:290)
	at com.kms.katalon.core.main.TestCaseExecutor.execute(TestCaseExecutor.java:224)
	at com.kms.katalon.core.main.TestSuiteExecutor.accessTestCaseMainPhase(TestSuiteExecutor.java:129)
	at com.kms.katalon.core.main.TestSuiteExecutor.accessTestSuiteMainPhase(TestSuiteExecutor.java:112)
	at com.kms.katalon.core.main.TestSuiteExecutor.execute(TestSuiteExecutor.java:81)
	at com.kms.katalon.core.main.TestCaseMain.startTestSuite(TestCaseMain.java:149)
	at com.kms.katalon.core.main.TestCaseMain$startTestSuite$0.call(Unknown Source)
	at TempTestSuite1557419302043.run(TempTestSuite1557419302043.groovy:36)]]></system-err>
      </testcase>
      <system-out><![CDATA[2019-05-09 12:28:23 - [TEST_SUITE][FAILED] - CRITICAL PATH - 09-05-2019: Test Cases/OCS- CRITICAL PATH/Cart flyout-price comparison FAILED.
Reason:
com.kms.katalon.core.exception.StepFailedException: Unable to click on object 'Object Repository/OCS_CRITICAL PATH/cart flyout- price/Page_Ontario Cannabis Store  Ontari/span_Indica Dominant' (Root cause: org.openqa.selenium.ElementNotInteractableException: Element <span> could not be scrolled into view
Build info: version: '3.7.1', revision: '8a0099a', time: '2017-11-06T21:07:36.161Z'
System info: host: 'sumans-MacBook-Pro.local', ip: 'fe80:0:0:0:10eb:5cc2:8353:8144%en0', os.name: 'Mac OS X', os.arch: 'x86_64', os.version: '10.13.6', java.version: '1.8.0_181'
Driver info: com.kms.katalon.core.webui.driver.firefox.CGeckoDriver
Capabilities {acceptInsecureCerts: true, browserName: firefox, browserVersion: 66.0.3, javascriptEnabled: true, moz:accessibilityChecks: false, moz:geckodriverVersion: 0.23.0, moz:headless: false, moz:processID: 2203, moz:profile: /var/folders/1t/c55l8xzs6gq..., moz:shutdownTimeout: 60000, moz:useNonSpecCompliantPointerOrigin: false, moz:webdriverClick: true, pageLoadStrategy: normal, platform: MAC, platformName: MAC, platformVersion: 17.7.0, proxy: Proxy(direct), rotatable: false, setWindowRect: true, strictFileInteractability: false, timeouts: {implicit: 0, pageLoad: 300000, script: 30000}, unhandledPromptBehavior: dismiss and notify}
Session ID: 97bfd092-d3ec-6d45-9f69-fdf9a99abcc7)
	at com.kms.katalon.core.keyword.internal.KeywordMain.stepFailed(KeywordMain.groovy:36)
	at com.kms.katalon.core.webui.keyword.internal.WebUIKeywordMain.stepFailed(WebUIKeywordMain.groovy:65)
	at com.kms.katalon.core.webui.keyword.internal.WebUIKeywordMain.runKeyword(WebUIKeywordMain.groovy:27)
	at com.kms.katalon.core.webui.keyword.builtin.ClickKeyword.click(ClickKeyword.groovy:86)
	at com.kms.katalon.core.webui.keyword.builtin.ClickKeyword.execute(ClickKeyword.groovy:67)
	at com.kms.katalon.core.keyword.internal.KeywordExecutor.executeKeywordForPlatform(KeywordExecutor.groovy:53)
	at com.kms.katalon.core.webui.keyword.WebUiBuiltInKeywords.click(WebUiBuiltInKeywords.groovy:616)
	at com.kms.katalon.core.webui.keyword.WebUiBuiltInKeywords$click$1.call(Unknown Source)
	at Cart flyout-price comparison.run(Cart flyout-price comparison:65)
	at com.kms.katalon.core.main.ScriptEngine.run(ScriptEngine.java:194)
	at com.kms.katalon.core.main.ScriptEngine.runScriptAsRawText(ScriptEngine.java:119)
	at com.kms.katalon.core.main.TestCaseExecutor.runScript(TestCaseExecutor.java:328)
	at com.kms.katalon.core.main.TestCaseExecutor.doExecute(TestCaseExecutor.java:319)
	at com.kms.katalon.core.main.TestCaseExecutor.processExecutionPhase(TestCaseExecutor.java:298)
	at com.kms.katalon.core.main.TestCaseExecutor.accessMainPhase(TestCaseExecutor.java:290)
	at com.kms.katalon.core.main.TestCaseExecutor.execute(TestCaseExecutor.java:224)
	at com.kms.katalon.core.main.TestSuiteExecutor.accessTestCaseMainPhase(TestSuiteExecutor.java:129)
	at com.kms.katalon.core.main.TestSuiteExecutor.accessTestSuiteMainPhase(TestSuiteExecutor.java:112)
	at com.kms.katalon.core.main.TestSuiteExecutor.execute(TestSuiteExecutor.java:81)
	at com.kms.katalon.core.main.TestCaseMain.startTestSuite(TestCaseMain.java:149)
	at com.kms.katalon.core.main.TestCaseMain$startTestSuite$0.call(Unknown Source)
	at TempTestSuite1557419302043.run(TempTestSuite1557419302043.groovy:36)]]></system-out>
      <system-err><![CDATA[2019-05-09 12:28:23 - [TEST_SUITE][FAILED] - CRITICAL PATH - 09-05-2019: Test Cases/OCS- CRITICAL PATH/Cart flyout-price comparison FAILED.
Reason:
com.kms.katalon.core.exception.StepFailedException: Unable to click on object 'Object Repository/OCS_CRITICAL PATH/cart flyout- price/Page_Ontario Cannabis Store  Ontari/span_Indica Dominant' (Root cause: org.openqa.selenium.ElementNotInteractableException: Element <span> could not be scrolled into view
Build info: version: '3.7.1', revision: '8a0099a', time: '2017-11-06T21:07:36.161Z'
System info: host: 'sumans-MacBook-Pro.local', ip: 'fe80:0:0:0:10eb:5cc2:8353:8144%en0', os.name: 'Mac OS X', os.arch: 'x86_64', os.version: '10.13.6', java.version: '1.8.0_181'
Driver info: com.kms.katalon.core.webui.driver.firefox.CGeckoDriver
Capabilities {acceptInsecureCerts: true, browserName: firefox, browserVersion: 66.0.3, javascriptEnabled: true, moz:accessibilityChecks: false, moz:geckodriverVersion: 0.23.0, moz:headless: false, moz:processID: 2203, moz:profile: /var/folders/1t/c55l8xzs6gq..., moz:shutdownTimeout: 60000, moz:useNonSpecCompliantPointerOrigin: false, moz:webdriverClick: true, pageLoadStrategy: normal, platform: MAC, platformName: MAC, platformVersion: 17.7.0, proxy: Proxy(direct), rotatable: false, setWindowRect: true, strictFileInteractability: false, timeouts: {implicit: 0, pageLoad: 300000, script: 30000}, unhandledPromptBehavior: dismiss and notify}
Session ID: 97bfd092-d3ec-6d45-9f69-fdf9a99abcc7)
	at com.kms.katalon.core.keyword.internal.KeywordMain.stepFailed(KeywordMain.groovy:36)
	at com.kms.katalon.core.webui.keyword.internal.WebUIKeywordMain.stepFailed(WebUIKeywordMain.groovy:65)
	at com.kms.katalon.core.webui.keyword.internal.WebUIKeywordMain.runKeyword(WebUIKeywordMain.groovy:27)
	at com.kms.katalon.core.webui.keyword.builtin.ClickKeyword.click(ClickKeyword.groovy:86)
	at com.kms.katalon.core.webui.keyword.builtin.ClickKeyword.execute(ClickKeyword.groovy:67)
	at com.kms.katalon.core.keyword.internal.KeywordExecutor.executeKeywordForPlatform(KeywordExecutor.groovy:53)
	at com.kms.katalon.core.webui.keyword.WebUiBuiltInKeywords.click(WebUiBuiltInKeywords.groovy:616)
	at com.kms.katalon.core.webui.keyword.WebUiBuiltInKeywords$click$1.call(Unknown Source)
	at Cart flyout-price comparison.run(Cart flyout-price comparison:65)
	at com.kms.katalon.core.main.ScriptEngine.run(ScriptEngine.java:194)
	at com.kms.katalon.core.main.ScriptEngine.runScriptAsRawText(ScriptEngine.java:119)
	at com.kms.katalon.core.main.TestCaseExecutor.runScript(TestCaseExecutor.java:328)
	at com.kms.katalon.core.main.TestCaseExecutor.doExecute(TestCaseExecutor.java:319)
	at com.kms.katalon.core.main.TestCaseExecutor.processExecutionPhase(TestCaseExecutor.java:298)
	at com.kms.katalon.core.main.TestCaseExecutor.accessMainPhase(TestCaseExecutor.java:290)
	at com.kms.katalon.core.main.TestCaseExecutor.execute(TestCaseExecutor.java:224)
	at com.kms.katalon.core.main.TestSuiteExecutor.accessTestCaseMainPhase(TestSuiteExecutor.java:129)
	at com.kms.katalon.core.main.TestSuiteExecutor.accessTestSuiteMainPhase(TestSuiteExecutor.java:112)
	at com.kms.katalon.core.main.TestSuiteExecutor.execute(TestSuiteExecutor.java:81)
	at com.kms.katalon.core.main.TestCaseMain.startTestSuite(TestCaseMain.java:149)
	at com.kms.katalon.core.main.TestCaseMain$startTestSuite$0.call(Unknown Source)
	at TempTestSuite1557419302043.run(TempTestSuite1557419302043.groovy:36)]]></system-err>
   </testsuite>
</testsuites>
